Currently Loaded Modulefiles:
 1) gmp/6.2.1-gcc-13.2.0-lcnhyse <aL>             
 2) mpfr/4.2.0-gcc-13.2.0-yy2fkq5 <aL>            
 3) mpc/1.3.1-gcc-13.2.0-5kgoftq <aL>             
 4) zlib-ng/2.1.3-gcc-13.2.0-jetnfwa <aL>         
 5) zstd/1.5.5-gcc-13.2.0-t2lua3l <aL>            
 6) gcc/13.2.0-gcc-13.2.0-w55nxkl                 
 7) cmake/3.20.2-gcc-13.2.0-rp74vpv               
 8) libfabric/1.18.1-gcc-13.2.0-bijxar4 <aL>      
 9) numactl/2.0.14-gcc-13.2.0-etkf74e <aL>        
10) openssh/8.7p1-gcc-13.2.0-g55xmkx <aL>         
11) slurm/22.05.6-gcc-13.2.0-tchsn6y <aL>         
12) openmpi/4.1.5-gcc-13.2.0-24q3ap2              
13) libpciaccess/0.17-gcc-13.2.0-r2cijnn <aL>     
14) libiconv/1.17-gcc-13.2.0-ntov4te <aL>         
15) xz/5.4.1-gcc-13.2.0-4xkm5xo <aL>              
16) libxml2/2.10.3-gcc-13.2.0-fr6jcjz <aL>        
17) ncurses/6.4-gcc-13.2.0-4o2yj6n <aL>           
18) hwloc/2.9.1-gcc-13.2.0-gzvfolk <aL>           
19) intel-tbb/2021.9.0-gcc-13.2.0-6nwk3ml <aL>    
20) intel-oneapi-mkl/2023.2.0-gcc-13.2.0-ohvyk7g  

Key:
<module-tag>  <aL>=auto-loaded  
/central/groups/changroup/members/lppeng/holmium/run/paper_final/run_Dy/conf7/GS/run_1
Tue Apr 15 10:54:06 PDT 2025
hpc-35-03.cm.cluster
--------------------------------------------------------------------------
WARNING: There is at least one non-excluded one OpenFabrics device found,
but there are no active ports detected (or Open MPI was unable to use
them).  This is most certainly not what you wanted.  Check your
cables, subnet manager configuration, etc.  The openib BTL will be
ignored for this job.

  Local host: hpc-35-03
--------------------------------------------------------------------------
Apr 15 10:54:12 ####### 
                ####### libDMET   version 0.5
                ####### A periodic DMET library for lattice model and realistic solid.
                ####### 
#INFO: **** input file is /central/groups/changroup/members/lppeng/holmium/run/paper_final/run_Dy/conf7/GS/run_1/ground_state.py ****
'''
Example input to calculate the ground state of a molecular system
Include x2c relativistic effect
'''
import pyscf
from pyscf.scf.hf import RHF
from pyscf.dft.uks import UKS
from pyscf.dft.gks import GKS
from pyscf import lib
import os, sys
import numpy as np
import scipy.linalg as la
from scipy.linalg import sqrtm, eigh
from scipy.optimize import root
np.set_printoptions(precision=12, threshold=sys.maxsize, linewidth=190, suppress=True)
log = lib.logger.Logger(sys.stdout, 4)

if __name__ == "__main__":
    from pyscf import gto, scf, dft, lib
    from pyscf.lib import chkfile
    from stevens import cdft, project, utils
    from stevens.project import get_mj

    # system input
    geometry = 'DyCl6' # The name of geometry file minus ".xyz"
                       # Make sure first atom is the central magnetic atom 
    spin = 5 # number of unpaired electrons in a unit cell
    charge = -3 # charge of the molecule or a unit cell
    basis = {'default': '631g', 'Dy': 'sarc-dkh'} # specify basis for all elements here
    max_memory = 32000 # in the unit of MB. Recommend: memory available on a node - 10000 MB
    qmmm = True # add environment with classical charges

    # (c)HF/DFT parameters
    xc = 'HF' # functional
    smearing = None # To help HF/DFT converge, try e.g. 5e-2
    chkfname_guess = 'project' # initial guess. 'minao' for default PySCF guess; None for constrained HF; 
                # path to a checkpoint file to restart from a SCF solution.
                # 'project' to project from the SCF solution in a small basis to generate the initial guess
    chkfname_small = '../gs_small_%s.chk'%geometry # checkpoint file in a small basis. Used when chkfname_guess == 'project'
    basis_small = {'default': 'minao', 'Dy': 'cc-x2c-minao'}# the small basis associated with chkfname_small
    change_dm_mode = 'rotate' # None: no change
                          # 'positive_z': set the 4f block of dm so that J~(0,0,J)
                          # 'rotate': rotate the 4f block of dm by some angles
    atom_index = 0 # the index of central lanthanide atom
    occ_idx = 1
    noise = 0 # max noise on density matrix initial guess

    # constrained HF parameters for the initial guess
    ao_shell = 'f'
    lo_chkfname = '../../UHF/uhf_gs_%s_lo.h5'%geometry  
    multiplier0 = 0.1
    # END USER INPUT

    # set up system
    if os.path.isfile('../../' + geometry + ".xyz"):
        mol = gto.M(
            atom = '../../' + geometry + ".xyz",
            basis = basis,
            verbose = 4,
            spin = spin,
            charge = charge,
            max_memory = max_memory,
            )
        mol.set_common_origin(mol._atom[atom_index][1])
    else:
        raise ValueError("No .xyz file available!")
    log.info("N_elec %s, N_ao %s"%(mol.nelec, mol.nao))

    # generate HF/DFT initial guess
    if chkfname_guess == 'minao':
        mf = scf.GKS(mol).x2c()
        dm0 = mf.get_init_guess()
        print("Use PySCF default init guess")
    elif chkfname_guess is None:
        # run constrained DFT
        angles = cdft.sample_rotation('xyz', occ_idx, unit=20)
        from scipy.spatial.transform import Rotation
        direction = Rotation.from_euler('zyz', angles, degrees=False) @ [0,0,1]
        cmf = cdft.CGKS(mol, direction, multiplier_guess=multiplier0, max_cycle=300,
                atom_index=atom_index, ao_shell='f', lo_chkfname=lo_chkfname, xc=xc, smearing=smearing)
        cmf.kernel()
        dm0 = cmf._scf.make_rdm1()
        print("Contrained SCF solution as init guess")
    elif chkfname_guess == 'project':
        # project dm0 in a small basis to the larger basis 
        dm0 = utils.project_dm_from_small_basis(mol, basis_small, chkfname_small, change_dm_mode, atom_index=atom_index, occ_idx=occ_idx)
        print("Project wavefunction in a smaller basis to the target basis as init guess")
    else:
        mf = scf.GKS(mol).x2c()
        data = chkfile.load(chkfname_guess, 'scf')
        mf.__dict__.update(data)
        dm0 = mf.make_rdm1()
        mf.analyze(with_meta_lowdin=False)
        print("Load .chk file for init guess")
    if change_dm_mode is not None and not chkfname_guess == 'project': # when chkfname_guess == 'project', change in small basis
        dm0 = utils.change_dm_guess(mol, dm0, change_dm_mode, atom_index=atom_index, occ_idx=occ_idx)
    dm0 += (np.random.rand(*(dm0.shape)) - 0.5) * noise  
    print("J vector of initial guess", get_mj(mol, dm0, analyze=True))

    # run HF/DFT
    mf = scf.GKS(mol).x2c()
    mf.xc = xc
    if xc.upper() != 'HF':
        mf.collinear = 'mcol'
        mf.grids.level = 6 
    mf.chkfile = 'gs_' + geometry + '.chk' 
    mf.max_cycle = 1000 
    if smearing is not None:
        mf = scf.addons.smearing_(mf, sigma=smearing, method="fermi")
    if qmmm: # add the precomputed potential from environmental classical charges 
        get_hcore_original = mf.get_hcore
        hcore_mm = np.load('../../mm_hcore.npy')
        def get_hcore_mm(self, mol=None):
            return get_hcore_original(mol=mol) + la.block_diag(hcore_mm, hcore_mm)
        import types
        mf.get_hcore = types.MethodType(get_hcore_mm, mf)
    mf.kernel(dm0=dm0)
    dm = mf.make_rdm1()
    print("S vector", get_mj(mol, dm, include_L=False))
    print("L vector", get_mj(mol, dm, include_S=False))
    print("J vector", get_mj(mol, dm))
#INFO: ******************** input file end ********************


System: uname_result(system='Linux', node='hpc-35-03.cm.cluster', release='5.14.0-362.24.1.el9_3.x86_64', version='#1 SMP PREEMPT_DYNAMIC Thu Feb 15 07:18:13 EST 2024', machine='x86_64')  Threads 8
Python 3.11.6 | packaged by conda-forge | (main, Oct  3 2023, 10:40:35) [GCC 12.3.0]
numpy 1.26.0  scipy 1.11.3
Date: Tue Apr 15 10:54:14 2025
PySCF version 2.5.0
PySCF path  /home/lppeng/anaconda3/envs/nerscV25/lib/python3.11/site-packages/pyscf

[CONFIG] conf_file None
[INPUT] verbose = 4
[INPUT] num. atoms = 7
[INPUT] num. electrons = 171
[INPUT] charge = -3
[INPUT] spin (= nelec alpha-beta = 2S) = 5
[INPUT] symmetry False subgroup None
[INPUT] Mole.unit = angstrom
[INPUT] Symbol           X                Y                Z      unit          X                Y                Z       unit  Magmom
[INPUT]  1 Dy     0.000000000000   0.000000000000   0.000000000000 AA    0.000000000000   0.000000000000   0.000000000000 Bohr   0.0
[INPUT]  2 Cl     2.724000000000   0.000000000000   0.000000000000 AA    5.147613963315   0.000000000000   0.000000000000 Bohr   0.0
[INPUT]  3 Cl    -2.724000000000   0.000000000000   0.000000000000 AA   -5.147613963315   0.000000000000   0.000000000000 Bohr   0.0
[INPUT]  4 Cl     0.000000000000   2.724000000000   0.000000000000 AA    0.000000000000   5.147613963315   0.000000000000 Bohr   0.0
[INPUT]  5 Cl     0.000000000000  -2.724000000000   0.000000000000 AA    0.000000000000  -5.147613963315   0.000000000000 Bohr   0.0
[INPUT]  6 Cl     0.000000000000   0.000000000000   2.724000000000 AA    0.000000000000   0.000000000000   5.147613963315 Bohr   0.0
[INPUT]  7 Cl     0.000000000000   0.000000000000  -2.724000000000 AA    0.000000000000   0.000000000000  -5.147613963315 Bohr   0.0

nuclear repulsion = 1868.38919656687
number of shells = 84
number of NR pGTOs = 449
number of NR cGTOs = 198
basis = {'default': '631g', 'Dy': 'sarc-dkh'}
ecp = {}
CPU time:         3.92
N_elec (88, 83), N_ao 198
#INFO: **** input file is /central/groups/changroup/members/lppeng/holmium/run/paper_final/run_Dy/conf7/GS/run_1/ground_state.py ****
'''
Example input to calculate the ground state of a molecular system
Include x2c relativistic effect
'''
import pyscf
from pyscf.scf.hf import RHF
from pyscf.dft.uks import UKS
from pyscf.dft.gks import GKS
from pyscf import lib
import os, sys
import numpy as np
import scipy.linalg as la
from scipy.linalg import sqrtm, eigh
from scipy.optimize import root
np.set_printoptions(precision=12, threshold=sys.maxsize, linewidth=190, suppress=True)
log = lib.logger.Logger(sys.stdout, 4)

if __name__ == "__main__":
    from pyscf import gto, scf, dft, lib
    from pyscf.lib import chkfile
    from stevens import cdft, project, utils
    from stevens.project import get_mj

    # system input
    geometry = 'DyCl6' # The name of geometry file minus ".xyz"
                       # Make sure first atom is the central magnetic atom 
    spin = 5 # number of unpaired electrons in a unit cell
    charge = -3 # charge of the molecule or a unit cell
    basis = {'default': '631g', 'Dy': 'sarc-dkh'} # specify basis for all elements here
    max_memory = 32000 # in the unit of MB. Recommend: memory available on a node - 10000 MB
    qmmm = True # add environment with classical charges

    # (c)HF/DFT parameters
    xc = 'HF' # functional
    smearing = None # To help HF/DFT converge, try e.g. 5e-2
    chkfname_guess = 'project' # initial guess. 'minao' for default PySCF guess; None for constrained HF; 
                # path to a checkpoint file to restart from a SCF solution.
                # 'project' to project from the SCF solution in a small basis to generate the initial guess
    chkfname_small = '../gs_small_%s.chk'%geometry # checkpoint file in a small basis. Used when chkfname_guess == 'project'
    basis_small = {'default': 'minao', 'Dy': 'cc-x2c-minao'}# the small basis associated with chkfname_small
    change_dm_mode = 'rotate' # None: no change
                          # 'positive_z': set the 4f block of dm so that J~(0,0,J)
                          # 'rotate': rotate the 4f block of dm by some angles
    atom_index = 0 # the index of central lanthanide atom
    occ_idx = 1
    noise = 0 # max noise on density matrix initial guess

    # constrained HF parameters for the initial guess
    ao_shell = 'f'
    lo_chkfname = '../../UHF/uhf_gs_%s_lo.h5'%geometry  
    multiplier0 = 0.1
    # END USER INPUT

    # set up system
    if os.path.isfile('../../' + geometry + ".xyz"):
        mol = gto.M(
            atom = '../../' + geometry + ".xyz",
            basis = basis,
            verbose = 4,
            spin = spin,
            charge = charge,
            max_memory = max_memory,
            )
        mol.set_common_origin(mol._atom[atom_index][1])
    else:
        raise ValueError("No .xyz file available!")
    log.info("N_elec %s, N_ao %s"%(mol.nelec, mol.nao))

    # generate HF/DFT initial guess
    if chkfname_guess == 'minao':
        mf = scf.GKS(mol).x2c()
        dm0 = mf.get_init_guess()
        print("Use PySCF default init guess")
    elif chkfname_guess is None:
        # run constrained DFT
        angles = cdft.sample_rotation('xyz', occ_idx, unit=20)
        from scipy.spatial.transform import Rotation
        direction = Rotation.from_euler('zyz', angles, degrees=False) @ [0,0,1]
        cmf = cdft.CGKS(mol, direction, multiplier_guess=multiplier0, max_cycle=300,
                atom_index=atom_index, ao_shell='f', lo_chkfname=lo_chkfname, xc=xc, smearing=smearing)
        cmf.kernel()
        dm0 = cmf._scf.make_rdm1()
        print("Contrained SCF solution as init guess")
    elif chkfname_guess == 'project':
        # project dm0 in a small basis to the larger basis 
        dm0 = utils.project_dm_from_small_basis(mol, basis_small, chkfname_small, change_dm_mode, atom_index=atom_index, occ_idx=occ_idx)
        print("Project wavefunction in a smaller basis to the target basis as init guess")
    else:
        mf = scf.GKS(mol).x2c()
        data = chkfile.load(chkfname_guess, 'scf')
        mf.__dict__.update(data)
        dm0 = mf.make_rdm1()
        mf.analyze(with_meta_lowdin=False)
        print("Load .chk file for init guess")
    if change_dm_mode is not None and not chkfname_guess == 'project': # when chkfname_guess == 'project', change in small basis
        dm0 = utils.change_dm_guess(mol, dm0, change_dm_mode, atom_index=atom_index, occ_idx=occ_idx)
    dm0 += (np.random.rand(*(dm0.shape)) - 0.5) * noise  
    print("J vector of initial guess", get_mj(mol, dm0, analyze=True))

    # run HF/DFT
    mf = scf.GKS(mol).x2c()
    mf.xc = xc
    if xc.upper() != 'HF':
        mf.collinear = 'mcol'
        mf.grids.level = 6 
    mf.chkfile = 'gs_' + geometry + '.chk' 
    mf.max_cycle = 1000 
    if smearing is not None:
        mf = scf.addons.smearing_(mf, sigma=smearing, method="fermi")
    if qmmm: # add the precomputed potential from environmental classical charges 
        get_hcore_original = mf.get_hcore
        hcore_mm = np.load('../../mm_hcore.npy')
        def get_hcore_mm(self, mol=None):
            return get_hcore_original(mol=mol) + la.block_diag(hcore_mm, hcore_mm)
        import types
        mf.get_hcore = types.MethodType(get_hcore_mm, mf)
    mf.kernel(dm0=dm0)
    dm = mf.make_rdm1()
    print("S vector", get_mj(mol, dm, include_L=False))
    print("L vector", get_mj(mol, dm, include_S=False))
    print("J vector", get_mj(mol, dm))
#INFO: ******************** input file end ********************


System: uname_result(system='Linux', node='hpc-35-03.cm.cluster', release='5.14.0-362.24.1.el9_3.x86_64', version='#1 SMP PREEMPT_DYNAMIC Thu Feb 15 07:18:13 EST 2024', machine='x86_64')  Threads 8
Python 3.11.6 | packaged by conda-forge | (main, Oct  3 2023, 10:40:35) [GCC 12.3.0]
numpy 1.26.0  scipy 1.11.3
Date: Tue Apr 15 10:54:14 2025
PySCF version 2.5.0
PySCF path  /home/lppeng/anaconda3/envs/nerscV25/lib/python3.11/site-packages/pyscf

[CONFIG] conf_file None
[INPUT] verbose = 4
[INPUT] num. atoms = 7
[INPUT] num. electrons = 171
[INPUT] charge = -3
[INPUT] spin (= nelec alpha-beta = 2S) = 5
[INPUT] symmetry False subgroup None
[INPUT] Mole.unit = angstrom
[INPUT] Symbol           X                Y                Z      unit          X                Y                Z       unit  Magmom
[INPUT]  1 Dy     0.000000000000   0.000000000000   0.000000000000 AA    0.000000000000   0.000000000000   0.000000000000 Bohr   0.0
[INPUT]  2 Cl     2.724000000000   0.000000000000   0.000000000000 AA    5.147613963315   0.000000000000   0.000000000000 Bohr   0.0
[INPUT]  3 Cl    -2.724000000000   0.000000000000   0.000000000000 AA   -5.147613963315   0.000000000000   0.000000000000 Bohr   0.0
[INPUT]  4 Cl     0.000000000000   2.724000000000   0.000000000000 AA    0.000000000000   5.147613963315   0.000000000000 Bohr   0.0
[INPUT]  5 Cl     0.000000000000  -2.724000000000   0.000000000000 AA    0.000000000000  -5.147613963315   0.000000000000 Bohr   0.0
[INPUT]  6 Cl     0.000000000000   0.000000000000   2.724000000000 AA    0.000000000000   0.000000000000   5.147613963315 Bohr   0.0
[INPUT]  7 Cl     0.000000000000   0.000000000000  -2.724000000000 AA    0.000000000000   0.000000000000  -5.147613963315 Bohr   0.0

nuclear repulsion = 1868.38919656687
number of shells = 16
number of NR pGTOs = 511
number of NR cGTOs = 89
basis = {'default': 'minao', 'Dy': 'cc-x2c-minao'}
ecp = {}
CPU time:         4.12
basis {'default': '631g', 'Dy': 'sarc-dkh'} 198
basis {'default': 'minao', 'Dy': 'cc-x2c-minao'} 89
(3, 89, 89) 89
Haar random target direction [0.3090169943749474, 0.0, 0.9510565162951535]
Haar random total rotation [0.     0.3142 0.    ]
Rotated f-block dm by angles from +z [0.     0.3142 0.    ]
Project wavefunction in a smaller basis to the target basis as init guess
(3, 198, 198) 198
elemental J of ['Cl' 'Dy']
  Cl -0.0001+0.0000j 0.0000+0.0000j 0.0302+0.0000j 
  Dy 2.3047-0.0000j 0.0000+0.0000j 7.0766-0.0000j 
J vector of initial guess [ 2.3046-0.j -0.    -0.j  7.1068+0.j]


******** <class 'pyscf.x2c.x2c.X2C1eGKS'> ********
method = X2C1eGKS
initial guess = minao
damping factor = 0
level_shift factor = 0
DIIS = <class 'pyscf.scf.diis.CDIIS'>
diis_start_cycle = 1
diis_space = 8
diis_damp = 0
SCF conv_tol = 1e-09
SCF conv_tol_grad = None
SCF max_cycles = 1000
direct_scf = True
direct_scf_tol = 1e-13
chkfile to save SCF result = gs_DyCl6.chk
max_memory 32000 MB (current use 165 MB)
XC library pyscf.dft.libxc version 6.1.0
    S. Lehtola, C. Steigemann, M. J.T. Oliveira, and M. A.L. Marques.,  SoftwareX 7, 1–5 (2018)
XC functionals = HF

radial grids: 
    Treutler-Ahlrichs [JCP 102, 346 (1995); DOI:10.1063/1.469408] (M4) radial grids
    
becke partition: Becke, JCP 88, 2547 (1988); DOI:10.1063/1.454033
pruning grids: <function nwchem_prune at 0x7f022651de40>
grids dens level: 3
symmetrized grids: False
atomic radii adjust function: <function treutler_atomic_radii_adjust at 0x7f022651e480>
small_rho_cutoff = 1e-07
collinear = col


******** <class 'pyscf.x2c.x2c.SpinOrbitalX2CHelper'> ********
approx = 1e
xuncontract = 1
Overwritten attributes  get_hcore  of <class 'pyscf.x2c.x2c.X2C1eGKS'>
Set gradient conv threshold to 3.16228e-05
tot grids = 134432
init E= -14971.0755083498
  HOMO = -0.28252437059944  LUMO = -0.0596346855384769
cycle= 1 E= -14978.5670894467  delta_E= -7.49  |g|= 1.66  |ddm|= 2.39
  HOMO = -0.254797652317121  LUMO = 0.124238053737019
cycle= 2 E= -14978.6891510918  delta_E= -0.122  |g|= 0.774  |ddm|= 1.19
  HOMO = -0.322953105079047  LUMO = 0.122372318955321
cycle= 3 E= -14978.7608054444  delta_E= -0.0717  |g|= 0.279  |ddm|= 0.563
  HOMO = -0.322609945375621  LUMO = 0.122593936476132
cycle= 4 E= -14978.766790864  delta_E= -0.00599  |g|= 0.0269  |ddm|= 0.0921
  HOMO = -0.3237018351999  LUMO = 0.122832432778656
cycle= 5 E= -14978.7670889581  delta_E= -0.000298  |g|= 0.00654  |ddm|= 0.0296
  HOMO = -0.323489279774375  LUMO = 0.122834738062889
cycle= 6 E= -14978.767156615  delta_E= -6.77e-05  |g|= 0.00487  |ddm|= 0.0124
  HOMO = -0.323567168467729  LUMO = 0.122838978182813
cycle= 7 E= -14978.7672184416  delta_E= -6.18e-05  |g|= 0.0039  |ddm|= 0.0105
  HOMO = -0.323419117438381  LUMO = 0.122835667315182
cycle= 8 E= -14978.767292674  delta_E= -7.42e-05  |g|= 0.00245  |ddm|= 0.0171
  HOMO = -0.323496677000933  LUMO = 0.122833043351415
cycle= 9 E= -14978.7673321997  delta_E= -3.95e-05  |g|= 0.000866  |ddm|= 0.019
  HOMO = -0.32348488592573  LUMO = 0.122833298384268
cycle= 10 E= -14978.7673353337  delta_E= -3.13e-06  |g|= 0.000482  |ddm|= 0.00499
  HOMO = -0.323496874228551  LUMO = 0.122833919095245
cycle= 11 E= -14978.7673360512  delta_E= -7.17e-07  |g|= 0.000389  |ddm|= 0.0015
  HOMO = -0.323495807300781  LUMO = 0.122834751379165
cycle= 12 E= -14978.7673366567  delta_E= -6.05e-07  |g|= 0.000348  |ddm|= 0.00119
  HOMO = -0.323502351843296  LUMO = 0.122833997142555
cycle= 13 E= -14978.7673373298  delta_E= -6.73e-07  |g|= 0.000325  |ddm|= 0.0014
  HOMO = -0.323495513540767  LUMO = 0.122834197837099
cycle= 14 E= -14978.7673379136  delta_E= -5.84e-07  |g|= 0.000316  |ddm|= 0.00128
  HOMO = -0.323495931432071  LUMO = 0.122834082711006
cycle= 15 E= -14978.7673385154  delta_E= -6.02e-07  |g|= 0.000309  |ddm|= 0.00134
  HOMO = -0.323491960340323  LUMO = 0.122834435438768
cycle= 16 E= -14978.7673398043  delta_E= -1.29e-06  |g|= 0.000297  |ddm|= 0.00296
  HOMO = -0.323493755625748  LUMO = 0.122833985006282
cycle= 17 E= -14978.7673420715  delta_E= -2.27e-06  |g|= 0.000283  |ddm|= 0.00562
  HOMO = -0.323493245881317  LUMO = 0.122834200423438
cycle= 18 E= -14978.7673430415  delta_E= -9.7e-07  |g|= 0.000279  |ddm|= 0.00255
  HOMO = -0.323494050398297  LUMO = 0.122833994828292
cycle= 19 E= -14978.7673437158  delta_E= -6.74e-07  |g|= 0.000276  |ddm|= 0.00175
  HOMO = -0.323493604590221  LUMO = 0.122834176305762
cycle= 20 E= -14978.7673444901  delta_E= -7.74e-07  |g|= 0.000274  |ddm|= 0.00199
  HOMO = -0.323492441812701  LUMO = 0.122834097784206
cycle= 21 E= -14978.7673450968  delta_E= -6.07e-07  |g|= 0.000273  |ddm|= 0.00156
  HOMO = -0.323492521308251  LUMO = 0.12283410539571
cycle= 22 E= -14978.7673455451  delta_E= -4.48e-07  |g|= 0.000273  |ddm|= 0.00115
  HOMO = -0.323491789596427  LUMO = 0.122834086225467
cycle= 23 E= -14978.7673462601  delta_E= -7.15e-07  |g|= 0.000272  |ddm|= 0.00182
  HOMO = -0.323491958035256  LUMO = 0.122833994155457
cycle= 24 E= -14978.7673472971  delta_E= -1.04e-06  |g|= 0.000271  |ddm|= 0.00265
  HOMO = -0.323491575600153  LUMO = 0.122834037374046
cycle= 25 E= -14978.7673480905  delta_E= -7.93e-07  |g|= 0.000271  |ddm|= 0.00203
  HOMO = -0.323490602051943  LUMO = 0.122834030147984
cycle= 26 E= -14978.7673491323  delta_E= -1.04e-06  |g|= 0.00027  |ddm|= 0.00268
  HOMO = -0.32349005548442  LUMO = 0.122834031718277
cycle= 27 E= -14978.7673503424  delta_E= -1.21e-06  |g|= 0.00027  |ddm|= 0.00311
  HOMO = -0.32348907173727  LUMO = 0.122833967802211
cycle= 28 E= -14978.7673519009  delta_E= -1.56e-06  |g|= 0.000269  |ddm|= 0.00402
  HOMO = -0.323487938596958  LUMO = 0.122833949714022
cycle= 29 E= -14978.767353849  delta_E= -1.95e-06  |g|= 0.000269  |ddm|= 0.00504
  HOMO = -0.323487616040266  LUMO = 0.122833916760718
cycle= 30 E= -14978.7673568242  delta_E= -2.98e-06  |g|= 0.000268  |ddm|= 0.00772
  HOMO = -0.323483818246023  LUMO = 0.122834028940619
cycle= 31 E= -14978.7673623611  delta_E= -5.54e-06  |g|= 0.000267  |ddm|= 0.0145
  HOMO = -0.323483653107483  LUMO = 0.122833945257211
cycle= 32 E= -14978.7673653301  delta_E= -2.97e-06  |g|= 0.000265  |ddm|= 0.00781
  HOMO = -0.323477832606521  LUMO = 0.122833870176689
cycle= 33 E= -14978.7673758706  delta_E= -1.05e-05  |g|= 0.000279  |ddm|= 0.0282
  HOMO = -0.323477816986683  LUMO = 0.122833871652455
cycle= 34 E= -14978.767375765  delta_E= 1.06e-07  |g|= 0.000278  |ddm|= 0.000288
  HOMO = -0.323476578777581  LUMO = 0.122833849477345
cycle= 35 E= -14978.7673785977  delta_E= -2.83e-06  |g|= 0.000283  |ddm|= 0.00768
  HOMO = -0.323475798658366  LUMO = 0.122833824645338
cycle= 36 E= -14978.7673798785  delta_E= -1.28e-06  |g|= 0.000294  |ddm|= 0.00351
  HOMO = -0.323474854169784  LUMO = 0.122833824648024
cycle= 37 E= -14978.7673808472  delta_E= -9.69e-07  |g|= 0.000307  |ddm|= 0.00266
  HOMO = -0.323475945490634  LUMO = 0.122833831409343
cycle= 38 E= -14978.7673796847  delta_E= 1.16e-06  |g|= 0.000294  |ddm|= 0.00319
  HOMO = -0.323475906953165  LUMO = 0.122833853403661
cycle= 39 E= -14978.767379152  delta_E= 5.33e-07  |g|= 0.000289  |ddm|= 0.00147
  HOMO = -0.323479169257972  LUMO = 0.12283388415099
cycle= 40 E= -14978.7673743239  delta_E= 4.83e-06  |g|= 0.000261  |ddm|= 0.0131
  HOMO = -0.32347853610081  LUMO = 0.122833954684541
cycle= 41 E= -14978.767373599  delta_E= 7.25e-07  |g|= 0.00026  |ddm|= 0.00197
  HOMO = -0.323473480553116  LUMO = 0.122833937732849
cycle= 42 E= -14978.7673849545  delta_E= -1.14e-05  |g|= 0.000258  |ddm|= 0.0309
  HOMO = -0.323470175256689  LUMO = 0.122833867210538
cycle= 43 E= -14978.767391346  delta_E= -6.39e-06  |g|= 0.000275  |ddm|= 0.0178
  HOMO = -0.323470815579809  LUMO = 0.122833912561447
cycle= 44 E= -14978.7673911718  delta_E= 1.74e-07  |g|= 0.000252  |ddm|= 0.000595
  HOMO = -0.323466181567973  LUMO = 0.122833622896918
cycle= 45 E= -14978.7674028603  delta_E= -1.17e-05  |g|= 0.00044  |ddm|= 0.0339
  HOMO = -0.323467795074772  LUMO = 0.122833783314533
cycle= 46 E= -14978.7673995931  delta_E= 3.27e-06  |g|= 0.000284  |ddm|= 0.00994
  HOMO = -0.323464728904335  LUMO = 0.122833659343926
cycle= 47 E= -14978.7674069027  delta_E= -7.31e-06  |g|= 0.000262  |ddm|= 0.0215
  HOMO = -0.323465406155716  LUMO = 0.122833753164281
cycle= 48 E= -14978.7674049997  delta_E= 1.9e-06  |g|= 0.000264  |ddm|= 0.00574
  HOMO = -0.323462349159974  LUMO = 0.122833677218418
cycle= 49 E= -14978.7674103262  delta_E= -5.33e-06  |g|= 0.000249  |ddm|= 0.0159
  HOMO = -0.323464093573182  LUMO = 0.122833756218866
cycle= 50 E= -14978.7674088208  delta_E= 1.51e-06  |g|= 0.000345  |ddm|= 0.00471
  HOMO = -0.323459865950584  LUMO = 0.122833655671299
cycle= 51 E= -14978.7674141676  delta_E= -5.35e-06  |g|= 0.000276  |ddm|= 0.016
  HOMO = -0.323459415336915  LUMO = 0.122833601543275
cycle= 52 E= -14978.7674169821  delta_E= -2.81e-06  |g|= 0.000244  |ddm|= 0.00857
  HOMO = -0.323459792970347  LUMO = 0.122833654675602
cycle= 53 E= -14978.7674173629  delta_E= -3.81e-07  |g|= 0.000365  |ddm|= 0.00158
  HOMO = -0.323456244535844  LUMO = 0.122833498321207
cycle= 54 E= -14978.7674240752  delta_E= -6.71e-06  |g|= 0.000244  |ddm|= 0.0208
  HOMO = -0.323456856321984  LUMO = 0.122833559649325
cycle= 55 E= -14978.7674254222  delta_E= -1.35e-06  |g|= 0.000272  |ddm|= 0.00448
  HOMO = -0.323456710022576  LUMO = 0.122833530529606
cycle= 56 E= -14978.7674260226  delta_E= -6e-07  |g|= 0.000271  |ddm|= 0.00189
  HOMO = -0.323454195628694  LUMO = 0.122833452065922
cycle= 57 E= -14978.7674302221  delta_E= -4.2e-06  |g|= 0.000227  |ddm|= 0.0134
  HOMO = -0.32345284134421  LUMO = 0.122833350856165
cycle= 58 E= -14978.7674335594  delta_E= -3.34e-06  |g|= 0.000223  |ddm|= 0.0108
  HOMO = -0.323447927473107  LUMO = 0.122833132909425
cycle= 59 E= -14978.7674454175  delta_E= -1.19e-05  |g|= 0.000229  |ddm|= 0.04
  HOMO = -0.323443567066503  LUMO = 0.122832932179651
cycle= 60 E= -14978.7674561051  delta_E= -1.07e-05  |g|= 0.000236  |ddm|= 0.0383
  HOMO = -0.32344256527875  LUMO = 0.1228328751149
cycle= 61 E= -14978.7674589601  delta_E= -2.85e-06  |g|= 0.000227  |ddm|= 0.0107
  HOMO = -0.323439348041566  LUMO = 0.122832632232167
cycle= 62 E= -14978.7674651894  delta_E= -6.23e-06  |g|= 0.000278  |ddm|= 0.0243
  HOMO = -0.323442061626621  LUMO = 0.12283292147492
cycle= 63 E= -14978.7674606121  delta_E= 4.58e-06  |g|= 0.000402  |ddm|= 0.0179
  HOMO = -0.32343765275946  LUMO = 0.122832562785366
cycle= 64 E= -14978.7674695615  delta_E= -8.95e-06  |g|= 0.000233  |ddm|= 0.0356
  HOMO = -0.32343597588177  LUMO = 0.122832441409603
cycle= 65 E= -14978.7674719921  delta_E= -2.43e-06  |g|= 0.000263  |ddm|= 0.0103
  HOMO = -0.323433783657001  LUMO = 0.122832293893017
cycle= 66 E= -14978.7674779274  delta_E= -5.94e-06  |g|= 0.000325  |ddm|= 0.026
  HOMO = -0.323433004973454  LUMO = 0.122832377745302
cycle= 67 E= -14978.7674791177  delta_E= -1.19e-06  |g|= 0.000357  |ddm|= 0.00534
  HOMO = -0.323430700015786  LUMO = 0.122832126397618
cycle= 68 E= -14978.7674840296  delta_E= -4.91e-06  |g|= 0.000266  |ddm|= 0.0234
  HOMO = -0.323432879843561  LUMO = 0.122832301512228
cycle= 69 E= -14978.7674824596  delta_E= 1.57e-06  |g|= 0.000401  |ddm|= 0.00843
  HOMO = -0.323429007798404  LUMO = 0.122832075463932
cycle= 70 E= -14978.7674870496  delta_E= -4.59e-06  |g|= 0.000292  |ddm|= 0.022
  HOMO = -0.323429458580951  LUMO = 0.122832032001439
cycle= 71 E= -14978.7674914021  delta_E= -4.35e-06  |g|= 0.000248  |ddm|= 0.0221
  HOMO = -0.323423162437008  LUMO = 0.122831501617468
cycle= 72 E= -14978.7674987474  delta_E= -7.35e-06  |g|= 0.000699  |ddm|= 0.0444
  HOMO = -0.323425215483656  LUMO = 0.122831740355999
cycle= 73 E= -14978.767497605  delta_E= 1.14e-06  |g|= 0.000144  |ddm|= 0.0103
  HOMO = -0.323424220387787  LUMO = 0.122831614822298
cycle= 74 E= -14978.7675016808  delta_E= -4.08e-06  |g|= 0.000139  |ddm|= 0.025
  HOMO = -0.323423229493991  LUMO = 0.122831573387562
cycle= 75 E= -14978.7675036797  delta_E= -2e-06  |g|= 0.000125  |ddm|= 0.0132
  HOMO = -0.323422370766626  LUMO = 0.122831441031323
cycle= 76 E= -14978.7675061662  delta_E= -2.49e-06  |g|= 0.000134  |ddm|= 0.0177
  HOMO = -0.323421817620652  LUMO = 0.122831406578375
cycle= 77 E= -14978.767508834  delta_E= -2.67e-06  |g|= 0.00012  |ddm|= 0.0206
  HOMO = -0.323420212513618  LUMO = 0.12283133206905
cycle= 78 E= -14978.7675113765  delta_E= -2.54e-06  |g|= 0.000115  |ddm|= 0.0218
  HOMO = -0.323420232164821  LUMO = 0.12283127199935
cycle= 79 E= -14978.7675127497  delta_E= -1.37e-06  |g|= 0.000143  |ddm|= 0.0132
  HOMO = -0.323419599181386  LUMO = 0.122831326159274
cycle= 80 E= -14978.7675132847  delta_E= -5.35e-07  |g|= 0.000247  |ddm|= 0.00534
  HOMO = -0.323417666844355  LUMO = 0.122831145836269
cycle= 81 E= -14978.7675155285  delta_E= -2.24e-06  |g|= 0.000169  |ddm|= 0.025
  HOMO = -0.323418914266796  LUMO = 0.122831204205356
cycle= 82 E= -14978.7675157773  delta_E= -2.49e-07  |g|= 7.3e-05  |ddm|= 0.00266
  HOMO = -0.32341757023307  LUMO = 0.122831105450928
cycle= 83 E= -14978.7675169569  delta_E= -1.18e-06  |g|= 0.000125  |ddm|= 0.0157
  HOMO = -0.323417900066196  LUMO = 0.122831115491804
cycle= 84 E= -14978.7675178391  delta_E= -8.82e-07  |g|= 5.73e-05  |ddm|= 0.0128
  HOMO = -0.323417430595378  LUMO = 0.122831063635641
cycle= 85 E= -14978.7675186057  delta_E= -7.67e-07  |g|= 8.65e-05  |ddm|= 0.0131
  HOMO = -0.323417341653781  LUMO = 0.12283109835612
cycle= 86 E= -14978.7675189614  delta_E= -3.56e-07  |g|= 6.66e-05  |ddm|= 0.00658
  HOMO = -0.323417277648937  LUMO = 0.122831076285367
cycle= 87 E= -14978.7675193169  delta_E= -3.55e-07  |g|= 4.43e-05  |ddm|= 0.00735
  HOMO = -0.323417167201696  LUMO = 0.122831081896338
cycle= 88 E= -14978.7675195071  delta_E= -1.9e-07  |g|= 8.13e-05  |ddm|= 0.00422
  HOMO = -0.323416865822476  LUMO = 0.122831049579685
cycle= 89 E= -14978.7675197308  delta_E= -2.24e-07  |g|= 3.59e-05  |ddm|= 0.0053
  HOMO = -0.32341710243317  LUMO = 0.12283106661904
cycle= 90 E= -14978.7675198059  delta_E= -7.51e-08  |g|= 5.44e-05  |ddm|= 0.00187
  HOMO = -0.323416905430264  LUMO = 0.122831046737234
cycle= 91 E= -14978.7675199416  delta_E= -1.36e-07  |g|= 3.09e-05  |ddm|= 0.00356
  HOMO = -0.323416980079832  LUMO = 0.122831054905453
cycle= 92 E= -14978.767520028  delta_E= -8.65e-08  |g|= 2.84e-05  |ddm|= 0.00239
  HOMO = -0.323416993752187  LUMO = 0.122831050480554
cycle= 93 E= -14978.7675201213  delta_E= -9.33e-08  |g|= 2.56e-05  |ddm|= 0.00273
  HOMO = -0.323416546977143  LUMO = 0.12283103333781
cycle= 94 E= -14978.7675202341  delta_E= -1.13e-07  |g|= 2.36e-05  |ddm|= 0.00353
  HOMO = -0.323416792896632  LUMO = 0.122831040838061
cycle= 95 E= -14978.7675202873  delta_E= -5.32e-08  |g|= 2.22e-05  |ddm|= 0.00176
  HOMO = -0.323416715114032  LUMO = 0.122831038104078
cycle= 96 E= -14978.7675203052  delta_E= -1.8e-08  |g|= 2.18e-05  |ddm|= 0.000608
  HOMO = -0.323416794779562  LUMO = 0.122831041839114
cycle= 97 E= -14978.7675203181  delta_E= -1.29e-08  |g|= 2.14e-05  |ddm|= 0.000439
  HOMO = -0.323416845546727  LUMO = 0.122831043901202
cycle= 98 E= -14978.7675203297  delta_E= -1.15e-08  |g|= 2.1e-05  |ddm|= 0.000392
  HOMO = -0.323416758141659  LUMO = 0.122831040057874
cycle= 99 E= -14978.767520346  delta_E= -1.63e-08  |g|= 2.07e-05  |ddm|= 0.000566
  HOMO = -0.323416717941193  LUMO = 0.12283103840951
cycle= 100 E= -14978.7675203677  delta_E= -2.17e-08  |g|= 2.02e-05  |ddm|= 0.000764
  HOMO = -0.323416655335727  LUMO = 0.122831031804751
cycle= 101 E= -14978.7675204166  delta_E= -4.89e-08  |g|= 1.93e-05  |ddm|= 0.00178
  HOMO = -0.323416598939051  LUMO = 0.122831029092179
cycle= 102 E= -14978.7675204666  delta_E= -5e-08  |g|= 1.85e-05  |ddm|= 0.00191
  HOMO = -0.323416765054773  LUMO = 0.12283103379666
cycle= 103 E= -14978.767520509  delta_E= -4.25e-08  |g|= 1.78e-05  |ddm|= 0.00171
  HOMO = -0.323416731499024  LUMO = 0.122831033346099
cycle= 104 E= -14978.7675205431  delta_E= -3.4e-08  |g|= 1.73e-05  |ddm|= 0.00143
  HOMO = -0.323416670963957  LUMO = 0.122831031713246
cycle= 105 E= -14978.7675205677  delta_E= -2.46e-08  |g|= 1.69e-05  |ddm|= 0.00107
  HOMO = -0.323416629126509  LUMO = 0.12283102789298
cycle= 106 E= -14978.7675205945  delta_E= -2.68e-08  |g|= 1.65e-05  |ddm|= 0.0012
  HOMO = -0.32341655810836  LUMO = 0.122831023665687
cycle= 107 E= -14978.7675206257  delta_E= -3.12e-08  |g|= 1.6e-05  |ddm|= 0.00144
  HOMO = -0.323416618846701  LUMO = 0.122831023441444
cycle= 108 E= -14978.7675206729  delta_E= -4.72e-08  |g|= 1.51e-05  |ddm|= 0.00232
  HOMO = -0.323416703964486  LUMO = 0.122831027746017
cycle= 109 E= -14978.7675207296  delta_E= -5.67e-08  |g|= 1.41e-05  |ddm|= 0.00304
  HOMO = -0.323416626479264  LUMO = 0.122831028778587
cycle= 110 E= -14978.7675207666  delta_E= -3.7e-08  |g|= 1.32e-05  |ddm|= 0.00218
  HOMO = -0.323416616717676  LUMO = 0.122831026591412
cycle= 111 E= -14978.7675208066  delta_E= -4e-08  |g|= 1.24e-05  |ddm|= 0.00259
  HOMO = -0.323416570332017  LUMO = 0.122831024101848
cycle= 112 E= -14978.7675208301  delta_E= -2.35e-08  |g|= 1.17e-05  |ddm|= 0.00166
  HOMO = -0.323416443170278  LUMO = 0.122831016346059
cycle= 113 E= -14978.7675208525  delta_E= -2.23e-08  |g|= 1.1e-05  |ddm|= 0.00171
  HOMO = -0.323416609125107  LUMO = 0.122831019898628
cycle= 114 E= -14978.7675208748  delta_E= -2.23e-08  |g|= 1.01e-05  |ddm|= 0.00186
  HOMO = -0.32341651146278  LUMO = 0.122831020737427
cycle= 115 E= -14978.7675208959  delta_E= -2.11e-08  |g|= 9.18e-06  |ddm|= 0.00196
  HOMO = -0.323416620233572  LUMO = 0.122831025123408
cycle= 116 E= -14978.7675209096  delta_E= -1.38e-08  |g|= 8.5e-06  |ddm|= 0.00142
  HOMO = -0.323416579576093  LUMO = 0.122831023838367
cycle= 117 E= -14978.7675209215  delta_E= -1.19e-08  |g|= 7.67e-06  |ddm|= 0.00134
  HOMO = -0.323416444034862  LUMO = 0.122831016069135
cycle= 118 E= -14978.7675209369  delta_E= -1.54e-08  |g|= 6.68e-06  |ddm|= 0.00199
  HOMO = -0.323416519795944  LUMO = 0.122831016558169
cycle= 119 E= -14978.7675209449  delta_E= -8.02e-09  |g|= 6.04e-06  |ddm|= 0.0012
  HOMO = -0.323416462375415  LUMO = 0.122831017232761
cycle= 120 E= -14978.7675209563  delta_E= -1.14e-08  |g|= 4.98e-06  |ddm|= 0.00201
  HOMO = -0.323416516800625  LUMO = 0.12283101756747
cycle= 121 E= -14978.7675209652  delta_E= -8.93e-09  |g|= 4.33e-06  |ddm|= 0.00207
  HOMO = -0.323416526716826  LUMO = 0.122831019730058
cycle= 122 E= -14978.7675209686  delta_E= -3.38e-09  |g|= 3.56e-06  |ddm|= 0.00101
  HOMO = -0.323416576146043  LUMO = 0.122831020569547
cycle= 123 E= -14978.7675209723  delta_E= -3.73e-09  |g|= 2.64e-06  |ddm|= 0.00147
  HOMO = -0.323416505886207  LUMO = 0.122831018926703
cycle= 124 E= -14978.7675209741  delta_E= -1.78e-09  |g|= 2e-06  |ddm|= 0.00101
  HOMO = -0.323416524367117  LUMO = 0.122831017814592
cycle= 125 E= -14978.7675209748  delta_E= -6.44e-10  |g|= 1.64e-06  |ddm|= 0.000517
  HOMO = -0.3234165056584  LUMO = 0.122831017905318
Extra cycle  E= -14978.7675209748  delta_E= -5.46e-11  |g|= 1.54e-06  |ddm|= 1.86e-06
converged SCF energy = -14978.7675209748  <S^2> = 8.2691537  2S+1 = 5.8375179
(3, 198, 198) 198
S vector [ 0.0016+0.j -0.    -0.j  2.3832-0.j]
(3, 198, 198) 198
L vector [ 0.0032-0.j -0.    -0.j  5.1165+0.j]
(3, 198, 198) 198
J vector [ 0.0048-0.j -0.    -0.j  7.4997+0.j]
Tue Apr 15 10:57:14 PDT 2025
