Currently Loaded Modulefiles:
 1) gmp/6.2.1-gcc-13.2.0-lcnhyse <aL>             
 2) mpfr/4.2.0-gcc-13.2.0-yy2fkq5 <aL>            
 3) mpc/1.3.1-gcc-13.2.0-5kgoftq <aL>             
 4) zlib-ng/2.1.3-gcc-13.2.0-jetnfwa <aL>         
 5) zstd/1.5.5-gcc-13.2.0-t2lua3l <aL>            
 6) gcc/13.2.0-gcc-13.2.0-w55nxkl                 
 7) cmake/3.20.2-gcc-13.2.0-rp74vpv               
 8) libfabric/1.18.1-gcc-13.2.0-bijxar4 <aL>      
 9) numactl/2.0.14-gcc-13.2.0-etkf74e <aL>        
10) openssh/8.7p1-gcc-13.2.0-g55xmkx <aL>         
11) slurm/22.05.6-gcc-13.2.0-tchsn6y <aL>         
12) openmpi/4.1.5-gcc-13.2.0-24q3ap2              
13) libpciaccess/0.17-gcc-13.2.0-r2cijnn <aL>     
14) libiconv/1.17-gcc-13.2.0-ntov4te <aL>         
15) xz/5.4.1-gcc-13.2.0-4xkm5xo <aL>              
16) libxml2/2.10.3-gcc-13.2.0-fr6jcjz <aL>        
17) ncurses/6.4-gcc-13.2.0-4o2yj6n <aL>           
18) hwloc/2.9.1-gcc-13.2.0-gzvfolk <aL>           
19) intel-tbb/2021.9.0-gcc-13.2.0-6nwk3ml <aL>    
20) intel-oneapi-mkl/2023.2.0-gcc-13.2.0-ohvyk7g  

Key:
<module-tag>  <aL>=auto-loaded  
/central/groups/changroup/members/lppeng/holmium/run/paper_final/run_Dy/conf7/GS/run_7
Tue Apr 15 10:54:09 PDT 2025
hpc-35-03.cm.cluster
--------------------------------------------------------------------------
WARNING: There was an error initializing an OpenFabrics device.

  Local host:   hpc-35-03
  Local device: mlx5_0
--------------------------------------------------------------------------
Apr 15 10:54:12 ####### 
                ####### libDMET   version 0.5
                ####### A periodic DMET library for lattice model and realistic solid.
                ####### 
#INFO: **** input file is /central/groups/changroup/members/lppeng/holmium/run/paper_final/run_Dy/conf7/GS/run_7/ground_state.py ****
'''
Example input to calculate the ground state of a molecular system
Include x2c relativistic effect
'''
import pyscf
from pyscf.scf.hf import RHF
from pyscf.dft.uks import UKS
from pyscf.dft.gks import GKS
from pyscf import lib
import os, sys
import numpy as np
import scipy.linalg as la
from scipy.linalg import sqrtm, eigh
from scipy.optimize import root
np.set_printoptions(precision=12, threshold=sys.maxsize, linewidth=190, suppress=True)
log = lib.logger.Logger(sys.stdout, 4)

if __name__ == "__main__":
    from pyscf import gto, scf, dft, lib
    from pyscf.lib import chkfile
    from stevens import cdft, project, utils
    from stevens.project import get_mj

    # system input
    geometry = 'DyCl6' # The name of geometry file minus ".xyz"
                       # Make sure first atom is the central magnetic atom 
    spin = 5 # number of unpaired electrons in a unit cell
    charge = -3 # charge of the molecule or a unit cell
    basis = {'default': '631g', 'Dy': 'sarc-dkh'} # specify basis for all elements here
    max_memory = 32000 # in the unit of MB. Recommend: memory available on a node - 10000 MB
    qmmm = True # add environment with classical charges

    # (c)HF/DFT parameters
    xc = 'HF' # functional
    smearing = None # To help HF/DFT converge, try e.g. 5e-2
    chkfname_guess = 'project' # initial guess. 'minao' for default PySCF guess; None for constrained HF; 
                # path to a checkpoint file to restart from a SCF solution.
                # 'project' to project from the SCF solution in a small basis to generate the initial guess
    chkfname_small = '../gs_small_%s.chk'%geometry # checkpoint file in a small basis. Used when chkfname_guess == 'project'
    basis_small = {'default': 'minao', 'Dy': 'cc-x2c-minao'}# the small basis associated with chkfname_small
    change_dm_mode = 'rotate' # None: no change
                          # 'positive_z': set the 4f block of dm so that J~(0,0,J)
                          # 'rotate': rotate the 4f block of dm by some angles
    atom_index = 0 # the index of central lanthanide atom
    occ_idx = 7
    noise = 0 # max noise on density matrix initial guess

    # constrained HF parameters for the initial guess
    ao_shell = 'f'
    lo_chkfname = '../../UHF/uhf_gs_%s_lo.h5'%geometry  
    multiplier0 = 0.1
    # END USER INPUT

    # set up system
    if os.path.isfile('../../' + geometry + ".xyz"):
        mol = gto.M(
            atom = '../../' + geometry + ".xyz",
            basis = basis,
            verbose = 4,
            spin = spin,
            charge = charge,
            max_memory = max_memory,
            )
        mol.set_common_origin(mol._atom[atom_index][1])
    else:
        raise ValueError("No .xyz file available!")
    log.info("N_elec %s, N_ao %s"%(mol.nelec, mol.nao))

    # generate HF/DFT initial guess
    if chkfname_guess == 'minao':
        mf = scf.GKS(mol).x2c()
        dm0 = mf.get_init_guess()
        print("Use PySCF default init guess")
    elif chkfname_guess is None:
        # run constrained DFT
        angles = cdft.sample_rotation('xyz', occ_idx, unit=20)
        from scipy.spatial.transform import Rotation
        direction = Rotation.from_euler('zyz', angles, degrees=False) @ [0,0,1]
        cmf = cdft.CGKS(mol, direction, multiplier_guess=multiplier0, max_cycle=300,
                atom_index=atom_index, ao_shell='f', lo_chkfname=lo_chkfname, xc=xc, smearing=smearing)
        cmf.kernel()
        dm0 = cmf._scf.make_rdm1()
        print("Contrained SCF solution as init guess")
    elif chkfname_guess == 'project':
        # project dm0 in a small basis to the larger basis 
        dm0 = utils.project_dm_from_small_basis(mol, basis_small, chkfname_small, change_dm_mode, atom_index=atom_index, occ_idx=occ_idx)
        print("Project wavefunction in a smaller basis to the target basis as init guess")
    else:
        mf = scf.GKS(mol).x2c()
        data = chkfile.load(chkfname_guess, 'scf')
        mf.__dict__.update(data)
        dm0 = mf.make_rdm1()
        mf.analyze(with_meta_lowdin=False)
        print("Load .chk file for init guess")
    if change_dm_mode is not None and not chkfname_guess == 'project': # when chkfname_guess == 'project', change in small basis
        dm0 = utils.change_dm_guess(mol, dm0, change_dm_mode, atom_index=atom_index, occ_idx=occ_idx)
    dm0 += (np.random.rand(*(dm0.shape)) - 0.5) * noise  
    print("J vector of initial guess", get_mj(mol, dm0, analyze=True))

    # run HF/DFT
    mf = scf.GKS(mol).x2c()
    mf.xc = xc
    if xc.upper() != 'HF':
        mf.collinear = 'mcol'
        mf.grids.level = 6 
    mf.chkfile = 'gs_' + geometry + '.chk' 
    mf.max_cycle = 1000 
    if smearing is not None:
        mf = scf.addons.smearing_(mf, sigma=smearing, method="fermi")
    if qmmm: # add the precomputed potential from environmental classical charges 
        get_hcore_original = mf.get_hcore
        hcore_mm = np.load('../../mm_hcore.npy')
        def get_hcore_mm(self, mol=None):
            return get_hcore_original(mol=mol) + la.block_diag(hcore_mm, hcore_mm)
        import types
        mf.get_hcore = types.MethodType(get_hcore_mm, mf)
    mf.kernel(dm0=dm0)
    dm = mf.make_rdm1()
    print("S vector", get_mj(mol, dm, include_L=False))
    print("L vector", get_mj(mol, dm, include_S=False))
    print("J vector", get_mj(mol, dm))
#INFO: ******************** input file end ********************


System: uname_result(system='Linux', node='hpc-35-03.cm.cluster', release='5.14.0-362.24.1.el9_3.x86_64', version='#1 SMP PREEMPT_DYNAMIC Thu Feb 15 07:18:13 EST 2024', machine='x86_64')  Threads 8
Python 3.11.6 | packaged by conda-forge | (main, Oct  3 2023, 10:40:35) [GCC 12.3.0]
numpy 1.26.0  scipy 1.11.3
Date: Tue Apr 15 10:54:14 2025
PySCF version 2.5.0
PySCF path  /home/lppeng/anaconda3/envs/nerscV25/lib/python3.11/site-packages/pyscf

[CONFIG] conf_file None
[INPUT] verbose = 4
[INPUT] num. atoms = 7
[INPUT] num. electrons = 171
[INPUT] charge = -3
[INPUT] spin (= nelec alpha-beta = 2S) = 5
[INPUT] symmetry False subgroup None
[INPUT] Mole.unit = angstrom
[INPUT] Symbol           X                Y                Z      unit          X                Y                Z       unit  Magmom
[INPUT]  1 Dy     0.000000000000   0.000000000000   0.000000000000 AA    0.000000000000   0.000000000000   0.000000000000 Bohr   0.0
[INPUT]  2 Cl     2.724000000000   0.000000000000   0.000000000000 AA    5.147613963315   0.000000000000   0.000000000000 Bohr   0.0
[INPUT]  3 Cl    -2.724000000000   0.000000000000   0.000000000000 AA   -5.147613963315   0.000000000000   0.000000000000 Bohr   0.0
[INPUT]  4 Cl     0.000000000000   2.724000000000   0.000000000000 AA    0.000000000000   5.147613963315   0.000000000000 Bohr   0.0
[INPUT]  5 Cl     0.000000000000  -2.724000000000   0.000000000000 AA    0.000000000000  -5.147613963315   0.000000000000 Bohr   0.0
[INPUT]  6 Cl     0.000000000000   0.000000000000   2.724000000000 AA    0.000000000000   0.000000000000   5.147613963315 Bohr   0.0
[INPUT]  7 Cl     0.000000000000   0.000000000000  -2.724000000000 AA    0.000000000000   0.000000000000  -5.147613963315 Bohr   0.0

nuclear repulsion = 1868.38919656687
number of shells = 84
number of NR pGTOs = 449
number of NR cGTOs = 198
basis = {'default': '631g', 'Dy': 'sarc-dkh'}
ecp = {}
CPU time:         3.51
N_elec (88, 83), N_ao 198
#INFO: **** input file is /central/groups/changroup/members/lppeng/holmium/run/paper_final/run_Dy/conf7/GS/run_7/ground_state.py ****
'''
Example input to calculate the ground state of a molecular system
Include x2c relativistic effect
'''
import pyscf
from pyscf.scf.hf import RHF
from pyscf.dft.uks import UKS
from pyscf.dft.gks import GKS
from pyscf import lib
import os, sys
import numpy as np
import scipy.linalg as la
from scipy.linalg import sqrtm, eigh
from scipy.optimize import root
np.set_printoptions(precision=12, threshold=sys.maxsize, linewidth=190, suppress=True)
log = lib.logger.Logger(sys.stdout, 4)

if __name__ == "__main__":
    from pyscf import gto, scf, dft, lib
    from pyscf.lib import chkfile
    from stevens import cdft, project, utils
    from stevens.project import get_mj

    # system input
    geometry = 'DyCl6' # The name of geometry file minus ".xyz"
                       # Make sure first atom is the central magnetic atom 
    spin = 5 # number of unpaired electrons in a unit cell
    charge = -3 # charge of the molecule or a unit cell
    basis = {'default': '631g', 'Dy': 'sarc-dkh'} # specify basis for all elements here
    max_memory = 32000 # in the unit of MB. Recommend: memory available on a node - 10000 MB
    qmmm = True # add environment with classical charges

    # (c)HF/DFT parameters
    xc = 'HF' # functional
    smearing = None # To help HF/DFT converge, try e.g. 5e-2
    chkfname_guess = 'project' # initial guess. 'minao' for default PySCF guess; None for constrained HF; 
                # path to a checkpoint file to restart from a SCF solution.
                # 'project' to project from the SCF solution in a small basis to generate the initial guess
    chkfname_small = '../gs_small_%s.chk'%geometry # checkpoint file in a small basis. Used when chkfname_guess == 'project'
    basis_small = {'default': 'minao', 'Dy': 'cc-x2c-minao'}# the small basis associated with chkfname_small
    change_dm_mode = 'rotate' # None: no change
                          # 'positive_z': set the 4f block of dm so that J~(0,0,J)
                          # 'rotate': rotate the 4f block of dm by some angles
    atom_index = 0 # the index of central lanthanide atom
    occ_idx = 7
    noise = 0 # max noise on density matrix initial guess

    # constrained HF parameters for the initial guess
    ao_shell = 'f'
    lo_chkfname = '../../UHF/uhf_gs_%s_lo.h5'%geometry  
    multiplier0 = 0.1
    # END USER INPUT

    # set up system
    if os.path.isfile('../../' + geometry + ".xyz"):
        mol = gto.M(
            atom = '../../' + geometry + ".xyz",
            basis = basis,
            verbose = 4,
            spin = spin,
            charge = charge,
            max_memory = max_memory,
            )
        mol.set_common_origin(mol._atom[atom_index][1])
    else:
        raise ValueError("No .xyz file available!")
    log.info("N_elec %s, N_ao %s"%(mol.nelec, mol.nao))

    # generate HF/DFT initial guess
    if chkfname_guess == 'minao':
        mf = scf.GKS(mol).x2c()
        dm0 = mf.get_init_guess()
        print("Use PySCF default init guess")
    elif chkfname_guess is None:
        # run constrained DFT
        angles = cdft.sample_rotation('xyz', occ_idx, unit=20)
        from scipy.spatial.transform import Rotation
        direction = Rotation.from_euler('zyz', angles, degrees=False) @ [0,0,1]
        cmf = cdft.CGKS(mol, direction, multiplier_guess=multiplier0, max_cycle=300,
                atom_index=atom_index, ao_shell='f', lo_chkfname=lo_chkfname, xc=xc, smearing=smearing)
        cmf.kernel()
        dm0 = cmf._scf.make_rdm1()
        print("Contrained SCF solution as init guess")
    elif chkfname_guess == 'project':
        # project dm0 in a small basis to the larger basis 
        dm0 = utils.project_dm_from_small_basis(mol, basis_small, chkfname_small, change_dm_mode, atom_index=atom_index, occ_idx=occ_idx)
        print("Project wavefunction in a smaller basis to the target basis as init guess")
    else:
        mf = scf.GKS(mol).x2c()
        data = chkfile.load(chkfname_guess, 'scf')
        mf.__dict__.update(data)
        dm0 = mf.make_rdm1()
        mf.analyze(with_meta_lowdin=False)
        print("Load .chk file for init guess")
    if change_dm_mode is not None and not chkfname_guess == 'project': # when chkfname_guess == 'project', change in small basis
        dm0 = utils.change_dm_guess(mol, dm0, change_dm_mode, atom_index=atom_index, occ_idx=occ_idx)
    dm0 += (np.random.rand(*(dm0.shape)) - 0.5) * noise  
    print("J vector of initial guess", get_mj(mol, dm0, analyze=True))

    # run HF/DFT
    mf = scf.GKS(mol).x2c()
    mf.xc = xc
    if xc.upper() != 'HF':
        mf.collinear = 'mcol'
        mf.grids.level = 6 
    mf.chkfile = 'gs_' + geometry + '.chk' 
    mf.max_cycle = 1000 
    if smearing is not None:
        mf = scf.addons.smearing_(mf, sigma=smearing, method="fermi")
    if qmmm: # add the precomputed potential from environmental classical charges 
        get_hcore_original = mf.get_hcore
        hcore_mm = np.load('../../mm_hcore.npy')
        def get_hcore_mm(self, mol=None):
            return get_hcore_original(mol=mol) + la.block_diag(hcore_mm, hcore_mm)
        import types
        mf.get_hcore = types.MethodType(get_hcore_mm, mf)
    mf.kernel(dm0=dm0)
    dm = mf.make_rdm1()
    print("S vector", get_mj(mol, dm, include_L=False))
    print("L vector", get_mj(mol, dm, include_S=False))
    print("J vector", get_mj(mol, dm))
#INFO: ******************** input file end ********************


System: uname_result(system='Linux', node='hpc-35-03.cm.cluster', release='5.14.0-362.24.1.el9_3.x86_64', version='#1 SMP PREEMPT_DYNAMIC Thu Feb 15 07:18:13 EST 2024', machine='x86_64')  Threads 8
Python 3.11.6 | packaged by conda-forge | (main, Oct  3 2023, 10:40:35) [GCC 12.3.0]
numpy 1.26.0  scipy 1.11.3
Date: Tue Apr 15 10:54:14 2025
PySCF version 2.5.0
PySCF path  /home/lppeng/anaconda3/envs/nerscV25/lib/python3.11/site-packages/pyscf

[CONFIG] conf_file None
[INPUT] verbose = 4
[INPUT] num. atoms = 7
[INPUT] num. electrons = 171
[INPUT] charge = -3
[INPUT] spin (= nelec alpha-beta = 2S) = 5
[INPUT] symmetry False subgroup None
[INPUT] Mole.unit = angstrom
[INPUT] Symbol           X                Y                Z      unit          X                Y                Z       unit  Magmom
[INPUT]  1 Dy     0.000000000000   0.000000000000   0.000000000000 AA    0.000000000000   0.000000000000   0.000000000000 Bohr   0.0
[INPUT]  2 Cl     2.724000000000   0.000000000000   0.000000000000 AA    5.147613963315   0.000000000000   0.000000000000 Bohr   0.0
[INPUT]  3 Cl    -2.724000000000   0.000000000000   0.000000000000 AA   -5.147613963315   0.000000000000   0.000000000000 Bohr   0.0
[INPUT]  4 Cl     0.000000000000   2.724000000000   0.000000000000 AA    0.000000000000   5.147613963315   0.000000000000 Bohr   0.0
[INPUT]  5 Cl     0.000000000000  -2.724000000000   0.000000000000 AA    0.000000000000  -5.147613963315   0.000000000000 Bohr   0.0
[INPUT]  6 Cl     0.000000000000   0.000000000000   2.724000000000 AA    0.000000000000   0.000000000000   5.147613963315 Bohr   0.0
[INPUT]  7 Cl     0.000000000000   0.000000000000  -2.724000000000 AA    0.000000000000   0.000000000000  -5.147613963315 Bohr   0.0

nuclear repulsion = 1868.38919656687
number of shells = 16
number of NR pGTOs = 511
number of NR cGTOs = 89
basis = {'default': 'minao', 'Dy': 'cc-x2c-minao'}
ecp = {}
CPU time:         3.71
basis {'default': '631g', 'Dy': 'sarc-dkh'} 198
basis {'default': 'minao', 'Dy': 'cc-x2c-minao'} 89
(3, 89, 89) 89
Haar random target direction [0.8090169943749475, 0.0, -0.587785252292473]
Haar random total rotation [0.     2.1991 0.    ]
Rotated f-block dm by angles from +z [0.     2.1991 0.    ]
Project wavefunction in a smaller basis to the target basis as init guess
(3, 198, 198) 198
elemental J of ['Cl' 'Dy']
  Cl -0.0005+0.0000j 0.0000+0.0000j 0.0314-0.0000j 
  Dy 6.0341-0.0000j 0.0000+0.0000j -4.4008+0.0000j 
J vector of initial guess [ 6.0335-0.j -0.    -0.j -4.3694+0.j]


******** <class 'pyscf.x2c.x2c.X2C1eGKS'> ********
method = X2C1eGKS
initial guess = minao
damping factor = 0
level_shift factor = 0
DIIS = <class 'pyscf.scf.diis.CDIIS'>
diis_start_cycle = 1
diis_space = 8
diis_damp = 0
SCF conv_tol = 1e-09
SCF conv_tol_grad = None
SCF max_cycles = 1000
direct_scf = True
direct_scf_tol = 1e-13
chkfile to save SCF result = gs_DyCl6.chk
max_memory 32000 MB (current use 153 MB)
XC library pyscf.dft.libxc version 6.1.0
    S. Lehtola, C. Steigemann, M. J.T. Oliveira, and M. A.L. Marques.,  SoftwareX 7, 1–5 (2018)
XC functionals = HF

radial grids: 
    Treutler-Ahlrichs [JCP 102, 346 (1995); DOI:10.1063/1.469408] (M4) radial grids
    
becke partition: Becke, JCP 88, 2547 (1988); DOI:10.1063/1.454033
pruning grids: <function nwchem_prune at 0x7f5ed2831e40>
grids dens level: 3
symmetrized grids: False
atomic radii adjust function: <function treutler_atomic_radii_adjust at 0x7f5ed2832480>
small_rho_cutoff = 1e-07
collinear = col


******** <class 'pyscf.x2c.x2c.SpinOrbitalX2CHelper'> ********
approx = 1e
xuncontract = 1
Overwritten attributes  get_hcore  of <class 'pyscf.x2c.x2c.X2C1eGKS'>
Set gradient conv threshold to 3.16228e-05
tot grids = 134432
init E= -14971.083114813
  HOMO = -0.28302682718475  LUMO = -0.0687839263363151
cycle= 1 E= -14978.6150820639  delta_E= -7.53  |g|= 1.62  |ddm|= 2.42
  HOMO = -0.304261329274534  LUMO = 0.124181416192052
cycle= 2 E= -14978.7135197456  delta_E= -0.0984  |g|= 0.646  |ddm|= 1.09
  HOMO = -0.322221099790664  LUMO = 0.122268716893788
cycle= 3 E= -14978.7607267476  delta_E= -0.0472  |g|= 0.272  |ddm|= 0.498
  HOMO = -0.322491075331216  LUMO = 0.122628711026158
cycle= 4 E= -14978.7665782954  delta_E= -0.00585  |g|= 0.0203  |ddm|= 0.0911
  HOMO = -0.323721440057756  LUMO = 0.122818881991328
cycle= 5 E= -14978.7667676633  delta_E= -0.000189  |g|= 0.00615  |ddm|= 0.0239
  HOMO = -0.323612404319073  LUMO = 0.122825174299002
cycle= 6 E= -14978.7668293803  delta_E= -6.17e-05  |g|= 0.00497  |ddm|= 0.0104
  HOMO = -0.323689718715707  LUMO = 0.122832770857303
cycle= 7 E= -14978.7669238567  delta_E= -9.45e-05  |g|= 0.00358  |ddm|= 0.0159
  HOMO = -0.323596179017531  LUMO = 0.122830263060625
cycle= 8 E= -14978.7670099682  delta_E= -8.61e-05  |g|= 0.00149  |ddm|= 0.0255
  HOMO = -0.323678450194806  LUMO = 0.122827362024592
cycle= 9 E= -14978.7670213767  delta_E= -1.14e-05  |g|= 0.000701  |ddm|= 0.0101
  HOMO = -0.323651425774268  LUMO = 0.122826432921169
cycle= 10 E= -14978.7670227909  delta_E= -1.41e-06  |g|= 0.000545  |ddm|= 0.00226
  HOMO = -0.323644865951544  LUMO = 0.122826692007543
cycle= 11 E= -14978.7670239876  delta_E= -1.2e-06  |g|= 0.000457  |ddm|= 0.00184
  HOMO = -0.323639615315218  LUMO = 0.122827131914158
cycle= 12 E= -14978.7670251192  delta_E= -1.13e-06  |g|= 0.000409  |ddm|= 0.00185
  HOMO = -0.323647312958442  LUMO = 0.122826543644363
cycle= 13 E= -14978.7670263469  delta_E= -1.23e-06  |g|= 0.000376  |ddm|= 0.00222
  HOMO = -0.323643534960673  LUMO = 0.122826805825289
cycle= 14 E= -14978.7670274939  delta_E= -1.15e-06  |g|= 0.00035  |ddm|= 0.00225
  HOMO = -0.323647637565791  LUMO = 0.122827038064272
cycle= 15 E= -14978.7670290807  delta_E= -1.59e-06  |g|= 0.000312  |ddm|= 0.00344
  HOMO = -0.323644953645575  LUMO = 0.12282678806051
cycle= 16 E= -14978.7670315698  delta_E= -2.49e-06  |g|= 0.000251  |ddm|= 0.00677
  HOMO = -0.32364111726634  LUMO = 0.122826990134694
cycle= 17 E= -14978.7670326113  delta_E= -1.04e-06  |g|= 0.00023  |ddm|= 0.0037
  HOMO = -0.323641069477119  LUMO = 0.122826508551437
cycle= 18 E= -14978.7670330766  delta_E= -4.65e-07  |g|= 0.000219  |ddm|= 0.00173
  HOMO = -0.323640122984144  LUMO = 0.122826459199213
cycle= 19 E= -14978.7670336201  delta_E= -5.44e-07  |g|= 0.000207  |ddm|= 0.00201
  HOMO = -0.323640198559766  LUMO = 0.122826594069305
cycle= 20 E= -14978.767034056  delta_E= -4.36e-07  |g|= 0.0002  |ddm|= 0.00165
  HOMO = -0.323639710051205  LUMO = 0.122826412186645
cycle= 21 E= -14978.7670344026  delta_E= -3.47e-07  |g|= 0.000195  |ddm|= 0.0013
  HOMO = -0.323639682546744  LUMO = 0.12282641169742
cycle= 22 E= -14978.7670349187  delta_E= -5.16e-07  |g|= 0.000189  |ddm|= 0.00195
  HOMO = -0.323637988600011  LUMO = 0.122826158849825
cycle= 23 E= -14978.7670354634  delta_E= -5.45e-07  |g|= 0.000184  |ddm|= 0.00214
  HOMO = -0.323637993187298  LUMO = 0.122826041740786
cycle= 24 E= -14978.7670357457  delta_E= -2.82e-07  |g|= 0.000183  |ddm|= 0.00111
  HOMO = -0.323637269756976  LUMO = 0.122826088756951
cycle= 25 E= -14978.7670359931  delta_E= -2.47e-07  |g|= 0.000182  |ddm|= 0.00096
  HOMO = -0.323637279892225  LUMO = 0.122826071387884
cycle= 26 E= -14978.7670362256  delta_E= -2.33e-07  |g|= 0.000181  |ddm|= 0.000897
  HOMO = -0.323637245904799  LUMO = 0.122826057502264
cycle= 27 E= -14978.7670363743  delta_E= -1.49e-07  |g|= 0.000181  |ddm|= 0.000571
  HOMO = -0.323637126434168  LUMO = 0.12282604911719
cycle= 28 E= -14978.7670365148  delta_E= -1.4e-07  |g|= 0.000181  |ddm|= 0.000539
  HOMO = -0.3236369065792  LUMO = 0.122826042290628
cycle= 29 E= -14978.7670366411  delta_E= -1.26e-07  |g|= 0.000181  |ddm|= 0.000484
  HOMO = -0.323636901756832  LUMO = 0.1228260443785
cycle= 30 E= -14978.7670366487  delta_E= -7.69e-09  |g|= 0.000181  |ddm|= 2.96e-05
  HOMO = -0.323636928356154  LUMO = 0.122826042642346
cycle= 31 E= -14978.767036639  delta_E= 9.79e-09  |g|= 0.000181  |ddm|= 4.89e-05
  HOMO = -0.323636918139801  LUMO = 0.122826038351164
cycle= 32 E= -14978.7670366444  delta_E= -5.48e-09  |g|= 0.000181  |ddm|= 2.84e-05
  HOMO = -0.323636891009298  LUMO = 0.122826040412547
cycle= 33 E= -14978.7670366732  delta_E= -2.88e-08  |g|= 0.000181  |ddm|= 0.000118
  HOMO = -0.323636899404923  LUMO = 0.122826037518629
cycle= 34 E= -14978.7670366855  delta_E= -1.23e-08  |g|= 0.000181  |ddm|= 4.99e-05
  HOMO = -0.323636940706634  LUMO = 0.122826030097576
cycle= 35 E= -14978.7670366864  delta_E= -9.02e-10  |g|= 0.000181  |ddm|= 2.8e-05
  HOMO = -0.323636899187499  LUMO = 0.122826031123387
cycle= 36 E= -14978.7670367003  delta_E= -1.39e-08  |g|= 0.000181  |ddm|= 6.83e-05
  HOMO = -0.323636853770105  LUMO = 0.122826028818958
cycle= 37 E= -14978.7670367282  delta_E= -2.79e-08  |g|= 0.000181  |ddm|= 0.000109
  HOMO = -0.323636903706443  LUMO = 0.122826025582883
cycle= 38 E= -14978.7670366776  delta_E= 5.06e-08  |g|= 0.000181  |ddm|= 0.000195
  HOMO = -0.323637008784502  LUMO = 0.122826027426596
cycle= 39 E= -14978.767036589  delta_E= 8.86e-08  |g|= 0.000181  |ddm|= 0.000341
  HOMO = -0.323637044248592  LUMO = 0.122826024151923
cycle= 40 E= -14978.7670364555  delta_E= 1.33e-07  |g|= 0.000181  |ddm|= 0.000514
  HOMO = -0.323637263582011  LUMO = 0.122825989048857
cycle= 41 E= -14978.767036252  delta_E= 2.04e-07  |g|= 0.000181  |ddm|= 0.000788
  HOMO = -0.323637471915763  LUMO = 0.122826015751246
cycle= 42 E= -14978.7670361672  delta_E= 8.48e-08  |g|= 0.000181  |ddm|= 0.000331
  HOMO = -0.3236375831474  LUMO = 0.122825999659295
cycle= 43 E= -14978.767036056  delta_E= 1.11e-07  |g|= 0.000181  |ddm|= 0.000431
  HOMO = -0.323637757388169  LUMO = 0.1228260023662
cycle= 44 E= -14978.7670359206  delta_E= 1.35e-07  |g|= 0.00018  |ddm|= 0.000526
  HOMO = -0.323638387227389  LUMO = 0.122826034635459
cycle= 45 E= -14978.7670353665  delta_E= 5.54e-07  |g|= 0.00018  |ddm|= 0.00216
  HOMO = -0.323639018456771  LUMO = 0.122825967563529
cycle= 46 E= -14978.7670343817  delta_E= 9.85e-07  |g|= 0.000179  |ddm|= 0.00386
  HOMO = -0.323640220261351  LUMO = 0.122825878303631
cycle= 47 E= -14978.7670335381  delta_E= 8.44e-07  |g|= 0.000178  |ddm|= 0.00335
  HOMO = -0.323641773853018  LUMO = 0.122825843104292
cycle= 48 E= -14978.7670323494  delta_E= 1.19e-06  |g|= 0.000176  |ddm|= 0.00477
  HOMO = -0.323642859034769  LUMO = 0.122825776864061
cycle= 49 E= -14978.7670313256  delta_E= 1.02e-06  |g|= 0.000175  |ddm|= 0.00417
  HOMO = -0.323644000465632  LUMO = 0.122825800444273
cycle= 50 E= -14978.7670306067  delta_E= 7.19e-07  |g|= 0.000174  |ddm|= 0.00295
  HOMO = -0.32364430161335  LUMO = 0.122825751067521
cycle= 51 E= -14978.7670300213  delta_E= 5.85e-07  |g|= 0.000173  |ddm|= 0.00242
  HOMO = -0.323644656380028  LUMO = 0.122825678551482
cycle= 52 E= -14978.7670294402  delta_E= 5.81e-07  |g|= 0.000172  |ddm|= 0.0024
  HOMO = -0.323645830307013  LUMO = 0.122825582370087
cycle= 53 E= -14978.7670284028  delta_E= 1.04e-06  |g|= 0.00017  |ddm|= 0.0043
  HOMO = -0.323647623445964  LUMO = 0.122825382843205
cycle= 54 E= -14978.7670263687  delta_E= 2.03e-06  |g|= 0.000167  |ddm|= 0.00852
  HOMO = -0.323649220556461  LUMO = 0.122825344312277
cycle= 55 E= -14978.7670253466  delta_E= 1.02e-06  |g|= 0.000166  |ddm|= 0.00432
  HOMO = -0.323650319554941  LUMO = 0.122825302887744
cycle= 56 E= -14978.7670247099  delta_E= 6.37e-07  |g|= 0.000165  |ddm|= 0.00272
  HOMO = -0.323650826152441  LUMO = 0.122825261932505
cycle= 57 E= -14978.7670243332  delta_E= 3.77e-07  |g|= 0.000164  |ddm|= 0.00162
  HOMO = -0.323650917798983  LUMO = 0.122825233668
cycle= 58 E= -14978.7670241788  delta_E= 1.54e-07  |g|= 0.000163  |ddm|= 0.000681
  HOMO = -0.323651051519327  LUMO = 0.122825199057257
cycle= 59 E= -14978.7670238833  delta_E= 2.96e-07  |g|= 0.000163  |ddm|= 0.00129
  HOMO = -0.323651626458608  LUMO = 0.122825198872177
cycle= 60 E= -14978.7670233903  delta_E= 4.93e-07  |g|= 0.000162  |ddm|= 0.00214
  HOMO = -0.323653480874737  LUMO = 0.122825139178797
cycle= 61 E= -14978.7670219593  delta_E= 1.43e-06  |g|= 0.00016  |ddm|= 0.00626
  HOMO = -0.323656882775963  LUMO = 0.122825023036184
cycle= 62 E= -14978.7670196216  delta_E= 2.34e-06  |g|= 0.000158  |ddm|= 0.0104
  HOMO = -0.323658348937918  LUMO = 0.122824970885773
cycle= 63 E= -14978.7670183248  delta_E= 1.3e-06  |g|= 0.000156  |ddm|= 0.0059
  HOMO = -0.3236609205917  LUMO = 0.12282486939648
cycle= 64 E= -14978.7670163093  delta_E= 2.02e-06  |g|= 0.000155  |ddm|= 0.00935
  HOMO = -0.323667444399948  LUMO = 0.122824695361265
cycle= 65 E= -14978.7670112607  delta_E= 5.05e-06  |g|= 0.000162  |ddm|= 0.0245
  HOMO = -0.323667443648866  LUMO = 0.122824693911112
cycle= 66 E= -14978.7670112625  delta_E= -1.77e-09  |g|= 0.000162  |ddm|= 1.13e-05
  HOMO = -0.323671669305634  LUMO = 0.12282457964304
cycle= 67 E= -14978.7670080632  delta_E= 3.2e-06  |g|= 0.000176  |ddm|= 0.0166
  HOMO = -0.323672101643176  LUMO = 0.122824604369982
cycle= 68 E= -14978.7670079657  delta_E= 9.75e-08  |g|= 0.000162  |ddm|= 0.000576
  HOMO = -0.323676593830356  LUMO = 0.122824443247678
cycle= 69 E= -14978.7670043896  delta_E= 3.58e-06  |g|= 0.000211  |ddm|= 0.0196
  HOMO = -0.32367945732277  LUMO = 0.12282441973215
cycle= 70 E= -14978.7670022164  delta_E= 2.17e-06  |g|= 0.000205  |ddm|= 0.0127
  HOMO = -0.323683464363909  LUMO = 0.122824372610356
cycle= 71 E= -14978.7669999788  delta_E= 2.24e-06  |g|= 0.000282  |ddm|= 0.0134
  HOMO = -0.323683661417788  LUMO = 0.122824364788646
cycle= 72 E= -14978.7670000815  delta_E= -1.03e-07  |g|= 0.000315  |ddm|= 0.000733
  HOMO = -0.323679884130949  LUMO = 0.122824625527187
cycle= 73 E= -14978.7670031034  delta_E= -3.02e-06  |g|= 0.000146  |ddm|= 0.0177
  HOMO = -0.323690079116857  LUMO = 0.122824215137037
cycle= 74 E= -14978.7669966533  delta_E= 6.45e-06  |g|= 0.000431  |ddm|= 0.0394
  HOMO = -0.323685593593971  LUMO = 0.122824422417706
cycle= 75 E= -14978.7669999033  delta_E= -3.25e-06  |g|= 0.000129  |ddm|= 0.0201
  HOMO = -0.323688784306059  LUMO = 0.122824305023428
cycle= 76 E= -14978.7669979283  delta_E= 1.98e-06  |g|= 0.000242  |ddm|= 0.0124
  HOMO = -0.323684954638948  LUMO = 0.122824396764568
cycle= 77 E= -14978.7669998733  delta_E= -1.94e-06  |g|= 0.000147  |ddm|= 0.0122
  HOMO = -0.323685583179621  LUMO = 0.122824410986346
cycle= 78 E= -14978.7669995153  delta_E= 3.58e-07  |g|= 0.000148  |ddm|= 0.00221
  HOMO = -0.323684566480183  LUMO = 0.122824425040842
cycle= 79 E= -14978.7670002518  delta_E= -7.36e-07  |g|= 0.000136  |ddm|= 0.00454
  HOMO = -0.323683396921942  LUMO = 0.122824428525556
cycle= 80 E= -14978.7670007858  delta_E= -5.34e-07  |g|= 0.000126  |ddm|= 0.00326
  HOMO = -0.323684432846317  LUMO = 0.122824388591473
cycle= 81 E= -14978.7670000127  delta_E= 7.73e-07  |g|= 0.000123  |ddm|= 0.00474
  HOMO = -0.323685067462003  LUMO = 0.122824414896545
cycle= 82 E= -14978.7669997482  delta_E= 2.64e-07  |g|= 0.000116  |ddm|= 0.00165
  HOMO = -0.323685245333089  LUMO = 0.122824418997915
cycle= 83 E= -14978.7669996413  delta_E= 1.07e-07  |g|= 0.000115  |ddm|= 0.000669
  HOMO = -0.323686589983103  LUMO = 0.122824363833646
cycle= 84 E= -14978.7669985969  delta_E= 1.04e-06  |g|= 0.000112  |ddm|= 0.00664
  HOMO = -0.323689187197996  LUMO = 0.122824278140168
cycle= 85 E= -14978.7669970581  delta_E= 1.54e-06  |g|= 0.000111  |ddm|= 0.01
  HOMO = -0.323690288799538  LUMO = 0.122824242474115
cycle= 86 E= -14978.7669966294  delta_E= 4.29e-07  |g|= 0.000109  |ddm|= 0.00289
  HOMO = -0.323692260814193  LUMO = 0.122824163121636
cycle= 87 E= -14978.766995623  delta_E= 1.01e-06  |g|= 0.000108  |ddm|= 0.00687
  HOMO = -0.3236931726531  LUMO = 0.122824153643481
cycle= 88 E= -14978.7669951454  delta_E= 4.78e-07  |g|= 0.000107  |ddm|= 0.00341
  HOMO = -0.323695149484794  LUMO = 0.122824073647004
cycle= 89 E= -14978.766994048  delta_E= 1.1e-06  |g|= 0.000105  |ddm|= 0.00788
  HOMO = -0.323696175308323  LUMO = 0.122824031507678
cycle= 90 E= -14978.7669933575  delta_E= 6.9e-07  |g|= 0.000103  |ddm|= 0.00514
  HOMO = -0.323698848567367  LUMO = 0.12282399168755
cycle= 91 E= -14978.7669922119  delta_E= 1.15e-06  |g|= 9.92e-05  |ddm|= 0.00887
  HOMO = -0.323701645281487  LUMO = 0.122823891118912
cycle= 92 E= -14978.7669907489  delta_E= 1.46e-06  |g|= 9.84e-05  |ddm|= 0.0119
  HOMO = -0.323706528453403  LUMO = 0.12282384652868
cycle= 93 E= -14978.7669889514  delta_E= 1.8e-06  |g|= 8.92e-05  |ddm|= 0.0158
  HOMO = -0.32370998345254  LUMO = 0.122823789017488
cycle= 94 E= -14978.7669874879  delta_E= 1.46e-06  |g|= 8.7e-05  |ddm|= 0.014
  HOMO = -0.323712375657986  LUMO = 0.12282374673463
cycle= 95 E= -14978.7669864382  delta_E= 1.05e-06  |g|= 7.78e-05  |ddm|= 0.011
  HOMO = -0.323715502827056  LUMO = 0.122823679968241
cycle= 96 E= -14978.7669852424  delta_E= 1.2e-06  |g|= 9.7e-05  |ddm|= 0.0134
  HOMO = -0.323716566863801  LUMO = 0.122823655183222
cycle= 97 E= -14978.766984758  delta_E= 4.84e-07  |g|= 7.04e-05  |ddm|= 0.00595
  HOMO = -0.323718353080584  LUMO = 0.122823697039861
cycle= 98 E= -14978.766984391  delta_E= 3.67e-07  |g|= 7.83e-05  |ddm|= 0.00463
  HOMO = -0.323720032432808  LUMO = 0.122823618141052
cycle= 99 E= -14978.7669838688  delta_E= 5.22e-07  |g|= 9.16e-05  |ddm|= 0.00696
  HOMO = -0.323719988633265  LUMO = 0.122823645297648
cycle= 100 E= -14978.7669839079  delta_E= -3.91e-08  |g|= 6.06e-05  |ddm|= 0.00066
  HOMO = -0.323721155773955  LUMO = 0.122823637734801
cycle= 101 E= -14978.7669836447  delta_E= 2.63e-07  |g|= 5.72e-05  |ddm|= 0.00365
  HOMO = -0.323721591499647  LUMO = 0.122823550751505
cycle= 102 E= -14978.7669833444  delta_E= 3e-07  |g|= 5.55e-05  |ddm|= 0.00433
  HOMO = -0.323722734593074  LUMO = 0.122823517886071
cycle= 103 E= -14978.766982993  delta_E= 3.51e-07  |g|= 5.5e-05  |ddm|= 0.00526
  HOMO = -0.323723518958448  LUMO = 0.122823462583184
cycle= 104 E= -14978.7669827182  delta_E= 2.75e-07  |g|= 4.84e-05  |ddm|= 0.00428
  HOMO = -0.32372529240528  LUMO = 0.122823405118381
cycle= 105 E= -14978.7669823436  delta_E= 3.75e-07  |g|= 4.5e-05  |ddm|= 0.00622
  HOMO = -0.323725989109156  LUMO = 0.122823386197334
cycle= 106 E= -14978.7669822154  delta_E= 1.28e-07  |g|= 4.38e-05  |ddm|= 0.00222
  HOMO = -0.323726917640904  LUMO = 0.12282334962623
cycle= 107 E= -14978.7669819939  delta_E= 2.22e-07  |g|= 4.17e-05  |ddm|= 0.00398
  HOMO = -0.32372757547504  LUMO = 0.122823326487762
cycle= 108 E= -14978.7669818139  delta_E= 1.8e-07  |g|= 4.06e-05  |ddm|= 0.00339
  HOMO = -0.323728150578238  LUMO = 0.122823317117005
cycle= 109 E= -14978.7669816488  delta_E= 1.65e-07  |g|= 3.9e-05  |ddm|= 0.00322
  HOMO = -0.323730130890098  LUMO = 0.122823309535309
cycle= 110 E= -14978.766981241  delta_E= 4.08e-07  |g|= 3.6e-05  |ddm|= 0.00865
  HOMO = -0.323731804550864  LUMO = 0.122823321904345
cycle= 111 E= -14978.766980968  delta_E= 2.73e-07  |g|= 3.32e-05  |ddm|= 0.00646
  HOMO = -0.32373323555842  LUMO = 0.12282332472296
cycle= 112 E= -14978.7669807662  delta_E= 2.02e-07  |g|= 3.12e-05  |ddm|= 0.00527
  HOMO = -0.323735328602659  LUMO = 0.122823334745243
cycle= 113 E= -14978.766980448  delta_E= 3.18e-07  |g|= 2.97e-05  |ddm|= 0.00952
  HOMO = -0.323736973329245  LUMO = 0.122823343487517
cycle= 114 E= -14978.7669802164  delta_E= 2.32e-07  |g|= 2.63e-05  |ddm|= 0.00837
  HOMO = -0.323737809319266  LUMO = 0.122823358523434
cycle= 115 E= -14978.7669801304  delta_E= 8.6e-08  |g|= 2.37e-05  |ddm|= 0.00363
  HOMO = -0.323738739849075  LUMO = 0.122823367113788
cycle= 116 E= -14978.7669800268  delta_E= 1.04e-07  |g|= 1.97e-05  |ddm|= 0.00495
  HOMO = -0.323739954211019  LUMO = 0.122823381659105
cycle= 117 E= -14978.766979922  delta_E= 1.05e-07  |g|= 1.92e-05  |ddm|= 0.00603
  HOMO = -0.323740514576784  LUMO = 0.122823388934964
cycle= 118 E= -14978.766979885  delta_E= 3.7e-08  |g|= 1.59e-05  |ddm|= 0.00257
  HOMO = -0.323741131179022  LUMO = 0.122823391558477
cycle= 119 E= -14978.7669798467  delta_E= 3.82e-08  |g|= 1.43e-05  |ddm|= 0.00304
  HOMO = -0.323741671489587  LUMO = 0.122823393528671
cycle= 120 E= -14978.7669798155  delta_E= 3.12e-08  |g|= 1.36e-05  |ddm|= 0.00294
  HOMO = -0.323742082268221  LUMO = 0.122823397518745
cycle= 121 E= -14978.7669797949  delta_E= 2.06e-08  |g|= 1.2e-05  |ddm|= 0.00238
  HOMO = -0.323742256700303  LUMO = 0.12282339616996
cycle= 122 E= -14978.7669797893  delta_E= 5.56e-09  |g|= 1.24e-05  |ddm|= 0.000852
  HOMO = -0.323742616209546  LUMO = 0.122823389074243
cycle= 123 E= -14978.766979774  delta_E= 1.53e-08  |g|= 1.21e-05  |ddm|= 0.00233
  HOMO = -0.323742586167686  LUMO = 0.122823384508548
cycle= 124 E= -14978.7669797763  delta_E= -2.31e-09  |g|= 8.47e-06  |ddm|= 0.000218
  HOMO = -0.323742736355286  LUMO = 0.122823376261712
cycle= 125 E= -14978.7669797724  delta_E= 3.95e-09  |g|= 7.26e-06  |ddm|= 0.000719
  HOMO = -0.323742834676587  LUMO = 0.122823373613222
cycle= 126 E= -14978.7669797693  delta_E= 3.13e-09  |g|= 6.33e-06  |ddm|= 0.000628
  HOMO = -0.323743010223037  LUMO = 0.122823370516303
cycle= 127 E= -14978.7669797636  delta_E= 5.7e-09  |g|= 5.45e-06  |ddm|= 0.00123
  HOMO = -0.323743085105386  LUMO = 0.122823368323258
cycle= 128 E= -14978.7669797622  delta_E= 1.35e-09  |g|= 5.03e-06  |ddm|= 0.000341
  HOMO = -0.323743148149065  LUMO = 0.122823365577953
cycle= 129 E= -14978.7669797607  delta_E= 1.45e-09  |g|= 4.59e-06  |ddm|= 0.000385
  HOMO = -0.32374315735555  LUMO = 0.122823363107786
cycle= 130 E= -14978.7669797606  delta_E= 1.27e-10  |g|= 4.18e-06  |ddm|= 7.18e-05
  HOMO = -0.323743160061777  LUMO = 0.122823362435566
Extra cycle  E= -14978.7669797607  delta_E= -4e-11  |g|= 4.08e-06  |ddm|= 4.61e-06
converged SCF energy = -14978.7669797607  <S^2> = 8.2685465  2S+1 = 5.8373098
(3, 198, 198) 198
S vector [ 1.6907+0.j -0.    -0.j -1.6795-0.j]
(3, 198, 198) 198
L vector [ 3.6287+0.j -0.    +0.j -3.6037+0.j]
(3, 198, 198) 198
J vector [ 5.3194+0.j -0.    -0.j -5.2832+0.j]
Tue Apr 15 10:57:07 PDT 2025
