Currently Loaded Modulefiles:
 1) gmp/6.2.1-gcc-13.2.0-lcnhyse <aL>             
 2) mpfr/4.2.0-gcc-13.2.0-yy2fkq5 <aL>            
 3) mpc/1.3.1-gcc-13.2.0-5kgoftq <aL>             
 4) zlib-ng/2.1.3-gcc-13.2.0-jetnfwa <aL>         
 5) zstd/1.5.5-gcc-13.2.0-t2lua3l <aL>            
 6) gcc/13.2.0-gcc-13.2.0-w55nxkl                 
 7) cmake/3.20.2-gcc-13.2.0-rp74vpv               
 8) libfabric/1.18.1-gcc-13.2.0-bijxar4 <aL>      
 9) numactl/2.0.14-gcc-13.2.0-etkf74e <aL>        
10) openssh/8.7p1-gcc-13.2.0-g55xmkx <aL>         
11) slurm/22.05.6-gcc-13.2.0-tchsn6y <aL>         
12) openmpi/4.1.5-gcc-13.2.0-24q3ap2              
13) libpciaccess/0.17-gcc-13.2.0-r2cijnn <aL>     
14) libiconv/1.17-gcc-13.2.0-ntov4te <aL>         
15) xz/5.4.1-gcc-13.2.0-4xkm5xo <aL>              
16) libxml2/2.10.3-gcc-13.2.0-fr6jcjz <aL>        
17) ncurses/6.4-gcc-13.2.0-4o2yj6n <aL>           
18) hwloc/2.9.1-gcc-13.2.0-gzvfolk <aL>           
19) intel-tbb/2021.9.0-gcc-13.2.0-6nwk3ml <aL>    
20) intel-oneapi-mkl/2023.2.0-gcc-13.2.0-ohvyk7g  

Key:
<module-tag>  <aL>=auto-loaded  
/central/groups/changroup/members/lppeng/holmium/run/paper_final/run_Dy/conf7/GS/run_9
Tue Apr 15 10:54:09 PDT 2025
hpc-81-37.cm.cluster
--------------------------------------------------------------------------
WARNING: There was an error initializing an OpenFabrics device.

  Local host:   hpc-81-37
  Local device: mlx5_0
--------------------------------------------------------------------------
Apr 15 10:54:12 ####### 
                ####### libDMET   version 0.5
                ####### A periodic DMET library for lattice model and realistic solid.
                ####### 
#INFO: **** input file is /central/groups/changroup/members/lppeng/holmium/run/paper_final/run_Dy/conf7/GS/run_9/ground_state.py ****
'''
Example input to calculate the ground state of a molecular system
Include x2c relativistic effect
'''
import pyscf
from pyscf.scf.hf import RHF
from pyscf.dft.uks import UKS
from pyscf.dft.gks import GKS
from pyscf import lib
import os, sys
import numpy as np
import scipy.linalg as la
from scipy.linalg import sqrtm, eigh
from scipy.optimize import root
np.set_printoptions(precision=12, threshold=sys.maxsize, linewidth=190, suppress=True)
log = lib.logger.Logger(sys.stdout, 4)

if __name__ == "__main__":
    from pyscf import gto, scf, dft, lib
    from pyscf.lib import chkfile
    from stevens import cdft, project, utils
    from stevens.project import get_mj

    # system input
    geometry = 'DyCl6' # The name of geometry file minus ".xyz"
                       # Make sure first atom is the central magnetic atom 
    spin = 5 # number of unpaired electrons in a unit cell
    charge = -3 # charge of the molecule or a unit cell
    basis = {'default': '631g', 'Dy': 'sarc-dkh'} # specify basis for all elements here
    max_memory = 32000 # in the unit of MB. Recommend: memory available on a node - 10000 MB
    qmmm = True # add environment with classical charges

    # (c)HF/DFT parameters
    xc = 'HF' # functional
    smearing = None # To help HF/DFT converge, try e.g. 5e-2
    chkfname_guess = 'project' # initial guess. 'minao' for default PySCF guess; None for constrained HF; 
                # path to a checkpoint file to restart from a SCF solution.
                # 'project' to project from the SCF solution in a small basis to generate the initial guess
    chkfname_small = '../gs_small_%s.chk'%geometry # checkpoint file in a small basis. Used when chkfname_guess == 'project'
    basis_small = {'default': 'minao', 'Dy': 'cc-x2c-minao'}# the small basis associated with chkfname_small
    change_dm_mode = 'rotate' # None: no change
                          # 'positive_z': set the 4f block of dm so that J~(0,0,J)
                          # 'rotate': rotate the 4f block of dm by some angles
    atom_index = 0 # the index of central lanthanide atom
    occ_idx = 9
    noise = 0 # max noise on density matrix initial guess

    # constrained HF parameters for the initial guess
    ao_shell = 'f'
    lo_chkfname = '../../UHF/uhf_gs_%s_lo.h5'%geometry  
    multiplier0 = 0.1
    # END USER INPUT

    # set up system
    if os.path.isfile('../../' + geometry + ".xyz"):
        mol = gto.M(
            atom = '../../' + geometry + ".xyz",
            basis = basis,
            verbose = 4,
            spin = spin,
            charge = charge,
            max_memory = max_memory,
            )
        mol.set_common_origin(mol._atom[atom_index][1])
    else:
        raise ValueError("No .xyz file available!")
    log.info("N_elec %s, N_ao %s"%(mol.nelec, mol.nao))

    # generate HF/DFT initial guess
    if chkfname_guess == 'minao':
        mf = scf.GKS(mol).x2c()
        dm0 = mf.get_init_guess()
        print("Use PySCF default init guess")
    elif chkfname_guess is None:
        # run constrained DFT
        angles = cdft.sample_rotation('xyz', occ_idx, unit=20)
        from scipy.spatial.transform import Rotation
        direction = Rotation.from_euler('zyz', angles, degrees=False) @ [0,0,1]
        cmf = cdft.CGKS(mol, direction, multiplier_guess=multiplier0, max_cycle=300,
                atom_index=atom_index, ao_shell='f', lo_chkfname=lo_chkfname, xc=xc, smearing=smearing)
        cmf.kernel()
        dm0 = cmf._scf.make_rdm1()
        print("Contrained SCF solution as init guess")
    elif chkfname_guess == 'project':
        # project dm0 in a small basis to the larger basis 
        dm0 = utils.project_dm_from_small_basis(mol, basis_small, chkfname_small, change_dm_mode, atom_index=atom_index, occ_idx=occ_idx)
        print("Project wavefunction in a smaller basis to the target basis as init guess")
    else:
        mf = scf.GKS(mol).x2c()
        data = chkfile.load(chkfname_guess, 'scf')
        mf.__dict__.update(data)
        dm0 = mf.make_rdm1()
        mf.analyze(with_meta_lowdin=False)
        print("Load .chk file for init guess")
    if change_dm_mode is not None and not chkfname_guess == 'project': # when chkfname_guess == 'project', change in small basis
        dm0 = utils.change_dm_guess(mol, dm0, change_dm_mode, atom_index=atom_index, occ_idx=occ_idx)
    dm0 += (np.random.rand(*(dm0.shape)) - 0.5) * noise  
    print("J vector of initial guess", get_mj(mol, dm0, analyze=True))

    # run HF/DFT
    mf = scf.GKS(mol).x2c()
    mf.xc = xc
    if xc.upper() != 'HF':
        mf.collinear = 'mcol'
        mf.grids.level = 6 
    mf.chkfile = 'gs_' + geometry + '.chk' 
    mf.max_cycle = 1000 
    if smearing is not None:
        mf = scf.addons.smearing_(mf, sigma=smearing, method="fermi")
    if qmmm: # add the precomputed potential from environmental classical charges 
        get_hcore_original = mf.get_hcore
        hcore_mm = np.load('../../mm_hcore.npy')
        def get_hcore_mm(self, mol=None):
            return get_hcore_original(mol=mol) + la.block_diag(hcore_mm, hcore_mm)
        import types
        mf.get_hcore = types.MethodType(get_hcore_mm, mf)
    mf.kernel(dm0=dm0)
    dm = mf.make_rdm1()
    print("S vector", get_mj(mol, dm, include_L=False))
    print("L vector", get_mj(mol, dm, include_S=False))
    print("J vector", get_mj(mol, dm))
#INFO: ******************** input file end ********************


System: uname_result(system='Linux', node='hpc-81-37.cm.cluster', release='5.14.0-427.13.1.el9_4.x86_64', version='#1 SMP PREEMPT_DYNAMIC Wed Apr 10 10:29:16 EDT 2024', machine='x86_64')  Threads 8
Python 3.11.6 | packaged by conda-forge | (main, Oct  3 2023, 10:40:35) [GCC 12.3.0]
numpy 1.26.0  scipy 1.11.3
Date: Tue Apr 15 10:54:14 2025
PySCF version 2.5.0
PySCF path  /home/lppeng/anaconda3/envs/nerscV25/lib/python3.11/site-packages/pyscf

[CONFIG] conf_file None
[INPUT] verbose = 4
[INPUT] num. atoms = 7
[INPUT] num. electrons = 171
[INPUT] charge = -3
[INPUT] spin (= nelec alpha-beta = 2S) = 5
[INPUT] symmetry False subgroup None
[INPUT] Mole.unit = angstrom
[INPUT] Symbol           X                Y                Z      unit          X                Y                Z       unit  Magmom
[INPUT]  1 Dy     0.000000000000   0.000000000000   0.000000000000 AA    0.000000000000   0.000000000000   0.000000000000 Bohr   0.0
[INPUT]  2 Cl     2.724000000000   0.000000000000   0.000000000000 AA    5.147613963315   0.000000000000   0.000000000000 Bohr   0.0
[INPUT]  3 Cl    -2.724000000000   0.000000000000   0.000000000000 AA   -5.147613963315   0.000000000000   0.000000000000 Bohr   0.0
[INPUT]  4 Cl     0.000000000000   2.724000000000   0.000000000000 AA    0.000000000000   5.147613963315   0.000000000000 Bohr   0.0
[INPUT]  5 Cl     0.000000000000  -2.724000000000   0.000000000000 AA    0.000000000000  -5.147613963315   0.000000000000 Bohr   0.0
[INPUT]  6 Cl     0.000000000000   0.000000000000   2.724000000000 AA    0.000000000000   0.000000000000   5.147613963315 Bohr   0.0
[INPUT]  7 Cl     0.000000000000   0.000000000000  -2.724000000000 AA    0.000000000000   0.000000000000  -5.147613963315 Bohr   0.0

nuclear repulsion = 1868.38919656687
number of shells = 84
number of NR pGTOs = 449
number of NR cGTOs = 198
basis = {'default': '631g', 'Dy': 'sarc-dkh'}
ecp = {}
CPU time:         3.10
N_elec (88, 83), N_ao 198
#INFO: **** input file is /central/groups/changroup/members/lppeng/holmium/run/paper_final/run_Dy/conf7/GS/run_9/ground_state.py ****
'''
Example input to calculate the ground state of a molecular system
Include x2c relativistic effect
'''
import pyscf
from pyscf.scf.hf import RHF
from pyscf.dft.uks import UKS
from pyscf.dft.gks import GKS
from pyscf import lib
import os, sys
import numpy as np
import scipy.linalg as la
from scipy.linalg import sqrtm, eigh
from scipy.optimize import root
np.set_printoptions(precision=12, threshold=sys.maxsize, linewidth=190, suppress=True)
log = lib.logger.Logger(sys.stdout, 4)

if __name__ == "__main__":
    from pyscf import gto, scf, dft, lib
    from pyscf.lib import chkfile
    from stevens import cdft, project, utils
    from stevens.project import get_mj

    # system input
    geometry = 'DyCl6' # The name of geometry file minus ".xyz"
                       # Make sure first atom is the central magnetic atom 
    spin = 5 # number of unpaired electrons in a unit cell
    charge = -3 # charge of the molecule or a unit cell
    basis = {'default': '631g', 'Dy': 'sarc-dkh'} # specify basis for all elements here
    max_memory = 32000 # in the unit of MB. Recommend: memory available on a node - 10000 MB
    qmmm = True # add environment with classical charges

    # (c)HF/DFT parameters
    xc = 'HF' # functional
    smearing = None # To help HF/DFT converge, try e.g. 5e-2
    chkfname_guess = 'project' # initial guess. 'minao' for default PySCF guess; None for constrained HF; 
                # path to a checkpoint file to restart from a SCF solution.
                # 'project' to project from the SCF solution in a small basis to generate the initial guess
    chkfname_small = '../gs_small_%s.chk'%geometry # checkpoint file in a small basis. Used when chkfname_guess == 'project'
    basis_small = {'default': 'minao', 'Dy': 'cc-x2c-minao'}# the small basis associated with chkfname_small
    change_dm_mode = 'rotate' # None: no change
                          # 'positive_z': set the 4f block of dm so that J~(0,0,J)
                          # 'rotate': rotate the 4f block of dm by some angles
    atom_index = 0 # the index of central lanthanide atom
    occ_idx = 9
    noise = 0 # max noise on density matrix initial guess

    # constrained HF parameters for the initial guess
    ao_shell = 'f'
    lo_chkfname = '../../UHF/uhf_gs_%s_lo.h5'%geometry  
    multiplier0 = 0.1
    # END USER INPUT

    # set up system
    if os.path.isfile('../../' + geometry + ".xyz"):
        mol = gto.M(
            atom = '../../' + geometry + ".xyz",
            basis = basis,
            verbose = 4,
            spin = spin,
            charge = charge,
            max_memory = max_memory,
            )
        mol.set_common_origin(mol._atom[atom_index][1])
    else:
        raise ValueError("No .xyz file available!")
    log.info("N_elec %s, N_ao %s"%(mol.nelec, mol.nao))

    # generate HF/DFT initial guess
    if chkfname_guess == 'minao':
        mf = scf.GKS(mol).x2c()
        dm0 = mf.get_init_guess()
        print("Use PySCF default init guess")
    elif chkfname_guess is None:
        # run constrained DFT
        angles = cdft.sample_rotation('xyz', occ_idx, unit=20)
        from scipy.spatial.transform import Rotation
        direction = Rotation.from_euler('zyz', angles, degrees=False) @ [0,0,1]
        cmf = cdft.CGKS(mol, direction, multiplier_guess=multiplier0, max_cycle=300,
                atom_index=atom_index, ao_shell='f', lo_chkfname=lo_chkfname, xc=xc, smearing=smearing)
        cmf.kernel()
        dm0 = cmf._scf.make_rdm1()
        print("Contrained SCF solution as init guess")
    elif chkfname_guess == 'project':
        # project dm0 in a small basis to the larger basis 
        dm0 = utils.project_dm_from_small_basis(mol, basis_small, chkfname_small, change_dm_mode, atom_index=atom_index, occ_idx=occ_idx)
        print("Project wavefunction in a smaller basis to the target basis as init guess")
    else:
        mf = scf.GKS(mol).x2c()
        data = chkfile.load(chkfname_guess, 'scf')
        mf.__dict__.update(data)
        dm0 = mf.make_rdm1()
        mf.analyze(with_meta_lowdin=False)
        print("Load .chk file for init guess")
    if change_dm_mode is not None and not chkfname_guess == 'project': # when chkfname_guess == 'project', change in small basis
        dm0 = utils.change_dm_guess(mol, dm0, change_dm_mode, atom_index=atom_index, occ_idx=occ_idx)
    dm0 += (np.random.rand(*(dm0.shape)) - 0.5) * noise  
    print("J vector of initial guess", get_mj(mol, dm0, analyze=True))

    # run HF/DFT
    mf = scf.GKS(mol).x2c()
    mf.xc = xc
    if xc.upper() != 'HF':
        mf.collinear = 'mcol'
        mf.grids.level = 6 
    mf.chkfile = 'gs_' + geometry + '.chk' 
    mf.max_cycle = 1000 
    if smearing is not None:
        mf = scf.addons.smearing_(mf, sigma=smearing, method="fermi")
    if qmmm: # add the precomputed potential from environmental classical charges 
        get_hcore_original = mf.get_hcore
        hcore_mm = np.load('../../mm_hcore.npy')
        def get_hcore_mm(self, mol=None):
            return get_hcore_original(mol=mol) + la.block_diag(hcore_mm, hcore_mm)
        import types
        mf.get_hcore = types.MethodType(get_hcore_mm, mf)
    mf.kernel(dm0=dm0)
    dm = mf.make_rdm1()
    print("S vector", get_mj(mol, dm, include_L=False))
    print("L vector", get_mj(mol, dm, include_S=False))
    print("J vector", get_mj(mol, dm))
#INFO: ******************** input file end ********************


System: uname_result(system='Linux', node='hpc-81-37.cm.cluster', release='5.14.0-427.13.1.el9_4.x86_64', version='#1 SMP PREEMPT_DYNAMIC Wed Apr 10 10:29:16 EDT 2024', machine='x86_64')  Threads 8
Python 3.11.6 | packaged by conda-forge | (main, Oct  3 2023, 10:40:35) [GCC 12.3.0]
numpy 1.26.0  scipy 1.11.3
Date: Tue Apr 15 10:54:14 2025
PySCF version 2.5.0
PySCF path  /home/lppeng/anaconda3/envs/nerscV25/lib/python3.11/site-packages/pyscf

[CONFIG] conf_file None
[INPUT] verbose = 4
[INPUT] num. atoms = 7
[INPUT] num. electrons = 171
[INPUT] charge = -3
[INPUT] spin (= nelec alpha-beta = 2S) = 5
[INPUT] symmetry False subgroup None
[INPUT] Mole.unit = angstrom
[INPUT] Symbol           X                Y                Z      unit          X                Y                Z       unit  Magmom
[INPUT]  1 Dy     0.000000000000   0.000000000000   0.000000000000 AA    0.000000000000   0.000000000000   0.000000000000 Bohr   0.0
[INPUT]  2 Cl     2.724000000000   0.000000000000   0.000000000000 AA    5.147613963315   0.000000000000   0.000000000000 Bohr   0.0
[INPUT]  3 Cl    -2.724000000000   0.000000000000   0.000000000000 AA   -5.147613963315   0.000000000000   0.000000000000 Bohr   0.0
[INPUT]  4 Cl     0.000000000000   2.724000000000   0.000000000000 AA    0.000000000000   5.147613963315   0.000000000000 Bohr   0.0
[INPUT]  5 Cl     0.000000000000  -2.724000000000   0.000000000000 AA    0.000000000000  -5.147613963315   0.000000000000 Bohr   0.0
[INPUT]  6 Cl     0.000000000000   0.000000000000   2.724000000000 AA    0.000000000000   0.000000000000   5.147613963315 Bohr   0.0
[INPUT]  7 Cl     0.000000000000   0.000000000000  -2.724000000000 AA    0.000000000000   0.000000000000  -5.147613963315 Bohr   0.0

nuclear repulsion = 1868.38919656687
number of shells = 16
number of NR pGTOs = 511
number of NR cGTOs = 89
basis = {'default': 'minao', 'Dy': 'cc-x2c-minao'}
ecp = {}
CPU time:         3.24
basis {'default': '631g', 'Dy': 'sarc-dkh'} 198
basis {'default': 'minao', 'Dy': 'cc-x2c-minao'} 89
(3, 89, 89) 89
Haar random target direction [0.3090169943749475, 0.0, -0.9510565162951535]
Haar random total rotation [0.     2.8274 0.    ]
Rotated f-block dm by angles from +z [0.     2.8274 0.    ]
Project wavefunction in a smaller basis to the target basis as init guess
(3, 198, 198) 198
elemental J of ['Cl' 'Dy']
  Cl -0.0001-0.0000j 0.0000+0.0000j 0.0318-0.0000j 
  Dy 2.3048-0.0000j 0.0000+0.0000j -7.1103+0.0000j 
J vector of initial guess [ 2.3046-0.j -0.    +0.j -7.0786+0.j]


******** <class 'pyscf.x2c.x2c.X2C1eGKS'> ********
method = X2C1eGKS
initial guess = minao
damping factor = 0
level_shift factor = 0
DIIS = <class 'pyscf.scf.diis.CDIIS'>
diis_start_cycle = 1
diis_space = 8
diis_damp = 0
SCF conv_tol = 1e-09
SCF conv_tol_grad = None
SCF max_cycles = 1000
direct_scf = True
direct_scf_tol = 1e-13
chkfile to save SCF result = gs_DyCl6.chk
max_memory 32000 MB (current use 147 MB)
XC library pyscf.dft.libxc version 6.1.0
    S. Lehtola, C. Steigemann, M. J.T. Oliveira, and M. A.L. Marques.,  SoftwareX 7, 1–5 (2018)
XC functionals = HF

radial grids: 
    Treutler-Ahlrichs [JCP 102, 346 (1995); DOI:10.1063/1.469408] (M4) radial grids
    
becke partition: Becke, JCP 88, 2547 (1988); DOI:10.1063/1.454033
pruning grids: <function nwchem_prune at 0x7fcea87d9e40>
grids dens level: 3
symmetrized grids: False
atomic radii adjust function: <function treutler_atomic_radii_adjust at 0x7fcea87da480>
small_rho_cutoff = 1e-07
collinear = col


******** <class 'pyscf.x2c.x2c.SpinOrbitalX2CHelper'> ********
approx = 1e
xuncontract = 1
Overwritten attributes  get_hcore  of <class 'pyscf.x2c.x2c.X2C1eGKS'>
Set gradient conv threshold to 3.16228e-05
tot grids = 134432
init E= -14971.0853100441
  HOMO = -0.282546689906615  LUMO = -0.0668184109268788
cycle= 1 E= -14978.6190097333  delta_E= -7.53  |g|= 1.61  |ddm|= 2.42
  HOMO = -0.310583971785056  LUMO = 0.124178013840863
cycle= 2 E= -14978.7153951405  delta_E= -0.0964  |g|= 0.637  |ddm|= 1.09
  HOMO = -0.32219819378809  LUMO = 0.122279588335118
cycle= 3 E= -14978.7610502873  delta_E= -0.0457  |g|= 0.271  |ddm|= 0.493
  HOMO = -0.32237537906081  LUMO = 0.122641042768044
cycle= 4 E= -14978.7668876804  delta_E= -0.00584  |g|= 0.0198  |ddm|= 0.0912
  HOMO = -0.32362630305248  LUMO = 0.122825606737756
cycle= 5 E= -14978.767072669  delta_E= -0.000185  |g|= 0.00623  |ddm|= 0.0235
  HOMO = -0.323487631162409  LUMO = 0.122832635963826
cycle= 6 E= -14978.7671363396  delta_E= -6.37e-05  |g|= 0.00505  |ddm|= 0.0104
  HOMO = -0.323529717877879  LUMO = 0.12284114261468
cycle= 7 E= -14978.7672367644  delta_E= -0.0001  |g|= 0.00356  |ddm|= 0.0168
  HOMO = -0.323446465774413  LUMO = 0.122838466379585
cycle= 8 E= -14978.7673218202  delta_E= -8.51e-05  |g|= 0.0014  |ddm|= 0.0259
  HOMO = -0.323521307049561  LUMO = 0.122835217627432
cycle= 9 E= -14978.7673311182  delta_E= -9.3e-06  |g|= 0.000686  |ddm|= 0.00894
  HOMO = -0.32350140790758  LUMO = 0.122833987320465
cycle= 10 E= -14978.7673323934  delta_E= -1.28e-06  |g|= 0.000516  |ddm|= 0.00211
  HOMO = -0.323496127914491  LUMO = 0.122834039530663
cycle= 11 E= -14978.7673334681  delta_E= -1.07e-06  |g|= 0.000397  |ddm|= 0.00185
  HOMO = -0.323496657771529  LUMO = 0.122834422747196
cycle= 12 E= -14978.7673342616  delta_E= -7.94e-07  |g|= 0.000346  |ddm|= 0.00155
  HOMO = -0.323495874281212  LUMO = 0.122834013029299
cycle= 13 E= -14978.7673347932  delta_E= -5.32e-07  |g|= 0.000331  |ddm|= 0.00112
  HOMO = -0.323498396080291  LUMO = 0.12283412738134
cycle= 14 E= -14978.7673352771  delta_E= -4.84e-07  |g|= 0.000324  |ddm|= 0.00103
  HOMO = -0.323497371862192  LUMO = 0.122834284687058
cycle= 15 E= -14978.7673361265  delta_E= -8.49e-07  |g|= 0.000313  |ddm|= 0.00185
  HOMO = -0.323496785264389  LUMO = 0.122834257804424
cycle= 16 E= -14978.7673382673  delta_E= -2.14e-06  |g|= 0.000293  |ddm|= 0.00499
  HOMO = -0.323496240378534  LUMO = 0.122834305536092
cycle= 17 E= -14978.7673398402  delta_E= -1.57e-06  |g|= 0.000284  |ddm|= 0.00399
  HOMO = -0.323494147799571  LUMO = 0.122834048085298
cycle= 18 E= -14978.7673405788  delta_E= -7.39e-07  |g|= 0.000281  |ddm|= 0.00191
  HOMO = -0.323494893712772  LUMO = 0.122834050886607
cycle= 19 E= -14978.7673413833  delta_E= -8.05e-07  |g|= 0.000278  |ddm|= 0.00207
  HOMO = -0.323494073855119  LUMO = 0.122834158470667
cycle= 20 E= -14978.7673420946  delta_E= -7.11e-07  |g|= 0.000276  |ddm|= 0.00183
  HOMO = -0.323493514728512  LUMO = 0.122834120587192
cycle= 21 E= -14978.7673425556  delta_E= -4.61e-07  |g|= 0.000275  |ddm|= 0.00118
  HOMO = -0.323494195174785  LUMO = 0.122834165491643
cycle= 22 E= -14978.7673431369  delta_E= -5.81e-07  |g|= 0.000274  |ddm|= 0.00147
  HOMO = -0.323493059193841  LUMO = 0.122834070435193
cycle= 23 E= -14978.7673443032  delta_E= -1.17e-06  |g|= 0.000273  |ddm|= 0.00297
  HOMO = -0.323492500996914  LUMO = 0.122834015948166
cycle= 24 E= -14978.7673451079  delta_E= -8.05e-07  |g|= 0.000272  |ddm|= 0.00205
  HOMO = -0.323492457876644  LUMO = 0.122834051448093
cycle= 25 E= -14978.7673457953  delta_E= -6.87e-07  |g|= 0.000272  |ddm|= 0.00175
  HOMO = -0.323491214384334  LUMO = 0.122834035663749
cycle= 26 E= -14978.7673468788  delta_E= -1.08e-06  |g|= 0.000271  |ddm|= 0.00277
  HOMO = -0.323491304744932  LUMO = 0.122834028982974
cycle= 27 E= -14978.7673480982  delta_E= -1.22e-06  |g|= 0.000271  |ddm|= 0.00313
  HOMO = -0.323490793548208  LUMO = 0.12283399752431
cycle= 28 E= -14978.767349117  delta_E= -1.02e-06  |g|= 0.00027  |ddm|= 0.00262
  HOMO = -0.323489652172359  LUMO = 0.122833932588802
cycle= 29 E= -14978.7673508659  delta_E= -1.75e-06  |g|= 0.00027  |ddm|= 0.0045
  HOMO = -0.323488858202284  LUMO = 0.122833961213181
cycle= 30 E= -14978.7673531165  delta_E= -2.25e-06  |g|= 0.000269  |ddm|= 0.0058
  HOMO = -0.323485819064229  LUMO = 0.122833945617213
cycle= 31 E= -14978.7673573418  delta_E= -4.23e-06  |g|= 0.000268  |ddm|= 0.011
  HOMO = -0.323484644434715  LUMO = 0.122833963534431
cycle= 32 E= -14978.7673607522  delta_E= -3.41e-06  |g|= 0.000267  |ddm|= 0.0089
  HOMO = -0.323483495505994  LUMO = 0.122833943663444
cycle= 33 E= -14978.7673649546  delta_E= -4.2e-06  |g|= 0.000265  |ddm|= 0.011
  HOMO = -0.323478353663828  LUMO = 0.122833815450289
cycle= 34 E= -14978.7673736583  delta_E= -8.7e-06  |g|= 0.000265  |ddm|= 0.0232
  HOMO = -0.323478370958711  LUMO = 0.122833818739517
cycle= 35 E= -14978.7673736052  delta_E= 5.32e-08  |g|= 0.000263  |ddm|= 0.000147
  HOMO = -0.323470858868632  LUMO = 0.122833693663169
cycle= 36 E= -14978.7673921595  delta_E= -1.86e-05  |g|= 0.000582  |ddm|= 0.0516
  HOMO = -0.323466615697213  LUMO = 0.122833647549194
cycle= 37 E= -14978.7673971639  delta_E= -5e-06  |g|= 0.000616  |ddm|= 0.0144
  HOMO = -0.323465349390631  LUMO = 0.122833559082073
cycle= 38 E= -14978.7674014858  delta_E= -4.32e-06  |g|= 0.000763  |ddm|= 0.013
  HOMO = -0.323468807551521  LUMO = 0.122833632518319
cycle= 39 E= -14978.7673959499  delta_E= 5.54e-06  |g|= 0.000457  |ddm|= 0.0168
  HOMO = -0.323471255225624  LUMO = 0.122833707365088
cycle= 40 E= -14978.7673919705  delta_E= 3.98e-06  |g|= 0.000345  |ddm|= 0.0115
  HOMO = -0.32347371447809  LUMO = 0.122833782965116
cycle= 41 E= -14978.7673865915  delta_E= 5.38e-06  |g|= 0.000257  |ddm|= 0.0152
  HOMO = -0.323473466659399  LUMO = 0.122833826013748
cycle= 42 E= -14978.7673848022  delta_E= 1.79e-06  |g|= 0.000272  |ddm|= 0.00497
  HOMO = -0.323467496197198  LUMO = 0.122833699182102
cycle= 43 E= -14978.7673970287  delta_E= -1.22e-05  |g|= 0.000313  |ddm|= 0.0344
  HOMO = -0.323471257773262  LUMO = 0.122833801248522
cycle= 44 E= -14978.7673904482  delta_E= 6.58e-06  |g|= 0.000266  |ddm|= 0.0188
  HOMO = -0.323469739288135  LUMO = 0.122833778630362
cycle= 45 E= -14978.767393408  delta_E= -2.96e-06  |g|= 0.000249  |ddm|= 0.0083
  HOMO = -0.323470258399471  LUMO = 0.122833782940686
cycle= 46 E= -14978.7673924451  delta_E= 9.63e-07  |g|= 0.000254  |ddm|= 0.00274
  HOMO = -0.32346916457393  LUMO = 0.122833739644472
cycle= 47 E= -14978.767396259  delta_E= -3.81e-06  |g|= 0.000249  |ddm|= 0.0108
  HOMO = -0.323468766466494  LUMO = 0.122833713703361
cycle= 48 E= -14978.7673965649  delta_E= -3.06e-07  |g|= 0.000259  |ddm|= 0.000892
  HOMO = -0.323468043555585  LUMO = 0.122833710494992
cycle= 49 E= -14978.7673985692  delta_E= -2e-06  |g|= 0.000264  |ddm|= 0.00574
  HOMO = -0.323467879434616  LUMO = 0.122833753601595
cycle= 50 E= -14978.7673989272  delta_E= -3.58e-07  |g|= 0.000247  |ddm|= 0.00104
  HOMO = -0.323467394942195  LUMO = 0.122833715779379
cycle= 51 E= -14978.7673989523  delta_E= -2.5e-08  |g|= 0.000246  |ddm|= 0.000311
  HOMO = -0.323466721747597  LUMO = 0.122833691634361
cycle= 52 E= -14978.7674012288  delta_E= -2.28e-06  |g|= 0.000246  |ddm|= 0.00655
  HOMO = -0.323465726171942  LUMO = 0.122833697287307
cycle= 53 E= -14978.767404204  delta_E= -2.98e-06  |g|= 0.000244  |ddm|= 0.0086
  HOMO = -0.323461268906687  LUMO = 0.122833564793581
cycle= 54 E= -14978.767414921  delta_E= -1.07e-05  |g|= 0.000309  |ddm|= 0.032
  HOMO = -0.323461258239551  LUMO = 0.122833642706718
cycle= 55 E= -14978.7674166711  delta_E= -1.75e-06  |g|= 0.000254  |ddm|= 0.00535
  HOMO = -0.323458669100352  LUMO = 0.122833549858739
cycle= 56 E= -14978.7674207105  delta_E= -4.04e-06  |g|= 0.000234  |ddm|= 0.0124
  HOMO = -0.323458443391421  LUMO = 0.122833582779543
cycle= 57 E= -14978.7674237026  delta_E= -2.99e-06  |g|= 0.000325  |ddm|= 0.0094
  HOMO = -0.323455408151395  LUMO = 0.12283350482006
cycle= 58 E= -14978.7674300169  delta_E= -6.31e-06  |g|= 0.000317  |ddm|= 0.02
  HOMO = -0.323452870715121  LUMO = 0.122833395073554
cycle= 59 E= -14978.767434251  delta_E= -4.23e-06  |g|= 0.000254  |ddm|= 0.0137
  HOMO = -0.323453141584827  LUMO = 0.122833444068174
cycle= 60 E= -14978.7674371063  delta_E= -2.86e-06  |g|= 0.000486  |ddm|= 0.00972
  HOMO = -0.323450431162806  LUMO = 0.122833269205355
cycle= 61 E= -14978.7674424707  delta_E= -5.36e-06  |g|= 0.000339  |ddm|= 0.0179
  HOMO = -0.323444805017116  LUMO = 0.122832997976286
cycle= 62 E= -14978.7674510841  delta_E= -8.61e-06  |g|= 0.000218  |ddm|= 0.0303
  HOMO = -0.323443910598474  LUMO = 0.122832940536023
cycle= 63 E= -14978.7674546479  delta_E= -3.56e-06  |g|= 0.000237  |ddm|= 0.0129
  HOMO = -0.323442681181081  LUMO = 0.122832833952785
cycle= 64 E= -14978.7674574063  delta_E= -2.76e-06  |g|= 0.000215  |ddm|= 0.0105
  HOMO = -0.32344133320618  LUMO = 0.122832832933901
cycle= 65 E= -14978.7674602357  delta_E= -2.83e-06  |g|= 0.000248  |ddm|= 0.0107
  HOMO = -0.323438945186352  LUMO = 0.122832666127549
cycle= 66 E= -14978.7674649713  delta_E= -4.74e-06  |g|= 0.000204  |ddm|= 0.0189
  HOMO = -0.323438697008802  LUMO = 0.12283265139054
cycle= 67 E= -14978.7674657437  delta_E= -7.72e-07  |g|= 0.000206  |ddm|= 0.00315
  HOMO = -0.323439354139487  LUMO = 0.12283272075744
cycle= 68 E= -14978.7674649047  delta_E= 8.39e-07  |g|= 0.000219  |ddm|= 0.00362
  HOMO = -0.323436822345407  LUMO = 0.122832550202093
cycle= 69 E= -14978.767469975  delta_E= -5.07e-06  |g|= 0.000215  |ddm|= 0.0208
  HOMO = -0.32343263480589  LUMO = 0.122832242855259
cycle= 70 E= -14978.7674805116  delta_E= -1.05e-05  |g|= 0.000227  |ddm|= 0.0455
  HOMO = -0.323430656757027  LUMO = 0.122832105979218
cycle= 71 E= -14978.7674839632  delta_E= -3.45e-06  |g|= 0.00024  |ddm|= 0.016
  HOMO = -0.323431685230471  LUMO = 0.122832182787398
cycle= 72 E= -14978.7674857086  delta_E= -1.75e-06  |g|= 0.000265  |ddm|= 0.00804
  HOMO = -0.323428474713528  LUMO = 0.122831904021497
cycle= 73 E= -14978.767491733  delta_E= -6.02e-06  |g|= 0.000204  |ddm|= 0.0307
  HOMO = -0.323428602055396  LUMO = 0.122831963769072
cycle= 74 E= -14978.7674928527  delta_E= -1.12e-06  |g|= 0.000414  |ddm|= 0.00715
  HOMO = -0.323426858526277  LUMO = 0.122831831413539
cycle= 75 E= -14978.7674969048  delta_E= -4.05e-06  |g|= 0.000209  |ddm|= 0.0223
  HOMO = -0.323425697822566  LUMO = 0.122831738112813
cycle= 76 E= -14978.7674984596  delta_E= -1.55e-06  |g|= 0.00014  |ddm|= 0.00913
  HOMO = -0.323423727743635  LUMO = 0.122831541864949
cycle= 77 E= -14978.7675014377  delta_E= -2.98e-06  |g|= 0.000313  |ddm|= 0.0188
  HOMO = -0.323425497324479  LUMO = 0.122831754189426
cycle= 78 E= -14978.7674993007  delta_E= 2.14e-06  |g|= 0.000281  |ddm|= 0.0135
  HOMO = -0.323422169635559  LUMO = 0.122831415664793
cycle= 79 E= -14978.7675047075  delta_E= -5.41e-06  |g|= 0.00033  |ddm|= 0.0353
  HOMO = -0.323423680384749  LUMO = 0.12283154615755
cycle= 80 E= -14978.7675040803  delta_E= 6.27e-07  |g|= 0.000122  |ddm|= 0.00477
  HOMO = -0.323423146528519  LUMO = 0.122831537222694
cycle= 81 E= -14978.7675046464  delta_E= -5.66e-07  |g|= 0.000117  |ddm|= 0.0041
  HOMO = -0.323423086137795  LUMO = 0.122831529721698
cycle= 82 E= -14978.7675054215  delta_E= -7.75e-07  |g|= 0.000113  |ddm|= 0.00547
  HOMO = -0.323421651290133  LUMO = 0.122831432043841
cycle= 83 E= -14978.7675077184  delta_E= -2.3e-06  |g|= 0.000104  |ddm|= 0.0171
  HOMO = -0.323420735959372  LUMO = 0.122831385620916
cycle= 84 E= -14978.7675086786  delta_E= -9.6e-07  |g|= 9.98e-05  |ddm|= 0.00756
  HOMO = -0.32342118891375  LUMO = 0.122831386679596
cycle= 85 E= -14978.7675096052  delta_E= -9.27e-07  |g|= 9.59e-05  |ddm|= 0.00753
  HOMO = -0.323420795675248  LUMO = 0.122831367822793
cycle= 86 E= -14978.7675103616  delta_E= -7.56e-07  |g|= 9.12e-05  |ddm|= 0.0063
  HOMO = -0.323420687611072  LUMO = 0.122831357366341
cycle= 87 E= -14978.7675113281  delta_E= -9.67e-07  |g|= 9.46e-05  |ddm|= 0.0085
  HOMO = -0.323419993992468  LUMO = 0.122831289721415
cycle= 88 E= -14978.7675121315  delta_E= -8.03e-07  |g|= 8.45e-05  |ddm|= 0.00743
  HOMO = -0.323420142150332  LUMO = 0.122831299287816
cycle= 89 E= -14978.7675130482  delta_E= -9.17e-07  |g|= 8.1e-05  |ddm|= 0.00893
  HOMO = -0.323418576567335  LUMO = 0.122831182572251
cycle= 90 E= -14978.7675140421  delta_E= -9.94e-07  |g|= 9.14e-05  |ddm|= 0.0103
  HOMO = -0.323418314163785  LUMO = 0.122831177677467
cycle= 91 E= -14978.7675158876  delta_E= -1.85e-06  |g|= 7.1e-05  |ddm|= 0.0212
  HOMO = -0.323417979179886  LUMO = 0.122831143266774
cycle= 92 E= -14978.7675169346  delta_E= -1.05e-06  |g|= 6.23e-05  |ddm|= 0.0137
  HOMO = -0.323417872312468  LUMO = 0.122831139758566
cycle= 93 E= -14978.7675174492  delta_E= -5.15e-07  |g|= 7e-05  |ddm|= 0.00738
  HOMO = -0.323417986844967  LUMO = 0.122831105320424
cycle= 94 E= -14978.7675181107  delta_E= -6.62e-07  |g|= 7.93e-05  |ddm|= 0.0105
  HOMO = -0.323417376075065  LUMO = 0.12283106000731
cycle= 95 E= -14978.7675185017  delta_E= -3.91e-07  |g|= 8.64e-05  |ddm|= 0.00678
  HOMO = -0.323417336519774  LUMO = 0.122831078367983
cycle= 96 E= -14978.7675189304  delta_E= -4.29e-07  |g|= 4.53e-05  |ddm|= 0.00791
  HOMO = -0.323416461387039  LUMO = 0.122831012136678
cycle= 97 E= -14978.7675196439  delta_E= -7.14e-07  |g|= 8.35e-05  |ddm|= 0.0157
  HOMO = -0.323416827150338  LUMO = 0.122831040318135
cycle= 98 E= -14978.7675199425  delta_E= -2.99e-07  |g|= 3.57e-05  |ddm|= 0.00752
  HOMO = -0.323417005579936  LUMO = 0.122831055404073
cycle= 99 E= -14978.767520231  delta_E= -2.89e-07  |g|= 4.85e-05  |ddm|= 0.00852
  HOMO = -0.323416804422612  LUMO = 0.122831031913095
cycle= 100 E= -14978.7675204004  delta_E= -1.69e-07  |g|= 3.32e-05  |ddm|= 0.00592
  HOMO = -0.323416891541807  LUMO = 0.122831044961139
cycle= 101 E= -14978.7675204458  delta_E= -4.54e-08  |g|= 3e-05  |ddm|= 0.00159
  HOMO = -0.323416617394971  LUMO = 0.122831030428432
cycle= 102 E= -14978.7675204911  delta_E= -4.52e-08  |g|= 2.37e-05  |ddm|= 0.00177
  HOMO = -0.323416618622886  LUMO = 0.12283103352739
cycle= 103 E= -14978.7675205484  delta_E= -5.73e-08  |g|= 2.14e-05  |ddm|= 0.0023
  HOMO = -0.323416492409595  LUMO = 0.122831018250899
cycle= 104 E= -14978.7675205984  delta_E= -5e-08  |g|= 2.01e-05  |ddm|= 0.00215
  HOMO = -0.32341670554637  LUMO = 0.122831029130125
cycle= 105 E= -14978.7675206587  delta_E= -6.03e-08  |g|= 1.86e-05  |ddm|= 0.00284
  HOMO = -0.323416746853195  LUMO = 0.122831027126989
cycle= 106 E= -14978.7675206968  delta_E= -3.81e-08  |g|= 1.68e-05  |ddm|= 0.00191
  HOMO = -0.323416751124273  LUMO = 0.12283103534952
cycle= 107 E= -14978.7675207444  delta_E= -4.76e-08  |g|= 1.44e-05  |ddm|= 0.00259
  HOMO = -0.323416615654488  LUMO = 0.122831027580305
cycle= 108 E= -14978.7675207703  delta_E= -2.59e-08  |g|= 1.28e-05  |ddm|= 0.00153
  HOMO = -0.323416586398141  LUMO = 0.122831023988786
cycle= 109 E= -14978.7675207812  delta_E= -1.09e-08  |g|= 1.22e-05  |ddm|= 0.000674
  HOMO = -0.323416574165015  LUMO = 0.12283102037461
cycle= 110 E= -14978.7675207902  delta_E= -8.98e-09  |g|= 1.16e-05  |ddm|= 0.000572
  HOMO = -0.323416629368164  LUMO = 0.122831025064491
cycle= 111 E= -14978.7675208044  delta_E= -1.42e-08  |g|= 1.09e-05  |ddm|= 0.000935
  HOMO = -0.323416646378019  LUMO = 0.122831025741802
cycle= 112 E= -14978.767520817  delta_E= -1.26e-08  |g|= 1.04e-05  |ddm|= 0.000869
  HOMO = -0.323416618662718  LUMO = 0.122831026885422
cycle= 113 E= -14978.7675208297  delta_E= -1.27e-08  |g|= 9.96e-06  |ddm|= 0.00091
  HOMO = -0.323416549991805  LUMO = 0.122831022532998
cycle= 114 E= -14978.7675208505  delta_E= -2.08e-08  |g|= 9.4e-06  |ddm|= 0.00158
  HOMO = -0.323416548132594  LUMO = 0.122831020015402
cycle= 115 E= -14978.76752087  delta_E= -1.94e-08  |g|= 8.89e-06  |ddm|= 0.00161
  HOMO = -0.323416526888466  LUMO = 0.122831019084096
cycle= 116 E= -14978.76752089  delta_E= -2e-08  |g|= 8.48e-06  |ddm|= 0.00182
  HOMO = -0.323416562995218  LUMO = 0.122831022384705
cycle= 117 E= -14978.7675209072  delta_E= -1.73e-08  |g|= 7.97e-06  |ddm|= 0.00176
  HOMO = -0.323416567434968  LUMO = 0.122831021644934
cycle= 118 E= -14978.7675209258  delta_E= -1.86e-08  |g|= 7.41e-06  |ddm|= 0.00217
  HOMO = -0.323416557762916  LUMO = 0.122831022293668
cycle= 119 E= -14978.7675209399  delta_E= -1.41e-08  |g|= 6.92e-06  |ddm|= 0.00194
  HOMO = -0.323416511737992  LUMO = 0.122831020407438
cycle= 120 E= -14978.7675209509  delta_E= -1.1e-08  |g|= 6.29e-06  |ddm|= 0.00179
  HOMO = -0.323416494353942  LUMO = 0.122831017598764
cycle= 121 E= -14978.7675209595  delta_E= -8.56e-09  |g|= 5.66e-06  |ddm|= 0.0017
  HOMO = -0.323416489834101  LUMO = 0.122831016491777
cycle= 122 E= -14978.7675209666  delta_E= -7.13e-09  |g|= 4.93e-06  |ddm|= 0.0018
  HOMO = -0.323416516854022  LUMO = 0.122831019874242
cycle= 123 E= -14978.767520971  delta_E= -4.38e-09  |g|= 4.17e-06  |ddm|= 0.00149
  HOMO = -0.323416545319505  LUMO = 0.122831020818551
cycle= 124 E= -14978.7675209728  delta_E= -1.77e-09  |g|= 3.54e-06  |ddm|= 0.000761
  HOMO = -0.323416511488725  LUMO = 0.122831018852225
cycle= 125 E= -14978.7675209738  delta_E= -1.04e-09  |g|= 2.7e-06  |ddm|= 0.000577
  HOMO = -0.323416520498585  LUMO = 0.122831018073639
cycle= 126 E= -14978.7675209745  delta_E= -6.91e-10  |g|= 2.12e-06  |ddm|= 0.000477
  HOMO = -0.323416504396811  LUMO = 0.122831017987141
Extra cycle  E= -14978.7675209745  delta_E= -2.91e-11  |g|= 1.98e-06  |ddm|= 2.34e-06
converged SCF energy = -14978.7675209745  <S^2> = 8.2691549  2S+1 = 5.8375183
(3, 198, 198) 198
S vector [ 0.0018-0.j -0.    +0.j -2.3832+0.j]
(3, 198, 198) 198
L vector [ 0.0035+0.j -0.    +0.j -5.1165+0.j]
(3, 198, 198) 198
J vector [ 0.0053+0.j -0.    +0.j -7.4997+0.j]
Tue Apr 15 10:57:30 PDT 2025
