run_0 -14200.840991700461
run_1 -14200.840394926061
run_10 -14200.840914312648
run_11 -14200.840328698192
run_12 -14200.840633903623
run_13 -14200.840350599454
run_14 -14200.840261321544
run_15 -14200.84081488249
run_16 -14200.83970820309
run_17 -14200.840157710976
run_18 -14200.840153191359
run_19 -14200.840769342241
run_2 -14200.84018162212
run_20 -14200.840518604342
run_21 -14200.840804133932
run_22 -14200.840388177909
run_23 -14200.840517225588
run_24 -14200.840760736173
run_25 -14200.840726290891
run_26 -14200.840483039967
run_27 -14200.840302111908
run_28 -14200.83991836563
run_29 -14200.840676670225
run_3 -14200.840590437536
run_30 -14200.840006887076
run_31 -14200.840513033414
run_32 -14200.839770000915
run_33 -14200.840823902745
run_34 -14200.84018631374
run_35 -14200.839806176919
run_36 -14200.840617099337
run_37 -14200.84017010222
run_38 -14200.84082025507
run_39 -14200.840085733154
run_4 -14200.840683310922
run_40 -14200.84026762065
run_41 -14200.84083452831
run_42 -14200.840822242695
run_43 -14200.84055514507
run_44 -14200.84047116922
run_45 -14200.840129647488
run_46 -14200.840977435444
run_47 -14200.840786817585
run_48 -14200.840773113167
run_49 -14200.840794800843
run_5 -14200.840866557977
run_50 -14200.84004996761
run_51 -14200.840823066883
run_52 -14200.840649976952
run_53 -14200.839926633387
run_54 -14200.84006019539
run_55 -14200.84069950987
run_56 -14200.840137707437
run_57 -14200.840165171485
run_58 -14200.840400392099
run_59 -14200.841010529643
run_6 -14200.840819741832
run_60 -14200.840741952099
run_61 -14200.840982771999
run_62 -14200.840530695405
run_63 -14200.84084201209
run_64 -14200.840186593603
run_65 -14200.840805645275
run_66 -14200.840478883998
run_67 -14200.839777308982
run_68 -14200.840985889132
run_69 -14200.840686994015
run_7 -14200.83990498248
run_70 -14200.840685114275
run_71 -14200.840760871026
run_72 -14200.840781885006
run_73 -14200.840821559821
run_74 -14200.840399888933
run_75 -14200.840842866906
run_76 -14200.840456120346
run_77 -14200.839998097239
run_78 -14200.840260534933
run_79 -14200.839896276499
run_8 -14200.840339243896
run_9 -14200.840151143479
