run_0 -14207.707152969597
run_1 -14207.706587091296
run_10 -14207.707050110217
run_11 -14207.706519205305
run_12 -14207.706859996324
run_13 -14207.70648794627
run_14 -14207.706462062211
run_15 -14207.706919954679
run_16 -14207.705870937829
run_17 -14207.70635653181
run_18 -14207.70624478835
run_19 -14207.70695706311
run_2 -14207.706408352456
run_20 -14207.706717577206
run_21 -14207.70691892918
run_22 -14207.706540329935
run_23 -14207.706767381838
run_24 -14207.706922630408
run_25 -14207.70690374367
run_26 -14207.706660068601
run_27 -14207.706396571491
run_28 -14207.706011186598
run_29 -14207.706818746236
run_3 -14207.706744548032
run_30 -14207.706241571992
run_31 -14207.706715542685
run_32 -14207.705913298385
run_33 -14207.70691607289
run_34 -14207.706352129811
run_35 -14207.706022711995
run_36 -14207.706799917796
run_37 -14207.706388396404
run_38 -14207.706963372188
run_39 -14207.706281501218
run_4 -14207.706834284581
run_40 -14207.70646487188
run_41 -14207.70692508071
run_42 -14207.706828655584
run_43 -14207.706593801533
run_44 -14207.70668413032
run_45 -14207.70621587165
run_46 -14207.707126479276
run_47 -14207.706937863444
run_48 -14207.706909277294
run_49 -14207.706926739353
run_5 -14207.706941415432
run_50 -14207.706170487032
run_51 -14207.706835934354
run_52 -14207.706854338016
run_53 -14207.706070329401
run_54 -14207.706210492175
run_55 -14207.706812110082
run_56 -14207.706219357686
run_57 -14207.70630947924
run_58 -14207.70647182078
run_59 -14207.707193293518
run_6 -14207.706828764112
run_60 -14207.706937511972
run_61 -14207.707134670203
run_62 -14207.706727728073
run_63 -14207.70704062139
run_64 -14207.70639544729
run_65 -14207.706880738602
run_66 -14207.706521583066
run_67 -14207.705904369104
run_68 -14207.707094344321
run_69 -14207.706815470527
run_7 -14207.706059681423
run_70 -14207.70678205185
run_71 -14207.706926780713
run_72 -14207.706945309044
run_73 -14207.706954452857
run_74 -14207.706568291862
run_75 -14207.707015805114
run_76 -14207.706567965455
run_77 -14207.706239343013
run_78 -14207.706449424466
run_79 -14207.70607930803
run_8 -14207.70649996808
run_9 -14207.70628294484
