run_0 -14199.809606016399
run_1 -14199.809092486212
run_10 -14199.80956340237
run_11 -14199.809011560868
run_12 -14199.80930103652
run_13 -14199.809023725917
run_14 -14199.808993608833
run_15 -14199.809513330169
run_16 -14199.80843007589
run_17 -14199.808879991662
run_18 -14199.808809364513
run_19 -14199.809420145415
run_2 -14199.808948799564
run_20 -14199.809227193284
run_21 -14199.809409200556
run_22 -14199.80907426912
run_23 -14199.809249741797
run_24 -14199.809424010527
run_25 -14199.809392916748
run_26 -14199.809226245357
run_27 -14199.808935305802
run_28 -14199.808594878887
run_29 -14199.809352561235
run_3 -14199.80927577124
run_30 -14199.808758532046
run_31 -14199.809166230902
run_32 -14199.808440047826
run_33 -14199.809448009597
run_34 -14199.808823946252
run_35 -14199.808624385827
run_36 -14199.80931456554
run_37 -14199.80886806839
run_38 -14199.809521260104
run_39 -14199.808817774625
run_4 -14199.80929170299
run_40 -14199.808982089933
run_41 -14199.809483114757
run_42 -14199.809414056916
run_43 -14199.809208229628
run_44 -14199.809107957968
run_45 -14199.808799848859
run_46 -14199.809657667385
run_47 -14199.809494231147
run_48 -14199.809475466536
run_49 -14199.809422503611
run_5 -14199.80949626425
run_50 -14199.80868734658
run_51 -14199.809407664208
run_52 -14199.809336112325
run_53 -14199.808609405372
run_54 -14199.808732413938
run_55 -14199.809333393656
run_56 -14199.808798451111
run_57 -14199.808858400836
run_58 -14199.809041046079
run_59 -14199.809643430566
run_6 -14199.809424738341
run_60 -14199.80940111998
run_61 -14199.809622776433
run_62 -14199.809236983154
run_63 -14199.809514284356
run_64 -14199.808891775916
run_65 -14199.809493496003
run_66 -14199.80909684291
run_67 -14199.808457430176
run_68 -14199.809602698711
run_69 -14199.809330529497
run_7 -14199.808581901503
run_70 -14199.809319425854
run_71 -14199.809436485997
run_72 -14199.809389165366
run_73 -14199.809472218949
run_74 -14199.809076303325
run_75 -14199.80953350602
run_76 -14199.80913655665
run_77 -14199.808716565462
run_78 -14199.808952955907
run_79 -14199.80867373035
run_8 -14199.809036331102
run_9 -14199.808834265797
