run_0 -14201.406381019944
run_1 -14201.405868559686
run_10 -14201.40634698288
run_11 -14201.40578340675
run_12 -14201.406064864375
run_13 -14201.405812453027
run_14 -14201.405783962404
run_15 -14201.406302143841
run_16 -14201.405208789736
run_17 -14201.405661650504
run_18 -14201.40559201068
run_19 -14201.40620653611
run_2 -14201.405731449035
run_20 -14201.406017606147
run_21 -14201.406189490921
run_22 -14201.405858899507
run_23 -14201.406025308985
run_24 -14201.406199315159
run_25 -14201.406183325249
run_26 -14201.406005467448
run_27 -14201.405716253292
run_28 -14201.405377070892
run_29 -14201.406140889885
run_3 -14201.406062591224
run_30 -14201.405545333379
run_31 -14201.405931751633
run_32 -14201.405217287775
run_33 -14201.406231384964
run_34 -14201.405574616656
run_35 -14201.40541530439
run_36 -14201.406097637606
run_37 -14201.405614735817
run_38 -14201.40630737635
run_39 -14201.405603601721
run_4 -14201.40606578852
run_40 -14201.405764239134
run_41 -14201.40626989456
run_42 -14201.406206988762
run_43 -14201.40599976652
run_44 -14201.40586856714
run_45 -14201.405582833308
run_46 -14201.406436929588
run_47 -14201.406282888067
run_48 -14201.406261948257
run_49 -14201.406198272594
run_5 -14201.40629540482
run_50 -14201.405454028369
run_51 -14201.406200655903
run_52 -14201.406123965386
run_53 -14201.40537645598
run_54 -14201.405507690804
run_55 -14201.406111587461
run_56 -14201.405580912735
run_57 -14201.40561433052
run_58 -14201.405831244021
run_59 -14201.40642095025
run_6 -14201.406220630528
run_60 -14201.40618720925
run_61 -14201.406405682646
run_62 -14201.406027452264
run_63 -14201.40628531357
run_64 -14201.405662816032
run_65 -14201.406289207458
run_66 -14201.405889092639
run_67 -14201.405233381916
run_68 -14201.40639303852
run_69 -14201.406105431404
run_7 -14201.40535351685
run_70 -14201.406100110209
run_71 -14201.406210949197
run_72 -14201.406162757688
run_73 -14201.40625998337
run_74 -14201.405859782437
run_75 -14201.40631410585
run_76 -14201.405931486792
run_77 -14201.405482826987
run_78 -14201.405706865593
run_79 -14201.405467969904
run_8 -14201.405812517205
run_9 -14201.405616856002
