run_0 -14200.952054887715
run_1 -14200.951356684414
run_10 -14200.95202395388
run_11 -14200.951314001457
run_12 -14200.951585590246
run_13 -14200.951565181284
run_14 -14200.951473311281
run_15 -14200.951971238163
run_16 -14200.950883530357
run_17 -14200.95130899125
run_18 -14200.95130296069
run_19 -14200.951805942379
run_2 -14200.951286254607
run_20 -14200.951597899715
run_21 -14200.9517107416
run_22 -14200.951583215669
run_23 -14200.951540576098
run_24 -14200.951915497662
run_25 -14200.951842305109
run_26 -14200.951598769989
run_27 -14200.951349131756
run_28 -14200.951171783567
run_29 -14200.951787679078
run_3 -14200.951700150257
run_30 -14200.951238515707
run_31 -14200.9515184903
run_32 -14200.950951956107
run_33 -14200.951888875574
run_34 -14200.951293993825
run_35 -14200.951051385255
run_36 -14200.951742635658
run_37 -14200.95125393811
run_38 -14200.951833161798
run_39 -14200.951362202042
run_4 -14200.951608294232
run_40 -14200.951445105507
run_41 -14200.951938003283
run_42 -14200.951771105669
run_43 -14200.951756491042
run_44 -14200.951439057055
run_45 -14200.951258764118
run_46 -14200.952102520048
run_47 -14200.951886659372
run_48 -14200.951877874864
run_49 -14200.951920704563
run_5 -14200.95202343043
run_50 -14200.951063577631
run_51 -14200.951810562146
run_52 -14200.951672996292
run_53 -14200.9511175784
run_54 -14200.951178744283
run_55 -14200.95191436338
run_56 -14200.951265764968
run_57 -14200.951478868163
run_58 -14200.951586978292
run_59 -14200.952014076407
run_6 -14200.951836622757
run_60 -14200.951770737855
run_61 -14200.952010817931
run_62 -14200.951609663145
run_63 -14200.95182089727
run_64 -14200.95132125029
run_65 -14200.95181814357
run_66 -14200.951612340083
run_67 -14200.950908132894
run_68 -14200.952075339002
run_69 -14200.951692392366
run_7 -14200.951040849057
run_70 -14200.951884465409
run_71 -14200.951698843004
run_72 -14200.951661292398
run_73 -14200.951967658944
run_74 -14200.951378054939
run_75 -14200.95180466559
run_76 -14200.951713846927
run_77 -14200.950974535306
run_78 -14200.951323489586
run_79 -14200.951224303117
run_8 -14200.951518855225
run_9 -14200.951266392669
