run_0 -14199.935900753302
run_1 -14199.935375343986
run_10 -14199.935849869355
run_11 -14199.935289570432
run_12 -14199.935595978688
run_13 -14199.935270645998
run_14 -14199.935235056386
run_15 -14199.93578940237
run_16 -14199.934666419816
run_17 -14199.93512120923
run_18 -14199.935074170007
run_19 -14199.935704174852
run_2 -14199.935195061684
run_20 -14199.935493276458
run_21 -14199.935714888972
run_22 -14199.935325761704
run_23 -14199.935521583087
run_24 -14199.935696754183
run_25 -14199.935667974893
run_26 -14199.935491886157
run_27 -14199.935212589618
run_28 -14199.934842555806
run_29 -14199.93562603309
run_3 -14199.935545319804
run_30 -14199.934985346412
run_31 -14199.935453194881
run_32 -14199.93467950252
run_33 -14199.935743564638
run_34 -14199.935099083272
run_35 -14199.934836972901
run_36 -14199.935584954961
run_37 -14199.935144933712
run_38 -14199.935808239512
run_39 -14199.935044277365
run_4 -14199.935585940617
run_40 -14199.935226261656
run_41 -14199.935769998086
run_42 -14199.935718763918
run_43 -14199.935477918436
run_44 -14199.93539913676
run_45 -14199.935065364989
run_46 -14199.935940517615
run_47 -14199.935773066354
run_48 -14199.93575415721
run_49 -14199.935703245155
run_5 -14199.935777023966
run_50 -14199.934968930367
run_51 -14199.935706390184
run_52 -14199.935615244482
run_53 -14199.93485961229
run_54 -14199.934995675845
run_55 -14199.935598082964
run_56 -14199.935063537094
run_57 -14199.935112651892
run_58 -14199.935300792014
run_59 -14199.935942995944
run_6 -14199.935719249464
run_60 -14199.935684390606
run_61 -14199.935918160518
run_62 -14199.935503893037
run_63 -14199.93580955312
run_64 -14199.935147234057
run_65 -14199.93578174767
run_66 -14199.935368256694
run_67 -14199.934707638815
run_68 -14199.93589263882
run_69 -14199.935621665776
run_7 -14199.93483626402
run_70 -14199.935586997577
run_71 -14199.93572971721
run_72 -14199.935695524546
run_73 -14199.93575008379
run_74 -14199.935352311437
run_75 -14199.935827210145
run_76 -14199.935386952791
run_77 -14199.934986108019
run_78 -14199.935231953546
run_79 -14199.934884917333
run_8 -14199.935293582319
run_9 -14199.935099337461
