run_0 -14191.144593190176
run_1 -14191.144120688787
run_10 -14191.144584649479
run_11 -14191.144058143771
run_12 -14191.144281372297
run_13 -14191.144178417919
run_14 -14191.144171285356
run_15 -14191.144570042998
run_16 -14191.143603565448
run_17 -14191.144046406742
run_18 -14191.143889110783
run_19 -14191.144466186826
run_2 -14191.14410356665
run_20 -14191.144333222943
run_21 -14191.144375797598
run_22 -14191.144207499674
run_23 -14191.144316359416
run_24 -14191.144475769026
run_25 -14191.14446862636
run_26 -14191.14430534745
run_27 -14191.143976391566
run_28 -14191.143724126727
run_29 -14191.144421173285
run_3 -14191.144356005414
run_30 -14191.143976909392
run_31 -14191.14417087613
run_32 -14191.14360036172
run_33 -14191.144441948767
run_34 -14191.143834634517
run_35 -14191.143890930805
run_36 -14191.144388676352
run_37 -14191.143871082171
run_38 -14191.144557362844
run_39 -14191.144030549127
run_4 -14191.14428868574
run_40 -14191.144137426669
run_41 -14191.14450660954
run_42 -14191.144393147337
run_43 -14191.144283991744
run_44 -14191.144095928255
run_45 -14191.143884821737
run_46 -14191.144686461503
run_47 -14191.144546161242
run_48 -14191.144525221971
run_49 -14191.144450295502
run_5 -14191.144561246212
run_50 -14191.143702368776
run_51 -14191.144405138948
run_52 -14191.144400623503
run_53 -14191.143713220037
run_54 -14191.143811653481
run_55 -14191.144419578934
run_56 -14191.143882969285
run_57 -14191.143931496226
run_58 -14191.144155591752
run_59 -14191.144632982228
run_6 -14191.14443777868
run_60 -14191.144449752981
run_61 -14191.14462975267
run_62 -14191.144340502218
run_63 -14191.144498409576
run_64 -14191.143992751502
run_65 -14191.144529480884
run_66 -14191.144178716582
run_67 -14191.143581609358
run_68 -14191.144631502375
run_69 -14191.144331622738
run_7 -14191.143682333404
run_70 -14191.144399856326
run_71 -14191.144429597862
run_72 -14191.144349008424
run_73 -14191.144524305597
run_74 -14191.144144718477
run_75 -14191.144544089024
run_76 -14191.144288716503
run_77 -14191.14377323915
run_78 -14191.143955900265
run_79 -14191.143945356736
run_8 -14191.144146217037
run_9 -14191.143917180529
