run_0 -14200.658211857117
run_1 -14200.657440458548
run_10 -14200.657992182023
run_11 -14200.657455910452
run_12 -14200.657801225738
run_13 -14200.657501885282
run_14 -14200.657318806032
run_15 -14200.657679528773
run_16 -14200.656743394677
run_17 -14200.65722082734
run_18 -14200.657221378358
run_19 -14200.657986026574
run_2 -14200.657131127511
run_20 -14200.657589155595
run_21 -14200.6580286293
run_22 -14200.657473395084
run_23 -14200.657540724249
run_24 -14200.657834700793
run_25 -14200.657888778609
run_26 -14200.657323476284
run_27 -14200.657403905534
run_28 -14200.656959061329
run_29 -14200.657712646913
run_3 -14200.657624295083
run_30 -14200.657087967083
run_31 -14200.657712688684
run_32 -14200.656943867398
run_33 -14200.657946104748
run_34 -14200.657360776793
run_35 -14200.656640977333
run_36 -14200.65765733103
run_37 -14200.657212442693
run_38 -14200.657746515804
run_39 -14200.657146363588
run_4 -14200.657974038117
run_40 -14200.657343617077
run_41 -14200.65786556992
run_42 -14200.657932674687
run_43 -14200.657524085615
run_44 -14200.657739845992
run_45 -14200.65715912472
run_46 -14200.657949974477
run_47 -14200.657703646459
run_48 -14200.657676349747
run_49 -14200.65794388817
run_5 -14200.65796946843
run_50 -14200.657204357878
run_51 -14200.657978908428
run_52 -14200.65778556143
run_53 -14200.656979049912
run_54 -14200.65717445597
run_55 -14200.657828933297
run_56 -14200.65718296833
run_57 -14200.657126389975
run_58 -14200.65752552812
run_59 -14200.658227685362
run_6 -14200.657897594632
run_60 -14200.657945650863
run_61 -14200.658129241481
run_62 -14200.657604591044
run_63 -14200.657920988262
run_64 -14200.657267569903
run_65 -14200.657686676423
run_66 -14200.657624670854
run_67 -14200.656866828842
run_68 -14200.65815582842
run_69 -14200.65778227567
run_7 -14200.657020141807
run_70 -14200.657797797532
run_71 -14200.657774989057
run_72 -14200.658070510432
run_73 -14200.657915233143
run_74 -14200.657545537819
run_75 -14200.657844492289
run_76 -14200.657525835297
run_77 -14200.657078973403
run_78 -14200.657258686413
run_79 -14200.656827791772
run_8 -14200.657387345123
run_9 -14200.657198822235
