Currently Loaded Modulefiles:
 1) gmp/6.2.1-gcc-13.2.0-lcnhyse <aL>             
 2) mpfr/4.2.0-gcc-13.2.0-yy2fkq5 <aL>            
 3) mpc/1.3.1-gcc-13.2.0-5kgoftq <aL>             
 4) zlib-ng/2.1.3-gcc-13.2.0-jetnfwa <aL>         
 5) zstd/1.5.5-gcc-13.2.0-t2lua3l <aL>            
 6) gcc/13.2.0-gcc-13.2.0-w55nxkl                 
 7) cmake/3.20.2-gcc-13.2.0-rp74vpv               
 8) libfabric/1.18.1-gcc-13.2.0-bijxar4 <aL>      
 9) numactl/2.0.14-gcc-13.2.0-etkf74e <aL>        
10) openssh/8.7p1-gcc-13.2.0-g55xmkx <aL>         
11) slurm/22.05.6-gcc-13.2.0-tchsn6y <aL>         
12) openmpi/4.1.5-gcc-13.2.0-24q3ap2              
13) libpciaccess/0.17-gcc-13.2.0-r2cijnn <aL>     
14) libiconv/1.17-gcc-13.2.0-ntov4te <aL>         
15) xz/5.4.1-gcc-13.2.0-4xkm5xo <aL>              
16) libxml2/2.10.3-gcc-13.2.0-fr6jcjz <aL>        
17) ncurses/6.4-gcc-13.2.0-4o2yj6n <aL>           
18) hwloc/2.9.1-gcc-13.2.0-gzvfolk <aL>           
19) intel-tbb/2021.9.0-gcc-13.2.0-6nwk3ml <aL>    
20) intel-oneapi-mkl/2023.2.0-gcc-13.2.0-ohvyk7g  

Key:
<module-tag>  <aL>=auto-loaded  
/central/groups/changroup/members/lppeng/holmium/run/paper_final/run_ErCO34/conf2/GS/run_22
Tue Apr 15 21:08:08 PDT 2025
hpc-93-21.cm.cluster
--------------------------------------------------------------------------
WARNING: There was an error initializing an OpenFabrics device.

  Local host:   hpc-93-21
  Local device: mlx5_0
--------------------------------------------------------------------------
Apr 15 21:08:12 ####### 
                ####### libDMET   version 0.5
                ####### A periodic DMET library for lattice model and realistic solid.
                ####### 
#INFO: **** input file is /central/groups/changroup/members/lppeng/holmium/run/paper_final/run_ErCO34/conf2/GS/run_22/ground_state.py ****
'''
Example input to calculate the ground state of a molecular system
Include x2c relativistic effect
'''
import pyscf
from pyscf.scf.hf import RHF
from pyscf.dft.uks import UKS
from pyscf.dft.gks import GKS
from pyscf import lib
import os, sys
import numpy as np
import scipy.linalg as la
from scipy.linalg import sqrtm, eigh
from scipy.optimize import root
np.set_printoptions(precision=12, threshold=sys.maxsize, linewidth=190, suppress=True)
log = lib.logger.Logger(sys.stdout, 4)

if __name__ == "__main__":
    from pyscf import gto, scf, dft, lib
    from pyscf.lib import chkfile
    from stevens import cdft, project, utils
    from stevens.project import get_mj

    # system input
    geometry = 'ErCO34' # The name of geometry file minus ".xyz"
                       # Make sure first atom is the central magnetic atom 
    spin = 3 # number of unpaired electrons in a unit cell
    charge = -5 # charge of the molecule or a unit cell
    basis = {'default': '631g', 'Er': 'sarc-dkh'} # specify basis for all elements here
    max_memory = 80000 # in the unit of MB. Recommend: memory available on a node - 10000 MB
    qmmm = True # add environment with classical charges

    # (c)HF/DFT parameters
    xc = 'HF' # functional
    smearing = None # To help HF/DFT converge, try e.g. 5e-2
    chkfname_guess = 'minao' # initial guess. 'minao' for default PySCF guess; None for constrained HF; 
                # path to a checkpoint file to restart from a SCF solution.
                # 'project' to project from the SCF solution in a small basis to generate the initial guess
    chkfname_small = '../gs_small_%s.chk'%geometry # checkpoint file in a small basis. Used when chkfname_guess == 'project'
    basis_small = {'default': 'minao', 'Er': 'cc-x2c-minao'}# the small basis associated with chkfname_small
    change_dm_mode = 'rotate' # None: no change
                          # 'positive_z': set the 4f block of dm so that J~(0,0,J)
                          # 'rotate': rotate the 4f block of dm by some angles
    atom_index = 0 # the index of central lanthanide atom
    occ_idx = 22
    noise = 0 # max noise on density matrix initial guess

    # constrained HF parameters for the initial guess
    ao_shell = 'f'
    lo_chkfname = '../../UHF/uhf_gs_%s_lo.h5'%geometry  
    multiplier0 = 0.1
    # END USER INPUT

    # set up system
    if os.path.isfile('../../' + geometry + ".xyz"):
        mol = gto.M(
            atom = '../../' + geometry + ".xyz",
            basis = basis,
            verbose = 4,
            spin = spin,
            charge = charge,
            max_memory = max_memory,
            )
        mol.set_common_origin(mol._atom[atom_index][1])
    else:
        raise ValueError("No .xyz file available!")
    log.info("N_elec %s, N_ao %s"%(mol.nelec, mol.nao))

    # generate HF/DFT initial guess
    if chkfname_guess == 'minao':
        mf = scf.GKS(mol).x2c()
        dm0 = mf.get_init_guess()
        print("Use PySCF default init guess")
        dm0 = utils.change_dm_guess(mol, dm0, 'positive_z', atom_index=atom_index, occ_idx=occ_idx) ###
    elif chkfname_guess is None:
        # run constrained DFT
        angles = cdft.sample_rotation('xyz', occ_idx, unit=20)
        from scipy.spatial.transform import Rotation
        direction = Rotation.from_euler('zyz', angles, degrees=False) @ [0,0,1]
        cmf = cdft.CGKS(mol, direction, multiplier_guess=multiplier0, max_cycle=300,
                atom_index=atom_index, ao_shell='f', lo_chkfname=lo_chkfname, xc=xc, smearing=smearing)
        cmf.kernel()
        dm0 = cmf._scf.make_rdm1()
        print("Contrained SCF solution as init guess")
    elif chkfname_guess == 'project':
        # project dm0 in a small basis to the larger basis 
        dm0 = utils.project_dm_from_small_basis(mol, basis_small, chkfname_small, change_dm_mode, atom_index=atom_index, occ_idx=occ_idx)
        print("Project wavefunction in a smaller basis to the target basis as init guess")
    else:
        mf = scf.GKS(mol).x2c()
        data = chkfile.load(chkfname_guess, 'scf')
        mf.__dict__.update(data)
        dm0 = mf.make_rdm1()
        mf.analyze(with_meta_lowdin=False)
        print("Load .chk file for init guess")
    if change_dm_mode is not None and not chkfname_guess == 'project': # when chkfname_guess == 'project', change in small basis
        dm0 = utils.change_dm_guess(mol, dm0, change_dm_mode, atom_index=atom_index, occ_idx=occ_idx)
    dm0 += (np.random.rand(*(dm0.shape)) - 0.5) * noise  
    print("J vector of initial guess", get_mj(mol, dm0, analyze=True))

    # run HF/DFT
    mf = scf.GKS(mol).x2c()
    mf.xc = xc
    if xc.upper() != 'HF':
        mf.collinear = 'mcol'
        mf.grids.level = 6 
    mf.chkfile = 'gs_' + geometry + '.chk' 
    mf.max_cycle = 3000 
    if smearing is not None:
        mf = scf.addons.smearing_(mf, sigma=smearing, method="fermi")
    if qmmm: # add the precomputed potential from environmental classical charges 
        get_hcore_original = mf.get_hcore
        hcore_mm = np.load('../../mm_hcore.npy')
        def get_hcore_mm(self, mol=None):
            return get_hcore_original(mol=mol) + la.block_diag(hcore_mm, hcore_mm)
        import types
        mf.get_hcore = types.MethodType(get_hcore_mm, mf)
    mf.kernel(dm0=dm0)
    dm = mf.make_rdm1()
    print("S vector", get_mj(mol, dm, include_L=False))
    print("L vector", get_mj(mol, dm, include_S=False))
    print("J vector", get_mj(mol, dm))
#INFO: ******************** input file end ********************


System: uname_result(system='Linux', node='hpc-93-21.cm.cluster', release='5.14.0-362.24.1.el9_3.x86_64', version='#1 SMP PREEMPT_DYNAMIC Thu Feb 15 07:18:13 EST 2024', machine='x86_64')  Threads 16
Python 3.11.6 | packaged by conda-forge | (main, Oct  3 2023, 10:40:35) [GCC 12.3.0]
numpy 1.26.0  scipy 1.11.3
Date: Tue Apr 15 21:08:14 2025
PySCF version 2.5.0
PySCF path  /home/lppeng/anaconda3/envs/nerscV25/lib/python3.11/site-packages/pyscf

[CONFIG] conf_file None
[INPUT] verbose = 4
[INPUT] num. atoms = 17
[INPUT] num. electrons = 193
[INPUT] charge = -5
[INPUT] spin (= nelec alpha-beta = 2S) = 3
[INPUT] symmetry False subgroup None
[INPUT] Mole.unit = angstrom
[INPUT] Symbol           X                Y                Z      unit          X                Y                Z       unit  Magmom
[INPUT]  1 Er     0.983621000000  15.502244000000  16.207915000000 AA    1.858774300371  29.294995476182  30.628520400230 Bohr   0.0
[INPUT]  2 O      1.999162000000  14.046589000000  17.748158000000 AA    3.777868658638  26.544206194328  33.539157835508 Bohr   0.0
[INPUT]  3 O      0.849859000000  13.239725000000  19.509454000000 AA    1.606000754497  25.019454214557  36.867524899800 Bohr   0.0
[INPUT]  4 O     -0.191063000000  14.330252000000  17.844156000000 AA   -0.361056742538  27.080251576001  33.720567764014 Bohr   0.0
[INPUT]  5 O      0.075398000000  13.922617000000  14.734947000000 AA    0.142481570340  26.309933067214  27.845014289982 Bohr   0.0
[INPUT]  6 O      1.310036000000  13.048514000000  13.067690000000 AA    2.475609253321  24.658117792553  24.694355180718 Bohr   0.0
[INPUT]  7 O      2.203594000000  14.429009000000  14.574295000000 AA    4.164189149735  27.266875258884  27.541426008618 Bohr   0.0
[INPUT]  8 O     -1.142155000000  16.458779000000  15.996655000000 AA   -2.158360141803  31.102584654743  30.229296859154 Bohr   0.0
[INPUT]  9 O      0.436800000000  17.108053000000  14.609560000000 AA    0.825432371210  32.329534694544  27.608067200401 Bohr   0.0
[INPUT] 10 O      1.479297000000  17.162683000000  17.755992000000 AA    2.795466186891  32.432770432729  33.553961949968 Bohr   0.0
[INPUT] 11 O      3.574079000000  17.921221000000  18.087093000000 AA    6.754030457559  33.866199507804  34.179652159538 Bohr   0.0
[INPUT] 12 O      3.086741000000  16.549131000000  16.376735000000 AA    5.833095107466  31.273325189550  30.947543964579 Bohr   0.0
[INPUT] 13 C      0.893280000000  13.851177000000  18.394684000000 AA    1.688054552551  26.174931032875  34.760914907919 Bohr   0.0
[INPUT] 14 C      1.209619000000  13.783938000000  14.098216000000 AA    2.285848625070  26.047867737985  26.641767084961 Bohr   0.0
[INPUT] 15 C     -0.820004000000  17.160582000000  14.960252000000 AA   -1.549582981048  32.428800118141  28.270779034477 Bohr   0.0
[INPUT] 16 C      2.757666000000  17.225719000000  17.422934000000 AA    5.211233483025  32.551891208717  32.924573546373 Bohr   0.0
[INPUT] 17 O     -1.665533000000  17.832969000000  14.307847000000 AA   -3.147401221425  33.699427397859  27.037912262180 Bohr   0.0

nuclear repulsion = 2660.00686642269
number of shells = 122
number of NR pGTOs = 525
number of NR cGTOs = 264
basis = {'default': '631g', 'Er': 'sarc-dkh'}
ecp = {}
CPU time:         4.88
N_elec (98, 95), N_ao 264
Initial guess from minao.
Use PySCF default init guess
Updated f-block dm with J~(0,0,J)
(3, 264, 264) 264
Haar random target direction [0.5877852522924731, 0.0, 0.8090169943749475]
Haar random total rotation [0.     0.6283 0.    ]
Rotated f-block dm by angles from +z [0.     0.6283 0.    ]
(3, 264, 264) 264
elemental J of ['C' 'Er' 'O']
   C 0.4607+0.0165j 0.0000+0.0000j 0.0000+0.0033j 
  Er 2.6569-0.0007j 0.0000+0.0000j 7.3632-0.0004j 
   O 1.8119-0.0159j 0.0000+0.0000j -0.0000-0.0029j 
J vector of initial guess [4.9296-0.j 0.    +0.j 7.3632+0.j]


******** <class 'pyscf.x2c.x2c.X2C1eGKS'> ********
method = X2C1eGKS
initial guess = minao
damping factor = 0
level_shift factor = 0
DIIS = <class 'pyscf.scf.diis.CDIIS'>
diis_start_cycle = 1
diis_space = 8
diis_damp = 0
SCF conv_tol = 1e-09
SCF conv_tol_grad = None
SCF max_cycles = 3000
direct_scf = True
direct_scf_tol = 1e-13
chkfile to save SCF result = gs_ErCO34.chk
max_memory 80000 MB (current use 193 MB)
XC library pyscf.dft.libxc version 6.1.0
    S. Lehtola, C. Steigemann, M. J.T. Oliveira, and M. A.L. Marques.,  SoftwareX 7, 1–5 (2018)
XC functionals = HF

radial grids: 
    Treutler-Ahlrichs [JCP 102, 346 (1995); DOI:10.1063/1.469408] (M4) radial grids
    
becke partition: Becke, JCP 88, 2547 (1988); DOI:10.1063/1.454033
pruning grids: <function nwchem_prune at 0x7f7fe19a9e40>
grids dens level: 3
symmetrized grids: False
atomic radii adjust function: <function treutler_atomic_radii_adjust at 0x7f7fe19aa480>
small_rho_cutoff = 1e-07
collinear = col


******** <class 'pyscf.x2c.x2c.SpinOrbitalX2CHelper'> ********
approx = 1e
xuncontract = 1
Overwritten attributes  get_hcore  of <class 'pyscf.x2c.x2c.X2C1eGKS'>
Set gradient conv threshold to 3.16228e-05
tot grids = 247904
init E= -14183.6548400096
  HOMO = -0.895160146042817  LUMO = -0.579124823121435
cycle= 1 E= -14189.9185972675  delta_E= -6.26  |g|= 2.65  |ddm|= 3.82
  HOMO = 0.146058795052801  LUMO = 0.267058744079343
cycle= 2 E= -14190.6304799857  delta_E= -0.712  |g|= 1.61  |ddm|= 2.65
  HOMO = -0.00246902575085686  LUMO = 0.260522011251303
cycle= 3 E= -14191.130520622  delta_E= -0.5  |g|= 0.244  |ddm|= 1.08
  HOMO = -0.013856711453226  LUMO = 0.259815898123955
cycle= 4 E= -14191.1399046378  delta_E= -0.00938  |g|= 0.0553  |ddm|= 0.153
  HOMO = -0.0108646737296195  LUMO = 0.259561720785917
cycle= 5 E= -14191.1414540252  delta_E= -0.00155  |g|= 0.0268  |ddm|= 0.0584
  HOMO = -0.0137910826944752  LUMO = 0.259583885572557
cycle= 6 E= -14191.1423787028  delta_E= -0.000925  |g|= 0.0202  |ddm|= 0.0392
  HOMO = -0.0143006098869844  LUMO = 0.259469982225672
cycle= 7 E= -14191.1432257518  delta_E= -0.000847  |g|= 0.0159  |ddm|= 0.0374
  HOMO = -0.0143750208174061  LUMO = 0.259512046239423
cycle= 8 E= -14191.1441796219  delta_E= -0.000954  |g|= 0.0102  |ddm|= 0.0562
  HOMO = -0.0139112916590356  LUMO = 0.25951657141806
cycle= 9 E= -14191.1445951453  delta_E= -0.000416  |g|= 0.00482  |ddm|= 0.0475
  HOMO = -0.0139989735461835  LUMO = 0.259526368797443
cycle= 10 E= -14191.1446765932  delta_E= -8.14e-05  |g|= 0.00241  |ddm|= 0.0218
  HOMO = -0.0143101933877025  LUMO = 0.259527274645363
cycle= 11 E= -14191.1446918666  delta_E= -1.53e-05  |g|= 0.00165  |ddm|= 0.00766
  HOMO = -0.01433054505808  LUMO = 0.259523934392388
cycle= 12 E= -14191.1446972738  delta_E= -5.41e-06  |g|= 0.00143  |ddm|= 0.00315
  HOMO = -0.0143533525000338  LUMO = 0.259522842605784
cycle= 13 E= -14191.1447018596  delta_E= -4.59e-06  |g|= 0.00128  |ddm|= 0.00271
  HOMO = -0.0143616346992581  LUMO = 0.259524721043292
cycle= 14 E= -14191.1447068377  delta_E= -4.98e-06  |g|= 0.00118  |ddm|= 0.00296
  HOMO = -0.0143645621806138  LUMO = 0.259525005009355
cycle= 15 E= -14191.1447144772  delta_E= -7.64e-06  |g|= 0.00104  |ddm|= 0.00498
  HOMO = -0.0143136654595633  LUMO = 0.259523016994973
cycle= 16 E= -14191.1447248309  delta_E= -1.04e-05  |g|= 0.000821  |ddm|= 0.00838
  HOMO = -0.0143470868964304  LUMO = 0.259526900748165
cycle= 17 E= -14191.1447327283  delta_E= -7.9e-06  |g|= 0.000576  |ddm|= 0.00945
  HOMO = -0.0143592062651998  LUMO = 0.259524446093268
cycle= 18 E= -14191.1447360473  delta_E= -3.32e-06  |g|= 0.000411  |ddm|= 0.00672
  HOMO = -0.0143570363250347  LUMO = 0.259524312584815
cycle= 19 E= -14191.1447369  delta_E= -8.53e-07  |g|= 0.000355  |ddm|= 0.00251
  HOMO = -0.0143544627177044  LUMO = 0.259524206592108
cycle= 20 E= -14191.1447373372  delta_E= -4.37e-07  |g|= 0.000335  |ddm|= 0.00116
  HOMO = -0.0143571156350011  LUMO = 0.25952441511345
cycle= 21 E= -14191.1447377586  delta_E= -4.21e-07  |g|= 0.00032  |ddm|= 0.000992
  HOMO = -0.0143494935014896  LUMO = 0.259524104471946
cycle= 22 E= -14191.1447382554  delta_E= -4.97e-07  |g|= 0.000305  |ddm|= 0.00118
  HOMO = -0.0143471662174087  LUMO = 0.259524538471387
cycle= 23 E= -14191.1447389443  delta_E= -6.89e-07  |g|= 0.000289  |ddm|= 0.00169
  HOMO = -0.0143519978176226  LUMO = 0.259524481241803
cycle= 24 E= -14191.1447397305  delta_E= -7.86e-07  |g|= 0.000271  |ddm|= 0.00206
  HOMO = -0.014346140392474  LUMO = 0.25952418265985
cycle= 25 E= -14191.1447406341  delta_E= -9.04e-07  |g|= 0.000254  |ddm|= 0.00255
  HOMO = -0.0143522726818735  LUMO = 0.259524671599125
cycle= 26 E= -14191.1447414111  delta_E= -7.77e-07  |g|= 0.000239  |ddm|= 0.00246
  HOMO = -0.0143529717760401  LUMO = 0.259524384746477
cycle= 27 E= -14191.1447422244  delta_E= -8.13e-07  |g|= 0.000223  |ddm|= 0.00281
  HOMO = -0.0143515050217491  LUMO = 0.259524512294002
cycle= 28 E= -14191.1447428571  delta_E= -6.33e-07  |g|= 0.000211  |ddm|= 0.00241
  HOMO = -0.0143501977897676  LUMO = 0.259524372400325
cycle= 29 E= -14191.1447436261  delta_E= -7.69e-07  |g|= 0.000194  |ddm|= 0.00323
  HOMO = -0.0143533143082487  LUMO = 0.259524691387163
cycle= 30 E= -14191.144744333  delta_E= -7.07e-07  |g|= 0.000178  |ddm|= 0.00342
  HOMO = -0.0143511965948707  LUMO = 0.259524444372007
cycle= 31 E= -14191.1447447507  delta_E= -4.18e-07  |g|= 0.000169  |ddm|= 0.00228
  HOMO = -0.0143522459893642  LUMO = 0.259524659592119
cycle= 32 E= -14191.1447450442  delta_E= -2.94e-07  |g|= 0.000163  |ddm|= 0.00168
  HOMO = -0.0143541536645448  LUMO = 0.259524673002195
cycle= 33 E= -14191.1447452919  delta_E= -2.48e-07  |g|= 0.000158  |ddm|= 0.00135
  HOMO = -0.0143515647837126  LUMO = 0.259524642374462
cycle= 34 E= -14191.1447455275  delta_E= -2.36e-07  |g|= 0.000153  |ddm|= 0.00124
  HOMO = -0.0143532566232396  LUMO = 0.259524703904608
cycle= 35 E= -14191.1447456878  delta_E= -1.6e-07  |g|= 0.000151  |ddm|= 0.000821
  HOMO = -0.014352685115369  LUMO = 0.259524618009198
cycle= 36 E= -14191.1447458674  delta_E= -1.8e-07  |g|= 0.000148  |ddm|= 0.000901
  HOMO = -0.0143526966422186  LUMO = 0.259524708674189
cycle= 37 E= -14191.1447460828  delta_E= -2.15e-07  |g|= 0.000146  |ddm|= 0.00106
  HOMO = -0.0143530216151323  LUMO = 0.259524622037413
cycle= 38 E= -14191.1447462996  delta_E= -2.17e-07  |g|= 0.000144  |ddm|= 0.00108
  HOMO = -0.0143539200631344  LUMO = 0.259524736859159
cycle= 39 E= -14191.1447464675  delta_E= -1.68e-07  |g|= 0.000143  |ddm|= 0.000832
  HOMO = -0.0143535513683622  LUMO = 0.25952470113457
cycle= 40 E= -14191.1447465773  delta_E= -1.1e-07  |g|= 0.000143  |ddm|= 0.000546
  HOMO = -0.0143537476347873  LUMO = 0.259524741653344
cycle= 41 E= -14191.1447466867  delta_E= -1.09e-07  |g|= 0.000143  |ddm|= 0.000537
  HOMO = -0.0143538774279614  LUMO = 0.259524733913411
cycle= 42 E= -14191.1447468667  delta_E= -1.8e-07  |g|= 0.000142  |ddm|= 0.000879
  HOMO = -0.0143530403151337  LUMO = 0.259524747493411
cycle= 43 E= -14191.1447471185  delta_E= -2.52e-07  |g|= 0.000141  |ddm|= 0.00123
  HOMO = -0.0143537606577595  LUMO = 0.259524751870101
cycle= 44 E= -14191.1447473705  delta_E= -2.52e-07  |g|= 0.000141  |ddm|= 0.00123
  HOMO = -0.0143535523010165  LUMO = 0.259524736921513
cycle= 45 E= -14191.1447476469  delta_E= -2.76e-07  |g|= 0.00014  |ddm|= 0.00136
  HOMO = -0.014353983467024  LUMO = 0.259524838954
cycle= 46 E= -14191.144748056  delta_E= -4.09e-07  |g|= 0.00014  |ddm|= 0.00202
  HOMO = -0.014354472054086  LUMO = 0.259524802564809
cycle= 47 E= -14191.1447484824  delta_E= -4.26e-07  |g|= 0.000139  |ddm|= 0.00213
  HOMO = -0.0143552015169808  LUMO = 0.259524894404967
cycle= 48 E= -14191.1447488875  delta_E= -4.05e-07  |g|= 0.000138  |ddm|= 0.00203
  HOMO = -0.0143549637472222  LUMO = 0.259524865223884
cycle= 49 E= -14191.1447492063  delta_E= -3.19e-07  |g|= 0.000138  |ddm|= 0.0016
  HOMO = -0.0143552683377771  LUMO = 0.259524902651082
cycle= 50 E= -14191.1447495386  delta_E= -3.32e-07  |g|= 0.000138  |ddm|= 0.00168
  HOMO = -0.0143555145014679  LUMO = 0.259524890610478
cycle= 51 E= -14191.144750135  delta_E= -5.96e-07  |g|= 0.000137  |ddm|= 0.00303
  HOMO = -0.0143550737753457  LUMO = 0.259524978669339
cycle= 52 E= -14191.144751009  delta_E= -8.74e-07  |g|= 0.000136  |ddm|= 0.00448
  HOMO = -0.0143561731364763  LUMO = 0.25952501252121
cycle= 53 E= -14191.1447516388  delta_E= -6.3e-07  |g|= 0.000135  |ddm|= 0.00326
  HOMO = -0.0143561152083503  LUMO = 0.259525024239445
cycle= 54 E= -14191.1447521527  delta_E= -5.14e-07  |g|= 0.000135  |ddm|= 0.00268
  HOMO = -0.0143567110424409  LUMO = 0.259525149520433
cycle= 55 E= -14191.1447527696  delta_E= -6.17e-07  |g|= 0.000134  |ddm|= 0.00323
  HOMO = -0.0143571551496473  LUMO = 0.259525111430331
cycle= 56 E= -14191.1447533178  delta_E= -5.48e-07  |g|= 0.000134  |ddm|= 0.00288
  HOMO = -0.014357712940836  LUMO = 0.259525175830071
cycle= 57 E= -14191.1447538804  delta_E= -5.63e-07  |g|= 0.000133  |ddm|= 0.00296
  HOMO = -0.0143578125908602  LUMO = 0.259525161699441
cycle= 58 E= -14191.1447545779  delta_E= -6.98e-07  |g|= 0.000133  |ddm|= 0.00369
  HOMO = -0.0143584311453223  LUMO = 0.259525228191803
cycle= 59 E= -14191.1447553091  delta_E= -7.31e-07  |g|= 0.000132  |ddm|= 0.00389
  HOMO = -0.0143589890692567  LUMO = 0.259525248432788
cycle= 60 E= -14191.1447563669  delta_E= -1.06e-06  |g|= 0.000132  |ddm|= 0.00567
  HOMO = -0.0143592008320243  LUMO = 0.259525344968287
cycle= 61 E= -14191.1447572347  delta_E= -8.68e-07  |g|= 0.000131  |ddm|= 0.00469
  HOMO = -0.0143618998631411  LUMO = 0.259525559423425
cycle= 62 E= -14191.1447604364  delta_E= -3.2e-06  |g|= 0.000133  |ddm|= 0.0177
  HOMO = -0.014361951857069  LUMO = 0.25952556465269
cycle= 63 E= -14191.1447612968  delta_E= -8.6e-07  |g|= 0.000131  |ddm|= 0.0049
  HOMO = -0.0143627097389495  LUMO = 0.259525652732289
cycle= 64 E= -14191.1447618881  delta_E= -5.91e-07  |g|= 0.000127  |ddm|= 0.00337
  HOMO = -0.0143631440962574  LUMO = 0.259525789943926
cycle= 65 E= -14191.1447641878  delta_E= -2.3e-06  |g|= 0.000141  |ddm|= 0.0135
  HOMO = -0.0143632409601783  LUMO = 0.259525731205612
cycle= 66 E= -14191.1447642588  delta_E= -7.1e-08  |g|= 0.000125  |ddm|= 0.000387
  HOMO = -0.0143654459802438  LUMO = 0.259526009085544
cycle= 67 E= -14191.1447667713  delta_E= -2.51e-06  |g|= 0.000137  |ddm|= 0.0153
  HOMO = -0.0143667889462445  LUMO = 0.259526092614661
cycle= 68 E= -14191.1447696177  delta_E= -2.85e-06  |g|= 0.000133  |ddm|= 0.0182
  HOMO = -0.0143675336299926  LUMO = 0.259526330477803
cycle= 69 E= -14191.1447703234  delta_E= -7.06e-07  |g|= 0.000134  |ddm|= 0.00458
  HOMO = -0.0143696084666653  LUMO = 0.259526397451781
cycle= 70 E= -14191.1447721628  delta_E= -1.84e-06  |g|= 0.000109  |ddm|= 0.0128
  HOMO = -0.0143700250278147  LUMO = 0.259526587643788
cycle= 71 E= -14191.1447743394  delta_E= -2.18e-06  |g|= 0.000159  |ddm|= 0.0164
  HOMO = -0.0143698968680855  LUMO = 0.259526568002533
cycle= 72 E= -14191.1447734606  delta_E= 8.79e-07  |g|= 0.000206  |ddm|= 0.00701
  HOMO = -0.0143706715865219  LUMO = 0.259526663631584
cycle= 73 E= -14191.1447746191  delta_E= -1.16e-06  |g|= 0.000105  |ddm|= 0.00887
  HOMO = -0.0143707899979441  LUMO = 0.25952662381524
cycle= 74 E= -14191.1447749004  delta_E= -2.81e-07  |g|= 0.000109  |ddm|= 0.00215
  HOMO = -0.0143711303977054  LUMO = 0.2595267332767
cycle= 75 E= -14191.1447756231  delta_E= -7.23e-07  |g|= 0.000102  |ddm|= 0.00581
  HOMO = -0.0143713478816665  LUMO = 0.25952673102638
cycle= 76 E= -14191.1447762114  delta_E= -5.88e-07  |g|= 0.000101  |ddm|= 0.00471
  HOMO = -0.0143721646066118  LUMO = 0.259526824949094
cycle= 77 E= -14191.1447764595  delta_E= -2.48e-07  |g|= 9.72e-05  |ddm|= 0.00194
  HOMO = -0.0143719913528607  LUMO = 0.259526820588496
cycle= 78 E= -14191.1447769516  delta_E= -4.92e-07  |g|= 9.59e-05  |ddm|= 0.00398
  HOMO = -0.0143732198226407  LUMO = 0.259526967306229
cycle= 79 E= -14191.1447776253  delta_E= -6.74e-07  |g|= 9.38e-05  |ddm|= 0.00552
  HOMO = -0.0143733859600261  LUMO = 0.25952692803476
cycle= 80 E= -14191.1447780195  delta_E= -3.94e-07  |g|= 9.34e-05  |ddm|= 0.00319
  HOMO = -0.0143724655396529  LUMO = 0.259527053863148
cycle= 81 E= -14191.1447783874  delta_E= -3.68e-07  |g|= 8.97e-05  |ddm|= 0.00296
  HOMO = -0.0143739360972288  LUMO = 0.259527019900603
cycle= 82 E= -14191.1447789022  delta_E= -5.15e-07  |g|= 8.74e-05  |ddm|= 0.00445
  HOMO = -0.0143737996178289  LUMO = 0.259527053861506
cycle= 83 E= -14191.1447794965  delta_E= -5.94e-07  |g|= 8.29e-05  |ddm|= 0.00521
  HOMO = -0.0143738504619552  LUMO = 0.259527173196335
cycle= 84 E= -14191.1447796942  delta_E= -1.98e-07  |g|= 8.07e-05  |ddm|= 0.00184
  HOMO = -0.0143742055820327  LUMO = 0.259527185525289
cycle= 85 E= -14191.1447799854  delta_E= -2.91e-07  |g|= 7.91e-05  |ddm|= 0.00273
  HOMO = -0.0143752187894868  LUMO = 0.259527319188823
cycle= 86 E= -14191.1447803984  delta_E= -4.13e-07  |g|= 7.71e-05  |ddm|= 0.00396
  HOMO = -0.0143748829261549  LUMO = 0.259527288694468
cycle= 87 E= -14191.144780592  delta_E= -1.94e-07  |g|= 7.6e-05  |ddm|= 0.00191
  HOMO = -0.0143753540721681  LUMO = 0.259527356465402
cycle= 88 E= -14191.1447808481  delta_E= -2.56e-07  |g|= 7.47e-05  |ddm|= 0.00255
  HOMO = -0.014374959105653  LUMO = 0.259527408186641
cycle= 89 E= -14191.1447810924  delta_E= -2.44e-07  |g|= 7.33e-05  |ddm|= 0.0024
  HOMO = -0.0143752638332075  LUMO = 0.259527392365468
cycle= 90 E= -14191.1447810389  delta_E= 5.35e-08  |g|= 7.21e-05  |ddm|= 0.000719
  HOMO = -0.0143751503634221  LUMO = 0.259527412818329
cycle= 91 E= -14191.1447811514  delta_E= -1.13e-07  |g|= 7.09e-05  |ddm|= 0.00111
  HOMO = -0.0143755260859208  LUMO = 0.259527423945405
cycle= 92 E= -14191.1447814085  delta_E= -2.57e-07  |g|= 6.98e-05  |ddm|= 0.00261
  HOMO = -0.0143755306494679  LUMO = 0.259527515942858
cycle= 93 E= -14191.1447817129  delta_E= -3.04e-07  |g|= 6.87e-05  |ddm|= 0.00318
  HOMO = -0.0143761475564781  LUMO = 0.259527574362144
cycle= 94 E= -14191.1447823947  delta_E= -6.82e-07  |g|= 6.63e-05  |ddm|= 0.00745
  HOMO = -0.0143764918214745  LUMO = 0.259527694786644
cycle= 95 E= -14191.1447830132  delta_E= -6.19e-07  |g|= 6.51e-05  |ddm|= 0.00718
  HOMO = -0.0143773411461346  LUMO = 0.259527830477726
cycle= 96 E= -14191.1447833716  delta_E= -3.58e-07  |g|= 6.35e-05  |ddm|= 0.00428
  HOMO = -0.0143776032575543  LUMO = 0.259527835593065
cycle= 97 E= -14191.144783673  delta_E= -3.01e-07  |g|= 6.16e-05  |ddm|= 0.00366
  HOMO = -0.0143781390231582  LUMO = 0.259527926855743
cycle= 98 E= -14191.1447838761  delta_E= -2.03e-07  |g|= 6.02e-05  |ddm|= 0.00253
  HOMO = -0.0143779145657899  LUMO = 0.259527916180947
cycle= 99 E= -14191.1447841402  delta_E= -2.64e-07  |g|= 6.01e-05  |ddm|= 0.00336
  HOMO = -0.0143788541389161  LUMO = 0.259527976053393
cycle= 100 E= -14191.1447845258  delta_E= -3.86e-07  |g|= 5.74e-05  |ddm|= 0.00514
  HOMO = -0.0143792167423261  LUMO = 0.259528137128377
cycle= 101 E= -14191.1447852516  delta_E= -7.26e-07  |g|= 5.78e-05  |ddm|= 0.0106
  HOMO = -0.0143798932140121  LUMO = 0.259528222543831
cycle= 102 E= -14191.1447855327  delta_E= -2.81e-07  |g|= 4.95e-05  |ddm|= 0.0045
  HOMO = -0.0143797069733142  LUMO = 0.259528336203588
cycle= 103 E= -14191.1447858596  delta_E= -3.27e-07  |g|= 4.84e-05  |ddm|= 0.00556
  HOMO = -0.0143809649309003  LUMO = 0.259528486892301
cycle= 104 E= -14191.1447864404  delta_E= -5.81e-07  |g|= 4.77e-05  |ddm|= 0.0111
  HOMO = -0.0143824752213566  LUMO = 0.259528748786775
cycle= 105 E= -14191.1447869726  delta_E= -5.32e-07  |g|= 4.71e-05  |ddm|= 0.0123
  HOMO = -0.0143825392346157  LUMO = 0.259528824579624
cycle= 106 E= -14191.1447871331  delta_E= -1.6e-07  |g|= 3.51e-05  |ddm|= 0.00437
  HOMO = -0.0143841156544645  LUMO = 0.259529024136332
cycle= 107 E= -14191.1447876302  delta_E= -4.97e-07  |g|= 5.61e-05  |ddm|= 0.0179
  HOMO = -0.0143844329613001  LUMO = 0.259529188442255
cycle= 108 E= -14191.1447877209  delta_E= -9.06e-08  |g|= 3.93e-05  |ddm|= 0.00487
  HOMO = -0.0143845687945009  LUMO = 0.259529196655651
cycle= 109 E= -14191.1447877598  delta_E= -3.9e-08  |g|= 2.57e-05  |ddm|= 0.00249
  HOMO = -0.0143847182648202  LUMO = 0.25952931354775
cycle= 110 E= -14191.1447878153  delta_E= -5.55e-08  |g|= 2.98e-05  |ddm|= 0.00428
  HOMO = -0.0143852095478468  LUMO = 0.259529397817804
cycle= 111 E= -14191.1447878638  delta_E= -4.86e-08  |g|= 2.14e-05  |ddm|= 0.00546
  HOMO = -0.0143854704853571  LUMO = 0.259529486068805
cycle= 112 E= -14191.1447878836  delta_E= -1.98e-08  |g|= 2.65e-05  |ddm|= 0.00397
  HOMO = -0.0143857225303905  LUMO = 0.259529515899514
cycle= 113 E= -14191.1447878897  delta_E= -6.05e-09  |g|= 2.23e-05  |ddm|= 0.00284
  HOMO = -0.014385850213105  LUMO = 0.259529539349275
cycle= 114 E= -14191.1447878903  delta_E= -6.62e-10  |g|= 1.89e-05  |ddm|= 0.00112
  HOMO = -0.014385830857248  LUMO = 0.259529537455149
Extra cycle  E= -14191.1447878908  delta_E= -4.8e-10  |g|= 1.79e-05  |ddm|= 1.97e-05
converged SCF energy = -14191.1447878908  <S^2> = 3.6971413  2S+1 = 3.9734827
(3, 264, 264) 264
S vector [0.0873+0.j 0.0195-0.j 1.4467-0.j]
(3, 264, 264) 264
L vector [0.3615-0.j 0.081 +0.j 6.0204-0.j]
(3, 264, 264) 264
J vector [0.4488-0.j 0.1005+0.j 7.4671-0.j]
Tue Apr 15 21:14:07 PDT 2025
