Currently Loaded Modulefiles:
 1) gmp/6.2.1-gcc-13.2.0-lcnhyse <aL>             
 2) mpfr/4.2.0-gcc-13.2.0-yy2fkq5 <aL>            
 3) mpc/1.3.1-gcc-13.2.0-5kgoftq <aL>             
 4) zlib-ng/2.1.3-gcc-13.2.0-jetnfwa <aL>         
 5) zstd/1.5.5-gcc-13.2.0-t2lua3l <aL>            
 6) gcc/13.2.0-gcc-13.2.0-w55nxkl                 
 7) cmake/3.20.2-gcc-13.2.0-rp74vpv               
 8) libfabric/1.18.1-gcc-13.2.0-bijxar4 <aL>      
 9) numactl/2.0.14-gcc-13.2.0-etkf74e <aL>        
10) openssh/8.7p1-gcc-13.2.0-g55xmkx <aL>         
11) slurm/22.05.6-gcc-13.2.0-tchsn6y <aL>         
12) openmpi/4.1.5-gcc-13.2.0-24q3ap2              
13) libpciaccess/0.17-gcc-13.2.0-r2cijnn <aL>     
14) libiconv/1.17-gcc-13.2.0-ntov4te <aL>         
15) xz/5.4.1-gcc-13.2.0-4xkm5xo <aL>              
16) libxml2/2.10.3-gcc-13.2.0-fr6jcjz <aL>        
17) ncurses/6.4-gcc-13.2.0-4o2yj6n <aL>           
18) hwloc/2.9.1-gcc-13.2.0-gzvfolk <aL>           
19) intel-tbb/2021.9.0-gcc-13.2.0-6nwk3ml <aL>    
20) intel-oneapi-mkl/2023.2.0-gcc-13.2.0-ohvyk7g  

Key:
<module-tag>  <aL>=auto-loaded  
/central/groups/changroup/members/lppeng/holmium/run/paper_final/run_ErCO34/conf2/GS/run_27
Tue Apr 15 21:08:08 PDT 2025
hpc-91-13.cm.cluster
--------------------------------------------------------------------------
WARNING: There was an error initializing an OpenFabrics device.

  Local host:   hpc-91-13
  Local device: mlx5_0
--------------------------------------------------------------------------
Apr 15 21:08:12 ####### 
                ####### libDMET   version 0.5
                ####### A periodic DMET library for lattice model and realistic solid.
                ####### 
#INFO: **** input file is /central/groups/changroup/members/lppeng/holmium/run/paper_final/run_ErCO34/conf2/GS/run_27/ground_state.py ****
'''
Example input to calculate the ground state of a molecular system
Include x2c relativistic effect
'''
import pyscf
from pyscf.scf.hf import RHF
from pyscf.dft.uks import UKS
from pyscf.dft.gks import GKS
from pyscf import lib
import os, sys
import numpy as np
import scipy.linalg as la
from scipy.linalg import sqrtm, eigh
from scipy.optimize import root
np.set_printoptions(precision=12, threshold=sys.maxsize, linewidth=190, suppress=True)
log = lib.logger.Logger(sys.stdout, 4)

if __name__ == "__main__":
    from pyscf import gto, scf, dft, lib
    from pyscf.lib import chkfile
    from stevens import cdft, project, utils
    from stevens.project import get_mj

    # system input
    geometry = 'ErCO34' # The name of geometry file minus ".xyz"
                       # Make sure first atom is the central magnetic atom 
    spin = 3 # number of unpaired electrons in a unit cell
    charge = -5 # charge of the molecule or a unit cell
    basis = {'default': '631g', 'Er': 'sarc-dkh'} # specify basis for all elements here
    max_memory = 80000 # in the unit of MB. Recommend: memory available on a node - 10000 MB
    qmmm = True # add environment with classical charges

    # (c)HF/DFT parameters
    xc = 'HF' # functional
    smearing = None # To help HF/DFT converge, try e.g. 5e-2
    chkfname_guess = 'minao' # initial guess. 'minao' for default PySCF guess; None for constrained HF; 
                # path to a checkpoint file to restart from a SCF solution.
                # 'project' to project from the SCF solution in a small basis to generate the initial guess
    chkfname_small = '../gs_small_%s.chk'%geometry # checkpoint file in a small basis. Used when chkfname_guess == 'project'
    basis_small = {'default': 'minao', 'Er': 'cc-x2c-minao'}# the small basis associated with chkfname_small
    change_dm_mode = 'rotate' # None: no change
                          # 'positive_z': set the 4f block of dm so that J~(0,0,J)
                          # 'rotate': rotate the 4f block of dm by some angles
    atom_index = 0 # the index of central lanthanide atom
    occ_idx = 27
    noise = 0 # max noise on density matrix initial guess

    # constrained HF parameters for the initial guess
    ao_shell = 'f'
    lo_chkfname = '../../UHF/uhf_gs_%s_lo.h5'%geometry  
    multiplier0 = 0.1
    # END USER INPUT

    # set up system
    if os.path.isfile('../../' + geometry + ".xyz"):
        mol = gto.M(
            atom = '../../' + geometry + ".xyz",
            basis = basis,
            verbose = 4,
            spin = spin,
            charge = charge,
            max_memory = max_memory,
            )
        mol.set_common_origin(mol._atom[atom_index][1])
    else:
        raise ValueError("No .xyz file available!")
    log.info("N_elec %s, N_ao %s"%(mol.nelec, mol.nao))

    # generate HF/DFT initial guess
    if chkfname_guess == 'minao':
        mf = scf.GKS(mol).x2c()
        dm0 = mf.get_init_guess()
        print("Use PySCF default init guess")
        dm0 = utils.change_dm_guess(mol, dm0, 'positive_z', atom_index=atom_index, occ_idx=occ_idx) ###
    elif chkfname_guess is None:
        # run constrained DFT
        angles = cdft.sample_rotation('xyz', occ_idx, unit=20)
        from scipy.spatial.transform import Rotation
        direction = Rotation.from_euler('zyz', angles, degrees=False) @ [0,0,1]
        cmf = cdft.CGKS(mol, direction, multiplier_guess=multiplier0, max_cycle=300,
                atom_index=atom_index, ao_shell='f', lo_chkfname=lo_chkfname, xc=xc, smearing=smearing)
        cmf.kernel()
        dm0 = cmf._scf.make_rdm1()
        print("Contrained SCF solution as init guess")
    elif chkfname_guess == 'project':
        # project dm0 in a small basis to the larger basis 
        dm0 = utils.project_dm_from_small_basis(mol, basis_small, chkfname_small, change_dm_mode, atom_index=atom_index, occ_idx=occ_idx)
        print("Project wavefunction in a smaller basis to the target basis as init guess")
    else:
        mf = scf.GKS(mol).x2c()
        data = chkfile.load(chkfname_guess, 'scf')
        mf.__dict__.update(data)
        dm0 = mf.make_rdm1()
        mf.analyze(with_meta_lowdin=False)
        print("Load .chk file for init guess")
    if change_dm_mode is not None and not chkfname_guess == 'project': # when chkfname_guess == 'project', change in small basis
        dm0 = utils.change_dm_guess(mol, dm0, change_dm_mode, atom_index=atom_index, occ_idx=occ_idx)
    dm0 += (np.random.rand(*(dm0.shape)) - 0.5) * noise  
    print("J vector of initial guess", get_mj(mol, dm0, analyze=True))

    # run HF/DFT
    mf = scf.GKS(mol).x2c()
    mf.xc = xc
    if xc.upper() != 'HF':
        mf.collinear = 'mcol'
        mf.grids.level = 6 
    mf.chkfile = 'gs_' + geometry + '.chk' 
    mf.max_cycle = 3000 
    if smearing is not None:
        mf = scf.addons.smearing_(mf, sigma=smearing, method="fermi")
    if qmmm: # add the precomputed potential from environmental classical charges 
        get_hcore_original = mf.get_hcore
        hcore_mm = np.load('../../mm_hcore.npy')
        def get_hcore_mm(self, mol=None):
            return get_hcore_original(mol=mol) + la.block_diag(hcore_mm, hcore_mm)
        import types
        mf.get_hcore = types.MethodType(get_hcore_mm, mf)
    mf.kernel(dm0=dm0)
    dm = mf.make_rdm1()
    print("S vector", get_mj(mol, dm, include_L=False))
    print("L vector", get_mj(mol, dm, include_S=False))
    print("J vector", get_mj(mol, dm))
#INFO: ******************** input file end ********************


System: uname_result(system='Linux', node='hpc-91-13.cm.cluster', release='5.14.0-362.24.1.el9_3.x86_64', version='#1 SMP PREEMPT_DYNAMIC Thu Feb 15 07:18:13 EST 2024', machine='x86_64')  Threads 16
Python 3.11.6 | packaged by conda-forge | (main, Oct  3 2023, 10:40:35) [GCC 12.3.0]
numpy 1.26.0  scipy 1.11.3
Date: Tue Apr 15 21:08:13 2025
PySCF version 2.5.0
PySCF path  /home/lppeng/anaconda3/envs/nerscV25/lib/python3.11/site-packages/pyscf

[CONFIG] conf_file None
[INPUT] verbose = 4
[INPUT] num. atoms = 17
[INPUT] num. electrons = 193
[INPUT] charge = -5
[INPUT] spin (= nelec alpha-beta = 2S) = 3
[INPUT] symmetry False subgroup None
[INPUT] Mole.unit = angstrom
[INPUT] Symbol           X                Y                Z      unit          X                Y                Z       unit  Magmom
[INPUT]  1 Er     0.983621000000  15.502244000000  16.207915000000 AA    1.858774300371  29.294995476182  30.628520400230 Bohr   0.0
[INPUT]  2 O      1.999162000000  14.046589000000  17.748158000000 AA    3.777868658638  26.544206194328  33.539157835508 Bohr   0.0
[INPUT]  3 O      0.849859000000  13.239725000000  19.509454000000 AA    1.606000754497  25.019454214557  36.867524899800 Bohr   0.0
[INPUT]  4 O     -0.191063000000  14.330252000000  17.844156000000 AA   -0.361056742538  27.080251576001  33.720567764014 Bohr   0.0
[INPUT]  5 O      0.075398000000  13.922617000000  14.734947000000 AA    0.142481570340  26.309933067214  27.845014289982 Bohr   0.0
[INPUT]  6 O      1.310036000000  13.048514000000  13.067690000000 AA    2.475609253321  24.658117792553  24.694355180718 Bohr   0.0
[INPUT]  7 O      2.203594000000  14.429009000000  14.574295000000 AA    4.164189149735  27.266875258884  27.541426008618 Bohr   0.0
[INPUT]  8 O     -1.142155000000  16.458779000000  15.996655000000 AA   -2.158360141803  31.102584654743  30.229296859154 Bohr   0.0
[INPUT]  9 O      0.436800000000  17.108053000000  14.609560000000 AA    0.825432371210  32.329534694544  27.608067200401 Bohr   0.0
[INPUT] 10 O      1.479297000000  17.162683000000  17.755992000000 AA    2.795466186891  32.432770432729  33.553961949968 Bohr   0.0
[INPUT] 11 O      3.574079000000  17.921221000000  18.087093000000 AA    6.754030457559  33.866199507804  34.179652159538 Bohr   0.0
[INPUT] 12 O      3.086741000000  16.549131000000  16.376735000000 AA    5.833095107466  31.273325189550  30.947543964579 Bohr   0.0
[INPUT] 13 C      0.893280000000  13.851177000000  18.394684000000 AA    1.688054552551  26.174931032875  34.760914907919 Bohr   0.0
[INPUT] 14 C      1.209619000000  13.783938000000  14.098216000000 AA    2.285848625070  26.047867737985  26.641767084961 Bohr   0.0
[INPUT] 15 C     -0.820004000000  17.160582000000  14.960252000000 AA   -1.549582981048  32.428800118141  28.270779034477 Bohr   0.0
[INPUT] 16 C      2.757666000000  17.225719000000  17.422934000000 AA    5.211233483025  32.551891208717  32.924573546373 Bohr   0.0
[INPUT] 17 O     -1.665533000000  17.832969000000  14.307847000000 AA   -3.147401221425  33.699427397859  27.037912262180 Bohr   0.0

nuclear repulsion = 2660.00686642269
number of shells = 122
number of NR pGTOs = 525
number of NR cGTOs = 264
basis = {'default': '631g', 'Er': 'sarc-dkh'}
ecp = {}
CPU time:         4.66
N_elec (98, 95), N_ao 264
Initial guess from minao.
Use PySCF default init guess
Updated f-block dm with J~(0,0,J)
(3, 264, 264) 264
Haar random target direction [0.8090169943749475, 0.0, -0.587785252292473]
Haar random total rotation [0.     2.1991 0.    ]
Rotated f-block dm by angles from +z [0.     2.1991 0.    ]
(3, 264, 264) 264
elemental J of ['C' 'Er' 'O']
   C 0.4607+0.0165j 0.0000+0.0000j 0.0000+0.0033j 
  Er 8.5941-0.0007j 0.0000+0.0000j -1.4260-0.0004j 
   O 1.8119-0.0159j 0.0000+0.0000j -0.0000-0.0029j 
J vector of initial guess [10.8668-0.j  0.    -0.j -1.426 +0.j]


******** <class 'pyscf.x2c.x2c.X2C1eGKS'> ********
method = X2C1eGKS
initial guess = minao
damping factor = 0
level_shift factor = 0
DIIS = <class 'pyscf.scf.diis.CDIIS'>
diis_start_cycle = 1
diis_space = 8
diis_damp = 0
SCF conv_tol = 1e-09
SCF conv_tol_grad = None
SCF max_cycles = 3000
direct_scf = True
direct_scf_tol = 1e-13
chkfile to save SCF result = gs_ErCO34.chk
max_memory 80000 MB (current use 249 MB)
XC library pyscf.dft.libxc version 6.1.0
    S. Lehtola, C. Steigemann, M. J.T. Oliveira, and M. A.L. Marques.,  SoftwareX 7, 1–5 (2018)
XC functionals = HF

radial grids: 
    Treutler-Ahlrichs [JCP 102, 346 (1995); DOI:10.1063/1.469408] (M4) radial grids
    
becke partition: Becke, JCP 88, 2547 (1988); DOI:10.1063/1.454033
pruning grids: <function nwchem_prune at 0x7f507a071e40>
grids dens level: 3
symmetrized grids: False
atomic radii adjust function: <function treutler_atomic_radii_adjust at 0x7f507a072480>
small_rho_cutoff = 1e-07
collinear = col


******** <class 'pyscf.x2c.x2c.SpinOrbitalX2CHelper'> ********
approx = 1e
xuncontract = 1
Overwritten attributes  get_hcore  of <class 'pyscf.x2c.x2c.X2C1eGKS'>
Set gradient conv threshold to 3.16228e-05
tot grids = 247904
init E= -14183.7802296807
  HOMO = -0.895075679556469  LUMO = -0.579521022186795
cycle= 1 E= -14189.9234296552  delta_E= -6.14  |g|= 2.64  |ddm|= 3.82
  HOMO = 0.146774185501685  LUMO = 0.267049808059023
cycle= 2 E= -14190.6331075821  delta_E= -0.71  |g|=  1.6  |ddm|= 2.65
  HOMO = -0.00244749821132396  LUMO = 0.260491128926059
cycle= 3 E= -14191.1295100435  delta_E= -0.496  |g|= 0.245  |ddm|= 1.08
  HOMO = -0.0136405372027104  LUMO = 0.259815478502144
cycle= 4 E= -14191.1390625503  delta_E= -0.00955  |g|= 0.0554  |ddm|= 0.153
  HOMO = -0.0107149475731561  LUMO = 0.259560964614526
cycle= 5 E= -14191.1406141971  delta_E= -0.00155  |g|= 0.0267  |ddm|= 0.0582
  HOMO = -0.0136467678238146  LUMO = 0.259583186144993
cycle= 6 E= -14191.1415452087  delta_E= -0.000931  |g|= 0.0201  |ddm|= 0.0396
  HOMO = -0.0142074983139542  LUMO = 0.259468729256996
cycle= 7 E= -14191.142383778  delta_E= -0.000839  |g|= 0.0157  |ddm|= 0.0374
  HOMO = -0.0139910721785479  LUMO = 0.259511303163192
cycle= 8 E= -14191.1433069375  delta_E= -0.000923  |g|= 0.00998  |ddm|= 0.0553
  HOMO = -0.0135178154338358  LUMO = 0.259516391194557
cycle= 9 E= -14191.1436942223  delta_E= -0.000387  |g|= 0.00457  |ddm|= 0.0457
  HOMO = -0.0136292428353033  LUMO = 0.259526074973696
cycle= 10 E= -14191.1437657001  delta_E= -7.15e-05  |g|= 0.00196  |ddm|= 0.0209
  HOMO = -0.0139817245494537  LUMO = 0.259526753270883
cycle= 11 E= -14191.1437755332  delta_E= -9.83e-06  |g|= 0.00099  |ddm|= 0.00707
  HOMO = -0.0140258461141449  LUMO = 0.259524261686143
cycle= 12 E= -14191.1437772822  delta_E= -1.75e-06  |g|= 0.000703  |ddm|= 0.00223
  HOMO = -0.0140635101925101  LUMO = 0.259523489043336
cycle= 13 E= -14191.1437782146  delta_E= -9.32e-07  |g|= 0.000536  |ddm|= 0.00147
  HOMO = -0.0140723938164075  LUMO = 0.25952458133623
cycle= 14 E= -14191.1437787892  delta_E= -5.75e-07  |g|= 0.000497  |ddm|= 0.000876
  HOMO = -0.0140736502480106  LUMO = 0.259524665449865
cycle= 15 E= -14191.1437792839  delta_E= -4.95e-07  |g|= 0.000486  |ddm|= 0.000719
  HOMO = -0.0140643191600483  LUMO = 0.2595243316415
cycle= 16 E= -14191.1437798524  delta_E= -5.68e-07  |g|= 0.00048  |ddm|= 0.00082
  HOMO = -0.0140674560970439  LUMO = 0.259524925386498
cycle= 17 E= -14191.1437806747  delta_E= -8.22e-07  |g|= 0.000474  |ddm|= 0.00119
  HOMO = -0.0140731670617995  LUMO = 0.259524745901723
cycle= 18 E= -14191.1437825234  delta_E= -1.85e-06  |g|= 0.000464  |ddm|= 0.00273
  HOMO = -0.0140799520872582  LUMO = 0.25952481152913
cycle= 19 E= -14191.143785692  delta_E= -3.17e-06  |g|= 0.00045  |ddm|= 0.00483
  HOMO = -0.0140837515992702  LUMO = 0.25952482411641
cycle= 20 E= -14191.143788944  delta_E= -3.25e-06  |g|= 0.000439  |ddm|= 0.00515
  HOMO = -0.0140869585014935  LUMO = 0.259525099337392
cycle= 21 E= -14191.1437918072  delta_E= -2.86e-06  |g|= 0.000431  |ddm|= 0.00466
  HOMO = -0.0140787413706919  LUMO = 0.259524909215495
cycle= 22 E= -14191.1437947181  delta_E= -2.91e-06  |g|= 0.000423  |ddm|= 0.00485
  HOMO = -0.0140735324361506  LUMO = 0.259525323114456
cycle= 23 E= -14191.143797389  delta_E= -2.67e-06  |g|= 0.000418  |ddm|= 0.00451
  HOMO = -0.0140739522841085  LUMO = 0.259525307755738
cycle= 24 E= -14191.1437992645  delta_E= -1.88e-06  |g|= 0.000415  |ddm|= 0.00318
  HOMO = -0.0140705925042877  LUMO = 0.259525215291887
cycle= 25 E= -14191.1438009927  delta_E= -1.73e-06  |g|= 0.000413  |ddm|= 0.00292
  HOMO = -0.0140739657305108  LUMO = 0.259525549333661
cycle= 26 E= -14191.1438027263  delta_E= -1.73e-06  |g|= 0.000411  |ddm|= 0.00294
  HOMO = -0.0140760365511973  LUMO = 0.259525491018415
cycle= 27 E= -14191.1438052872  delta_E= -2.56e-06  |g|= 0.000408  |ddm|= 0.00434
  HOMO = -0.0140769784477011  LUMO = 0.259525624651309
cycle= 28 E= -14191.1438074742  delta_E= -2.19e-06  |g|= 0.000407  |ddm|= 0.00374
  HOMO = -0.0140780134475802  LUMO = 0.259525662431634
cycle= 29 E= -14191.1438101379  delta_E= -2.66e-06  |g|= 0.000406  |ddm|= 0.00457
  HOMO = -0.0140802561469387  LUMO = 0.259525953463478
cycle= 30 E= -14191.143813567  delta_E= -3.43e-06  |g|= 0.000404  |ddm|= 0.00592
  HOMO = -0.0140793061050987  LUMO = 0.259525917707556
cycle= 31 E= -14191.1438162713  delta_E= -2.7e-06  |g|= 0.000403  |ddm|= 0.0047
  HOMO = -0.0140796269822521  LUMO = 0.259526103721504
cycle= 32 E= -14191.1438185574  delta_E= -2.29e-06  |g|= 0.000403  |ddm|= 0.00397
  HOMO = -0.0140804101325663  LUMO = 0.259526201306823
cycle= 33 E= -14191.1438207077  delta_E= -2.15e-06  |g|= 0.000402  |ddm|= 0.00372
  HOMO = -0.0140793813336325  LUMO = 0.259526258310699
cycle= 34 E= -14191.143822652  delta_E= -1.94e-06  |g|= 0.000402  |ddm|= 0.00335
  HOMO = -0.0140805622342148  LUMO = 0.259526340905482
cycle= 35 E= -14191.1438238604  delta_E= -1.21e-06  |g|= 0.000401  |ddm|= 0.00207
  HOMO = -0.0140804732295113  LUMO = 0.259526337439573
cycle= 36 E= -14191.1438250088  delta_E= -1.15e-06  |g|= 0.000401  |ddm|= 0.00196
  HOMO = -0.0140810996326573  LUMO = 0.259526445115736
cycle= 37 E= -14191.1438263979  delta_E= -1.39e-06  |g|= 0.0004  |ddm|= 0.00238
  HOMO = -0.0140822904142346  LUMO = 0.259526431392882
cycle= 38 E= -14191.1438277711  delta_E= -1.37e-06  |g|= 0.0004  |ddm|= 0.00235
  HOMO = -0.0140828295154785  LUMO = 0.259526555648455
cycle= 39 E= -14191.1438288899  delta_E= -1.12e-06  |g|= 0.0004  |ddm|= 0.00193
  HOMO = -0.0140828544079157  LUMO = 0.259526579697071
cycle= 40 E= -14191.1438301214  delta_E= -1.23e-06  |g|= 0.0004  |ddm|= 0.00211
  HOMO = -0.0140833542620259  LUMO = 0.259526681821902
cycle= 41 E= -14191.1438314961  delta_E= -1.37e-06  |g|= 0.000399  |ddm|= 0.00236
  HOMO = -0.0140832177015852  LUMO = 0.259526778427669
cycle= 42 E= -14191.1438344197  delta_E= -2.92e-06  |g|= 0.000399  |ddm|= 0.00502
  HOMO = -0.014082358874111  LUMO = 0.259526900958745
cycle= 43 E= -14191.143838082  delta_E= -3.66e-06  |g|= 0.000398  |ddm|= 0.0063
  HOMO = -0.0140842686661306  LUMO = 0.259527067289306
cycle= 44 E= -14191.1438420538  delta_E= -3.97e-06  |g|= 0.000398  |ddm|= 0.00685
  HOMO = -0.0140840294442724  LUMO = 0.259527205413914
cycle= 45 E= -14191.1438460318  delta_E= -3.98e-06  |g|= 0.000397  |ddm|= 0.00688
  HOMO = -0.0140870410457605  LUMO = 0.259527671369284
cycle= 46 E= -14191.1438531095  delta_E= -7.08e-06  |g|= 0.000395  |ddm|= 0.0123
  HOMO = -0.0140903446052599  LUMO = 0.259527726405332
cycle= 47 E= -14191.1438582149  delta_E= -5.11e-06  |g|= 0.000393  |ddm|= 0.00894
  HOMO = -0.014095580507938  LUMO = 0.259528501212028
cycle= 48 E= -14191.1438700111  delta_E= -1.18e-05  |g|= 0.000402  |ddm|= 0.021
  HOMO = -0.0140962905700781  LUMO = 0.259528786496735
cycle= 49 E= -14191.1438735375  delta_E= -3.53e-06  |g|= 0.000393  |ddm|= 0.0063
  HOMO = -0.0140972074718524  LUMO = 0.259528806318993
cycle= 50 E= -14191.1438813045  delta_E= -7.77e-06  |g|= 0.000387  |ddm|= 0.014
  HOMO = -0.0140987671511249  LUMO = 0.259529217384474
cycle= 51 E= -14191.1438872243  delta_E= -5.92e-06  |g|= 0.000383  |ddm|= 0.0108
  HOMO = -0.0140978090823497  LUMO = 0.259529507218818
cycle= 52 E= -14191.1438965886  delta_E= -9.36e-06  |g|= 0.000387  |ddm|= 0.0173
  HOMO = -0.0140968467044843  LUMO = 0.259530043971135
cycle= 53 E= -14191.1439028393  delta_E= -6.25e-06  |g|= 0.000376  |ddm|= 0.0116
  HOMO = -0.0141018315907888  LUMO = 0.259530504356026
cycle= 54 E= -14191.1439124533  delta_E= -9.61e-06  |g|= 0.000397  |ddm|= 0.0185
  HOMO = -0.0141036647759742  LUMO = 0.259530714972239
cycle= 55 E= -14191.1439142611  delta_E= -1.81e-06  |g|= 0.000465  |ddm|= 0.00371
  HOMO = -0.0141085712927529  LUMO = 0.259531281881561
cycle= 56 E= -14191.1439244908  delta_E= -1.02e-05  |g|= 0.000371  |ddm|= 0.0203
  HOMO = -0.0141127852059008  LUMO = 0.259531325755716
cycle= 57 E= -14191.1439285632  delta_E= -4.07e-06  |g|= 0.000364  |ddm|= 0.00803
  HOMO = -0.0141138332756624  LUMO = 0.259531646273992
cycle= 58 E= -14191.1439324222  delta_E= -3.86e-06  |g|= 0.000362  |ddm|= 0.00772
  HOMO = -0.0141172927437017  LUMO = 0.259532032117336
cycle= 59 E= -14191.1439423002  delta_E= -9.88e-06  |g|= 0.000365  |ddm|= 0.0203
  HOMO = -0.014118029741944  LUMO = 0.259532806913526
cycle= 60 E= -14191.1439519095  delta_E= -9.61e-06  |g|= 0.000356  |ddm|= 0.0201
  HOMO = -0.014118140001886  LUMO = 0.259532956700689
cycle= 61 E= -14191.1439579846  delta_E= -6.08e-06  |g|= 0.000353  |ddm|= 0.0132
  HOMO = -0.0141172503167722  LUMO = 0.259533300754523
cycle= 62 E= -14191.1439607308  delta_E= -2.75e-06  |g|= 0.000347  |ddm|= 0.00581
  HOMO = -0.0141204430399111  LUMO = 0.25953372807878
cycle= 63 E= -14191.1439688756  delta_E= -8.14e-06  |g|= 0.000365  |ddm|= 0.0185
  HOMO = -0.0141253399127583  LUMO = 0.259534429725627
cycle= 64 E= -14191.1439800476  delta_E= -1.12e-05  |g|= 0.000336  |ddm|= 0.0257
  HOMO = -0.0141303895551933  LUMO = 0.259534696279814
cycle= 65 E= -14191.1439845099  delta_E= -4.46e-06  |g|= 0.000332  |ddm|= 0.0103
  HOMO = -0.0141342684545715  LUMO = 0.259535362418183
cycle= 66 E= -14191.1439916489  delta_E= -7.14e-06  |g|= 0.000381  |ddm|= 0.018
  HOMO = -0.0141408436565874  LUMO = 0.259535515978396
cycle= 67 E= -14191.1439987689  delta_E= -7.12e-06  |g|= 0.000308  |ddm|= 0.0174
  HOMO = -0.0141421269933997  LUMO = 0.259536114210729
cycle= 68 E= -14191.1440033984  delta_E= -4.63e-06  |g|= 0.000325  |ddm|= 0.0122
  HOMO = -0.0141406224303269  LUMO = 0.259535952674778
cycle= 69 E= -14191.144004205  delta_E= -8.07e-07  |g|= 0.0003  |ddm|= 0.00221
  HOMO = -0.014141043838909  LUMO = 0.259536201573669
cycle= 70 E= -14191.1440079185  delta_E= -3.71e-06  |g|= 0.000292  |ddm|= 0.00978
  HOMO = -0.0141409832314422  LUMO = 0.259536729682413
cycle= 71 E= -14191.1440143352  delta_E= -6.42e-06  |g|= 0.00033  |ddm|= 0.0179
  HOMO = -0.0141402851482329  LUMO = 0.259537090299209
cycle= 72 E= -14191.1440173327  delta_E= -3e-06  |g|= 0.00028  |ddm|= 0.00828
  HOMO = -0.0141464697835804  LUMO = 0.259537174730404
cycle= 73 E= -14191.144022172  delta_E= -4.84e-06  |g|= 0.000278  |ddm|= 0.014
  HOMO = -0.0141476176149488  LUMO = 0.259537599128437
cycle= 74 E= -14191.1440265221  delta_E= -4.35e-06  |g|= 0.000254  |ddm|= 0.013
  HOMO = -0.0141574406304764  LUMO = 0.259538117935339
cycle= 75 E= -14191.1440334526  delta_E= -6.93e-06  |g|= 0.000309  |ddm|= 0.0225
  HOMO = -0.0141580879354916  LUMO = 0.259538200705185
cycle= 76 E= -14191.1440339623  delta_E= -5.1e-07  |g|= 0.000239  |ddm|= 0.00253
  HOMO = -0.0141584193039162  LUMO = 0.259538302109027
cycle= 77 E= -14191.1440369152  delta_E= -2.95e-06  |g|= 0.000241  |ddm|= 0.0101
  HOMO = -0.014157201057036  LUMO = 0.259538638973058
cycle= 78 E= -14191.1440401193  delta_E= -3.2e-06  |g|= 0.000256  |ddm|= 0.0115
  HOMO = -0.0141558089641487  LUMO = 0.259538606914108
cycle= 79 E= -14191.1440405837  delta_E= -4.64e-07  |g|= 0.000217  |ddm|= 0.00197
  HOMO = -0.0141564419523062  LUMO = 0.259538741086149
cycle= 80 E= -14191.1440423595  delta_E= -1.78e-06  |g|= 0.000214  |ddm|= 0.00657
  HOMO = -0.0141546607927434  LUMO = 0.259538940454794
cycle= 81 E= -14191.1440439299  delta_E= -1.57e-06  |g|= 0.000203  |ddm|= 0.00598
  HOMO = -0.0141609387920926  LUMO = 0.259539019518037
cycle= 82 E= -14191.1440460817  delta_E= -2.15e-06  |g|= 0.000197  |ddm|= 0.00855
  HOMO = -0.0141616801792103  LUMO = 0.259539326176118
cycle= 83 E= -14191.144047449  delta_E= -1.37e-06  |g|= 0.000191  |ddm|= 0.00568
  HOMO = -0.0141640928574498  LUMO = 0.259539245840881
cycle= 84 E= -14191.1440484822  delta_E= -1.03e-06  |g|= 0.000187  |ddm|= 0.00434
  HOMO = -0.0141680761037805  LUMO = 0.25953974587002
cycle= 85 E= -14191.1440502406  delta_E= -1.76e-06  |g|= 0.000176  |ddm|= 0.00727
  HOMO = -0.0141657824290822  LUMO = 0.259539637307973
cycle= 86 E= -14191.1440526431  delta_E= -2.4e-06  |g|= 0.000172  |ddm|= 0.0106
  HOMO = -0.0141676610913378  LUMO = 0.259539777840714
cycle= 87 E= -14191.1440532057  delta_E= -5.63e-07  |g|= 0.000164  |ddm|= 0.00256
  HOMO = -0.0141672036546022  LUMO = 0.25953990329645
cycle= 88 E= -14191.1440538161  delta_E= -6.1e-07  |g|= 0.000159  |ddm|= 0.00278
  HOMO = -0.0141668041723432  LUMO = 0.259540029514475
cycle= 89 E= -14191.1440543213  delta_E= -5.05e-07  |g|= 0.000156  |ddm|= 0.00232
  HOMO = -0.0141677469731507  LUMO = 0.259540042360341
cycle= 90 E= -14191.144054833  delta_E= -5.12e-07  |g|= 0.000154  |ddm|= 0.00238
  HOMO = -0.0141673704525696  LUMO = 0.259540273738148
cycle= 91 E= -14191.1440555368  delta_E= -7.04e-07  |g|= 0.000151  |ddm|= 0.00333
  HOMO = -0.0141700439343739  LUMO = 0.259540242384708
cycle= 92 E= -14191.1440561329  delta_E= -5.96e-07  |g|= 0.000148  |ddm|= 0.00287
  HOMO = -0.0141720540504805  LUMO = 0.259540572379981
cycle= 93 E= -14191.1440575115  delta_E= -1.38e-06  |g|= 0.000144  |ddm|= 0.00688
  HOMO = -0.0141737478393596  LUMO = 0.259540675426791
cycle= 94 E= -14191.1440593405  delta_E= -1.83e-06  |g|= 0.000137  |ddm|= 0.0095
  HOMO = -0.0141763570892583  LUMO = 0.259540940626549
cycle= 95 E= -14191.1440608804  delta_E= -1.54e-06  |g|= 0.000134  |ddm|= 0.00855
  HOMO = -0.0141762243164213  LUMO = 0.259541110821522
cycle= 96 E= -14191.1440616378  delta_E= -7.57e-07  |g|= 0.000129  |ddm|= 0.00435
  HOMO = -0.0141762889631239  LUMO = 0.259541214548038
cycle= 97 E= -14191.1440627602  delta_E= -1.12e-06  |g|= 0.000125  |ddm|= 0.00672
  HOMO = -0.0141771737787418  LUMO = 0.259541500192759
cycle= 98 E= -14191.1440642612  delta_E= -1.5e-06  |g|= 0.00012  |ddm|= 0.00952
  HOMO = -0.0141796139636712  LUMO = 0.259541808438448
cycle= 99 E= -14191.1440654889  delta_E= -1.23e-06  |g|= 0.000117  |ddm|= 0.00839
  HOMO = -0.0141796182511147  LUMO = 0.259542050089324
cycle= 100 E= -14191.1440664584  delta_E= -9.69e-07  |g|= 0.000112  |ddm|= 0.00687
  HOMO = -0.0141849538464367  LUMO = 0.259542288226748
cycle= 101 E= -14191.144068398  delta_E= -1.94e-06  |g|= 0.000133  |ddm|= 0.0158
  HOMO = -0.0141870203639998  LUMO = 0.259542591918511
cycle= 102 E= -14191.144069301  delta_E= -9.03e-07  |g|= 9.58e-05  |ddm|= 0.00794
  HOMO = -0.0141858235804726  LUMO = 0.259542701391407
cycle= 103 E= -14191.1440696296  delta_E= -3.29e-07  |g|= 9.18e-05  |ddm|= 0.00305
  HOMO = -0.0141873568162344  LUMO = 0.259542786460836
cycle= 104 E= -14191.1440701692  delta_E= -5.4e-07  |g|= 8.88e-05  |ddm|= 0.0053
  HOMO = -0.0141870192117479  LUMO = 0.259542897860392
cycle= 105 E= -14191.1440703749  delta_E= -2.06e-07  |g|= 8.69e-05  |ddm|= 0.00202
  HOMO = -0.014187511862857  LUMO = 0.259542949391029
cycle= 106 E= -14191.1440706428  delta_E= -2.68e-07  |g|= 8.81e-05  |ddm|= 0.00281
  HOMO = -0.0141876656936308  LUMO = 0.259542939479364
cycle= 107 E= -14191.144070802  delta_E= -1.59e-07  |g|= 8.42e-05  |ddm|= 0.00154
  HOMO = -0.0141888330477334  LUMO = 0.259543148125686
cycle= 108 E= -14191.1440710921  delta_E= -2.9e-07  |g|= 8.18e-05  |ddm|= 0.00295
  HOMO = -0.0141886029087787  LUMO = 0.259543019907046
cycle= 109 E= -14191.1440712115  delta_E= -1.19e-07  |g|= 7.93e-05  |ddm|= 0.00108
  HOMO = -0.0141891372536588  LUMO = 0.259543123887434
cycle= 110 E= -14191.1440715147  delta_E= -3.03e-07  |g|= 7.43e-05  |ddm|= 0.00307
  HOMO = -0.0141900916947822  LUMO = 0.25954320176532
cycle= 111 E= -14191.1440716931  delta_E= -1.78e-07  |g|= 7.16e-05  |ddm|= 0.00181
  HOMO = -0.0141903316812616  LUMO = 0.259543304275661
cycle= 112 E= -14191.1440720789  delta_E= -3.86e-07  |g|= 6.82e-05  |ddm|= 0.00431
  HOMO = -0.014192203434801  LUMO = 0.259543443493104
cycle= 113 E= -14191.144072706  delta_E= -6.27e-07  |g|= 6.45e-05  |ddm|= 0.00778
  HOMO = -0.0141933886727356  LUMO = 0.259543811387803
cycle= 114 E= -14191.144073492  delta_E= -7.86e-07  |g|= 6.52e-05  |ddm|= 0.0113
  HOMO = -0.0141939741262943  LUMO = 0.259543872748337
cycle= 115 E= -14191.1440735992  delta_E= -1.07e-07  |g|= 5.93e-05  |ddm|= 0.00164
  HOMO = -0.014194597972483  LUMO = 0.259543877271643
cycle= 116 E= -14191.1440738741  delta_E= -2.75e-07  |g|= 5.75e-05  |ddm|= 0.00451
  HOMO = -0.0141956789934969  LUMO = 0.259544091688344
cycle= 117 E= -14191.1440741177  delta_E= -2.44e-07  |g|= 5.45e-05  |ddm|= 0.0043
  HOMO = -0.0141975221616962  LUMO = 0.259544270131139
cycle= 118 E= -14191.1440745387  delta_E= -4.21e-07  |g|= 5.1e-05  |ddm|= 0.00832
  HOMO = -0.0141992120603053  LUMO = 0.259544475231353
cycle= 119 E= -14191.1440749261  delta_E= -3.87e-07  |g|= 7.13e-05  |ddm|= 0.00951
  HOMO = -0.0142003299084901  LUMO = 0.259544629468411
cycle= 120 E= -14191.1440751497  delta_E= -2.24e-07  |g|= 6.14e-05  |ddm|= 0.00705
  HOMO = -0.0142005306941378  LUMO = 0.259544689427518
cycle= 121 E= -14191.1440752055  delta_E= -5.58e-08  |g|= 2.91e-05  |ddm|= 0.00206
  HOMO = -0.0142011677048248  LUMO = 0.259544741545257
cycle= 122 E= -14191.1440752271  delta_E= -2.16e-08  |g|= 2.69e-05  |ddm|= 0.000844
  HOMO = -0.0142006493374356  LUMO = 0.259544743871622
cycle= 123 E= -14191.1440752512  delta_E= -2.41e-08  |g|= 2.62e-05  |ddm|= 0.000967
  HOMO = -0.014201477525301  LUMO = 0.259544819331625
cycle= 124 E= -14191.1440753123  delta_E= -6.11e-08  |g|= 2.5e-05  |ddm|= 0.00265
  HOMO = -0.0142017528992406  LUMO = 0.259544899420926
cycle= 125 E= -14191.1440753476  delta_E= -3.53e-08  |g|= 2.13e-05  |ddm|= 0.00173
  HOMO = -0.0142019814686019  LUMO = 0.259544901400593
cycle= 126 E= -14191.1440753777  delta_E= -3e-08  |g|= 2.05e-05  |ddm|= 0.00162
  HOMO = -0.0142020623063332  LUMO = 0.259544935261945
cycle= 127 E= -14191.1440753793  delta_E= -1.62e-09  |g|= 1.98e-05  |ddm|= 7.6e-05
  HOMO = -0.0142023396808773  LUMO = 0.259544949058675
cycle= 128 E= -14191.1440753989  delta_E= -1.96e-08  |g|= 1.87e-05  |ddm|= 0.00107
  HOMO = -0.0142024101059523  LUMO = 0.259544966427318
cycle= 129 E= -14191.1440754101  delta_E= -1.12e-08  |g|= 1.79e-05  |ddm|= 0.00059
  HOMO = -0.0142026523312996  LUMO = 0.259544989895741
cycle= 130 E= -14191.144075427  delta_E= -1.69e-08  |g|= 1.71e-05  |ddm|= 0.000955
  HOMO = -0.0142028423658976  LUMO = 0.259545018677899
cycle= 131 E= -14191.1440754377  delta_E= -1.07e-08  |g|= 1.66e-05  |ddm|= 0.000634
  HOMO = -0.0142028377164769  LUMO = 0.259545029315672
cycle= 132 E= -14191.1440754485  delta_E= -1.08e-08  |g|= 1.61e-05  |ddm|= 0.000648
  HOMO = -0.014203138848799  LUMO = 0.259545041397233
cycle= 133 E= -14191.1440754535  delta_E= -5.06e-09  |g|= 1.58e-05  |ddm|= 0.000299
  HOMO = -0.0142030966296631  LUMO = 0.25954505661507
cycle= 134 E= -14191.144075464  delta_E= -1.05e-08  |g|= 1.53e-05  |ddm|= 0.000668
  HOMO = -0.0142034017104352  LUMO = 0.259545086392914
cycle= 135 E= -14191.1440754787  delta_E= -1.47e-08  |g|= 1.44e-05  |ddm|= 0.000923
  HOMO = -0.0142034956994845  LUMO = 0.259545125835189
cycle= 136 E= -14191.144075493  delta_E= -1.43e-08  |g|= 1.37e-05  |ddm|= 0.00101
  HOMO = -0.0142037044814468  LUMO = 0.259545133320889
cycle= 137 E= -14191.1440755045  delta_E= -1.15e-08  |g|= 1.31e-05  |ddm|= 0.000863
  HOMO = -0.0142038516643384  LUMO = 0.259545170193264
cycle= 138 E= -14191.1440755118  delta_E= -7.29e-09  |g|= 1.27e-05  |ddm|= 0.000591
  HOMO = -0.0142039962725666  LUMO = 0.259545181257562
cycle= 139 E= -14191.144075521  delta_E= -9.2e-09  |g|= 1.22e-05  |ddm|= 0.000801
  HOMO = -0.0142042128450589  LUMO = 0.259545209862239
cycle= 140 E= -14191.144075529  delta_E= -7.98e-09  |g|= 1.18e-05  |ddm|= 0.000752
  HOMO = -0.0142043627972444  LUMO = 0.259545232055493
cycle= 141 E= -14191.144075537  delta_E= -8.08e-09  |g|= 1.12e-05  |ddm|= 0.000815
  HOMO = -0.0142047092517411  LUMO = 0.259545252355972
cycle= 142 E= -14191.144075543  delta_E= -5.97e-09  |g|= 1.08e-05  |ddm|= 0.000645
  HOMO = -0.0142046950515317  LUMO = 0.259545265622603
cycle= 143 E= -14191.1440755484  delta_E= -5.36e-09  |g|= 1.03e-05  |ddm|= 0.000632
  HOMO = -0.0142049917315434  LUMO = 0.259545297322617
cycle= 144 E= -14191.1440755553  delta_E= -6.88e-09  |g|= 9.73e-06  |ddm|= 0.000871
  HOMO = -0.0142049721171462  LUMO = 0.259545312801288
cycle= 145 E= -14191.1440755586  delta_E= -3.3e-09  |g|= 9.44e-06  |ddm|= 0.000458
  HOMO = -0.0142050204628085  LUMO = 0.259545309433421
cycle= 146 E= -14191.1440755608  delta_E= -2.27e-09  |g|= 9.23e-06  |ddm|= 0.000324
  HOMO = -0.0142050686730896  LUMO = 0.259545329984757
cycle= 147 E= -14191.1440755626  delta_E= -1.72e-09  |g|= 9.08e-06  |ddm|= 0.000253
  HOMO = -0.0142051163860423  LUMO = 0.259545330498072
cycle= 148 E= -14191.1440755646  delta_E= -2.02e-09  |g|= 8.91e-06  |ddm|= 0.000299
  HOMO = -0.0142051984078068  LUMO = 0.259545338210755
cycle= 149 E= -14191.1440755664  delta_E= -1.81e-09  |g|= 8.77e-06  |ddm|= 0.000268
  HOMO = -0.014205307912778  LUMO = 0.259545350215792
cycle= 150 E= -14191.1440755685  delta_E= -2.15e-09  |g|= 8.61e-06  |ddm|= 0.000342
  HOMO = -0.0142055006730347  LUMO = 0.259545359250471
cycle= 151 E= -14191.1440755705  delta_E= -1.99e-09  |g|= 8.47e-06  |ddm|= 0.000309
  HOMO = -0.0142054678981215  LUMO = 0.259545362393651
cycle= 152 E= -14191.1440755722  delta_E= -1.63e-09  |g|= 8.37e-06  |ddm|= 0.000265
  HOMO = -0.0142055546321757  LUMO = 0.259545373172916
cycle= 153 E= -14191.1440755741  delta_E= -1.95e-09  |g|= 8.24e-06  |ddm|= 0.000322
  HOMO = -0.0142055353751501  LUMO = 0.259545380120612
cycle= 154 E= -14191.1440755753  delta_E= -1.18e-09  |g|= 8.16e-06  |ddm|= 0.000196
  HOMO = -0.0142055408699948  LUMO = 0.259545377655254
cycle= 155 E= -14191.1440755766  delta_E= -1.3e-09  |g|= 8.08e-06  |ddm|= 0.000208
  HOMO = -0.0142055638406413  LUMO = 0.259545394055264
cycle= 156 E= -14191.1440755782  delta_E= -1.59e-09  |g|= 7.97e-06  |ddm|= 0.000255
  HOMO = -0.0142056303401013  LUMO = 0.259545396934719
cycle= 157 E= -14191.1440755801  delta_E= -1.95e-09  |g|= 7.83e-06  |ddm|= 0.000307
  HOMO = -0.0142057439484485  LUMO = 0.259545404667014
cycle= 158 E= -14191.1440755821  delta_E= -2.02e-09  |g|= 7.68e-06  |ddm|= 0.000343
  HOMO = -0.0142059242000684  LUMO = 0.259545421587928
cycle= 159 E= -14191.1440755851  delta_E= -2.95e-09  |g|= 7.46e-06  |ddm|= 0.000533
  HOMO = -0.0142062002025235  LUMO = 0.259545436257599
cycle= 160 E= -14191.1440755879  delta_E= -2.84e-09  |g|= 7.23e-06  |ddm|= 0.000541
  HOMO = -0.0142061604098243  LUMO = 0.259545441016613
cycle= 161 E= -14191.1440755898  delta_E= -1.93e-09  |g|= 7.08e-06  |ddm|= 0.000424
  HOMO = -0.014206277599952  LUMO = 0.259545458724838
cycle= 162 E= -14191.1440755924  delta_E= -2.57e-09  |g|= 6.85e-06  |ddm|= 0.000608
  HOMO = -0.0142062701018659  LUMO = 0.259545471161954
cycle= 163 E= -14191.1440755939  delta_E= -1.46e-09  |g|= 6.7e-06  |ddm|= 0.00038
  HOMO = -0.0142062970027323  LUMO = 0.259545472261037
cycle= 164 E= -14191.1440755953  delta_E= -1.47e-09  |g|= 6.54e-06  |ddm|= 0.000423
  HOMO = -0.0142063471501647  LUMO = 0.25954549546843
cycle= 165 E= -14191.1440755969  delta_E= -1.55e-09  |g|= 6.35e-06  |ddm|= 0.000494
  HOMO = -0.0142064734390207  LUMO = 0.25954550293369
cycle= 166 E= -14191.1440755982  delta_E= -1.3e-09  |g|= 6.16e-06  |ddm|= 0.0005
  HOMO = -0.0142066384757438  LUMO = 0.259545513950467
cycle= 167 E= -14191.1440755992  delta_E= -9.9e-10  |g|= 6e-06  |ddm|= 0.000463
  HOMO = -0.0142066546999151  LUMO = 0.259545516523475
Extra cycle  E= -14191.1440755993  delta_E= -7.28e-11  |g|= 5.93e-06  |ddm|= 6.4e-06
converged SCF energy = -14191.1440755993  <S^2> = 3.7001077  2S+1 = 3.9749756
(3, 264, 264) 264
S vector [ 1.2722+0.j  0.0256+0.j -0.6964-0.j]
(3, 264, 264) 264
L vector [ 5.2916+0.j  0.1069-0.j -2.8942+0.j]
(3, 264, 264) 264
J vector [ 6.5638+0.j  0.1325-0.j -3.5905+0.j]
Tue Apr 15 21:15:57 PDT 2025
