Currently Loaded Modulefiles:
 1) gmp/6.2.1-gcc-13.2.0-lcnhyse <aL>             
 2) mpfr/4.2.0-gcc-13.2.0-yy2fkq5 <aL>            
 3) mpc/1.3.1-gcc-13.2.0-5kgoftq <aL>             
 4) zlib-ng/2.1.3-gcc-13.2.0-jetnfwa <aL>         
 5) zstd/1.5.5-gcc-13.2.0-t2lua3l <aL>            
 6) gcc/13.2.0-gcc-13.2.0-w55nxkl                 
 7) cmake/3.20.2-gcc-13.2.0-rp74vpv               
 8) libfabric/1.18.1-gcc-13.2.0-bijxar4 <aL>      
 9) numactl/2.0.14-gcc-13.2.0-etkf74e <aL>        
10) openssh/8.7p1-gcc-13.2.0-g55xmkx <aL>         
11) slurm/22.05.6-gcc-13.2.0-tchsn6y <aL>         
12) openmpi/4.1.5-gcc-13.2.0-24q3ap2              
13) libpciaccess/0.17-gcc-13.2.0-r2cijnn <aL>     
14) libiconv/1.17-gcc-13.2.0-ntov4te <aL>         
15) xz/5.4.1-gcc-13.2.0-4xkm5xo <aL>              
16) libxml2/2.10.3-gcc-13.2.0-fr6jcjz <aL>        
17) ncurses/6.4-gcc-13.2.0-4o2yj6n <aL>           
18) hwloc/2.9.1-gcc-13.2.0-gzvfolk <aL>           
19) intel-tbb/2021.9.0-gcc-13.2.0-6nwk3ml <aL>    
20) intel-oneapi-mkl/2023.2.0-gcc-13.2.0-ohvyk7g  

Key:
<module-tag>  <aL>=auto-loaded  
/central/groups/changroup/members/lppeng/holmium/run/paper_final/run_Dy/conf7/GS/run_2
Tue Apr 15 10:54:06 PDT 2025
hpc-35-03.cm.cluster
--------------------------------------------------------------------------
WARNING: There was an error initializing an OpenFabrics device.

  Local host:   hpc-35-03
  Local device: mlx5_0
--------------------------------------------------------------------------
Apr 15 10:54:12 ####### 
                ####### libDMET   version 0.5
                ####### A periodic DMET library for lattice model and realistic solid.
                ####### 
#INFO: **** input file is /central/groups/changroup/members/lppeng/holmium/run/paper_final/run_Dy/conf7/GS/run_2/ground_state.py ****
'''
Example input to calculate the ground state of a molecular system
Include x2c relativistic effect
'''
import pyscf
from pyscf.scf.hf import RHF
from pyscf.dft.uks import UKS
from pyscf.dft.gks import GKS
from pyscf import lib
import os, sys
import numpy as np
import scipy.linalg as la
from scipy.linalg import sqrtm, eigh
from scipy.optimize import root
np.set_printoptions(precision=12, threshold=sys.maxsize, linewidth=190, suppress=True)
log = lib.logger.Logger(sys.stdout, 4)

if __name__ == "__main__":
    from pyscf import gto, scf, dft, lib
    from pyscf.lib import chkfile
    from stevens import cdft, project, utils
    from stevens.project import get_mj

    # system input
    geometry = 'DyCl6' # The name of geometry file minus ".xyz"
                       # Make sure first atom is the central magnetic atom 
    spin = 5 # number of unpaired electrons in a unit cell
    charge = -3 # charge of the molecule or a unit cell
    basis = {'default': '631g', 'Dy': 'sarc-dkh'} # specify basis for all elements here
    max_memory = 32000 # in the unit of MB. Recommend: memory available on a node - 10000 MB
    qmmm = True # add environment with classical charges

    # (c)HF/DFT parameters
    xc = 'HF' # functional
    smearing = None # To help HF/DFT converge, try e.g. 5e-2
    chkfname_guess = 'project' # initial guess. 'minao' for default PySCF guess; None for constrained HF; 
                # path to a checkpoint file to restart from a SCF solution.
                # 'project' to project from the SCF solution in a small basis to generate the initial guess
    chkfname_small = '../gs_small_%s.chk'%geometry # checkpoint file in a small basis. Used when chkfname_guess == 'project'
    basis_small = {'default': 'minao', 'Dy': 'cc-x2c-minao'}# the small basis associated with chkfname_small
    change_dm_mode = 'rotate' # None: no change
                          # 'positive_z': set the 4f block of dm so that J~(0,0,J)
                          # 'rotate': rotate the 4f block of dm by some angles
    atom_index = 0 # the index of central lanthanide atom
    occ_idx = 2
    noise = 0 # max noise on density matrix initial guess

    # constrained HF parameters for the initial guess
    ao_shell = 'f'
    lo_chkfname = '../../UHF/uhf_gs_%s_lo.h5'%geometry  
    multiplier0 = 0.1
    # END USER INPUT

    # set up system
    if os.path.isfile('../../' + geometry + ".xyz"):
        mol = gto.M(
            atom = '../../' + geometry + ".xyz",
            basis = basis,
            verbose = 4,
            spin = spin,
            charge = charge,
            max_memory = max_memory,
            )
        mol.set_common_origin(mol._atom[atom_index][1])
    else:
        raise ValueError("No .xyz file available!")
    log.info("N_elec %s, N_ao %s"%(mol.nelec, mol.nao))

    # generate HF/DFT initial guess
    if chkfname_guess == 'minao':
        mf = scf.GKS(mol).x2c()
        dm0 = mf.get_init_guess()
        print("Use PySCF default init guess")
    elif chkfname_guess is None:
        # run constrained DFT
        angles = cdft.sample_rotation('xyz', occ_idx, unit=20)
        from scipy.spatial.transform import Rotation
        direction = Rotation.from_euler('zyz', angles, degrees=False) @ [0,0,1]
        cmf = cdft.CGKS(mol, direction, multiplier_guess=multiplier0, max_cycle=300,
                atom_index=atom_index, ao_shell='f', lo_chkfname=lo_chkfname, xc=xc, smearing=smearing)
        cmf.kernel()
        dm0 = cmf._scf.make_rdm1()
        print("Contrained SCF solution as init guess")
    elif chkfname_guess == 'project':
        # project dm0 in a small basis to the larger basis 
        dm0 = utils.project_dm_from_small_basis(mol, basis_small, chkfname_small, change_dm_mode, atom_index=atom_index, occ_idx=occ_idx)
        print("Project wavefunction in a smaller basis to the target basis as init guess")
    else:
        mf = scf.GKS(mol).x2c()
        data = chkfile.load(chkfname_guess, 'scf')
        mf.__dict__.update(data)
        dm0 = mf.make_rdm1()
        mf.analyze(with_meta_lowdin=False)
        print("Load .chk file for init guess")
    if change_dm_mode is not None and not chkfname_guess == 'project': # when chkfname_guess == 'project', change in small basis
        dm0 = utils.change_dm_guess(mol, dm0, change_dm_mode, atom_index=atom_index, occ_idx=occ_idx)
    dm0 += (np.random.rand(*(dm0.shape)) - 0.5) * noise  
    print("J vector of initial guess", get_mj(mol, dm0, analyze=True))

    # run HF/DFT
    mf = scf.GKS(mol).x2c()
    mf.xc = xc
    if xc.upper() != 'HF':
        mf.collinear = 'mcol'
        mf.grids.level = 6 
    mf.chkfile = 'gs_' + geometry + '.chk' 
    mf.max_cycle = 1000 
    if smearing is not None:
        mf = scf.addons.smearing_(mf, sigma=smearing, method="fermi")
    if qmmm: # add the precomputed potential from environmental classical charges 
        get_hcore_original = mf.get_hcore
        hcore_mm = np.load('../../mm_hcore.npy')
        def get_hcore_mm(self, mol=None):
            return get_hcore_original(mol=mol) + la.block_diag(hcore_mm, hcore_mm)
        import types
        mf.get_hcore = types.MethodType(get_hcore_mm, mf)
    mf.kernel(dm0=dm0)
    dm = mf.make_rdm1()
    print("S vector", get_mj(mol, dm, include_L=False))
    print("L vector", get_mj(mol, dm, include_S=False))
    print("J vector", get_mj(mol, dm))
#INFO: ******************** input file end ********************


System: uname_result(system='Linux', node='hpc-35-03.cm.cluster', release='5.14.0-362.24.1.el9_3.x86_64', version='#1 SMP PREEMPT_DYNAMIC Thu Feb 15 07:18:13 EST 2024', machine='x86_64')  Threads 8
Python 3.11.6 | packaged by conda-forge | (main, Oct  3 2023, 10:40:35) [GCC 12.3.0]
numpy 1.26.0  scipy 1.11.3
Date: Tue Apr 15 10:54:14 2025
PySCF version 2.5.0
PySCF path  /home/lppeng/anaconda3/envs/nerscV25/lib/python3.11/site-packages/pyscf

[CONFIG] conf_file None
[INPUT] verbose = 4
[INPUT] num. atoms = 7
[INPUT] num. electrons = 171
[INPUT] charge = -3
[INPUT] spin (= nelec alpha-beta = 2S) = 5
[INPUT] symmetry False subgroup None
[INPUT] Mole.unit = angstrom
[INPUT] Symbol           X                Y                Z      unit          X                Y                Z       unit  Magmom
[INPUT]  1 Dy     0.000000000000   0.000000000000   0.000000000000 AA    0.000000000000   0.000000000000   0.000000000000 Bohr   0.0
[INPUT]  2 Cl     2.724000000000   0.000000000000   0.000000000000 AA    5.147613963315   0.000000000000   0.000000000000 Bohr   0.0
[INPUT]  3 Cl    -2.724000000000   0.000000000000   0.000000000000 AA   -5.147613963315   0.000000000000   0.000000000000 Bohr   0.0
[INPUT]  4 Cl     0.000000000000   2.724000000000   0.000000000000 AA    0.000000000000   5.147613963315   0.000000000000 Bohr   0.0
[INPUT]  5 Cl     0.000000000000  -2.724000000000   0.000000000000 AA    0.000000000000  -5.147613963315   0.000000000000 Bohr   0.0
[INPUT]  6 Cl     0.000000000000   0.000000000000   2.724000000000 AA    0.000000000000   0.000000000000   5.147613963315 Bohr   0.0
[INPUT]  7 Cl     0.000000000000   0.000000000000  -2.724000000000 AA    0.000000000000   0.000000000000  -5.147613963315 Bohr   0.0

nuclear repulsion = 1868.38919656687
number of shells = 84
number of NR pGTOs = 449
number of NR cGTOs = 198
basis = {'default': '631g', 'Dy': 'sarc-dkh'}
ecp = {}
CPU time:         3.93
N_elec (88, 83), N_ao 198
#INFO: **** input file is /central/groups/changroup/members/lppeng/holmium/run/paper_final/run_Dy/conf7/GS/run_2/ground_state.py ****
'''
Example input to calculate the ground state of a molecular system
Include x2c relativistic effect
'''
import pyscf
from pyscf.scf.hf import RHF
from pyscf.dft.uks import UKS
from pyscf.dft.gks import GKS
from pyscf import lib
import os, sys
import numpy as np
import scipy.linalg as la
from scipy.linalg import sqrtm, eigh
from scipy.optimize import root
np.set_printoptions(precision=12, threshold=sys.maxsize, linewidth=190, suppress=True)
log = lib.logger.Logger(sys.stdout, 4)

if __name__ == "__main__":
    from pyscf import gto, scf, dft, lib
    from pyscf.lib import chkfile
    from stevens import cdft, project, utils
    from stevens.project import get_mj

    # system input
    geometry = 'DyCl6' # The name of geometry file minus ".xyz"
                       # Make sure first atom is the central magnetic atom 
    spin = 5 # number of unpaired electrons in a unit cell
    charge = -3 # charge of the molecule or a unit cell
    basis = {'default': '631g', 'Dy': 'sarc-dkh'} # specify basis for all elements here
    max_memory = 32000 # in the unit of MB. Recommend: memory available on a node - 10000 MB
    qmmm = True # add environment with classical charges

    # (c)HF/DFT parameters
    xc = 'HF' # functional
    smearing = None # To help HF/DFT converge, try e.g. 5e-2
    chkfname_guess = 'project' # initial guess. 'minao' for default PySCF guess; None for constrained HF; 
                # path to a checkpoint file to restart from a SCF solution.
                # 'project' to project from the SCF solution in a small basis to generate the initial guess
    chkfname_small = '../gs_small_%s.chk'%geometry # checkpoint file in a small basis. Used when chkfname_guess == 'project'
    basis_small = {'default': 'minao', 'Dy': 'cc-x2c-minao'}# the small basis associated with chkfname_small
    change_dm_mode = 'rotate' # None: no change
                          # 'positive_z': set the 4f block of dm so that J~(0,0,J)
                          # 'rotate': rotate the 4f block of dm by some angles
    atom_index = 0 # the index of central lanthanide atom
    occ_idx = 2
    noise = 0 # max noise on density matrix initial guess

    # constrained HF parameters for the initial guess
    ao_shell = 'f'
    lo_chkfname = '../../UHF/uhf_gs_%s_lo.h5'%geometry  
    multiplier0 = 0.1
    # END USER INPUT

    # set up system
    if os.path.isfile('../../' + geometry + ".xyz"):
        mol = gto.M(
            atom = '../../' + geometry + ".xyz",
            basis = basis,
            verbose = 4,
            spin = spin,
            charge = charge,
            max_memory = max_memory,
            )
        mol.set_common_origin(mol._atom[atom_index][1])
    else:
        raise ValueError("No .xyz file available!")
    log.info("N_elec %s, N_ao %s"%(mol.nelec, mol.nao))

    # generate HF/DFT initial guess
    if chkfname_guess == 'minao':
        mf = scf.GKS(mol).x2c()
        dm0 = mf.get_init_guess()
        print("Use PySCF default init guess")
    elif chkfname_guess is None:
        # run constrained DFT
        angles = cdft.sample_rotation('xyz', occ_idx, unit=20)
        from scipy.spatial.transform import Rotation
        direction = Rotation.from_euler('zyz', angles, degrees=False) @ [0,0,1]
        cmf = cdft.CGKS(mol, direction, multiplier_guess=multiplier0, max_cycle=300,
                atom_index=atom_index, ao_shell='f', lo_chkfname=lo_chkfname, xc=xc, smearing=smearing)
        cmf.kernel()
        dm0 = cmf._scf.make_rdm1()
        print("Contrained SCF solution as init guess")
    elif chkfname_guess == 'project':
        # project dm0 in a small basis to the larger basis 
        dm0 = utils.project_dm_from_small_basis(mol, basis_small, chkfname_small, change_dm_mode, atom_index=atom_index, occ_idx=occ_idx)
        print("Project wavefunction in a smaller basis to the target basis as init guess")
    else:
        mf = scf.GKS(mol).x2c()
        data = chkfile.load(chkfname_guess, 'scf')
        mf.__dict__.update(data)
        dm0 = mf.make_rdm1()
        mf.analyze(with_meta_lowdin=False)
        print("Load .chk file for init guess")
    if change_dm_mode is not None and not chkfname_guess == 'project': # when chkfname_guess == 'project', change in small basis
        dm0 = utils.change_dm_guess(mol, dm0, change_dm_mode, atom_index=atom_index, occ_idx=occ_idx)
    dm0 += (np.random.rand(*(dm0.shape)) - 0.5) * noise  
    print("J vector of initial guess", get_mj(mol, dm0, analyze=True))

    # run HF/DFT
    mf = scf.GKS(mol).x2c()
    mf.xc = xc
    if xc.upper() != 'HF':
        mf.collinear = 'mcol'
        mf.grids.level = 6 
    mf.chkfile = 'gs_' + geometry + '.chk' 
    mf.max_cycle = 1000 
    if smearing is not None:
        mf = scf.addons.smearing_(mf, sigma=smearing, method="fermi")
    if qmmm: # add the precomputed potential from environmental classical charges 
        get_hcore_original = mf.get_hcore
        hcore_mm = np.load('../../mm_hcore.npy')
        def get_hcore_mm(self, mol=None):
            return get_hcore_original(mol=mol) + la.block_diag(hcore_mm, hcore_mm)
        import types
        mf.get_hcore = types.MethodType(get_hcore_mm, mf)
    mf.kernel(dm0=dm0)
    dm = mf.make_rdm1()
    print("S vector", get_mj(mol, dm, include_L=False))
    print("L vector", get_mj(mol, dm, include_S=False))
    print("J vector", get_mj(mol, dm))
#INFO: ******************** input file end ********************


System: uname_result(system='Linux', node='hpc-35-03.cm.cluster', release='5.14.0-362.24.1.el9_3.x86_64', version='#1 SMP PREEMPT_DYNAMIC Thu Feb 15 07:18:13 EST 2024', machine='x86_64')  Threads 8
Python 3.11.6 | packaged by conda-forge | (main, Oct  3 2023, 10:40:35) [GCC 12.3.0]
numpy 1.26.0  scipy 1.11.3
Date: Tue Apr 15 10:54:14 2025
PySCF version 2.5.0
PySCF path  /home/lppeng/anaconda3/envs/nerscV25/lib/python3.11/site-packages/pyscf

[CONFIG] conf_file None
[INPUT] verbose = 4
[INPUT] num. atoms = 7
[INPUT] num. electrons = 171
[INPUT] charge = -3
[INPUT] spin (= nelec alpha-beta = 2S) = 5
[INPUT] symmetry False subgroup None
[INPUT] Mole.unit = angstrom
[INPUT] Symbol           X                Y                Z      unit          X                Y                Z       unit  Magmom
[INPUT]  1 Dy     0.000000000000   0.000000000000   0.000000000000 AA    0.000000000000   0.000000000000   0.000000000000 Bohr   0.0
[INPUT]  2 Cl     2.724000000000   0.000000000000   0.000000000000 AA    5.147613963315   0.000000000000   0.000000000000 Bohr   0.0
[INPUT]  3 Cl    -2.724000000000   0.000000000000   0.000000000000 AA   -5.147613963315   0.000000000000   0.000000000000 Bohr   0.0
[INPUT]  4 Cl     0.000000000000   2.724000000000   0.000000000000 AA    0.000000000000   5.147613963315   0.000000000000 Bohr   0.0
[INPUT]  5 Cl     0.000000000000  -2.724000000000   0.000000000000 AA    0.000000000000  -5.147613963315   0.000000000000 Bohr   0.0
[INPUT]  6 Cl     0.000000000000   0.000000000000   2.724000000000 AA    0.000000000000   0.000000000000   5.147613963315 Bohr   0.0
[INPUT]  7 Cl     0.000000000000   0.000000000000  -2.724000000000 AA    0.000000000000   0.000000000000  -5.147613963315 Bohr   0.0

nuclear repulsion = 1868.38919656687
number of shells = 16
number of NR pGTOs = 511
number of NR cGTOs = 89
basis = {'default': 'minao', 'Dy': 'cc-x2c-minao'}
ecp = {}
CPU time:         4.13
basis {'default': '631g', 'Dy': 'sarc-dkh'} 198
basis {'default': 'minao', 'Dy': 'cc-x2c-minao'} 89
(3, 89, 89) 89
Haar random target direction [0.5877852522924731, 0.0, 0.8090169943749475]
Haar random total rotation [0.     0.6283 0.    ]
Rotated f-block dm by angles from +z [0.     0.6283 0.    ]
Project wavefunction in a smaller basis to the target basis as init guess
(3, 198, 198) 198
elemental J of ['Cl' 'Dy']
  Cl -0.0003+0.0000j 0.0000+0.0000j 0.0303+0.0000j 
  Dy 4.3839-0.0000j 0.0000+0.0000j 6.0172-0.0000j 
J vector of initial guess [ 4.3835-0.j -0.    -0.j  6.0475+0.j]


******** <class 'pyscf.x2c.x2c.X2C1eGKS'> ********
method = X2C1eGKS
initial guess = minao
damping factor = 0
level_shift factor = 0
DIIS = <class 'pyscf.scf.diis.CDIIS'>
diis_start_cycle = 1
diis_space = 8
diis_damp = 0
SCF conv_tol = 1e-09
SCF conv_tol_grad = None
SCF max_cycles = 1000
direct_scf = True
direct_scf_tol = 1e-13
chkfile to save SCF result = gs_DyCl6.chk
max_memory 32000 MB (current use 163 MB)
XC library pyscf.dft.libxc version 6.1.0
    S. Lehtola, C. Steigemann, M. J.T. Oliveira, and M. A.L. Marques.,  SoftwareX 7, 1–5 (2018)
XC functionals = HF

radial grids: 
    Treutler-Ahlrichs [JCP 102, 346 (1995); DOI:10.1063/1.469408] (M4) radial grids
    
becke partition: Becke, JCP 88, 2547 (1988); DOI:10.1063/1.454033
pruning grids: <function nwchem_prune at 0x7f3f7612de40>
grids dens level: 3
symmetrized grids: False
atomic radii adjust function: <function treutler_atomic_radii_adjust at 0x7f3f7612e480>
small_rho_cutoff = 1e-07
collinear = col


******** <class 'pyscf.x2c.x2c.SpinOrbitalX2CHelper'> ********
approx = 1e
xuncontract = 1
Overwritten attributes  get_hcore  of <class 'pyscf.x2c.x2c.X2C1eGKS'>
Set gradient conv threshold to 3.16228e-05
tot grids = 134432
init E= -14971.0771205109
  HOMO = -0.282795345571074  LUMO = -0.066884488742131
cycle= 1 E= -14978.5880999879  delta_E= -7.51  |g|= 1.64  |ddm|=  2.4
  HOMO = -0.27530292430114  LUMO = 0.124210973529335
cycle= 2 E= -14978.7003217237  delta_E= -0.112  |g|= 0.718  |ddm|= 1.15
  HOMO = -0.322841972752257  LUMO = 0.12231908439624
cycle= 3 E= -14978.7605715607  delta_E= -0.0602  |g|= 0.277  |ddm|= 0.536
  HOMO = -0.322701308196182  LUMO = 0.122605969807323
cycle= 4 E= -14978.7665383542  delta_E= -0.00597  |g|= 0.024  |ddm|= 0.0911
  HOMO = -0.32386830502578  LUMO = 0.122823635224355
cycle= 5 E= -14978.7667836135  delta_E= -0.000245  |g|= 0.00629  |ddm|= 0.027
  HOMO = -0.323683715033925  LUMO = 0.122826882042739
cycle= 6 E= -14978.7668469469  delta_E= -6.33e-05  |g|= 0.00484  |ddm|= 0.0115
  HOMO = -0.32374862141965  LUMO = 0.122831178910953
cycle= 7 E= -14978.7669168697  delta_E= -6.99e-05  |g|= 0.00378  |ddm|= 0.0119
  HOMO = -0.323607456732642  LUMO = 0.122827911224348
cycle= 8 E= -14978.7669955178  delta_E= -7.86e-05  |g|= 0.00215  |ddm|= 0.0195
  HOMO = -0.323695018760734  LUMO = 0.122825634387207
cycle= 9 E= -14978.7670248339  delta_E= -2.93e-05  |g|= 0.000799  |ddm|= 0.0167
  HOMO = -0.323683137122509  LUMO = 0.122825859851519
cycle= 10 E= -14978.7670271451  delta_E= -2.31e-06  |g|= 0.000528  |ddm|= 0.00376
  HOMO = -0.323691882481786  LUMO = 0.122826639888642
cycle= 11 E= -14978.7670281048  delta_E= -9.6e-07  |g|= 0.000434  |ddm|= 0.00166
  HOMO = -0.323691927030003  LUMO = 0.122827336043158
cycle= 12 E= -14978.7670289977  delta_E= -8.93e-07  |g|= 0.000383  |ddm|= 0.00156
  HOMO = -0.323696737756456  LUMO = 0.122826534122538
cycle= 13 E= -14978.7670299809  delta_E= -9.83e-07  |g|= 0.000349  |ddm|= 0.0019
  HOMO = -0.3236893855599  LUMO = 0.122826692157436
cycle= 14 E= -14978.7670307936  delta_E= -8.13e-07  |g|= 0.00033  |ddm|= 0.0017
  HOMO = -0.323688183956106  LUMO = 0.122826793492021
cycle= 15 E= -14978.7670318526  delta_E= -1.06e-06  |g|= 0.000305  |ddm|= 0.00236
  HOMO = -0.323686813822743  LUMO = 0.1228268624207
cycle= 16 E= -14978.7670340414  delta_E= -2.19e-06  |g|= 0.000252  |ddm|= 0.00576
  HOMO = -0.323687031093058  LUMO = 0.122826749265552
cycle= 17 E= -14978.767035562  delta_E= -1.52e-06  |g|= 0.000224  |ddm|= 0.00525
  HOMO = -0.323688909266392  LUMO = 0.122826597894442
cycle= 18 E= -14978.7670359936  delta_E= -4.32e-07  |g|= 0.000216  |ddm|= 0.00162
  HOMO = -0.323688683798902  LUMO = 0.122826455523858
cycle= 19 E= -14978.767036431  delta_E= -4.37e-07  |g|= 0.000207  |ddm|= 0.00161
  HOMO = -0.323687597509314  LUMO = 0.122826560980973
cycle= 20 E= -14978.767036935  delta_E= -5.04e-07  |g|= 0.000201  |ddm|= 0.00189
  HOMO = -0.323686154393483  LUMO = 0.122826434013885
cycle= 21 E= -14978.7670372734  delta_E= -3.38e-07  |g|= 0.000197  |ddm|= 0.00126
  HOMO = -0.323686146797105  LUMO = 0.122826340790486
cycle= 22 E= -14978.7670376402  delta_E= -3.67e-07  |g|= 0.000193  |ddm|= 0.00135
  HOMO = -0.323685046234771  LUMO = 0.122826198391768
cycle= 23 E= -14978.7670381973  delta_E= -5.57e-07  |g|= 0.000188  |ddm|= 0.00209
  HOMO = -0.323685251748599  LUMO = 0.122826059652773
cycle= 24 E= -14978.767038592  delta_E= -3.95e-07  |g|= 0.000186  |ddm|= 0.00151
  HOMO = -0.323685006483627  LUMO = 0.122826142969937
cycle= 25 E= -14978.7670388299  delta_E= -2.38e-07  |g|= 0.000186  |ddm|= 0.000902
  HOMO = -0.323684378151738  LUMO = 0.122826104260035
cycle= 26 E= -14978.7670390414  delta_E= -2.11e-07  |g|= 0.000185  |ddm|= 0.000796
  HOMO = -0.323684404782329  LUMO = 0.122826093403578
cycle= 27 E= -14978.7670392163  delta_E= -1.75e-07  |g|= 0.000185  |ddm|= 0.000657
  HOMO = -0.323684007453247  LUMO = 0.1228260786415
cycle= 28 E= -14978.7670393683  delta_E= -1.52e-07  |g|= 0.000185  |ddm|= 0.00057
  HOMO = -0.323684075687863  LUMO = 0.122826080664448
cycle= 29 E= -14978.7670394684  delta_E= -1e-07  |g|= 0.000185  |ddm|= 0.000375
  HOMO = -0.323684030418246  LUMO = 0.122826080347501
cycle= 30 E= -14978.767039496  delta_E= -2.76e-08  |g|= 0.000185  |ddm|= 0.000104
  HOMO = -0.323684248712195  LUMO = 0.12282606434231
cycle= 31 E= -14978.7670392859  delta_E= 2.1e-07  |g|= 0.000185  |ddm|= 0.000789
  HOMO = -0.323684423829886  LUMO = 0.122826079097816
cycle= 32 E= -14978.7670391667  delta_E= 1.19e-07  |g|= 0.000185  |ddm|= 0.000449
  HOMO = -0.323684509311221  LUMO = 0.122826082853601
cycle= 33 E= -14978.7670390522  delta_E= 1.15e-07  |g|= 0.000185  |ddm|= 0.000433
  HOMO = -0.323684718068995  LUMO = 0.122826098498709
cycle= 34 E= -14978.7670388908  delta_E= 1.61e-07  |g|= 0.000185  |ddm|= 0.000609
  HOMO = -0.323684705371205  LUMO = 0.122826088985669
cycle= 35 E= -14978.767038804  delta_E= 8.68e-08  |g|= 0.000185  |ddm|= 0.000328
  HOMO = -0.323684773843007  LUMO = 0.122826090690963
cycle= 36 E= -14978.7670387419  delta_E= 6.2e-08  |g|= 0.000185  |ddm|= 0.000235
  HOMO = -0.323684922985954  LUMO = 0.122826091694685
cycle= 37 E= -14978.7670386775  delta_E= 6.45e-08  |g|= 0.000185  |ddm|= 0.000248
  HOMO = -0.323684976169359  LUMO = 0.122826101361807
cycle= 38 E= -14978.7670386176  delta_E= 5.99e-08  |g|= 0.000185  |ddm|= 0.000233
  HOMO = -0.323685009191139  LUMO = 0.122826104300259
cycle= 39 E= -14978.7670387036  delta_E= -8.6e-08  |g|= 0.000184  |ddm|= 0.000336
  HOMO = -0.32368493126517  LUMO = 0.122826103904553
cycle= 40 E= -14978.7670388197  delta_E= -1.16e-07  |g|= 0.000184  |ddm|= 0.000446
  HOMO = -0.323684750049565  LUMO = 0.122826099004931
cycle= 41 E= -14978.7670389038  delta_E= -8.41e-08  |g|= 0.000184  |ddm|= 0.000318
  HOMO = -0.323684682783442  LUMO = 0.122826099549292
cycle= 42 E= -14978.7670389941  delta_E= -9.02e-08  |g|= 0.000184  |ddm|= 0.000341
  HOMO = -0.323684531803725  LUMO = 0.122826099829953
cycle= 43 E= -14978.7670391029  delta_E= -1.09e-07  |g|= 0.000184  |ddm|= 0.000411
  HOMO = -0.323684522337679  LUMO = 0.122826101335587
cycle= 44 E= -14978.7670391354  delta_E= -3.25e-08  |g|= 0.000184  |ddm|= 0.000123
  HOMO = -0.323684523564155  LUMO = 0.122826101237612
cycle= 45 E= -14978.76703913  delta_E= 5.38e-09  |g|= 0.000184  |ddm|= 2.02e-05
  HOMO = -0.323684563281246  LUMO = 0.12282610028759
cycle= 46 E= -14978.7670391093  delta_E= 2.07e-08  |g|= 0.000184  |ddm|= 7.89e-05
  HOMO = -0.323684670847791  LUMO = 0.122826083086424
cycle= 47 E= -14978.7670390016  delta_E= 1.08e-07  |g|= 0.000184  |ddm|= 0.000418
  HOMO = -0.323684736131599  LUMO = 0.122826067965773
cycle= 48 E= -14978.7670388577  delta_E= 1.44e-07  |g|= 0.000184  |ddm|= 0.000581
  HOMO = -0.323684750034883  LUMO = 0.12282603411956
cycle= 49 E= -14978.7670387595  delta_E= 9.81e-08  |g|= 0.000184  |ddm|= 0.00046
  HOMO = -0.323684631384348  LUMO = 0.122826020414942
cycle= 50 E= -14978.7670387757  delta_E= -1.61e-08  |g|= 0.000184  |ddm|= 0.000187
  HOMO = -0.323684597694621  LUMO = 0.122826015746472
cycle= 51 E= -14978.7670388258  delta_E= -5.02e-08  |g|= 0.000184  |ddm|= 0.000218
  HOMO = -0.323684614099977  LUMO = 0.122826012233168
cycle= 52 E= -14978.7670388671  delta_E= -4.12e-08  |g|= 0.000184  |ddm|= 0.000163
  HOMO = -0.323684584282652  LUMO = 0.122826014341273
cycle= 53 E= -14978.7670389109  delta_E= -4.38e-08  |g|= 0.000184  |ddm|= 0.000167
  HOMO = -0.3236846229666  LUMO = 0.12282601133823
cycle= 54 E= -14978.767038854  delta_E= 5.69e-08  |g|= 0.000184  |ddm|= 0.000215
  HOMO = -0.323684801146285  LUMO = 0.122826007891977
cycle= 55 E= -14978.7670387124  delta_E= 1.42e-07  |g|= 0.000184  |ddm|= 0.000535
  HOMO = -0.323684935795905  LUMO = 0.12282599936178
cycle= 56 E= -14978.7670385708  delta_E= 1.42e-07  |g|= 0.000184  |ddm|= 0.000536
  HOMO = -0.323685139781621  LUMO = 0.122826001255188
cycle= 57 E= -14978.7670382869  delta_E= 2.84e-07  |g|= 0.000183  |ddm|= 0.00108
  HOMO = -0.32368533307601  LUMO = 0.122825972427817
cycle= 58 E= -14978.7670379717  delta_E= 3.15e-07  |g|= 0.000183  |ddm|= 0.0012
  HOMO = -0.323685856550952  LUMO = 0.122825954098975
cycle= 59 E= -14978.7670375361  delta_E= 4.36e-07  |g|= 0.000183  |ddm|= 0.00166
  HOMO = -0.323686056741824  LUMO = 0.12282593690039
cycle= 60 E= -14978.7670373149  delta_E= 2.21e-07  |g|= 0.000183  |ddm|= 0.000846
  HOMO = -0.323686244055267  LUMO = 0.122825936635353
cycle= 61 E= -14978.7670371671  delta_E= 1.48e-07  |g|= 0.000183  |ddm|= 0.000565
  HOMO = -0.323686393500023  LUMO = 0.122825937078713
cycle= 62 E= -14978.7670369947  delta_E= 1.72e-07  |g|= 0.000183  |ddm|= 0.000667
  HOMO = -0.323686507417327  LUMO = 0.122825940045582
cycle= 63 E= -14978.7670368382  delta_E= 1.57e-07  |g|= 0.000182  |ddm|= 0.000608
  HOMO = -0.323686553835655  LUMO = 0.122825917264662
cycle= 64 E= -14978.7670367472  delta_E= 9.1e-08  |g|= 0.000182  |ddm|= 0.000373
  HOMO = -0.323686555894621  LUMO = 0.122825920452925
cycle= 65 E= -14978.7670368101  delta_E= -6.29e-08  |g|= 0.000182  |ddm|= 0.000261
  HOMO = -0.323686386402479  LUMO = 0.122825911592969
cycle= 66 E= -14978.7670369297  delta_E= -1.2e-07  |g|= 0.000182  |ddm|= 0.00046
  HOMO = -0.323686294092444  LUMO = 0.122825927249533
cycle= 67 E= -14978.7670371061  delta_E= -1.76e-07  |g|= 0.000182  |ddm|= 0.000676
  HOMO = -0.32368599902697  LUMO = 0.122825928616731
cycle= 68 E= -14978.7670373034  delta_E= -1.97e-07  |g|= 0.000182  |ddm|= 0.000764
  HOMO = -0.323685997037242  LUMO = 0.122825943407146
cycle= 69 E= -14978.7670374179  delta_E= -1.15e-07  |g|= 0.000182  |ddm|= 0.000449
  HOMO = -0.323685962794827  LUMO = 0.122825932898553
cycle= 70 E= -14978.7670374287  delta_E= -1.08e-08  |g|= 0.000182  |ddm|= 7.65e-05
  HOMO = -0.323685976607948  LUMO = 0.122825927640985
cycle= 71 E= -14978.7670374237  delta_E= 5.05e-09  |g|= 0.000182  |ddm|= 5.62e-05
  HOMO = -0.323685965536748  LUMO = 0.122825923066726
cycle= 72 E= -14978.7670374276  delta_E= -3.94e-09  |g|= 0.000182  |ddm|= 2.73e-05
  HOMO = -0.323685965231941  LUMO = 0.122825923308285
cycle= 73 E= -14978.7670374298  delta_E= -2.2e-09  |g|= 0.000182  |ddm|= 1.12e-05
  HOMO = -0.323685953989293  LUMO = 0.122825929480276
cycle= 74 E= -14978.767037454  delta_E= -2.42e-08  |g|= 0.000182  |ddm|= 0.000119
  HOMO = -0.323685906543697  LUMO = 0.122825930166677
cycle= 75 E= -14978.7670374968  delta_E= -4.28e-08  |g|= 0.000182  |ddm|= 0.000164
  HOMO = -0.323685987320622  LUMO = 0.122825921822219
cycle= 76 E= -14978.7670373837  delta_E= 1.13e-07  |g|= 0.000182  |ddm|= 0.000434
  HOMO = -0.323686057462483  LUMO = 0.122825922977499
cycle= 77 E= -14978.7670372965  delta_E= 8.71e-08  |g|= 0.000182  |ddm|= 0.000336
  HOMO = -0.323686049896122  LUMO = 0.122825920854356
cycle= 78 E= -14978.7670372885  delta_E= 8.04e-09  |g|= 0.000182  |ddm|= 3.55e-05
  HOMO = -0.323686067973634  LUMO = 0.122825913904224
cycle= 79 E= -14978.7670372429  delta_E= 4.56e-08  |g|= 0.000182  |ddm|= 0.00018
  HOMO = -0.323686244037149  LUMO = 0.122825914361246
cycle= 80 E= -14978.7670370964  delta_E= 1.46e-07  |g|= 0.000181  |ddm|= 0.000572
  HOMO = -0.323687378085874  LUMO = 0.122825891335657
cycle= 81 E= -14978.7670359102  delta_E= 1.19e-06  |g|= 0.000181  |ddm|= 0.00456
  HOMO = -0.323688401035407  LUMO = 0.122825841713151
cycle= 82 E= -14978.7670348139  delta_E= 1.1e-06  |g|= 0.00018  |ddm|= 0.00425
  HOMO = -0.323689877317273  LUMO = 0.122825813087347
cycle= 83 E= -14978.7670335637  delta_E= 1.25e-06  |g|= 0.000179  |ddm|= 0.00489
  HOMO = -0.323690619324357  LUMO = 0.12282577780876
cycle= 84 E= -14978.767032752  delta_E= 8.12e-07  |g|= 0.000179  |ddm|= 0.0032
  HOMO = -0.32369302965253  LUMO = 0.12282568749604
cycle= 85 E= -14978.7670301284  delta_E= 2.62e-06  |g|= 0.000178  |ddm|= 0.0105
  HOMO = -0.32369460735515  LUMO = 0.122825623935073
cycle= 86 E= -14978.7670286585  delta_E= 1.47e-06  |g|= 0.000175  |ddm|= 0.00602
  HOMO = -0.323706784492786  LUMO = 0.122825195908123
cycle= 87 E= -14978.7670174442  delta_E= 1.12e-05  |g|= 0.000331  |ddm|= 0.0482
  HOMO = -0.323706753182635  LUMO = 0.122825191623697
cycle= 88 E= -14978.7670174546  delta_E= -1.05e-08  |g|= 0.000331  |ddm|= 8.27e-05
  HOMO = -0.323702700332546  LUMO = 0.122825356433392
cycle= 89 E= -14978.7670213653  delta_E= -3.91e-06  |g|= 0.000193  |ddm|= 0.0171
  HOMO = -0.32370661673862  LUMO = 0.122825092097182
cycle= 90 E= -14978.7670174385  delta_E= 3.93e-06  |g|= 0.000263  |ddm|= 0.0176
  HOMO = -0.323706913254321  LUMO = 0.122825057977254
cycle= 91 E= -14978.7670173976  delta_E= 4.09e-08  |g|= 0.000226  |ddm|= 0.000955
  HOMO = -0.323712408364857  LUMO = 0.122824653544458
cycle= 92 E= -14978.7670122522  delta_E= 5.15e-06  |g|= 0.000416  |ddm|= 0.0244
  HOMO = -0.323706266963561  LUMO = 0.122825030855268
cycle= 93 E= -14978.7670179063  delta_E= -5.65e-06  |g|= 0.000171  |ddm|= 0.0265
  HOMO = -0.323715372779767  LUMO = 0.122824616288822
cycle= 94 E= -14978.7670102155  delta_E= 7.69e-06  |g|= 0.000486  |ddm|= 0.0364
  HOMO = -0.323710257178497  LUMO = 0.122824808527846
cycle= 95 E= -14978.7670144242  delta_E= -4.21e-06  |g|= 0.000292  |ddm|= 0.0201
  HOMO = -0.323709785222386  LUMO = 0.122824762408747
cycle= 96 E= -14978.7670147743  delta_E= -3.5e-07  |g|= 0.000336  |ddm|= 0.00172
  HOMO = -0.323710916440944  LUMO = 0.122824807002852
cycle= 97 E= -14978.7670143182  delta_E= 4.56e-07  |g|= 0.000281  |ddm|= 0.00227
  HOMO = -0.323706457386984  LUMO = 0.122824973119607
cycle= 98 E= -14978.7670177963  delta_E= -3.48e-06  |g|= 0.000166  |ddm|= 0.0163
  HOMO = -0.323706605587818  LUMO = 0.122824956322587
cycle= 99 E= -14978.7670176304  delta_E= 1.66e-07  |g|= 0.000167  |ddm|= 0.000776
  HOMO = -0.323707321604773  LUMO = 0.122824908722021
cycle= 100 E= -14978.7670170297  delta_E= 6.01e-07  |g|= 0.000166  |ddm|= 0.00278
  HOMO = -0.323707528278706  LUMO = 0.122824920527508
cycle= 101 E= -14978.7670168732  delta_E= 1.56e-07  |g|= 0.000167  |ddm|= 0.000734
  HOMO = -0.323706645121839  LUMO = 0.122824903742539
cycle= 102 E= -14978.7670175601  delta_E= -6.87e-07  |g|= 0.000167  |ddm|= 0.00318
  HOMO = -0.32370674770394  LUMO = 0.122824951679584
cycle= 103 E= -14978.7670178182  delta_E= -2.58e-07  |g|= 0.000156  |ddm|= 0.00127
  HOMO = -0.323707053360708  LUMO = 0.122824933556244
cycle= 104 E= -14978.7670173549  delta_E= 4.63e-07  |g|= 0.000154  |ddm|= 0.00221
  HOMO = -0.323711502547314  LUMO = 0.122824847070986
cycle= 105 E= -14978.7670143122  delta_E= 3.04e-06  |g|= 0.000149  |ddm|= 0.0144
  HOMO = -0.323713122250993  LUMO = 0.122824740319845
cycle= 106 E= -14978.7670124396  delta_E= 1.87e-06  |g|= 0.000147  |ddm|= 0.00916
  HOMO = -0.323716554870548  LUMO = 0.122824683646872
cycle= 107 E= -14978.7670099844  delta_E= 2.46e-06  |g|= 0.000142  |ddm|= 0.0124
  HOMO = -0.323718312688027  LUMO = 0.122824569002113
cycle= 108 E= -14978.7670080221  delta_E= 1.96e-06  |g|= 0.00014  |ddm|= 0.0103
  HOMO = -0.323720876760926  LUMO = 0.12282453578023
cycle= 109 E= -14978.7670058598  delta_E= 2.16e-06  |g|= 0.000141  |ddm|= 0.0117
  HOMO = -0.323723703257109  LUMO = 0.122824485009142
cycle= 110 E= -14978.767003705  delta_E= 2.15e-06  |g|= 0.000134  |ddm|= 0.0121
  HOMO = -0.323731265098768  LUMO = 0.122824388306206
cycle= 111 E= -14978.7669987526  delta_E= 4.95e-06  |g|= 0.000163  |ddm|= 0.0298
  HOMO = -0.323732504360662  LUMO = 0.122824385057238
cycle= 112 E= -14978.7669979685  delta_E= 7.84e-07  |g|= 0.000129  |ddm|= 0.00516
  HOMO = -0.32373823623284  LUMO = 0.122824285738595
cycle= 113 E= -14978.7669942055  delta_E= 3.76e-06  |g|= 0.000158  |ddm|= 0.0256
  HOMO = -0.323740016673217  LUMO = 0.122824261751969
cycle= 114 E= -14978.766992893  delta_E= 1.31e-06  |g|= 0.000119  |ddm|= 0.00985
  HOMO = -0.323741911252598  LUMO = 0.122824263810428
cycle= 115 E= -14978.7669916613  delta_E= 1.23e-06  |g|= 0.000142  |ddm|= 0.00975
  HOMO = -0.323742602458755  LUMO = 0.122824110345881
cycle= 116 E= -14978.7669908175  delta_E= 8.44e-07  |g|= 0.000131  |ddm|= 0.00684
  HOMO = -0.323744960324995  LUMO = 0.122823991268851
cycle= 117 E= -14978.7669893457  delta_E= 1.47e-06  |g|= 0.000255  |ddm|= 0.0123
  HOMO = -0.3237449869379  LUMO = 0.12282399408207
cycle= 118 E= -14978.7669893025  delta_E= 4.32e-08  |g|= 0.000215  |ddm|= 0.000625
  HOMO = -0.323747687503093  LUMO = 0.122823922030827
cycle= 119 E= -14978.7669874076  delta_E= 1.89e-06  |g|= 0.000108  |ddm|= 0.0183
  HOMO = -0.323750065584278  LUMO = 0.122823827501366
cycle= 120 E= -14978.7669857889  delta_E= 1.62e-06  |g|= 0.000198  |ddm|= 0.0164
  HOMO = -0.323751189259251  LUMO = 0.122823834021347
cycle= 121 E= -14978.7669847919  delta_E= 9.97e-07  |g|= 8.63e-05  |ddm|= 0.012
  HOMO = -0.32375226883292  LUMO = 0.122823803058737
cycle= 122 E= -14978.7669838913  delta_E= 9.01e-07  |g|= 8.03e-05  |ddm|= 0.0115
  HOMO = -0.32375312948833  LUMO = 0.122823689293293
cycle= 123 E= -14978.7669825482  delta_E= 1.34e-06  |g|= 0.000111  |ddm|= 0.0191
  HOMO = -0.323753641479803  LUMO = 0.122823722766337
cycle= 124 E= -14978.7669821325  delta_E= 4.16e-07  |g|= 7.3e-05  |ddm|= 0.00749
  HOMO = -0.323752823980509  LUMO = 0.122823577012365
cycle= 125 E= -14978.7669813162  delta_E= 8.16e-07  |g|= 6.34e-05  |ddm|= 0.0161
  HOMO = -0.323751141388198  LUMO = 0.12282344865612
cycle= 126 E= -14978.7669804054  delta_E= 9.11e-07  |g|= 0.000211  |ddm|= 0.0221
  HOMO = -0.323749553454527  LUMO = 0.122823375078582
cycle= 127 E= -14978.7669800473  delta_E= 3.58e-07  |g|= 0.00027  |ddm|= 0.0116
  HOMO = -0.323750790919704  LUMO = 0.122823461722641
cycle= 128 E= -14978.766980362  delta_E= -3.15e-07  |g|= 0.000111  |ddm|= 0.00868
  HOMO = -0.32375030863267  LUMO = 0.122823447991156
cycle= 129 E= -14978.7669804147  delta_E= -5.28e-08  |g|= 5.01e-05  |ddm|= 0.00112
  HOMO = -0.323747805977541  LUMO = 0.122823342791235
cycle= 130 E= -14978.7669799379  delta_E= 4.77e-07  |g|= 9.1e-05  |ddm|= 0.02
  HOMO = -0.323748246643654  LUMO = 0.122823378943386
cycle= 131 E= -14978.7669799564  delta_E= -1.86e-08  |g|= 2.92e-05  |ddm|= 0.000618
  HOMO = -0.323747960761221  LUMO = 0.122823357541435
cycle= 132 E= -14978.7669798897  delta_E= 6.67e-08  |g|= 3.03e-05  |ddm|= 0.00448
  HOMO = -0.3237473527041  LUMO = 0.122823354138607
cycle= 133 E= -14978.7669798244  delta_E= 6.53e-08  |g|= 3.59e-05  |ddm|= 0.00547
  HOMO = -0.323747081838444  LUMO = 0.122823351779348
cycle= 134 E= -14978.7669798277  delta_E= -3.25e-09  |g|= 2.32e-05  |ddm|= 0.000399
  HOMO = -0.32374609933261  LUMO = 0.122823313534098
cycle= 135 E= -14978.7669797964  delta_E= 3.13e-08  |g|= 3.71e-05  |ddm|= 0.00336
  HOMO = -0.32374614533188  LUMO = 0.122823331410496
cycle= 136 E= -14978.7669798049  delta_E= -8.51e-09  |g|= 1.5e-05  |ddm|= 0.000629
  HOMO = -0.323746051442397  LUMO = 0.122823329187467
cycle= 137 E= -14978.7669798013  delta_E= 3.64e-09  |g|= 1.23e-05  |ddm|= 0.00057
  HOMO = -0.323746283701224  LUMO = 0.122823352070351
cycle= 138 E= -14978.7669798028  delta_E= -1.49e-09  |g|= 9.1e-06  |ddm|= 0.000128
  HOMO = -0.323746298544934  LUMO = 0.122823357723082
cycle= 139 E= -14978.7669797993  delta_E= 3.53e-09  |g|= 7.66e-06  |ddm|= 0.000474
  HOMO = -0.323746177331337  LUMO = 0.122823354236766
cycle= 140 E= -14978.7669797954  delta_E= 3.9e-09  |g|= 6.61e-06  |ddm|= 0.00051
  HOMO = -0.323746166595027  LUMO = 0.122823359928215
cycle= 141 E= -14978.7669797936  delta_E= 1.76e-09  |g|= 5.95e-06  |ddm|= 0.000249
  HOMO = -0.323746080845152  LUMO = 0.122823355478913
cycle= 142 E= -14978.7669797916  delta_E= 1.95e-09  |g|= 5.57e-06  |ddm|= 0.000262
  HOMO = -0.323746061343024  LUMO = 0.122823354293687
cycle= 143 E= -14978.766979791  delta_E= 6.55e-10  |g|= 5.41e-06  |ddm|= 9.19e-05
  HOMO = -0.323746069331796  LUMO = 0.122823354446862
Extra cycle  E= -14978.766979791  delta_E= -2.91e-11  |g|= 5.37e-06  |ddm|= 6.13e-06
converged SCF energy = -14978.766979791  <S^2> = 8.2685496  2S+1 = 5.8373109
(3, 198, 198) 198
S vector [1.6796-0.j 0.    -0.j 1.6906-0.j]
(3, 198, 198) 198
L vector [3.604 -0.j 0.    -0.j 3.6284-0.j]
(3, 198, 198) 198
J vector [5.2836-0.j 0.    +0.j 5.319 -0.j]
Tue Apr 15 10:57:30 PDT 2025
