Currently Loaded Modulefiles:
 1) gmp/6.2.1-gcc-13.2.0-lcnhyse <aL>             
 2) mpfr/4.2.0-gcc-13.2.0-yy2fkq5 <aL>            
 3) mpc/1.3.1-gcc-13.2.0-5kgoftq <aL>             
 4) zlib-ng/2.1.3-gcc-13.2.0-jetnfwa <aL>         
 5) zstd/1.5.5-gcc-13.2.0-t2lua3l <aL>            
 6) gcc/13.2.0-gcc-13.2.0-w55nxkl                 
 7) cmake/3.20.2-gcc-13.2.0-rp74vpv               
 8) libfabric/1.18.1-gcc-13.2.0-bijxar4 <aL>      
 9) numactl/2.0.14-gcc-13.2.0-etkf74e <aL>        
10) openssh/8.7p1-gcc-13.2.0-g55xmkx <aL>         
11) slurm/22.05.6-gcc-13.2.0-tchsn6y <aL>         
12) openmpi/4.1.5-gcc-13.2.0-24q3ap2              
13) libpciaccess/0.17-gcc-13.2.0-r2cijnn <aL>     
14) libiconv/1.17-gcc-13.2.0-ntov4te <aL>         
15) xz/5.4.1-gcc-13.2.0-4xkm5xo <aL>              
16) libxml2/2.10.3-gcc-13.2.0-fr6jcjz <aL>        
17) ncurses/6.4-gcc-13.2.0-4o2yj6n <aL>           
18) hwloc/2.9.1-gcc-13.2.0-gzvfolk <aL>           
19) intel-tbb/2021.9.0-gcc-13.2.0-6nwk3ml <aL>    
20) intel-oneapi-mkl/2023.2.0-gcc-13.2.0-ohvyk7g  

Key:
<module-tag>  <aL>=auto-loaded  
/central/groups/changroup/members/lppeng/holmium/run/paper_final/run_Dy/conf7/GS/run_12
Tue Apr 15 10:54:09 PDT 2025
hpc-81-37.cm.cluster
--------------------------------------------------------------------------
WARNING: There was an error initializing an OpenFabrics device.

  Local host:   hpc-81-37
  Local device: mlx5_0
--------------------------------------------------------------------------
Apr 15 10:54:12 ####### 
                ####### libDMET   version 0.5
                ####### A periodic DMET library for lattice model and realistic solid.
                ####### 
#INFO: **** input file is /central/groups/changroup/members/lppeng/holmium/run/paper_final/run_Dy/conf7/GS/run_12/ground_state.py ****
'''
Example input to calculate the ground state of a molecular system
Include x2c relativistic effect
'''
import pyscf
from pyscf.scf.hf import RHF
from pyscf.dft.uks import UKS
from pyscf.dft.gks import GKS
from pyscf import lib
import os, sys
import numpy as np
import scipy.linalg as la
from scipy.linalg import sqrtm, eigh
from scipy.optimize import root
np.set_printoptions(precision=12, threshold=sys.maxsize, linewidth=190, suppress=True)
log = lib.logger.Logger(sys.stdout, 4)

if __name__ == "__main__":
    from pyscf import gto, scf, dft, lib
    from pyscf.lib import chkfile
    from stevens import cdft, project, utils
    from stevens.project import get_mj

    # system input
    geometry = 'DyCl6' # The name of geometry file minus ".xyz"
                       # Make sure first atom is the central magnetic atom 
    spin = 5 # number of unpaired electrons in a unit cell
    charge = -3 # charge of the molecule or a unit cell
    basis = {'default': '631g', 'Dy': 'sarc-dkh'} # specify basis for all elements here
    max_memory = 32000 # in the unit of MB. Recommend: memory available on a node - 10000 MB
    qmmm = True # add environment with classical charges

    # (c)HF/DFT parameters
    xc = 'HF' # functional
    smearing = None # To help HF/DFT converge, try e.g. 5e-2
    chkfname_guess = 'project' # initial guess. 'minao' for default PySCF guess; None for constrained HF; 
                # path to a checkpoint file to restart from a SCF solution.
                # 'project' to project from the SCF solution in a small basis to generate the initial guess
    chkfname_small = '../gs_small_%s.chk'%geometry # checkpoint file in a small basis. Used when chkfname_guess == 'project'
    basis_small = {'default': 'minao', 'Dy': 'cc-x2c-minao'}# the small basis associated with chkfname_small
    change_dm_mode = 'rotate' # None: no change
                          # 'positive_z': set the 4f block of dm so that J~(0,0,J)
                          # 'rotate': rotate the 4f block of dm by some angles
    atom_index = 0 # the index of central lanthanide atom
    occ_idx = 12
    noise = 0 # max noise on density matrix initial guess

    # constrained HF parameters for the initial guess
    ao_shell = 'f'
    lo_chkfname = '../../UHF/uhf_gs_%s_lo.h5'%geometry  
    multiplier0 = 0.1
    # END USER INPUT

    # set up system
    if os.path.isfile('../../' + geometry + ".xyz"):
        mol = gto.M(
            atom = '../../' + geometry + ".xyz",
            basis = basis,
            verbose = 4,
            spin = spin,
            charge = charge,
            max_memory = max_memory,
            )
        mol.set_common_origin(mol._atom[atom_index][1])
    else:
        raise ValueError("No .xyz file available!")
    log.info("N_elec %s, N_ao %s"%(mol.nelec, mol.nao))

    # generate HF/DFT initial guess
    if chkfname_guess == 'minao':
        mf = scf.GKS(mol).x2c()
        dm0 = mf.get_init_guess()
        print("Use PySCF default init guess")
    elif chkfname_guess is None:
        # run constrained DFT
        angles = cdft.sample_rotation('xyz', occ_idx, unit=20)
        from scipy.spatial.transform import Rotation
        direction = Rotation.from_euler('zyz', angles, degrees=False) @ [0,0,1]
        cmf = cdft.CGKS(mol, direction, multiplier_guess=multiplier0, max_cycle=300,
                atom_index=atom_index, ao_shell='f', lo_chkfname=lo_chkfname, xc=xc, smearing=smearing)
        cmf.kernel()
        dm0 = cmf._scf.make_rdm1()
        print("Contrained SCF solution as init guess")
    elif chkfname_guess == 'project':
        # project dm0 in a small basis to the larger basis 
        dm0 = utils.project_dm_from_small_basis(mol, basis_small, chkfname_small, change_dm_mode, atom_index=atom_index, occ_idx=occ_idx)
        print("Project wavefunction in a smaller basis to the target basis as init guess")
    else:
        mf = scf.GKS(mol).x2c()
        data = chkfile.load(chkfname_guess, 'scf')
        mf.__dict__.update(data)
        dm0 = mf.make_rdm1()
        mf.analyze(with_meta_lowdin=False)
        print("Load .chk file for init guess")
    if change_dm_mode is not None and not chkfname_guess == 'project': # when chkfname_guess == 'project', change in small basis
        dm0 = utils.change_dm_guess(mol, dm0, change_dm_mode, atom_index=atom_index, occ_idx=occ_idx)
    dm0 += (np.random.rand(*(dm0.shape)) - 0.5) * noise  
    print("J vector of initial guess", get_mj(mol, dm0, analyze=True))

    # run HF/DFT
    mf = scf.GKS(mol).x2c()
    mf.xc = xc
    if xc.upper() != 'HF':
        mf.collinear = 'mcol'
        mf.grids.level = 6 
    mf.chkfile = 'gs_' + geometry + '.chk' 
    mf.max_cycle = 1000 
    if smearing is not None:
        mf = scf.addons.smearing_(mf, sigma=smearing, method="fermi")
    if qmmm: # add the precomputed potential from environmental classical charges 
        get_hcore_original = mf.get_hcore
        hcore_mm = np.load('../../mm_hcore.npy')
        def get_hcore_mm(self, mol=None):
            return get_hcore_original(mol=mol) + la.block_diag(hcore_mm, hcore_mm)
        import types
        mf.get_hcore = types.MethodType(get_hcore_mm, mf)
    mf.kernel(dm0=dm0)
    dm = mf.make_rdm1()
    print("S vector", get_mj(mol, dm, include_L=False))
    print("L vector", get_mj(mol, dm, include_S=False))
    print("J vector", get_mj(mol, dm))
#INFO: ******************** input file end ********************


System: uname_result(system='Linux', node='hpc-81-37.cm.cluster', release='5.14.0-427.13.1.el9_4.x86_64', version='#1 SMP PREEMPT_DYNAMIC Wed Apr 10 10:29:16 EDT 2024', machine='x86_64')  Threads 8
Python 3.11.6 | packaged by conda-forge | (main, Oct  3 2023, 10:40:35) [GCC 12.3.0]
numpy 1.26.0  scipy 1.11.3
Date: Tue Apr 15 10:54:14 2025
PySCF version 2.5.0
PySCF path  /home/lppeng/anaconda3/envs/nerscV25/lib/python3.11/site-packages/pyscf

[CONFIG] conf_file None
[INPUT] verbose = 4
[INPUT] num. atoms = 7
[INPUT] num. electrons = 171
[INPUT] charge = -3
[INPUT] spin (= nelec alpha-beta = 2S) = 5
[INPUT] symmetry False subgroup None
[INPUT] Mole.unit = angstrom
[INPUT] Symbol           X                Y                Z      unit          X                Y                Z       unit  Magmom
[INPUT]  1 Dy     0.000000000000   0.000000000000   0.000000000000 AA    0.000000000000   0.000000000000   0.000000000000 Bohr   0.0
[INPUT]  2 Cl     2.724000000000   0.000000000000   0.000000000000 AA    5.147613963315   0.000000000000   0.000000000000 Bohr   0.0
[INPUT]  3 Cl    -2.724000000000   0.000000000000   0.000000000000 AA   -5.147613963315   0.000000000000   0.000000000000 Bohr   0.0
[INPUT]  4 Cl     0.000000000000   2.724000000000   0.000000000000 AA    0.000000000000   5.147613963315   0.000000000000 Bohr   0.0
[INPUT]  5 Cl     0.000000000000  -2.724000000000   0.000000000000 AA    0.000000000000  -5.147613963315   0.000000000000 Bohr   0.0
[INPUT]  6 Cl     0.000000000000   0.000000000000   2.724000000000 AA    0.000000000000   0.000000000000   5.147613963315 Bohr   0.0
[INPUT]  7 Cl     0.000000000000   0.000000000000  -2.724000000000 AA    0.000000000000   0.000000000000  -5.147613963315 Bohr   0.0

nuclear repulsion = 1868.38919656687
number of shells = 84
number of NR pGTOs = 449
number of NR cGTOs = 198
basis = {'default': '631g', 'Dy': 'sarc-dkh'}
ecp = {}
CPU time:         3.11
N_elec (88, 83), N_ao 198
#INFO: **** input file is /central/groups/changroup/members/lppeng/holmium/run/paper_final/run_Dy/conf7/GS/run_12/ground_state.py ****
'''
Example input to calculate the ground state of a molecular system
Include x2c relativistic effect
'''
import pyscf
from pyscf.scf.hf import RHF
from pyscf.dft.uks import UKS
from pyscf.dft.gks import GKS
from pyscf import lib
import os, sys
import numpy as np
import scipy.linalg as la
from scipy.linalg import sqrtm, eigh
from scipy.optimize import root
np.set_printoptions(precision=12, threshold=sys.maxsize, linewidth=190, suppress=True)
log = lib.logger.Logger(sys.stdout, 4)

if __name__ == "__main__":
    from pyscf import gto, scf, dft, lib
    from pyscf.lib import chkfile
    from stevens import cdft, project, utils
    from stevens.project import get_mj

    # system input
    geometry = 'DyCl6' # The name of geometry file minus ".xyz"
                       # Make sure first atom is the central magnetic atom 
    spin = 5 # number of unpaired electrons in a unit cell
    charge = -3 # charge of the molecule or a unit cell
    basis = {'default': '631g', 'Dy': 'sarc-dkh'} # specify basis for all elements here
    max_memory = 32000 # in the unit of MB. Recommend: memory available on a node - 10000 MB
    qmmm = True # add environment with classical charges

    # (c)HF/DFT parameters
    xc = 'HF' # functional
    smearing = None # To help HF/DFT converge, try e.g. 5e-2
    chkfname_guess = 'project' # initial guess. 'minao' for default PySCF guess; None for constrained HF; 
                # path to a checkpoint file to restart from a SCF solution.
                # 'project' to project from the SCF solution in a small basis to generate the initial guess
    chkfname_small = '../gs_small_%s.chk'%geometry # checkpoint file in a small basis. Used when chkfname_guess == 'project'
    basis_small = {'default': 'minao', 'Dy': 'cc-x2c-minao'}# the small basis associated with chkfname_small
    change_dm_mode = 'rotate' # None: no change
                          # 'positive_z': set the 4f block of dm so that J~(0,0,J)
                          # 'rotate': rotate the 4f block of dm by some angles
    atom_index = 0 # the index of central lanthanide atom
    occ_idx = 12
    noise = 0 # max noise on density matrix initial guess

    # constrained HF parameters for the initial guess
    ao_shell = 'f'
    lo_chkfname = '../../UHF/uhf_gs_%s_lo.h5'%geometry  
    multiplier0 = 0.1
    # END USER INPUT

    # set up system
    if os.path.isfile('../../' + geometry + ".xyz"):
        mol = gto.M(
            atom = '../../' + geometry + ".xyz",
            basis = basis,
            verbose = 4,
            spin = spin,
            charge = charge,
            max_memory = max_memory,
            )
        mol.set_common_origin(mol._atom[atom_index][1])
    else:
        raise ValueError("No .xyz file available!")
    log.info("N_elec %s, N_ao %s"%(mol.nelec, mol.nao))

    # generate HF/DFT initial guess
    if chkfname_guess == 'minao':
        mf = scf.GKS(mol).x2c()
        dm0 = mf.get_init_guess()
        print("Use PySCF default init guess")
    elif chkfname_guess is None:
        # run constrained DFT
        angles = cdft.sample_rotation('xyz', occ_idx, unit=20)
        from scipy.spatial.transform import Rotation
        direction = Rotation.from_euler('zyz', angles, degrees=False) @ [0,0,1]
        cmf = cdft.CGKS(mol, direction, multiplier_guess=multiplier0, max_cycle=300,
                atom_index=atom_index, ao_shell='f', lo_chkfname=lo_chkfname, xc=xc, smearing=smearing)
        cmf.kernel()
        dm0 = cmf._scf.make_rdm1()
        print("Contrained SCF solution as init guess")
    elif chkfname_guess == 'project':
        # project dm0 in a small basis to the larger basis 
        dm0 = utils.project_dm_from_small_basis(mol, basis_small, chkfname_small, change_dm_mode, atom_index=atom_index, occ_idx=occ_idx)
        print("Project wavefunction in a smaller basis to the target basis as init guess")
    else:
        mf = scf.GKS(mol).x2c()
        data = chkfile.load(chkfname_guess, 'scf')
        mf.__dict__.update(data)
        dm0 = mf.make_rdm1()
        mf.analyze(with_meta_lowdin=False)
        print("Load .chk file for init guess")
    if change_dm_mode is not None and not chkfname_guess == 'project': # when chkfname_guess == 'project', change in small basis
        dm0 = utils.change_dm_guess(mol, dm0, change_dm_mode, atom_index=atom_index, occ_idx=occ_idx)
    dm0 += (np.random.rand(*(dm0.shape)) - 0.5) * noise  
    print("J vector of initial guess", get_mj(mol, dm0, analyze=True))

    # run HF/DFT
    mf = scf.GKS(mol).x2c()
    mf.xc = xc
    if xc.upper() != 'HF':
        mf.collinear = 'mcol'
        mf.grids.level = 6 
    mf.chkfile = 'gs_' + geometry + '.chk' 
    mf.max_cycle = 1000 
    if smearing is not None:
        mf = scf.addons.smearing_(mf, sigma=smearing, method="fermi")
    if qmmm: # add the precomputed potential from environmental classical charges 
        get_hcore_original = mf.get_hcore
        hcore_mm = np.load('../../mm_hcore.npy')
        def get_hcore_mm(self, mol=None):
            return get_hcore_original(mol=mol) + la.block_diag(hcore_mm, hcore_mm)
        import types
        mf.get_hcore = types.MethodType(get_hcore_mm, mf)
    mf.kernel(dm0=dm0)
    dm = mf.make_rdm1()
    print("S vector", get_mj(mol, dm, include_L=False))
    print("L vector", get_mj(mol, dm, include_S=False))
    print("J vector", get_mj(mol, dm))
#INFO: ******************** input file end ********************


System: uname_result(system='Linux', node='hpc-81-37.cm.cluster', release='5.14.0-427.13.1.el9_4.x86_64', version='#1 SMP PREEMPT_DYNAMIC Wed Apr 10 10:29:16 EDT 2024', machine='x86_64')  Threads 8
Python 3.11.6 | packaged by conda-forge | (main, Oct  3 2023, 10:40:35) [GCC 12.3.0]
numpy 1.26.0  scipy 1.11.3
Date: Tue Apr 15 10:54:14 2025
PySCF version 2.5.0
PySCF path  /home/lppeng/anaconda3/envs/nerscV25/lib/python3.11/site-packages/pyscf

[CONFIG] conf_file None
[INPUT] verbose = 4
[INPUT] num. atoms = 7
[INPUT] num. electrons = 171
[INPUT] charge = -3
[INPUT] spin (= nelec alpha-beta = 2S) = 5
[INPUT] symmetry False subgroup None
[INPUT] Mole.unit = angstrom
[INPUT] Symbol           X                Y                Z      unit          X                Y                Z       unit  Magmom
[INPUT]  1 Dy     0.000000000000   0.000000000000   0.000000000000 AA    0.000000000000   0.000000000000   0.000000000000 Bohr   0.0
[INPUT]  2 Cl     2.724000000000   0.000000000000   0.000000000000 AA    5.147613963315   0.000000000000   0.000000000000 Bohr   0.0
[INPUT]  3 Cl    -2.724000000000   0.000000000000   0.000000000000 AA   -5.147613963315   0.000000000000   0.000000000000 Bohr   0.0
[INPUT]  4 Cl     0.000000000000   2.724000000000   0.000000000000 AA    0.000000000000   5.147613963315   0.000000000000 Bohr   0.0
[INPUT]  5 Cl     0.000000000000  -2.724000000000   0.000000000000 AA    0.000000000000  -5.147613963315   0.000000000000 Bohr   0.0
[INPUT]  6 Cl     0.000000000000   0.000000000000   2.724000000000 AA    0.000000000000   0.000000000000   5.147613963315 Bohr   0.0
[INPUT]  7 Cl     0.000000000000   0.000000000000  -2.724000000000 AA    0.000000000000   0.000000000000  -5.147613963315 Bohr   0.0

nuclear repulsion = 1868.38919656687
number of shells = 16
number of NR pGTOs = 511
number of NR cGTOs = 89
basis = {'default': 'minao', 'Dy': 'cc-x2c-minao'}
ecp = {}
CPU time:         3.24
basis {'default': '631g', 'Dy': 'sarc-dkh'} 198
basis {'default': 'minao', 'Dy': 'cc-x2c-minao'} 89
(3, 89, 89) 89
Haar random target direction [0.5877852522924731, 0.8090169943749475, 6.123233995736766e-17]
Haar random total rotation [0.     1.5708 0.9425]
Rotated f-block dm by angles from +z [0.     1.5708 0.9425]
Project wavefunction in a smaller basis to the target basis as init guess
(3, 198, 198) 198
elemental J of ['Cl' 'Dy']
  Cl -0.0003+0.0000j -0.0005+0.0000j 0.0310-0.0000j 
  Dy 4.3840-0.0000j 6.0341-0.0000j -0.0169+0.0000j 
J vector of initial guess [4.3836+0.j 6.0334-0.j 0.0141+0.j]


******** <class 'pyscf.x2c.x2c.X2C1eGKS'> ********
method = X2C1eGKS
initial guess = minao
damping factor = 0
level_shift factor = 0
DIIS = <class 'pyscf.scf.diis.CDIIS'>
diis_start_cycle = 1
diis_space = 8
diis_damp = 0
SCF conv_tol = 1e-09
SCF conv_tol_grad = None
SCF max_cycles = 1000
direct_scf = True
direct_scf_tol = 1e-13
chkfile to save SCF result = gs_DyCl6.chk
max_memory 32000 MB (current use 180 MB)
XC library pyscf.dft.libxc version 6.1.0
    S. Lehtola, C. Steigemann, M. J.T. Oliveira, and M. A.L. Marques.,  SoftwareX 7, 1–5 (2018)
XC functionals = HF

radial grids: 
    Treutler-Ahlrichs [JCP 102, 346 (1995); DOI:10.1063/1.469408] (M4) radial grids
    
becke partition: Becke, JCP 88, 2547 (1988); DOI:10.1063/1.454033
pruning grids: <function nwchem_prune at 0x7fd9064cde40>
grids dens level: 3
symmetrized grids: False
atomic radii adjust function: <function treutler_atomic_radii_adjust at 0x7fd9064ce480>
small_rho_cutoff = 1e-07
collinear = col


******** <class 'pyscf.x2c.x2c.SpinOrbitalX2CHelper'> ********
approx = 1e
xuncontract = 1
Overwritten attributes  get_hcore  of <class 'pyscf.x2c.x2c.X2C1eGKS'>
Set gradient conv threshold to 3.16228e-05
tot grids = 134432
init E= -14971.0807417111
  HOMO = -0.283281132584443  LUMO = -0.0688346209251999
cycle= 1 E= -14978.608540249  delta_E= -7.53  |g|= 1.62  |ddm|= 2.41
  HOMO = -0.297557963971992  LUMO = 0.12420048630306
cycle= 2 E= -14978.7105108655  delta_E= -0.102  |g|= 0.663  |ddm|= 1.11
  HOMO = -0.322321005124703  LUMO = 0.122282504235261
cycle= 3 E= -14978.7606853028  delta_E= -0.0502  |g|= 0.274  |ddm|= 0.508
  HOMO = -0.322546922279557  LUMO = 0.122623854216142
cycle= 4 E= -14978.7665740049  delta_E= -0.00589  |g|= 0.0211  |ddm|= 0.091
  HOMO = -0.323770120857265  LUMO = 0.122820470617641
cycle= 5 E= -14978.7667745053  delta_E= -0.000201  |g|= 0.00612  |ddm|= 0.0246
  HOMO = -0.323652244177385  LUMO = 0.122827289853641
cycle= 6 E= -14978.7668353515  delta_E= -6.08e-05  |g|= 0.00491  |ddm|= 0.0106
  HOMO = -0.32371139548557  LUMO = 0.122834077530844
cycle= 7 E= -14978.7669225508  delta_E= -8.72e-05  |g|= 0.00361  |ddm|= 0.0148
  HOMO = -0.323568659289739  LUMO = 0.122831256389735
cycle= 8 E= -14978.7670068517  delta_E= -8.43e-05  |g|= 0.00163  |ddm|= 0.024
  HOMO = -0.323667922655522  LUMO = 0.122828340264265
cycle= 9 E= -14978.7670215134  delta_E= -1.47e-05  |g|= 0.000714  |ddm|= 0.0117
  HOMO = -0.323663932488433  LUMO = 0.122827519450203
cycle= 10 E= -14978.7670230528  delta_E= -1.54e-06  |g|= 0.000536  |ddm|= 0.00254
  HOMO = -0.323671590873971  LUMO = 0.122828013982208
cycle= 11 E= -14978.7670241526  delta_E= -1.1e-06  |g|= 0.000449  |ddm|= 0.00176
  HOMO = -0.323669312294421  LUMO = 0.122828405738099
cycle= 12 E= -14978.7670251888  delta_E= -1.04e-06  |g|= 0.000402  |ddm|= 0.00172
  HOMO = -0.323674249742787  LUMO = 0.122827846342415
cycle= 13 E= -14978.7670263881  delta_E= -1.2e-06  |g|= 0.000369  |ddm|= 0.0022
  HOMO = -0.323665511814241  LUMO = 0.122827824195959
cycle= 14 E= -14978.7670274157  delta_E= -1.03e-06  |g|= 0.000348  |ddm|= 0.00203
  HOMO = -0.323667557440775  LUMO = 0.122828083270747
cycle= 15 E= -14978.7670287891  delta_E= -1.37e-06  |g|= 0.000317  |ddm|= 0.00294
  HOMO = -0.323667317344178  LUMO = 0.122827760581514
cycle= 16 E= -14978.7670315654  delta_E= -2.78e-06  |g|= 0.000253  |ddm|= 0.00734
  HOMO = -0.323664577737383  LUMO = 0.122827802939614
cycle= 17 E= -14978.7670328718  delta_E= -1.31e-06  |g|= 0.000227  |ddm|= 0.00464
  HOMO = -0.323668037177871  LUMO = 0.122827304830492
cycle= 18 E= -14978.7670334211  delta_E= -5.49e-07  |g|= 0.000214  |ddm|= 0.0021
  HOMO = -0.323664943841117  LUMO = 0.122827353162968
cycle= 19 E= -14978.7670339569  delta_E= -5.36e-07  |g|= 0.000203  |ddm|= 0.00208
  HOMO = -0.323665174677327  LUMO = 0.122827410187445
cycle= 20 E= -14978.7670343414  delta_E= -3.85e-07  |g|= 0.000197  |ddm|= 0.00151
  HOMO = -0.323663942203025  LUMO = 0.122827285271361
cycle= 21 E= -14978.7670346423  delta_E= -3.01e-07  |g|= 0.000193  |ddm|= 0.00115
  HOMO = -0.323663580587264  LUMO = 0.122827300128614
cycle= 22 E= -14978.7670350917  delta_E= -4.49e-07  |g|= 0.000188  |ddm|= 0.0017
  HOMO = -0.323662628139539  LUMO = 0.122827068982963
cycle= 23 E= -14978.7670355341  delta_E= -4.42e-07  |g|= 0.000185  |ddm|= 0.00171
  HOMO = -0.323663344730112  LUMO = 0.122827039587601
cycle= 24 E= -14978.7670357943  delta_E= -2.6e-07  |g|= 0.000184  |ddm|= 0.001
  HOMO = -0.323662361857131  LUMO = 0.12282703057924
cycle= 25 E= -14978.7670360403  delta_E= -2.46e-07  |g|= 0.000183  |ddm|= 0.00094
  HOMO = -0.323662068629401  LUMO = 0.12282707195114
cycle= 26 E= -14978.767036338  delta_E= -2.98e-07  |g|= 0.000183  |ddm|= 0.00114
  HOMO = -0.323662038381199  LUMO = 0.122827028621319
cycle= 27 E= -14978.767036512  delta_E= -1.74e-07  |g|= 0.000182  |ddm|= 0.000665
  HOMO = -0.323661847285757  LUMO = 0.122827022304063
cycle= 28 E= -14978.7670366365  delta_E= -1.25e-07  |g|= 0.000182  |ddm|= 0.000474
  HOMO = -0.323661822241317  LUMO = 0.122827011202276
cycle= 29 E= -14978.7670367366  delta_E= -1e-07  |g|= 0.000182  |ddm|= 0.00038
  HOMO = -0.323661835525587  LUMO = 0.122827011649731
cycle= 30 E= -14978.7670367299  delta_E= 6.64e-09  |g|= 0.000182  |ddm|= 2.56e-05
  HOMO = -0.32366189959145  LUMO = 0.122827009722425
cycle= 31 E= -14978.7670366711  delta_E= 5.88e-08  |g|= 0.000182  |ddm|= 0.000226
  HOMO = -0.323661944909888  LUMO = 0.122827018144465
cycle= 32 E= -14978.7670366485  delta_E= 2.26e-08  |g|= 0.000182  |ddm|= 8.84e-05
  HOMO = -0.323661935237602  LUMO = 0.122827016816168
cycle= 33 E= -14978.7670366316  delta_E= 1.69e-08  |g|= 0.000182  |ddm|= 6.62e-05
  HOMO = -0.323661943000824  LUMO = 0.122827022982636
cycle= 34 E= -14978.7670366166  delta_E= 1.51e-08  |g|= 0.000182  |ddm|= 6.13e-05
  HOMO = -0.323661944411978  LUMO = 0.12282702515268
cycle= 35 E= -14978.7670366168  delta_E= -2.11e-10  |g|= 0.000182  |ddm|= 5.44e-06
  HOMO = -0.323661950703282  LUMO = 0.122827028453538
cycle= 36 E= -14978.7670366079  delta_E= 8.83e-09  |g|= 0.000182  |ddm|= 3.38e-05
  HOMO = -0.32366190508618  LUMO = 0.122827029279491
cycle= 37 E= -14978.7670366598  delta_E= -5.19e-08  |g|= 0.000182  |ddm|= 0.000198
  HOMO = -0.323661983593452  LUMO = 0.122827029943903
cycle= 38 E= -14978.7670365729  delta_E= 8.69e-08  |g|= 0.000182  |ddm|= 0.000331
  HOMO = -0.323662134809684  LUMO = 0.122827010396243
cycle= 39 E= -14978.7670363834  delta_E= 1.89e-07  |g|= 0.000182  |ddm|= 0.000722
  HOMO = -0.323662974477067  LUMO = 0.122826970417216
cycle= 40 E= -14978.7670355615  delta_E= 8.22e-07  |g|= 0.000182  |ddm|= 0.00314
  HOMO = -0.323663573287196  LUMO = 0.122826990109584
cycle= 41 E= -14978.7670350028  delta_E= 5.59e-07  |g|= 0.000182  |ddm|= 0.00214
  HOMO = -0.323663998628318  LUMO = 0.12282698866186
cycle= 42 E= -14978.7670346526  delta_E= 3.5e-07  |g|= 0.000182  |ddm|= 0.00135
  HOMO = -0.323664722441699  LUMO = 0.12282693757535
cycle= 43 E= -14978.7670338774  delta_E= 7.75e-07  |g|= 0.000181  |ddm|= 0.003
  HOMO = -0.323666764723159  LUMO = 0.122826892385072
cycle= 44 E= -14978.7670321034  delta_E= 1.77e-06  |g|= 0.00018  |ddm|= 0.00696
  HOMO = -0.323668670267362  LUMO = 0.122826721549968
cycle= 45 E= -14978.7670297943  delta_E= 2.31e-06  |g|= 0.000178  |ddm|= 0.00925
  HOMO = -0.323670280992045  LUMO = 0.122826719086271
cycle= 46 E= -14978.767028803  delta_E= 9.91e-07  |g|= 0.000177  |ddm|= 0.00407
  HOMO = -0.323674493451184  LUMO = 0.122826469141664
cycle= 47 E= -14978.7670245061  delta_E= 4.3e-06  |g|= 0.00018  |ddm|= 0.0179
  HOMO = -0.323677190363178  LUMO = 0.122826293218882
cycle= 48 E= -14978.7670215966  delta_E= 2.91e-06  |g|= 0.000176  |ddm|= 0.0126
  HOMO = -0.323681604277469  LUMO = 0.122826217895854
cycle= 49 E= -14978.7670186664  delta_E= 2.93e-06  |g|= 0.00017  |ddm|= 0.0131
  HOMO = -0.323684154517985  LUMO = 0.122826071637316
cycle= 50 E= -14978.7670154612  delta_E= 3.21e-06  |g|= 0.000163  |ddm|= 0.0149
  HOMO = -0.323688310271942  LUMO = 0.122825840083844
cycle= 51 E= -14978.7670122878  delta_E= 3.17e-06  |g|= 0.000173  |ddm|= 0.0153
  HOMO = -0.323688397298666  LUMO = 0.122825892864757
cycle= 52 E= -14978.7670121094  delta_E= 1.78e-07  |g|= 0.000157  |ddm|= 0.00148
  HOMO = -0.323691980279125  LUMO = 0.12282579958992
cycle= 53 E= -14978.7670095093  delta_E= 2.6e-06  |g|= 0.000148  |ddm|= 0.0131
  HOMO = -0.32369515098807  LUMO = 0.122825436183712
cycle= 54 E= -14978.7670066086  delta_E= 2.9e-06  |g|= 0.00021  |ddm|= 0.0151
  HOMO = -0.323693900486425  LUMO = 0.122825642320976
cycle= 55 E= -14978.7670079469  delta_E= -1.34e-06  |g|= 0.000153  |ddm|= 0.00718
  HOMO = -0.323696571216874  LUMO = 0.122825572611018
cycle= 56 E= -14978.7670063564  delta_E= 1.59e-06  |g|= 0.000141  |ddm|= 0.00854
  HOMO = -0.323696761291658  LUMO = 0.122825447609391
cycle= 57 E= -14978.767005026  delta_E= 1.33e-06  |g|= 0.000148  |ddm|= 0.00729
  HOMO = -0.323698593261745  LUMO = 0.122825503286419
cycle= 58 E= -14978.7670045278  delta_E= 4.98e-07  |g|= 0.000135  |ddm|= 0.00281
  HOMO = -0.323699695974201  LUMO = 0.122825461105526
cycle= 59 E= -14978.7670034819  delta_E= 1.05e-06  |g|= 0.000129  |ddm|= 0.00595
  HOMO = -0.323701989438521  LUMO = 0.122825479878243
cycle= 60 E= -14978.7670025278  delta_E= 9.54e-07  |g|= 0.000125  |ddm|= 0.00552
  HOMO = -0.323703066238326  LUMO = 0.12282541415598
cycle= 61 E= -14978.7670016907  delta_E= 8.37e-07  |g|= 0.000122  |ddm|= 0.00492
  HOMO = -0.323704327505791  LUMO = 0.122825438628619
cycle= 62 E= -14978.767000762  delta_E= 9.29e-07  |g|= 0.000119  |ddm|= 0.00554
  HOMO = -0.323705285383673  LUMO = 0.122825369670123
cycle= 63 E= -14978.7669999915  delta_E= 7.7e-07  |g|= 0.000117  |ddm|= 0.00466
  HOMO = -0.323706476876531  LUMO = 0.122825358488859
cycle= 64 E= -14978.7669991189  delta_E= 8.73e-07  |g|= 0.000115  |ddm|= 0.00536
  HOMO = -0.323707291013102  LUMO = 0.122825358867687
cycle= 65 E= -14978.7669987726  delta_E= 3.46e-07  |g|= 0.000114  |ddm|= 0.00217
  HOMO = -0.323708517203038  LUMO = 0.122825287770095
cycle= 66 E= -14978.7669979923  delta_E= 7.8e-07  |g|= 0.000117  |ddm|= 0.0049
  HOMO = -0.323707685542862  LUMO = 0.122825316480658
cycle= 67 E= -14978.7669984307  delta_E= -4.38e-07  |g|= 0.000113  |ddm|= 0.00275
  HOMO = -0.323708330378505  LUMO = 0.122825362272882
cycle= 68 E= -14978.7669982577  delta_E= 1.73e-07  |g|= 0.000112  |ddm|= 0.00113
  HOMO = -0.323709105451388  LUMO = 0.122825305020726
cycle= 69 E= -14978.766997352  delta_E= 9.06e-07  |g|= 0.00011  |ddm|= 0.00581
  HOMO = -0.323710282303131  LUMO = 0.122825287987454
cycle= 70 E= -14978.7669967066  delta_E= 6.45e-07  |g|= 0.000109  |ddm|= 0.00421
  HOMO = -0.323711715496827  LUMO = 0.122825255698499
cycle= 71 E= -14978.7669958778  delta_E= 8.29e-07  |g|= 0.000107  |ddm|= 0.00552
  HOMO = -0.323712563065995  LUMO = 0.122825217523644
cycle= 72 E= -14978.7669953019  delta_E= 5.76e-07  |g|= 0.000106  |ddm|= 0.00391
  HOMO = -0.323713372537595  LUMO = 0.122825238758012
cycle= 73 E= -14978.7669948437  delta_E= 4.58e-07  |g|= 0.000104  |ddm|= 0.00323
  HOMO = -0.323714721355438  LUMO = 0.122825186152607
cycle= 74 E= -14978.7669938253  delta_E= 1.02e-06  |g|= 0.000106  |ddm|= 0.00718
  HOMO = -0.323714666389405  LUMO = 0.122825185276139
cycle= 75 E= -14978.7669938366  delta_E= -1.13e-08  |g|= 0.000102  |ddm|= 0.000174
  HOMO = -0.323715795450972  LUMO = 0.122825185447897
cycle= 76 E= -14978.7669933224  delta_E= 5.14e-07  |g|= 0.0001  |ddm|= 0.00375
  HOMO = -0.323717888366291  LUMO = 0.122825054058534
cycle= 77 E= -14978.7669918784  delta_E= 1.44e-06  |g|= 9.74e-05  |ddm|= 0.0109
  HOMO = -0.323719603462239  LUMO = 0.122825061950082
cycle= 78 E= -14978.7669910433  delta_E= 8.35e-07  |g|= 9.48e-05  |ddm|= 0.00657
  HOMO = -0.323720546534988  LUMO = 0.122825042176608
cycle= 79 E= -14978.7669904526  delta_E= 5.91e-07  |g|= 9.23e-05  |ddm|= 0.00483
  HOMO = -0.323722540911275  LUMO = 0.122824973247842
cycle= 80 E= -14978.7669891626  delta_E= 1.29e-06  |g|= 8.8e-05  |ddm|= 0.0109
  HOMO = -0.323723367157298  LUMO = 0.122824920749565
cycle= 81 E= -14978.7669887177  delta_E= 4.45e-07  |g|= 8.56e-05  |ddm|= 0.00393
  HOMO = -0.323724997865207  LUMO = 0.122824866434429
cycle= 82 E= -14978.766987966  delta_E= 7.52e-07  |g|= 8.23e-05  |ddm|= 0.00682
  HOMO = -0.323726630467189  LUMO = 0.122824735403201
cycle= 83 E= -14978.7669869942  delta_E= 9.72e-07  |g|= 7.97e-05  |ddm|= 0.00919
  HOMO = -0.323728008480424  LUMO = 0.122824692513963
cycle= 84 E= -14978.7669861808  delta_E= 8.13e-07  |g|= 7.46e-05  |ddm|= 0.00808
  HOMO = -0.323728723402946  LUMO = 0.122824673471262
cycle= 85 E= -14978.7669858083  delta_E= 3.72e-07  |g|= 7.3e-05  |ddm|= 0.00384
  HOMO = -0.323728981496633  LUMO = 0.122824627216978
cycle= 86 E= -14978.7669855628  delta_E= 2.46e-07  |g|= 7.11e-05  |ddm|= 0.0026
  HOMO = -0.323729404964012  LUMO = 0.122824617246508
cycle= 87 E= -14978.7669854085  delta_E= 1.54e-07  |g|= 6.96e-05  |ddm|= 0.00167
  HOMO = -0.32372999327315  LUMO = 0.122824557700094
cycle= 88 E= -14978.7669850189  delta_E= 3.9e-07  |g|= 6.69e-05  |ddm|= 0.0043
  HOMO = -0.323731348749027  LUMO = 0.122824545423702
cycle= 89 E= -14978.7669844845  delta_E= 5.34e-07  |g|= 6.5e-05  |ddm|= 0.00608
  HOMO = -0.323732326646923  LUMO = 0.12282447727128
cycle= 90 E= -14978.766983884  delta_E= 6e-07  |g|= 6.18e-05  |ddm|= 0.00715
  HOMO = -0.323733789188728  LUMO = 0.12282441986096
cycle= 91 E= -14978.7669831428  delta_E= 7.41e-07  |g|= 5.98e-05  |ddm|= 0.00941
  HOMO = -0.323734837469082  LUMO = 0.122824412122432
cycle= 92 E= -14978.7669826403  delta_E= 5.02e-07  |g|= 5.72e-05  |ddm|= 0.00682
  HOMO = -0.323735719107583  LUMO = 0.122824355209054
cycle= 93 E= -14978.7669820542  delta_E= 5.86e-07  |g|= 5.42e-05  |ddm|= 0.00857
  HOMO = -0.323736649118931  LUMO = 0.12282429913175
cycle= 94 E= -14978.7669814004  delta_E= 6.54e-07  |g|= 5.23e-05  |ddm|= 0.0106
  HOMO = -0.323737402653962  LUMO = 0.12282431058932
cycle= 95 E= -14978.7669809922  delta_E= 4.08e-07  |g|= 4.8e-05  |ddm|= 0.00732
  HOMO = -0.323738318115872  LUMO = 0.122824338812315
cycle= 96 E= -14978.7669806114  delta_E= 3.81e-07  |g|= 4.52e-05  |ddm|= 0.00754
  HOMO = -0.32373837508772  LUMO = 0.122824316351132
cycle= 97 E= -14978.7669803551  delta_E= 2.56e-07  |g|= 4.22e-05  |ddm|= 0.00559
  HOMO = -0.32373929075973  LUMO = 0.12282437589971
cycle= 98 E= -14978.7669800324  delta_E= 3.23e-07  |g|= 4e-05  |ddm|= 0.00781
  HOMO = -0.323739310955229  LUMO = 0.122824367982976
cycle= 99 E= -14978.7669797682  delta_E= 2.64e-07  |g|= 4.39e-05  |ddm|= 0.00718
  HOMO = -0.323739323414335  LUMO = 0.122824381120599
cycle= 100 E= -14978.7669797975  delta_E= -2.93e-08  |g|= 3.65e-05  |ddm|= 0.000825
  HOMO = -0.323739096028938  LUMO = 0.122824360589215
cycle= 101 E= -14978.7669794913  delta_E= 3.06e-07  |g|= 6.83e-05  |ddm|= 0.00959
  HOMO = -0.323739104307158  LUMO = 0.122824424620787
cycle= 102 E= -14978.7669794862  delta_E= 5.05e-09  |g|= 2.9e-05  |ddm|= 0.000409
  HOMO = -0.323739165249298  LUMO = 0.122824431292811
cycle= 103 E= -14978.7669793906  delta_E= 9.56e-08  |g|= 2.52e-05  |ddm|= 0.00348
  HOMO = -0.323739132853813  LUMO = 0.122824440150748
cycle= 104 E= -14978.766979334  delta_E= 5.66e-08  |g|= 2.23e-05  |ddm|= 0.00219
  HOMO = -0.323739116747926  LUMO = 0.122824446028713
cycle= 105 E= -14978.7669792515  delta_E= 8.25e-08  |g|= 2.07e-05  |ddm|= 0.00341
  HOMO = -0.323738981168043  LUMO = 0.122824434778553
cycle= 106 E= -14978.7669792276  delta_E= 2.39e-08  |g|= 1.98e-05  |ddm|= 0.00107
  HOMO = -0.323738964759824  LUMO = 0.122824433246088
cycle= 107 E= -14978.7669792069  delta_E= 2.08e-08  |g|= 1.84e-05  |ddm|= 0.000998
  HOMO = -0.323738856795097  LUMO = 0.122824414916245
cycle= 108 E= -14978.7669791915  delta_E= 1.53e-08  |g|= 1.75e-05  |ddm|= 0.000773
  HOMO = -0.323738880180091  LUMO = 0.122824409898758
cycle= 109 E= -14978.7669791924  delta_E= -8.99e-10  |g|= 1.68e-05  |ddm|= 7.87e-05
  HOMO = -0.323738869226607  LUMO = 0.122824408567924
Extra cycle  E= -14978.7669791929  delta_E= -4.87e-10  |g|= 1.66e-05  |ddm|= 1.87e-05
converged SCF energy = -14978.7669791929  <S^2> = 8.2685368  2S+1 = 5.8373065
(3, 198, 198) 198
S vector [1.6653-0.j 1.7047-0.j 0.0008+0.j]
(3, 198, 198) 198
L vector [3.572 -0.j 3.6599-0.j 0.0016-0.j]
(3, 198, 198) 198
J vector [5.2373+0.j 5.3646-0.j 0.0024-0.j]
Tue Apr 15 10:56:55 PDT 2025
