Currently Loaded Modulefiles:
 1) gmp/6.2.1-gcc-13.2.0-lcnhyse <aL>             
 2) mpfr/4.2.0-gcc-13.2.0-yy2fkq5 <aL>            
 3) mpc/1.3.1-gcc-13.2.0-5kgoftq <aL>             
 4) zlib-ng/2.1.3-gcc-13.2.0-jetnfwa <aL>         
 5) zstd/1.5.5-gcc-13.2.0-t2lua3l <aL>            
 6) gcc/13.2.0-gcc-13.2.0-w55nxkl                 
 7) cmake/3.20.2-gcc-13.2.0-rp74vpv               
 8) libfabric/1.18.1-gcc-13.2.0-bijxar4 <aL>      
 9) numactl/2.0.14-gcc-13.2.0-etkf74e <aL>        
10) openssh/8.7p1-gcc-13.2.0-g55xmkx <aL>         
11) slurm/22.05.6-gcc-13.2.0-tchsn6y <aL>         
12) openmpi/4.1.5-gcc-13.2.0-24q3ap2              
13) libpciaccess/0.17-gcc-13.2.0-r2cijnn <aL>     
14) libiconv/1.17-gcc-13.2.0-ntov4te <aL>         
15) xz/5.4.1-gcc-13.2.0-4xkm5xo <aL>              
16) libxml2/2.10.3-gcc-13.2.0-fr6jcjz <aL>        
17) ncurses/6.4-gcc-13.2.0-4o2yj6n <aL>           
18) hwloc/2.9.1-gcc-13.2.0-gzvfolk <aL>           
19) intel-tbb/2021.9.0-gcc-13.2.0-6nwk3ml <aL>    
20) intel-oneapi-mkl/2023.2.0-gcc-13.2.0-ohvyk7g  

Key:
<module-tag>  <aL>=auto-loaded  
/central/groups/changroup/members/lppeng/holmium/run/paper_final/run_Dy/conf7/GS/run_3
Tue Apr 15 10:54:06 PDT 2025
hpc-35-03.cm.cluster
--------------------------------------------------------------------------
WARNING: There was an error initializing an OpenFabrics device.

  Local host:   hpc-35-03
  Local device: mlx5_0
--------------------------------------------------------------------------
Apr 15 10:54:12 ####### 
                ####### libDMET   version 0.5
                ####### A periodic DMET library for lattice model and realistic solid.
                ####### 
#INFO: **** input file is /central/groups/changroup/members/lppeng/holmium/run/paper_final/run_Dy/conf7/GS/run_3/ground_state.py ****
'''
Example input to calculate the ground state of a molecular system
Include x2c relativistic effect
'''
import pyscf
from pyscf.scf.hf import RHF
from pyscf.dft.uks import UKS
from pyscf.dft.gks import GKS
from pyscf import lib
import os, sys
import numpy as np
import scipy.linalg as la
from scipy.linalg import sqrtm, eigh
from scipy.optimize import root
np.set_printoptions(precision=12, threshold=sys.maxsize, linewidth=190, suppress=True)
log = lib.logger.Logger(sys.stdout, 4)

if __name__ == "__main__":
    from pyscf import gto, scf, dft, lib
    from pyscf.lib import chkfile
    from stevens import cdft, project, utils
    from stevens.project import get_mj

    # system input
    geometry = 'DyCl6' # The name of geometry file minus ".xyz"
                       # Make sure first atom is the central magnetic atom 
    spin = 5 # number of unpaired electrons in a unit cell
    charge = -3 # charge of the molecule or a unit cell
    basis = {'default': '631g', 'Dy': 'sarc-dkh'} # specify basis for all elements here
    max_memory = 32000 # in the unit of MB. Recommend: memory available on a node - 10000 MB
    qmmm = True # add environment with classical charges

    # (c)HF/DFT parameters
    xc = 'HF' # functional
    smearing = None # To help HF/DFT converge, try e.g. 5e-2
    chkfname_guess = 'project' # initial guess. 'minao' for default PySCF guess; None for constrained HF; 
                # path to a checkpoint file to restart from a SCF solution.
                # 'project' to project from the SCF solution in a small basis to generate the initial guess
    chkfname_small = '../gs_small_%s.chk'%geometry # checkpoint file in a small basis. Used when chkfname_guess == 'project'
    basis_small = {'default': 'minao', 'Dy': 'cc-x2c-minao'}# the small basis associated with chkfname_small
    change_dm_mode = 'rotate' # None: no change
                          # 'positive_z': set the 4f block of dm so that J~(0,0,J)
                          # 'rotate': rotate the 4f block of dm by some angles
    atom_index = 0 # the index of central lanthanide atom
    occ_idx = 3
    noise = 0 # max noise on density matrix initial guess

    # constrained HF parameters for the initial guess
    ao_shell = 'f'
    lo_chkfname = '../../UHF/uhf_gs_%s_lo.h5'%geometry  
    multiplier0 = 0.1
    # END USER INPUT

    # set up system
    if os.path.isfile('../../' + geometry + ".xyz"):
        mol = gto.M(
            atom = '../../' + geometry + ".xyz",
            basis = basis,
            verbose = 4,
            spin = spin,
            charge = charge,
            max_memory = max_memory,
            )
        mol.set_common_origin(mol._atom[atom_index][1])
    else:
        raise ValueError("No .xyz file available!")
    log.info("N_elec %s, N_ao %s"%(mol.nelec, mol.nao))

    # generate HF/DFT initial guess
    if chkfname_guess == 'minao':
        mf = scf.GKS(mol).x2c()
        dm0 = mf.get_init_guess()
        print("Use PySCF default init guess")
    elif chkfname_guess is None:
        # run constrained DFT
        angles = cdft.sample_rotation('xyz', occ_idx, unit=20)
        from scipy.spatial.transform import Rotation
        direction = Rotation.from_euler('zyz', angles, degrees=False) @ [0,0,1]
        cmf = cdft.CGKS(mol, direction, multiplier_guess=multiplier0, max_cycle=300,
                atom_index=atom_index, ao_shell='f', lo_chkfname=lo_chkfname, xc=xc, smearing=smearing)
        cmf.kernel()
        dm0 = cmf._scf.make_rdm1()
        print("Contrained SCF solution as init guess")
    elif chkfname_guess == 'project':
        # project dm0 in a small basis to the larger basis 
        dm0 = utils.project_dm_from_small_basis(mol, basis_small, chkfname_small, change_dm_mode, atom_index=atom_index, occ_idx=occ_idx)
        print("Project wavefunction in a smaller basis to the target basis as init guess")
    else:
        mf = scf.GKS(mol).x2c()
        data = chkfile.load(chkfname_guess, 'scf')
        mf.__dict__.update(data)
        dm0 = mf.make_rdm1()
        mf.analyze(with_meta_lowdin=False)
        print("Load .chk file for init guess")
    if change_dm_mode is not None and not chkfname_guess == 'project': # when chkfname_guess == 'project', change in small basis
        dm0 = utils.change_dm_guess(mol, dm0, change_dm_mode, atom_index=atom_index, occ_idx=occ_idx)
    dm0 += (np.random.rand(*(dm0.shape)) - 0.5) * noise  
    print("J vector of initial guess", get_mj(mol, dm0, analyze=True))

    # run HF/DFT
    mf = scf.GKS(mol).x2c()
    mf.xc = xc
    if xc.upper() != 'HF':
        mf.collinear = 'mcol'
        mf.grids.level = 6 
    mf.chkfile = 'gs_' + geometry + '.chk' 
    mf.max_cycle = 1000 
    if smearing is not None:
        mf = scf.addons.smearing_(mf, sigma=smearing, method="fermi")
    if qmmm: # add the precomputed potential from environmental classical charges 
        get_hcore_original = mf.get_hcore
        hcore_mm = np.load('../../mm_hcore.npy')
        def get_hcore_mm(self, mol=None):
            return get_hcore_original(mol=mol) + la.block_diag(hcore_mm, hcore_mm)
        import types
        mf.get_hcore = types.MethodType(get_hcore_mm, mf)
    mf.kernel(dm0=dm0)
    dm = mf.make_rdm1()
    print("S vector", get_mj(mol, dm, include_L=False))
    print("L vector", get_mj(mol, dm, include_S=False))
    print("J vector", get_mj(mol, dm))
#INFO: ******************** input file end ********************


System: uname_result(system='Linux', node='hpc-35-03.cm.cluster', release='5.14.0-362.24.1.el9_3.x86_64', version='#1 SMP PREEMPT_DYNAMIC Thu Feb 15 07:18:13 EST 2024', machine='x86_64')  Threads 8
Python 3.11.6 | packaged by conda-forge | (main, Oct  3 2023, 10:40:35) [GCC 12.3.0]
numpy 1.26.0  scipy 1.11.3
Date: Tue Apr 15 10:54:14 2025
PySCF version 2.5.0
PySCF path  /home/lppeng/anaconda3/envs/nerscV25/lib/python3.11/site-packages/pyscf

[CONFIG] conf_file None
[INPUT] verbose = 4
[INPUT] num. atoms = 7
[INPUT] num. electrons = 171
[INPUT] charge = -3
[INPUT] spin (= nelec alpha-beta = 2S) = 5
[INPUT] symmetry False subgroup None
[INPUT] Mole.unit = angstrom
[INPUT] Symbol           X                Y                Z      unit          X                Y                Z       unit  Magmom
[INPUT]  1 Dy     0.000000000000   0.000000000000   0.000000000000 AA    0.000000000000   0.000000000000   0.000000000000 Bohr   0.0
[INPUT]  2 Cl     2.724000000000   0.000000000000   0.000000000000 AA    5.147613963315   0.000000000000   0.000000000000 Bohr   0.0
[INPUT]  3 Cl    -2.724000000000   0.000000000000   0.000000000000 AA   -5.147613963315   0.000000000000   0.000000000000 Bohr   0.0
[INPUT]  4 Cl     0.000000000000   2.724000000000   0.000000000000 AA    0.000000000000   5.147613963315   0.000000000000 Bohr   0.0
[INPUT]  5 Cl     0.000000000000  -2.724000000000   0.000000000000 AA    0.000000000000  -5.147613963315   0.000000000000 Bohr   0.0
[INPUT]  6 Cl     0.000000000000   0.000000000000   2.724000000000 AA    0.000000000000   0.000000000000   5.147613963315 Bohr   0.0
[INPUT]  7 Cl     0.000000000000   0.000000000000  -2.724000000000 AA    0.000000000000   0.000000000000  -5.147613963315 Bohr   0.0

nuclear repulsion = 1868.38919656687
number of shells = 84
number of NR pGTOs = 449
number of NR cGTOs = 198
basis = {'default': '631g', 'Dy': 'sarc-dkh'}
ecp = {}
CPU time:         3.91
N_elec (88, 83), N_ao 198
#INFO: **** input file is /central/groups/changroup/members/lppeng/holmium/run/paper_final/run_Dy/conf7/GS/run_3/ground_state.py ****
'''
Example input to calculate the ground state of a molecular system
Include x2c relativistic effect
'''
import pyscf
from pyscf.scf.hf import RHF
from pyscf.dft.uks import UKS
from pyscf.dft.gks import GKS
from pyscf import lib
import os, sys
import numpy as np
import scipy.linalg as la
from scipy.linalg import sqrtm, eigh
from scipy.optimize import root
np.set_printoptions(precision=12, threshold=sys.maxsize, linewidth=190, suppress=True)
log = lib.logger.Logger(sys.stdout, 4)

if __name__ == "__main__":
    from pyscf import gto, scf, dft, lib
    from pyscf.lib import chkfile
    from stevens import cdft, project, utils
    from stevens.project import get_mj

    # system input
    geometry = 'DyCl6' # The name of geometry file minus ".xyz"
                       # Make sure first atom is the central magnetic atom 
    spin = 5 # number of unpaired electrons in a unit cell
    charge = -3 # charge of the molecule or a unit cell
    basis = {'default': '631g', 'Dy': 'sarc-dkh'} # specify basis for all elements here
    max_memory = 32000 # in the unit of MB. Recommend: memory available on a node - 10000 MB
    qmmm = True # add environment with classical charges

    # (c)HF/DFT parameters
    xc = 'HF' # functional
    smearing = None # To help HF/DFT converge, try e.g. 5e-2
    chkfname_guess = 'project' # initial guess. 'minao' for default PySCF guess; None for constrained HF; 
                # path to a checkpoint file to restart from a SCF solution.
                # 'project' to project from the SCF solution in a small basis to generate the initial guess
    chkfname_small = '../gs_small_%s.chk'%geometry # checkpoint file in a small basis. Used when chkfname_guess == 'project'
    basis_small = {'default': 'minao', 'Dy': 'cc-x2c-minao'}# the small basis associated with chkfname_small
    change_dm_mode = 'rotate' # None: no change
                          # 'positive_z': set the 4f block of dm so that J~(0,0,J)
                          # 'rotate': rotate the 4f block of dm by some angles
    atom_index = 0 # the index of central lanthanide atom
    occ_idx = 3
    noise = 0 # max noise on density matrix initial guess

    # constrained HF parameters for the initial guess
    ao_shell = 'f'
    lo_chkfname = '../../UHF/uhf_gs_%s_lo.h5'%geometry  
    multiplier0 = 0.1
    # END USER INPUT

    # set up system
    if os.path.isfile('../../' + geometry + ".xyz"):
        mol = gto.M(
            atom = '../../' + geometry + ".xyz",
            basis = basis,
            verbose = 4,
            spin = spin,
            charge = charge,
            max_memory = max_memory,
            )
        mol.set_common_origin(mol._atom[atom_index][1])
    else:
        raise ValueError("No .xyz file available!")
    log.info("N_elec %s, N_ao %s"%(mol.nelec, mol.nao))

    # generate HF/DFT initial guess
    if chkfname_guess == 'minao':
        mf = scf.GKS(mol).x2c()
        dm0 = mf.get_init_guess()
        print("Use PySCF default init guess")
    elif chkfname_guess is None:
        # run constrained DFT
        angles = cdft.sample_rotation('xyz', occ_idx, unit=20)
        from scipy.spatial.transform import Rotation
        direction = Rotation.from_euler('zyz', angles, degrees=False) @ [0,0,1]
        cmf = cdft.CGKS(mol, direction, multiplier_guess=multiplier0, max_cycle=300,
                atom_index=atom_index, ao_shell='f', lo_chkfname=lo_chkfname, xc=xc, smearing=smearing)
        cmf.kernel()
        dm0 = cmf._scf.make_rdm1()
        print("Contrained SCF solution as init guess")
    elif chkfname_guess == 'project':
        # project dm0 in a small basis to the larger basis 
        dm0 = utils.project_dm_from_small_basis(mol, basis_small, chkfname_small, change_dm_mode, atom_index=atom_index, occ_idx=occ_idx)
        print("Project wavefunction in a smaller basis to the target basis as init guess")
    else:
        mf = scf.GKS(mol).x2c()
        data = chkfile.load(chkfname_guess, 'scf')
        mf.__dict__.update(data)
        dm0 = mf.make_rdm1()
        mf.analyze(with_meta_lowdin=False)
        print("Load .chk file for init guess")
    if change_dm_mode is not None and not chkfname_guess == 'project': # when chkfname_guess == 'project', change in small basis
        dm0 = utils.change_dm_guess(mol, dm0, change_dm_mode, atom_index=atom_index, occ_idx=occ_idx)
    dm0 += (np.random.rand(*(dm0.shape)) - 0.5) * noise  
    print("J vector of initial guess", get_mj(mol, dm0, analyze=True))

    # run HF/DFT
    mf = scf.GKS(mol).x2c()
    mf.xc = xc
    if xc.upper() != 'HF':
        mf.collinear = 'mcol'
        mf.grids.level = 6 
    mf.chkfile = 'gs_' + geometry + '.chk' 
    mf.max_cycle = 1000 
    if smearing is not None:
        mf = scf.addons.smearing_(mf, sigma=smearing, method="fermi")
    if qmmm: # add the precomputed potential from environmental classical charges 
        get_hcore_original = mf.get_hcore
        hcore_mm = np.load('../../mm_hcore.npy')
        def get_hcore_mm(self, mol=None):
            return get_hcore_original(mol=mol) + la.block_diag(hcore_mm, hcore_mm)
        import types
        mf.get_hcore = types.MethodType(get_hcore_mm, mf)
    mf.kernel(dm0=dm0)
    dm = mf.make_rdm1()
    print("S vector", get_mj(mol, dm, include_L=False))
    print("L vector", get_mj(mol, dm, include_S=False))
    print("J vector", get_mj(mol, dm))
#INFO: ******************** input file end ********************


System: uname_result(system='Linux', node='hpc-35-03.cm.cluster', release='5.14.0-362.24.1.el9_3.x86_64', version='#1 SMP PREEMPT_DYNAMIC Thu Feb 15 07:18:13 EST 2024', machine='x86_64')  Threads 8
Python 3.11.6 | packaged by conda-forge | (main, Oct  3 2023, 10:40:35) [GCC 12.3.0]
numpy 1.26.0  scipy 1.11.3
Date: Tue Apr 15 10:54:14 2025
PySCF version 2.5.0
PySCF path  /home/lppeng/anaconda3/envs/nerscV25/lib/python3.11/site-packages/pyscf

[CONFIG] conf_file None
[INPUT] verbose = 4
[INPUT] num. atoms = 7
[INPUT] num. electrons = 171
[INPUT] charge = -3
[INPUT] spin (= nelec alpha-beta = 2S) = 5
[INPUT] symmetry False subgroup None
[INPUT] Mole.unit = angstrom
[INPUT] Symbol           X                Y                Z      unit          X                Y                Z       unit  Magmom
[INPUT]  1 Dy     0.000000000000   0.000000000000   0.000000000000 AA    0.000000000000   0.000000000000   0.000000000000 Bohr   0.0
[INPUT]  2 Cl     2.724000000000   0.000000000000   0.000000000000 AA    5.147613963315   0.000000000000   0.000000000000 Bohr   0.0
[INPUT]  3 Cl    -2.724000000000   0.000000000000   0.000000000000 AA   -5.147613963315   0.000000000000   0.000000000000 Bohr   0.0
[INPUT]  4 Cl     0.000000000000   2.724000000000   0.000000000000 AA    0.000000000000   5.147613963315   0.000000000000 Bohr   0.0
[INPUT]  5 Cl     0.000000000000  -2.724000000000   0.000000000000 AA    0.000000000000  -5.147613963315   0.000000000000 Bohr   0.0
[INPUT]  6 Cl     0.000000000000   0.000000000000   2.724000000000 AA    0.000000000000   0.000000000000   5.147613963315 Bohr   0.0
[INPUT]  7 Cl     0.000000000000   0.000000000000  -2.724000000000 AA    0.000000000000   0.000000000000  -5.147613963315 Bohr   0.0

nuclear repulsion = 1868.38919656687
number of shells = 16
number of NR pGTOs = 511
number of NR cGTOs = 89
basis = {'default': 'minao', 'Dy': 'cc-x2c-minao'}
ecp = {}
CPU time:         4.11
basis {'default': '631g', 'Dy': 'sarc-dkh'} 198
basis {'default': 'minao', 'Dy': 'cc-x2c-minao'} 89
(3, 89, 89) 89
Haar random target direction [0.8090169943749475, 0.0, 0.5877852522924731]
Haar random total rotation [0.     0.9425 0.    ]
Rotated f-block dm by angles from +z [0.     0.9425 0.    ]
Project wavefunction in a smaller basis to the target basis as init guess
(3, 198, 198) 198
elemental J of ['Cl' 'Dy']
  Cl -0.0005+0.0000j 0.0000+0.0000j 0.0305+0.0000j 
  Dy 6.0340-0.0000j 0.0000+0.0000j 4.3671-0.0000j 
J vector of initial guess [ 6.0334-0.j -0.    -0.j  4.3976+0.j]


******** <class 'pyscf.x2c.x2c.X2C1eGKS'> ********
method = X2C1eGKS
initial guess = minao
damping factor = 0
level_shift factor = 0
DIIS = <class 'pyscf.scf.diis.CDIIS'>
diis_start_cycle = 1
diis_space = 8
diis_damp = 0
SCF conv_tol = 1e-09
SCF conv_tol_grad = None
SCF max_cycles = 1000
direct_scf = True
direct_scf_tol = 1e-13
chkfile to save SCF result = gs_DyCl6.chk
max_memory 32000 MB (current use 182 MB)
XC library pyscf.dft.libxc version 6.1.0
    S. Lehtola, C. Steigemann, M. J.T. Oliveira, and M. A.L. Marques.,  SoftwareX 7, 1–5 (2018)
XC functionals = HF

radial grids: 
    Treutler-Ahlrichs [JCP 102, 346 (1995); DOI:10.1063/1.469408] (M4) radial grids
    
becke partition: Becke, JCP 88, 2547 (1988); DOI:10.1063/1.454033
pruning grids: <function nwchem_prune at 0x7f134f8e5e40>
grids dens level: 3
symmetrized grids: False
atomic radii adjust function: <function treutler_atomic_radii_adjust at 0x7f134f8e6480>
small_rho_cutoff = 1e-07
collinear = col


******** <class 'pyscf.x2c.x2c.SpinOrbitalX2CHelper'> ********
approx = 1e
xuncontract = 1
Overwritten attributes  get_hcore  of <class 'pyscf.x2c.x2c.X2C1eGKS'>
Set gradient conv threshold to 3.16228e-05
tot grids = 134432
init E= -14971.0786151825
  HOMO = -0.283025056437823  LUMO = -0.0672294378710862
cycle= 1 E= -14978.5990422709  delta_E= -7.52  |g|= 1.63  |ddm|=  2.4
  HOMO = -0.286905520859198  LUMO = 0.124183186733855
cycle= 2 E= -14978.7058646745  delta_E= -0.107  |g|= 0.688  |ddm|= 1.13
  HOMO = -0.322615328915755  LUMO = 0.122296086110176
cycle= 3 E= -14978.7606254393  delta_E= -0.0548  |g|= 0.276  |ddm|= 0.521
  HOMO = -0.322678486973555  LUMO = 0.12261537469481
cycle= 4 E= -14978.7665585251  delta_E= -0.00593  |g|= 0.0225  |ddm|= 0.091
  HOMO = -0.323847220960328  LUMO = 0.122821460802603
cycle= 5 E= -14978.7667788212  delta_E= -0.00022  |g|= 0.00619  |ddm|= 0.0257
  HOMO = -0.32366481058375  LUMO = 0.122825942440911
cycle= 6 E= -14978.7668404411  delta_E= -6.16e-05  |g|= 0.00486  |ddm|= 0.011
  HOMO = -0.323691957727478  LUMO = 0.122831103430674
cycle= 7 E= -14978.7669180198  delta_E= -7.76e-05  |g|= 0.0037  |ddm|= 0.0132
  HOMO = -0.323527306121948  LUMO = 0.12282808677459
cycle= 8 E= -14978.7669999813  delta_E= -8.2e-05  |g|= 0.0019  |ddm|= 0.0216
  HOMO = -0.323626340070492  LUMO = 0.122825754243173
cycle= 9 E= -14978.7670215846  delta_E= -2.16e-05  |g|= 0.000749  |ddm|= 0.0144
  HOMO = -0.323629345939676  LUMO = 0.122825717919183
cycle= 10 E= -14978.7670234143  delta_E= -1.83e-06  |g|= 0.000529  |ddm|= 0.00305
  HOMO = -0.323647463586876  LUMO = 0.122826485158716
cycle= 11 E= -14978.767024427  delta_E= -1.01e-06  |g|= 0.000435  |ddm|= 0.0017
  HOMO = -0.323649181502193  LUMO = 0.122827097757821
cycle= 12 E= -14978.7670253804  delta_E= -9.53e-07  |g|= 0.000381  |ddm|= 0.00166
  HOMO = -0.323653070272968  LUMO = 0.122826376860988
cycle= 13 E= -14978.7670264004  delta_E= -1.02e-06  |g|= 0.000346  |ddm|= 0.002
  HOMO = -0.32364115318657  LUMO = 0.122826536049697
cycle= 14 E= -14978.7670271818  delta_E= -7.81e-07  |g|= 0.000326  |ddm|= 0.00166
  HOMO = -0.32364074829133  LUMO = 0.122826746165363
cycle= 15 E= -14978.7670281961  delta_E= -1.01e-06  |g|= 0.000301  |ddm|= 0.0023
  HOMO = -0.323640096740329  LUMO = 0.122826699791626
cycle= 16 E= -14978.7670303323  delta_E= -2.14e-06  |g|= 0.000247  |ddm|= 0.00578
  HOMO = -0.323641063719838  LUMO = 0.122826866980776
cycle= 17 E= -14978.7670315805  delta_E= -1.25e-06  |g|= 0.000223  |ddm|= 0.00439
  HOMO = -0.323644679649447  LUMO = 0.122826424930613
cycle= 18 E= -14978.767032034  delta_E= -4.53e-07  |g|= 0.000213  |ddm|= 0.00168
  HOMO = -0.323642857668788  LUMO = 0.122826647454688
cycle= 19 E= -14978.7670325583  delta_E= -5.24e-07  |g|= 0.000204  |ddm|= 0.00194
  HOMO = -0.323642749682318  LUMO = 0.122826413356084
cycle= 20 E= -14978.7670330455  delta_E= -4.87e-07  |g|= 0.000197  |ddm|= 0.00186
  HOMO = -0.323640320617499  LUMO = 0.122826440403734
cycle= 21 E= -14978.7670333756  delta_E= -3.3e-07  |g|= 0.000193  |ddm|= 0.00126
  HOMO = -0.32364008414466  LUMO = 0.12282632427572
cycle= 22 E= -14978.7670338449  delta_E= -4.69e-07  |g|= 0.000187  |ddm|= 0.0018
  HOMO = -0.32363861266409  LUMO = 0.122826050500879
cycle= 23 E= -14978.7670344209  delta_E= -5.76e-07  |g|= 0.000183  |ddm|= 0.00227
  HOMO = -0.323639681955424  LUMO = 0.122825981123527
cycle= 24 E= -14978.7670347658  delta_E= -3.45e-07  |g|= 0.000181  |ddm|= 0.00138
  HOMO = -0.323638177870175  LUMO = 0.122826067387369
cycle= 25 E= -14978.767035019  delta_E= -2.53e-07  |g|= 0.00018  |ddm|= 0.000997
  HOMO = -0.323638467795372  LUMO = 0.122826033129802
cycle= 26 E= -14978.7670352395  delta_E= -2.2e-07  |g|= 0.000179  |ddm|= 0.00086
  HOMO = -0.323638178872766  LUMO = 0.122826000103221
cycle= 27 E= -14978.7670353818  delta_E= -1.42e-07  |g|= 0.000179  |ddm|= 0.000553
  HOMO = -0.323638078690244  LUMO = 0.122825994727605
cycle= 28 E= -14978.7670354657  delta_E= -8.39e-08  |g|= 0.000179  |ddm|= 0.000326
  HOMO = -0.323638095486934  LUMO = 0.122825991920587
cycle= 29 E= -14978.7670355174  delta_E= -5.17e-08  |g|= 0.000179  |ddm|= 0.000201
  HOMO = -0.323638146770856  LUMO = 0.122825989181047
cycle= 30 E= -14978.7670354864  delta_E= 3.1e-08  |g|= 0.000179  |ddm|= 0.000121
  HOMO = -0.323638573495988  LUMO = 0.122825975359966
cycle= 31 E= -14978.7670351908  delta_E= 2.96e-07  |g|= 0.000179  |ddm|= 0.00115
  HOMO = -0.323638886621088  LUMO = 0.122825987623194
cycle= 32 E= -14978.7670349636  delta_E= 2.27e-07  |g|= 0.000179  |ddm|= 0.000885
  HOMO = -0.323639272835291  LUMO = 0.122825985378904
cycle= 33 E= -14978.7670346469  delta_E= 3.17e-07  |g|= 0.000179  |ddm|= 0.00123
  HOMO = -0.323639448643896  LUMO = 0.122825975349537
cycle= 34 E= -14978.7670343044  delta_E= 3.43e-07  |g|= 0.000179  |ddm|= 0.00133
  HOMO = -0.323639522993484  LUMO = 0.122825954529529
cycle= 35 E= -14978.7670340968  delta_E= 2.08e-07  |g|= 0.000178  |ddm|= 0.000812
  HOMO = -0.323639700865393  LUMO = 0.122825922795024
cycle= 36 E= -14978.7670337814  delta_E= 3.15e-07  |g|= 0.000178  |ddm|= 0.00124
  HOMO = -0.323640359850262  LUMO = 0.122825935836122
cycle= 37 E= -14978.7670333313  delta_E= 4.5e-07  |g|= 0.000178  |ddm|= 0.00177
  HOMO = -0.323640992282762  LUMO = 0.122825918791067
cycle= 38 E= -14978.7670329698  delta_E= 3.62e-07  |g|= 0.000177  |ddm|= 0.00143
  HOMO = -0.323642002229427  LUMO = 0.122825930516243
cycle= 39 E= -14978.7670325002  delta_E= 4.7e-07  |g|= 0.000177  |ddm|= 0.0019
  HOMO = -0.323642422361855  LUMO = 0.122825872195343
cycle= 40 E= -14978.767032003  delta_E= 4.97e-07  |g|= 0.000176  |ddm|= 0.00204
  HOMO = -0.323642304594267  LUMO = 0.12282581995469
cycle= 41 E= -14978.7670315611  delta_E= 4.42e-07  |g|= 0.000175  |ddm|= 0.00185
  HOMO = -0.323642704184991  LUMO = 0.122825829140897
cycle= 42 E= -14978.7670312927  delta_E= 2.68e-07  |g|= 0.000174  |ddm|= 0.00114
  HOMO = -0.323642972195966  LUMO = 0.122825790184111
cycle= 43 E= -14978.7670308448  delta_E= 4.48e-07  |g|= 0.000173  |ddm|= 0.00187
  HOMO = -0.323645049128742  LUMO = 0.122825758452209
cycle= 44 E= -14978.7670300893  delta_E= 7.55e-07  |g|= 0.000172  |ddm|= 0.00317
  HOMO = -0.323645515679331  LUMO = 0.122825690121022
cycle= 45 E= -14978.7670293803  delta_E= 7.09e-07  |g|= 0.000171  |ddm|= 0.00293
  HOMO = -0.323646028207188  LUMO = 0.122825632280203
cycle= 46 E= -14978.7670287916  delta_E= 5.89e-07  |g|= 0.00017  |ddm|= 0.00245
  HOMO = -0.323646664746957  LUMO = 0.122825544078186
cycle= 47 E= -14978.767027525  delta_E= 1.27e-06  |g|= 0.000168  |ddm|= 0.00529
  HOMO = -0.32364782701467  LUMO = 0.122825398183832
cycle= 48 E= -14978.7670255787  delta_E= 1.95e-06  |g|= 0.000165  |ddm|= 0.00823
  HOMO = -0.32364983401223  LUMO = 0.122825298213687
cycle= 49 E= -14978.7670240848  delta_E= 1.49e-06  |g|= 0.000163  |ddm|= 0.0064
  HOMO = -0.323653055925086  LUMO = 0.122825222054497
cycle= 50 E= -14978.7670226758  delta_E= 1.41e-06  |g|= 0.000161  |ddm|= 0.0061
  HOMO = -0.323654077428745  LUMO = 0.122825140699264
cycle= 51 E= -14978.767021621  delta_E= 1.05e-06  |g|= 0.00016  |ddm|= 0.00462
  HOMO = -0.323655638030774  LUMO = 0.122825096745285
cycle= 52 E= -14978.7670204667  delta_E= 1.15e-06  |g|= 0.000158  |ddm|= 0.00514
  HOMO = -0.323657205929168  LUMO = 0.122824956242484
cycle= 53 E= -14978.7670183224  delta_E= 2.14e-06  |g|= 0.000156  |ddm|= 0.00974
  HOMO = -0.323658927828027  LUMO = 0.122824927043809
cycle= 54 E= -14978.7670169434  delta_E= 1.38e-06  |g|= 0.000153  |ddm|= 0.0064
  HOMO = -0.323665681045796  LUMO = 0.122824786749943
cycle= 55 E= -14978.767012765  delta_E= 4.18e-06  |g|= 0.00015  |ddm|= 0.0201
  HOMO = -0.323668495031051  LUMO = 0.122824742472434
cycle= 56 E= -14978.7670111452  delta_E= 1.62e-06  |g|= 0.000144  |ddm|= 0.00813
  HOMO = -0.323673268122927  LUMO = 0.122824638624718
cycle= 57 E= -14978.7670075517  delta_E= 3.59e-06  |g|= 0.000166  |ddm|= 0.0187
  HOMO = -0.323676042465854  LUMO = 0.122824622218903
cycle= 58 E= -14978.7670059702  delta_E= 1.58e-06  |g|= 0.000156  |ddm|= 0.00857
  HOMO = -0.323680358228609  LUMO = 0.122824552994648
cycle= 59 E= -14978.7670032738  delta_E= 2.7e-06  |g|= 0.000176  |ddm|= 0.0151
  HOMO = -0.323685762476544  LUMO = 0.12282436717678
cycle= 60 E= -14978.7669995487  delta_E= 3.73e-06  |g|= 0.000298  |ddm|= 0.0218
  HOMO = -0.323680967722239  LUMO = 0.122824443296019
cycle= 61 E= -14978.7670017446  delta_E= -2.2e-06  |g|= 0.000195  |ddm|= 0.0129
  HOMO = -0.323684711429311  LUMO = 0.122824417011975
cycle= 62 E= -14978.7669995807  delta_E= 2.16e-06  |g|= 0.000286  |ddm|= 0.0128
  HOMO = -0.323678943059127  LUMO = 0.122824686313646
cycle= 63 E= -14978.767003791  delta_E= -4.21e-06  |g|= 0.000133  |ddm|= 0.0245
  HOMO = -0.323681834508842  LUMO = 0.122824488607662
cycle= 64 E= -14978.7670009829  delta_E= 2.81e-06  |g|= 0.000145  |ddm|= 0.0163
  HOMO = -0.323683889959768  LUMO = 0.122824567586023
cycle= 65 E= -14978.7670003739  delta_E= 6.09e-07  |g|= 0.000133  |ddm|= 0.00369
  HOMO = -0.323684081340815  LUMO = 0.122824538891273
cycle= 66 E= -14978.7670000765  delta_E= 2.97e-07  |g|= 0.000127  |ddm|= 0.00181
  HOMO = -0.323684072504336  LUMO = 0.122824559005583
cycle= 67 E= -14978.7670002571  delta_E= -1.81e-07  |g|= 0.000123  |ddm|= 0.00108
  HOMO = -0.323684069366978  LUMO = 0.122824543175917
cycle= 68 E= -14978.767000301  delta_E= -4.39e-08  |g|= 0.000124  |ddm|= 0.000258
  HOMO = -0.323682806051912  LUMO = 0.122824493506588
cycle= 69 E= -14978.7670008381  delta_E= -5.37e-07  |g|= 0.000123  |ddm|= 0.00316
  HOMO = -0.32368247930396  LUMO = 0.122824493874908
cycle= 70 E= -14978.7670010582  delta_E= -2.2e-07  |g|= 0.000121  |ddm|= 0.00131
  HOMO = -0.323683086433664  LUMO = 0.122824491664314
cycle= 71 E= -14978.7670009359  delta_E= 1.22e-07  |g|= 0.00012  |ddm|= 0.000758
  HOMO = -0.323682875015802  LUMO = 0.1228244918509
cycle= 72 E= -14978.7670010998  delta_E= -1.64e-07  |g|= 0.000119  |ddm|= 0.000974
  HOMO = -0.323683672006619  LUMO = 0.122824509820038
cycle= 73 E= -14978.7670009319  delta_E= 1.68e-07  |g|= 0.000118  |ddm|= 0.00108
  HOMO = -0.323683392671106  LUMO = 0.122824412883477
cycle= 74 E= -14978.7670006829  delta_E= 2.49e-07  |g|= 0.000116  |ddm|= 0.00169
  HOMO = -0.323683766062474  LUMO = 0.122824392667851
cycle= 75 E= -14978.7670003509  delta_E= 3.32e-07  |g|= 0.000115  |ddm|= 0.00216
  HOMO = -0.323684182352199  LUMO = 0.12282438064258
cycle= 76 E= -14978.7670001749  delta_E= 1.76e-07  |g|= 0.000115  |ddm|= 0.00112
  HOMO = -0.323684865033708  LUMO = 0.12282433403916
cycle= 77 E= -14978.7669996635  delta_E= 5.11e-07  |g|= 0.000113  |ddm|= 0.00324
  HOMO = -0.323686850303393  LUMO = 0.122824312317477
cycle= 78 E= -14978.766998924  delta_E= 7.39e-07  |g|= 0.000111  |ddm|= 0.00472
  HOMO = -0.323688404010111  LUMO = 0.122824257401628
cycle= 79 E= -14978.7669980389  delta_E= 8.85e-07  |g|= 0.000109  |ddm|= 0.00578
  HOMO = -0.323689427809534  LUMO = 0.1228241620592
cycle= 80 E= -14978.7669970643  delta_E= 9.75e-07  |g|= 0.000106  |ddm|= 0.00646
  HOMO = -0.323690026283396  LUMO = 0.122824113330728
cycle= 81 E= -14978.7669966161  delta_E= 4.48e-07  |g|= 0.000105  |ddm|= 0.00302
  HOMO = -0.323691975476866  LUMO = 0.122824061578415
cycle= 82 E= -14978.7669957436  delta_E= 8.72e-07  |g|= 0.000102  |ddm|= 0.00599
  HOMO = -0.323693572676407  LUMO = 0.122824034531434
cycle= 83 E= -14978.7669950924  delta_E= 6.51e-07  |g|= 0.000101  |ddm|= 0.00459
  HOMO = -0.323695735200856  LUMO = 0.122823977454595
cycle= 84 E= -14978.7669941113  delta_E= 9.81e-07  |g|= 9.84e-05  |ddm|= 0.00709
  HOMO = -0.323699446352066  LUMO = 0.122823888257985
cycle= 85 E= -14978.7669923121  delta_E= 1.8e-06  |g|= 9.58e-05  |ddm|= 0.0137
  HOMO = -0.323708938170167  LUMO = 0.122823540615029
cycle= 86 E= -14978.7669877476  delta_E= 4.56e-06  |g|= 0.000195  |ddm|= 0.0396
  HOMO = -0.323705338968754  LUMO = 0.122823649520572
cycle= 87 E= -14978.766989231  delta_E= -1.48e-06  |g|= 0.000155  |ddm|= 0.0138
  HOMO = -0.323703459555402  LUMO = 0.122823675968669
cycle= 88 E= -14978.7669900047  delta_E= -7.74e-07  |g|= 0.000175  |ddm|= 0.00686
  HOMO = -0.323709834212063  LUMO = 0.122823651705957
cycle= 89 E= -14978.7669876087  delta_E= 2.4e-06  |g|= 9.8e-05  |ddm|= 0.0222
  HOMO = -0.323713486102152  LUMO = 0.122823583484603
cycle= 90 E= -14978.766986256  delta_E= 1.35e-06  |g|= 0.000101  |ddm|= 0.0139
  HOMO = -0.323714803785776  LUMO = 0.122823612037037
cycle= 91 E= -14978.7669856964  delta_E= 5.6e-07  |g|= 7.44e-05  |ddm|= 0.00621
  HOMO = -0.323726007807283  LUMO = 0.122823322541379
cycle= 92 E= -14978.7669821552  delta_E= 3.54e-06  |g|= 0.000558  |ddm|= 0.0435
  HOMO = -0.323722980753504  LUMO = 0.122823435710249
cycle= 93 E= -14978.7669830924  delta_E= -9.37e-07  |g|= 0.000366  |ddm|= 0.012
  HOMO = -0.323722439159968  LUMO = 0.122823404166944
cycle= 94 E= -14978.7669831204  delta_E= -2.8e-08  |g|= 0.000328  |ddm|= 0.000363
  HOMO = -0.323717593638365  LUMO = 0.122823551799579
cycle= 95 E= -14978.7669845135  delta_E= -1.39e-06  |g|= 7.58e-05  |ddm|= 0.0174
  HOMO = -0.323717691344079  LUMO = 0.12282355637027
cycle= 96 E= -14978.7669844972  delta_E= 1.63e-08  |g|= 7.1e-05  |ddm|= 0.000274
  HOMO = -0.3237197698841  LUMO = 0.122823541653043
cycle= 97 E= -14978.7669839214  delta_E= 5.76e-07  |g|= 6.95e-05  |ddm|= 0.00759
  HOMO = -0.323721452702991  LUMO = 0.122823575382008
cycle= 98 E= -14978.7669835829  delta_E= 3.38e-07  |g|= 6.17e-05  |ddm|= 0.00469
  HOMO = -0.323723284035204  LUMO = 0.122823552527391
cycle= 99 E= -14978.7669830025  delta_E= 5.8e-07  |g|= 5.55e-05  |ddm|= 0.00851
  HOMO = -0.323725760822138  LUMO = 0.122823525856753
cycle= 100 E= -14978.7669823054  delta_E= 6.97e-07  |g|= 5.34e-05  |ddm|= 0.0113
  HOMO = -0.323727264372907  LUMO = 0.122823542945037
cycle= 101 E= -14978.7669819531  delta_E= 3.52e-07  |g|= 4.69e-05  |ddm|= 0.00637
  HOMO = -0.323728397116608  LUMO = 0.122823478177644
cycle= 102 E= -14978.7669816081  delta_E= 3.45e-07  |g|= 4.45e-05  |ddm|= 0.00668
  HOMO = -0.32373070599246  LUMO = 0.122823504674425
cycle= 103 E= -14978.7669812518  delta_E= 3.56e-07  |g|= 4.92e-05  |ddm|= 0.00752
  HOMO = -0.323732825176805  LUMO = 0.122823477651601
cycle= 104 E= -14978.7669808631  delta_E= 3.89e-07  |g|= 5.23e-05  |ddm|= 0.00927
  HOMO = -0.323734643931055  LUMO = 0.1228235029664
cycle= 105 E= -14978.7669805548  delta_E= 3.08e-07  |g|= 3.85e-05  |ddm|= 0.00856
  HOMO = -0.323735762405833  LUMO = 0.122823516542917
cycle= 106 E= -14978.7669803913  delta_E= 1.64e-07  |g|= 3.32e-05  |ddm|= 0.00523
  HOMO = -0.323737357751387  LUMO = 0.122823480145388
cycle= 107 E= -14978.7669801593  delta_E= 2.32e-07  |g|= 4.61e-05  |ddm|= 0.00858
  HOMO = -0.323737782571484  LUMO = 0.122823496341575
cycle= 108 E= -14978.7669801077  delta_E= 5.16e-08  |g|= 2.98e-05  |ddm|= 0.00244
  HOMO = -0.32373868139989  LUMO = 0.122823473409421
cycle= 109 E= -14978.7669800343  delta_E= 7.34e-08  |g|= 2.45e-05  |ddm|= 0.00368
  HOMO = -0.323739150943144  LUMO = 0.1228234523422
cycle= 110 E= -14978.7669800076  delta_E= 2.67e-08  |g|= 2.57e-05  |ddm|= 0.00152
  HOMO = -0.323739309602015  LUMO = 0.122823432862734
cycle= 111 E= -14978.7669799755  delta_E= 3.21e-08  |g|= 2.1e-05  |ddm|= 0.0019
  HOMO = -0.323739768325065  LUMO = 0.122823443747534
cycle= 112 E= -14978.7669799435  delta_E= 3.2e-08  |g|= 2.05e-05  |ddm|= 0.00213
  HOMO = -0.323740263374589  LUMO = 0.122823383136377
cycle= 113 E= -14978.7669798808  delta_E= 6.26e-08  |g|= 1.8e-05  |ddm|= 0.00434
  HOMO = -0.323741196983249  LUMO = 0.122823372472199
cycle= 114 E= -14978.7669798244  delta_E= 5.64e-08  |g|= 1.33e-05  |ddm|= 0.00495
  HOMO = -0.323742259902261  LUMO = 0.122823357969656
cycle= 115 E= -14978.7669797818  delta_E= 4.26e-08  |g|= 1.26e-05  |ddm|= 0.00514
  HOMO = -0.323742895434929  LUMO = 0.122823351597557
cycle= 116 E= -14978.7669797639  delta_E= 1.79e-08  |g|= 8.77e-06  |ddm|= 0.00328
  HOMO = -0.323743494225696  LUMO = 0.122823357737116
cycle= 117 E= -14978.7669797549  delta_E= 8.94e-09  |g|= 7.57e-06  |ddm|= 0.00259
  HOMO = -0.323743545695967  LUMO = 0.122823349987406
cycle= 118 E= -14978.7669797539  delta_E= 9.97e-10  |g|= 5.36e-06  |ddm|= 0.000476
  HOMO = -0.323743527588017  LUMO = 0.122823353519291
Extra cycle  E= -14978.7669797539  delta_E= 3.64e-12  |g|= 4.99e-06  |ddm|= 5.97e-06
converged SCF energy = -14978.7669797539  <S^2> = 8.2685298  2S+1 = 5.8373041
(3, 198, 198) 198
S vector [ 1.6894-0.j -0.    +0.j  1.6809+0.j]
(3, 198, 198) 198
L vector [ 3.6258+0.j -0.    +0.j  3.6066-0.j]
(3, 198, 198) 198
J vector [ 5.3152+0.j -0.    -0.j  5.2875-0.j]
Tue Apr 15 10:57:06 PDT 2025
