Currently Loaded Modulefiles:
 1) gmp/6.2.1-gcc-13.2.0-lcnhyse <aL>             
 2) mpfr/4.2.0-gcc-13.2.0-yy2fkq5 <aL>            
 3) mpc/1.3.1-gcc-13.2.0-5kgoftq <aL>             
 4) zlib-ng/2.1.3-gcc-13.2.0-jetnfwa <aL>         
 5) zstd/1.5.5-gcc-13.2.0-t2lua3l <aL>            
 6) gcc/13.2.0-gcc-13.2.0-w55nxkl                 
 7) cmake/3.20.2-gcc-13.2.0-rp74vpv               
 8) libfabric/1.18.1-gcc-13.2.0-bijxar4 <aL>      
 9) numactl/2.0.14-gcc-13.2.0-etkf74e <aL>        
10) openssh/8.7p1-gcc-13.2.0-g55xmkx <aL>         
11) slurm/22.05.6-gcc-13.2.0-tchsn6y <aL>         
12) openmpi/4.1.5-gcc-13.2.0-24q3ap2              
13) libpciaccess/0.17-gcc-13.2.0-r2cijnn <aL>     
14) libiconv/1.17-gcc-13.2.0-ntov4te <aL>         
15) xz/5.4.1-gcc-13.2.0-4xkm5xo <aL>              
16) libxml2/2.10.3-gcc-13.2.0-fr6jcjz <aL>        
17) ncurses/6.4-gcc-13.2.0-4o2yj6n <aL>           
18) hwloc/2.9.1-gcc-13.2.0-gzvfolk <aL>           
19) intel-tbb/2021.9.0-gcc-13.2.0-6nwk3ml <aL>    
20) intel-oneapi-mkl/2023.2.0-gcc-13.2.0-ohvyk7g  

Key:
<module-tag>  <aL>=auto-loaded  
/central/groups/changroup/members/lppeng/holmium/run/paper_final/run_Dy/conf7/GS/run_6
Tue Apr 15 10:54:09 PDT 2025
hpc-35-03.cm.cluster
--------------------------------------------------------------------------
WARNING: There was an error initializing an OpenFabrics device.

  Local host:   hpc-35-03
  Local device: mlx5_0
--------------------------------------------------------------------------
Apr 15 10:54:12 ####### 
                ####### libDMET   version 0.5
                ####### A periodic DMET library for lattice model and realistic solid.
                ####### 
#INFO: **** input file is /central/groups/changroup/members/lppeng/holmium/run/paper_final/run_Dy/conf7/GS/run_6/ground_state.py ****
'''
Example input to calculate the ground state of a molecular system
Include x2c relativistic effect
'''
import pyscf
from pyscf.scf.hf import RHF
from pyscf.dft.uks import UKS
from pyscf.dft.gks import GKS
from pyscf import lib
import os, sys
import numpy as np
import scipy.linalg as la
from scipy.linalg import sqrtm, eigh
from scipy.optimize import root
np.set_printoptions(precision=12, threshold=sys.maxsize, linewidth=190, suppress=True)
log = lib.logger.Logger(sys.stdout, 4)

if __name__ == "__main__":
    from pyscf import gto, scf, dft, lib
    from pyscf.lib import chkfile
    from stevens import cdft, project, utils
    from stevens.project import get_mj

    # system input
    geometry = 'DyCl6' # The name of geometry file minus ".xyz"
                       # Make sure first atom is the central magnetic atom 
    spin = 5 # number of unpaired electrons in a unit cell
    charge = -3 # charge of the molecule or a unit cell
    basis = {'default': '631g', 'Dy': 'sarc-dkh'} # specify basis for all elements here
    max_memory = 32000 # in the unit of MB. Recommend: memory available on a node - 10000 MB
    qmmm = True # add environment with classical charges

    # (c)HF/DFT parameters
    xc = 'HF' # functional
    smearing = None # To help HF/DFT converge, try e.g. 5e-2
    chkfname_guess = 'project' # initial guess. 'minao' for default PySCF guess; None for constrained HF; 
                # path to a checkpoint file to restart from a SCF solution.
                # 'project' to project from the SCF solution in a small basis to generate the initial guess
    chkfname_small = '../gs_small_%s.chk'%geometry # checkpoint file in a small basis. Used when chkfname_guess == 'project'
    basis_small = {'default': 'minao', 'Dy': 'cc-x2c-minao'}# the small basis associated with chkfname_small
    change_dm_mode = 'rotate' # None: no change
                          # 'positive_z': set the 4f block of dm so that J~(0,0,J)
                          # 'rotate': rotate the 4f block of dm by some angles
    atom_index = 0 # the index of central lanthanide atom
    occ_idx = 6
    noise = 0 # max noise on density matrix initial guess

    # constrained HF parameters for the initial guess
    ao_shell = 'f'
    lo_chkfname = '../../UHF/uhf_gs_%s_lo.h5'%geometry  
    multiplier0 = 0.1
    # END USER INPUT

    # set up system
    if os.path.isfile('../../' + geometry + ".xyz"):
        mol = gto.M(
            atom = '../../' + geometry + ".xyz",
            basis = basis,
            verbose = 4,
            spin = spin,
            charge = charge,
            max_memory = max_memory,
            )
        mol.set_common_origin(mol._atom[atom_index][1])
    else:
        raise ValueError("No .xyz file available!")
    log.info("N_elec %s, N_ao %s"%(mol.nelec, mol.nao))

    # generate HF/DFT initial guess
    if chkfname_guess == 'minao':
        mf = scf.GKS(mol).x2c()
        dm0 = mf.get_init_guess()
        print("Use PySCF default init guess")
    elif chkfname_guess is None:
        # run constrained DFT
        angles = cdft.sample_rotation('xyz', occ_idx, unit=20)
        from scipy.spatial.transform import Rotation
        direction = Rotation.from_euler('zyz', angles, degrees=False) @ [0,0,1]
        cmf = cdft.CGKS(mol, direction, multiplier_guess=multiplier0, max_cycle=300,
                atom_index=atom_index, ao_shell='f', lo_chkfname=lo_chkfname, xc=xc, smearing=smearing)
        cmf.kernel()
        dm0 = cmf._scf.make_rdm1()
        print("Contrained SCF solution as init guess")
    elif chkfname_guess == 'project':
        # project dm0 in a small basis to the larger basis 
        dm0 = utils.project_dm_from_small_basis(mol, basis_small, chkfname_small, change_dm_mode, atom_index=atom_index, occ_idx=occ_idx)
        print("Project wavefunction in a smaller basis to the target basis as init guess")
    else:
        mf = scf.GKS(mol).x2c()
        data = chkfile.load(chkfname_guess, 'scf')
        mf.__dict__.update(data)
        dm0 = mf.make_rdm1()
        mf.analyze(with_meta_lowdin=False)
        print("Load .chk file for init guess")
    if change_dm_mode is not None and not chkfname_guess == 'project': # when chkfname_guess == 'project', change in small basis
        dm0 = utils.change_dm_guess(mol, dm0, change_dm_mode, atom_index=atom_index, occ_idx=occ_idx)
    dm0 += (np.random.rand(*(dm0.shape)) - 0.5) * noise  
    print("J vector of initial guess", get_mj(mol, dm0, analyze=True))

    # run HF/DFT
    mf = scf.GKS(mol).x2c()
    mf.xc = xc
    if xc.upper() != 'HF':
        mf.collinear = 'mcol'
        mf.grids.level = 6 
    mf.chkfile = 'gs_' + geometry + '.chk' 
    mf.max_cycle = 1000 
    if smearing is not None:
        mf = scf.addons.smearing_(mf, sigma=smearing, method="fermi")
    if qmmm: # add the precomputed potential from environmental classical charges 
        get_hcore_original = mf.get_hcore
        hcore_mm = np.load('../../mm_hcore.npy')
        def get_hcore_mm(self, mol=None):
            return get_hcore_original(mol=mol) + la.block_diag(hcore_mm, hcore_mm)
        import types
        mf.get_hcore = types.MethodType(get_hcore_mm, mf)
    mf.kernel(dm0=dm0)
    dm = mf.make_rdm1()
    print("S vector", get_mj(mol, dm, include_L=False))
    print("L vector", get_mj(mol, dm, include_S=False))
    print("J vector", get_mj(mol, dm))
#INFO: ******************** input file end ********************


System: uname_result(system='Linux', node='hpc-35-03.cm.cluster', release='5.14.0-362.24.1.el9_3.x86_64', version='#1 SMP PREEMPT_DYNAMIC Thu Feb 15 07:18:13 EST 2024', machine='x86_64')  Threads 8
Python 3.11.6 | packaged by conda-forge | (main, Oct  3 2023, 10:40:35) [GCC 12.3.0]
numpy 1.26.0  scipy 1.11.3
Date: Tue Apr 15 10:54:14 2025
PySCF version 2.5.0
PySCF path  /home/lppeng/anaconda3/envs/nerscV25/lib/python3.11/site-packages/pyscf

[CONFIG] conf_file None
[INPUT] verbose = 4
[INPUT] num. atoms = 7
[INPUT] num. electrons = 171
[INPUT] charge = -3
[INPUT] spin (= nelec alpha-beta = 2S) = 5
[INPUT] symmetry False subgroup None
[INPUT] Mole.unit = angstrom
[INPUT] Symbol           X                Y                Z      unit          X                Y                Z       unit  Magmom
[INPUT]  1 Dy     0.000000000000   0.000000000000   0.000000000000 AA    0.000000000000   0.000000000000   0.000000000000 Bohr   0.0
[INPUT]  2 Cl     2.724000000000   0.000000000000   0.000000000000 AA    5.147613963315   0.000000000000   0.000000000000 Bohr   0.0
[INPUT]  3 Cl    -2.724000000000   0.000000000000   0.000000000000 AA   -5.147613963315   0.000000000000   0.000000000000 Bohr   0.0
[INPUT]  4 Cl     0.000000000000   2.724000000000   0.000000000000 AA    0.000000000000   5.147613963315   0.000000000000 Bohr   0.0
[INPUT]  5 Cl     0.000000000000  -2.724000000000   0.000000000000 AA    0.000000000000  -5.147613963315   0.000000000000 Bohr   0.0
[INPUT]  6 Cl     0.000000000000   0.000000000000   2.724000000000 AA    0.000000000000   0.000000000000   5.147613963315 Bohr   0.0
[INPUT]  7 Cl     0.000000000000   0.000000000000  -2.724000000000 AA    0.000000000000   0.000000000000  -5.147613963315 Bohr   0.0

nuclear repulsion = 1868.38919656687
number of shells = 84
number of NR pGTOs = 449
number of NR cGTOs = 198
basis = {'default': '631g', 'Dy': 'sarc-dkh'}
ecp = {}
CPU time:         3.51
N_elec (88, 83), N_ao 198
#INFO: **** input file is /central/groups/changroup/members/lppeng/holmium/run/paper_final/run_Dy/conf7/GS/run_6/ground_state.py ****
'''
Example input to calculate the ground state of a molecular system
Include x2c relativistic effect
'''
import pyscf
from pyscf.scf.hf import RHF
from pyscf.dft.uks import UKS
from pyscf.dft.gks import GKS
from pyscf import lib
import os, sys
import numpy as np
import scipy.linalg as la
from scipy.linalg import sqrtm, eigh
from scipy.optimize import root
np.set_printoptions(precision=12, threshold=sys.maxsize, linewidth=190, suppress=True)
log = lib.logger.Logger(sys.stdout, 4)

if __name__ == "__main__":
    from pyscf import gto, scf, dft, lib
    from pyscf.lib import chkfile
    from stevens import cdft, project, utils
    from stevens.project import get_mj

    # system input
    geometry = 'DyCl6' # The name of geometry file minus ".xyz"
                       # Make sure first atom is the central magnetic atom 
    spin = 5 # number of unpaired electrons in a unit cell
    charge = -3 # charge of the molecule or a unit cell
    basis = {'default': '631g', 'Dy': 'sarc-dkh'} # specify basis for all elements here
    max_memory = 32000 # in the unit of MB. Recommend: memory available on a node - 10000 MB
    qmmm = True # add environment with classical charges

    # (c)HF/DFT parameters
    xc = 'HF' # functional
    smearing = None # To help HF/DFT converge, try e.g. 5e-2
    chkfname_guess = 'project' # initial guess. 'minao' for default PySCF guess; None for constrained HF; 
                # path to a checkpoint file to restart from a SCF solution.
                # 'project' to project from the SCF solution in a small basis to generate the initial guess
    chkfname_small = '../gs_small_%s.chk'%geometry # checkpoint file in a small basis. Used when chkfname_guess == 'project'
    basis_small = {'default': 'minao', 'Dy': 'cc-x2c-minao'}# the small basis associated with chkfname_small
    change_dm_mode = 'rotate' # None: no change
                          # 'positive_z': set the 4f block of dm so that J~(0,0,J)
                          # 'rotate': rotate the 4f block of dm by some angles
    atom_index = 0 # the index of central lanthanide atom
    occ_idx = 6
    noise = 0 # max noise on density matrix initial guess

    # constrained HF parameters for the initial guess
    ao_shell = 'f'
    lo_chkfname = '../../UHF/uhf_gs_%s_lo.h5'%geometry  
    multiplier0 = 0.1
    # END USER INPUT

    # set up system
    if os.path.isfile('../../' + geometry + ".xyz"):
        mol = gto.M(
            atom = '../../' + geometry + ".xyz",
            basis = basis,
            verbose = 4,
            spin = spin,
            charge = charge,
            max_memory = max_memory,
            )
        mol.set_common_origin(mol._atom[atom_index][1])
    else:
        raise ValueError("No .xyz file available!")
    log.info("N_elec %s, N_ao %s"%(mol.nelec, mol.nao))

    # generate HF/DFT initial guess
    if chkfname_guess == 'minao':
        mf = scf.GKS(mol).x2c()
        dm0 = mf.get_init_guess()
        print("Use PySCF default init guess")
    elif chkfname_guess is None:
        # run constrained DFT
        angles = cdft.sample_rotation('xyz', occ_idx, unit=20)
        from scipy.spatial.transform import Rotation
        direction = Rotation.from_euler('zyz', angles, degrees=False) @ [0,0,1]
        cmf = cdft.CGKS(mol, direction, multiplier_guess=multiplier0, max_cycle=300,
                atom_index=atom_index, ao_shell='f', lo_chkfname=lo_chkfname, xc=xc, smearing=smearing)
        cmf.kernel()
        dm0 = cmf._scf.make_rdm1()
        print("Contrained SCF solution as init guess")
    elif chkfname_guess == 'project':
        # project dm0 in a small basis to the larger basis 
        dm0 = utils.project_dm_from_small_basis(mol, basis_small, chkfname_small, change_dm_mode, atom_index=atom_index, occ_idx=occ_idx)
        print("Project wavefunction in a smaller basis to the target basis as init guess")
    else:
        mf = scf.GKS(mol).x2c()
        data = chkfile.load(chkfname_guess, 'scf')
        mf.__dict__.update(data)
        dm0 = mf.make_rdm1()
        mf.analyze(with_meta_lowdin=False)
        print("Load .chk file for init guess")
    if change_dm_mode is not None and not chkfname_guess == 'project': # when chkfname_guess == 'project', change in small basis
        dm0 = utils.change_dm_guess(mol, dm0, change_dm_mode, atom_index=atom_index, occ_idx=occ_idx)
    dm0 += (np.random.rand(*(dm0.shape)) - 0.5) * noise  
    print("J vector of initial guess", get_mj(mol, dm0, analyze=True))

    # run HF/DFT
    mf = scf.GKS(mol).x2c()
    mf.xc = xc
    if xc.upper() != 'HF':
        mf.collinear = 'mcol'
        mf.grids.level = 6 
    mf.chkfile = 'gs_' + geometry + '.chk' 
    mf.max_cycle = 1000 
    if smearing is not None:
        mf = scf.addons.smearing_(mf, sigma=smearing, method="fermi")
    if qmmm: # add the precomputed potential from environmental classical charges 
        get_hcore_original = mf.get_hcore
        hcore_mm = np.load('../../mm_hcore.npy')
        def get_hcore_mm(self, mol=None):
            return get_hcore_original(mol=mol) + la.block_diag(hcore_mm, hcore_mm)
        import types
        mf.get_hcore = types.MethodType(get_hcore_mm, mf)
    mf.kernel(dm0=dm0)
    dm = mf.make_rdm1()
    print("S vector", get_mj(mol, dm, include_L=False))
    print("L vector", get_mj(mol, dm, include_S=False))
    print("J vector", get_mj(mol, dm))
#INFO: ******************** input file end ********************


System: uname_result(system='Linux', node='hpc-35-03.cm.cluster', release='5.14.0-362.24.1.el9_3.x86_64', version='#1 SMP PREEMPT_DYNAMIC Thu Feb 15 07:18:13 EST 2024', machine='x86_64')  Threads 8
Python 3.11.6 | packaged by conda-forge | (main, Oct  3 2023, 10:40:35) [GCC 12.3.0]
numpy 1.26.0  scipy 1.11.3
Date: Tue Apr 15 10:54:14 2025
PySCF version 2.5.0
PySCF path  /home/lppeng/anaconda3/envs/nerscV25/lib/python3.11/site-packages/pyscf

[CONFIG] conf_file None
[INPUT] verbose = 4
[INPUT] num. atoms = 7
[INPUT] num. electrons = 171
[INPUT] charge = -3
[INPUT] spin (= nelec alpha-beta = 2S) = 5
[INPUT] symmetry False subgroup None
[INPUT] Mole.unit = angstrom
[INPUT] Symbol           X                Y                Z      unit          X                Y                Z       unit  Magmom
[INPUT]  1 Dy     0.000000000000   0.000000000000   0.000000000000 AA    0.000000000000   0.000000000000   0.000000000000 Bohr   0.0
[INPUT]  2 Cl     2.724000000000   0.000000000000   0.000000000000 AA    5.147613963315   0.000000000000   0.000000000000 Bohr   0.0
[INPUT]  3 Cl    -2.724000000000   0.000000000000   0.000000000000 AA   -5.147613963315   0.000000000000   0.000000000000 Bohr   0.0
[INPUT]  4 Cl     0.000000000000   2.724000000000   0.000000000000 AA    0.000000000000   5.147613963315   0.000000000000 Bohr   0.0
[INPUT]  5 Cl     0.000000000000  -2.724000000000   0.000000000000 AA    0.000000000000  -5.147613963315   0.000000000000 Bohr   0.0
[INPUT]  6 Cl     0.000000000000   0.000000000000   2.724000000000 AA    0.000000000000   0.000000000000   5.147613963315 Bohr   0.0
[INPUT]  7 Cl     0.000000000000   0.000000000000  -2.724000000000 AA    0.000000000000   0.000000000000  -5.147613963315 Bohr   0.0

nuclear repulsion = 1868.38919656687
number of shells = 16
number of NR pGTOs = 511
number of NR cGTOs = 89
basis = {'default': 'minao', 'Dy': 'cc-x2c-minao'}
ecp = {}
CPU time:         3.71
basis {'default': '631g', 'Dy': 'sarc-dkh'} 198
basis {'default': 'minao', 'Dy': 'cc-x2c-minao'} 89
(3, 89, 89) 89
Haar random target direction [0.9510565162951536, 0.0, -0.30901699437494734]
Haar random total rotation [0.    1.885 0.   ]
Rotated f-block dm by angles from +z [0.    1.885 0.   ]
Project wavefunction in a smaller basis to the target basis as init guess
(3, 198, 198) 198
elemental J of ['Cl' 'Dy']
  Cl -0.0006+0.0000j 0.0000+0.0000j 0.0312-0.0000j 
  Dy 7.0935-0.0000j 0.0000+0.0000j -2.3216+0.0000j 
J vector of initial guess [ 7.0927-0.j -0.    +0.j -2.2904+0.j]


******** <class 'pyscf.x2c.x2c.X2C1eGKS'> ********
method = X2C1eGKS
initial guess = minao
damping factor = 0
level_shift factor = 0
DIIS = <class 'pyscf.scf.diis.CDIIS'>
diis_start_cycle = 1
diis_space = 8
diis_damp = 0
SCF conv_tol = 1e-09
SCF conv_tol_grad = None
SCF max_cycles = 1000
direct_scf = True
direct_scf_tol = 1e-13
chkfile to save SCF result = gs_DyCl6.chk
max_memory 32000 MB (current use 152 MB)
XC library pyscf.dft.libxc version 6.1.0
    S. Lehtola, C. Steigemann, M. J.T. Oliveira, and M. A.L. Marques.,  SoftwareX 7, 1–5 (2018)
XC functionals = HF

radial grids: 
    Treutler-Ahlrichs [JCP 102, 346 (1995); DOI:10.1063/1.469408] (M4) radial grids
    
becke partition: Becke, JCP 88, 2547 (1988); DOI:10.1063/1.454033
pruning grids: <function nwchem_prune at 0x7feb5abcde40>
grids dens level: 3
symmetrized grids: False
atomic radii adjust function: <function treutler_atomic_radii_adjust at 0x7feb5abce480>
small_rho_cutoff = 1e-07
collinear = col


******** <class 'pyscf.x2c.x2c.SpinOrbitalX2CHelper'> ********
approx = 1e
xuncontract = 1
Overwritten attributes  get_hcore  of <class 'pyscf.x2c.x2c.X2C1eGKS'>
Set gradient conv threshold to 3.16228e-05
tot grids = 134432
init E= -14971.0816364104
  HOMO = -0.283004927613359  LUMO = -0.0673262069236529
cycle= 1 E= -14978.61054366  delta_E= -7.53  |g|= 1.62  |ddm|= 2.41
  HOMO = -0.301020558345167  LUMO = 0.124181864840456
cycle= 2 E= -14978.7114842231  delta_E= -0.101  |g|= 0.659  |ddm|=  1.1
  HOMO = -0.322125526817177  LUMO = 0.122296051875355
cycle= 3 E= -14978.7609871199  delta_E= -0.0495  |g|= 0.273  |ddm|= 0.506
  HOMO = -0.322333028075825  LUMO = 0.12263545254263
cycle= 4 E= -14978.7668796439  delta_E= -0.00589  |g|= 0.0209  |ddm|= 0.0911
  HOMO = -0.323539551843872  LUMO = 0.122827747894067
cycle= 5 E= -14978.7670786168  delta_E= -0.000199  |g|= 0.00618  |ddm|= 0.0245
  HOMO = -0.323418874700113  LUMO = 0.122833830225767
cycle= 6 E= -14978.7671406461  delta_E= -6.2e-05  |g|= 0.00495  |ddm|= 0.0106
  HOMO = -0.323486510485684  LUMO = 0.122840566512584
cycle= 7 E= -14978.7672296012  delta_E= -8.9e-05  |g|= 0.00362  |ddm|= 0.015
  HOMO = -0.323373808517016  LUMO = 0.122837677215385
cycle= 8 E= -14978.7673140801  delta_E= -8.45e-05  |g|= 0.00161  |ddm|= 0.0241
  HOMO = -0.32346235221115  LUMO = 0.12283485721772
cycle= 9 E= -14978.7673280782  delta_E= -1.4e-05  |g|= 0.000692  |ddm|= 0.0114
  HOMO = -0.323443031224375  LUMO = 0.122834144725444
cycle= 10 E= -14978.7673294726  delta_E= -1.39e-06  |g|= 0.0005  |ddm|= 0.00245
  HOMO = -0.323441613999956  LUMO = 0.122834578654054
cycle= 11 E= -14978.7673304087  delta_E= -9.36e-07  |g|= 0.000399  |ddm|= 0.00167
  HOMO = -0.32343805377605  LUMO = 0.122834992521157
cycle= 12 E= -14978.7673311703  delta_E= -7.62e-07  |g|= 0.000355  |ddm|= 0.00144
  HOMO = -0.323442696938318  LUMO = 0.122834471486705
cycle= 13 E= -14978.76733186  delta_E= -6.9e-07  |g|= 0.000336  |ddm|= 0.00141
  HOMO = -0.323439424117768  LUMO = 0.122834588571146
cycle= 14 E= -14978.7673324498  delta_E= -5.9e-07  |g|= 0.000327  |ddm|= 0.00124
  HOMO = -0.323440949591625  LUMO = 0.122834727451802
cycle= 15 E= -14978.7673332779  delta_E= -8.28e-07  |g|= 0.000316  |ddm|= 0.00179
  HOMO = -0.32344006460087  LUMO = 0.122834642244343
cycle= 16 E= -14978.7673353131  delta_E= -2.04e-06  |g|= 0.000295  |ddm|= 0.00471
  HOMO = -0.323437764844607  LUMO = 0.122834836096163
cycle= 17 E= -14978.7673369212  delta_E= -1.61e-06  |g|= 0.000284  |ddm|= 0.00407
  HOMO = -0.323438053604555  LUMO = 0.122834486071967
cycle= 18 E= -14978.7673378057  delta_E= -8.84e-07  |g|= 0.000279  |ddm|= 0.0023
  HOMO = -0.32343723460869  LUMO = 0.12283461800739
cycle= 19 E= -14978.7673386813  delta_E= -8.76e-07  |g|= 0.000275  |ddm|= 0.00229
  HOMO = -0.323436939839095  LUMO = 0.122834674120959
cycle= 20 E= -14978.7673392464  delta_E= -5.65e-07  |g|= 0.000273  |ddm|= 0.00147
  HOMO = -0.323436615876125  LUMO = 0.122834635463543
cycle= 21 E= -14978.7673396276  delta_E= -3.81e-07  |g|= 0.000273  |ddm|= 0.000979
  HOMO = -0.323436654019352  LUMO = 0.122834676088471
cycle= 22 E= -14978.7673402245  delta_E= -5.97e-07  |g|= 0.000272  |ddm|= 0.00152
  HOMO = -0.323435680037752  LUMO = 0.122834591053489
cycle= 23 E= -14978.7673410833  delta_E= -8.59e-07  |g|= 0.000271  |ddm|= 0.0022
  HOMO = -0.323435743915703  LUMO = 0.122834556155252
cycle= 24 E= -14978.7673416411  delta_E= -5.58e-07  |g|= 0.00027  |ddm|= 0.00143
  HOMO = -0.323435286010359  LUMO = 0.122834582539033
cycle= 25 E= -14978.767342215  delta_E= -5.74e-07  |g|= 0.00027  |ddm|= 0.00147
  HOMO = -0.323434717768931  LUMO = 0.122834589628025
cycle= 26 E= -14978.7673431987  delta_E= -9.84e-07  |g|= 0.000269  |ddm|= 0.00253
  HOMO = -0.323434518314298  LUMO = 0.122834558709189
cycle= 27 E= -14978.7673441391  delta_E= -9.4e-07  |g|= 0.000269  |ddm|= 0.00242
  HOMO = -0.323433887067371  LUMO = 0.122834529605071
cycle= 28 E= -14978.7673452975  delta_E= -1.16e-06  |g|= 0.000269  |ddm|= 0.00299
  HOMO = -0.323433037728886  LUMO = 0.122834477991369
cycle= 29 E= -14978.7673469405  delta_E= -1.64e-06  |g|= 0.000268  |ddm|= 0.00425
  HOMO = -0.323432135936952  LUMO = 0.12283453908025
cycle= 30 E= -14978.7673487719  delta_E= -1.83e-06  |g|= 0.000267  |ddm|= 0.00475
  HOMO = -0.323430310247983  LUMO = 0.122834523297291
cycle= 31 E= -14978.7673519483  delta_E= -3.18e-06  |g|= 0.000267  |ddm|= 0.00826
  HOMO = -0.323428785477927  LUMO = 0.122834561235063
cycle= 32 E= -14978.7673558594  delta_E= -3.91e-06  |g|= 0.000265  |ddm|= 0.0102
  HOMO = -0.32342687332335  LUMO = 0.122834509491053
cycle= 33 E= -14978.767360625  delta_E= -4.77e-06  |g|= 0.000264  |ddm|= 0.0126
  HOMO = -0.323425015769396  LUMO = 0.122834475662963
cycle= 34 E= -14978.7673634514  delta_E= -2.83e-06  |g|= 0.000262  |ddm|= 0.00751
  HOMO = -0.323417190401679  LUMO = 0.122834446156144
cycle= 35 E= -14978.7673800753  delta_E= -1.66e-05  |g|= 0.000399  |ddm|= 0.0454
  HOMO = -0.323417048236475  LUMO = 0.122834482478017
cycle= 36 E= -14978.7673806887  delta_E= -6.13e-07  |g|= 0.000362  |ddm|= 0.00166
  HOMO = -0.323414140838347  LUMO = 0.122834521546228
cycle= 37 E= -14978.7673856263  delta_E= -4.94e-06  |g|= 0.000385  |ddm|= 0.0139
  HOMO = -0.323413711001574  LUMO = 0.12283455192096
cycle= 38 E= -14978.7673878745  delta_E= -2.25e-06  |g|= 0.000319  |ddm|= 0.00627
  HOMO = -0.323412520372357  LUMO = 0.122834529940878
cycle= 39 E= -14978.7673916862  delta_E= -3.81e-06  |g|= 0.000291  |ddm|= 0.0109
  HOMO = -0.323411260602432  LUMO = 0.122834518718049
cycle= 40 E= -14978.7673941412  delta_E= -2.45e-06  |g|= 0.000248  |ddm|= 0.00697
  HOMO = -0.323409304567406  LUMO = 0.122834542120568
cycle= 41 E= -14978.7673982497  delta_E= -4.11e-06  |g|= 0.000248  |ddm|= 0.012
  HOMO = -0.323408136218829  LUMO = 0.12283463567529
cycle= 42 E= -14978.7674007533  delta_E= -2.5e-06  |g|= 0.000289  |ddm|= 0.00734
  HOMO = -0.323405557220396  LUMO = 0.122834526969307
cycle= 43 E= -14978.7674051163  delta_E= -4.36e-06  |g|= 0.000248  |ddm|= 0.0131
  HOMO = -0.323405594581495  LUMO = 0.12283455126856
cycle= 44 E= -14978.7674063595  delta_E= -1.24e-06  |g|= 0.000243  |ddm|= 0.00368
  HOMO = -0.323404754843494  LUMO = 0.122834488681055
cycle= 45 E= -14978.7674084123  delta_E= -2.05e-06  |g|= 0.000239  |ddm|= 0.00615
  HOMO = -0.323402066580936  LUMO = 0.122834397401536
cycle= 46 E= -14978.7674135174  delta_E= -5.11e-06  |g|= 0.000246  |ddm|= 0.0156
  HOMO = -0.32340157774996  LUMO = 0.12283446420864
cycle= 47 E= -14978.7674145679  delta_E= -1.05e-06  |g|= 0.000275  |ddm|= 0.00326
  HOMO = -0.323398848797824  LUMO = 0.122834393928942
cycle= 48 E= -14978.7674202765  delta_E= -5.71e-06  |g|= 0.00023  |ddm|= 0.0179
  HOMO = -0.323396939131106  LUMO = 0.122834278727197
cycle= 49 E= -14978.7674237591  delta_E= -3.48e-06  |g|= 0.000289  |ddm|= 0.011
  HOMO = -0.323393960982069  LUMO = 0.122834154937436
cycle= 50 E= -14978.7674312583  delta_E= -7.5e-06  |g|= 0.000234  |ddm|= 0.0245
  HOMO = -0.323392158968756  LUMO = 0.122834079355181
cycle= 51 E= -14978.7674354164  delta_E= -4.16e-06  |g|= 0.000231  |ddm|= 0.0141
  HOMO = -0.323390956615658  LUMO = 0.122834107592767
cycle= 52 E= -14978.7674378407  delta_E= -2.42e-06  |g|= 0.000288  |ddm|= 0.00831
  HOMO = -0.32338965722613  LUMO = 0.122834058165308
cycle= 53 E= -14978.7674401519  delta_E= -2.31e-06  |g|= 0.000249  |ddm|= 0.00797
  HOMO = -0.323388602606315  LUMO = 0.122834077887705
cycle= 54 E= -14978.7674444099  delta_E= -4.26e-06  |g|= 0.000342  |ddm|= 0.0151
  HOMO = -0.323385540390843  LUMO = 0.122833832136012
cycle= 55 E= -14978.7674501516  delta_E= -5.74e-06  |g|= 0.000239  |ddm|= 0.0207
  HOMO = -0.323384754864258  LUMO = 0.122833794582177
cycle= 56 E= -14978.7674521083  delta_E= -1.96e-06  |g|= 0.000207  |ddm|= 0.00718
  HOMO = -0.32338479125935  LUMO = 0.122833809449293
cycle= 57 E= -14978.7674531512  delta_E= -1.04e-06  |g|= 0.000269  |ddm|= 0.00415
  HOMO = -0.323383513802602  LUMO = 0.12283373387592
cycle= 58 E= -14978.7674559102  delta_E= -2.76e-06  |g|= 0.0002  |ddm|= 0.0103
  HOMO = -0.323380644290537  LUMO = 0.122833567711818
cycle= 59 E= -14978.7674604024  delta_E= -4.49e-06  |g|= 0.000196  |ddm|= 0.0175
  HOMO = -0.323380591095127  LUMO = 0.122833565387477
cycle= 60 E= -14978.7674612026  delta_E= -8e-07  |g|= 0.000194  |ddm|= 0.00328
  HOMO = -0.323379043369289  LUMO = 0.122833459582403
cycle= 61 E= -14978.7674643354  delta_E= -3.13e-06  |g|= 0.000196  |ddm|= 0.0126
  HOMO = -0.323378076784234  LUMO = 0.122833439934604
cycle= 62 E= -14978.7674669599  delta_E= -2.62e-06  |g|= 0.000235  |ddm|= 0.0112
  HOMO = -0.323375737238399  LUMO = 0.122833293377887
cycle= 63 E= -14978.7674730805  delta_E= -6.12e-06  |g|= 0.000229  |ddm|= 0.0262
  HOMO = -0.323374747998148  LUMO = 0.122833240123592
cycle= 64 E= -14978.7674745776  delta_E= -1.5e-06  |g|= 0.000183  |ddm|= 0.00689
  HOMO = -0.323374333422916  LUMO = 0.122833209445469
cycle= 65 E= -14978.7674761425  delta_E= -1.56e-06  |g|= 0.000179  |ddm|= 0.00731
  HOMO = -0.323372452702283  LUMO = 0.122833083813655
cycle= 66 E= -14978.7674808723  delta_E= -4.73e-06  |g|= 0.00022  |ddm|= 0.0222
  HOMO = -0.323371297704402  LUMO = 0.122833071302999
cycle= 67 E= -14978.767483717  delta_E= -2.84e-06  |g|= 0.000367  |ddm|= 0.015
  HOMO = -0.323367830719603  LUMO = 0.122832816341516
cycle= 68 E= -14978.7674899011  delta_E= -6.18e-06  |g|= 0.000177  |ddm|= 0.0314
  HOMO = -0.323368955263663  LUMO = 0.12283293430597
cycle= 69 E= -14978.7674907138  delta_E= -8.13e-07  |g|= 0.000215  |ddm|= 0.00494
  HOMO = -0.323367324968483  LUMO = 0.122832801642119
cycle= 70 E= -14978.767493189  delta_E= -2.48e-06  |g|= 0.000244  |ddm|= 0.0143
  HOMO = -0.323365949847836  LUMO = 0.122832688928828
cycle= 71 E= -14978.7674971305  delta_E= -3.94e-06  |g|= 0.000213  |ddm|= 0.0239
  HOMO = -0.323365406068404  LUMO = 0.12283267875807
cycle= 72 E= -14978.7674991198  delta_E= -1.99e-06  |g|= 0.000126  |ddm|= 0.0134
  HOMO = -0.323364039318162  LUMO = 0.122832580756048
cycle= 73 E= -14978.7675013362  delta_E= -2.22e-06  |g|= 0.000152  |ddm|= 0.0156
  HOMO = -0.3233634906065  LUMO = 0.122832581774817
cycle= 74 E= -14978.7675029064  delta_E= -1.57e-06  |g|= 0.000118  |ddm|= 0.0119
  HOMO = -0.323363530094515  LUMO = 0.122832603365121
cycle= 75 E= -14978.7675042035  delta_E= -1.3e-06  |g|= 0.000273  |ddm|= 0.0106
  HOMO = -0.323361229313762  LUMO = 0.122832396443459
cycle= 76 E= -14978.7675069039  delta_E= -2.7e-06  |g|= 0.000205  |ddm|= 0.0228
  HOMO = -0.323360890269605  LUMO = 0.122832424878989
cycle= 77 E= -14978.7675089203  delta_E= -2.02e-06  |g|= 0.000112  |ddm|= 0.0192
  HOMO = -0.323360874306072  LUMO = 0.122832419155019
cycle= 78 E= -14978.7675101502  delta_E= -1.23e-06  |g|= 9.16e-05  |ddm|= 0.013
  HOMO = -0.323359968321693  LUMO = 0.122832378126595
cycle= 79 E= -14978.7675112479  delta_E= -1.1e-06  |g|= 7.66e-05  |ddm|= 0.0127
  HOMO = -0.323359693418277  LUMO = 0.122832323097528
cycle= 80 E= -14978.7675123914  delta_E= -1.14e-06  |g|= 0.000129  |ddm|= 0.0152
  HOMO = -0.323359132860661  LUMO = 0.122832293490194
cycle= 81 E= -14978.76751283  delta_E= -4.39e-07  |g|= 8.38e-05  |ddm|= 0.00627
  HOMO = -0.323359246322283  LUMO = 0.122832315946591
cycle= 82 E= -14978.76751309  delta_E= -2.6e-07  |g|= 5.97e-05  |ddm|= 0.0039
  HOMO = -0.323358796580084  LUMO = 0.122832276010702
cycle= 83 E= -14978.7675134048  delta_E= -3.15e-07  |g|= 5.31e-05  |ddm|= 0.00496
  HOMO = -0.323358899180955  LUMO = 0.122832286561972
cycle= 84 E= -14978.7675138661  delta_E= -4.61e-07  |g|= 4.83e-05  |ddm|= 0.00785
  HOMO = -0.32335872813987  LUMO = 0.122832273776072
cycle= 85 E= -14978.7675142242  delta_E= -3.58e-07  |g|= 4.9e-05  |ddm|= 0.00666
  HOMO = -0.323358690147596  LUMO = 0.122832273766003
cycle= 86 E= -14978.7675143605  delta_E= -1.36e-07  |g|= 4.44e-05  |ddm|= 0.00259
  HOMO = -0.323358488548537  LUMO = 0.122832263626719
cycle= 87 E= -14978.76751464  delta_E= -2.8e-07  |g|= 4.24e-05  |ddm|= 0.00577
  HOMO = -0.323358455078252  LUMO = 0.122832260375476
cycle= 88 E= -14978.7675149503  delta_E= -3.1e-07  |g|= 4.08e-05  |ddm|= 0.00695
  HOMO = -0.323358269369155  LUMO = 0.122832244415942
cycle= 89 E= -14978.7675151788  delta_E= -2.28e-07  |g|= 3.73e-05  |ddm|= 0.00558
  HOMO = -0.323358349432062  LUMO = 0.122832249828031
cycle= 90 E= -14978.7675153035  delta_E= -1.25e-07  |g|= 4.12e-05  |ddm|= 0.00309
  HOMO = -0.32335821946647  LUMO = 0.12283223137735
cycle= 91 E= -14978.7675154234  delta_E= -1.2e-07  |g|= 3.23e-05  |ddm|= 0.00319
  HOMO = -0.323358353526074  LUMO = 0.122832248505555
cycle= 92 E= -14978.7675155172  delta_E= -9.38e-08  |g|= 2.97e-05  |ddm|= 0.00262
  HOMO = -0.323358221267736  LUMO = 0.122832234169616
cycle= 93 E= -14978.7675156116  delta_E= -9.44e-08  |g|= 2.81e-05  |ddm|= 0.00285
  HOMO = -0.323358077222136  LUMO = 0.122832226112127
cycle= 94 E= -14978.7675157518  delta_E= -1.4e-07  |g|= 2.56e-05  |ddm|= 0.0046
  HOMO = -0.323358044904785  LUMO = 0.122832222757983
cycle= 95 E= -14978.7675158588  delta_E= -1.07e-07  |g|= 2.38e-05  |ddm|= 0.00387
  HOMO = -0.323358023993663  LUMO = 0.122832220484854
cycle= 96 E= -14978.7675159436  delta_E= -8.48e-08  |g|= 2.2e-05  |ddm|= 0.00333
  HOMO = -0.323358187189669  LUMO = 0.122832231585192
cycle= 97 E= -14978.7675159688  delta_E= -2.52e-08  |g|= 2.09e-05  |ddm|= 0.00103
  HOMO = -0.323358030949172  LUMO = 0.122832221318081
cycle= 98 E= -14978.7675159689  delta_E= -8e-11  |g|= 1.92e-05  |ddm|= 0.00011
  HOMO = -0.323358078131406  LUMO = 0.122832223072197
Extra cycle  E= -14978.7675159694  delta_E= -5.17e-10  |g|= 1.89e-05  |ddm|= 2.01e-05
converged SCF energy = -14978.7675159694  <S^2> = 8.269149  2S+1 = 5.8375162
(3, 198, 198) 198
S vector [ 2.383 +0.j -0.    +0.j -0.0347-0.j]
(3, 198, 198) 198
L vector [ 5.116 +0.j -0.    -0.j -0.0707+0.j]
(3, 198, 198) 198
J vector [ 7.499 +0.j -0.    +0.j -0.1054+0.j]
Tue Apr 15 10:56:35 PDT 2025
