Currently Loaded Modulefiles:
 1) gmp/6.2.1-gcc-13.2.0-lcnhyse <aL>             
 2) mpfr/4.2.0-gcc-13.2.0-yy2fkq5 <aL>            
 3) mpc/1.3.1-gcc-13.2.0-5kgoftq <aL>             
 4) zlib-ng/2.1.3-gcc-13.2.0-jetnfwa <aL>         
 5) zstd/1.5.5-gcc-13.2.0-t2lua3l <aL>            
 6) gcc/13.2.0-gcc-13.2.0-w55nxkl                 
 7) cmake/3.20.2-gcc-13.2.0-rp74vpv               
 8) libfabric/1.18.1-gcc-13.2.0-bijxar4 <aL>      
 9) numactl/2.0.14-gcc-13.2.0-etkf74e <aL>        
10) openssh/8.7p1-gcc-13.2.0-g55xmkx <aL>         
11) slurm/22.05.6-gcc-13.2.0-tchsn6y <aL>         
12) openmpi/4.1.5-gcc-13.2.0-24q3ap2              
13) libpciaccess/0.17-gcc-13.2.0-r2cijnn <aL>     
14) libiconv/1.17-gcc-13.2.0-ntov4te <aL>         
15) xz/5.4.1-gcc-13.2.0-4xkm5xo <aL>              
16) libxml2/2.10.3-gcc-13.2.0-fr6jcjz <aL>        
17) ncurses/6.4-gcc-13.2.0-4o2yj6n <aL>           
18) hwloc/2.9.1-gcc-13.2.0-gzvfolk <aL>           
19) intel-tbb/2021.9.0-gcc-13.2.0-6nwk3ml <aL>    
20) intel-oneapi-mkl/2023.2.0-gcc-13.2.0-ohvyk7g  

Key:
<module-tag>  <aL>=auto-loaded  
/central/groups/changroup/members/lppeng/holmium/run/paper_final/run_ErCO34/conf2/GS/run_29
Tue Apr 15 21:08:08 PDT 2025
hpc-91-18.cm.cluster
--------------------------------------------------------------------------
WARNING: There was an error initializing an OpenFabrics device.

  Local host:   hpc-91-18
  Local device: mlx5_0
--------------------------------------------------------------------------
Apr 15 21:08:12 ####### 
                ####### libDMET   version 0.5
                ####### A periodic DMET library for lattice model and realistic solid.
                ####### 
#INFO: **** input file is /central/groups/changroup/members/lppeng/holmium/run/paper_final/run_ErCO34/conf2/GS/run_29/ground_state.py ****
'''
Example input to calculate the ground state of a molecular system
Include x2c relativistic effect
'''
import pyscf
from pyscf.scf.hf import RHF
from pyscf.dft.uks import UKS
from pyscf.dft.gks import GKS
from pyscf import lib
import os, sys
import numpy as np
import scipy.linalg as la
from scipy.linalg import sqrtm, eigh
from scipy.optimize import root
np.set_printoptions(precision=12, threshold=sys.maxsize, linewidth=190, suppress=True)
log = lib.logger.Logger(sys.stdout, 4)

if __name__ == "__main__":
    from pyscf import gto, scf, dft, lib
    from pyscf.lib import chkfile
    from stevens import cdft, project, utils
    from stevens.project import get_mj

    # system input
    geometry = 'ErCO34' # The name of geometry file minus ".xyz"
                       # Make sure first atom is the central magnetic atom 
    spin = 3 # number of unpaired electrons in a unit cell
    charge = -5 # charge of the molecule or a unit cell
    basis = {'default': '631g', 'Er': 'sarc-dkh'} # specify basis for all elements here
    max_memory = 80000 # in the unit of MB. Recommend: memory available on a node - 10000 MB
    qmmm = True # add environment with classical charges

    # (c)HF/DFT parameters
    xc = 'HF' # functional
    smearing = None # To help HF/DFT converge, try e.g. 5e-2
    chkfname_guess = 'minao' # initial guess. 'minao' for default PySCF guess; None for constrained HF; 
                # path to a checkpoint file to restart from a SCF solution.
                # 'project' to project from the SCF solution in a small basis to generate the initial guess
    chkfname_small = '../gs_small_%s.chk'%geometry # checkpoint file in a small basis. Used when chkfname_guess == 'project'
    basis_small = {'default': 'minao', 'Er': 'cc-x2c-minao'}# the small basis associated with chkfname_small
    change_dm_mode = 'rotate' # None: no change
                          # 'positive_z': set the 4f block of dm so that J~(0,0,J)
                          # 'rotate': rotate the 4f block of dm by some angles
    atom_index = 0 # the index of central lanthanide atom
    occ_idx = 29
    noise = 0 # max noise on density matrix initial guess

    # constrained HF parameters for the initial guess
    ao_shell = 'f'
    lo_chkfname = '../../UHF/uhf_gs_%s_lo.h5'%geometry  
    multiplier0 = 0.1
    # END USER INPUT

    # set up system
    if os.path.isfile('../../' + geometry + ".xyz"):
        mol = gto.M(
            atom = '../../' + geometry + ".xyz",
            basis = basis,
            verbose = 4,
            spin = spin,
            charge = charge,
            max_memory = max_memory,
            )
        mol.set_common_origin(mol._atom[atom_index][1])
    else:
        raise ValueError("No .xyz file available!")
    log.info("N_elec %s, N_ao %s"%(mol.nelec, mol.nao))

    # generate HF/DFT initial guess
    if chkfname_guess == 'minao':
        mf = scf.GKS(mol).x2c()
        dm0 = mf.get_init_guess()
        print("Use PySCF default init guess")
        dm0 = utils.change_dm_guess(mol, dm0, 'positive_z', atom_index=atom_index, occ_idx=occ_idx) ###
    elif chkfname_guess is None:
        # run constrained DFT
        angles = cdft.sample_rotation('xyz', occ_idx, unit=20)
        from scipy.spatial.transform import Rotation
        direction = Rotation.from_euler('zyz', angles, degrees=False) @ [0,0,1]
        cmf = cdft.CGKS(mol, direction, multiplier_guess=multiplier0, max_cycle=300,
                atom_index=atom_index, ao_shell='f', lo_chkfname=lo_chkfname, xc=xc, smearing=smearing)
        cmf.kernel()
        dm0 = cmf._scf.make_rdm1()
        print("Contrained SCF solution as init guess")
    elif chkfname_guess == 'project':
        # project dm0 in a small basis to the larger basis 
        dm0 = utils.project_dm_from_small_basis(mol, basis_small, chkfname_small, change_dm_mode, atom_index=atom_index, occ_idx=occ_idx)
        print("Project wavefunction in a smaller basis to the target basis as init guess")
    else:
        mf = scf.GKS(mol).x2c()
        data = chkfile.load(chkfname_guess, 'scf')
        mf.__dict__.update(data)
        dm0 = mf.make_rdm1()
        mf.analyze(with_meta_lowdin=False)
        print("Load .chk file for init guess")
    if change_dm_mode is not None and not chkfname_guess == 'project': # when chkfname_guess == 'project', change in small basis
        dm0 = utils.change_dm_guess(mol, dm0, change_dm_mode, atom_index=atom_index, occ_idx=occ_idx)
    dm0 += (np.random.rand(*(dm0.shape)) - 0.5) * noise  
    print("J vector of initial guess", get_mj(mol, dm0, analyze=True))

    # run HF/DFT
    mf = scf.GKS(mol).x2c()
    mf.xc = xc
    if xc.upper() != 'HF':
        mf.collinear = 'mcol'
        mf.grids.level = 6 
    mf.chkfile = 'gs_' + geometry + '.chk' 
    mf.max_cycle = 3000 
    if smearing is not None:
        mf = scf.addons.smearing_(mf, sigma=smearing, method="fermi")
    if qmmm: # add the precomputed potential from environmental classical charges 
        get_hcore_original = mf.get_hcore
        hcore_mm = np.load('../../mm_hcore.npy')
        def get_hcore_mm(self, mol=None):
            return get_hcore_original(mol=mol) + la.block_diag(hcore_mm, hcore_mm)
        import types
        mf.get_hcore = types.MethodType(get_hcore_mm, mf)
    mf.kernel(dm0=dm0)
    dm = mf.make_rdm1()
    print("S vector", get_mj(mol, dm, include_L=False))
    print("L vector", get_mj(mol, dm, include_S=False))
    print("J vector", get_mj(mol, dm))
#INFO: ******************** input file end ********************


System: uname_result(system='Linux', node='hpc-91-18.cm.cluster', release='5.14.0-362.24.1.el9_3.x86_64', version='#1 SMP PREEMPT_DYNAMIC Thu Feb 15 07:18:13 EST 2024', machine='x86_64')  Threads 16
Python 3.11.6 | packaged by conda-forge | (main, Oct  3 2023, 10:40:35) [GCC 12.3.0]
numpy 1.26.0  scipy 1.11.3
Date: Tue Apr 15 21:08:14 2025
PySCF version 2.5.0
PySCF path  /home/lppeng/anaconda3/envs/nerscV25/lib/python3.11/site-packages/pyscf

[CONFIG] conf_file None
[INPUT] verbose = 4
[INPUT] num. atoms = 17
[INPUT] num. electrons = 193
[INPUT] charge = -5
[INPUT] spin (= nelec alpha-beta = 2S) = 3
[INPUT] symmetry False subgroup None
[INPUT] Mole.unit = angstrom
[INPUT] Symbol           X                Y                Z      unit          X                Y                Z       unit  Magmom
[INPUT]  1 Er     0.983621000000  15.502244000000  16.207915000000 AA    1.858774300371  29.294995476182  30.628520400230 Bohr   0.0
[INPUT]  2 O      1.999162000000  14.046589000000  17.748158000000 AA    3.777868658638  26.544206194328  33.539157835508 Bohr   0.0
[INPUT]  3 O      0.849859000000  13.239725000000  19.509454000000 AA    1.606000754497  25.019454214557  36.867524899800 Bohr   0.0
[INPUT]  4 O     -0.191063000000  14.330252000000  17.844156000000 AA   -0.361056742538  27.080251576001  33.720567764014 Bohr   0.0
[INPUT]  5 O      0.075398000000  13.922617000000  14.734947000000 AA    0.142481570340  26.309933067214  27.845014289982 Bohr   0.0
[INPUT]  6 O      1.310036000000  13.048514000000  13.067690000000 AA    2.475609253321  24.658117792553  24.694355180718 Bohr   0.0
[INPUT]  7 O      2.203594000000  14.429009000000  14.574295000000 AA    4.164189149735  27.266875258884  27.541426008618 Bohr   0.0
[INPUT]  8 O     -1.142155000000  16.458779000000  15.996655000000 AA   -2.158360141803  31.102584654743  30.229296859154 Bohr   0.0
[INPUT]  9 O      0.436800000000  17.108053000000  14.609560000000 AA    0.825432371210  32.329534694544  27.608067200401 Bohr   0.0
[INPUT] 10 O      1.479297000000  17.162683000000  17.755992000000 AA    2.795466186891  32.432770432729  33.553961949968 Bohr   0.0
[INPUT] 11 O      3.574079000000  17.921221000000  18.087093000000 AA    6.754030457559  33.866199507804  34.179652159538 Bohr   0.0
[INPUT] 12 O      3.086741000000  16.549131000000  16.376735000000 AA    5.833095107466  31.273325189550  30.947543964579 Bohr   0.0
[INPUT] 13 C      0.893280000000  13.851177000000  18.394684000000 AA    1.688054552551  26.174931032875  34.760914907919 Bohr   0.0
[INPUT] 14 C      1.209619000000  13.783938000000  14.098216000000 AA    2.285848625070  26.047867737985  26.641767084961 Bohr   0.0
[INPUT] 15 C     -0.820004000000  17.160582000000  14.960252000000 AA   -1.549582981048  32.428800118141  28.270779034477 Bohr   0.0
[INPUT] 16 C      2.757666000000  17.225719000000  17.422934000000 AA    5.211233483025  32.551891208717  32.924573546373 Bohr   0.0
[INPUT] 17 O     -1.665533000000  17.832969000000  14.307847000000 AA   -3.147401221425  33.699427397859  27.037912262180 Bohr   0.0

nuclear repulsion = 2660.00686642269
number of shells = 122
number of NR pGTOs = 525
number of NR cGTOs = 264
basis = {'default': '631g', 'Er': 'sarc-dkh'}
ecp = {}
CPU time:         4.73
N_elec (98, 95), N_ao 264
Initial guess from minao.
Use PySCF default init guess
Updated f-block dm with J~(0,0,J)
(3, 264, 264) 264
Haar random target direction [0.3090169943749475, 0.0, -0.9510565162951535]
Haar random total rotation [0.     2.8274 0.    ]
Rotated f-block dm by angles from +z [0.     2.8274 0.    ]
(3, 264, 264) 264
elemental J of ['C' 'Er' 'O']
   C 0.4607+0.0165j 0.0000+0.0000j 0.0000+0.0033j 
  Er 6.3497-0.0007j 0.0000+0.0000j -5.4816-0.0004j 
   O 1.8119-0.0159j 0.0000+0.0000j -0.0000-0.0029j 
J vector of initial guess [ 8.6224-0.j  0.    -0.j -5.4816+0.j]


******** <class 'pyscf.x2c.x2c.X2C1eGKS'> ********
method = X2C1eGKS
initial guess = minao
damping factor = 0
level_shift factor = 0
DIIS = <class 'pyscf.scf.diis.CDIIS'>
diis_start_cycle = 1
diis_space = 8
diis_damp = 0
SCF conv_tol = 1e-09
SCF conv_tol_grad = None
SCF max_cycles = 3000
direct_scf = True
direct_scf_tol = 1e-13
chkfile to save SCF result = gs_ErCO34.chk
max_memory 80000 MB (current use 241 MB)
XC library pyscf.dft.libxc version 6.1.0
    S. Lehtola, C. Steigemann, M. J.T. Oliveira, and M. A.L. Marques.,  SoftwareX 7, 1–5 (2018)
XC functionals = HF

radial grids: 
    Treutler-Ahlrichs [JCP 102, 346 (1995); DOI:10.1063/1.469408] (M4) radial grids
    
becke partition: Becke, JCP 88, 2547 (1988); DOI:10.1063/1.454033
pruning grids: <function nwchem_prune at 0x7f48942c1e40>
grids dens level: 3
symmetrized grids: False
atomic radii adjust function: <function treutler_atomic_radii_adjust at 0x7f48942c2480>
small_rho_cutoff = 1e-07
collinear = col


******** <class 'pyscf.x2c.x2c.SpinOrbitalX2CHelper'> ********
approx = 1e
xuncontract = 1
Overwritten attributes  get_hcore  of <class 'pyscf.x2c.x2c.X2C1eGKS'>
Set gradient conv threshold to 3.16228e-05
tot grids = 247904
init E= -14183.732733073
  HOMO = -0.895177652974519  LUMO = -0.579299682712597
cycle= 1 E= -14189.921590725  delta_E= -6.19  |g|= 2.65  |ddm|= 3.82
  HOMO = 0.146371619629308  LUMO = 0.267101754496958
cycle= 2 E= -14190.6321891264  delta_E= -0.711  |g|=  1.6  |ddm|= 2.65
  HOMO = -0.00258034097560372  LUMO = 0.260539022377185
cycle= 3 E= -14191.1296284583  delta_E= -0.497  |g|= 0.245  |ddm|= 1.08
  HOMO = -0.0138097476911891  LUMO = 0.259850343799219
cycle= 4 E= -14191.1391212215  delta_E= -0.00949  |g|= 0.0553  |ddm|= 0.153
  HOMO = -0.0108942456167403  LUMO = 0.259595589203584
cycle= 5 E= -14191.1406717016  delta_E= -0.00155  |g|= 0.0268  |ddm|= 0.0583
  HOMO = -0.0138119554989556  LUMO = 0.259618561140815
cycle= 6 E= -14191.1416015705  delta_E= -0.00093  |g|= 0.0202  |ddm|= 0.0394
  HOMO = -0.0143508713280411  LUMO = 0.259504042929631
cycle= 7 E= -14191.1424458681  delta_E= -0.000844  |g|= 0.0158  |ddm|= 0.0375
  HOMO = -0.0142784321006673  LUMO = 0.259546610143176
cycle= 8 E= -14191.1433843309  delta_E= -0.000938  |g|= 0.0101  |ddm|= 0.0557
  HOMO = -0.0138152930238417  LUMO = 0.25955209308673
cycle= 9 E= -14191.1437856733  delta_E= -0.000401  |g|= 0.00472  |ddm|= 0.0465
  HOMO = -0.0139203302517052  LUMO = 0.259561893360638
cycle= 10 E= -14191.1438629515  delta_E= -7.73e-05  |g|= 0.00223  |ddm|= 0.0213
  HOMO = -0.0142626709876738  LUMO = 0.259563008160971
cycle= 11 E= -14191.1438759873  delta_E= -1.3e-05  |g|= 0.0014  |ddm|= 0.00745
  HOMO = -0.0143009247273055  LUMO = 0.259560047334795
cycle= 12 E= -14191.1438797372  delta_E= -3.75e-06  |g|= 0.00117  |ddm|= 0.00275
  HOMO = -0.0143349144715578  LUMO = 0.259559043426922
cycle= 13 E= -14191.1438826782  delta_E= -2.94e-06  |g|= 0.00102  |ddm|= 0.00222
  HOMO = -0.0143430714326069  LUMO = 0.25956069436275
cycle= 14 E= -14191.1438854427  delta_E= -2.76e-06  |g|= 0.000948  |ddm|= 0.00206
  HOMO = -0.0143436744780222  LUMO = 0.25956088944577
cycle= 15 E= -14191.1438893057  delta_E= -3.86e-06  |g|= 0.000864  |ddm|= 0.00305
  HOMO = -0.0143025171553583  LUMO = 0.259559373999165
cycle= 16 E= -14191.1438952615  delta_E= -5.96e-06  |g|= 0.000735  |ddm|= 0.00542
  HOMO = -0.0143222658490514  LUMO = 0.259562475838661
cycle= 17 E= -14191.1439015649  delta_E= -6.3e-06  |g|= 0.000558  |ddm|= 0.00756
  HOMO = -0.0143364076880111  LUMO = 0.259560494403877
cycle= 18 E= -14191.1439054469  delta_E= -3.88e-06  |g|= 0.000415  |ddm|= 0.00701
  HOMO = -0.0143383851128273  LUMO = 0.259560352994649
cycle= 19 E= -14191.1439066449  delta_E= -1.2e-06  |g|= 0.000361  |ddm|= 0.00308
  HOMO = -0.0143368677456587  LUMO = 0.259560228506369
cycle= 20 E= -14191.1439071775  delta_E= -5.33e-07  |g|= 0.000343  |ddm|= 0.00133
  HOMO = -0.0143386539613465  LUMO = 0.259560437434743
cycle= 21 E= -14191.1439076442  delta_E= -4.67e-07  |g|= 0.00033  |ddm|= 0.00106
  HOMO = -0.0143301688974619  LUMO = 0.259560119040894
cycle= 22 E= -14191.1439081809  delta_E= -5.37e-07  |g|= 0.000318  |ddm|= 0.00122
  HOMO = -0.0143252079480514  LUMO = 0.259560489717301
cycle= 23 E= -14191.1439089102  delta_E= -7.29e-07  |g|= 0.000306  |ddm|= 0.00168
  HOMO = -0.0143273075634068  LUMO = 0.259560391208494
cycle= 24 E= -14191.1439097459  delta_E= -8.36e-07  |g|= 0.000293  |ddm|= 0.002
  HOMO = -0.0143213731280707  LUMO = 0.259560080235332
cycle= 25 E= -14191.1439107872  delta_E= -1.04e-06  |g|= 0.000279  |ddm|= 0.00263
  HOMO = -0.0143271441552017  LUMO = 0.259560549956078
cycle= 26 E= -14191.1439118018  delta_E= -1.01e-06  |g|= 0.000266  |ddm|= 0.00278
  HOMO = -0.0143292095612349  LUMO = 0.259560205128623
cycle= 27 E= -14191.1439130648  delta_E= -1.26e-06  |g|= 0.000249  |ddm|= 0.00374
  HOMO = -0.0143288379899022  LUMO = 0.259560322237453
cycle= 28 E= -14191.1439141485  delta_E= -1.08e-06  |g|= 0.000234  |ddm|= 0.00358
  HOMO = -0.0143278107155365  LUMO = 0.259560098043994
cycle= 29 E= -14191.1439155578  delta_E= -1.41e-06  |g|= 0.000213  |ddm|= 0.00531
  HOMO = -0.0143302777420438  LUMO = 0.259560439890186
cycle= 30 E= -14191.1439167798  delta_E= -1.22e-06  |g|= 0.000192  |ddm|= 0.0056
  HOMO = -0.0143265945821626  LUMO = 0.259560095694602
cycle= 31 E= -14191.1439174363  delta_E= -6.57e-07  |g|= 0.000181  |ddm|= 0.00362
  HOMO = -0.0143263649861688  LUMO = 0.259560318160005
cycle= 32 E= -14191.143917857  delta_E= -4.21e-07  |g|= 0.000173  |ddm|= 0.00257
  HOMO = -0.0143273943544424  LUMO = 0.259560308295627
cycle= 33 E= -14191.1439181831  delta_E= -3.26e-07  |g|= 0.000166  |ddm|= 0.00197
  HOMO = -0.014323779069572  LUMO = 0.259560240963261
cycle= 34 E= -14191.14391847  delta_E= -2.87e-07  |g|= 0.00016  |ddm|= 0.00169
  HOMO = -0.0143256612459535  LUMO = 0.259560300149699
cycle= 35 E= -14191.1439186704  delta_E= -2e-07  |g|= 0.000156  |ddm|= 0.00114
  HOMO = -0.0143248699823608  LUMO = 0.259560167684723
cycle= 36 E= -14191.1439188904  delta_E= -2.2e-07  |g|= 0.000152  |ddm|= 0.00121
  HOMO = -0.0143250598136508  LUMO = 0.25956026741436
cycle= 37 E= -14191.143919146  delta_E= -2.56e-07  |g|= 0.000148  |ddm|= 0.00131
  HOMO = -0.014325526873819  LUMO = 0.259560118660628
cycle= 38 E= -14191.1439193905  delta_E= -2.44e-07  |g|= 0.000145  |ddm|= 0.0013
  HOMO = -0.0143263829272577  LUMO = 0.259560243780638
cycle= 39 E= -14191.1439195579  delta_E= -1.67e-07  |g|= 0.000144  |ddm|= 0.000855
  HOMO = -0.0143258171389952  LUMO = 0.259560200530887
cycle= 40 E= -14191.1439196521  delta_E= -9.41e-08  |g|= 0.000143  |ddm|= 0.000483
  HOMO = -0.0143257931524854  LUMO = 0.259560227885266
cycle= 41 E= -14191.1439197393  delta_E= -8.72e-08  |g|= 0.000143  |ddm|= 0.000431
  HOMO = -0.0143255813326263  LUMO = 0.259560209358009
cycle= 42 E= -14191.1439198578  delta_E= -1.19e-07  |g|= 0.000143  |ddm|= 0.000579
  HOMO = -0.0143249524597045  LUMO = 0.25956020289212
cycle= 43 E= -14191.143919961  delta_E= -1.03e-07  |g|= 0.000143  |ddm|= 0.0005
  HOMO = -0.0143250512596654  LUMO = 0.259560196815638
cycle= 44 E= -14191.14392003  delta_E= -6.89e-08  |g|= 0.000143  |ddm|= 0.000332
  HOMO = -0.0143249538760297  LUMO = 0.259560190480757
cycle= 45 E= -14191.1439200839  delta_E= -5.39e-08  |g|= 0.000143  |ddm|= 0.000258
  HOMO = -0.014324944051209  LUMO = 0.259560197493226
cycle= 46 E= -14191.1439201494  delta_E= -6.55e-08  |g|= 0.000143  |ddm|= 0.000313
  HOMO = -0.0143249279171873  LUMO = 0.259560195202138
cycle= 47 E= -14191.1439201758  delta_E= -2.63e-08  |g|= 0.000143  |ddm|= 0.000127
  HOMO = -0.0143249748921407  LUMO = 0.259560198849278
cycle= 48 E= -14191.1439201625  delta_E= 1.33e-08  |g|= 0.000143  |ddm|= 7.24e-05
  HOMO = -0.0143250021616275  LUMO = 0.259560199520542
cycle= 49 E= -14191.1439201518  delta_E= 1.07e-08  |g|= 0.000143  |ddm|= 5.46e-05
  HOMO = -0.0143249957576541  LUMO = 0.259560196469155
cycle= 50 E= -14191.1439201246  delta_E= 2.72e-08  |g|= 0.000143  |ddm|= 0.000133
  HOMO = -0.014325130575613  LUMO = 0.259560212712359
cycle= 51 E= -14191.1439200567  delta_E= 6.78e-08  |g|= 0.000143  |ddm|= 0.000327
  HOMO = -0.0143254263388606  LUMO = 0.259560210286363
cycle= 52 E= -14191.1439199085  delta_E= 1.48e-07  |g|= 0.000143  |ddm|= 0.000721
  HOMO = -0.0143261151535465  LUMO = 0.259560236167096
cycle= 53 E= -14191.1439193451  delta_E= 5.63e-07  |g|= 0.000142  |ddm|= 0.00273
  HOMO = -0.0143264928572516  LUMO = 0.25956027890273
cycle= 54 E= -14191.1439187311  delta_E= 6.14e-07  |g|= 0.000142  |ddm|= 0.00298
  HOMO = -0.0143267169355847  LUMO = 0.259560268921876
cycle= 55 E= -14191.1439181233  delta_E= 6.08e-07  |g|= 0.000141  |ddm|= 0.00298
  HOMO = -0.0143278438712992  LUMO = 0.259560347803602
cycle= 56 E= -14191.1439164689  delta_E= 1.65e-06  |g|= 0.00014  |ddm|= 0.00818
  HOMO = -0.0143275873397243  LUMO = 0.259560435626382
cycle= 57 E= -14191.143915824  delta_E= 6.45e-07  |g|= 0.00014  |ddm|= 0.00325
  HOMO = -0.0143288540914026  LUMO = 0.25956043944961
cycle= 58 E= -14191.1439150135  delta_E= 8.1e-07  |g|= 0.000139  |ddm|= 0.00413
  HOMO = -0.0143293149534554  LUMO = 0.259560456279068
cycle= 59 E= -14191.1439141646  delta_E= 8.49e-07  |g|= 0.000138  |ddm|= 0.00439
  HOMO = -0.0143305561525788  LUMO = 0.259560569911881
cycle= 60 E= -14191.1439132998  delta_E= 8.65e-07  |g|= 0.000136  |ddm|= 0.00458
  HOMO = -0.0143311258791092  LUMO = 0.259560473005709
cycle= 61 E= -14191.1439121694  delta_E= 1.13e-06  |g|= 0.000135  |ddm|= 0.00608
  HOMO = -0.0143321981479783  LUMO = 0.259560523596003
cycle= 62 E= -14191.1439112458  delta_E= 9.24e-07  |g|= 0.000134  |ddm|= 0.00507
  HOMO = -0.0143320891924977  LUMO = 0.259560612773635
cycle= 63 E= -14191.1439101604  delta_E= 1.09e-06  |g|= 0.000131  |ddm|= 0.00611
  HOMO = -0.0143338619986147  LUMO = 0.259560713862797
cycle= 64 E= -14191.1439082865  delta_E= 1.87e-06  |g|= 0.00013  |ddm|= 0.0108
  HOMO = -0.0143341042895205  LUMO = 0.259560709812408
cycle= 65 E= -14191.1439077773  delta_E= 5.09e-07  |g|= 0.000128  |ddm|= 0.00301
  HOMO = -0.0143350001317419  LUMO = 0.259560857624575
cycle= 66 E= -14191.1439063516  delta_E= 1.43e-06  |g|= 0.000128  |ddm|= 0.00852
  HOMO = -0.0143359660056391  LUMO = 0.259560902542941
cycle= 67 E= -14191.1439050226  delta_E= 1.33e-06  |g|= 0.000125  |ddm|= 0.00823
  HOMO = -0.0143378182697323  LUMO = 0.259560939248428
cycle= 68 E= -14191.1439036632  delta_E= 1.36e-06  |g|= 0.000124  |ddm|= 0.00872
  HOMO = -0.0143387316559071  LUMO = 0.259560978427456
cycle= 69 E= -14191.143902525  delta_E= 1.14e-06  |g|= 0.000123  |ddm|= 0.00755
  HOMO = -0.0143397374569059  LUMO = 0.259561003560287
cycle= 70 E= -14191.14390219  delta_E= 3.35e-07  |g|= 0.000119  |ddm|= 0.00241
  HOMO = -0.0143395840072446  LUMO = 0.259561003935088
cycle= 71 E= -14191.1439018408  delta_E= 3.49e-07  |g|= 0.000118  |ddm|= 0.00244
  HOMO = -0.0143407506758251  LUMO = 0.259561089432821
cycle= 72 E= -14191.1439015313  delta_E= 3.1e-07  |g|= 0.000117  |ddm|= 0.00228
  HOMO = -0.0143415439212818  LUMO = 0.259561133468957
cycle= 73 E= -14191.143900515  delta_E= 1.02e-06  |g|= 0.000116  |ddm|= 0.00761
  HOMO = -0.0143416128285869  LUMO = 0.259561201366055
cycle= 74 E= -14191.1439004069  delta_E= 1.08e-07  |g|= 0.000113  |ddm|= 0.00117
  HOMO = -0.0143417267554019  LUMO = 0.25956110240222
cycle= 75 E= -14191.1439001679  delta_E= 2.39e-07  |g|= 0.000111  |ddm|= 0.00237
  HOMO = -0.0143417458626912  LUMO = 0.259561161964156
cycle= 76 E= -14191.1438998322  delta_E= 3.36e-07  |g|= 0.000109  |ddm|= 0.00316
  HOMO = -0.0143422558612009  LUMO = 0.259561134541246
cycle= 77 E= -14191.143899449  delta_E= 3.83e-07  |g|= 0.000107  |ddm|= 0.00344
  HOMO = -0.0143430300824967  LUMO = 0.25956125330746
cycle= 78 E= -14191.1438992871  delta_E= 1.62e-07  |g|= 0.000105  |ddm|= 0.00185
  HOMO = -0.0143435105998902  LUMO = 0.259561218908132
cycle= 79 E= -14191.1438989687  delta_E= 3.18e-07  |g|= 0.000104  |ddm|= 0.00298
  HOMO = -0.0143438701943017  LUMO = 0.259561250645662
cycle= 80 E= -14191.1438989854  delta_E= -1.67e-08  |g|= 0.000101  |ddm|= 0.00137
  HOMO = -0.0143445310935595  LUMO = 0.259561304943919
cycle= 81 E= -14191.1438989931  delta_E= -7.76e-09  |g|= 0.0001  |ddm|= 0.000672
  HOMO = -0.0143438140580643  LUMO = 0.259561226527729
cycle= 82 E= -14191.1438991939  delta_E= -2.01e-07  |g|= 9.88e-05  |ddm|= 0.00144
  HOMO = -0.0143435982820656  LUMO = 0.259561219279953
cycle= 83 E= -14191.1438994387  delta_E= -2.45e-07  |g|= 9.75e-05  |ddm|= 0.00178
  HOMO = -0.0143438749024136  LUMO = 0.259561245081641
cycle= 84 E= -14191.1438994999  delta_E= -6.12e-08  |g|= 9.6e-05  |ddm|= 0.000798
  HOMO = -0.0143438234710934  LUMO = 0.259561359018537
cycle= 85 E= -14191.1438995162  delta_E= -1.62e-08  |g|= 9.4e-05  |ddm|= 0.00137
  HOMO = -0.0143444494078258  LUMO = 0.259561329793761
cycle= 86 E= -14191.1438993244  delta_E= 1.92e-07  |g|= 9.17e-05  |ddm|= 0.00284
  HOMO = -0.0143453516668166  LUMO = 0.259561442154966
cycle= 87 E= -14191.1438990473  delta_E= 2.77e-07  |g|= 9.03e-05  |ddm|= 0.00317
  HOMO = -0.0143455794161497  LUMO = 0.259561368438909
cycle= 88 E= -14191.1438987819  delta_E= 2.65e-07  |g|= 8.94e-05  |ddm|= 0.00297
  HOMO = -0.0143459018483418  LUMO = 0.259561387643888
cycle= 89 E= -14191.143898632  delta_E= 1.5e-07  |g|= 8.86e-05  |ddm|= 0.00186
  HOMO = -0.0143463777360238  LUMO = 0.259561430726387
cycle= 90 E= -14191.1438984722  delta_E= 1.6e-07  |g|= 8.8e-05  |ddm|= 0.0019
  HOMO = -0.0143462440825078  LUMO = 0.259561411850332
cycle= 91 E= -14191.1438984218  delta_E= 5.04e-08  |g|= 8.74e-05  |ddm|= 0.00104
  HOMO = -0.0143464727019915  LUMO = 0.259561441674274
cycle= 92 E= -14191.1438983478  delta_E= 7.4e-08  |g|= 8.69e-05  |ddm|= 0.00107
  HOMO = -0.0143465459596714  LUMO = 0.259561450651034
cycle= 93 E= -14191.1438982808  delta_E= 6.7e-08  |g|= 8.62e-05  |ddm|= 0.00157
  HOMO = -0.0143467599775249  LUMO = 0.259561512969624
cycle= 94 E= -14191.1438982336  delta_E= 4.72e-08  |g|= 8.57e-05  |ddm|= 0.00105
  HOMO = -0.0143468464216972  LUMO = 0.259561468525372
cycle= 95 E= -14191.1438981642  delta_E= 6.94e-08  |g|= 8.51e-05  |ddm|= 0.00151
  HOMO = -0.0143471890364773  LUMO = 0.259561531546505
cycle= 96 E= -14191.1438980734  delta_E= 9.08e-08  |g|= 8.44e-05  |ddm|= 0.00214
  HOMO = -0.0143473983227776  LUMO = 0.259561525749584
cycle= 97 E= -14191.1438979919  delta_E= 8.15e-08  |g|= 8.4e-05  |ddm|= 0.0017
  HOMO = -0.014347840595792  LUMO = 0.259561584174959
cycle= 98 E= -14191.1438978628  delta_E= 1.29e-07  |g|= 8.34e-05  |ddm|= 0.00262
  HOMO = -0.0143481311674445  LUMO = 0.259561613642203
cycle= 99 E= -14191.1438977539  delta_E= 1.09e-07  |g|= 8.29e-05  |ddm|= 0.00237
  HOMO = -0.0143484745137198  LUMO = 0.259561628569504
cycle= 100 E= -14191.1438976622  delta_E= 9.17e-08  |g|= 8.23e-05  |ddm|= 0.00212
  HOMO = -0.0143493809186685  LUMO = 0.259561724821369
cycle= 101 E= -14191.1438974643  delta_E= 1.98e-07  |g|= 8.1e-05  |ddm|= 0.00549
  HOMO = -0.0143498993903446  LUMO = 0.259561729938724
cycle= 102 E= -14191.1438973287  delta_E= 1.36e-07  |g|= 7.97e-05  |ddm|= 0.00452
  HOMO = -0.0143508288512401  LUMO = 0.259561849447192
cycle= 103 E= -14191.1438972228  delta_E= 1.06e-07  |g|= 7.84e-05  |ddm|= 0.00479
  HOMO = -0.0143513353838809  LUMO = 0.259561835558423
cycle= 104 E= -14191.1438971415  delta_E= 8.13e-08  |g|= 7.71e-05  |ddm|= 0.00492
  HOMO = -0.0143518839637177  LUMO = 0.259561962416473
cycle= 105 E= -14191.143897095  delta_E= 4.65e-08  |g|= 7.58e-05  |ddm|= 0.00471
  HOMO = -0.0143519270882395  LUMO = 0.259561946171491
cycle= 106 E= -14191.143897089  delta_E= 6.06e-09  |g|= 7.47e-05  |ddm|= 0.00333
  HOMO = -0.0143523152767702  LUMO = 0.259562055071638
cycle= 107 E= -14191.143897085  delta_E= 4e-09  |g|= 7.37e-05  |ddm|= 0.00372
  HOMO = -0.0143522156129902  LUMO = 0.259562081747748
cycle= 108 E= -14191.1438971235  delta_E= -3.85e-08  |g|= 7.24e-05  |ddm|= 0.00354
  HOMO = -0.0143530067523235  LUMO = 0.259562094204817
cycle= 109 E= -14191.1438971561  delta_E= -3.26e-08  |g|= 7.22e-05  |ddm|= 0.00458
  HOMO = -0.0143538363787416  LUMO = 0.259562191538
cycle= 110 E= -14191.1438972267  delta_E= -7.06e-08  |g|= 7.08e-05  |ddm|= 0.00481
  HOMO = -0.0143545342638408  LUMO = 0.259562240583186
cycle= 111 E= -14191.1438973882  delta_E= -1.62e-07  |g|= 6.73e-05  |ddm|= 0.00486
  HOMO = -0.0143547063563912  LUMO = 0.259562293462748
cycle= 112 E= -14191.1438974814  delta_E= -9.32e-08  |g|= 6.58e-05  |ddm|= 0.00388
  HOMO = -0.0143558032789769  LUMO = 0.259562341500892
cycle= 113 E= -14191.1438976683  delta_E= -1.87e-07  |g|= 6.38e-05  |ddm|= 0.00609
  HOMO = -0.0143553298024112  LUMO = 0.259562439622898
cycle= 114 E= -14191.1438978313  delta_E= -1.63e-07  |g|= 6.15e-05  |ddm|= 0.00354
  HOMO = -0.0143554972544911  LUMO = 0.259562531883772
cycle= 115 E= -14191.143898007  delta_E= -1.76e-07  |g|= 5.99e-05  |ddm|= 0.0048
  HOMO = -0.0143551077959877  LUMO = 0.259562481426621
cycle= 116 E= -14191.1438981686  delta_E= -1.62e-07  |g|= 5.78e-05  |ddm|= 0.00359
  HOMO = -0.0143548210607081  LUMO = 0.259562588650774
cycle= 117 E= -14191.1438983284  delta_E= -1.6e-07  |g|= 5.55e-05  |ddm|= 0.00315
  HOMO = -0.0143548480834207  LUMO = 0.259562624363728
cycle= 118 E= -14191.1438984918  delta_E= -1.63e-07  |g|= 5.5e-05  |ddm|= 0.00384
  HOMO = -0.014355101018457  LUMO = 0.259562621491362
cycle= 119 E= -14191.1438985687  delta_E= -7.68e-08  |g|= 5.35e-05  |ddm|= 0.00121
  HOMO = -0.014355430463634  LUMO = 0.259562655500774
cycle= 120 E= -14191.1438986631  delta_E= -9.44e-08  |g|= 5.29e-05  |ddm|= 0.00224
  HOMO = -0.0143558135275162  LUMO = 0.259562695975711
cycle= 121 E= -14191.1438987313  delta_E= -6.82e-08  |g|= 5.21e-05  |ddm|= 0.00124
  HOMO = -0.014355835657563  LUMO = 0.259562693684041
cycle= 122 E= -14191.1438988167  delta_E= -8.55e-08  |g|= 5.18e-05  |ddm|= 0.00173
  HOMO = -0.0143558431429547  LUMO = 0.259562708315324
cycle= 123 E= -14191.1438988826  delta_E= -6.59e-08  |g|= 5.09e-05  |ddm|= 0.00108
  HOMO = -0.0143555890321575  LUMO = 0.259562762090032
cycle= 124 E= -14191.1438989547  delta_E= -7.21e-08  |g|= 5.03e-05  |ddm|= 0.00123
  HOMO = -0.0143552610325776  LUMO = 0.259562716089482
cycle= 125 E= -14191.1438990282  delta_E= -7.35e-08  |g|= 4.97e-05  |ddm|= 0.00124
  HOMO = -0.0143550970011355  LUMO = 0.259562768073455
cycle= 126 E= -14191.1438991097  delta_E= -8.15e-08  |g|= 4.91e-05  |ddm|= 0.00136
  HOMO = -0.014355069980608  LUMO = 0.259562776831677
cycle= 127 E= -14191.1438991636  delta_E= -5.39e-08  |g|= 4.86e-05  |ddm|= 0.000836
  HOMO = -0.0143551948654146  LUMO = 0.259562775584825
cycle= 128 E= -14191.1438991919  delta_E= -2.83e-08  |g|= 4.8e-05  |ddm|= 0.000549
  HOMO = -0.0143551171237146  LUMO = 0.259562793112424
cycle= 129 E= -14191.1438992448  delta_E= -5.29e-08  |g|= 4.73e-05  |ddm|= 0.000805
  HOMO = -0.0143549329595915  LUMO = 0.259562807637899
cycle= 130 E= -14191.1438993388  delta_E= -9.4e-08  |g|= 4.55e-05  |ddm|= 0.002
  HOMO = -0.0143548598441948  LUMO = 0.259562779009674
cycle= 131 E= -14191.1438993448  delta_E= -5.93e-09  |g|= 4.49e-05  |ddm|= 0.000686
  HOMO = -0.0143546589044958  LUMO = 0.259562797770971
cycle= 132 E= -14191.1438993663  delta_E= -2.16e-08  |g|= 4.44e-05  |ddm|= 0.000728
  HOMO = -0.0143544632545955  LUMO = 0.259562787987939
cycle= 133 E= -14191.1438993696  delta_E= -3.29e-09  |g|= 4.4e-05  |ddm|= 0.00071
  HOMO = -0.0143543814790497  LUMO = 0.259562762885958
cycle= 134 E= -14191.1438993818  delta_E= -1.22e-08  |g|= 4.38e-05  |ddm|= 0.000276
  HOMO = -0.0143544172627755  LUMO = 0.259562797453581
cycle= 135 E= -14191.1438994032  delta_E= -2.13e-08  |g|= 4.36e-05  |ddm|= 0.000361
  HOMO = -0.0143543117309227  LUMO = 0.259562785124833
cycle= 136 E= -14191.1438994317  delta_E= -2.86e-08  |g|= 4.34e-05  |ddm|= 0.00046
  HOMO = -0.0143543672536952  LUMO = 0.259562791147923
cycle= 137 E= -14191.1438994672  delta_E= -3.54e-08  |g|= 4.32e-05  |ddm|= 0.000574
  HOMO = -0.0143542705775037  LUMO = 0.259562796854785
cycle= 138 E= -14191.1438995023  delta_E= -3.52e-08  |g|= 4.31e-05  |ddm|= 0.000568
  HOMO = -0.0143542614958904  LUMO = 0.259562804725343
cycle= 139 E= -14191.143899534  delta_E= -3.16e-08  |g|= 4.3e-05  |ddm|= 0.000511
  HOMO = -0.0143542488818974  LUMO = 0.259562797476283
cycle= 140 E= -14191.1438995798  delta_E= -4.58e-08  |g|= 4.28e-05  |ddm|= 0.000748
  HOMO = -0.0143541688006222  LUMO = 0.259562820020984
cycle= 141 E= -14191.1438996281  delta_E= -4.83e-08  |g|= 4.27e-05  |ddm|= 0.000797
  HOMO = -0.0143541080120895  LUMO = 0.259562821494885
cycle= 142 E= -14191.1438996637  delta_E= -3.56e-08  |g|= 4.26e-05  |ddm|= 0.000585
  HOMO = -0.0143540115506414  LUMO = 0.259562815210973
cycle= 143 E= -14191.143899714  delta_E= -5.03e-08  |g|= 4.25e-05  |ddm|= 0.000831
  HOMO = -0.0143539602843586  LUMO = 0.259562847928548
cycle= 144 E= -14191.143899769  delta_E= -5.5e-08  |g|= 4.23e-05  |ddm|= 0.000907
  HOMO = -0.0143537398199327  LUMO = 0.259562836227645
cycle= 145 E= -14191.143899843  delta_E= -7.4e-08  |g|= 4.21e-05  |ddm|= 0.00123
  HOMO = -0.0143537118507559  LUMO = 0.259562853557478
cycle= 146 E= -14191.1438999404  delta_E= -9.74e-08  |g|= 4.19e-05  |ddm|= 0.00163
  HOMO = -0.0143535415025031  LUMO = 0.259562868053594
cycle= 147 E= -14191.1439000369  delta_E= -9.65e-08  |g|= 4.17e-05  |ddm|= 0.00163
  HOMO = -0.0143534804515086  LUMO = 0.259562891863156
cycle= 148 E= -14191.1439001706  delta_E= -1.34e-07  |g|= 4.14e-05  |ddm|= 0.00229
  HOMO = -0.0143534381163148  LUMO = 0.259562894699619
cycle= 149 E= -14191.1439003476  delta_E= -1.77e-07  |g|= 4.1e-05  |ddm|= 0.00308
  HOMO = -0.0143533475861751  LUMO = 0.259562946400679
cycle= 150 E= -14191.1439004905  delta_E= -1.43e-07  |g|= 4.06e-05  |ddm|= 0.00253
  HOMO = -0.0143531137933118  LUMO = 0.259562954005602
cycle= 151 E= -14191.143900659  delta_E= -1.68e-07  |g|= 4.03e-05  |ddm|= 0.00304
  HOMO = -0.0143528445800286  LUMO = 0.259562960056757
cycle= 152 E= -14191.1439008044  delta_E= -1.45e-07  |g|= 3.99e-05  |ddm|= 0.00267
  HOMO = -0.014352641523982  LUMO = 0.259563020662543
cycle= 153 E= -14191.1439009791  delta_E= -1.75e-07  |g|= 3.97e-05  |ddm|= 0.00328
  HOMO = -0.0143521663528129  LUMO = 0.259563015025146
cycle= 154 E= -14191.1439011204  delta_E= -1.41e-07  |g|= 3.95e-05  |ddm|= 0.00271
  HOMO = -0.0143521028011209  LUMO = 0.259563035267522
cycle= 155 E= -14191.1439012022  delta_E= -8.18e-08  |g|= 3.92e-05  |ddm|= 0.00159
  HOMO = -0.0143518411201356  LUMO = 0.259563053636764
cycle= 156 E= -14191.1439013734  delta_E= -1.71e-07  |g|= 3.92e-05  |ddm|= 0.00339
  HOMO = -0.0143517101709451  LUMO = 0.259563081855602
cycle= 157 E= -14191.1439015191  delta_E= -1.46e-07  |g|= 3.89e-05  |ddm|= 0.00295
  HOMO = -0.0143516873727476  LUMO = 0.259563087172468
cycle= 158 E= -14191.1439017049  delta_E= -1.86e-07  |g|= 3.84e-05  |ddm|= 0.00384
  HOMO = -0.0143515251362626  LUMO = 0.259563151767644
cycle= 159 E= -14191.1439018933  delta_E= -1.88e-07  |g|= 3.81e-05  |ddm|= 0.004
  HOMO = -0.0143511668831461  LUMO = 0.259563155191182
cycle= 160 E= -14191.1439021437  delta_E= -2.5e-07  |g|= 3.78e-05  |ddm|= 0.0055
  HOMO = -0.014350498762688  LUMO = 0.259563196246956
cycle= 161 E= -14191.1439024294  delta_E= -2.86e-07  |g|= 3.87e-05  |ddm|= 0.0066
  HOMO = -0.0143504701874307  LUMO = 0.259563197411373
cycle= 162 E= -14191.143902433  delta_E= -3.65e-09  |g|= 3.64e-05  |ddm|= 8.64e-05
  HOMO = -0.0143503057598157  LUMO = 0.259563265192463
cycle= 163 E= -14191.14390266  delta_E= -2.27e-07  |g|= 3.54e-05  |ddm|= 0.00542
  HOMO = -0.0143490755765071  LUMO = 0.259563275552042
cycle= 164 E= -14191.1439029645  delta_E= -3.04e-07  |g|= 3.52e-05  |ddm|= 0.00778
  HOMO = -0.0143483377371866  LUMO = 0.259563336227982
cycle= 165 E= -14191.1439033144  delta_E= -3.5e-07  |g|= 3.29e-05  |ddm|= 0.00957
  HOMO = -0.0143477938367702  LUMO = 0.259563367351044
cycle= 166 E= -14191.1439035763  delta_E= -2.62e-07  |g|= 3.35e-05  |ddm|= 0.00786
  HOMO = -0.0143476446454334  LUMO = 0.259563432298874
cycle= 167 E= -14191.1439038296  delta_E= -2.53e-07  |g|= 3.8e-05  |ddm|= 0.00842
  HOMO = -0.0143475782191103  LUMO = 0.259563400404009
cycle= 168 E= -14191.1439039048  delta_E= -7.52e-08  |g|= 2.85e-05  |ddm|= 0.00256
  HOMO = -0.0143475592290741  LUMO = 0.259563473971449
cycle= 169 E= -14191.1439040206  delta_E= -1.16e-07  |g|= 2.78e-05  |ddm|= 0.00432
  HOMO = -0.0143472369955937  LUMO = 0.259563455476651
cycle= 170 E= -14191.1439041182  delta_E= -9.76e-08  |g|= 3.12e-05  |ddm|= 0.00392
  HOMO = -0.0143468936536808  LUMO = 0.259563474120085
cycle= 171 E= -14191.1439041775  delta_E= -5.93e-08  |g|= 2.56e-05  |ddm|= 0.00239
  HOMO = -0.014346485617652  LUMO = 0.259563506817382
cycle= 172 E= -14191.1439042686  delta_E= -9.1e-08  |g|= 3.09e-05  |ddm|= 0.00408
  HOMO = -0.0143459798473229  LUMO = 0.25956350684765
cycle= 173 E= -14191.1439043329  delta_E= -6.44e-08  |g|= 2.54e-05  |ddm|= 0.00293
  HOMO = -0.0143457409487346  LUMO = 0.259563501713463
cycle= 174 E= -14191.1439043742  delta_E= -4.12e-08  |g|= 2.34e-05  |ddm|= 0.00191
  HOMO = -0.014345687648028  LUMO = 0.259563520923466
cycle= 175 E= -14191.1439044234  delta_E= -4.93e-08  |g|= 2.25e-05  |ddm|= 0.00245
  HOMO = -0.0143458566840719  LUMO = 0.259563526539331
cycle= 176 E= -14191.143904444  delta_E= -2.06e-08  |g|= 2.16e-05  |ddm|= 0.000963
  HOMO = -0.0143457840931947  LUMO = 0.259563513965299
cycle= 177 E= -14191.1439044663  delta_E= -2.23e-08  |g|= 2.11e-05  |ddm|= 0.00112
  HOMO = -0.014345903026193  LUMO = 0.259563545012318
cycle= 178 E= -14191.1439044813  delta_E= -1.5e-08  |g|= 2.07e-05  |ddm|= 0.000709
  HOMO = -0.0143457709234305  LUMO = 0.259563522622356
cycle= 179 E= -14191.1439044923  delta_E= -1.11e-08  |g|= 2.02e-05  |ddm|= 0.000501
  HOMO = -0.0143455300843754  LUMO = 0.259563533361593
cycle= 180 E= -14191.1439045122  delta_E= -1.98e-08  |g|= 1.93e-05  |ddm|= 0.000812
  HOMO = -0.0143456401331305  LUMO = 0.259563518453651
cycle= 181 E= -14191.1439044962  delta_E= 1.6e-08  |g|= 1.89e-05  |ddm|= 0.00116
  HOMO = -0.0143456269390411  LUMO = 0.259563523041158
cycle= 182 E= -14191.1439044924  delta_E= 3.79e-09  |g|= 1.85e-05  |ddm|= 0.000321
  HOMO = -0.0143457361685649  LUMO = 0.259563515554424
cycle= 183 E= -14191.1439044776  delta_E= 1.49e-08  |g|= 1.83e-05  |ddm|= 0.000924
  HOMO = -0.014345723793236  LUMO = 0.259563512655841
cycle= 184 E= -14191.143904475  delta_E= 2.6e-09  |g|= 1.82e-05  |ddm|= 0.000195
  HOMO = -0.0143456512835546  LUMO = 0.259563514782668
cycle= 185 E= -14191.1439044757  delta_E= -7.79e-10  |g|= 1.81e-05  |ddm|= 9.3e-05
  HOMO = -0.0143456668295001  LUMO = 0.259563513162014
Extra cycle  E= -14191.1439044763  delta_E= -5.28e-10  |g|= 1.81e-05  |ddm|= 1.92e-05
converged SCF energy = -14191.1439044763  <S^2> = 3.6982175  2S+1 = 3.9740244
(3, 264, 264) 264
S vector [ 0.93  -0.j  0.0854-0.j -1.1089+0.j]
(3, 264, 264) 264
L vector [ 3.8703-0.j  0.3561-0.j -4.6091-0.j]
(3, 264, 264) 264
J vector [ 4.8002-0.j  0.4415+0.j -5.718 +0.j]
Tue Apr 15 21:17:11 PDT 2025
