Currently Loaded Modulefiles:
 1) gmp/6.2.1-gcc-13.2.0-lcnhyse <aL>             
 2) mpfr/4.2.0-gcc-13.2.0-yy2fkq5 <aL>            
 3) mpc/1.3.1-gcc-13.2.0-5kgoftq <aL>             
 4) zlib-ng/2.1.3-gcc-13.2.0-jetnfwa <aL>         
 5) zstd/1.5.5-gcc-13.2.0-t2lua3l <aL>            
 6) gcc/13.2.0-gcc-13.2.0-w55nxkl                 
 7) cmake/3.20.2-gcc-13.2.0-rp74vpv               
 8) libfabric/1.18.1-gcc-13.2.0-bijxar4 <aL>      
 9) numactl/2.0.14-gcc-13.2.0-etkf74e <aL>        
10) openssh/8.7p1-gcc-13.2.0-g55xmkx <aL>         
11) slurm/22.05.6-gcc-13.2.0-tchsn6y <aL>         
12) openmpi/4.1.5-gcc-13.2.0-24q3ap2              
13) libpciaccess/0.17-gcc-13.2.0-r2cijnn <aL>     
14) libiconv/1.17-gcc-13.2.0-ntov4te <aL>         
15) xz/5.4.1-gcc-13.2.0-4xkm5xo <aL>              
16) libxml2/2.10.3-gcc-13.2.0-fr6jcjz <aL>        
17) ncurses/6.4-gcc-13.2.0-4o2yj6n <aL>           
18) hwloc/2.9.1-gcc-13.2.0-gzvfolk <aL>           
19) intel-tbb/2021.9.0-gcc-13.2.0-6nwk3ml <aL>    
20) intel-oneapi-mkl/2023.2.0-gcc-13.2.0-ohvyk7g  

Key:
<module-tag>  <aL>=auto-loaded  
/central/groups/changroup/members/lppeng/holmium/run/paper_final/run_Dy/conf7/GS/run_13
Tue Apr 15 10:54:09 PDT 2025
hpc-81-37.cm.cluster
--------------------------------------------------------------------------
WARNING: There was an error initializing an OpenFabrics device.

  Local host:   hpc-81-37
  Local device: mlx5_0
--------------------------------------------------------------------------
Apr 15 10:54:12 ####### 
                ####### libDMET   version 0.5
                ####### A periodic DMET library for lattice model and realistic solid.
                ####### 
#INFO: **** input file is /central/groups/changroup/members/lppeng/holmium/run/paper_final/run_Dy/conf7/GS/run_13/ground_state.py ****
'''
Example input to calculate the ground state of a molecular system
Include x2c relativistic effect
'''
import pyscf
from pyscf.scf.hf import RHF
from pyscf.dft.uks import UKS
from pyscf.dft.gks import GKS
from pyscf import lib
import os, sys
import numpy as np
import scipy.linalg as la
from scipy.linalg import sqrtm, eigh
from scipy.optimize import root
np.set_printoptions(precision=12, threshold=sys.maxsize, linewidth=190, suppress=True)
log = lib.logger.Logger(sys.stdout, 4)

if __name__ == "__main__":
    from pyscf import gto, scf, dft, lib
    from pyscf.lib import chkfile
    from stevens import cdft, project, utils
    from stevens.project import get_mj

    # system input
    geometry = 'DyCl6' # The name of geometry file minus ".xyz"
                       # Make sure first atom is the central magnetic atom 
    spin = 5 # number of unpaired electrons in a unit cell
    charge = -3 # charge of the molecule or a unit cell
    basis = {'default': '631g', 'Dy': 'sarc-dkh'} # specify basis for all elements here
    max_memory = 32000 # in the unit of MB. Recommend: memory available on a node - 10000 MB
    qmmm = True # add environment with classical charges

    # (c)HF/DFT parameters
    xc = 'HF' # functional
    smearing = None # To help HF/DFT converge, try e.g. 5e-2
    chkfname_guess = 'project' # initial guess. 'minao' for default PySCF guess; None for constrained HF; 
                # path to a checkpoint file to restart from a SCF solution.
                # 'project' to project from the SCF solution in a small basis to generate the initial guess
    chkfname_small = '../gs_small_%s.chk'%geometry # checkpoint file in a small basis. Used when chkfname_guess == 'project'
    basis_small = {'default': 'minao', 'Dy': 'cc-x2c-minao'}# the small basis associated with chkfname_small
    change_dm_mode = 'rotate' # None: no change
                          # 'positive_z': set the 4f block of dm so that J~(0,0,J)
                          # 'rotate': rotate the 4f block of dm by some angles
    atom_index = 0 # the index of central lanthanide atom
    occ_idx = 13
    noise = 0 # max noise on density matrix initial guess

    # constrained HF parameters for the initial guess
    ao_shell = 'f'
    lo_chkfname = '../../UHF/uhf_gs_%s_lo.h5'%geometry  
    multiplier0 = 0.1
    # END USER INPUT

    # set up system
    if os.path.isfile('../../' + geometry + ".xyz"):
        mol = gto.M(
            atom = '../../' + geometry + ".xyz",
            basis = basis,
            verbose = 4,
            spin = spin,
            charge = charge,
            max_memory = max_memory,
            )
        mol.set_common_origin(mol._atom[atom_index][1])
    else:
        raise ValueError("No .xyz file available!")
    log.info("N_elec %s, N_ao %s"%(mol.nelec, mol.nao))

    # generate HF/DFT initial guess
    if chkfname_guess == 'minao':
        mf = scf.GKS(mol).x2c()
        dm0 = mf.get_init_guess()
        print("Use PySCF default init guess")
    elif chkfname_guess is None:
        # run constrained DFT
        angles = cdft.sample_rotation('xyz', occ_idx, unit=20)
        from scipy.spatial.transform import Rotation
        direction = Rotation.from_euler('zyz', angles, degrees=False) @ [0,0,1]
        cmf = cdft.CGKS(mol, direction, multiplier_guess=multiplier0, max_cycle=300,
                atom_index=atom_index, ao_shell='f', lo_chkfname=lo_chkfname, xc=xc, smearing=smearing)
        cmf.kernel()
        dm0 = cmf._scf.make_rdm1()
        print("Contrained SCF solution as init guess")
    elif chkfname_guess == 'project':
        # project dm0 in a small basis to the larger basis 
        dm0 = utils.project_dm_from_small_basis(mol, basis_small, chkfname_small, change_dm_mode, atom_index=atom_index, occ_idx=occ_idx)
        print("Project wavefunction in a smaller basis to the target basis as init guess")
    else:
        mf = scf.GKS(mol).x2c()
        data = chkfile.load(chkfname_guess, 'scf')
        mf.__dict__.update(data)
        dm0 = mf.make_rdm1()
        mf.analyze(with_meta_lowdin=False)
        print("Load .chk file for init guess")
    if change_dm_mode is not None and not chkfname_guess == 'project': # when chkfname_guess == 'project', change in small basis
        dm0 = utils.change_dm_guess(mol, dm0, change_dm_mode, atom_index=atom_index, occ_idx=occ_idx)
    dm0 += (np.random.rand(*(dm0.shape)) - 0.5) * noise  
    print("J vector of initial guess", get_mj(mol, dm0, analyze=True))

    # run HF/DFT
    mf = scf.GKS(mol).x2c()
    mf.xc = xc
    if xc.upper() != 'HF':
        mf.collinear = 'mcol'
        mf.grids.level = 6 
    mf.chkfile = 'gs_' + geometry + '.chk' 
    mf.max_cycle = 1000 
    if smearing is not None:
        mf = scf.addons.smearing_(mf, sigma=smearing, method="fermi")
    if qmmm: # add the precomputed potential from environmental classical charges 
        get_hcore_original = mf.get_hcore
        hcore_mm = np.load('../../mm_hcore.npy')
        def get_hcore_mm(self, mol=None):
            return get_hcore_original(mol=mol) + la.block_diag(hcore_mm, hcore_mm)
        import types
        mf.get_hcore = types.MethodType(get_hcore_mm, mf)
    mf.kernel(dm0=dm0)
    dm = mf.make_rdm1()
    print("S vector", get_mj(mol, dm, include_L=False))
    print("L vector", get_mj(mol, dm, include_S=False))
    print("J vector", get_mj(mol, dm))
#INFO: ******************** input file end ********************


System: uname_result(system='Linux', node='hpc-81-37.cm.cluster', release='5.14.0-427.13.1.el9_4.x86_64', version='#1 SMP PREEMPT_DYNAMIC Wed Apr 10 10:29:16 EDT 2024', machine='x86_64')  Threads 8
Python 3.11.6 | packaged by conda-forge | (main, Oct  3 2023, 10:40:35) [GCC 12.3.0]
numpy 1.26.0  scipy 1.11.3
Date: Tue Apr 15 10:54:14 2025
PySCF version 2.5.0
PySCF path  /home/lppeng/anaconda3/envs/nerscV25/lib/python3.11/site-packages/pyscf

[CONFIG] conf_file None
[INPUT] verbose = 4
[INPUT] num. atoms = 7
[INPUT] num. electrons = 171
[INPUT] charge = -3
[INPUT] spin (= nelec alpha-beta = 2S) = 5
[INPUT] symmetry False subgroup None
[INPUT] Mole.unit = angstrom
[INPUT] Symbol           X                Y                Z      unit          X                Y                Z       unit  Magmom
[INPUT]  1 Dy     0.000000000000   0.000000000000   0.000000000000 AA    0.000000000000   0.000000000000   0.000000000000 Bohr   0.0
[INPUT]  2 Cl     2.724000000000   0.000000000000   0.000000000000 AA    5.147613963315   0.000000000000   0.000000000000 Bohr   0.0
[INPUT]  3 Cl    -2.724000000000   0.000000000000   0.000000000000 AA   -5.147613963315   0.000000000000   0.000000000000 Bohr   0.0
[INPUT]  4 Cl     0.000000000000   2.724000000000   0.000000000000 AA    0.000000000000   5.147613963315   0.000000000000 Bohr   0.0
[INPUT]  5 Cl     0.000000000000  -2.724000000000   0.000000000000 AA    0.000000000000  -5.147613963315   0.000000000000 Bohr   0.0
[INPUT]  6 Cl     0.000000000000   0.000000000000   2.724000000000 AA    0.000000000000   0.000000000000   5.147613963315 Bohr   0.0
[INPUT]  7 Cl     0.000000000000   0.000000000000  -2.724000000000 AA    0.000000000000   0.000000000000  -5.147613963315 Bohr   0.0

nuclear repulsion = 1868.38919656687
number of shells = 84
number of NR pGTOs = 449
number of NR cGTOs = 198
basis = {'default': '631g', 'Dy': 'sarc-dkh'}
ecp = {}
CPU time:         3.10
N_elec (88, 83), N_ao 198
#INFO: **** input file is /central/groups/changroup/members/lppeng/holmium/run/paper_final/run_Dy/conf7/GS/run_13/ground_state.py ****
'''
Example input to calculate the ground state of a molecular system
Include x2c relativistic effect
'''
import pyscf
from pyscf.scf.hf import RHF
from pyscf.dft.uks import UKS
from pyscf.dft.gks import GKS
from pyscf import lib
import os, sys
import numpy as np
import scipy.linalg as la
from scipy.linalg import sqrtm, eigh
from scipy.optimize import root
np.set_printoptions(precision=12, threshold=sys.maxsize, linewidth=190, suppress=True)
log = lib.logger.Logger(sys.stdout, 4)

if __name__ == "__main__":
    from pyscf import gto, scf, dft, lib
    from pyscf.lib import chkfile
    from stevens import cdft, project, utils
    from stevens.project import get_mj

    # system input
    geometry = 'DyCl6' # The name of geometry file minus ".xyz"
                       # Make sure first atom is the central magnetic atom 
    spin = 5 # number of unpaired electrons in a unit cell
    charge = -3 # charge of the molecule or a unit cell
    basis = {'default': '631g', 'Dy': 'sarc-dkh'} # specify basis for all elements here
    max_memory = 32000 # in the unit of MB. Recommend: memory available on a node - 10000 MB
    qmmm = True # add environment with classical charges

    # (c)HF/DFT parameters
    xc = 'HF' # functional
    smearing = None # To help HF/DFT converge, try e.g. 5e-2
    chkfname_guess = 'project' # initial guess. 'minao' for default PySCF guess; None for constrained HF; 
                # path to a checkpoint file to restart from a SCF solution.
                # 'project' to project from the SCF solution in a small basis to generate the initial guess
    chkfname_small = '../gs_small_%s.chk'%geometry # checkpoint file in a small basis. Used when chkfname_guess == 'project'
    basis_small = {'default': 'minao', 'Dy': 'cc-x2c-minao'}# the small basis associated with chkfname_small
    change_dm_mode = 'rotate' # None: no change
                          # 'positive_z': set the 4f block of dm so that J~(0,0,J)
                          # 'rotate': rotate the 4f block of dm by some angles
    atom_index = 0 # the index of central lanthanide atom
    occ_idx = 13
    noise = 0 # max noise on density matrix initial guess

    # constrained HF parameters for the initial guess
    ao_shell = 'f'
    lo_chkfname = '../../UHF/uhf_gs_%s_lo.h5'%geometry  
    multiplier0 = 0.1
    # END USER INPUT

    # set up system
    if os.path.isfile('../../' + geometry + ".xyz"):
        mol = gto.M(
            atom = '../../' + geometry + ".xyz",
            basis = basis,
            verbose = 4,
            spin = spin,
            charge = charge,
            max_memory = max_memory,
            )
        mol.set_common_origin(mol._atom[atom_index][1])
    else:
        raise ValueError("No .xyz file available!")
    log.info("N_elec %s, N_ao %s"%(mol.nelec, mol.nao))

    # generate HF/DFT initial guess
    if chkfname_guess == 'minao':
        mf = scf.GKS(mol).x2c()
        dm0 = mf.get_init_guess()
        print("Use PySCF default init guess")
    elif chkfname_guess is None:
        # run constrained DFT
        angles = cdft.sample_rotation('xyz', occ_idx, unit=20)
        from scipy.spatial.transform import Rotation
        direction = Rotation.from_euler('zyz', angles, degrees=False) @ [0,0,1]
        cmf = cdft.CGKS(mol, direction, multiplier_guess=multiplier0, max_cycle=300,
                atom_index=atom_index, ao_shell='f', lo_chkfname=lo_chkfname, xc=xc, smearing=smearing)
        cmf.kernel()
        dm0 = cmf._scf.make_rdm1()
        print("Contrained SCF solution as init guess")
    elif chkfname_guess == 'project':
        # project dm0 in a small basis to the larger basis 
        dm0 = utils.project_dm_from_small_basis(mol, basis_small, chkfname_small, change_dm_mode, atom_index=atom_index, occ_idx=occ_idx)
        print("Project wavefunction in a smaller basis to the target basis as init guess")
    else:
        mf = scf.GKS(mol).x2c()
        data = chkfile.load(chkfname_guess, 'scf')
        mf.__dict__.update(data)
        dm0 = mf.make_rdm1()
        mf.analyze(with_meta_lowdin=False)
        print("Load .chk file for init guess")
    if change_dm_mode is not None and not chkfname_guess == 'project': # when chkfname_guess == 'project', change in small basis
        dm0 = utils.change_dm_guess(mol, dm0, change_dm_mode, atom_index=atom_index, occ_idx=occ_idx)
    dm0 += (np.random.rand(*(dm0.shape)) - 0.5) * noise  
    print("J vector of initial guess", get_mj(mol, dm0, analyze=True))

    # run HF/DFT
    mf = scf.GKS(mol).x2c()
    mf.xc = xc
    if xc.upper() != 'HF':
        mf.collinear = 'mcol'
        mf.grids.level = 6 
    mf.chkfile = 'gs_' + geometry + '.chk' 
    mf.max_cycle = 1000 
    if smearing is not None:
        mf = scf.addons.smearing_(mf, sigma=smearing, method="fermi")
    if qmmm: # add the precomputed potential from environmental classical charges 
        get_hcore_original = mf.get_hcore
        hcore_mm = np.load('../../mm_hcore.npy')
        def get_hcore_mm(self, mol=None):
            return get_hcore_original(mol=mol) + la.block_diag(hcore_mm, hcore_mm)
        import types
        mf.get_hcore = types.MethodType(get_hcore_mm, mf)
    mf.kernel(dm0=dm0)
    dm = mf.make_rdm1()
    print("S vector", get_mj(mol, dm, include_L=False))
    print("L vector", get_mj(mol, dm, include_S=False))
    print("J vector", get_mj(mol, dm))
#INFO: ******************** input file end ********************


System: uname_result(system='Linux', node='hpc-81-37.cm.cluster', release='5.14.0-427.13.1.el9_4.x86_64', version='#1 SMP PREEMPT_DYNAMIC Wed Apr 10 10:29:16 EDT 2024', machine='x86_64')  Threads 8
Python 3.11.6 | packaged by conda-forge | (main, Oct  3 2023, 10:40:35) [GCC 12.3.0]
numpy 1.26.0  scipy 1.11.3
Date: Tue Apr 15 10:54:14 2025
PySCF version 2.5.0
PySCF path  /home/lppeng/anaconda3/envs/nerscV25/lib/python3.11/site-packages/pyscf

[CONFIG] conf_file None
[INPUT] verbose = 4
[INPUT] num. atoms = 7
[INPUT] num. electrons = 171
[INPUT] charge = -3
[INPUT] spin (= nelec alpha-beta = 2S) = 5
[INPUT] symmetry False subgroup None
[INPUT] Mole.unit = angstrom
[INPUT] Symbol           X                Y                Z      unit          X                Y                Z       unit  Magmom
[INPUT]  1 Dy     0.000000000000   0.000000000000   0.000000000000 AA    0.000000000000   0.000000000000   0.000000000000 Bohr   0.0
[INPUT]  2 Cl     2.724000000000   0.000000000000   0.000000000000 AA    5.147613963315   0.000000000000   0.000000000000 Bohr   0.0
[INPUT]  3 Cl    -2.724000000000   0.000000000000   0.000000000000 AA   -5.147613963315   0.000000000000   0.000000000000 Bohr   0.0
[INPUT]  4 Cl     0.000000000000   2.724000000000   0.000000000000 AA    0.000000000000   5.147613963315   0.000000000000 Bohr   0.0
[INPUT]  5 Cl     0.000000000000  -2.724000000000   0.000000000000 AA    0.000000000000  -5.147613963315   0.000000000000 Bohr   0.0
[INPUT]  6 Cl     0.000000000000   0.000000000000   2.724000000000 AA    0.000000000000   0.000000000000   5.147613963315 Bohr   0.0
[INPUT]  7 Cl     0.000000000000   0.000000000000  -2.724000000000 AA    0.000000000000   0.000000000000  -5.147613963315 Bohr   0.0

nuclear repulsion = 1868.38919656687
number of shells = 16
number of NR pGTOs = 511
number of NR cGTOs = 89
basis = {'default': 'minao', 'Dy': 'cc-x2c-minao'}
ecp = {}
CPU time:         3.24
basis {'default': '631g', 'Dy': 'sarc-dkh'} 198
basis {'default': 'minao', 'Dy': 'cc-x2c-minao'} 89
(3, 89, 89) 89
Haar random target direction [0.30901699437494745, 0.9510565162951535, 6.123233995736766e-17]
Haar random total rotation [0.     1.5708 1.2566]
Rotated f-block dm by angles from +z [0.     1.5708 1.2566]
Project wavefunction in a smaller basis to the target basis as init guess
(3, 198, 198) 198
elemental J of ['Cl' 'Dy']
  Cl -0.0001+0.0000j -0.0007+0.0000j 0.0310-0.0000j 
  Dy 2.3048-0.0000j 7.0934-0.0000j -0.0169+0.0000j 
J vector of initial guess [2.3046-0.j 7.0927+0.j 0.0141-0.j]


******** <class 'pyscf.x2c.x2c.X2C1eGKS'> ********
method = X2C1eGKS
initial guess = minao
damping factor = 0
level_shift factor = 0
DIIS = <class 'pyscf.scf.diis.CDIIS'>
diis_start_cycle = 1
diis_space = 8
diis_damp = 0
SCF conv_tol = 1e-09
SCF conv_tol_grad = None
SCF max_cycles = 1000
direct_scf = True
direct_scf_tol = 1e-13
chkfile to save SCF result = gs_DyCl6.chk
max_memory 32000 MB (current use 150 MB)
XC library pyscf.dft.libxc version 6.1.0
    S. Lehtola, C. Steigemann, M. J.T. Oliveira, and M. A.L. Marques.,  SoftwareX 7, 1–5 (2018)
XC functionals = HF

radial grids: 
    Treutler-Ahlrichs [JCP 102, 346 (1995); DOI:10.1063/1.469408] (M4) radial grids
    
becke partition: Becke, JCP 88, 2547 (1988); DOI:10.1063/1.454033
pruning grids: <function nwchem_prune at 0x7ff50a3d9e40>
grids dens level: 3
symmetrized grids: False
atomic radii adjust function: <function treutler_atomic_radii_adjust at 0x7ff50a3da480>
small_rho_cutoff = 1e-07
collinear = col


******** <class 'pyscf.x2c.x2c.SpinOrbitalX2CHelper'> ********
approx = 1e
xuncontract = 1
Overwritten attributes  get_hcore  of <class 'pyscf.x2c.x2c.X2C1eGKS'>
Set gradient conv threshold to 3.16228e-05
tot grids = 134432
init E= -14971.0805362561
  HOMO = -0.283095675751437  LUMO = -0.0671698741295401
cycle= 1 E= -14978.6066261072  delta_E= -7.53  |g|= 1.62  |ddm|= 2.41
  HOMO = -0.297053299518664  LUMO = 0.124193623471949
cycle= 2 E= -14978.7096450257  delta_E= -0.103  |g|= 0.67  |ddm|= 1.11
  HOMO = -0.322232414946162  LUMO = 0.122303069909327
cycle= 3 E= -14978.7609667945  delta_E= -0.0513  |g|= 0.274  |ddm|= 0.511
  HOMO = -0.322403065433463  LUMO = 0.122631670432431
cycle= 4 E= -14978.7668781853  delta_E= -0.00591  |g|= 0.0215  |ddm|= 0.091
  HOMO = -0.323598178662609  LUMO = 0.122828064792767
cycle= 5 E= -14978.767083829  delta_E= -0.000206  |g|= 0.00616  |ddm|= 0.0249
  HOMO = -0.323464650203584  LUMO = 0.122834617296878
cycle= 6 E= -14978.7671452016  delta_E= -6.14e-05  |g|= 0.00491  |ddm|= 0.0107
  HOMO = -0.323517562425628  LUMO = 0.122841174398665
cycle= 7 E= -14978.7672304002  delta_E= -8.52e-05  |g|= 0.00364  |ddm|= 0.0144
  HOMO = -0.323381224448571  LUMO = 0.122838293105823
cycle= 8 E= -14978.7673140032  delta_E= -8.36e-05  |g|= 0.00167  |ddm|= 0.0234
  HOMO = -0.323475469255205  LUMO = 0.122835334635293
cycle= 9 E= -14978.7673295915  delta_E= -1.56e-05  |g|= 0.000686  |ddm|= 0.0122
  HOMO = -0.323467847370609  LUMO = 0.122834561059159
cycle= 10 E= -14978.7673310023  delta_E= -1.41e-06  |g|= 0.000487  |ddm|= 0.00257
  HOMO = -0.323474226737668  LUMO = 0.122835030805777
cycle= 11 E= -14978.767331856  delta_E= -8.54e-07  |g|= 0.000395  |ddm|= 0.00159
  HOMO = -0.323472581570238  LUMO = 0.122835428316301
cycle= 12 E= -14978.7673325822  delta_E= -7.26e-07  |g|= 0.000353  |ddm|= 0.00138
  HOMO = -0.323475739256095  LUMO = 0.122834932923917
cycle= 13 E= -14978.767333303  delta_E= -7.21e-07  |g|= 0.000333  |ddm|= 0.00149
  HOMO = -0.323470874170326  LUMO = 0.122834960385102
cycle= 14 E= -14978.7673338587  delta_E= -5.56e-07  |g|= 0.000325  |ddm|= 0.00118
  HOMO = -0.32347142276773  LUMO = 0.122835087160157
cycle= 15 E= -14978.767334578  delta_E= -7.19e-07  |g|= 0.000316  |ddm|= 0.00156
  HOMO = -0.323470731116804  LUMO = 0.122834959433161
cycle= 16 E= -14978.7673366292  delta_E= -2.05e-06  |g|= 0.000296  |ddm|= 0.00472
  HOMO = -0.323469331146164  LUMO = 0.122835063856525
cycle= 17 E= -14978.7673384389  delta_E= -1.81e-06  |g|= 0.000285  |ddm|= 0.00455
  HOMO = -0.323470516066061  LUMO = 0.122834728400984
cycle= 18 E= -14978.7673393641  delta_E= -9.25e-07  |g|= 0.00028  |ddm|= 0.0024
  HOMO = -0.323469531415408  LUMO = 0.122834840783442
cycle= 19 E= -14978.7673402991  delta_E= -9.35e-07  |g|= 0.000276  |ddm|= 0.00243
  HOMO = -0.323468851862644  LUMO = 0.122834879076269
cycle= 20 E= -14978.7673409099  delta_E= -6.11e-07  |g|= 0.000275  |ddm|= 0.00159
  HOMO = -0.323468352837502  LUMO = 0.122834853144498
cycle= 21 E= -14978.7673413201  delta_E= -4.1e-07  |g|= 0.000274  |ddm|= 0.00105
  HOMO = -0.323468271294762  LUMO = 0.122834887425585
cycle= 22 E= -14978.7673419374  delta_E= -6.17e-07  |g|= 0.000273  |ddm|= 0.00157
  HOMO = -0.323467444139961  LUMO = 0.122834805040484
cycle= 23 E= -14978.7673427521  delta_E= -8.15e-07  |g|= 0.000272  |ddm|= 0.00208
  HOMO = -0.323467689312482  LUMO = 0.122834788984794
cycle= 24 E= -14978.7673433589  delta_E= -6.07e-07  |g|= 0.000272  |ddm|= 0.00155
  HOMO = -0.323467181227614  LUMO = 0.122834808452534
cycle= 25 E= -14978.7673440124  delta_E= -6.54e-07  |g|= 0.000272  |ddm|= 0.00167
  HOMO = -0.32346641486034  LUMO = 0.12283484299912
cycle= 26 E= -14978.7673451271  delta_E= -1.11e-06  |g|= 0.000271  |ddm|= 0.00285
  HOMO = -0.323466117437657  LUMO = 0.122834799348798
cycle= 27 E= -14978.7673462241  delta_E= -1.1e-06  |g|= 0.00027  |ddm|= 0.00281
  HOMO = -0.323465313029472  LUMO = 0.122834773484377
cycle= 28 E= -14978.7673474951  delta_E= -1.27e-06  |g|= 0.00027  |ddm|= 0.00327
  HOMO = -0.323464778016604  LUMO = 0.122834696989795
cycle= 29 E= -14978.7673494358  delta_E= -1.94e-06  |g|= 0.000269  |ddm|= 0.005
  HOMO = -0.32346372954691  LUMO = 0.12283477784519
cycle= 30 E= -14978.7673513994  delta_E= -1.96e-06  |g|= 0.000269  |ddm|= 0.00508
  HOMO = -0.323462177111748  LUMO = 0.122834746240963
cycle= 31 E= -14978.7673543968  delta_E= -3e-06  |g|= 0.000268  |ddm|= 0.00778
  HOMO = -0.323460585922549  LUMO = 0.122834763352329
cycle= 32 E= -14978.7673584365  delta_E= -4.04e-06  |g|= 0.000266  |ddm|= 0.0105
  HOMO = -0.323457821354389  LUMO = 0.122834645282492
cycle= 33 E= -14978.7673646111  delta_E= -6.17e-06  |g|= 0.000266  |ddm|= 0.0163
  HOMO = -0.32345779410495  LUMO = 0.122834640112247
cycle= 34 E= -14978.7673643853  delta_E= 2.26e-07  |g|= 0.000265  |ddm|= 0.000604
  HOMO = -0.323453767086478  LUMO = 0.122834600046047
cycle= 35 E= -14978.7673726598  delta_E= -8.27e-06  |g|= 0.000278  |ddm|= 0.0222
  HOMO = -0.323454305812541  LUMO = 0.122834627146641
cycle= 36 E= -14978.7673719315  delta_E= 7.28e-07  |g|= 0.000265  |ddm|= 0.00199
  HOMO = -0.32345248370511  LUMO = 0.122834634238876
cycle= 37 E= -14978.7673745886  delta_E= -2.66e-06  |g|= 0.000265  |ddm|= 0.00718
  HOMO = -0.323450879640359  LUMO = 0.122834657376324
cycle= 38 E= -14978.7673798965  delta_E= -5.31e-06  |g|= 0.000271  |ddm|= 0.0145
  HOMO = -0.323450124227694  LUMO = 0.122834642342206
cycle= 39 E= -14978.7673806255  delta_E= -7.29e-07  |g|= 0.000257  |ddm|= 0.00203
  HOMO = -0.32344878807345  LUMO = 0.122834558671301
cycle= 40 E= -14978.7673831353  delta_E= -2.51e-06  |g|= 0.000262  |ddm|= 0.00693
  HOMO = -0.323448010830475  LUMO = 0.122834661656282
cycle= 41 E= -14978.7673849853  delta_E= -1.85e-06  |g|= 0.000254  |ddm|= 0.00512
  HOMO = -0.323444765574803  LUMO = 0.122834463841499
cycle= 42 E= -14978.7673906523  delta_E= -5.67e-06  |g|= 0.000274  |ddm|= 0.0159
  HOMO = -0.323446294488649  LUMO = 0.122834603347713
cycle= 43 E= -14978.7673894494  delta_E= 1.2e-06  |g|= 0.000253  |ddm|= 0.00349
  HOMO = -0.323444151036491  LUMO = 0.12283456882926
cycle= 44 E= -14978.7673944087  delta_E= -4.96e-06  |g|= 0.000258  |ddm|= 0.0141
  HOMO = -0.323444225606107  LUMO = 0.122834506466891
cycle= 45 E= -14978.7673942392  delta_E= 1.69e-07  |g|= 0.000251  |ddm|= 0.000684
  HOMO = -0.323441317336308  LUMO = 0.122834435198917
cycle= 46 E= -14978.7673990492  delta_E= -4.81e-06  |g|= 0.000246  |ddm|= 0.0138
  HOMO = -0.323440787110001  LUMO = 0.122834492727936
cycle= 47 E= -14978.7674009784  delta_E= -1.93e-06  |g|= 0.000258  |ddm|= 0.00559
  HOMO = -0.323438434531178  LUMO = 0.12283439150858
cycle= 48 E= -14978.7674052601  delta_E= -4.28e-06  |g|= 0.000248  |ddm|= 0.0126
  HOMO = -0.323440914004663  LUMO = 0.122834462080515
cycle= 49 E= -14978.7674032862  delta_E= 1.97e-06  |g|= 0.000369  |ddm|= 0.00601
  HOMO = -0.323436790472292  LUMO = 0.122834236110717
cycle= 50 E= -14978.7674121204  delta_E= -8.83e-06  |g|= 0.000246  |ddm|= 0.0263
  HOMO = -0.323435586812188  LUMO = 0.12283423275857
cycle= 51 E= -14978.7674134079  delta_E= -1.29e-06  |g|= 0.000244  |ddm|= 0.00389
  HOMO = -0.323433966903876  LUMO = 0.122834210645657
cycle= 52 E= -14978.767417315  delta_E= -3.91e-06  |g|= 0.000234  |ddm|= 0.0119
  HOMO = -0.323429329222735  LUMO = 0.122834072983125
cycle= 53 E= -14978.7674253676  delta_E= -8.05e-06  |g|= 0.000229  |ddm|= 0.0251
  HOMO = -0.323425296752289  LUMO = 0.12283387446279
cycle= 54 E= -14978.7674348868  delta_E= -9.52e-06  |g|= 0.000237  |ddm|= 0.0309
  HOMO = -0.323423723158359  LUMO = 0.122833738369736
cycle= 55 E= -14978.7674406169  delta_E= -5.73e-06  |g|= 0.000219  |ddm|= 0.0192
  HOMO = -0.323416180986804  LUMO = 0.122833233097612
cycle= 56 E= -14978.76745444  delta_E= -1.38e-05  |g|= 0.000515  |ddm|= 0.0498
  HOMO = -0.323414503217518  LUMO = 0.122833227573741
cycle= 57 E= -14978.7674585951  delta_E= -4.16e-06  |g|= 0.000305  |ddm|= 0.0153
  HOMO = -0.323412630277373  LUMO = 0.12283309941124
cycle= 58 E= -14978.7674629257  delta_E= -4.33e-06  |g|= 0.000409  |ddm|= 0.0171
  HOMO = -0.323412258042957  LUMO = 0.122833116338465
cycle= 59 E= -14978.767464881  delta_E= -1.96e-06  |g|= 0.000215  |ddm|= 0.00757
  HOMO = -0.323406704027218  LUMO = 0.122832591147886
cycle= 60 E= -14978.7674772086  delta_E= -1.23e-05  |g|= 0.00072  |ddm|= 0.054
  HOMO = -0.323406698753608  LUMO = 0.122832616794997
cycle= 61 E= -14978.7674779366  delta_E= -7.28e-07  |g|= 0.000683  |ddm|= 0.00317
  HOMO = -0.323405033959066  LUMO = 0.122832446153655
cycle= 62 E= -14978.767480247  delta_E= -2.31e-06  |g|= 0.000943  |ddm|= 0.0121
  HOMO = -0.323406411190345  LUMO = 0.122832598342863
cycle= 63 E= -14978.7674789228  delta_E= 1.32e-06  |g|= 0.000679  |ddm|= 0.00768
  HOMO = -0.323408486189983  LUMO = 0.122832868917047
cycle= 64 E= -14978.7674751955  delta_E= 3.73e-06  |g|= 0.000196  |ddm|= 0.0183
  HOMO = -0.323406566184237  LUMO = 0.122832614962888
cycle= 65 E= -14978.767483446  delta_E= -8.25e-06  |g|= 0.000249  |ddm|= 0.0382
  HOMO = -0.323405246830212  LUMO = 0.122832590007041
cycle= 66 E= -14978.7674866149  delta_E= -3.17e-06  |g|= 0.000347  |ddm|= 0.016
  HOMO = -0.323400820459907  LUMO = 0.122832139378158
cycle= 67 E= -14978.7674944998  delta_E= -7.88e-06  |g|= 0.000587  |ddm|= 0.0436
  HOMO = -0.323403446586371  LUMO = 0.122832553124737
cycle= 68 E= -14978.7674902318  delta_E= 4.27e-06  |g|= 0.000386  |ddm|= 0.0249
  HOMO = -0.323400828257763  LUMO = 0.122832344839634
cycle= 69 E= -14978.7674940992  delta_E= -3.87e-06  |g|= 0.000171  |ddm|= 0.0209
  HOMO = -0.323396788438618  LUMO = 0.122831847805532
cycle= 70 E= -14978.7675014068  delta_E= -7.31e-06  |g|= 0.000844  |ddm|= 0.049
  HOMO = -0.323396754364539  LUMO = 0.122831834905493
cycle= 71 E= -14978.7675021478  delta_E= -7.41e-07  |g|= 0.000605  |ddm|= 0.00358
  HOMO = -0.323397189369346  LUMO = 0.122831941309964
cycle= 72 E= -14978.767502193  delta_E= -4.52e-08  |g|= 0.000374  |ddm|= 0.00125
  HOMO = -0.323398638853606  LUMO = 0.122832126429603
cycle= 73 E= -14978.7675008581  delta_E= 1.33e-06  |g|= 0.000138  |ddm|= 0.00986
  HOMO = -0.323396535605206  LUMO = 0.122831959885787
cycle= 74 E= -14978.7675032784  delta_E= -2.42e-06  |g|= 0.000161  |ddm|= 0.0167
  HOMO = -0.32339702157368  LUMO = 0.122831997066333
cycle= 75 E= -14978.7675045161  delta_E= -1.24e-06  |g|= 0.000108  |ddm|= 0.00898
  HOMO = -0.323396796077281  LUMO = 0.12283198428613
cycle= 76 E= -14978.7675048376  delta_E= -3.22e-07  |g|= 0.000114  |ddm|= 0.00242
  HOMO = -0.323395917337927  LUMO = 0.122831890722649
cycle= 77 E= -14978.7675066605  delta_E= -1.82e-06  |g|= 0.000185  |ddm|= 0.0143
  HOMO = -0.323395995549626  LUMO = 0.122831941145206
cycle= 78 E= -14978.767507226  delta_E= -5.66e-07  |g|= 0.00014  |ddm|= 0.00458
  HOMO = -0.323394563661533  LUMO = 0.122831804966056
cycle= 79 E= -14978.7675093788  delta_E= -2.15e-06  |g|= 0.00011  |ddm|= 0.0185
  HOMO = -0.323394786138328  LUMO = 0.122831836627872
cycle= 80 E= -14978.7675099536  delta_E= -5.75e-07  |g|= 0.000105  |ddm|= 0.00528
  HOMO = -0.323394184189625  LUMO = 0.122831757023203
cycle= 81 E= -14978.7675110115  delta_E= -1.06e-06  |g|= 8.63e-05  |ddm|= 0.0102
  HOMO = -0.323393693618837  LUMO = 0.12283173419248
cycle= 82 E= -14978.7675122357  delta_E= -1.22e-06  |g|= 8.03e-05  |ddm|= 0.0127
  HOMO = -0.323393680155642  LUMO = 0.122831722468582
cycle= 83 E= -14978.7675128347  delta_E= -5.99e-07  |g|= 7.18e-05  |ddm|= 0.00664
  HOMO = -0.323393086656616  LUMO = 0.122831693012269
cycle= 84 E= -14978.7675136081  delta_E= -7.73e-07  |g|= 6.94e-05  |ddm|= 0.00905
  HOMO = -0.323393133364276  LUMO = 0.122831685549981
cycle= 85 E= -14978.7675142282  delta_E= -6.2e-07  |g|= 6.63e-05  |ddm|= 0.00768
  HOMO = -0.32339245754098  LUMO = 0.122831622441724
cycle= 86 E= -14978.7675148306  delta_E= -6.02e-07  |g|= 5.84e-05  |ddm|= 0.00796
  HOMO = -0.323392919391758  LUMO = 0.122831662338095
cycle= 87 E= -14978.7675150233  delta_E= -1.93e-07  |g|= 5.98e-05  |ddm|= 0.00262
  HOMO = -0.3233924388886  LUMO = 0.12283161176507
cycle= 88 E= -14978.7675153371  delta_E= -3.14e-07  |g|= 6.28e-05  |ddm|= 0.00455
  HOMO = -0.323392352567599  LUMO = 0.122831617258124
cycle= 89 E= -14978.767515558  delta_E= -2.21e-07  |g|= 5.16e-05  |ddm|= 0.00324
  HOMO = -0.323392397164952  LUMO = 0.122831622272226
cycle= 90 E= -14978.7675157995  delta_E= -2.42e-07  |g|= 5e-05  |ddm|= 0.00372
  HOMO = -0.323391960440193  LUMO = 0.122831583770171
cycle= 91 E= -14978.7675160021  delta_E= -2.03e-07  |g|= 4.82e-05  |ddm|= 0.0032
  HOMO = -0.323392148630215  LUMO = 0.122831607796598
cycle= 92 E= -14978.7675161531  delta_E= -1.51e-07  |g|= 4.65e-05  |ddm|= 0.00245
  HOMO = -0.323392123761901  LUMO = 0.122831591881259
cycle= 93 E= -14978.7675162855  delta_E= -1.32e-07  |g|= 4.51e-05  |ddm|= 0.00221
  HOMO = -0.323391993552937  LUMO = 0.122831591766673
cycle= 94 E= -14978.7675163714  delta_E= -8.59e-08  |g|= 4.38e-05  |ddm|= 0.00145
  HOMO = -0.323392066510758  LUMO = 0.122831596070516
cycle= 95 E= -14978.7675165175  delta_E= -1.46e-07  |g|= 4.21e-05  |ddm|= 0.00253
  HOMO = -0.323391918941628  LUMO = 0.12283158251827
cycle= 96 E= -14978.7675166188  delta_E= -1.01e-07  |g|= 4.08e-05  |ddm|= 0.0018
  HOMO = -0.323391703515049  LUMO = 0.122831567737258
cycle= 97 E= -14978.7675168167  delta_E= -1.98e-07  |g|= 3.97e-05  |ddm|= 0.00367
  HOMO = -0.323391933436769  LUMO = 0.122831580697511
cycle= 98 E= -14978.7675170148  delta_E= -1.98e-07  |g|= 3.77e-05  |ddm|= 0.00385
  HOMO = -0.323391597840652  LUMO = 0.122831556403898
cycle= 99 E= -14978.7675173343  delta_E= -3.2e-07  |g|= 3.61e-05  |ddm|= 0.00666
  HOMO = -0.323391652720167  LUMO = 0.122831556984836
cycle= 100 E= -14978.7675174857  delta_E= -1.51e-07  |g|= 3.45e-05  |ddm|= 0.00336
  HOMO = -0.323391701270763  LUMO = 0.122831562031025
cycle= 101 E= -14978.7675175949  delta_E= -1.09e-07  |g|= 3.31e-05  |ddm|= 0.00251
  HOMO = -0.323391450417396  LUMO = 0.122831536132883
cycle= 102 E= -14978.767517745  delta_E= -1.5e-07  |g|= 3.14e-05  |ddm|= 0.00362
  HOMO = -0.323391481763305  LUMO = 0.122831549075334
cycle= 103 E= -14978.7675178899  delta_E= -1.45e-07  |g|= 3e-05  |ddm|= 0.00371
  HOMO = -0.323391312145833  LUMO = 0.12283152389892
cycle= 104 E= -14978.7675180763  delta_E= -1.86e-07  |g|= 2.84e-05  |ddm|= 0.00516
  HOMO = -0.323391344921334  LUMO = 0.122831526444448
cycle= 105 E= -14978.7675182889  delta_E= -2.13e-07  |g|= 2.52e-05  |ddm|= 0.00658
  HOMO = -0.323391265520082  LUMO = 0.122831515438049
cycle= 106 E= -14978.7675184926  delta_E= -2.04e-07  |g|= 2.27e-05  |ddm|= 0.00733
  HOMO = -0.323391145615066  LUMO = 0.122831505661566
cycle= 107 E= -14978.7675186402  delta_E= -1.48e-07  |g|= 2.15e-05  |ddm|= 0.00631
  HOMO = -0.323391112375565  LUMO = 0.122831505484997
cycle= 108 E= -14978.7675186951  delta_E= -5.48e-08  |g|= 1.97e-05  |ddm|= 0.00267
  HOMO = -0.323391067594911  LUMO = 0.122831505880472
cycle= 109 E= -14978.7675188414  delta_E= -1.46e-07  |g|= 2.49e-05  |ddm|= 0.00872
  HOMO = -0.323391084753065  LUMO = 0.122831507024977
cycle= 110 E= -14978.7675188525  delta_E= -1.11e-08  |g|= 2.2e-05  |ddm|= 0.000789
  HOMO = -0.323391082572717  LUMO = 0.122831502624529
cycle= 111 E= -14978.7675189072  delta_E= -5.47e-08  |g|= 1.74e-05  |ddm|= 0.00448
  HOMO = -0.323391143632592  LUMO = 0.122831510283655
cycle= 112 E= -14978.7675189375  delta_E= -3.03e-08  |g|= 1.41e-05  |ddm|= 0.00306
  HOMO = -0.323390992098693  LUMO = 0.122831492361049
cycle= 113 E= -14978.7675189629  delta_E= -2.53e-08  |g|= 1.24e-05  |ddm|= 0.00319
  HOMO = -0.323391051582423  LUMO = 0.122831505630675
cycle= 114 E= -14978.7675189672  delta_E= -4.39e-09  |g|= 1.13e-05  |ddm|= 0.00056
  HOMO = -0.323390974515495  LUMO = 0.122831500885025
cycle= 115 E= -14978.7675189726  delta_E= -5.36e-09  |g|= 9.78e-06  |ddm|= 0.000698
  HOMO = -0.323391069555449  LUMO = 0.122831501997431
cycle= 116 E= -14978.76751898  delta_E= -7.37e-09  |g|= 8.4e-06  |ddm|= 0.00115
  HOMO = -0.323391037301081  LUMO = 0.122831501232796
cycle= 117 E= -14978.7675189843  delta_E= -4.36e-09  |g|= 7.51e-06  |ddm|= 0.000746
  HOMO = -0.323391073964201  LUMO = 0.122831503678542
cycle= 118 E= -14978.7675189824  delta_E= 1.96e-09  |g|= 7.25e-06  |ddm|= 0.000518
  HOMO = -0.323391058746203  LUMO = 0.122831505307266
cycle= 119 E= -14978.7675189775  delta_E= 4.83e-09  |g|= 6.12e-06  |ddm|= 0.000956
  HOMO = -0.323391035267116  LUMO = 0.122831502326548
cycle= 120 E= -14978.7675189781  delta_E= -5.35e-10  |g|= 5.58e-06  |ddm|= 7.51e-05
  HOMO = -0.32339104351657  LUMO = 0.122831502893376
Extra cycle  E= -14978.7675189781  delta_E= -6.18e-11  |g|= 5.44e-06  |ddm|= 6.32e-06
converged SCF energy = -14978.7675189781  <S^2> = 8.2691548  2S+1 = 5.8375183
(3, 198, 198) 198
S vector [ 0.0083-0.j  2.3832-0.j -0.0003+0.j]
(3, 198, 198) 198
L vector [ 0.0172-0.j  5.1164-0.j -0.0006-0.j]
(3, 198, 198) 198
J vector [ 0.0255+0.j  7.4996-0.j -0.0009-0.j]
Tue Apr 15 10:57:06 PDT 2025
