******PBE0*******
Apr 27 20:45:21 ####### 
                ####### libDMET   version 0.5
                ####### A periodic DMET library for lattice model and realistic solid.
                ####### 
J = 7.5, Symmetry = None, using 80 data points.
relative energy (deviate most) in cm^-1
Deviation: 0.0
0.0,
2.8421709430404007e-13,
60.31269257120567,
60.31269257120596,
99.41967063329412,
99.41967063329443,
263.68505639106246,
263.68505639106286,
314.7352269103546,
314.7352269103557,
338.74845673556973,
338.7484567355703,
407.08058607384044,
407.0805860738417,
542.2311059085137,
542.2311059085139,
relative energy in cm^-1
0.0,
2.8421709430404007e-13,
60.31269257120567,
60.31269257120596,
99.41967063329412,
99.41967063329443,
263.68505639106246,
263.68505639106286,
314.7352269103546,
314.7352269103557,
338.74845673556973,
338.7484567355703,
407.08058607384044,
407.0805860738417,
542.2311059085137,
542.2311059085139,
CF parameters
CF paramters in Phi format
1 2 2 0.028757753521094585
1 2 1 1.8319253007363951
1 2 0 0.44014089726733424
1 2 -1 -2.5409867871882454
1 2 -2 -0.5939904044796036
1 4 4 0.020529565619951153
1 4 3 -0.05216534546210315
1 4 2 0.0005774730216823024
1 4 1 0.009602370851197308
1 4 0 -0.002099037956392596
1 4 -1 0.00018118795653357113
1 4 -2 0.011076671902254542
1 4 -3 -0.05970625828583469
1 4 -4 -0.0005718276610929263
1 6 6 -0.00015208923974708793
1 6 5 0.0009006887728257108
1 6 4 0.0007679938526527979
1 6 3 4.027125378423357e-05
1 6 2 -0.00011156409914829572
1 6 1 0.0005546146173659368
1 6 0 1.2759932943118832e-05
1 6 -1 -0.0006162761238620738
1 6 -2 -0.00027467335010742083
1 6 -3 -3.362509031783132e-05
1 6 -4 -3.274269109768087e-05
1 6 -5 -0.002077384755801637
1 6 -6 -0.00010423935054672009
CF parameters in EasySpin format
B2 0.028757753521094585 1.8319253007363951 0.44014089726733424 -2.5409867871882454 -0.5939904044796036
B4 0.020529565619951153 -0.05216534546210315 0.0005774730216823024 0.009602370851197308 -0.002099037956392596 0.00018118795653357113 0.011076671902254542 -0.05970625828583469 -0.0005718276610929263
B6 -0.00015208923974708793 0.0009006887728257108 0.0007679938526527979 4.027125378423357e-05 -0.00011156409914829572 0.0005546146173659368 1.2759932943118832e-05 -0.0006162761238620738 -0.00027467335010742083 -3.362509031783132e-05 -3.274269109768087e-05 -0.002077384755801637 -0.00010423935054672009
ew std [0. 0. 0. 0. 0. 0. 0. 0. 0. 0. 0. 0. 0. 0. 0. 0.]
H std avg over terms 0.0
ew std avg over terms 0.0
H std max over terms (4.124912807651464+2.220446049250313e-16j)
ew std max over terms 253.27659940298037
ew sum max magnitude 4052.425590447686
relative energy in cm^-1
0.0,
2.8421709430404007e-13,
60.31269257120567,
60.31269257120596,
99.41967063329412,
99.41967063329443,
263.68505639106246,
263.68505639106286,
314.7352269103546,
314.7352269103557,
338.74845673556973,
338.7484567355703,
407.08058607384044,
407.0805860738417,
542.2311059085137,
542.2311059085139,
0th ev c_JM**2
mj = -1.5, |c|^2 = 0.12638850021685666
mj = 2.5, |c|^2 = 0.1857073222504983
mj = 3.5, |c|^2 = 0.1722160806750199
mj = 6.5, |c|^2 = 0.20113476227616295
mj = 7.5, |c|^2 = 0.12970277594959823
1th ev c_JM**2
mj = -7.5, |c|^2 = 0.12970277594959878
mj = -6.5, |c|^2 = 0.20113476227616314
mj = -3.5, |c|^2 = 0.17221608067501967
mj = -2.5, |c|^2 = 0.18570732225049855
mj = 1.5, |c|^2 = 0.12638850021685646
2th ev c_JM**2
mj = -1.5, |c|^2 = 0.13842510391844318
mj = 0.5, |c|^2 = 0.20364292700896724
mj = 1.5, |c|^2 = 0.1449237920429489
mj = 6.5, |c|^2 = 0.16505492600333083
mj = 7.5, |c|^2 = 0.10359700502243549
3th ev c_JM**2
mj = -7.5, |c|^2 = 0.10359700502243645
mj = -6.5, |c|^2 = 0.16505492600333085
mj = -1.5, |c|^2 = 0.1449237920429497
mj = -0.5, |c|^2 = 0.20364292700896536
mj = 1.5, |c|^2 = 0.13842510391844454
4th ev c_JM**2
mj = -0.5, |c|^2 = 0.14739238088455717
mj = 0.5, |c|^2 = 0.17146428722282425
mj = 2.5, |c|^2 = 0.1410891811795028
mj = 4.5, |c|^2 = 0.10475145385384393
mj = 5.5, |c|^2 = 0.17277361134290367
mj = 7.5, |c|^2 = 0.11633636029404532
5th ev c_JM**2
mj = -7.5, |c|^2 = 0.11633636029404396
mj = -5.5, |c|^2 = 0.17277361134290367
mj = -4.5, |c|^2 = 0.1047514538538447
mj = -2.5, |c|^2 = 0.14108918117950317
mj = -0.5, |c|^2 = 0.17146428722282633
mj = 0.5, |c|^2 = 0.14739238088455814
6th ev c_JM**2
mj = 2.5, |c|^2 = 0.2436640589815803
mj = 3.5, |c|^2 = 0.18896422269698643
mj = 4.5, |c|^2 = 0.11925139037510475
mj = 5.5, |c|^2 = 0.1981594795539871
mj = 7.5, |c|^2 = 0.13440242913081285
7th ev c_JM**2
mj = -7.5, |c|^2 = 0.13440242913081302
mj = -5.5, |c|^2 = 0.19815947955398597
mj = -4.5, |c|^2 = 0.1192513903751031
mj = -3.5, |c|^2 = 0.18896422269698854
mj = -2.5, |c|^2 = 0.2436640589815809
8th ev c_JM**2
mj = -4.5, |c|^2 = 0.12306361264010235
mj = -3.5, |c|^2 = 0.30365748124822783
mj = 4.5, |c|^2 = 0.18755909698301412
9th ev c_JM**2
mj = -4.5, |c|^2 = 0.18755909698300904
mj = 3.5, |c|^2 = 0.30365748124823394
mj = 4.5, |c|^2 = 0.12306361264009631
10th ev c_JM**2
mj = -7.5, |c|^2 = 0.13684845551022054
mj = -4.5, |c|^2 = 0.19257617151553125
mj = -1.5, |c|^2 = 0.10814503208644348
mj = 0.5, |c|^2 = 0.13534953408955944
11th ev c_JM**2
mj = -0.5, |c|^2 = 0.13534953408955988
mj = 1.5, |c|^2 = 0.10814503208644101
mj = 4.5, |c|^2 = 0.19257617151553522
mj = 7.5, |c|^2 = 0.13684845551021535
12th ev c_JM**2
mj = -5.5, |c|^2 = 0.10611846517288266
mj = 1.5, |c|^2 = 0.11914949175882761
mj = 4.5, |c|^2 = 0.13367878766146513
mj = 5.5, |c|^2 = 0.3106431260051338
13th ev c_JM**2
mj = -5.5, |c|^2 = 0.31064312600513455
mj = -4.5, |c|^2 = 0.13367878766146515
mj = -1.5, |c|^2 = 0.11914949175882794
mj = 5.5, |c|^2 = 0.10611846517288269
14th ev c_JM**2
mj = 1.5, |c|^2 = 0.11540111837239207
mj = 2.5, |c|^2 = 0.2046811128574201
mj = 6.5, |c|^2 = 0.2721637069646433
mj = 7.5, |c|^2 = 0.24509280086900212
15th ev c_JM**2
mj = -7.5, |c|^2 = 0.24509280086900273
mj = -6.5, |c|^2 = 0.2721637069646436
mj = -2.5, |c|^2 = 0.20468111285741994
mj = -1.5, |c|^2 = 0.11540111837239186
******PBE*******
J = 7.5, Symmetry = None, using 80 data points.
relative energy (deviate most) in cm^-1
Deviation: 0.0
0.0,
5.684341886080802e-14,
63.99526591755259,
63.99526591755284,
104.66155020738722,
104.66155020738759,
280.30922743869934,
280.30922743869945,
340.50205829870106,
340.50205829870174,
360.7683270541761,
360.76832705417644,
438.174729065245,
438.1747290652456,
574.1682909256717,
574.1682909256722,
relative energy in cm^-1
0.0,
5.684341886080802e-14,
63.99526591755259,
63.99526591755284,
104.66155020738722,
104.66155020738759,
280.30922743869934,
280.30922743869945,
340.50205829870106,
340.50205829870174,
360.7683270541761,
360.76832705417644,
438.174729065245,
438.1747290652456,
574.1682909256717,
574.1682909256722,
CF parameters
CF paramters in Phi format
1 2 2 0.03380632161623262
1 2 1 1.840656271918347
1 2 0 0.4646355085842229
1 2 -1 -2.547807308626849
1 2 -2 -0.5910370555681038
1 4 4 0.02084776928287739
1 4 3 -0.05623588638204244
1 4 2 0.0009494414958157241
1 4 1 0.01032755242992747
1 4 0 -0.00223894375840393
1 4 -1 0.0009173980204419568
1 4 -2 0.011560482929144689
1 4 -3 -0.06361879101229193
1 4 -4 -0.00046012421876951185
1 6 6 -0.00016440375821080656
1 6 5 0.0009408594005507483
1 6 4 0.000830383556577699
1 6 3 3.777396338697534e-06
1 6 2 -0.00011869882110765796
1 6 1 0.0005916674149514185
1 6 0 1.828411770746047e-05
1 6 -1 -0.000660338566331766
1 6 -2 -0.00029023876697050675
1 6 -3 -7.133741371436493e-05
1 6 -4 -2.8161808861579244e-05
1 6 -5 -0.0022652123639068356
1 6 -6 -9.655481795866433e-05
CF parameters in EasySpin format
B2 0.03380632161623262 1.840656271918347 0.4646355085842229 -2.547807308626849 -0.5910370555681038
B4 0.02084776928287739 -0.05623588638204244 0.0009494414958157241 0.01032755242992747 -0.00223894375840393 0.0009173980204419568 0.011560482929144689 -0.06361879101229193 -0.00046012421876951185
B6 -0.00016440375821080656 0.0009408594005507483 0.000830383556577699 3.777396338697534e-06 -0.00011869882110765796 0.0005916674149514185 1.828411770746047e-05 -0.000660338566331766 -0.00029023876697050675 -7.133741371436493e-05 -2.8161808861579244e-05 -0.0022652123639068356 -9.655481795866433e-05
ew std [0. 0. 0. 0. 0. 0. 0. 0. 0. 0. 0. 0. 0. 0. 0. 0.]
H std avg over terms 0.0
ew std avg over terms 0.0
H std max over terms (4.320219530167716+6.661338147750939e-16j)
ew std max over terms 270.3224311134293
ew sum max magnitude 4325.158897814868
relative energy in cm^-1
0.0,
5.684341886080802e-14,
63.99526591755259,
63.99526591755284,
104.66155020738722,
104.66155020738759,
280.30922743869934,
280.30922743869945,
340.50205829870106,
340.50205829870174,
360.7683270541761,
360.76832705417644,
438.174729065245,
438.1747290652456,
574.1682909256717,
574.1682909256722,
0th ev c_JM**2
mj = 1.5, |c|^2 = 0.11980637982980422
mj = 2.5, |c|^2 = 0.20214435686968982
mj = 3.5, |c|^2 = 0.11137289018835231
mj = 6.5, |c|^2 = 0.13638357920233168
1th ev c_JM**2
mj = -6.5, |c|^2 = 0.13638357920233224
mj = -3.5, |c|^2 = 0.1113728901883524
mj = -2.5, |c|^2 = 0.20214435686969015
mj = -1.5, |c|^2 = 0.11980637982980412
2th ev c_JM**2
mj = -1.5, |c|^2 = 0.12139235100716361
mj = 0.5, |c|^2 = 0.20341249435004544
mj = 1.5, |c|^2 = 0.15996145024095992
mj = 6.5, |c|^2 = 0.16468161174845164
3th ev c_JM**2
mj = -6.5, |c|^2 = 0.1646816117484517
mj = -1.5, |c|^2 = 0.15996145024096103
mj = -0.5, |c|^2 = 0.20341249435004383
mj = 1.5, |c|^2 = 0.12139235100716513
4th ev c_JM**2
mj = -0.5, |c|^2 = 0.15737845424545127
mj = 0.5, |c|^2 = 0.15820151477915792
mj = 2.5, |c|^2 = 0.14077501345071833
mj = 4.5, |c|^2 = 0.10318721940778691
mj = 5.5, |c|^2 = 0.17973761901033872
mj = 7.5, |c|^2 = 0.10808791878373256
5th ev c_JM**2
mj = -7.5, |c|^2 = 0.10808791878373135
mj = -5.5, |c|^2 = 0.1797376190103378
mj = -4.5, |c|^2 = 0.10318721940778758
mj = -2.5, |c|^2 = 0.14077501345071913
mj = -0.5, |c|^2 = 0.15820151477915992
mj = 0.5, |c|^2 = 0.15737845424545271
6th ev c_JM**2
mj = 2.5, |c|^2 = 0.2496768763400247
mj = 3.5, |c|^2 = 0.19930016215682342
mj = 4.5, |c|^2 = 0.10767155528466486
mj = 5.5, |c|^2 = 0.1925298785331753
mj = 7.5, |c|^2 = 0.1469176807593117
7th ev c_JM**2
mj = -7.5, |c|^2 = 0.1469176807593117
mj = -5.5, |c|^2 = 0.19252987853317463
mj = -4.5, |c|^2 = 0.10767155528466406
mj = -3.5, |c|^2 = 0.1993001621568244
mj = -2.5, |c|^2 = 0.2496768763400248
8th ev c_JM**2
mj = -4.5, |c|^2 = 0.2605258413629901
mj = -3.5, |c|^2 = 0.23130359171534082
mj = -0.5, |c|^2 = 0.11598032327802679
mj = 4.5, |c|^2 = 0.11849605473230275
9th ev c_JM**2
mj = -4.5, |c|^2 = 0.11849605473230032
mj = 0.5, |c|^2 = 0.11598032327802411
mj = 3.5, |c|^2 = 0.2313035917153562
mj = 4.5, |c|^2 = 0.2605258413629725
10th ev c_JM**2
mj = 1.5, |c|^2 = 0.11921588308984399
mj = 3.5, |c|^2 = 0.15530415201159875
mj = 4.5, |c|^2 = 0.1588192764174764
mj = 6.5, |c|^2 = 0.11446567272205428
mj = 7.5, |c|^2 = 0.14520029950120428
11th ev c_JM**2
mj = -7.5, |c|^2 = 0.1452002995012103
mj = -6.5, |c|^2 = 0.11446567272205181
mj = -4.5, |c|^2 = 0.15881927641746052
mj = -3.5, |c|^2 = 0.15530415201161418
mj = -1.5, |c|^2 = 0.11921588308984682
12th ev c_JM**2
mj = -5.5, |c|^2 = 0.12578187053852913
mj = 1.5, |c|^2 = 0.11590607303724766
mj = 4.5, |c|^2 = 0.14313130852156616
mj = 5.5, |c|^2 = 0.27806870692259794
13th ev c_JM**2
mj = -5.5, |c|^2 = 0.27806870692259933
mj = -4.5, |c|^2 = 0.14313130852156594
mj = -1.5, |c|^2 = 0.1159060730372481
mj = 5.5, |c|^2 = 0.125781870538529
14th ev c_JM**2
mj = 1.5, |c|^2 = 0.11226637837782284
mj = 2.5, |c|^2 = 0.21351620768245
mj = 6.5, |c|^2 = 0.2619299425698427
mj = 7.5, |c|^2 = 0.2525571767405673
15th ev c_JM**2
mj = -7.5, |c|^2 = 0.2525571767405678
mj = -6.5, |c|^2 = 0.26192994256984264
mj = -2.5, |c|^2 = 0.2135162076824496
mj = -1.5, |c|^2 = 0.11226637837782258
******TPSS*******
J = 7.5, Symmetry = None, using 80 data points.
relative energy (deviate most) in cm^-1
Deviation: 0.0
0.0,
5.684341886080802e-14,
68.9877561821699,
68.98775618217044,
113.34672897445407,
113.34672897445455,
295.22929823575544,
295.2292982357562,
367.3115811876644,
367.31158118766564,
388.59175303240295,
388.59175303240306,
469.35665885879564,
469.35665885879587,
608.267962109691,
608.2679621096913,
relative energy in cm^-1
0.0,
5.684341886080802e-14,
68.9877561821699,
68.98775618217044,
113.34672897445407,
113.34672897445455,
295.22929823575544,
295.2292982357562,
367.3115811876644,
367.31158118766564,
388.59175303240295,
388.59175303240306,
469.35665885879564,
469.35665885879587,
608.267962109691,
608.2679621096913,
CF parameters
CF paramters in Phi format
1 2 2 0.010917389891987345
1 2 1 1.816135163487926
1 2 0 0.4417895656135846
1 2 -1 -2.466426490115888
1 2 -2 -0.5508688076131052
1 4 4 0.020232109005236948
1 4 3 -0.05865853711029955
1 4 2 0.0009779818981885942
1 4 1 0.010018122477471086
1 4 0 -0.002407603905639357
1 4 -1 0.002199560969142512
1 4 -2 0.011277699741039555
1 4 -3 -0.06047873839419219
1 4 -4 -0.00046746303003769834
1 6 6 -0.00019872230258417015
1 6 5 0.001074985407616995
1 6 4 0.0009382481962598706
1 6 3 -3.436759534432602e-05
1 6 2 -8.826884248210969e-05
1 6 1 0.0006310244580786014
1 6 0 2.8829825642136566e-05
1 6 -1 -0.0006738558914822472
1 6 -2 -0.00031675289786858895
1 6 -3 -0.0001354395712449843
1 6 -4 -9.01257892130268e-06
1 6 -5 -0.002398857903914146
1 6 -6 -5.766760703165977e-05
CF parameters in EasySpin format
B2 0.010917389891987345 1.816135163487926 0.4417895656135846 -2.466426490115888 -0.5508688076131052
B4 0.020232109005236948 -0.05865853711029955 0.0009779818981885942 0.010018122477471086 -0.002407603905639357 0.002199560969142512 0.011277699741039555 -0.06047873839419219 -0.00046746303003769834
B6 -0.00019872230258417015 0.001074985407616995 0.0009382481962598706 -3.436759534432602e-05 -8.826884248210969e-05 0.0006310244580786014 2.8829825642136566e-05 -0.0006738558914822472 -0.00031675289786858895 -0.0001354395712449843 -9.01257892130268e-06 -0.002398857903914146 -5.766760703165977e-05
ew std [0. 0. 0. 0. 0. 0. 0. 0. 0. 0. 0. 0. 0. 0. 0. 0.]
H std avg over terms 0.0
ew std avg over terms 0.0
H std max over terms (4.372477983414731+6.661338147750939e-16j)
ew std max over terms 288.8864673226169
ew sum max magnitude 4622.1834771618705
relative energy in cm^-1
0.0,
5.684341886080802e-14,
68.9877561821699,
68.98775618217044,
113.34672897445407,
113.34672897445455,
295.22929823575544,
295.2292982357562,
367.3115811876644,
367.31158118766564,
388.59175303240295,
388.59175303240306,
469.35665885879564,
469.35665885879587,
608.267962109691,
608.2679621096913,
0th ev c_JM**2
mj = -1.5, |c|^2 = 0.11650671733560468
mj = 2.5, |c|^2 = 0.21014723261418372
mj = 3.5, |c|^2 = 0.14402004076429903
mj = 6.5, |c|^2 = 0.2160427306125721
mj = 7.5, |c|^2 = 0.11096619119511958
1th ev c_JM**2
mj = -7.5, |c|^2 = 0.11096619119512033
mj = -6.5, |c|^2 = 0.21604273061257265
mj = -3.5, |c|^2 = 0.14402004076429914
mj = -2.5, |c|^2 = 0.2101472326141836
mj = 1.5, |c|^2 = 0.11650671733560415
2th ev c_JM**2
mj = -1.5, |c|^2 = 0.15563770579410302
mj = 0.5, |c|^2 = 0.20794259390365297
mj = 1.5, |c|^2 = 0.13693032309650494
mj = 6.5, |c|^2 = 0.1630245862290694
3th ev c_JM**2
mj = -6.5, |c|^2 = 0.16302458622906885
mj = -1.5, |c|^2 = 0.13693032309650482
mj = -0.5, |c|^2 = 0.207942593903651
mj = 1.5, |c|^2 = 0.15563770579410433
4th ev c_JM**2
mj = -0.5, |c|^2 = 0.13858536483846898
mj = 0.5, |c|^2 = 0.1975980470523726
mj = 2.5, |c|^2 = 0.12264443368035756
mj = 5.5, |c|^2 = 0.1779031302368859
5th ev c_JM**2
mj = -5.5, |c|^2 = 0.17790313023688517
mj = -2.5, |c|^2 = 0.12264443368035839
mj = -0.5, |c|^2 = 0.1975980470523748
mj = 0.5, |c|^2 = 0.13858536483846934
6th ev c_JM**2
mj = 2.5, |c|^2 = 0.2479670111486437
mj = 3.5, |c|^2 = 0.21090609416860095
mj = 5.5, |c|^2 = 0.1728648217345186
mj = 7.5, |c|^2 = 0.1858900684249508
7th ev c_JM**2
mj = -7.5, |c|^2 = 0.18589006842495132
mj = -5.5, |c|^2 = 0.17286482173451895
mj = -3.5, |c|^2 = 0.210906094168598
mj = -2.5, |c|^2 = 0.2479670111486448
8th ev c_JM**2
mj = -4.5, |c|^2 = 0.480657396224976
mj = -0.5, |c|^2 = 0.1291465263681645
9th ev c_JM**2
mj = 0.5, |c|^2 = 0.12914652636816407
mj = 4.5, |c|^2 = 0.48065739622497183
10th ev c_JM**2
mj = 1.5, |c|^2 = 0.10514943939613235
mj = 3.5, |c|^2 = 0.3196167985653974
mj = 6.5, |c|^2 = 0.12233060269842434
mj = 7.5, |c|^2 = 0.1409678438257749
11th ev c_JM**2
mj = -7.5, |c|^2 = 0.14096784382577549
mj = -6.5, |c|^2 = 0.12233060269842246
mj = -3.5, |c|^2 = 0.3196167985654041
mj = -1.5, |c|^2 = 0.105149439396133
12th ev c_JM**2
mj = -5.5, |c|^2 = 0.2508081713960439
mj = 4.5, |c|^2 = 0.10565291586697596
mj = 5.5, |c|^2 = 0.11846850935329635
13th ev c_JM**2
mj = -5.5, |c|^2 = 0.11846850935329677
mj = -4.5, |c|^2 = 0.10565291586697644
mj = 5.5, |c|^2 = 0.25080817139604383
14th ev c_JM**2
mj = 1.5, |c|^2 = 0.10921528195278608
mj = 2.5, |c|^2 = 0.22929844427324034
mj = 6.5, |c|^2 = 0.23117793772342154
mj = 7.5, |c|^2 = 0.2533498434247711
15th ev c_JM**2
mj = -7.5, |c|^2 = 0.25334984342477196
mj = -6.5, |c|^2 = 0.2311779377234218
mj = -2.5, |c|^2 = 0.2292984442732398
mj = -1.5, |c|^2 = 0.1092152819527857
******M06*******
J = 7.5, Symmetry = None, using 80 data points.
relative energy (deviate most) in cm^-1
Deviation: 0.0
0.0,
8.526512829121202e-14,
49.038868174901694,
49.038868174901864,
112.04267379694852,
112.04267379694883,
230.1241958104958,
230.12419581049602,
309.1388078665599,
309.13880786656057,
347.3025652114526,
347.30256521145265,
392.5237753796291,
392.52377537962934,
550.0209378305658,
550.0209378305663,
relative energy in cm^-1
0.0,
8.526512829121202e-14,
49.038868174901694,
49.038868174901864,
112.04267379694852,
112.04267379694883,
230.1241958104958,
230.12419581049602,
309.1388078665599,
309.13880786656057,
347.3025652114526,
347.30256521145265,
392.5237753796291,
392.52377537962934,
550.0209378305658,
550.0209378305663,
CF parameters
CF paramters in Phi format
1 2 2 0.040227592544572935
1 2 1 1.786927371344842
1 2 0 0.34169619400348045
1 2 -1 -2.6047515038795197
1 2 -2 -0.5297490545753093
1 4 4 0.025766105573811992
1 4 3 -0.04184332667231657
1 4 2 -0.0019409404730408866
1 4 1 0.007150517391278443
1 4 0 -0.002099232923373448
1 4 -1 -0.002755004027373016
1 4 -2 0.01163054206788451
1 4 -3 -0.045605576341493176
1 4 -4 -0.0016711759046682852
1 6 6 -0.00016336451805741092
1 6 5 0.0013672498015724068
1 6 4 0.0008158353705526413
1 6 3 0.00019931663826163972
1 6 2 -4.831957932989898e-05
1 6 1 0.0005289437889792819
1 6 0 5.478648704550216e-06
1 6 -1 -0.0005692724164062725
1 6 -2 -0.0003645033454907014
1 6 -3 3.831297952873254e-05
1 6 -4 -5.8447764831575824e-05
1 6 -5 -0.0016717009139303497
1 6 -6 -1.1181700213221766e-05
CF parameters in EasySpin format
B2 0.040227592544572935 1.786927371344842 0.34169619400348045 -2.6047515038795197 -0.5297490545753093
B4 0.025766105573811992 -0.04184332667231657 -0.0019409404730408866 0.007150517391278443 -0.002099232923373448 -0.002755004027373016 0.01163054206788451 -0.045605576341493176 -0.0016711759046682852
B6 -0.00016336451805741092 0.0013672498015724068 0.0008158353705526413 0.00019931663826163972 -4.831957932989898e-05 0.0005289437889792819 5.478648704550216e-06 -0.0005692724164062725 -0.0003645033454907014 3.831297952873254e-05 -5.8447764831575824e-05 -0.0016717009139303497 -1.1181700213221766e-05
ew std [0. 0. 0. 0. 0. 0. 0. 0. 0. 0. 0. 0. 0. 0. 0. 0.]
H std avg over terms 0.0
ew std avg over terms 0.0
H std max over terms (4.827395740650948+4.440892098500626e-16j)
ew std max over terms 248.77397800881934
ew sum max magnitude 3980.3836481411095
relative energy in cm^-1
0.0,
8.526512829121202e-14,
49.038868174901694,
49.038868174901864,
112.04267379694852,
112.04267379694883,
230.1241958104958,
230.12419581049602,
309.1388078665599,
309.13880786656057,
347.3025652114526,
347.30256521145265,
392.5237753796291,
392.52377537962934,
550.0209378305658,
550.0209378305663,
0th ev c_JM**2
mj = 1.5, |c|^2 = 0.13519085389433327
mj = 2.5, |c|^2 = 0.1989552876969682
mj = 3.5, |c|^2 = 0.11849067949663235
mj = 6.5, |c|^2 = 0.11372160659460888
1th ev c_JM**2
mj = -6.5, |c|^2 = 0.11372160659460918
mj = -3.5, |c|^2 = 0.11849067949663245
mj = -2.5, |c|^2 = 0.19895528769696816
mj = -1.5, |c|^2 = 0.13519085389433314
2th ev c_JM**2
mj = -1.5, |c|^2 = 0.14023567719323554
mj = 0.5, |c|^2 = 0.1439983866517432
mj = 1.5, |c|^2 = 0.11331294184580824
mj = 6.5, |c|^2 = 0.16951780782446424
mj = 7.5, |c|^2 = 0.12747685385792912
3th ev c_JM**2
mj = -7.5, |c|^2 = 0.12747685385792945
mj = -6.5, |c|^2 = 0.1695178078244637
mj = -1.5, |c|^2 = 0.11331294184580865
mj = -0.5, |c|^2 = 0.14399838665174278
mj = 1.5, |c|^2 = 0.140235677193236
4th ev c_JM**2
mj = -0.5, |c|^2 = 0.22216804502896778
mj = 0.5, |c|^2 = 0.1296221590088703
mj = 2.5, |c|^2 = 0.14216160863595229
mj = 5.5, |c|^2 = 0.15697468391036853
mj = 7.5, |c|^2 = 0.14509699721910596
5th ev c_JM**2
mj = -7.5, |c|^2 = 0.1450969972191056
mj = -5.5, |c|^2 = 0.15697468391036784
mj = -2.5, |c|^2 = 0.14216160863595312
mj = -0.5, |c|^2 = 0.12962215900887086
mj = 0.5, |c|^2 = 0.22216804502896828
6th ev c_JM**2
mj = 2.5, |c|^2 = 0.20299026809012513
mj = 3.5, |c|^2 = 0.22476103017905621
mj = 4.5, |c|^2 = 0.17396732403440807
mj = 5.5, |c|^2 = 0.16334820671407888
mj = 7.5, |c|^2 = 0.11945550572579362
7th ev c_JM**2
mj = -7.5, |c|^2 = 0.11945550572579328
mj = -5.5, |c|^2 = 0.16334820671407885
mj = -4.5, |c|^2 = 0.17396732403440648
mj = -3.5, |c|^2 = 0.22476103017905696
mj = -2.5, |c|^2 = 0.20299026809012502
8th ev c_JM**2
mj = -6.5, |c|^2 = 0.104381731405473
mj = -3.5, |c|^2 = 0.31098774285775455
mj = 4.5, |c|^2 = 0.20338966657762964
9th ev c_JM**2
mj = -4.5, |c|^2 = 0.2033896665776268
mj = 3.5, |c|^2 = 0.31098774285776354
mj = 6.5, |c|^2 = 0.10438173140547183
10th ev c_JM**2
mj = -7.5, |c|^2 = 0.11650505020401228
mj = -4.5, |c|^2 = 0.23777490819793165
mj = -0.5, |c|^2 = 0.17305435871912234
11th ev c_JM**2
mj = 0.5, |c|^2 = 0.17305435871912214
mj = 4.5, |c|^2 = 0.23777490819793043
mj = 7.5, |c|^2 = 0.11650505020400945
12th ev c_JM**2
mj = -5.5, |c|^2 = 0.10010504172098274
mj = 5.5, |c|^2 = 0.3182090922786832
13th ev c_JM**2
mj = -5.5, |c|^2 = 0.3182090922786835
mj = 5.5, |c|^2 = 0.10010504172098272
14th ev c_JM**2
mj = 1.5, |c|^2 = 0.11999924722831966
mj = 2.5, |c|^2 = 0.1935694812405826
mj = 6.5, |c|^2 = 0.26014313602415934
mj = 7.5, |c|^2 = 0.2105618010114679
15th ev c_JM**2
mj = -7.5, |c|^2 = 0.21056180101146804
mj = -6.5, |c|^2 = 0.2601431360241595
mj = -2.5, |c|^2 = 0.19356948124058226
mj = -1.5, |c|^2 = 0.11999924722831946
******B3LYP*******
J = 7.5, Symmetry = None, using 80 data points.
relative energy (deviate most) in cm^-1
Deviation: 0.0
0.0,
8.526512829121202e-14,
56.72089665422149,
56.720896654221775,
100.32839547036076,
100.32839547036113,
268.2128883407181,
268.2128883407187,
314.9773584102267,
314.9773584102276,
337.11838622991877,
337.11838622991945,
402.6049615173532,
402.6049615173539,
540.6086173532867,
540.608617353287,
relative energy in cm^-1
0.0,
8.526512829121202e-14,
56.72089665422149,
56.720896654221775,
100.32839547036076,
100.32839547036113,
268.2128883407181,
268.2128883407187,
314.9773584102267,
314.9773584102276,
337.11838622991877,
337.11838622991945,
402.6049615173532,
402.6049615173539,
540.6086173532867,
540.608617353287,
CF parameters
CF paramters in Phi format
1 2 2 0.012521383709743185
1 2 1 1.91634038528632
1 2 0 0.44007988578763413
1 2 -1 -2.6417641848190443
1 2 -2 -0.6115591263242842
1 4 4 0.020682346689751958
1 4 3 -0.0516736503450614
1 4 2 0.00045275789488798433
1 4 1 0.00936595627099021
1 4 0 -0.0022089912239477458
1 4 -1 0.0003172256969636066
1 4 -2 0.010855324858241358
1 4 -3 -0.059325478600594735
1 4 -4 -0.0005092771778340557
1 6 6 -0.0001452361365419613
1 6 5 0.0008986696139546514
1 6 4 0.0007629843629352324
1 6 3 3.56483817614799e-05
1 6 2 -0.00010659594510122042
1 6 1 0.000537563591919896
1 6 0 1.4772368801494432e-05
1 6 -1 -0.000612438573476383
1 6 -2 -0.0002754855724599058
1 6 -3 -2.7423566121225875e-05
1 6 -4 -3.256325678834636e-05
1 6 -5 -0.0020722941870890384
1 6 -6 -7.988642887598534e-05
CF parameters in EasySpin format
B2 0.012521383709743185 1.91634038528632 0.44007988578763413 -2.6417641848190443 -0.6115591263242842
B4 0.020682346689751958 -0.0516736503450614 0.00045275789488798433 0.00936595627099021 -0.0022089912239477458 0.0003172256969636066 0.010855324858241358 -0.059325478600594735 -0.0005092771778340557
B6 -0.0001452361365419613 0.0008986696139546514 0.0007629843629352324 3.56483817614799e-05 -0.00010659594510122042 0.000537563591919896 1.4772368801494432e-05 -0.000612438573476383 -0.0002754855724599058 -2.7423566121225875e-05 -3.256325678834636e-05 -0.0020722941870890384 -7.988642887598534e-05
ew std [0. 0. 0. 0. 0. 0. 0. 0. 0. 0. 0. 0. 0. 0. 0. 0.]
H std avg over terms 0.0
ew std avg over terms 0.0
H std max over terms (4.124013740808823+6.661338147750939e-16j)
ew std max over terms 252.57143799701095
ew sum max magnitude 4041.143007952175
relative energy in cm^-1
0.0,
8.526512829121202e-14,
56.72089665422149,
56.720896654221775,
100.32839547036076,
100.32839547036113,
268.2128883407181,
268.2128883407187,
314.9773584102267,
314.9773584102276,
337.11838622991877,
337.11838622991945,
402.6049615173532,
402.6049615173539,
540.6086173532867,
540.608617353287,
0th ev c_JM**2
mj = -1.5, |c|^2 = 0.14025293767921124
mj = 2.5, |c|^2 = 0.18664985167249848
mj = 3.5, |c|^2 = 0.1686977403484263
mj = 6.5, |c|^2 = 0.19880201806857256
mj = 7.5, |c|^2 = 0.12487767084844463
1th ev c_JM**2
mj = -7.5, |c|^2 = 0.12487767084844516
mj = -6.5, |c|^2 = 0.19880201806857267
mj = -3.5, |c|^2 = 0.16869774034842622
mj = -2.5, |c|^2 = 0.18664985167249837
mj = 1.5, |c|^2 = 0.14025293767921085
2th ev c_JM**2
mj = -1.5, |c|^2 = 0.1398947829246691
mj = 0.5, |c|^2 = 0.21534692127220859
mj = 1.5, |c|^2 = 0.13137643894042061
mj = 6.5, |c|^2 = 0.1682706882353329
3th ev c_JM**2
mj = -6.5, |c|^2 = 0.16827068823533262
mj = -1.5, |c|^2 = 0.13137643894042111
mj = -0.5, |c|^2 = 0.21534692127220778
mj = 1.5, |c|^2 = 0.1398947829246701
4th ev c_JM**2
mj = -0.5, |c|^2 = 0.1658038326654425
mj = 0.5, |c|^2 = 0.1474845896513039
mj = 2.5, |c|^2 = 0.1418060131838888
mj = 5.5, |c|^2 = 0.16910886613539364
mj = 7.5, |c|^2 = 0.1268515567556333
5th ev c_JM**2
mj = -7.5, |c|^2 = 0.12685155675563223
mj = -5.5, |c|^2 = 0.169108866135393
mj = -2.5, |c|^2 = 0.14180601318388944
mj = -0.5, |c|^2 = 0.14748458965130512
mj = 0.5, |c|^2 = 0.16580383266544338
6th ev c_JM**2
mj = 2.5, |c|^2 = 0.24781507073087664
mj = 3.5, |c|^2 = 0.17837247692056618
mj = 4.5, |c|^2 = 0.11088488195748954
mj = 5.5, |c|^2 = 0.20646788774237598
mj = 7.5, |c|^2 = 0.14306060406690982
7th ev c_JM**2
mj = -7.5, |c|^2 = 0.14306060406691115
mj = -5.5, |c|^2 = 0.20646788774237335
mj = -4.5, |c|^2 = 0.11088488195748886
mj = -3.5, |c|^2 = 0.17837247692056601
mj = -2.5, |c|^2 = 0.24781507073087658
8th ev c_JM**2
mj = -6.5, |c|^2 = 0.10108694631797582
mj = -4.5, |c|^2 = 0.12749953337331438
mj = -3.5, |c|^2 = 0.32415215132929076
mj = 4.5, |c|^2 = 0.18380271932716105
9th ev c_JM**2
mj = -4.5, |c|^2 = 0.18380271932715633
mj = 3.5, |c|^2 = 0.32415215132930103
mj = 4.5, |c|^2 = 0.1274995333733037
mj = 6.5, |c|^2 = 0.10108694631797319
10th ev c_JM**2
mj = -7.5, |c|^2 = 0.13866858920003794
mj = -4.5, |c|^2 = 0.21229908914863005
mj = -1.5, |c|^2 = 0.10994759533788964
mj = 0.5, |c|^2 = 0.13524633769414138
11th ev c_JM**2
mj = -0.5, |c|^2 = 0.135246337694143
mj = 1.5, |c|^2 = 0.10994759533788688
mj = 4.5, |c|^2 = 0.21229908914863746
mj = 7.5, |c|^2 = 0.13866858920003292
12th ev c_JM**2
mj = 1.5, |c|^2 = 0.12174747457116267
mj = 4.5, |c|^2 = 0.14549861312008042
mj = 5.5, |c|^2 = 0.3285619175789793
13th ev c_JM**2
mj = -5.5, |c|^2 = 0.3285619175789825
mj = -4.5, |c|^2 = 0.14549861312007753
mj = -1.5, |c|^2 = 0.12174747457116215
14th ev c_JM**2
mj = 1.5, |c|^2 = 0.11494397802263141
mj = 2.5, |c|^2 = 0.2053153116672587
mj = 6.5, |c|^2 = 0.26685055480229786
mj = 7.5, |c|^2 = 0.24531225213843685
15th ev c_JM**2
mj = -7.5, |c|^2 = 0.2453122521384374
mj = -6.5, |c|^2 = 0.26685055480229775
mj = -2.5, |c|^2 = 0.20531531166725833
mj = -1.5, |c|^2 = 0.11494397802263115
******B97D*******
J = 7.5, Symmetry = None, using 80 data points.
relative energy (deviate most) in cm^-1
Deviation: 0.0
0.0,
1.1368683772161603e-13,
74.12692942364532,
74.1269294236456,
104.20516913614551,
104.20516913614557,
273.4144864665751,
273.4144864665759,
319.39090955352634,
319.39090955352754,
351.8752722691179,
351.8752722691182,
426.68339795597865,
426.6833979559799,
555.8055845667568,
555.8055845667573,
relative energy in cm^-1
0.0,
1.1368683772161603e-13,
74.12692942364532,
74.1269294236456,
104.20516913614551,
104.20516913614557,
273.4144864665751,
273.4144864665759,
319.39090955352634,
319.39090955352754,
351.8752722691179,
351.8752722691182,
426.68339795597865,
426.6833979559799,
555.8055845667568,
555.8055845667573,
CF parameters
CF paramters in Phi format
1 2 2 0.10836359079107294
1 2 1 1.8232886335945264
1 2 0 0.4471962998823297
1 2 -1 -2.4720060191329383
1 2 -2 -0.6068172014240997
1 4 4 0.019348565602890815
1 4 3 -0.05980850174802673
1 4 2 0.001650564331011442
1 4 1 0.01154784012493849
1 4 0 -0.0015694521100053332
1 4 -1 0.00035821546186080015
1 4 -2 0.012167983254918004
1 4 -3 -0.06366953033196525
1 4 -4 -0.000747044906527252
1 6 6 -0.00019075872863938138
1 6 5 0.0009164900915598279
1 6 4 0.0007898669529425587
1 6 3 9.807486725591198e-06
1 6 2 -0.00011750939544093925
1 6 1 0.0006079661459928893
1 6 0 1.2314182519896213e-05
1 6 -1 -0.0005772584994324059
1 6 -2 -0.00026006700546612853
1 6 -3 -0.00014433660054762469
1 6 -4 -1.8190415016012567e-05
1 6 -5 -0.0020734637433161957
1 6 -6 -0.00018822426452183222
CF parameters in EasySpin format
B2 0.10836359079107294 1.8232886335945264 0.4471962998823297 -2.4720060191329383 -0.6068172014240997
B4 0.019348565602890815 -0.05980850174802673 0.001650564331011442 0.01154784012493849 -0.0015694521100053332 0.00035821546186080015 0.012167983254918004 -0.06366953033196525 -0.000747044906527252
B6 -0.00019075872863938138 0.0009164900915598279 0.0007898669529425587 9.807486725591198e-06 -0.00011750939544093925 0.0006079661459928893 1.2314182519896213e-05 -0.0005772584994324059 -0.00026006700546612853 -0.00014433660054762469 -1.8190415016012567e-05 -0.0020734637433161957 -0.00018822426452183222
ew std [0. 0. 0. 0. 0. 0. 0. 0. 0. 0. 0. 0. 0. 0. 0. 0.]
H std avg over terms 0.0
ew std avg over terms 0.0
H std max over terms (4.08306792680286+6.661338147750939e-16j)
ew std max over terms 263.1877186714685
ew sum max magnitude 4211.003498743496
relative energy in cm^-1
0.0,
1.1368683772161603e-13,
74.12692942364532,
74.1269294236456,
104.20516913614551,
104.20516913614557,
273.4144864665751,
273.4144864665759,
319.39090955352634,
319.39090955352754,
351.8752722691179,
351.8752722691182,
426.68339795597865,
426.6833979559799,
555.8055845667568,
555.8055845667573,
0th ev c_JM**2
mj = -7.5, |c|^2 = 0.1404574071705284
mj = -6.5, |c|^2 = 0.2262844209985301
mj = -3.5, |c|^2 = 0.1860503104211334
mj = -2.5, |c|^2 = 0.1669198759633285
mj = 1.5, |c|^2 = 0.1082984243930581
1th ev c_JM**2
mj = -1.5, |c|^2 = 0.10829842439305831
mj = 2.5, |c|^2 = 0.16691987596332875
mj = 3.5, |c|^2 = 0.18605031042113337
mj = 6.5, |c|^2 = 0.2262844209985299
mj = 7.5, |c|^2 = 0.14045740717052774
2th ev c_JM**2
mj = -1.5, |c|^2 = 0.14457284971545453
mj = 0.5, |c|^2 = 0.1624888962401617
mj = 1.5, |c|^2 = 0.19127780427609592
mj = 6.5, |c|^2 = 0.13892739863202624
mj = 7.5, |c|^2 = 0.10125768455041305
3th ev c_JM**2
mj = -7.5, |c|^2 = 0.1012576845504145
mj = -6.5, |c|^2 = 0.13892739863202672
mj = -1.5, |c|^2 = 0.1912778042760967
mj = -0.5, |c|^2 = 0.1624888962401592
mj = 1.5, |c|^2 = 0.14457284971545586
4th ev c_JM**2
mj = -0.5, |c|^2 = 0.11446510825339203
mj = 0.5, |c|^2 = 0.2091033148331717
mj = 2.5, |c|^2 = 0.14497493554130977
mj = 4.5, |c|^2 = 0.12185003448740046
mj = 5.5, |c|^2 = 0.17606735534786336
5th ev c_JM**2
mj = -5.5, |c|^2 = 0.1760673553478626
mj = -4.5, |c|^2 = 0.12185003448740075
mj = -2.5, |c|^2 = 0.1449749355413106
mj = -0.5, |c|^2 = 0.20910331483317415
mj = 0.5, |c|^2 = 0.11446510825339352
6th ev c_JM**2
mj = 2.5, |c|^2 = 0.25176951516565815
mj = 3.5, |c|^2 = 0.17646897544466647
mj = 5.5, |c|^2 = 0.21571155704186368
mj = 7.5, |c|^2 = 0.12531139867346766
7th ev c_JM**2
mj = -7.5, |c|^2 = 0.12531139867346722
mj = -5.5, |c|^2 = 0.21571155704186248
mj = -3.5, |c|^2 = 0.17646897544466808
mj = -2.5, |c|^2 = 0.25176951516565715
8th ev c_JM**2
mj = -4.5, |c|^2 = 0.18216471478813212
mj = -3.5, |c|^2 = 0.20033624231596445
mj = -0.5, |c|^2 = 0.11807990033341086
mj = 4.5, |c|^2 = 0.22857959592340726
9th ev c_JM**2
mj = -4.5, |c|^2 = 0.22857959592340432
mj = 0.5, |c|^2 = 0.11807990033341233
mj = 3.5, |c|^2 = 0.2003362423159705
mj = 4.5, |c|^2 = 0.1821647147881245
10th ev c_JM**2
mj = -0.5, |c|^2 = 0.10889759653519951
mj = 1.5, |c|^2 = 0.1251710837666899
mj = 3.5, |c|^2 = 0.15205506406347505
mj = 4.5, |c|^2 = 0.11983101354678385
mj = 7.5, |c|^2 = 0.1580715606920564
11th ev c_JM**2
mj = -7.5, |c|^2 = 0.15807156069206166
mj = -4.5, |c|^2 = 0.1198310135467773
mj = -3.5, |c|^2 = 0.1520550640634788
mj = -1.5, |c|^2 = 0.12517108376669042
mj = 0.5, |c|^2 = 0.10889759653519834
12th ev c_JM**2
mj = -5.5, |c|^2 = 0.1760871246977661
mj = 1.5, |c|^2 = 0.1129164654849564
mj = 5.5, |c|^2 = 0.20738534992814003
13th ev c_JM**2
mj = -5.5, |c|^2 = 0.20738534992814103
mj = -1.5, |c|^2 = 0.11291646548495676
mj = 5.5, |c|^2 = 0.176087124697766
14th ev c_JM**2
mj = 1.5, |c|^2 = 0.11006429112233697
mj = 2.5, |c|^2 = 0.20479805009701543
mj = 6.5, |c|^2 = 0.27643240871609953
mj = 7.5, |c|^2 = 0.2581065783834544
15th ev c_JM**2
mj = -7.5, |c|^2 = 0.2581065783834547
mj = -6.5, |c|^2 = 0.2764324087160998
mj = -2.5, |c|^2 = 0.20479805009701524
mj = -1.5, |c|^2 = 0.11006429112233677
******R2SCAN*******
J = 7.5, Symmetry = None, using 80 data points.
relative energy (deviate most) in cm^-1
Deviation: 0.0
0.0,
1.7053025658242404e-13,
92.06929033984494,
92.06929033984531,
152.92495014948852,
152.92495014948923,
354.4026306922542,
354.40263069225466,
402.7988686116249,
402.7988686116262,
468.58736396223696,
468.58736396223753,
554.9881980142875,
554.9881980142881,
687.9185269499892,
687.9185269499894,
relative energy in cm^-1
0.0,
1.7053025658242404e-13,
92.06929033984494,
92.06929033984531,
152.92495014948852,
152.92495014948923,
354.4026306922542,
354.40263069225466,
402.7988686116249,
402.7988686116262,
468.58736396223696,
468.58736396223753,
554.9881980142875,
554.9881980142881,
687.9185269499892,
687.9185269499894,
CF parameters
CF paramters in Phi format
1 2 2 0.08004042980369067
1 2 1 1.9202183984073549
1 2 0 0.3533420633502917
1 2 -1 -2.2855137152617355
1 2 -2 -0.49534423309945724
1 4 4 0.013603464169943187
1 4 3 -0.0721096226967214
1 4 2 0.003226147185848975
1 4 1 0.0114112741501864
1 4 0 -0.0018104237550390545
1 4 -1 0.0065778429312178515
1 4 -2 0.010631432391506752
1 4 -3 -0.05575224706969371
1 4 -4 -0.0002814631680324802
1 6 6 -0.000319795227527439
1 6 5 0.0013490669677875913
1 6 4 0.0011384962781592837
1 6 3 -0.0002089786182657533
1 6 2 -2.3832001837687678e-05
1 6 1 0.000732469392530842
1 6 0 5.7804333627366243e-05
1 6 -1 -0.0005847663890607905
1 6 -2 -0.0003411622345637527
1 6 -3 -0.00047985761966404716
1 6 -4 4.914251194203411e-05
1 6 -5 -0.0025644432577939837
1 6 -6 -3.3779166051588864e-05
CF parameters in EasySpin format
B2 0.08004042980369067 1.9202183984073549 0.3533420633502917 -2.2855137152617355 -0.49534423309945724
B4 0.013603464169943187 -0.0721096226967214 0.003226147185848975 0.0114112741501864 -0.0018104237550390545 0.0065778429312178515 0.010631432391506752 -0.05575224706969371 -0.0002814631680324802
B6 -0.000319795227527439 0.0013490669677875913 0.0011384962781592837 -0.0002089786182657533 -2.3832001837687678e-05 0.000732469392530842 5.7804333627366243e-05 -0.0005847663890607905 -0.0003411622345637527 -0.00047985761966404716 4.914251194203411e-05 -0.0025644432577939837 -3.3779166051588864e-05
ew std [0. 0. 0. 0. 0. 0. 0. 0. 0. 0. 0. 0. 0. 0. 0. 0.]
H std avg over terms 0.0
ew std avg over terms 0.0
H std max over terms (3.875782864213859+8.881784197001252e-16j)
ew std max over terms 339.211228589966
ew sum max magnitude 5427.379657439456
relative energy in cm^-1
0.0,
1.7053025658242404e-13,
92.06929033984494,
92.06929033984531,
152.92495014948852,
152.92495014948923,
354.4026306922542,
354.40263069225466,
402.7988686116249,
402.7988686116262,
468.58736396223696,
468.58736396223753,
554.9881980142875,
554.9881980142881,
687.9185269499892,
687.9185269499894,
0th ev c_JM**2
mj = 2.5, |c|^2 = 0.1933715806651833
mj = 3.5, |c|^2 = 0.1345438598199155
mj = 6.5, |c|^2 = 0.3183004194227753
mj = 7.5, |c|^2 = 0.11016265687009587
1th ev c_JM**2
mj = -7.5, |c|^2 = 0.1101626568700963
mj = -6.5, |c|^2 = 0.31830041942277554
mj = -3.5, |c|^2 = 0.13454385981991546
mj = -2.5, |c|^2 = 0.19337158066518292
2th ev c_JM**2
mj = -1.5, |c|^2 = 0.21872392548430894
mj = -0.5, |c|^2 = 0.16755851306517916
mj = 6.5, |c|^2 = 0.11739342113113024
3th ev c_JM**2
mj = -6.5, |c|^2 = 0.11739342113113015
mj = 0.5, |c|^2 = 0.16755851306517777
mj = 1.5, |c|^2 = 0.21872392548430936
4th ev c_JM**2
mj = -0.5, |c|^2 = 0.16081004447806777
mj = 0.5, |c|^2 = 0.2124350881534647
mj = 5.5, |c|^2 = 0.16662654820115877
5th ev c_JM**2
mj = -5.5, |c|^2 = 0.1666265482011578
mj = -0.5, |c|^2 = 0.2124350881534657
mj = 0.5, |c|^2 = 0.16081004447806924
6th ev c_JM**2
mj = 2.5, |c|^2 = 0.2253437899618721
mj = 3.5, |c|^2 = 0.1986414013441998
mj = 5.5, |c|^2 = 0.14032092014943
mj = 7.5, |c|^2 = 0.26179668327420236
7th ev c_JM**2
mj = -7.5, |c|^2 = 0.26179668327420375
mj = -5.5, |c|^2 = 0.14032092014942937
mj = -3.5, |c|^2 = 0.19864140134419664
mj = -2.5, |c|^2 = 0.22534378996187412
8th ev c_JM**2
mj = -4.5, |c|^2 = 0.30386581811991376
mj = 0.5, |c|^2 = 0.15053751815566702
mj = 4.5, |c|^2 = 0.14508386640986348
9th ev c_JM**2
mj = -4.5, |c|^2 = 0.1450838664098613
mj = -0.5, |c|^2 = 0.15053751815566765
mj = 4.5, |c|^2 = 0.30386581811991265
10th ev c_JM**2
mj = -5.5, |c|^2 = 0.1293056186744025
mj = -4.5, |c|^2 = 0.17716473469910726
mj = 3.5, |c|^2 = 0.213371393308701
11th ev c_JM**2
mj = -3.5, |c|^2 = 0.21337139330870392
mj = 4.5, |c|^2 = 0.17716473469910524
mj = 5.5, |c|^2 = 0.12930561867440277
12th ev c_JM**2
mj = -5.5, |c|^2 = 0.1866706799127092
mj = -4.5, |c|^2 = 0.1142941612636994
mj = 3.5, |c|^2 = 0.10489713739296258
13th ev c_JM**2
mj = -3.5, |c|^2 = 0.10489713739296293
mj = 4.5, |c|^2 = 0.11429416126369951
mj = 5.5, |c|^2 = 0.18667067991270975
14th ev c_JM**2
mj = 2.5, |c|^2 = 0.23920818814453956
mj = 3.5, |c|^2 = 0.11565477530731198
mj = 6.5, |c|^2 = 0.1500742700179595
mj = 7.5, |c|^2 = 0.2790327554018604
15th ev c_JM**2
mj = -7.5, |c|^2 = 0.27903275540186095
mj = -6.5, |c|^2 = 0.15007427001795984
mj = -3.5, |c|^2 = 0.11565477530731189
mj = -2.5, |c|^2 = 0.23920818814453929
