Apr 27 19:57:05 ####### 
                ####### libDMET   version 0.5
                ####### A periodic DMET library for lattice model and realistic solid.
                ####### 
J = 7.5, Symmetry = None, using 80 data points.
relative energy in cm^-1
0.0,
8.526512829121202e-14,
60.31269467637574,
60.312694676376054,
99.41967096702717,
99.41967096702757,
263.6850560450873,
263.6850560450876,
314.7352267494902,
314.73522674949106,
338.74845782162697,
338.74845782162726,
407.08058918203244,
407.0805891820327,
542.2311065845224,
542.2311065845226,
relative energy (deviate most) in cm^-1
0.0,
8.526512829121202e-14,
60.31269467637574,
60.312694676376054,
99.41967096702717,
99.41967096702757,
263.6850560450873,
263.6850560450876,
314.7352267494902,
314.73522674949106,
338.74845782162697,
338.74845782162726,
407.08058918203244,
407.0805891820327,
542.2311065845224,
542.2311065845226,
2.0122289269162216e-13
[  0.       0.      60.3127  60.3127  99.4197  99.4197 263.6851 263.6851 314.7352 314.7352 338.7485 338.7485 407.0806 407.0806 542.2311 542.2311]
0th ev c_JM**2
mj = -1.5, |c|^2 = 0.10811299400808444
mj = 2.5, |c|^2 = 0.20330103402328834
mj = 3.5, |c|^2 = 0.16601536065322842
mj = 6.5, |c|^2 = 0.1927130319588336
mj = 7.5, |c|^2 = 0.12210183958838806
1th ev c_JM**2
mj = -7.5, |c|^2 = 0.12210183958838886
mj = -6.5, |c|^2 = 0.19271303195883419
mj = -3.5, |c|^2 = 0.16601536065322858
mj = -2.5, |c|^2 = 0.20330103402328853
mj = 1.5, |c|^2 = 0.108112994008084
2th ev c_JM**2
mj = -1.5, |c|^2 = 0.14591064255489997
mj = 0.5, |c|^2 = 0.2040029658560128
mj = 1.5, |c|^2 = 0.13743825615838468
mj = 6.5, |c|^2 = 0.1652728792505626
mj = 7.5, |c|^2 = 0.1022433745326239
3th ev c_JM**2
mj = -7.5, |c|^2 = 0.10224337453262504
mj = -6.5, |c|^2 = 0.1652728792505625
mj = -1.5, |c|^2 = 0.1374382561583857
mj = -0.5, |c|^2 = 0.20400296585601108
mj = 1.5, |c|^2 = 0.14591064255490155
4th ev c_JM**2
mj = -0.5, |c|^2 = 0.17218826164373702
mj = 0.5, |c|^2 = 0.1466684008483521
mj = 2.5, |c|^2 = 0.14511453201365293
mj = 4.5, |c|^2 = 0.10256554508164248
mj = 5.5, |c|^2 = 0.1753696382238349
mj = 7.5, |c|^2 = 0.11693218331007131
5th ev c_JM**2
mj = -7.5, |c|^2 = 0.11693218331007037
mj = -5.5, |c|^2 = 0.17536963822383367
mj = -4.5, |c|^2 = 0.10256554508164276
mj = -2.5, |c|^2 = 0.14511453201365426
mj = -0.5, |c|^2 = 0.14666840084835395
mj = 0.5, |c|^2 = 0.17218826164373827
6th ev c_JM**2
mj = 2.5, |c|^2 = 0.24492420059832776
mj = 3.5, |c|^2 = 0.19123993070278983
mj = 4.5, |c|^2 = 0.1201916751599463
mj = 5.5, |c|^2 = 0.20083363786175262
mj = 7.5, |c|^2 = 0.134729418417982
7th ev c_JM**2
mj = -7.5, |c|^2 = 0.13472941841798206
mj = -5.5, |c|^2 = 0.20083363786175168
mj = -4.5, |c|^2 = 0.12019167515994712
mj = -3.5, |c|^2 = 0.19123993070278913
mj = -2.5, |c|^2 = 0.24492420059832765
8th ev c_JM**2
mj = -4.5, |c|^2 = 0.12365138230869771
mj = -3.5, |c|^2 = 0.3030436581916079
mj = 4.5, |c|^2 = 0.186971342896531
9th ev c_JM**2
mj = -4.5, |c|^2 = 0.18697134289652576
mj = 3.5, |c|^2 = 0.3030436581916198
mj = 4.5, |c|^2 = 0.12365138230868793
10th ev c_JM**2
mj = -0.5, |c|^2 = 0.12326392241817424
mj = 1.5, |c|^2 = 0.10974577034505917
mj = 4.5, |c|^2 = 0.20627408188595345
mj = 7.5, |c|^2 = 0.1360197532506486
11th ev c_JM**2
mj = -7.5, |c|^2 = 0.13601975325065327
mj = -4.5, |c|^2 = 0.20627408188594387
mj = -1.5, |c|^2 = 0.10974577034506129
mj = 0.5, |c|^2 = 0.12326392241817231
12th ev c_JM**2
mj = 1.5, |c|^2 = 0.12084324501056086
mj = 4.5, |c|^2 = 0.13727141272023446
mj = 5.5, |c|^2 = 0.3228216116085696
13th ev c_JM**2
mj = -5.5, |c|^2 = 0.3228216116085706
mj = -4.5, |c|^2 = 0.13727141272023377
mj = -1.5, |c|^2 = 0.12084324501056204
14th ev c_JM**2
mj = 1.5, |c|^2 = 0.11503006207331574
mj = 2.5, |c|^2 = 0.20496642604941986
mj = 6.5, |c|^2 = 0.2722221909908622
mj = 7.5, |c|^2 = 0.24510940391656774
15th ev c_JM**2
mj = -7.5, |c|^2 = 0.2451094039165684
mj = -6.5, |c|^2 = 0.2722221909908622
mj = -2.5, |c|^2 = 0.2049664260494195
mj = -1.5, |c|^2 = 0.11503006207331569
CF paramters in Phi format
1 2 2 0.028757753774659906
1 2 1 1.8319252821595224
1 2 0 0.44014091280065604
1 2 -1 -2.5409867457660686
1 2 -2 -0.5939904033012885
1 4 4 0.020529565216826657
1 4 3 -0.05216534596303225
1 4 2 0.0005774728685930665
1 4 1 0.009602371145579247
1 4 0 -0.002099037874560693
1 4 -1 0.00018118843851229604
1 4 -2 0.011076672040866401
1 4 -3 -0.0597062591913534
1 4 -4 -0.0005718277449310373
1 6 6 -0.00015208923562338438
1 6 5 0.0009006887618671735
1 6 4 0.0007679938588097736
1 6 3 4.02712517562109e-05
1 6 2 -0.00011156410631652304
1 6 1 0.0005546146415777465
1 6 0 1.2759932411326776e-05
1 6 -1 -0.0006162761063234468
1 6 -2 -0.0002746733320794463
1 6 -3 -3.362510679289292e-05
1 6 -4 -3.2742694022856375e-05
1 6 -5 -0.0020773847881920254
1 6 -6 -0.00010423934385019631
