Currently Loaded Modulefiles:
 1) gmp/6.2.1-gcc-13.2.0-lcnhyse <aL>             
 2) mpfr/4.2.0-gcc-13.2.0-yy2fkq5 <aL>            
 3) mpc/1.3.1-gcc-13.2.0-5kgoftq <aL>             
 4) zlib-ng/2.1.3-gcc-13.2.0-jetnfwa <aL>         
 5) zstd/1.5.5-gcc-13.2.0-t2lua3l <aL>            
 6) gcc/13.2.0-gcc-13.2.0-w55nxkl                 
 7) cmake/3.20.2-gcc-13.2.0-rp74vpv               
 8) libfabric/1.18.1-gcc-13.2.0-bijxar4 <aL>      
 9) numactl/2.0.14-gcc-13.2.0-etkf74e <aL>        
10) openssh/8.7p1-gcc-13.2.0-g55xmkx <aL>         
11) slurm/22.05.6-gcc-13.2.0-tchsn6y <aL>         
12) openmpi/4.1.5-gcc-13.2.0-24q3ap2              
13) libpciaccess/0.17-gcc-13.2.0-r2cijnn <aL>     
14) libiconv/1.17-gcc-13.2.0-ntov4te <aL>         
15) xz/5.4.1-gcc-13.2.0-4xkm5xo <aL>              
16) libxml2/2.10.3-gcc-13.2.0-fr6jcjz <aL>        
17) ncurses/6.4-gcc-13.2.0-4o2yj6n <aL>           
18) hwloc/2.9.1-gcc-13.2.0-gzvfolk <aL>           
19) intel-tbb/2021.9.0-gcc-13.2.0-6nwk3ml <aL>    
20) intel-oneapi-mkl/2023.2.0-gcc-13.2.0-ohvyk7g  

Key:
<module-tag>  <aL>=auto-loaded  
/central/groups/changroup/members/lppeng/holmium/run/paper_final/run_ErCO34/conf2/GS/run_23
Tue Apr 15 21:08:08 PDT 2025
hpc-93-22.cm.cluster
--------------------------------------------------------------------------
WARNING: There was an error initializing an OpenFabrics device.

  Local host:   hpc-93-22
  Local device: mlx5_0
--------------------------------------------------------------------------
Apr 15 21:08:12 ####### 
                ####### libDMET   version 0.5
                ####### A periodic DMET library for lattice model and realistic solid.
                ####### 
#INFO: **** input file is /central/groups/changroup/members/lppeng/holmium/run/paper_final/run_ErCO34/conf2/GS/run_23/ground_state.py ****
'''
Example input to calculate the ground state of a molecular system
Include x2c relativistic effect
'''
import pyscf
from pyscf.scf.hf import RHF
from pyscf.dft.uks import UKS
from pyscf.dft.gks import GKS
from pyscf import lib
import os, sys
import numpy as np
import scipy.linalg as la
from scipy.linalg import sqrtm, eigh
from scipy.optimize import root
np.set_printoptions(precision=12, threshold=sys.maxsize, linewidth=190, suppress=True)
log = lib.logger.Logger(sys.stdout, 4)

if __name__ == "__main__":
    from pyscf import gto, scf, dft, lib
    from pyscf.lib import chkfile
    from stevens import cdft, project, utils
    from stevens.project import get_mj

    # system input
    geometry = 'ErCO34' # The name of geometry file minus ".xyz"
                       # Make sure first atom is the central magnetic atom 
    spin = 3 # number of unpaired electrons in a unit cell
    charge = -5 # charge of the molecule or a unit cell
    basis = {'default': '631g', 'Er': 'sarc-dkh'} # specify basis for all elements here
    max_memory = 80000 # in the unit of MB. Recommend: memory available on a node - 10000 MB
    qmmm = True # add environment with classical charges

    # (c)HF/DFT parameters
    xc = 'HF' # functional
    smearing = None # To help HF/DFT converge, try e.g. 5e-2
    chkfname_guess = 'minao' # initial guess. 'minao' for default PySCF guess; None for constrained HF; 
                # path to a checkpoint file to restart from a SCF solution.
                # 'project' to project from the SCF solution in a small basis to generate the initial guess
    chkfname_small = '../gs_small_%s.chk'%geometry # checkpoint file in a small basis. Used when chkfname_guess == 'project'
    basis_small = {'default': 'minao', 'Er': 'cc-x2c-minao'}# the small basis associated with chkfname_small
    change_dm_mode = 'rotate' # None: no change
                          # 'positive_z': set the 4f block of dm so that J~(0,0,J)
                          # 'rotate': rotate the 4f block of dm by some angles
    atom_index = 0 # the index of central lanthanide atom
    occ_idx = 23
    noise = 0 # max noise on density matrix initial guess

    # constrained HF parameters for the initial guess
    ao_shell = 'f'
    lo_chkfname = '../../UHF/uhf_gs_%s_lo.h5'%geometry  
    multiplier0 = 0.1
    # END USER INPUT

    # set up system
    if os.path.isfile('../../' + geometry + ".xyz"):
        mol = gto.M(
            atom = '../../' + geometry + ".xyz",
            basis = basis,
            verbose = 4,
            spin = spin,
            charge = charge,
            max_memory = max_memory,
            )
        mol.set_common_origin(mol._atom[atom_index][1])
    else:
        raise ValueError("No .xyz file available!")
    log.info("N_elec %s, N_ao %s"%(mol.nelec, mol.nao))

    # generate HF/DFT initial guess
    if chkfname_guess == 'minao':
        mf = scf.GKS(mol).x2c()
        dm0 = mf.get_init_guess()
        print("Use PySCF default init guess")
        dm0 = utils.change_dm_guess(mol, dm0, 'positive_z', atom_index=atom_index, occ_idx=occ_idx) ###
    elif chkfname_guess is None:
        # run constrained DFT
        angles = cdft.sample_rotation('xyz', occ_idx, unit=20)
        from scipy.spatial.transform import Rotation
        direction = Rotation.from_euler('zyz', angles, degrees=False) @ [0,0,1]
        cmf = cdft.CGKS(mol, direction, multiplier_guess=multiplier0, max_cycle=300,
                atom_index=atom_index, ao_shell='f', lo_chkfname=lo_chkfname, xc=xc, smearing=smearing)
        cmf.kernel()
        dm0 = cmf._scf.make_rdm1()
        print("Contrained SCF solution as init guess")
    elif chkfname_guess == 'project':
        # project dm0 in a small basis to the larger basis 
        dm0 = utils.project_dm_from_small_basis(mol, basis_small, chkfname_small, change_dm_mode, atom_index=atom_index, occ_idx=occ_idx)
        print("Project wavefunction in a smaller basis to the target basis as init guess")
    else:
        mf = scf.GKS(mol).x2c()
        data = chkfile.load(chkfname_guess, 'scf')
        mf.__dict__.update(data)
        dm0 = mf.make_rdm1()
        mf.analyze(with_meta_lowdin=False)
        print("Load .chk file for init guess")
    if change_dm_mode is not None and not chkfname_guess == 'project': # when chkfname_guess == 'project', change in small basis
        dm0 = utils.change_dm_guess(mol, dm0, change_dm_mode, atom_index=atom_index, occ_idx=occ_idx)
    dm0 += (np.random.rand(*(dm0.shape)) - 0.5) * noise  
    print("J vector of initial guess", get_mj(mol, dm0, analyze=True))

    # run HF/DFT
    mf = scf.GKS(mol).x2c()
    mf.xc = xc
    if xc.upper() != 'HF':
        mf.collinear = 'mcol'
        mf.grids.level = 6 
    mf.chkfile = 'gs_' + geometry + '.chk' 
    mf.max_cycle = 3000 
    if smearing is not None:
        mf = scf.addons.smearing_(mf, sigma=smearing, method="fermi")
    if qmmm: # add the precomputed potential from environmental classical charges 
        get_hcore_original = mf.get_hcore
        hcore_mm = np.load('../../mm_hcore.npy')
        def get_hcore_mm(self, mol=None):
            return get_hcore_original(mol=mol) + la.block_diag(hcore_mm, hcore_mm)
        import types
        mf.get_hcore = types.MethodType(get_hcore_mm, mf)
    mf.kernel(dm0=dm0)
    dm = mf.make_rdm1()
    print("S vector", get_mj(mol, dm, include_L=False))
    print("L vector", get_mj(mol, dm, include_S=False))
    print("J vector", get_mj(mol, dm))
#INFO: ******************** input file end ********************


System: uname_result(system='Linux', node='hpc-93-22.cm.cluster', release='5.14.0-362.24.1.el9_3.x86_64', version='#1 SMP PREEMPT_DYNAMIC Thu Feb 15 07:18:13 EST 2024', machine='x86_64')  Threads 16
Python 3.11.6 | packaged by conda-forge | (main, Oct  3 2023, 10:40:35) [GCC 12.3.0]
numpy 1.26.0  scipy 1.11.3
Date: Tue Apr 15 21:08:13 2025
PySCF version 2.5.0
PySCF path  /home/lppeng/anaconda3/envs/nerscV25/lib/python3.11/site-packages/pyscf

[CONFIG] conf_file None
[INPUT] verbose = 4
[INPUT] num. atoms = 17
[INPUT] num. electrons = 193
[INPUT] charge = -5
[INPUT] spin (= nelec alpha-beta = 2S) = 3
[INPUT] symmetry False subgroup None
[INPUT] Mole.unit = angstrom
[INPUT] Symbol           X                Y                Z      unit          X                Y                Z       unit  Magmom
[INPUT]  1 Er     0.983621000000  15.502244000000  16.207915000000 AA    1.858774300371  29.294995476182  30.628520400230 Bohr   0.0
[INPUT]  2 O      1.999162000000  14.046589000000  17.748158000000 AA    3.777868658638  26.544206194328  33.539157835508 Bohr   0.0
[INPUT]  3 O      0.849859000000  13.239725000000  19.509454000000 AA    1.606000754497  25.019454214557  36.867524899800 Bohr   0.0
[INPUT]  4 O     -0.191063000000  14.330252000000  17.844156000000 AA   -0.361056742538  27.080251576001  33.720567764014 Bohr   0.0
[INPUT]  5 O      0.075398000000  13.922617000000  14.734947000000 AA    0.142481570340  26.309933067214  27.845014289982 Bohr   0.0
[INPUT]  6 O      1.310036000000  13.048514000000  13.067690000000 AA    2.475609253321  24.658117792553  24.694355180718 Bohr   0.0
[INPUT]  7 O      2.203594000000  14.429009000000  14.574295000000 AA    4.164189149735  27.266875258884  27.541426008618 Bohr   0.0
[INPUT]  8 O     -1.142155000000  16.458779000000  15.996655000000 AA   -2.158360141803  31.102584654743  30.229296859154 Bohr   0.0
[INPUT]  9 O      0.436800000000  17.108053000000  14.609560000000 AA    0.825432371210  32.329534694544  27.608067200401 Bohr   0.0
[INPUT] 10 O      1.479297000000  17.162683000000  17.755992000000 AA    2.795466186891  32.432770432729  33.553961949968 Bohr   0.0
[INPUT] 11 O      3.574079000000  17.921221000000  18.087093000000 AA    6.754030457559  33.866199507804  34.179652159538 Bohr   0.0
[INPUT] 12 O      3.086741000000  16.549131000000  16.376735000000 AA    5.833095107466  31.273325189550  30.947543964579 Bohr   0.0
[INPUT] 13 C      0.893280000000  13.851177000000  18.394684000000 AA    1.688054552551  26.174931032875  34.760914907919 Bohr   0.0
[INPUT] 14 C      1.209619000000  13.783938000000  14.098216000000 AA    2.285848625070  26.047867737985  26.641767084961 Bohr   0.0
[INPUT] 15 C     -0.820004000000  17.160582000000  14.960252000000 AA   -1.549582981048  32.428800118141  28.270779034477 Bohr   0.0
[INPUT] 16 C      2.757666000000  17.225719000000  17.422934000000 AA    5.211233483025  32.551891208717  32.924573546373 Bohr   0.0
[INPUT] 17 O     -1.665533000000  17.832969000000  14.307847000000 AA   -3.147401221425  33.699427397859  27.037912262180 Bohr   0.0

nuclear repulsion = 2660.00686642269
number of shells = 122
number of NR pGTOs = 525
number of NR cGTOs = 264
basis = {'default': '631g', 'Er': 'sarc-dkh'}
ecp = {}
CPU time:         4.82
N_elec (98, 95), N_ao 264
Initial guess from minao.
Use PySCF default init guess
Updated f-block dm with J~(0,0,J)
(3, 264, 264) 264
Haar random target direction [0.8090169943749475, 0.0, 0.5877852522924731]
Haar random total rotation [0.     0.9425 0.    ]
Rotated f-block dm by angles from +z [0.     0.9425 0.    ]
(3, 264, 264) 264
elemental J of ['C' 'Er' 'O']
   C 0.4607+0.0165j 0.0000+0.0000j 0.0000+0.0033j 
  Er 4.8625-0.0007j 0.0000+0.0000j 6.5622-0.0004j 
   O 1.8119-0.0159j 0.0000+0.0000j -0.0000-0.0029j 
J vector of initial guess [7.1352-0.j 0.    -0.j 6.5622+0.j]


******** <class 'pyscf.x2c.x2c.X2C1eGKS'> ********
method = X2C1eGKS
initial guess = minao
damping factor = 0
level_shift factor = 0
DIIS = <class 'pyscf.scf.diis.CDIIS'>
diis_start_cycle = 1
diis_space = 8
diis_damp = 0
SCF conv_tol = 1e-09
SCF conv_tol_grad = None
SCF max_cycles = 3000
direct_scf = True
direct_scf_tol = 1e-13
chkfile to save SCF result = gs_ErCO34.chk
max_memory 80000 MB (current use 201 MB)
XC library pyscf.dft.libxc version 6.1.0
    S. Lehtola, C. Steigemann, M. J.T. Oliveira, and M. A.L. Marques.,  SoftwareX 7, 1–5 (2018)
XC functionals = HF

radial grids: 
    Treutler-Ahlrichs [JCP 102, 346 (1995); DOI:10.1063/1.469408] (M4) radial grids
    
becke partition: Becke, JCP 88, 2547 (1988); DOI:10.1063/1.454033
pruning grids: <function nwchem_prune at 0x7f809084de40>
grids dens level: 3
symmetrized grids: False
atomic radii adjust function: <function treutler_atomic_radii_adjust at 0x7f809084e480>
small_rho_cutoff = 1e-07
collinear = col


******** <class 'pyscf.x2c.x2c.SpinOrbitalX2CHelper'> ********
approx = 1e
xuncontract = 1
Overwritten attributes  get_hcore  of <class 'pyscf.x2c.x2c.X2C1eGKS'>
Set gradient conv threshold to 3.16228e-05
tot grids = 247904
init E= -14183.7015145841
  HOMO = -0.895109543944271  LUMO = -0.579232165227468
cycle= 1 E= -14189.9206150747  delta_E= -6.22  |g|= 2.65  |ddm|= 3.82
  HOMO = 0.146165090986679  LUMO = 0.267055728900717
cycle= 2 E= -14190.6318054181  delta_E= -0.711  |g|=  1.6  |ddm|= 2.65
  HOMO = -0.00259056519400324  LUMO = 0.260510527481212
cycle= 3 E= -14191.1303403879  delta_E= -0.499  |g|= 0.245  |ddm|= 1.08
  HOMO = -0.0138797455802359  LUMO = 0.259811446845931
cycle= 4 E= -14191.1397876532  delta_E= -0.00945  |g|= 0.0553  |ddm|= 0.153
  HOMO = -0.0108868805922365  LUMO = 0.259557913020367
cycle= 5 E= -14191.1413397668  delta_E= -0.00155  |g|= 0.0268  |ddm|= 0.0583
  HOMO = -0.0138243937972412  LUMO = 0.259579667871033
cycle= 6 E= -14191.142271109  delta_E= -0.000931  |g|= 0.0203  |ddm|= 0.0394
  HOMO = -0.0143223842147467  LUMO = 0.259465295068622
cycle= 7 E= -14191.1431223309  delta_E= -0.000851  |g|= 0.0159  |ddm|= 0.0376
  HOMO = -0.0142767848606238  LUMO = 0.259507358181483
cycle= 8 E= -14191.1440761737  delta_E= -0.000954  |g|= 0.0102  |ddm|= 0.0563
  HOMO = -0.0138076931453926  LUMO = 0.259511789373491
cycle= 9 E= -14191.1444880155  delta_E= -0.000412  |g|= 0.0048  |ddm|= 0.0472
  HOMO = -0.0139020095069333  LUMO = 0.259521155165633
cycle= 10 E= -14191.1445686844  delta_E= -8.07e-05  |g|= 0.00235  |ddm|= 0.0217
  HOMO = -0.0142311188863286  LUMO = 0.259522230429881
cycle= 11 E= -14191.1445832596  delta_E= -1.46e-05  |g|= 0.00155  |ddm|= 0.00766
  HOMO = -0.0142617766964276  LUMO = 0.259519013959875
cycle= 12 E= -14191.1445880204  delta_E= -4.76e-06  |g|= 0.00133  |ddm|= 0.003
  HOMO = -0.0142931203842199  LUMO = 0.25951805398864
cycle= 13 E= -14191.1445919533  delta_E= -3.93e-06  |g|= 0.00118  |ddm|= 0.00252
  HOMO = -0.0143034845045501  LUMO = 0.259519800583374
cycle= 14 E= -14191.1445960121  delta_E= -4.06e-06  |g|= 0.00109  |ddm|= 0.0026
  HOMO = -0.0143060896401723  LUMO = 0.259520041251072
cycle= 15 E= -14191.1446020603  delta_E= -6.05e-06  |g|= 0.000978  |ddm|= 0.0042
  HOMO = -0.0142587982863194  LUMO = 0.259518272082577
cycle= 16 E= -14191.1446107681  delta_E= -8.71e-06  |g|= 0.000797  |ddm|= 0.00727
  HOMO = -0.0142875773361291  LUMO = 0.259521916608233
cycle= 17 E= -14191.1446183315  delta_E= -7.56e-06  |g|= 0.000579  |ddm|= 0.00888
  HOMO = -0.0143008500159492  LUMO = 0.259519645534815
cycle= 18 E= -14191.1446220335  delta_E= -3.7e-06  |g|= 0.000425  |ddm|= 0.00695
  HOMO = -0.0143003476933445  LUMO = 0.259519499826648
cycle= 19 E= -14191.1446230703  delta_E= -1.04e-06  |g|= 0.000371  |ddm|= 0.00276
  HOMO = -0.014297784727965  LUMO = 0.259519398175391
cycle= 20 E= -14191.1446235808  delta_E= -5.1e-07  |g|= 0.000352  |ddm|= 0.00125
  HOMO = -0.0142995294240443  LUMO = 0.259519601569988
cycle= 21 E= -14191.144624072  delta_E= -4.91e-07  |g|= 0.000337  |ddm|= 0.00109
  HOMO = -0.0142903806021954  LUMO = 0.259519285488249
cycle= 22 E= -14191.1446246567  delta_E= -5.85e-07  |g|= 0.000322  |ddm|= 0.00131
  HOMO = -0.0142859741405315  LUMO = 0.259519713608466
cycle= 23 E= -14191.1446254739  delta_E= -8.17e-07  |g|= 0.000306  |ddm|= 0.00188
  HOMO = -0.0142895410212259  LUMO = 0.259519636804315
cycle= 24 E= -14191.1446264292  delta_E= -9.55e-07  |g|= 0.000287  |ddm|= 0.00235
  HOMO = -0.0142830561280825  LUMO = 0.259519294970104
cycle= 25 E= -14191.1446275565  delta_E= -1.13e-06  |g|= 0.000267  |ddm|= 0.00301
  HOMO = -0.0142902345401508  LUMO = 0.259519837335982
cycle= 26 E= -14191.1446285615  delta_E= -1e-06  |g|= 0.000249  |ddm|= 0.00303
  HOMO = -0.0142923879595764  LUMO = 0.25951947764418
cycle= 27 E= -14191.1446296607  delta_E= -1.1e-06  |g|= 0.000227  |ddm|= 0.00372
  HOMO = -0.0142917081021027  LUMO = 0.259519612527767
cycle= 28 E= -14191.1446305156  delta_E= -8.55e-07  |g|= 0.000208  |ddm|= 0.00337
  HOMO = -0.0142906150644159  LUMO = 0.259519401183152
cycle= 29 E= -14191.1446315199  delta_E= -1e-06  |g|= 0.000179  |ddm|= 0.00481
  HOMO = -0.0142942110633305  LUMO = 0.259519774346083
cycle= 30 E= -14191.1446322974  delta_E= -7.77e-07  |g|= 0.000148  |ddm|= 0.00516
  HOMO = -0.0142906667208626  LUMO = 0.259519421373116
cycle= 31 E= -14191.1446326388  delta_E= -3.41e-07  |g|= 0.000129  |ddm|= 0.00336
  HOMO = -0.0142912708563414  LUMO = 0.259519674663036
cycle= 32 E= -14191.1446328104  delta_E= -1.72e-07  |g|= 0.000114  |ddm|= 0.00237
  HOMO = -0.0142930934383534  LUMO = 0.259519672050326
cycle= 33 E= -14191.1446329135  delta_E= -1.03e-07  |g|= 9.98e-05  |ddm|= 0.0017
  HOMO = -0.0142895410231588  LUMO = 0.259519606066139
cycle= 34 E= -14191.1446329822  delta_E= -6.88e-08  |g|= 8.75e-05  |ddm|= 0.00135
  HOMO = -0.0142917933646449  LUMO = 0.259519669649255
cycle= 35 E= -14191.1446330192  delta_E= -3.7e-08  |g|= 7.95e-05  |ddm|= 0.000802
  HOMO = -0.0142911111238619  LUMO = 0.259519537289648
cycle= 36 E= -14191.1446330524  delta_E= -3.32e-08  |g|= 7.07e-05  |ddm|= 0.000748
  HOMO = -0.0142914564043226  LUMO = 0.259519636887274
cycle= 37 E= -14191.1446330848  delta_E= -3.24e-08  |g|= 6.2e-05  |ddm|= 0.000663
  HOMO = -0.0142919851991999  LUMO = 0.259519500046458
cycle= 38 E= -14191.1446331065  delta_E= -2.16e-08  |g|= 5.53e-05  |ddm|= 0.000614
  HOMO = -0.014293066451527  LUMO = 0.259519625227835
cycle= 39 E= -14191.1446331211  delta_E= -1.46e-08  |g|= 5.16e-05  |ddm|= 0.000377
  HOMO = -0.0142925477029094  LUMO = 0.259519578765421
cycle= 40 E= -14191.1446331283  delta_E= -7.28e-09  |g|= 5.01e-05  |ddm|= 0.000219
  HOMO = -0.0142926634143993  LUMO = 0.259519613556136
cycle= 41 E= -14191.1446331361  delta_E= -7.78e-09  |g|= 4.89e-05  |ddm|= 0.000178
  HOMO = -0.0142925828806807  LUMO = 0.259519594250946
cycle= 42 E= -14191.1446331485  delta_E= -1.24e-08  |g|= 4.76e-05  |ddm|= 0.000243
  HOMO = -0.0142916791879211  LUMO = 0.25951959042061
cycle= 43 E= -14191.144633164  delta_E= -1.55e-08  |g|= 4.64e-05  |ddm|= 0.000285
  HOMO = -0.0142921469270536  LUMO = 0.259519579454105
cycle= 44 E= -14191.144633179  delta_E= -1.5e-08  |g|= 4.54e-05  |ddm|= 0.000263
  HOMO = -0.0142919265670224  LUMO = 0.25951955484202
cycle= 45 E= -14191.1446331939  delta_E= -1.49e-08  |g|= 4.45e-05  |ddm|= 0.000265
  HOMO = -0.0142922569852125  LUMO = 0.259519610628892
cycle= 46 E= -14191.1446332168  delta_E= -2.29e-08  |g|= 4.32e-05  |ddm|= 0.000395
  HOMO = -0.0142926387627798  LUMO = 0.259519561560499
cycle= 47 E= -14191.1446332399  delta_E= -2.31e-08  |g|= 4.21e-05  |ddm|= 0.00041
  HOMO = -0.0142932598860516  LUMO = 0.259519614985217
cycle= 48 E= -14191.1446332645  delta_E= -2.46e-08  |g|= 4.1e-05  |ddm|= 0.000443
  HOMO = -0.0142930585449101  LUMO = 0.25951957837988
cycle= 49 E= -14191.1446332837  delta_E= -1.92e-08  |g|= 4.02e-05  |ddm|= 0.000351
  HOMO = -0.0142932291123221  LUMO = 0.259519587344974
cycle= 50 E= -14191.1446333034  delta_E= -1.97e-08  |g|= 3.93e-05  |ddm|= 0.000368
  HOMO = -0.0142932311925878  LUMO = 0.259519551021655
cycle= 51 E= -14191.1446333374  delta_E= -3.4e-08  |g|= 3.79e-05  |ddm|= 0.000651
  HOMO = -0.014292629122683  LUMO = 0.259519568371741
cycle= 52 E= -14191.1446333816  delta_E= -4.42e-08  |g|= 3.63e-05  |ddm|= 0.000899
  HOMO = -0.0142932296399215  LUMO = 0.259519563962463
cycle= 53 E= -14191.1446334108  delta_E= -2.92e-08  |g|= 3.54e-05  |ddm|= 0.000625
  HOMO = -0.0142931326734836  LUMO = 0.259519549389576
cycle= 54 E= -14191.1446334286  delta_E= -1.78e-08  |g|= 3.48e-05  |ddm|= 0.000399
  HOMO = -0.0142934085920104  LUMO = 0.259519590331956
cycle= 55 E= -14191.1446334462  delta_E= -1.76e-08  |g|= 3.43e-05  |ddm|= 0.000393
  HOMO = -0.0142936664835174  LUMO = 0.259519554167081
cycle= 56 E= -14191.1446334627  delta_E= -1.65e-08  |g|= 3.4e-05  |ddm|= 0.000372
  HOMO = -0.0142939961432172  LUMO = 0.259519571257203
cycle= 57 E= -14191.1446334795  delta_E= -1.68e-08  |g|= 3.36e-05  |ddm|= 0.000377
  HOMO = -0.01429397561414  LUMO = 0.259519543023683
cycle= 58 E= -14191.1446334977  delta_E= -1.81e-08  |g|= 3.32e-05  |ddm|= 0.000403
  HOMO = -0.014294164895779  LUMO = 0.25951955214326
cycle= 59 E= -14191.1446335134  delta_E= -1.58e-08  |g|= 3.29e-05  |ddm|= 0.000356
  HOMO = -0.0142942631470532  LUMO = 0.259519538620019
cycle= 60 E= -14191.1446335361  delta_E= -2.27e-08  |g|= 3.24e-05  |ddm|= 0.000515
  HOMO = -0.014294136350672  LUMO = 0.259519554396633
cycle= 61 E= -14191.1446335605  delta_E= -2.44e-08  |g|= 3.2e-05  |ddm|= 0.00056
  HOMO = -0.0142944983201556  LUMO = 0.259519553653316
cycle= 62 E= -14191.1446335827  delta_E= -2.22e-08  |g|= 3.17e-05  |ddm|= 0.000514
  HOMO = -0.0142944266702124  LUMO = 0.259519539587016
cycle= 63 E= -14191.1446336021  delta_E= -1.94e-08  |g|= 3.14e-05  |ddm|= 0.000451
  HOMO = -0.0142947110302524  LUMO = 0.259519567166072
cycle= 64 E= -14191.144633629  delta_E= -2.69e-08  |g|= 3.1e-05  |ddm|= 0.000633
  HOMO = -0.0142949821738882  LUMO = 0.259519529450845
cycle= 65 E= -14191.1446336566  delta_E= -2.76e-08  |g|= 3.06e-05  |ddm|= 0.000661
  HOMO = -0.0142954495515101  LUMO = 0.259519542992599
cycle= 66 E= -14191.1446336931  delta_E= -3.65e-08  |g|= 3e-05  |ddm|= 0.000894
  HOMO = -0.0142957848429895  LUMO = 0.259519511690795
cycle= 67 E= -14191.1446337495  delta_E= -5.64e-08  |g|= 2.92e-05  |ddm|= 0.00142
  HOMO = -0.0142963487281921  LUMO = 0.259519534562904
cycle= 68 E= -14191.1446337964  delta_E= -4.69e-08  |g|= 2.86e-05  |ddm|= 0.00125
  HOMO = -0.0142967476716416  LUMO = 0.25951951782439
cycle= 69 E= -14191.1446338483  delta_E= -5.19e-08  |g|= 2.79e-05  |ddm|= 0.00145
  HOMO = -0.0142968056815725  LUMO = 0.259519523748991
cycle= 70 E= -14191.1446338885  delta_E= -4.02e-08  |g|= 2.74e-05  |ddm|= 0.00117
  HOMO = -0.0142973131827327  LUMO = 0.2595195151346
cycle= 71 E= -14191.1446339283  delta_E= -3.98e-08  |g|= 2.69e-05  |ddm|= 0.00119
  HOMO = -0.0142972860013618  LUMO = 0.259519491735673
cycle= 72 E= -14191.1446339641  delta_E= -3.58e-08  |g|= 2.64e-05  |ddm|= 0.00111
  HOMO = -0.0142977687815589  LUMO = 0.259519514577796
cycle= 73 E= -14191.1446340062  delta_E= -4.21e-08  |g|= 2.57e-05  |ddm|= 0.00136
  HOMO = -0.0142981264755476  LUMO = 0.259519475274478
cycle= 74 E= -14191.1446340405  delta_E= -3.43e-08  |g|= 2.51e-05  |ddm|= 0.00114
  HOMO = -0.0142986831872777  LUMO = 0.25951949489587
cycle= 75 E= -14191.1446340735  delta_E= -3.3e-08  |g|= 2.46e-05  |ddm|= 0.00114
  HOMO = -0.0142990420299735  LUMO = 0.259519472876843
cycle= 76 E= -14191.1446341131  delta_E= -3.96e-08  |g|= 2.4e-05  |ddm|= 0.00142
  HOMO = -0.0142995056411955  LUMO = 0.259519493514653
cycle= 77 E= -14191.1446341387  delta_E= -2.56e-08  |g|= 2.35e-05  |ddm|= 0.000956
  HOMO = -0.0142998034929192  LUMO = 0.259519475955617
cycle= 78 E= -14191.1446341645  delta_E= -2.57e-08  |g|= 2.31e-05  |ddm|= 0.000998
  HOMO = -0.0142998796388729  LUMO = 0.259519474166223
cycle= 79 E= -14191.1446341912  delta_E= -2.68e-08  |g|= 2.27e-05  |ddm|= 0.00107
  HOMO = -0.0143002935514664  LUMO = 0.259519465350971
cycle= 80 E= -14191.1446342184  delta_E= -2.72e-08  |g|= 2.22e-05  |ddm|= 0.00112
  HOMO = -0.014300369417167  LUMO = 0.259519445525232
cycle= 81 E= -14191.1446342515  delta_E= -3.31e-08  |g|= 2.16e-05  |ddm|= 0.00143
  HOMO = -0.0143010114995918  LUMO = 0.259519463750712
cycle= 82 E= -14191.144634296  delta_E= -4.44e-08  |g|= 2.08e-05  |ddm|= 0.00207
  HOMO = -0.0143015534072951  LUMO = 0.259519422678432
cycle= 83 E= -14191.1446343352  delta_E= -3.93e-08  |g|= 1.99e-05  |ddm|= 0.00202
  HOMO = -0.0143024890689291  LUMO = 0.259519444920178
cycle= 84 E= -14191.144634373  delta_E= -3.78e-08  |g|= 1.9e-05  |ddm|= 0.0022
  HOMO = -0.0143031753343995  LUMO = 0.259519412073167
cycle= 85 E= -14191.1446344104  delta_E= -3.74e-08  |g|= 1.8e-05  |ddm|= 0.00251
  HOMO = -0.0143039872391022  LUMO = 0.259519432355992
cycle= 86 E= -14191.1446344358  delta_E= -2.54e-08  |g|= 1.72e-05  |ddm|= 0.00201
  HOMO = -0.0143046266039998  LUMO = 0.259519401386791
cycle= 87 E= -14191.1446344565  delta_E= -2.07e-08  |g|= 1.64e-05  |ddm|= 0.00195
  HOMO = -0.0143050026463708  LUMO = 0.259519394492136
cycle= 88 E= -14191.1446344752  delta_E= -1.87e-08  |g|= 1.52e-05  |ddm|= 0.00218
  HOMO = -0.0143056746153265  LUMO = 0.259519382547246
cycle= 89 E= -14191.1446344881  delta_E= -1.29e-08  |g|= 1.42e-05  |ddm|= 0.00197
  HOMO = -0.0143058899308749  LUMO = 0.259519366015687
cycle= 90 E= -14191.1446344973  delta_E= -9.26e-09  |g|= 1.3e-05  |ddm|= 0.00212
  HOMO = -0.014306519369895  LUMO = 0.25951937984075
cycle= 91 E= -14191.1446345019  delta_E= -4.58e-09  |g|= 1.18e-05  |ddm|= 0.002
  HOMO = -0.0143068735222121  LUMO = 0.259519342710279
cycle= 92 E= -14191.1446345027  delta_E= -7.49e-10  |g|= 1.09e-05  |ddm|= 0.00131
  HOMO = -0.0143069772639651  LUMO = 0.259519378064216
Extra cycle  E= -14191.1446345028  delta_E= -1.67e-10  |g|= 1.05e-05  |ddm|= 1.21e-05
converged SCF energy = -14191.1446345028  <S^2> = 3.6968796  2S+1 = 3.973351
(3, 264, 264) 264
S vector [0.7201+0.j 0.032 +0.j 1.2574+0.j]
(3, 264, 264) 264
L vector [2.9972+0.j 0.1331-0.j 5.231 +0.j]
(3, 264, 264) 264
J vector [3.7173+0.j 0.1651-0.j 6.4883-0.j]
Tue Apr 15 21:13:04 PDT 2025
