run_0 -14978.766740642048
run_1 -14978.767227978362
run_10 -14978.766866809598
run_11 -14978.766785239695
run_12 -14978.76723660409
run_13 -14978.767158833027
run_14 -14978.766991106284
run_15 -14978.766956670468
run_16 -14978.767003375353
run_17 -14978.766971299829
run_18 -14978.767187809535
run_19 -14978.76673531772
run_2 -14978.766766275749
run_20 -14978.766967987645
run_21 -14978.767158233739
run_22 -14978.766722009044
run_23 -14978.767126067698
run_24 -14978.767175971603
run_25 -14978.766945815987
run_26 -14978.766980780823
run_27 -14978.766827930787
run_28 -14978.767013134595
run_29 -14978.766975634135
run_3 -14978.767089912337
run_30 -14978.766661975656
run_31 -14978.766742690303
run_32 -14978.766908630474
run_33 -14978.766824605078
run_34 -14978.766869922507
run_35 -14978.76713815072
run_36 -14978.76728563432
run_37 -14978.767222670933
run_38 -14978.767293203757
run_39 -14978.767158771567
run_4 -14978.767026567526
run_40 -14978.76702329961
run_41 -14978.767473099975
run_42 -14978.766968552907
run_43 -14978.766964017363
run_44 -14978.766940457885
run_45 -14978.767040147526
run_46 -14978.766827259438
run_47 -14978.767298020073
run_48 -14978.767488373222
run_49 -14978.767449063325
run_5 -14978.767474108241
run_50 -14978.766985229493
run_51 -14978.767228773384
run_52 -14978.766933846764
run_53 -14978.766997119717
run_54 -14978.766813871382
run_55 -14978.766990945573
run_56 -14978.767465521883
run_57 -14978.767502667823
run_58 -14978.767409950073
run_59 -14978.767453898043
run_6 -14978.766970191955
run_60 -14978.766986364983
run_61 -14978.766988973537
run_62 -14978.767096714528
run_63 -14978.767252110581
run_64 -14978.766720383974
run_65 -14978.767025570301
run_66 -14978.767062397183
run_67 -14978.766999218664
run_68 -14978.767380680267
run_69 -14978.767318526046
run_7 -14978.76693580682
run_70 -14978.766813481303
run_71 -14978.767412019413
run_72 -14978.767064302516
run_73 -14978.766881206317
run_74 -14978.767417827581
run_75 -14978.766800107045
run_76 -14978.767126193368
run_77 -14978.766962418886
run_78 -14978.767341344846
run_79 -14978.766970455465
run_8 -14978.76712798742
run_9 -14978.767213484774
