run_0 -14987.139081842066
run_1 -14987.13982713228
run_10 -14987.139271890264
run_11 -14987.139136683036
run_12 -14987.139822111181
run_13 -14987.13972793992
run_14 -14987.139534299818
run_15 -14987.139429938085
run_16 -14987.139545010043
run_17 -14987.139503889226
run_18 -14987.139755278746
run_19 -14987.139076932475
run_2 -14987.139122275934
run_20 -14987.139433190092
run_21 -14987.139721389558
run_22 -14987.139058916233
run_23 -14987.139669893852
run_24 -14987.139752730782
run_25 -14987.139445904533
run_26 -14987.139451235267
run_27 -14987.139202446346
run_28 -14987.139501530899
run_29 -14987.139499407403
run_3 -14987.139618849393
run_30 -14987.138987128506
run_31 -14987.139088189087
run_32 -14987.139334380783
run_33 -14987.139196626606
run_34 -14987.139273204684
run_35 -14987.139682898836
run_36 -14987.13989541701
run_37 -14987.139818587366
run_38 -14987.13990637186
run_39 -14987.139716526981
run_4 -14987.13952324499
run_40 -14987.139520792542
run_41 -14987.14017447238
run_42 -14987.139431082574
run_43 -14987.139438231454
run_44 -14987.139387986634
run_45 -14987.139565560323
run_46 -14987.139205538715
run_47 -14987.139914203002
run_48 -14987.1401982793
run_49 -14987.140138348786
run_5 -14987.140175544646
run_50 -14987.139539854197
run_51 -14987.139827968895
run_52 -14987.139411099753
run_53 -14987.139478407076
run_54 -14987.139182911655
run_55 -14987.139533601865
run_56 -14987.140162892149
run_57 -14987.140219799028
run_58 -14987.140080843204
run_59 -14987.14014480199
run_6 -14987.139457865986
run_60 -14987.13950612814
run_61 -14987.13953650436
run_62 -14987.13963164097
run_63 -14987.139852593951
run_64 -14987.139054548428
run_65 -14987.139523835238
run_66 -14987.139594179582
run_67 -14987.139480743379
run_68 -14987.140040751845
run_69 -14987.139953473845
run_7 -14987.13941551482
run_70 -14987.13918541418
run_71 -14987.140082062633
run_72 -14987.139588282662
run_73 -14987.139289597417
run_74 -14987.140093105554
run_75 -14987.139158364735
run_76 -14987.139678451731
run_77 -14987.139475939432
run_78 -14987.139979887823
run_79 -14987.139498453816
run_8 -14987.139670311342
run_9 -14987.139805138671
