run_0 -14987.631052487086
run_1 -14987.631664201337
run_10 -14987.63122074736
run_11 -14987.631110295664
run_12 -14987.631671221756
run_13 -14987.631576927346
run_14 -14987.631402902301
run_15 -14987.631341217293
run_16 -14987.63141777473
run_17 -14987.631376134646
run_18 -14987.631614158083
run_19 -14987.63104600905
run_2 -14987.631084283628
run_20 -14987.631346326853
run_21 -14987.63157555713
run_22 -14987.631029438995
run_23 -14987.631537827212
run_24 -14987.631598355001
run_25 -14987.631337971583
run_26 -14987.631354546673
run_27 -14987.631166930485
run_28 -14987.631398941849
run_29 -14987.631379249273
run_3 -14987.63150333719
run_30 -14987.630955398974
run_31 -14987.631055310325
run_32 -14987.63126588125
run_33 -14987.631162196874
run_34 -14987.631215603087
run_35 -14987.631560303238
run_36 -14987.631729063687
run_37 -14987.631656317812
run_38 -14987.631738272135
run_39 -14987.631577746466
run_4 -14987.63141005192
run_40 -14987.631405578682
run_41 -14987.631959906248
run_42 -14987.631342371413
run_43 -14987.631349115392
run_44 -14987.631310248456
run_45 -14987.631453247235
run_46 -14987.63116167637
run_47 -14987.631744180024
run_48 -14987.63197730565
run_49 -14987.631933067809
run_5 -14987.631960849714
run_50 -14987.631398367605
run_51 -14987.63166440315
run_52 -14987.631318006592
run_53 -14987.631373784694
run_54 -14987.631145427229
run_55 -14987.631402479372
run_56 -14987.631951689658
run_57 -14987.631993771545
run_58 -14987.63188546809
run_59 -14987.631938320777
run_6 -14987.63136130567
run_60 -14987.631390585648
run_61 -14987.63140169041
run_62 -14987.63151696966
run_63 -14987.63169002414
run_64 -14987.63102749681
run_65 -14987.631420261583
run_66 -14987.631480636002
run_67 -14987.63137793068
run_68 -14987.631852562288
run_69 -14987.6317753761
run_7 -14987.631321025161
run_70 -14987.631143628081
run_71 -14987.631884593367
run_72 -14987.631477160361
run_73 -14987.631232844287
run_74 -14987.631895771312
run_75 -14987.631129805817
run_76 -14987.63153550796
run_77 -14987.631360773634
run_78 -14987.631798343733
run_79 -14987.631374348464
run_8 -14987.631548655288
run_9 -14987.631644844027
