run_0 -14987.442417459777
run_1 -14987.443017916725
run_10 -14987.442584353554
run_11 -14987.442486451517
run_12 -14987.443032971249
run_13 -14987.442924797662
run_14 -14987.442745533615
run_15 -14987.44270147428
run_16 -14987.442763007642
run_17 -14987.442716619826
run_18 -14987.442977812167
run_19 -14987.44240642937
run_2 -14987.442444187931
run_20 -14987.442715880443
run_21 -14987.442937025826
run_22 -14987.442390496868
run_23 -14987.442904004292
run_24 -14987.44294915185
run_25 -14987.442681291843
run_26 -14987.442719242776
run_27 -14987.442538896354
run_28 -14987.442768082245
run_29 -14987.442723702836
run_3 -14987.442867394977
run_30 -14987.442298131838
run_31 -14987.442414490772
run_32 -14987.442637260261
run_33 -14987.442534930608
run_34 -14987.442586375953
run_35 -14987.442921791251
run_36 -14987.443091436962
run_37 -14987.44301168976
run_38 -14987.443100513065
run_39 -14987.442942965357
run_4 -14987.442766545348
run_40 -14987.442754388514
run_41 -14987.443319741044
run_42 -14987.442712307871
run_43 -14987.44271127028
run_44 -14987.442680958342
run_45 -14987.442809039356
run_46 -14987.442534199046
run_47 -14987.443106715033
run_48 -14987.443335488377
run_49 -14987.443294608212
run_5 -14987.443320834365
run_50 -14987.442737238838
run_51 -14987.443019346567
run_52 -14987.442667092353
run_53 -14987.442732054395
run_54 -14987.442519963759
run_55 -14987.442745007269
run_56 -14987.443312279054
run_57 -14987.4433504304
run_58 -14987.44324823855
run_59 -14987.443299751027
run_6 -14987.44271840285
run_60 -14987.44273858712
run_61 -14987.442743045533
run_62 -14987.442875910718
run_63 -14987.44305279147
run_64 -14987.44239015222
run_65 -14987.44278867693
run_66 -14987.442836385013
run_67 -14987.442742135154
run_68 -14987.443214522329
run_69 -14987.44313578934
run_7 -14987.442669461398
run_70 -14987.442514325772
run_71 -14987.443247732193
run_72 -14987.442838033265
run_73 -14987.442605808821
run_74 -14987.44325847166
run_75 -14987.442505208332
run_76 -14987.442883586067
run_77 -14987.442704451762
run_78 -14987.443161450563
run_79 -14987.442716224741
run_8 -14987.442910840393
run_9 -14987.443001244534
