run_0 -14985.977066719126
run_1 -14985.977739622296
run_10 -14985.97725027654
run_11 -14985.977128433155
run_12 -14985.977742121559
run_13 -14985.977643826769
run_14 -14985.97745787459
run_15 -14985.977384896596
run_16 -14985.977474082298
run_17 -14985.97742769315
run_18 -14985.977680869513
run_19 -14985.977060077646
run_2 -14985.977102204357
run_20 -14985.977388821098
run_21 -14985.977640055855
run_22 -14985.977041992224
run_23 -14985.977598130314
run_24 -14985.9776672943
run_25 -14985.97738381035
run_26 -14985.977397540828
run_27 -14985.977190434423
run_28 -14985.97744625144
run_29 -14985.977430562383
run_3 -14985.977562035729
run_30 -14985.976961927074
run_31 -14985.977070429628
run_32 -14985.97729974208
run_33 -14985.977185166848
run_34 -14985.977244680576
run_35 -14985.977623500898
run_36 -14985.977805238032
run_37 -14985.977730414881
run_38 -14985.97781526006
run_39 -14985.977641517635
run_4 -14985.977458779344
run_40 -14985.977454560063
run_41 -14985.9780594824
run_42 -14985.977383999281
run_43 -14985.977393296249
run_44 -14985.977348898323
run_45 -14985.977510211924
run_46 -14985.977185439573
run_47 -14985.977821959852
run_48 -14985.97807799093
run_49 -14985.978031420469
run_5 -14985.978060447556
run_50 -14985.977453633
run_51 -14985.977739425816
run_52 -14985.977360514404
run_53 -14985.977419044139
run_54 -14985.977167316545
run_55 -14985.97745730967
run_56 -14985.978051103928
run_57 -14985.978095542858
run_58 -14985.977979461331
run_59 -14985.97803691847
run_6 -14985.977407846414
run_60 -14985.977442461455
run_61 -14985.97745691635
run_62 -14985.977578164842
run_63 -14985.977764105199
run_64 -14985.97703951602
run_65 -14985.977470485399
run_66 -14985.977540106098
run_67 -14985.977423285265
run_68 -14985.977945220966
run_69 -14985.977860740331
run_7 -14985.977363937549
run_70 -14985.977165861132
run_71 -14985.977976826689
run_72 -14985.977534746486
run_73 -14985.977263287372
run_74 -14985.977991207037
run_75 -14985.977149667477
run_76 -14985.977597881443
run_77 -14985.977409555515
run_78 -14985.977882373387
run_79 -14985.977425524088
run_8 -14985.977610972794
run_9 -14985.977717450976
