run_0 -14986.14081381779
run_1 -14986.14144241478
run_10 -14986.140983331887
run_11 -14986.140871181833
run_12 -14986.141446125443
run_13 -14986.141352995026
run_14 -14986.141171072923
run_15 -14986.14110726241
run_16 -14986.141186309553
run_17 -14986.141143405835
run_18 -14986.141387863783
run_19 -14986.140807548738
run_2 -14986.14084694854
run_20 -14986.14111298598
run_21 -14986.141349847345
run_22 -14986.140790556867
run_23 -14986.14131017423
run_24 -14986.141374946532
run_25 -14986.141103910017
run_26 -14986.14112290576
run_27 -14986.14092850982
run_28 -14986.141167587204
run_29 -14986.141146590435
run_3 -14986.141273901212
run_30 -14986.140715461945
run_31 -14986.14081720595
run_32 -14986.141031104537
run_33 -14986.140923707684
run_34 -14986.140979994208
run_35 -14986.141332155934
run_36 -14986.141505949312
run_37 -14986.141434080175
run_38 -14986.141515392395
run_39 -14986.141350996255
run_4 -14986.141180577419
run_40 -14986.14117658948
run_41 -14986.141744307712
run_42 -14986.1411095822
run_43 -14986.14111540655
run_44 -14986.141076083491
run_45 -14986.141222483384
run_46 -14986.140924683823
run_47 -14986.14152163711
run_48 -14986.141762046274
run_49 -14986.141717153954
run_5 -14986.141745216806
run_50 -14986.14116650417
run_51 -14986.14144237879
run_52 -14986.141083265069
run_53 -14986.141143257126
run_54 -14986.140907671357
run_55 -14986.141170606788
run_56 -14986.141736067446
run_57 -14986.141778788067
run_58 -14986.14166827127
run_59 -14986.14172248626
run_6 -14986.141127927356
run_60 -14986.141158164737
run_61 -14986.141169869119
run_62 -14986.141287722912
run_63 -14986.141466626483
run_64 -14986.140788327215
run_65 -14986.141188915826
run_66 -14986.141250525863
run_67 -14986.141146901711
run_68 -14986.141635202264
run_69 -14986.14155607003
run_7 -14986.141086361466
run_70 -14986.140906540932
run_71 -14986.141666761785
run_72 -14986.141246961892
run_73 -14986.140996735878
run_74 -14986.14167908617
run_75 -14986.140890872022
run_76 -14986.141310293457
run_77 -14986.141127442042
run_78 -14986.141577984836
run_79 -14986.141141555712
run_8 -14986.141320207931
run_9 -14986.141422013374
