run_0 -14994.126963463954
run_1 -14994.12765994039
run_10 -14994.127143852205
run_11 -14994.12701844439
run_12 -14994.127651268213
run_13 -14994.127564631319
run_14 -14994.12737195894
run_15 -14994.127286082996
run_16 -14994.127386194421
run_17 -14994.127341305382
run_18 -14994.127589308835
run_19 -14994.126958604604
run_2 -14994.127002216366
run_20 -14994.127289395565
run_21 -14994.127554482631
run_22 -14994.126940429273
run_23 -14994.127507544967
run_24 -14994.127587861192
run_25 -14994.127292194742
run_26 -14994.127303848396
run_27 -14994.12708079776
run_28 -14994.127350903469
run_29 -14994.127341577565
run_3 -14994.127466264781
run_30 -14994.126866040777
run_31 -14994.126969574765
run_32 -14994.127198486724
run_33 -14994.127075363467
run_34 -14994.127142651825
run_35 -14994.12752821812
run_36 -14994.127717532807
run_37 -14994.127650342503
run_38 -14994.12772783115
run_39 -14994.127551437294
run_4 -14994.127370468832
run_40 -14994.127368966565
run_41 -14994.12798043153
run_42 -14994.12728630875
run_43 -14994.127294428534
run_44 -14994.127247945547
run_45 -14994.127416003994
run_46 -14994.127080856237
run_47 -14994.12773522225
run_48 -14994.127999934262
run_49 -14994.127951540962
run_5 -14994.12798154989
run_50 -14994.127371085247
run_51 -14994.127659555194
run_52 -14994.127264346713
run_53 -14994.127328864764
run_54 -14994.127060524206
run_55 -14994.127371275845
run_56 -14994.12797187582
run_57 -14994.128018427251
run_58 -14994.127898316878
run_59 -14994.127957300512
run_6 -14994.127311180102
run_60 -14994.127351495888
run_61 -14994.1273721752
run_62 -14994.127482094438
run_63 -14994.12767815516
run_64 -14994.126936554378
run_65 -14994.127373812044
run_66 -14994.12744546205
run_67 -14994.127330697174
run_68 -14994.127864671784
run_69 -14994.12778033817
run_7 -14994.1272681402
run_70 -14994.1270620609
run_71 -14994.12789514309
run_72 -14994.12743876543
run_73 -14994.127158711242
run_74 -14994.127910618
run_75 -14994.127039346844
run_76 -14994.127517140198
run_77 -14994.127319486168
run_78 -14994.127798530713
run_79 -14994.127338034777
run_8 -14994.12751559604
run_9 -14994.127636425339
