run_0 -14987.018628356684
run_1 -14987.01931895546
run_10 -14987.018828289216
run_11 -14987.018694981598
run_12 -14987.019340775008
run_13 -14987.019224993917
run_14 -14987.019040285337
run_15 -14987.018964387338
run_16 -14987.019053267428
run_17 -14987.019013932822
run_18 -14987.019273786125
run_19 -14987.018621381827
run_2 -14987.01866438561
run_20 -14987.018967367188
run_21 -14987.01922803302
run_22 -14987.018603555614
run_23 -14987.01918570896
run_24 -14987.019248614608
run_25 -14987.018970347235
run_26 -14987.018977606796
run_27 -14987.01876277175
run_28 -14987.019027520855
run_29 -14987.019013867135
run_3 -14987.019142929472
run_30 -14987.01852792596
run_31 -14987.018631765455
run_32 -14987.01887464037
run_33 -14987.018756793394
run_34 -14987.018816054413
run_35 -14987.019207868598
run_36 -14987.019406689862
run_37 -14987.019312090884
run_38 -14987.01941675795
run_39 -14987.019231318158
run_4 -14987.019041161857
run_40 -14987.019036189715
run_41 -14987.019657101086
run_42 -14987.01896293186
run_43 -14987.018972242888
run_44 -14987.018926372988
run_45 -14987.01908556424
run_46 -14987.018753093576
run_47 -14987.019422461304
run_48 -14987.0196797883
run_49 -14987.019620442221
run_5 -14987.019657896006
run_50 -14987.01903950487
run_51 -14987.01932050072
run_52 -14987.018944752424
run_53 -14987.019000084936
run_54 -14987.018734471836
run_55 -14987.019039845924
run_56 -14987.019644681135
run_57 -14987.019699985285
run_58 -14987.01956685958
run_59 -14987.0196268763
run_6 -14987.018987518702
run_60 -14987.01902319624
run_61 -14987.019040252671
run_62 -14987.019156161718
run_63 -14987.019358208196
run_64 -14987.018601076292
run_65 -14987.019050576902
run_66 -14987.019114790473
run_67 -14987.019004564852
run_68 -14987.019523924868
run_69 -14987.01944078639
run_7 -14987.018948327033
run_70 -14987.018731917251
run_71 -14987.0195729511
run_72 -14987.019111974412
run_73 -14987.018836965643
run_74 -14987.019576993098
run_75 -14987.018718129639
run_76 -14987.019180416519
run_77 -14987.018994705326
run_78 -14987.01947836376
run_79 -14987.019010793378
run_8 -14987.01919472609
run_9 -14987.019300968564
