J = 7.5, Symmetry = Oh, using 80 data points.
######################## nrun 0 ########################
80 selected idx [60 33 58 21 67 14  6 76 73 36 43 31 13 79 54 32 41 50 48 55 35 57  9  4
  3 38 23  1 68 16 62 72 61 59 11 10 40 46 29 28 22 66 75 17 24  8 12 78
 49 45 19 64 47 70 18 53 42  2 77 56  5 52 26 65  0 69 74 30 51 15 27 63
  7 44 25 20 71 37 34 39]
Crystal field parameters [-6.77314417e-03 -3.38581975e-02  6.84191280e-06 -1.45945432e-04
 -3.28745891e+09]
relative energy in cm^-1
-123.31313034513836,
-123.31313034513805,
-103.39438957451449,
-103.39438957451422,
-103.33825636275827,
-103.3382563627581,
-19.429781373002832,
-19.42978137300273,
65.24690169033613,
65.24690169033619,
65.43651474471822,
65.43651474471824,
109.33516617658908,
109.33516617658911,
109.4569750437704,
109.45697504377041,
0th ev c_JM**2
mj = -4.5, |c|^2 = 0.03619522396920059
mj = -0.5, |c|^2 = 0.5116044768759935
mj = 3.5, |c|^2 = 0.10940617883379745
mj = 7.5, |c|^2 = 0.34279412032100864
1th ev c_JM**2
mj = -7.5, |c|^2 = 0.3427941203210149
mj = -3.5, |c|^2 = 0.10940617883379697
mj = 0.5, |c|^2 = 0.5116044768759875
mj = 4.5, |c|^2 = 0.03619522396920025
2th ev c_JM**2
mj = -4.5, |c|^2 = 0.029654786961147938
mj = -0.5, |c|^2 = 0.3436163220950503
mj = 7.5, |c|^2 = 0.6256124178210337
3th ev c_JM**2
mj = -7.5, |c|^2 = 0.6256124178210251
mj = 0.5, |c|^2 = 0.3436163220950581
mj = 4.5, |c|^2 = 0.0296547869611487
4th ev c_JM**2
mj = -6.5, |c|^2 = 0.03762377962018024
mj = -2.5, |c|^2 = 0.2596818645086234
mj = 1.5, |c|^2 = 0.6461418472151125
mj = 5.5, |c|^2 = 0.056541335007170575
5th ev c_JM**2
mj = -5.5, |c|^2 = 0.056541335007170825
mj = -1.5, |c|^2 = 0.6461418472151137
mj = 2.5, |c|^2 = 0.25968186450862185
mj = 6.5, |c|^2 = 0.03762377962017989
6th ev c_JM**2
mj = -6.5, |c|^2 = 0.35939647615180165
mj = -2.5, |c|^2 = 0.305048336833204
mj = -1.5, |c|^2 = 0.020573380519935444
mj = 1.5, |c|^2 = 0.18286863759709726
mj = 2.5, |c|^2 = 0.03431903684036929
mj = 5.5, |c|^2 = 0.05156004315162393
mj = 6.5, |c|^2 = 0.040433398304664865
7th ev c_JM**2
mj = -6.5, |c|^2 = 0.04043339830466481
mj = -5.5, |c|^2 = 0.05156004315162399
mj = -2.5, |c|^2 = 0.03431903684036927
mj = -1.5, |c|^2 = 0.1828686375970958
mj = 1.5, |c|^2 = 0.02057338051993534
mj = 2.5, |c|^2 = 0.3050483368332052
mj = 6.5, |c|^2 = 0.35939647615180187
8th ev c_JM**2
mj = -7.5, |c|^2 = 0.02900246904340383
mj = -3.5, |c|^2 = 0.7790991472718295
mj = 0.5, |c|^2 = 0.025710510799825722
mj = 4.5, |c|^2 = 0.16618787288494125
9th ev c_JM**2
mj = -4.5, |c|^2 = 0.16618787288494147
mj = -0.5, |c|^2 = 0.02571051079982595
mj = 3.5, |c|^2 = 0.7790991472718287
mj = 7.5, |c|^2 = 0.029002469043403686
10th ev c_JM**2
mj = -6.5, |c|^2 = 0.5459116241419375
mj = -2.5, |c|^2 = 0.352944735636135
mj = 1.5, |c|^2 = 0.012117213282294023
mj = 5.5, |c|^2 = 0.0890146273859225
11th ev c_JM**2
mj = -5.5, |c|^2 = 0.08901462738592243
mj = -1.5, |c|^2 = 0.012117213282293928
mj = 2.5, |c|^2 = 0.35294473563613527
mj = 6.5, |c|^2 = 0.5459116241419374
12th ev c_JM**2
mj = -3.5, |c|^2 = 0.11037820077160561
mj = 0.5, |c|^2 = 0.1190686902291302
mj = 4.5, |c|^2 = 0.7679621161847099
13th ev c_JM**2
mj = -4.5, |c|^2 = 0.7679621161847101
mj = -0.5, |c|^2 = 0.1190686902291304
mj = 3.5, |c|^2 = 0.11037820077160572
14th ev c_JM**2
mj = -5.5, |c|^2 = 0.762748350692561
mj = -1.5, |c|^2 = 0.13233482661428989
mj = 2.5, |c|^2 = 0.04593146612928287
mj = 5.5, |c|^2 = 0.03433327103606202
mj = 6.5, |c|^2 = 0.01591163600610985
15th ev c_JM**2
mj = -6.5, |c|^2 = 0.01591163600610994
mj = -5.5, |c|^2 = 0.03433327103606201
mj = -2.5, |c|^2 = 0.04593146612928259
mj = 1.5, |c|^2 = 0.1323348266142897
mj = 5.5, |c|^2 = 0.7627483506925612
relative energy in cm^-1
0.0,
3.126388037344441e-13,
19.91874077062387,
19.91874077062414,
19.97487398238009,
19.97487398238026,
103.88334897213554,
103.88334897213564,
188.56003203547448,
188.56003203547453,
188.74964508985659,
188.74964508985659,
232.64829652172745,
232.64829652172747,
232.77010538890875,
232.77010538890877,
CF paramters in Phi format
1 2 2 0.0
1 2 1 0.0
1 2 0 0.0
1 2 -1 0.0
1 2 -2 0.0
1 4 4 -0.03385819754423765
1 4 3 0.0
1 4 2 0.0
1 4 1 0.0
1 4 0 -0.006773144167060584
1 4 -1 0.0
1 4 -2 0.0
1 4 -3 0.0
1 4 -4 0.0
1 6 6 0.0
1 6 5 0.0
1 6 4 -0.00014594543158629182
1 6 3 0.0
1 6 2 0.0
1 6 1 0.0
1 6 0 6.841912799769849e-06
1 6 -1 0.0
1 6 -2 0.0
1 6 -3 0.0
1 6 -4 0.0
1 6 -5 0.0
1 6 -6 0.0
H std avg over terms 0.0
ew std avg over terms 0.0
ew sum max magnitude 1973.0100855222142
