Currently Loaded Modulefiles:
 1) gmp/6.2.1-gcc-13.2.0-lcnhyse <aL>             
 2) mpfr/4.2.0-gcc-13.2.0-yy2fkq5 <aL>            
 3) mpc/1.3.1-gcc-13.2.0-5kgoftq <aL>             
 4) zlib-ng/2.1.3-gcc-13.2.0-jetnfwa <aL>         
 5) zstd/1.5.5-gcc-13.2.0-t2lua3l <aL>            
 6) gcc/13.2.0-gcc-13.2.0-w55nxkl                 
 7) cmake/3.20.2-gcc-13.2.0-rp74vpv               
 8) libfabric/1.18.1-gcc-13.2.0-bijxar4 <aL>      
 9) numactl/2.0.14-gcc-13.2.0-etkf74e <aL>        
10) openssh/8.7p1-gcc-13.2.0-g55xmkx <aL>         
11) slurm/22.05.6-gcc-13.2.0-tchsn6y <aL>         
12) openmpi/4.1.5-gcc-13.2.0-24q3ap2              
13) libpciaccess/0.17-gcc-13.2.0-r2cijnn <aL>     
14) libiconv/1.17-gcc-13.2.0-ntov4te <aL>         
15) xz/5.4.1-gcc-13.2.0-4xkm5xo <aL>              
16) libxml2/2.10.3-gcc-13.2.0-fr6jcjz <aL>        
17) ncurses/6.4-gcc-13.2.0-4o2yj6n <aL>           
18) hwloc/2.9.1-gcc-13.2.0-gzvfolk <aL>           
19) intel-tbb/2021.9.0-gcc-13.2.0-6nwk3ml <aL>    
20) intel-oneapi-mkl/2023.2.0-gcc-13.2.0-ohvyk7g  

Key:
<module-tag>  <aL>=auto-loaded  
/central/groups/changroup/members/lppeng/holmium/run/paper_final/run_ErCO34/conf2/GS/run_21
Tue Apr 15 21:08:08 PDT 2025
hpc-93-04.cm.cluster
--------------------------------------------------------------------------
WARNING: There is at least one non-excluded one OpenFabrics device found,
but there are no active ports detected (or Open MPI was unable to use
them).  This is most certainly not what you wanted.  Check your
cables, subnet manager configuration, etc.  The openib BTL will be
ignored for this job.

  Local host: hpc-93-04
--------------------------------------------------------------------------
Apr 15 21:08:12 ####### 
                ####### libDMET   version 0.5
                ####### A periodic DMET library for lattice model and realistic solid.
                ####### 
#INFO: **** input file is /central/groups/changroup/members/lppeng/holmium/run/paper_final/run_ErCO34/conf2/GS/run_21/ground_state.py ****
'''
Example input to calculate the ground state of a molecular system
Include x2c relativistic effect
'''
import pyscf
from pyscf.scf.hf import RHF
from pyscf.dft.uks import UKS
from pyscf.dft.gks import GKS
from pyscf import lib
import os, sys
import numpy as np
import scipy.linalg as la
from scipy.linalg import sqrtm, eigh
from scipy.optimize import root
np.set_printoptions(precision=12, threshold=sys.maxsize, linewidth=190, suppress=True)
log = lib.logger.Logger(sys.stdout, 4)

if __name__ == "__main__":
    from pyscf import gto, scf, dft, lib
    from pyscf.lib import chkfile
    from stevens import cdft, project, utils
    from stevens.project import get_mj

    # system input
    geometry = 'ErCO34' # The name of geometry file minus ".xyz"
                       # Make sure first atom is the central magnetic atom 
    spin = 3 # number of unpaired electrons in a unit cell
    charge = -5 # charge of the molecule or a unit cell
    basis = {'default': '631g', 'Er': 'sarc-dkh'} # specify basis for all elements here
    max_memory = 80000 # in the unit of MB. Recommend: memory available on a node - 10000 MB
    qmmm = True # add environment with classical charges

    # (c)HF/DFT parameters
    xc = 'HF' # functional
    smearing = None # To help HF/DFT converge, try e.g. 5e-2
    chkfname_guess = 'minao' # initial guess. 'minao' for default PySCF guess; None for constrained HF; 
                # path to a checkpoint file to restart from a SCF solution.
                # 'project' to project from the SCF solution in a small basis to generate the initial guess
    chkfname_small = '../gs_small_%s.chk'%geometry # checkpoint file in a small basis. Used when chkfname_guess == 'project'
    basis_small = {'default': 'minao', 'Er': 'cc-x2c-minao'}# the small basis associated with chkfname_small
    change_dm_mode = 'rotate' # None: no change
                          # 'positive_z': set the 4f block of dm so that J~(0,0,J)
                          # 'rotate': rotate the 4f block of dm by some angles
    atom_index = 0 # the index of central lanthanide atom
    occ_idx = 21
    noise = 0 # max noise on density matrix initial guess

    # constrained HF parameters for the initial guess
    ao_shell = 'f'
    lo_chkfname = '../../UHF/uhf_gs_%s_lo.h5'%geometry  
    multiplier0 = 0.1
    # END USER INPUT

    # set up system
    if os.path.isfile('../../' + geometry + ".xyz"):
        mol = gto.M(
            atom = '../../' + geometry + ".xyz",
            basis = basis,
            verbose = 4,
            spin = spin,
            charge = charge,
            max_memory = max_memory,
            )
        mol.set_common_origin(mol._atom[atom_index][1])
    else:
        raise ValueError("No .xyz file available!")
    log.info("N_elec %s, N_ao %s"%(mol.nelec, mol.nao))

    # generate HF/DFT initial guess
    if chkfname_guess == 'minao':
        mf = scf.GKS(mol).x2c()
        dm0 = mf.get_init_guess()
        print("Use PySCF default init guess")
        dm0 = utils.change_dm_guess(mol, dm0, 'positive_z', atom_index=atom_index, occ_idx=occ_idx) ###
    elif chkfname_guess is None:
        # run constrained DFT
        angles = cdft.sample_rotation('xyz', occ_idx, unit=20)
        from scipy.spatial.transform import Rotation
        direction = Rotation.from_euler('zyz', angles, degrees=False) @ [0,0,1]
        cmf = cdft.CGKS(mol, direction, multiplier_guess=multiplier0, max_cycle=300,
                atom_index=atom_index, ao_shell='f', lo_chkfname=lo_chkfname, xc=xc, smearing=smearing)
        cmf.kernel()
        dm0 = cmf._scf.make_rdm1()
        print("Contrained SCF solution as init guess")
    elif chkfname_guess == 'project':
        # project dm0 in a small basis to the larger basis 
        dm0 = utils.project_dm_from_small_basis(mol, basis_small, chkfname_small, change_dm_mode, atom_index=atom_index, occ_idx=occ_idx)
        print("Project wavefunction in a smaller basis to the target basis as init guess")
    else:
        mf = scf.GKS(mol).x2c()
        data = chkfile.load(chkfname_guess, 'scf')
        mf.__dict__.update(data)
        dm0 = mf.make_rdm1()
        mf.analyze(with_meta_lowdin=False)
        print("Load .chk file for init guess")
    if change_dm_mode is not None and not chkfname_guess == 'project': # when chkfname_guess == 'project', change in small basis
        dm0 = utils.change_dm_guess(mol, dm0, change_dm_mode, atom_index=atom_index, occ_idx=occ_idx)
    dm0 += (np.random.rand(*(dm0.shape)) - 0.5) * noise  
    print("J vector of initial guess", get_mj(mol, dm0, analyze=True))

    # run HF/DFT
    mf = scf.GKS(mol).x2c()
    mf.xc = xc
    if xc.upper() != 'HF':
        mf.collinear = 'mcol'
        mf.grids.level = 6 
    mf.chkfile = 'gs_' + geometry + '.chk' 
    mf.max_cycle = 3000 
    if smearing is not None:
        mf = scf.addons.smearing_(mf, sigma=smearing, method="fermi")
    if qmmm: # add the precomputed potential from environmental classical charges 
        get_hcore_original = mf.get_hcore
        hcore_mm = np.load('../../mm_hcore.npy')
        def get_hcore_mm(self, mol=None):
            return get_hcore_original(mol=mol) + la.block_diag(hcore_mm, hcore_mm)
        import types
        mf.get_hcore = types.MethodType(get_hcore_mm, mf)
    mf.kernel(dm0=dm0)
    dm = mf.make_rdm1()
    print("S vector", get_mj(mol, dm, include_L=False))
    print("L vector", get_mj(mol, dm, include_S=False))
    print("J vector", get_mj(mol, dm))
#INFO: ******************** input file end ********************


System: uname_result(system='Linux', node='hpc-93-04.cm.cluster', release='5.14.0-362.24.1.el9_3.x86_64', version='#1 SMP PREEMPT_DYNAMIC Thu Feb 15 07:18:13 EST 2024', machine='x86_64')  Threads 16
Python 3.11.6 | packaged by conda-forge | (main, Oct  3 2023, 10:40:35) [GCC 12.3.0]
numpy 1.26.0  scipy 1.11.3
Date: Tue Apr 15 21:08:14 2025
PySCF version 2.5.0
PySCF path  /home/lppeng/anaconda3/envs/nerscV25/lib/python3.11/site-packages/pyscf

[CONFIG] conf_file None
[INPUT] verbose = 4
[INPUT] num. atoms = 17
[INPUT] num. electrons = 193
[INPUT] charge = -5
[INPUT] spin (= nelec alpha-beta = 2S) = 3
[INPUT] symmetry False subgroup None
[INPUT] Mole.unit = angstrom
[INPUT] Symbol           X                Y                Z      unit          X                Y                Z       unit  Magmom
[INPUT]  1 Er     0.983621000000  15.502244000000  16.207915000000 AA    1.858774300371  29.294995476182  30.628520400230 Bohr   0.0
[INPUT]  2 O      1.999162000000  14.046589000000  17.748158000000 AA    3.777868658638  26.544206194328  33.539157835508 Bohr   0.0
[INPUT]  3 O      0.849859000000  13.239725000000  19.509454000000 AA    1.606000754497  25.019454214557  36.867524899800 Bohr   0.0
[INPUT]  4 O     -0.191063000000  14.330252000000  17.844156000000 AA   -0.361056742538  27.080251576001  33.720567764014 Bohr   0.0
[INPUT]  5 O      0.075398000000  13.922617000000  14.734947000000 AA    0.142481570340  26.309933067214  27.845014289982 Bohr   0.0
[INPUT]  6 O      1.310036000000  13.048514000000  13.067690000000 AA    2.475609253321  24.658117792553  24.694355180718 Bohr   0.0
[INPUT]  7 O      2.203594000000  14.429009000000  14.574295000000 AA    4.164189149735  27.266875258884  27.541426008618 Bohr   0.0
[INPUT]  8 O     -1.142155000000  16.458779000000  15.996655000000 AA   -2.158360141803  31.102584654743  30.229296859154 Bohr   0.0
[INPUT]  9 O      0.436800000000  17.108053000000  14.609560000000 AA    0.825432371210  32.329534694544  27.608067200401 Bohr   0.0
[INPUT] 10 O      1.479297000000  17.162683000000  17.755992000000 AA    2.795466186891  32.432770432729  33.553961949968 Bohr   0.0
[INPUT] 11 O      3.574079000000  17.921221000000  18.087093000000 AA    6.754030457559  33.866199507804  34.179652159538 Bohr   0.0
[INPUT] 12 O      3.086741000000  16.549131000000  16.376735000000 AA    5.833095107466  31.273325189550  30.947543964579 Bohr   0.0
[INPUT] 13 C      0.893280000000  13.851177000000  18.394684000000 AA    1.688054552551  26.174931032875  34.760914907919 Bohr   0.0
[INPUT] 14 C      1.209619000000  13.783938000000  14.098216000000 AA    2.285848625070  26.047867737985  26.641767084961 Bohr   0.0
[INPUT] 15 C     -0.820004000000  17.160582000000  14.960252000000 AA   -1.549582981048  32.428800118141  28.270779034477 Bohr   0.0
[INPUT] 16 C      2.757666000000  17.225719000000  17.422934000000 AA    5.211233483025  32.551891208717  32.924573546373 Bohr   0.0
[INPUT] 17 O     -1.665533000000  17.832969000000  14.307847000000 AA   -3.147401221425  33.699427397859  27.037912262180 Bohr   0.0

nuclear repulsion = 2660.00686642269
number of shells = 122
number of NR pGTOs = 525
number of NR cGTOs = 264
basis = {'default': '631g', 'Er': 'sarc-dkh'}
ecp = {}
CPU time:         4.62
N_elec (98, 95), N_ao 264
Initial guess from minao.
Use PySCF default init guess
Updated f-block dm with J~(0,0,J)
(3, 264, 264) 264
Haar random target direction [0.3090169943749474, 0.0, 0.9510565162951535]
Haar random total rotation [0.     0.3142 0.    ]
Rotated f-block dm by angles from +z [0.     0.3142 0.    ]
(3, 264, 264) 264
elemental J of ['C' 'Er' 'O']
   C 0.4607+0.0165j 0.0000+0.0000j 0.0000+0.0033j 
  Er 0.3118-0.0007j 0.0000+0.0000j 7.4435-0.0004j 
   O 1.8119-0.0159j 0.0000+0.0000j -0.0000-0.0029j 
J vector of initial guess [2.5845-0.j 0.    +0.j 7.4435+0.j]


******** <class 'pyscf.x2c.x2c.X2C1eGKS'> ********
method = X2C1eGKS
initial guess = minao
damping factor = 0
level_shift factor = 0
DIIS = <class 'pyscf.scf.diis.CDIIS'>
diis_start_cycle = 1
diis_space = 8
diis_damp = 0
SCF conv_tol = 1e-09
SCF conv_tol_grad = None
SCF max_cycles = 3000
direct_scf = True
direct_scf_tol = 1e-13
chkfile to save SCF result = gs_ErCO34.chk
max_memory 80000 MB (current use 236 MB)
XC library pyscf.dft.libxc version 6.1.0
    S. Lehtola, C. Steigemann, M. J.T. Oliveira, and M. A.L. Marques.,  SoftwareX 7, 1–5 (2018)
XC functionals = HF

radial grids: 
    Treutler-Ahlrichs [JCP 102, 346 (1995); DOI:10.1063/1.469408] (M4) radial grids
    
becke partition: Becke, JCP 88, 2547 (1988); DOI:10.1063/1.454033
pruning grids: <function nwchem_prune at 0x7f0e00869e40>
grids dens level: 3
symmetrized grids: False
atomic radii adjust function: <function treutler_atomic_radii_adjust at 0x7f0e0086a480>
small_rho_cutoff = 1e-07
collinear = col


******** <class 'pyscf.x2c.x2c.SpinOrbitalX2CHelper'> ********
approx = 1e
xuncontract = 1
Overwritten attributes  get_hcore  of <class 'pyscf.x2c.x2c.X2C1eGKS'>
Set gradient conv threshold to 3.16228e-05
tot grids = 247904
init E= -14183.6051921426
  HOMO = -0.895198970052408  LUMO = -0.579099585012553
cycle= 1 E= -14189.916117554  delta_E= -6.31  |g|= 2.66  |ddm|= 3.82
  HOMO = 0.145962669342117  LUMO = 0.267077327457083
cycle= 2 E= -14190.6287893789  delta_E= -0.713  |g|= 1.61  |ddm|= 2.66
  HOMO = -0.00236002360907432  LUMO = 0.260547996357509
cycle= 3 E= -14191.1305588495  delta_E= -0.502  |g|= 0.244  |ddm|= 1.08
  HOMO = -0.0138207825778681  LUMO = 0.259832479946517
cycle= 4 E= -14191.1398732262  delta_E= -0.00931  |g|= 0.0552  |ddm|= 0.153
  HOMO = -0.0108429581996608  LUMO = 0.259576853807709
cycle= 5 E= -14191.1414198309  delta_E= -0.00155  |g|= 0.0267  |ddm|= 0.0585
  HOMO = -0.0137578749097935  LUMO = 0.259599625099137
cycle= 6 E= -14191.1423367962  delta_E= -0.000917  |g|= 0.0202  |ddm|= 0.039
  HOMO = -0.0142816671330103  LUMO = 0.259485939440359
cycle= 7 E= -14191.1431774556  delta_E= -0.000841  |g|= 0.0159  |ddm|= 0.0372
  HOMO = -0.0144869375698015  LUMO = 0.259528473192221
cycle= 8 E= -14191.1441294046  delta_E= -0.000952  |g|= 0.0102  |ddm|= 0.056
  HOMO = -0.0140294904649632  LUMO = 0.259533006104723
cycle= 9 E= -14191.1445483216  delta_E= -0.000419  |g|= 0.00483  |ddm|= 0.0477
  HOMO = -0.0141095662111676  LUMO = 0.259543086502482
cycle= 10 E= -14191.1446305652  delta_E= -8.22e-05  |g|= 0.00247  |ddm|= 0.0218
  HOMO = -0.014397319810916  LUMO = 0.259543885798534
cycle= 11 E= -14191.1446466957  delta_E= -1.61e-05  |g|= 0.00173  |ddm|= 0.00768
  HOMO = -0.0143991352281013  LUMO = 0.259540329898337
cycle= 12 E= -14191.1446529097  delta_E= -6.21e-06  |g|= 0.00151  |ddm|= 0.00334
  HOMO = -0.0144078370333998  LUMO = 0.259538993019153
cycle= 13 E= -14191.1446583546  delta_E= -5.44e-06  |g|= 0.00136  |ddm|= 0.00297
  HOMO = -0.014412917079505  LUMO = 0.259541000024269
cycle= 14 E= -14191.1446645687  delta_E= -6.21e-06  |g|= 0.00124  |ddm|= 0.00346
  HOMO = -0.0144156171865494  LUMO = 0.259541175834544
cycle= 15 E= -14191.1446742333  delta_E= -9.66e-06  |g|= 0.00107  |ddm|= 0.00604
  HOMO = -0.014363676295333  LUMO = 0.25953886708024
cycle= 16 E= -14191.1446859929  delta_E= -1.18e-05  |g|= 0.000821  |ddm|= 0.00941
  HOMO = -0.0144010074223427  LUMO = 0.259542711151721
cycle= 17 E= -14191.1446938236  delta_E= -7.83e-06  |g|= 0.000569  |ddm|= 0.00955
  HOMO = -0.0144109836727067  LUMO = 0.259540127441268
cycle= 18 E= -14191.1446968214  delta_E= -3e-06  |g|= 0.000419  |ddm|= 0.00609
  HOMO = -0.0144074484059006  LUMO = 0.259539966275092
cycle= 19 E= -14191.1446976287  delta_E= -8.07e-07  |g|= 0.000373  |ddm|= 0.00218
  HOMO = -0.0144051010713233  LUMO = 0.259539840766333
cycle= 20 E= -14191.1446980783  delta_E= -4.5e-07  |g|= 0.000359  |ddm|= 0.00104
  HOMO = -0.0144084042086603  LUMO = 0.259539997088335
cycle= 21 E= -14191.1446985031  delta_E= -4.25e-07  |g|= 0.000349  |ddm|= 0.000882
  HOMO = -0.0144038556770718  LUMO = 0.259539717452169
cycle= 22 E= -14191.1446989871  delta_E= -4.84e-07  |g|= 0.000342  |ddm|= 0.001
  HOMO = -0.0144039495799573  LUMO = 0.25953998109634
cycle= 23 E= -14191.1446996378  delta_E= -6.51e-07  |g|= 0.000335  |ddm|= 0.00135
  HOMO = -0.0144081727194947  LUMO = 0.25953989065662
cycle= 24 E= -14191.1447003852  delta_E= -7.47e-07  |g|= 0.000329  |ddm|= 0.00157
  HOMO = -0.0144044122716761  LUMO = 0.259539642911398
cycle= 25 E= -14191.1447013035  delta_E= -9.18e-07  |g|= 0.000324  |ddm|= 0.00196
  HOMO = -0.0144077175211494  LUMO = 0.259539878587995
cycle= 26 E= -14191.1447022033  delta_E= -9e-07  |g|= 0.00032  |ddm|= 0.00196
  HOMO = -0.0144069178303729  LUMO = 0.259539599141469
cycle= 27 E= -14191.144703395  delta_E= -1.19e-06  |g|= 0.000315  |ddm|= 0.00264
  HOMO = -0.0144047438352329  LUMO = 0.259539590778052
cycle= 28 E= -14191.1447046658  delta_E= -1.27e-06  |g|= 0.00031  |ddm|= 0.00289
  HOMO = -0.0144026001216519  LUMO = 0.259539304228057
cycle= 29 E= -14191.1447067734  delta_E= -2.11e-06  |g|= 0.000302  |ddm|= 0.00493
  HOMO = -0.01440505990903  LUMO = 0.259539380843068
cycle= 30 E= -14191.1447095698  delta_E= -2.8e-06  |g|= 0.000292  |ddm|= 0.00687
  HOMO = -0.0144029125887712  LUMO = 0.259538938830725
cycle= 31 E= -14191.1447116994  delta_E= -2.13e-06  |g|= 0.000286  |ddm|= 0.00552
  HOMO = -0.0144043696363452  LUMO = 0.259539033374278
cycle= 32 E= -14191.1447134315  delta_E= -1.73e-06  |g|= 0.000281  |ddm|= 0.00466
  HOMO = -0.0144068639726005  LUMO = 0.259538928030673
cycle= 33 E= -14191.1447149159  delta_E= -1.48e-06  |g|= 0.000276  |ddm|= 0.00404
  HOMO = -0.0144038852061804  LUMO = 0.25953879858359
cycle= 34 E= -14191.1447160888  delta_E= -1.17e-06  |g|= 0.000273  |ddm|= 0.00322
  HOMO = -0.0144054265543576  LUMO = 0.259538772458719
cycle= 35 E= -14191.1447170777  delta_E= -9.89e-07  |g|= 0.00027  |ddm|= 0.00269
  HOMO = -0.014403859009337  LUMO = 0.259538553035667
cycle= 36 E= -14191.1447182637  delta_E= -1.19e-06  |g|= 0.000267  |ddm|= 0.00324
  HOMO = -0.0144028932749759  LUMO = 0.259538587571633
cycle= 37 E= -14191.1447196443  delta_E= -1.38e-06  |g|= 0.000263  |ddm|= 0.00373
  HOMO = -0.0144028170675707  LUMO = 0.259538272963681
cycle= 38 E= -14191.1447211617  delta_E= -1.52e-06  |g|= 0.00026  |ddm|= 0.0042
  HOMO = -0.014403666171025  LUMO = 0.259538360778743
cycle= 39 E= -14191.1447226716  delta_E= -1.51e-06  |g|= 0.000257  |ddm|= 0.0042
  HOMO = -0.0144027350133145  LUMO = 0.259538199560739
cycle= 40 E= -14191.1447237199  delta_E= -1.05e-06  |g|= 0.000256  |ddm|= 0.00297
  HOMO = -0.0144033848498672  LUMO = 0.259538201219204
cycle= 41 E= -14191.1447250249  delta_E= -1.3e-06  |g|= 0.000254  |ddm|= 0.00374
  HOMO = -0.0144033426393705  LUMO = 0.259537974567292
cycle= 42 E= -14191.1447271765  delta_E= -2.15e-06  |g|= 0.000251  |ddm|= 0.00623
  HOMO = -0.0144007712886626  LUMO = 0.259537778531932
cycle= 43 E= -14191.1447300077  delta_E= -2.83e-06  |g|= 0.000248  |ddm|= 0.00844
  HOMO = -0.0144021472261154  LUMO = 0.259537534426829
cycle= 44 E= -14191.1447323291  delta_E= -2.32e-06  |g|= 0.000245  |ddm|= 0.00706
  HOMO = -0.0144006105947979  LUMO = 0.259537315276202
cycle= 45 E= -14191.1447344197  delta_E= -2.09e-06  |g|= 0.000242  |ddm|= 0.0065
  HOMO = -0.0144002527235427  LUMO = 0.25953730963081
cycle= 46 E= -14191.1447378018  delta_E= -3.38e-06  |g|= 0.000237  |ddm|= 0.0108
  HOMO = -0.014399968044176  LUMO = 0.25953677672997
cycle= 47 E= -14191.1447411024  delta_E= -3.3e-06  |g|= 0.000235  |ddm|= 0.0109
  HOMO = -0.0143998329963278  LUMO = 0.259536698274535
cycle= 48 E= -14191.144744301  delta_E= -3.2e-06  |g|= 0.000229  |ddm|= 0.0109
  HOMO = -0.0143983048732977  LUMO = 0.259536363637702
cycle= 49 E= -14191.1447471894  delta_E= -2.89e-06  |g|= 0.000223  |ddm|= 0.0102
  HOMO = -0.0143981663869747  LUMO = 0.259536065892256
cycle= 50 E= -14191.1447507758  delta_E= -3.59e-06  |g|= 0.000225  |ddm|= 0.0134
  HOMO = -0.0143971490348531  LUMO = 0.259535599068267
cycle= 51 E= -14191.1447534164  delta_E= -2.64e-06  |g|= 0.000219  |ddm|= 0.0103
  HOMO = -0.0143964251947251  LUMO = 0.259535421307426
cycle= 52 E= -14191.1447573238  delta_E= -3.91e-06  |g|= 0.000217  |ddm|= 0.0162
  HOMO = -0.0143952882347883  LUMO = 0.259534959062012
cycle= 53 E= -14191.1447607538  delta_E= -3.43e-06  |g|= 0.000207  |ddm|= 0.0153
  HOMO = -0.0143947858282486  LUMO = 0.259534732009529
cycle= 54 E= -14191.1447629089  delta_E= -2.16e-06  |g|= 0.000199  |ddm|= 0.0101
  HOMO = -0.0143946563766565  LUMO = 0.259534845294337
cycle= 55 E= -14191.1447641774  delta_E= -1.27e-06  |g|= 0.000194  |ddm|= 0.00586
  HOMO = -0.0143937894785786  LUMO = 0.259534537654084
cycle= 56 E= -14191.144765052  delta_E= -8.75e-07  |g|= 0.000204  |ddm|= 0.00485
  HOMO = -0.0143934131614489  LUMO = 0.259534380821722
cycle= 57 E= -14191.1447665173  delta_E= -1.47e-06  |g|= 0.000187  |ddm|= 0.00699
  HOMO = -0.0143926679706905  LUMO = 0.259534103596581
cycle= 58 E= -14191.1447685365  delta_E= -2.02e-06  |g|= 0.000188  |ddm|= 0.0107
  HOMO = -0.0143903811076021  LUMO = 0.259533790294534
cycle= 59 E= -14191.1447707377  delta_E= -2.2e-06  |g|= 0.000176  |ddm|= 0.0112
  HOMO = -0.0143922538090428  LUMO = 0.259533616702734
cycle= 60 E= -14191.1447721425  delta_E= -1.4e-06  |g|= 0.000164  |ddm|= 0.007
  HOMO = -0.0143897329368501  LUMO = 0.259533555863475
cycle= 61 E= -14191.1447738439  delta_E= -1.7e-06  |g|= 0.000174  |ddm|= 0.0102
  HOMO = -0.0143898649540964  LUMO = 0.259533373166008
cycle= 62 E= -14191.1447750459  delta_E= -1.2e-06  |g|= 0.000157  |ddm|= 0.00703
  HOMO = -0.0143903173518435  LUMO = 0.259533474517367
cycle= 63 E= -14191.1447759024  delta_E= -8.57e-07  |g|= 0.000147  |ddm|= 0.00491
  HOMO = -0.014388570437386  LUMO = 0.259532885191474
cycle= 64 E= -14191.1447776415  delta_E= -1.74e-06  |g|= 0.000133  |ddm|= 0.0112
  HOMO = -0.0143876530205785  LUMO = 0.259532856352931
cycle= 65 E= -14191.1447798069  delta_E= -2.17e-06  |g|= 0.000166  |ddm|= 0.0163
  HOMO = -0.0143860824828031  LUMO = 0.259532655525343
cycle= 66 E= -14191.1447802851  delta_E= -4.78e-07  |g|= 0.000115  |ddm|= 0.00392
  HOMO = -0.014387267810272  LUMO = 0.259532558318535
cycle= 67 E= -14191.1447805291  delta_E= -2.44e-07  |g|= 0.000109  |ddm|= 0.00208
  HOMO = -0.0143876737784023  LUMO = 0.259532554508078
cycle= 68 E= -14191.1447811546  delta_E= -6.26e-07  |g|= 0.000109  |ddm|= 0.00547
  HOMO = -0.014386492733534  LUMO = 0.259532576894451
cycle= 69 E= -14191.1447811548  delta_E= -1.93e-10  |g|= 9.9e-05  |ddm|= 0.00108
  HOMO = -0.0143880747218635  LUMO = 0.259532528545452
cycle= 70 E= -14191.1447814477  delta_E= -2.93e-07  |g|= 9.56e-05  |ddm|= 0.0027
  HOMO = -0.0143870876016012  LUMO = 0.259532523375027
cycle= 71 E= -14191.1447816341  delta_E= -1.86e-07  |g|= 9.14e-05  |ddm|= 0.00181
  HOMO = -0.0143870793952501  LUMO = 0.259532437133008
cycle= 72 E= -14191.1447817058  delta_E= -7.18e-08  |g|= 8.88e-05  |ddm|= 0.000705
  HOMO = -0.0143868516888325  LUMO = 0.259532428551205
cycle= 73 E= -14191.1447819407  delta_E= -2.35e-07  |g|= 8.55e-05  |ddm|= 0.00226
  HOMO = -0.0143861874987512  LUMO = 0.259532312114026
cycle= 74 E= -14191.1447820986  delta_E= -1.58e-07  |g|= 8.34e-05  |ddm|= 0.00148
  HOMO = -0.0143865189686712  LUMO = 0.259532381038209
cycle= 75 E= -14191.1447822285  delta_E= -1.3e-07  |g|= 8.2e-05  |ddm|= 0.00124
  HOMO = -0.0143870531765386  LUMO = 0.259532299324567
cycle= 76 E= -14191.1447825355  delta_E= -3.07e-07  |g|= 7.87e-05  |ddm|= 0.00292
  HOMO = -0.0143862067507056  LUMO = 0.259532299240687
cycle= 77 E= -14191.1447828107  delta_E= -2.75e-07  |g|= 7.56e-05  |ddm|= 0.00267
  HOMO = -0.0143861682923386  LUMO = 0.259532185694378
cycle= 78 E= -14191.1447830482  delta_E= -2.38e-07  |g|= 7.3e-05  |ddm|= 0.00236
  HOMO = -0.0143866666958615  LUMO = 0.259532178582616
cycle= 79 E= -14191.1447832576  delta_E= -2.09e-07  |g|= 7.08e-05  |ddm|= 0.00215
  HOMO = -0.0143854811244898  LUMO = 0.259532075026344
cycle= 80 E= -14191.1447835321  delta_E= -2.74e-07  |g|= 6.8e-05  |ddm|= 0.00293
  HOMO = -0.0143857513789097  LUMO = 0.259532002336708
cycle= 81 E= -14191.1447837087  delta_E= -1.77e-07  |g|= 6.63e-05  |ddm|= 0.00197
  HOMO = -0.0143856269677304  LUMO = 0.259531985021056
cycle= 82 E= -14191.1447838955  delta_E= -1.87e-07  |g|= 6.46e-05  |ddm|= 0.00215
  HOMO = -0.0143852708701807  LUMO = 0.259531887630148
cycle= 83 E= -14191.1447840517  delta_E= -1.56e-07  |g|= 6.33e-05  |ddm|= 0.00185
  HOMO = -0.0143854920757533  LUMO = 0.259531957240569
cycle= 84 E= -14191.1447841658  delta_E= -1.14e-07  |g|= 6.24e-05  |ddm|= 0.00138
  HOMO = -0.0143857244289926  LUMO = 0.259531853337053
cycle= 85 E= -14191.1447843612  delta_E= -1.95e-07  |g|= 6.09e-05  |ddm|= 0.00243
  HOMO = -0.0143852055779221  LUMO = 0.259531822778472
cycle= 86 E= -14191.1447845116  delta_E= -1.5e-07  |g|= 5.95e-05  |ddm|= 0.00191
  HOMO = -0.0143851062560374  LUMO = 0.259531711190691
cycle= 87 E= -14191.1447847387  delta_E= -2.27e-07  |g|= 5.71e-05  |ddm|= 0.00294
  HOMO = -0.0143851069908644  LUMO = 0.259531703355306
cycle= 88 E= -14191.1447848398  delta_E= -1.01e-07  |g|= 5.61e-05  |ddm|= 0.00134
  HOMO = -0.0143845117813302  LUMO = 0.259531644558019
cycle= 89 E= -14191.1447849697  delta_E= -1.3e-07  |g|= 5.46e-05  |ddm|= 0.00176
  HOMO = -0.0143849035450638  LUMO = 0.259531629671679
cycle= 90 E= -14191.1447850373  delta_E= -6.76e-08  |g|= 5.39e-05  |ddm|= 0.000916
  HOMO = -0.0143848129663932  LUMO = 0.259531632856816
cycle= 91 E= -14191.1447851037  delta_E= -6.64e-08  |g|= 5.32e-05  |ddm|= 0.000912
  HOMO = -0.0143846299632927  LUMO = 0.259531569608986
cycle= 92 E= -14191.1447851733  delta_E= -6.96e-08  |g|= 5.25e-05  |ddm|= 0.000964
  HOMO = -0.0143848588013802  LUMO = 0.259531614839124
cycle= 93 E= -14191.1447852576  delta_E= -8.43e-08  |g|= 5.17e-05  |ddm|= 0.00119
  HOMO = -0.0143848944841657  LUMO = 0.259531502981971
cycle= 94 E= -14191.1447854113  delta_E= -1.54e-07  |g|= 5.03e-05  |ddm|= 0.00224
  HOMO = -0.0143843558451695  LUMO = 0.259531464191268
cycle= 95 E= -14191.1447855761  delta_E= -1.65e-07  |g|= 4.9e-05  |ddm|= 0.0025
  HOMO = -0.0143841566511752  LUMO = 0.259531325578477
cycle= 96 E= -14191.1447858911  delta_E= -3.15e-07  |g|= 4.65e-05  |ddm|= 0.00511
  HOMO = -0.0143842253580745  LUMO = 0.259531280299098
cycle= 97 E= -14191.1447860719  delta_E= -1.81e-07  |g|= 4.44e-05  |ddm|= 0.00312
  HOMO = -0.0143834505564087  LUMO = 0.259531184113495
cycle= 98 E= -14191.1447862894  delta_E= -2.18e-07  |g|= 4.28e-05  |ddm|= 0.00405
  HOMO = -0.0143837668351419  LUMO = 0.259531112354471
cycle= 99 E= -14191.1447864484  delta_E= -1.59e-07  |g|= 4.1e-05  |ddm|= 0.00313
  HOMO = -0.0143837097527064  LUMO = 0.259531098955618
cycle= 100 E= -14191.1447865359  delta_E= -8.76e-08  |g|= 3.98e-05  |ddm|= 0.0018
  HOMO = -0.0143835608900004  LUMO = 0.259531021286054
cycle= 101 E= -14191.1447866031  delta_E= -6.72e-08  |g|= 3.9e-05  |ddm|= 0.00142
  HOMO = -0.0143835942521464  LUMO = 0.259531047313528
cycle= 102 E= -14191.1447866654  delta_E= -6.22e-08  |g|= 3.82e-05  |ddm|= 0.00135
  HOMO = -0.0143835883216353  LUMO = 0.259530973126442
cycle= 103 E= -14191.1447867304  delta_E= -6.5e-08  |g|= 3.75e-05  |ddm|= 0.00144
  HOMO = -0.014383215857132  LUMO = 0.259530950313447
cycle= 104 E= -14191.1447868123  delta_E= -8.2e-08  |g|= 3.66e-05  |ddm|= 0.00187
  HOMO = -0.0143832009767658  LUMO = 0.259530890534068
cycle= 105 E= -14191.1447869205  delta_E= -1.08e-07  |g|= 3.52e-05  |ddm|= 0.00255
  HOMO = -0.0143831755417314  LUMO = 0.259530886791017
cycle= 106 E= -14191.1447869534  delta_E= -3.29e-08  |g|= 3.42e-05  |ddm|= 0.000684
  HOMO = -0.014383339324608  LUMO = 0.259530891960967
cycle= 107 E= -14191.1447869588  delta_E= -5.45e-09  |g|= 3.34e-05  |ddm|= 0.000115
  HOMO = -0.0143830839847246  LUMO = 0.259530859589242
cycle= 108 E= -14191.1447869838  delta_E= -2.5e-08  |g|= 3.24e-05  |ddm|= 0.000555
  HOMO = -0.0143832769339483  LUMO = 0.259530876640415
cycle= 109 E= -14191.1447870008  delta_E= -1.7e-08  |g|= 3.14e-05  |ddm|= 0.00042
  HOMO = -0.0143829884170905  LUMO = 0.259530847106671
cycle= 110 E= -14191.1447870423  delta_E= -4.15e-08  |g|= 3.03e-05  |ddm|= 0.000991
  HOMO = -0.0143831933031418  LUMO = 0.259530830158243
cycle= 111 E= -14191.1447870711  delta_E= -2.88e-08  |g|= 2.92e-05  |ddm|= 0.000706
  HOMO = -0.0143830161087928  LUMO = 0.259530828887888
cycle= 112 E= -14191.1447871364  delta_E= -6.53e-08  |g|= 2.78e-05  |ddm|= 0.00169
  HOMO = -0.0143829091200231  LUMO = 0.259530710130228
cycle= 113 E= -14191.1447872361  delta_E= -9.97e-08  |g|= 2.57e-05  |ddm|= 0.00275
  HOMO = -0.0143829293731292  LUMO = 0.259530683776001
cycle= 114 E= -14191.1447873353  delta_E= -9.92e-08  |g|= 2.4e-05  |ddm|= 0.00298
  HOMO = -0.0143828738877229  LUMO = 0.259530621184748
cycle= 115 E= -14191.1447873984  delta_E= -6.31e-08  |g|= 2.28e-05  |ddm|= 0.00205
  HOMO = -0.0143826417764583  LUMO = 0.259530588410977
cycle= 116 E= -14191.1447874819  delta_E= -8.36e-08  |g|= 2.14e-05  |ddm|= 0.00293
  HOMO = -0.0143827444246892  LUMO = 0.25953053994536
cycle= 117 E= -14191.1447875302  delta_E= -4.83e-08  |g|= 2.07e-05  |ddm|= 0.00184
  HOMO = -0.0143824379117566  LUMO = 0.259530513414122
cycle= 118 E= -14191.1447875668  delta_E= -3.66e-08  |g|= 2.01e-05  |ddm|= 0.00147
  HOMO = -0.0143823444814479  LUMO = 0.259530464061695
cycle= 119 E= -14191.1447876068  delta_E= -4.01e-08  |g|= 1.93e-05  |ddm|= 0.0017
  HOMO = -0.0143824047273725  LUMO = 0.25953041311033
cycle= 120 E= -14191.1447876548  delta_E= -4.8e-08  |g|= 1.86e-05  |ddm|= 0.0022
  HOMO = -0.014382216623119  LUMO = 0.259530379746214
cycle= 121 E= -14191.1447876978  delta_E= -4.3e-08  |g|= 1.8e-05  |ddm|= 0.00216
  HOMO = -0.0143821941178765  LUMO = 0.259530323341337
cycle= 122 E= -14191.1447877322  delta_E= -3.43e-08  |g|= 1.75e-05  |ddm|= 0.00189
  HOMO = -0.0143822305738491  LUMO = 0.259530315017648
cycle= 123 E= -14191.1447877565  delta_E= -2.43e-08  |g|= 1.7e-05  |ddm|= 0.00144
  HOMO = -0.0143820650320394  LUMO = 0.259530240158299
cycle= 124 E= -14191.1447877951  delta_E= -3.86e-08  |g|= 1.63e-05  |ddm|= 0.00253
  HOMO = -0.0143820425532356  LUMO = 0.259530176492793
cycle= 125 E= -14191.1447878367  delta_E= -4.16e-08  |g|= 1.52e-05  |ddm|= 0.00321
  HOMO = -0.0143817317679223  LUMO = 0.25953011245099
cycle= 126 E= -14191.1447878696  delta_E= -3.29e-08  |g|= 1.42e-05  |ddm|= 0.00316
  HOMO = -0.0143817767615018  LUMO = 0.25953006669666
cycle= 127 E= -14191.144787883  delta_E= -1.35e-08  |g|= 1.36e-05  |ddm|= 0.00156
  HOMO = -0.0143815130899576  LUMO = 0.259530001288374
cycle= 128 E= -14191.144787904  delta_E= -2.1e-08  |g|= 1.22e-05  |ddm|= 0.0029
  HOMO = -0.0143816495209184  LUMO = 0.259530006387065
cycle= 129 E= -14191.1447879052  delta_E= -1.24e-09  |g|= 1.18e-05  |ddm|= 9.81e-05
  HOMO = -0.0143815748991121  LUMO = 0.259530000163679
cycle= 130 E= -14191.1447879072  delta_E= -1.97e-09  |g|= 1.06e-05  |ddm|= 0.000151
  HOMO = -0.0143815412219309  LUMO = 0.259529956204322
cycle= 131 E= -14191.1447879174  delta_E= -1.01e-08  |g|= 1.04e-05  |ddm|= 0.002
  HOMO = -0.0143815072270599  LUMO = 0.25952994739074
cycle= 132 E= -14191.1447879189  delta_E= -1.51e-09  |g|= 9.2e-06  |ddm|= 0.000361
  HOMO = -0.0143816487859957  LUMO = 0.259529921680015
cycle= 133 E= -14191.1447879231  delta_E= -4.26e-09  |g|= 8.38e-06  |ddm|= 0.00127
  HOMO = -0.0143814880292551  LUMO = 0.259529919090664
cycle= 134 E= -14191.1447879244  delta_E= -1.27e-09  |g|= 7.75e-06  |ddm|= 0.000188
  HOMO = -0.0143816277109394  LUMO = 0.259529907684127
cycle= 135 E= -14191.1447879255  delta_E= -1.08e-09  |g|= 7.23e-06  |ddm|= 0.000245
  HOMO = -0.0143815349853882  LUMO = 0.259529908960993
cycle= 136 E= -14191.1447879266  delta_E= -1.13e-09  |g|= 6.69e-06  |ddm|= 0.000316
  HOMO = -0.0143815563644393  LUMO = 0.259529873661499
cycle= 137 E= -14191.1447879284  delta_E= -1.81e-09  |g|= 5.92e-06  |ddm|= 0.000918
  HOMO = -0.0143815846149868  LUMO = 0.259529877822398
cycle= 138 E= -14191.144787929  delta_E= -5.49e-10  |g|= 5.44e-06  |ddm|= 0.00042
  HOMO = -0.0143815294384353  LUMO = 0.259529866526415
Extra cycle  E= -14191.144787929  delta_E= -6.91e-11  |g|= 5.32e-06  |ddm|= 5.92e-06
converged SCF energy = -14191.144787929  <S^2> = 3.6971355  2S+1 = 3.9734798
(3, 264, 264) 264
S vector [0.0873-0.j 0.0084+0.j 1.4468-0.j]
(3, 264, 264) 264
L vector [0.3625-0.j 0.0355-0.j 6.0207+0.j]
(3, 264, 264) 264
J vector [0.4499-0.j 0.0438+0.j 7.4676-0.j]
Tue Apr 15 21:14:57 PDT 2025
