Currently Loaded Modulefiles:
 1) gmp/6.2.1-gcc-13.2.0-lcnhyse <aL>             
 2) mpfr/4.2.0-gcc-13.2.0-yy2fkq5 <aL>            
 3) mpc/1.3.1-gcc-13.2.0-5kgoftq <aL>             
 4) zlib-ng/2.1.3-gcc-13.2.0-jetnfwa <aL>         
 5) zstd/1.5.5-gcc-13.2.0-t2lua3l <aL>            
 6) gcc/13.2.0-gcc-13.2.0-w55nxkl                 
 7) cmake/3.20.2-gcc-13.2.0-rp74vpv               
 8) libfabric/1.18.1-gcc-13.2.0-bijxar4 <aL>      
 9) numactl/2.0.14-gcc-13.2.0-etkf74e <aL>        
10) openssh/8.7p1-gcc-13.2.0-g55xmkx <aL>         
11) slurm/22.05.6-gcc-13.2.0-tchsn6y <aL>         
12) openmpi/4.1.5-gcc-13.2.0-24q3ap2              
13) libpciaccess/0.17-gcc-13.2.0-r2cijnn <aL>     
14) libiconv/1.17-gcc-13.2.0-ntov4te <aL>         
15) xz/5.4.1-gcc-13.2.0-4xkm5xo <aL>              
16) libxml2/2.10.3-gcc-13.2.0-fr6jcjz <aL>        
17) ncurses/6.4-gcc-13.2.0-4o2yj6n <aL>           
18) hwloc/2.9.1-gcc-13.2.0-gzvfolk <aL>           
19) intel-tbb/2021.9.0-gcc-13.2.0-6nwk3ml <aL>    
20) intel-oneapi-mkl/2023.2.0-gcc-13.2.0-ohvyk7g  

Key:
<module-tag>  <aL>=auto-loaded  
/central/groups/changroup/members/lppeng/holmium/run/paper_final/run_ErCO34/conf2/GS/run_37
Tue Apr 15 21:08:12 PDT 2025
hpc-90-08.cm.cluster
--------------------------------------------------------------------------
WARNING: There is at least one non-excluded one OpenFabrics device found,
but there are no active ports detected (or Open MPI was unable to use
them).  This is most certainly not what you wanted.  Check your
cables, subnet manager configuration, etc.  The openib BTL will be
ignored for this job.

  Local host: hpc-90-08
--------------------------------------------------------------------------
Apr 15 21:08:14 ####### 
                ####### libDMET   version 0.5
                ####### A periodic DMET library for lattice model and realistic solid.
                ####### 
#INFO: **** input file is /central/groups/changroup/members/lppeng/holmium/run/paper_final/run_ErCO34/conf2/GS/run_37/ground_state.py ****
'''
Example input to calculate the ground state of a molecular system
Include x2c relativistic effect
'''
import pyscf
from pyscf.scf.hf import RHF
from pyscf.dft.uks import UKS
from pyscf.dft.gks import GKS
from pyscf import lib
import os, sys
import numpy as np
import scipy.linalg as la
from scipy.linalg import sqrtm, eigh
from scipy.optimize import root
np.set_printoptions(precision=12, threshold=sys.maxsize, linewidth=190, suppress=True)
log = lib.logger.Logger(sys.stdout, 4)

if __name__ == "__main__":
    from pyscf import gto, scf, dft, lib
    from pyscf.lib import chkfile
    from stevens import cdft, project, utils
    from stevens.project import get_mj

    # system input
    geometry = 'ErCO34' # The name of geometry file minus ".xyz"
                       # Make sure first atom is the central magnetic atom 
    spin = 3 # number of unpaired electrons in a unit cell
    charge = -5 # charge of the molecule or a unit cell
    basis = {'default': '631g', 'Er': 'sarc-dkh'} # specify basis for all elements here
    max_memory = 80000 # in the unit of MB. Recommend: memory available on a node - 10000 MB
    qmmm = True # add environment with classical charges

    # (c)HF/DFT parameters
    xc = 'HF' # functional
    smearing = None # To help HF/DFT converge, try e.g. 5e-2
    chkfname_guess = 'minao' # initial guess. 'minao' for default PySCF guess; None for constrained HF; 
                # path to a checkpoint file to restart from a SCF solution.
                # 'project' to project from the SCF solution in a small basis to generate the initial guess
    chkfname_small = '../gs_small_%s.chk'%geometry # checkpoint file in a small basis. Used when chkfname_guess == 'project'
    basis_small = {'default': 'minao', 'Er': 'cc-x2c-minao'}# the small basis associated with chkfname_small
    change_dm_mode = 'rotate' # None: no change
                          # 'positive_z': set the 4f block of dm so that J~(0,0,J)
                          # 'rotate': rotate the 4f block of dm by some angles
    atom_index = 0 # the index of central lanthanide atom
    occ_idx = 37
    noise = 0 # max noise on density matrix initial guess

    # constrained HF parameters for the initial guess
    ao_shell = 'f'
    lo_chkfname = '../../UHF/uhf_gs_%s_lo.h5'%geometry  
    multiplier0 = 0.1
    # END USER INPUT

    # set up system
    if os.path.isfile('../../' + geometry + ".xyz"):
        mol = gto.M(
            atom = '../../' + geometry + ".xyz",
            basis = basis,
            verbose = 4,
            spin = spin,
            charge = charge,
            max_memory = max_memory,
            )
        mol.set_common_origin(mol._atom[atom_index][1])
    else:
        raise ValueError("No .xyz file available!")
    log.info("N_elec %s, N_ao %s"%(mol.nelec, mol.nao))

    # generate HF/DFT initial guess
    if chkfname_guess == 'minao':
        mf = scf.GKS(mol).x2c()
        dm0 = mf.get_init_guess()
        print("Use PySCF default init guess")
        dm0 = utils.change_dm_guess(mol, dm0, 'positive_z', atom_index=atom_index, occ_idx=occ_idx) ###
    elif chkfname_guess is None:
        # run constrained DFT
        angles = cdft.sample_rotation('xyz', occ_idx, unit=20)
        from scipy.spatial.transform import Rotation
        direction = Rotation.from_euler('zyz', angles, degrees=False) @ [0,0,1]
        cmf = cdft.CGKS(mol, direction, multiplier_guess=multiplier0, max_cycle=300,
                atom_index=atom_index, ao_shell='f', lo_chkfname=lo_chkfname, xc=xc, smearing=smearing)
        cmf.kernel()
        dm0 = cmf._scf.make_rdm1()
        print("Contrained SCF solution as init guess")
    elif chkfname_guess == 'project':
        # project dm0 in a small basis to the larger basis 
        dm0 = utils.project_dm_from_small_basis(mol, basis_small, chkfname_small, change_dm_mode, atom_index=atom_index, occ_idx=occ_idx)
        print("Project wavefunction in a smaller basis to the target basis as init guess")
    else:
        mf = scf.GKS(mol).x2c()
        data = chkfile.load(chkfname_guess, 'scf')
        mf.__dict__.update(data)
        dm0 = mf.make_rdm1()
        mf.analyze(with_meta_lowdin=False)
        print("Load .chk file for init guess")
    if change_dm_mode is not None and not chkfname_guess == 'project': # when chkfname_guess == 'project', change in small basis
        dm0 = utils.change_dm_guess(mol, dm0, change_dm_mode, atom_index=atom_index, occ_idx=occ_idx)
    dm0 += (np.random.rand(*(dm0.shape)) - 0.5) * noise  
    print("J vector of initial guess", get_mj(mol, dm0, analyze=True))

    # run HF/DFT
    mf = scf.GKS(mol).x2c()
    mf.xc = xc
    if xc.upper() != 'HF':
        mf.collinear = 'mcol'
        mf.grids.level = 6 
    mf.chkfile = 'gs_' + geometry + '.chk' 
    mf.max_cycle = 3000 
    if smearing is not None:
        mf = scf.addons.smearing_(mf, sigma=smearing, method="fermi")
    if qmmm: # add the precomputed potential from environmental classical charges 
        get_hcore_original = mf.get_hcore
        hcore_mm = np.load('../../mm_hcore.npy')
        def get_hcore_mm(self, mol=None):
            return get_hcore_original(mol=mol) + la.block_diag(hcore_mm, hcore_mm)
        import types
        mf.get_hcore = types.MethodType(get_hcore_mm, mf)
    mf.kernel(dm0=dm0)
    dm = mf.make_rdm1()
    print("S vector", get_mj(mol, dm, include_L=False))
    print("L vector", get_mj(mol, dm, include_S=False))
    print("J vector", get_mj(mol, dm))
#INFO: ******************** input file end ********************


System: uname_result(system='Linux', node='hpc-90-08.cm.cluster', release='5.14.0-427.13.1.el9_4.x86_64', version='#1 SMP PREEMPT_DYNAMIC Wed Apr 10 10:29:16 EDT 2024', machine='x86_64')  Threads 16
Python 3.11.6 | packaged by conda-forge | (main, Oct  3 2023, 10:40:35) [GCC 12.3.0]
numpy 1.26.0  scipy 1.11.3
Date: Tue Apr 15 21:08:15 2025
PySCF version 2.5.0
PySCF path  /home/lppeng/anaconda3/envs/nerscV25/lib/python3.11/site-packages/pyscf

[CONFIG] conf_file None
[INPUT] verbose = 4
[INPUT] num. atoms = 17
[INPUT] num. electrons = 193
[INPUT] charge = -5
[INPUT] spin (= nelec alpha-beta = 2S) = 3
[INPUT] symmetry False subgroup None
[INPUT] Mole.unit = angstrom
[INPUT] Symbol           X                Y                Z      unit          X                Y                Z       unit  Magmom
[INPUT]  1 Er     0.983621000000  15.502244000000  16.207915000000 AA    1.858774300371  29.294995476182  30.628520400230 Bohr   0.0
[INPUT]  2 O      1.999162000000  14.046589000000  17.748158000000 AA    3.777868658638  26.544206194328  33.539157835508 Bohr   0.0
[INPUT]  3 O      0.849859000000  13.239725000000  19.509454000000 AA    1.606000754497  25.019454214557  36.867524899800 Bohr   0.0
[INPUT]  4 O     -0.191063000000  14.330252000000  17.844156000000 AA   -0.361056742538  27.080251576001  33.720567764014 Bohr   0.0
[INPUT]  5 O      0.075398000000  13.922617000000  14.734947000000 AA    0.142481570340  26.309933067214  27.845014289982 Bohr   0.0
[INPUT]  6 O      1.310036000000  13.048514000000  13.067690000000 AA    2.475609253321  24.658117792553  24.694355180718 Bohr   0.0
[INPUT]  7 O      2.203594000000  14.429009000000  14.574295000000 AA    4.164189149735  27.266875258884  27.541426008618 Bohr   0.0
[INPUT]  8 O     -1.142155000000  16.458779000000  15.996655000000 AA   -2.158360141803  31.102584654743  30.229296859154 Bohr   0.0
[INPUT]  9 O      0.436800000000  17.108053000000  14.609560000000 AA    0.825432371210  32.329534694544  27.608067200401 Bohr   0.0
[INPUT] 10 O      1.479297000000  17.162683000000  17.755992000000 AA    2.795466186891  32.432770432729  33.553961949968 Bohr   0.0
[INPUT] 11 O      3.574079000000  17.921221000000  18.087093000000 AA    6.754030457559  33.866199507804  34.179652159538 Bohr   0.0
[INPUT] 12 O      3.086741000000  16.549131000000  16.376735000000 AA    5.833095107466  31.273325189550  30.947543964579 Bohr   0.0
[INPUT] 13 C      0.893280000000  13.851177000000  18.394684000000 AA    1.688054552551  26.174931032875  34.760914907919 Bohr   0.0
[INPUT] 14 C      1.209619000000  13.783938000000  14.098216000000 AA    2.285848625070  26.047867737985  26.641767084961 Bohr   0.0
[INPUT] 15 C     -0.820004000000  17.160582000000  14.960252000000 AA   -1.549582981048  32.428800118141  28.270779034477 Bohr   0.0
[INPUT] 16 C      2.757666000000  17.225719000000  17.422934000000 AA    5.211233483025  32.551891208717  32.924573546373 Bohr   0.0
[INPUT] 17 O     -1.665533000000  17.832969000000  14.307847000000 AA   -3.147401221425  33.699427397859  27.037912262180 Bohr   0.0

nuclear repulsion = 2660.00686642269
number of shells = 122
number of NR pGTOs = 525
number of NR cGTOs = 264
basis = {'default': '631g', 'Er': 'sarc-dkh'}
ecp = {}
CPU time:         4.69
N_elec (98, 95), N_ao 264
Initial guess from minao.
Use PySCF default init guess
Updated f-block dm with J~(0,0,J)
(3, 264, 264) 264
Haar random target direction [-0.8090169943749473, 0.5877852522924732, 6.123233995736766e-17]
Haar random total rotation [0.     1.5708 2.5133]
Rotated f-block dm by angles from +z [0.     1.5708 2.5133]
(3, 264, 264) 264
elemental J of ['C' 'Er' 'O']
   C 0.4607+0.0165j 0.0000+0.0000j 0.0000+0.0033j 
  Er -4.2664-0.0007j 3.9941-0.0000j 3.1744-0.0004j 
   O 1.8119-0.0159j 0.0000+0.0000j -0.0000-0.0029j 
J vector of initial guess [-1.9937+0.j  3.9941+0.j  3.1744+0.j]


******** <class 'pyscf.x2c.x2c.X2C1eGKS'> ********
method = X2C1eGKS
initial guess = minao
damping factor = 0
level_shift factor = 0
DIIS = <class 'pyscf.scf.diis.CDIIS'>
diis_start_cycle = 1
diis_space = 8
diis_damp = 0
SCF conv_tol = 1e-09
SCF conv_tol_grad = None
SCF max_cycles = 3000
direct_scf = True
direct_scf_tol = 1e-13
chkfile to save SCF result = gs_ErCO34.chk
max_memory 80000 MB (current use 259 MB)
XC library pyscf.dft.libxc version 6.1.0
    S. Lehtola, C. Steigemann, M. J.T. Oliveira, and M. A.L. Marques.,  SoftwareX 7, 1–5 (2018)
XC functionals = HF

radial grids: 
    Treutler-Ahlrichs [JCP 102, 346 (1995); DOI:10.1063/1.469408] (M4) radial grids
    
becke partition: Becke, JCP 88, 2547 (1988); DOI:10.1063/1.454033
pruning grids: <function nwchem_prune at 0x7fdbb7495e40>
grids dens level: 3
symmetrized grids: False
atomic radii adjust function: <function treutler_atomic_radii_adjust at 0x7fdbb7496480>
small_rho_cutoff = 1e-07
collinear = col


******** <class 'pyscf.x2c.x2c.SpinOrbitalX2CHelper'> ********
approx = 1e
xuncontract = 1
Overwritten attributes  get_hcore  of <class 'pyscf.x2c.x2c.X2C1eGKS'>
Set gradient conv threshold to 3.16228e-05
tot grids = 247904
init E= -14183.5083048834
  HOMO = -0.895124150793645  LUMO = -0.57949543329651
cycle= 1 E= -14189.9098875073  delta_E= -6.4  |g|= 2.66  |ddm|= 3.82
  HOMO = 0.146322305280753  LUMO = 0.267050888694961
cycle= 2 E= -14190.6251166398  delta_E= -0.715  |g|= 1.62  |ddm|= 2.66
  HOMO = -0.00186655289479253  LUMO = 0.260539084707758
cycle= 3 E= -14191.129880158  delta_E= -0.505  |g|= 0.241  |ddm|= 1.08
  HOMO = -0.0134076912095447  LUMO = 0.259817871293841
cycle= 4 E= -14191.1390158611  delta_E= -0.00914  |g|= 0.0548  |ddm|= 0.152
  HOMO = -0.0104633168148937  LUMO = 0.259556645567975
cycle= 5 E= -14191.1405448097  delta_E= -0.00153  |g|= 0.0265  |ddm|= 0.0587
  HOMO = -0.0133633998609341  LUMO = 0.259581567448803
cycle= 6 E= -14191.1414355016  delta_E= -0.000891  |g|= 0.02  |ddm|= 0.0383
  HOMO = -0.0139106821402702  LUMO = 0.259468306277133
cycle= 7 E= -14191.1422484236  delta_E= -0.000813  |g|= 0.0157  |ddm|= 0.0364
  HOMO = -0.0142897884283867  LUMO = 0.259510347289833
cycle= 8 E= -14191.1431736065  delta_E= -0.000925  |g|= 0.0101  |ddm|= 0.0549
  HOMO = -0.013825304352488  LUMO = 0.259514034893726
cycle= 9 E= -14191.1435823898  delta_E= -0.000409  |g|= 0.00462  |ddm|= 0.0475
  HOMO = -0.0138927208411996  LUMO = 0.259524150626362
cycle= 10 E= -14191.143656537  delta_E= -7.41e-05  |g|= 0.00219  |ddm|= 0.0211
  HOMO = -0.0141383958138173  LUMO = 0.259524373798544
cycle= 11 E= -14191.1436687023  delta_E= -1.22e-05  |g|= 0.00141  |ddm|= 0.00696
  HOMO = -0.0141132064522441  LUMO = 0.259520973594667
cycle= 12 E= -14191.1436726539  delta_E= -3.95e-06  |g|= 0.00118  |ddm|= 0.00284
  HOMO = -0.014102425714124  LUMO = 0.259519641135207
cycle= 13 E= -14191.1436757001  delta_E= -3.05e-06  |g|= 0.00104  |ddm|= 0.00226
  HOMO = -0.0141040853556908  LUMO = 0.259521220677641
cycle= 14 E= -14191.1436786664  delta_E= -2.97e-06  |g|= 0.000966  |ddm|= 0.00217
  HOMO = -0.0141054359592868  LUMO = 0.259521245129608
cycle= 15 E= -14191.1436829702  delta_E= -4.3e-06  |g|= 0.000875  |ddm|= 0.00335
  HOMO = -0.0140713432076282  LUMO = 0.259519781725743
cycle= 16 E= -14191.1436893311  delta_E= -6.36e-06  |g|= 0.000738  |ddm|= 0.00576
  HOMO = -0.0140982614292062  LUMO = 0.259522872337072
cycle= 17 E= -14191.1436958408  delta_E= -6.51e-06  |g|= 0.00056  |ddm|= 0.00784
  HOMO = -0.0141055337522587  LUMO = 0.259520785221344
cycle= 18 E= -14191.1436996357  delta_E= -3.79e-06  |g|= 0.000421  |ddm|= 0.00687
  HOMO = -0.0141003719586979  LUMO = 0.259520703602637
cycle= 19 E= -14191.1437008129  delta_E= -1.18e-06  |g|= 0.000369  |ddm|= 0.00295
  HOMO = -0.0140974530439537  LUMO = 0.259520560679077
cycle= 20 E= -14191.143701407  delta_E= -5.94e-07  |g|= 0.000351  |ddm|= 0.00145
  HOMO = -0.0141027337711331  LUMO = 0.259520769839874
cycle= 21 E= -14191.1437018885  delta_E= -4.82e-07  |g|= 0.000338  |ddm|= 0.00107
  HOMO = -0.0140999715453363  LUMO = 0.259520467963386
cycle= 22 E= -14191.1437024344  delta_E= -5.46e-07  |g|= 0.000327  |ddm|= 0.00121
  HOMO = -0.0141029550583496  LUMO = 0.259520848163416
cycle= 23 E= -14191.1437032012  delta_E= -7.67e-07  |g|= 0.000314  |ddm|= 0.00172
  HOMO = -0.014111117415673  LUMO = 0.259520762712993
cycle= 24 E= -14191.1437040898  delta_E= -8.89e-07  |g|= 0.000301  |ddm|= 0.00208
  HOMO = -0.0141061752360685  LUMO = 0.259520468168084
cycle= 25 E= -14191.1437052263  delta_E= -1.14e-06  |g|= 0.000288  |ddm|= 0.00279
  HOMO = -0.0141106670846577  LUMO = 0.259520885110324
cycle= 26 E= -14191.1437062508  delta_E= -1.02e-06  |g|= 0.000276  |ddm|= 0.00272
  HOMO = -0.0141079143284111  LUMO = 0.259520540924544
cycle= 27 E= -14191.1437074011  delta_E= -1.15e-06  |g|= 0.000264  |ddm|= 0.00323
  HOMO = -0.0141038811145901  LUMO = 0.259520612617317
cycle= 28 E= -14191.1437083125  delta_E= -9.11e-07  |g|= 0.000255  |ddm|= 0.00273
  HOMO = -0.0141008372440574  LUMO = 0.259520390170415
cycle= 29 E= -14191.1437094699  delta_E= -1.16e-06  |g|= 0.000243  |ddm|= 0.00367
  HOMO = -0.0141040573054491  LUMO = 0.259520625169579
cycle= 30 E= -14191.1437106644  delta_E= -1.19e-06  |g|= 0.000232  |ddm|= 0.0041
  HOMO = -0.0141032530093856  LUMO = 0.259520323248779
cycle= 31 E= -14191.1437114544  delta_E= -7.9e-07  |g|= 0.000226  |ddm|= 0.0029
  HOMO = -0.0141054745822269  LUMO = 0.259520490761865
cycle= 32 E= -14191.1437120396  delta_E= -5.85e-07  |g|= 0.000221  |ddm|= 0.0022
  HOMO = -0.0141082661071058  LUMO = 0.259520469478668
cycle= 33 E= -14191.1437125164  delta_E= -4.77e-07  |g|= 0.000218  |ddm|= 0.00173
  HOMO = -0.0141058860838267  LUMO = 0.259520409548566
cycle= 34 E= -14191.1437129541  delta_E= -4.38e-07  |g|= 0.000215  |ddm|= 0.00155
  HOMO = -0.01410697411689  LUMO = 0.259520434038147
cycle= 35 E= -14191.1437132412  delta_E= -2.87e-07  |g|= 0.000214  |ddm|= 0.000983
  HOMO = -0.0141060567192728  LUMO = 0.259520334796063
cycle= 36 E= -14191.1437135704  delta_E= -3.29e-07  |g|= 0.000213  |ddm|= 0.00111
  HOMO = -0.0141052483207623  LUMO = 0.259520387888389
cycle= 37 E= -14191.143713942  delta_E= -3.72e-07  |g|= 0.000212  |ddm|= 0.00122
  HOMO = -0.0141050721028369  LUMO = 0.25952028275136
cycle= 38 E= -14191.1437143181  delta_E= -3.76e-07  |g|= 0.000211  |ddm|= 0.00124
  HOMO = -0.0141055927679176  LUMO = 0.259520343606311
cycle= 39 E= -14191.1437145865  delta_E= -2.68e-07  |g|= 0.000211  |ddm|= 0.00088
  HOMO = -0.0141054916352214  LUMO = 0.259520317924942
cycle= 40 E= -14191.1437147007  delta_E= -1.14e-07  |g|= 0.000211  |ddm|= 0.000374
  HOMO = -0.0141055464197475  LUMO = 0.259520319305426
cycle= 41 E= -14191.1437147576  delta_E= -5.69e-08  |g|= 0.000211  |ddm|= 0.000186
  HOMO = -0.0141056081446227  LUMO = 0.259520318302279
cycle= 42 E= -14191.1437147681  delta_E= -1.05e-08  |g|= 0.000211  |ddm|= 4.86e-05
  HOMO = -0.014105765477785  LUMO = 0.259520318810115
cycle= 43 E= -14191.1437147067  delta_E= 6.15e-08  |g|= 0.000211  |ddm|= 0.000274
  HOMO = -0.0141054208327829  LUMO = 0.259520325517765
cycle= 44 E= -14191.1437146573  delta_E= 4.93e-08  |g|= 0.00021  |ddm|= 0.000253
  HOMO = -0.0141055214842677  LUMO = 0.259520340701649
cycle= 45 E= -14191.1437145927  delta_E= 6.46e-08  |g|= 0.00021  |ddm|= 0.000247
  HOMO = -0.0141056866692062  LUMO = 0.259520311085947
cycle= 46 E= -14191.1437144151  delta_E= 1.78e-07  |g|= 0.00021  |ddm|= 0.000606
  HOMO = -0.0141057948758835  LUMO = 0.259520371398877
cycle= 47 E= -14191.1437141779  delta_E= 2.37e-07  |g|= 0.00021  |ddm|= 0.000789
  HOMO = -0.0141056821941889  LUMO = 0.2595203570323
cycle= 48 E= -14191.1437140519  delta_E= 1.26e-07  |g|= 0.00021  |ddm|= 0.000415
  HOMO = -0.0141057361940235  LUMO = 0.259520365081848
cycle= 49 E= -14191.1437139813  delta_E= 7.06e-08  |g|= 0.00021  |ddm|= 0.000235
  HOMO = -0.0141056124521415  LUMO = 0.259520354832217
cycle= 50 E= -14191.1437138785  delta_E= 1.03e-07  |g|= 0.00021  |ddm|= 0.000338
  HOMO = -0.0141056022501355  LUMO = 0.259520397191325
cycle= 51 E= -14191.143713635  delta_E= 2.43e-07  |g|= 0.00021  |ddm|= 0.000889
  HOMO = -0.014106240882403  LUMO = 0.259520375581138
cycle= 52 E= -14191.1437134585  delta_E= 1.77e-07  |g|= 0.000209  |ddm|= 0.000698
  HOMO = -0.0141058052740674  LUMO = 0.259520401567562
cycle= 53 E= -14191.143713356  delta_E= 1.03e-07  |g|= 0.000209  |ddm|= 0.000404
  HOMO = -0.0141062338007612  LUMO = 0.259520436828669
cycle= 54 E= -14191.1437131809  delta_E= 1.75e-07  |g|= 0.000209  |ddm|= 0.000638
  HOMO = -0.0141059080681551  LUMO = 0.259520351040045
cycle= 55 E= -14191.1437129902  delta_E= 1.91e-07  |g|= 0.000208  |ddm|= 0.000717
  HOMO = -0.0141058117940796  LUMO = 0.259520435370968
cycle= 56 E= -14191.1437127826  delta_E= 2.08e-07  |g|= 0.000208  |ddm|= 0.000692
  HOMO = -0.0141054819108738  LUMO = 0.259520415853141
cycle= 57 E= -14191.1437124912  delta_E= 2.91e-07  |g|= 0.000208  |ddm|= 0.000967
  HOMO = -0.0141055510734902  LUMO = 0.259520494225542
cycle= 58 E= -14191.1437118635  delta_E= 6.28e-07  |g|= 0.000207  |ddm|= 0.00209
  HOMO = -0.0141047157398086  LUMO = 0.259520488394701
cycle= 59 E= -14191.1437110695  delta_E= 7.94e-07  |g|= 0.000206  |ddm|= 0.00265
  HOMO = -0.014104559883895  LUMO = 0.2595206186734
cycle= 60 E= -14191.1437097008  delta_E= 1.37e-06  |g|= 0.000205  |ddm|= 0.00462
  HOMO = -0.0141050323309221  LUMO = 0.259520595643165
cycle= 61 E= -14191.1437087306  delta_E= 9.7e-07  |g|= 0.000204  |ddm|= 0.00331
  HOMO = -0.0141038212220886  LUMO = 0.259520667101519
cycle= 62 E= -14191.1437075433  delta_E= 1.19e-06  |g|= 0.000203  |ddm|= 0.0041
  HOMO = -0.0141049141069341  LUMO = 0.259520769385658
cycle= 63 E= -14191.1437064218  delta_E= 1.12e-06  |g|= 0.000202  |ddm|= 0.00392
  HOMO = -0.0141046783821983  LUMO = 0.259520705073318
cycle= 64 E= -14191.1437054688  delta_E= 9.53e-07  |g|= 0.000201  |ddm|= 0.00339
  HOMO = -0.0141047818223732  LUMO = 0.259520848052574
cycle= 65 E= -14191.1437048213  delta_E= 6.48e-07  |g|= 0.000201  |ddm|= 0.00234
  HOMO = -0.0141044626299788  LUMO = 0.259520881787525
cycle= 66 E= -14191.1437034994  delta_E= 1.32e-06  |g|= 0.000199  |ddm|= 0.00487
  HOMO = -0.0141042654961418  LUMO = 0.25952115385991
cycle= 67 E= -14191.1437011267  delta_E= 2.37e-06  |g|= 0.000198  |ddm|= 0.00906
  HOMO = -0.0141031780464781  LUMO = 0.259521163396241
cycle= 68 E= -14191.1436995628  delta_E= 1.56e-06  |g|= 0.000197  |ddm|= 0.00616
  HOMO = -0.0141033900461832  LUMO = 0.25952116499698
cycle= 69 E= -14191.1436996143  delta_E= -5.14e-08  |g|= 0.000195  |ddm|= 0.000287
  HOMO = -0.0141025738283023  LUMO = 0.259521321252429
cycle= 70 E= -14191.1436969251  delta_E= 2.69e-06  |g|= 0.000194  |ddm|= 0.0113
  HOMO = -0.014101854017634  LUMO = 0.259521470137852
cycle= 71 E= -14191.1436939269  delta_E= 3e-06  |g|= 0.000188  |ddm|= 0.0139
  HOMO = -0.0141018839157563  LUMO = 0.259521545674714
cycle= 72 E= -14191.1436919221  delta_E= 2e-06  |g|= 0.00018  |ddm|= 0.0107
  HOMO = -0.0141040690625065  LUMO = 0.259521870171785
cycle= 73 E= -14191.1436902254  delta_E= 1.7e-06  |g|= 0.000174  |ddm|= 0.00988
  HOMO = -0.0141036972960409  LUMO = 0.259521888026149
cycle= 74 E= -14191.1436880492  delta_E= 2.18e-06  |g|= 0.000174  |ddm|= 0.0134
  HOMO = -0.0141051015387031  LUMO = 0.259522309830082
cycle= 75 E= -14191.143687285  delta_E= 7.64e-07  |g|= 0.00016  |ddm|= 0.00608
  HOMO = -0.0141029391133828  LUMO = 0.259522143956754
cycle= 76 E= -14191.143685336  delta_E= 1.95e-06  |g|= 0.000161  |ddm|= 0.0147
  HOMO = -0.0141025746212144  LUMO = 0.259522496201882
cycle= 77 E= -14191.143684776  delta_E= 5.6e-07  |g|= 0.00014  |ddm|= 0.00624
  HOMO = -0.0141015199271354  LUMO = 0.259522716647129
cycle= 78 E= -14191.1436835217  delta_E= 1.25e-06  |g|= 0.000133  |ddm|= 0.0118
  HOMO = -0.0141002402711308  LUMO = 0.259522682257858
cycle= 79 E= -14191.1436824638  delta_E= 1.06e-06  |g|= 0.000137  |ddm|= 0.0112
  HOMO = -0.0140995552850019  LUMO = 0.259522583397939
cycle= 80 E= -14191.1436825885  delta_E= -1.25e-07  |g|= 0.00012  |ddm|= 0.00131
  HOMO = -0.0141011253130537  LUMO = 0.259522907556819
cycle= 81 E= -14191.1436821779  delta_E= 4.11e-07  |g|= 0.000108  |ddm|= 0.00493
  HOMO = -0.0141001775032923  LUMO = 0.259522897147157
cycle= 82 E= -14191.1436818924  delta_E= 2.86e-07  |g|= 0.0001  |ddm|= 0.00398
  HOMO = -0.0141033263292791  LUMO = 0.259523182502328
cycle= 83 E= -14191.1436812697  delta_E= 6.23e-07  |g|= 9.12e-05  |ddm|= 0.00894
  HOMO = -0.014102655236408  LUMO = 0.25952316836076
cycle= 84 E= -14191.1436810726  delta_E= 1.97e-07  |g|= 6.87e-05  |ddm|= 0.00416
  HOMO = -0.014103611724999  LUMO = 0.2595233998075
cycle= 85 E= -14191.1436808198  delta_E= 2.53e-07  |g|= 6.37e-05  |ddm|= 0.0039
  HOMO = -0.0141021268304505  LUMO = 0.259523277960603
cycle= 86 E= -14191.143680697  delta_E= 1.23e-07  |g|= 5.91e-05  |ddm|= 0.00204
  HOMO = -0.0141018527858582  LUMO = 0.259523294525228
cycle= 87 E= -14191.1436806291  delta_E= 6.79e-08  |g|= 5.64e-05  |ddm|= 0.00114
  HOMO = -0.0141014859430193  LUMO = 0.259523340598217
cycle= 88 E= -14191.1436805509  delta_E= 7.82e-08  |g|= 5.5e-05  |ddm|= 0.00131
  HOMO = -0.0141014510909262  LUMO = 0.259523334638104
cycle= 89 E= -14191.1436804696  delta_E= 8.13e-08  |g|= 5.4e-05  |ddm|= 0.0014
  HOMO = -0.014101497800628  LUMO = 0.259523383539729
cycle= 90 E= -14191.1436804321  delta_E= 3.76e-08  |g|= 5.33e-05  |ddm|= 0.000697
  HOMO = -0.0141016272192053  LUMO = 0.259523419639261
cycle= 91 E= -14191.1436803741  delta_E= 5.79e-08  |g|= 5.24e-05  |ddm|= 0.0011
  HOMO = -0.0141019136806139  LUMO = 0.259523427238109
cycle= 92 E= -14191.1436803036  delta_E= 7.05e-08  |g|= 5.1e-05  |ddm|= 0.00146
  HOMO = -0.0141014947787707  LUMO = 0.259523451499382
cycle= 93 E= -14191.1436802637  delta_E= 3.99e-08  |g|= 5.02e-05  |ddm|= 0.000913
  HOMO = -0.0141022648431891  LUMO = 0.259523475487068
cycle= 94 E= -14191.1436802494  delta_E= 1.43e-08  |g|= 4.93e-05  |ddm|= 0.000547
  HOMO = -0.0141010116394999  LUMO = 0.259523467349844
cycle= 95 E= -14191.1436801931  delta_E= 5.63e-08  |g|= 4.75e-05  |ddm|= 0.00163
  HOMO = -0.0141010470847208  LUMO = 0.259523499487902
cycle= 96 E= -14191.1436801627  delta_E= 3.04e-08  |g|= 4.61e-05  |ddm|= 0.00115
  HOMO = -0.0141008149263419  LUMO = 0.259523561605048
cycle= 97 E= -14191.1436801357  delta_E= 2.69e-08  |g|= 4.5e-05  |ddm|= 0.000998
  HOMO = -0.0141007447871797  LUMO = 0.259523547255435
cycle= 98 E= -14191.1436801039  delta_E= 3.18e-08  |g|= 4.36e-05  |ddm|= 0.00125
  HOMO = -0.0141006996574695  LUMO = 0.259523609876201
cycle= 99 E= -14191.1436800814  delta_E= 2.26e-08  |g|= 4.26e-05  |ddm|= 0.000989
  HOMO = -0.0141005420339988  LUMO = 0.259523638871871
cycle= 100 E= -14191.1436800559  delta_E= 2.55e-08  |g|= 4.14e-05  |ddm|= 0.00114
  HOMO = -0.0141005841960132  LUMO = 0.259523631435733
cycle= 101 E= -14191.143680028  delta_E= 2.79e-08  |g|= 4.03e-05  |ddm|= 0.00124
  HOMO = -0.0141002137557732  LUMO = 0.259523665140281
cycle= 102 E= -14191.1436800109  delta_E= 1.71e-08  |g|= 3.94e-05  |ddm|= 0.000937
  HOMO = -0.0141008594641434  LUMO = 0.259523699170219
cycle= 103 E= -14191.1436799935  delta_E= 1.74e-08  |g|= 3.84e-05  |ddm|= 0.00104
  HOMO = -0.0141000623597251  LUMO = 0.259523694978729
cycle= 104 E= -14191.1436799761  delta_E= 1.74e-08  |g|= 3.74e-05  |ddm|= 0.00112
  HOMO = -0.0141001294860548  LUMO = 0.259523729975804
cycle= 105 E= -14191.1436799644  delta_E= 1.17e-08  |g|= 3.66e-05  |ddm|= 0.000942
  HOMO = -0.0140999782666008  LUMO = 0.259523758127554
cycle= 106 E= -14191.1436799581  delta_E= 6.35e-09  |g|= 3.61e-05  |ddm|= 0.000549
  HOMO = -0.0140998362572547  LUMO = 0.25952373918073
cycle= 107 E= -14191.1436799539  delta_E= 4.14e-09  |g|= 3.57e-05  |ddm|= 0.000502
  HOMO = -0.0140997084432492  LUMO = 0.259523768887318
cycle= 108 E= -14191.1436799519  delta_E= 1.99e-09  |g|= 3.54e-05  |ddm|= 0.000407
  HOMO = -0.0140995645143165  LUMO = 0.259523771538997
cycle= 109 E= -14191.1436799517  delta_E= 2.62e-10  |g|= 3.51e-05  |ddm|= 0.000397
  HOMO = -0.0140995350226975  LUMO = 0.259523763002344
cycle= 110 E= -14191.143679952  delta_E= -3.57e-10  |g|= 3.48e-05  |ddm|= 0.000415
  HOMO = -0.0140993354642828  LUMO = 0.259523779484836
cycle= 111 E= -14191.1436799542  delta_E= -2.16e-09  |g|= 3.45e-05  |ddm|= 0.000428
  HOMO = -0.0140996073440472  LUMO = 0.259523787476378
cycle= 112 E= -14191.1436799574  delta_E= -3.18e-09  |g|= 3.43e-05  |ddm|= 0.000338
  HOMO = -0.0140993176503814  LUMO = 0.259523778321525
cycle= 113 E= -14191.1436799613  delta_E= -3.97e-09  |g|= 3.42e-05  |ddm|= 0.000292
  HOMO = -0.0140993252201526  LUMO = 0.259523787698143
cycle= 114 E= -14191.1436799681  delta_E= -6.77e-09  |g|= 3.4e-05  |ddm|= 0.000328
  HOMO = -0.0140992505762434  LUMO = 0.25952379351879
cycle= 115 E= -14191.1436799741  delta_E= -5.99e-09  |g|= 3.39e-05  |ddm|= 0.000216
  HOMO = -0.014099156659733  LUMO = 0.259523778206509
cycle= 116 E= -14191.1436799817  delta_E= -7.66e-09  |g|= 3.38e-05  |ddm|= 0.000244
  HOMO = -0.0140990601155637  LUMO = 0.25952378931059
cycle= 117 E= -14191.1436799905  delta_E= -8.79e-09  |g|= 3.37e-05  |ddm|= 0.000246
  HOMO = -0.0140989702792644  LUMO = 0.259523784698676
cycle= 118 E= -14191.1436800014  delta_E= -1.08e-08  |g|= 3.36e-05  |ddm|= 0.000285
  HOMO = -0.014098920609716  LUMO = 0.259523774787796
cycle= 119 E= -14191.1436800146  delta_E= -1.32e-08  |g|= 3.35e-05  |ddm|= 0.000336
  HOMO = -0.014098773679238  LUMO = 0.259523778295398
cycle= 120 E= -14191.1436800301  delta_E= -1.56e-08  |g|= 3.34e-05  |ddm|= 0.000391
  HOMO = -0.014098871950357  LUMO = 0.259523777124889
cycle= 121 E= -14191.1436800424  delta_E= -1.23e-08  |g|= 3.34e-05  |ddm|= 0.000298
  HOMO = -0.0140986933586723  LUMO = 0.2595237682625
cycle= 122 E= -14191.1436800531  delta_E= -1.06e-08  |g|= 3.33e-05  |ddm|= 0.000253
  HOMO = -0.0140986611361818  LUMO = 0.25952376864508
cycle= 123 E= -14191.1436800678  delta_E= -1.48e-08  |g|= 3.33e-05  |ddm|= 0.00034
  HOMO = -0.0140986054964395  LUMO = 0.259523767779272
cycle= 124 E= -14191.1436800781  delta_E= -1.03e-08  |g|= 3.32e-05  |ddm|= 0.000229
  HOMO = -0.0140985532555232  LUMO = 0.259523757377207
cycle= 125 E= -14191.1436800883  delta_E= -1.02e-08  |g|= 3.32e-05  |ddm|= 0.000222
  HOMO = -0.0140985115283221  LUMO = 0.25952376027105
cycle= 126 E= -14191.1436800972  delta_E= -8.87e-09  |g|= 3.32e-05  |ddm|= 0.000189
  HOMO = -0.0140984894112279  LUMO = 0.259523756554005
cycle= 127 E= -14191.1436801037  delta_E= -6.54e-09  |g|= 3.32e-05  |ddm|= 0.000137
  HOMO = -0.0140984839270168  LUMO = 0.259523753453194
cycle= 128 E= -14191.1436801081  delta_E= -4.34e-09  |g|= 3.32e-05  |ddm|= 9.06e-05
  HOMO = -0.0140984681428435  LUMO = 0.259523753657712
cycle= 129 E= -14191.1436801105  delta_E= -2.39e-09  |g|= 3.32e-05  |ddm|= 4.88e-05
  HOMO = -0.0140984716829888  LUMO = 0.259523753558787
cycle= 130 E= -14191.1436801109  delta_E= -4.22e-10  |g|= 3.32e-05  |ddm|= 8.04e-06
  HOMO = -0.0140984750763049  LUMO = 0.259523753778068
cycle= 131 E= -14191.1436801105  delta_E= 3.49e-10  |g|= 3.32e-05  |ddm|= 7.83e-06
  HOMO = -0.0140984736952601  LUMO = 0.259523753778701
cycle= 132 E= -14191.1436801107  delta_E= -1.67e-10  |g|= 3.32e-05  |ddm|= 4.27e-06
  HOMO = -0.0140984710623165  LUMO = 0.259523753746964
cycle= 133 E= -14191.1436801112  delta_E= -5.17e-10  |g|= 3.32e-05  |ddm|= 1.06e-05
  HOMO = -0.0140984707042615  LUMO = 0.259523753747615
cycle= 134 E= -14191.1436801112  delta_E= 1.46e-11  |g|= 3.32e-05  |ddm|= 7.07e-07
  HOMO = -0.0140984722668812  LUMO = 0.259523753622471
cycle= 135 E= -14191.1436801109  delta_E= 3.53e-10  |g|= 3.32e-05  |ddm|= 8.35e-06
  HOMO = -0.0140984711215401  LUMO = 0.259523753634962
cycle= 136 E= -14191.1436801111  delta_E= -2.55e-10  |g|= 3.32e-05  |ddm|= 5.11e-06
  HOMO = -0.0140984807918045  LUMO = 0.259523753248062
cycle= 137 E= -14191.1436801114  delta_E= -2.84e-10  |g|= 3.32e-05  |ddm|= 8.44e-06
  HOMO = -0.0140984681905287  LUMO = 0.259523752411788
cycle= 138 E= -14191.1436801126  delta_E= -1.23e-09  |g|= 3.32e-05  |ddm|= 2.64e-05
  HOMO = -0.0140984796631979  LUMO = 0.25952375280188
cycle= 139 E= -14191.143680108  delta_E= 4.59e-09  |g|= 3.32e-05  |ddm|= 9.59e-05
  HOMO = -0.014098504202771  LUMO = 0.259523756611303
cycle= 140 E= -14191.1436801035  delta_E= 4.53e-09  |g|= 3.32e-05  |ddm|= 9.43e-05
  HOMO = -0.0140985164856383  LUMO = 0.259523756602371
cycle= 141 E= -14191.1436800994  delta_E= 4.11e-09  |g|= 3.32e-05  |ddm|= 8.85e-05
  HOMO = -0.0140985287192907  LUMO = 0.259523758093167
cycle= 142 E= -14191.143680096  delta_E= 3.35e-09  |g|= 3.32e-05  |ddm|= 7.3e-05
  HOMO = -0.0140985956107376  LUMO = 0.259523758607556
cycle= 143 E= -14191.1436800869  delta_E= 9.18e-09  |g|= 3.32e-05  |ddm|= 0.000237
  HOMO = -0.0140986054919337  LUMO = 0.259523760577463
cycle= 144 E= -14191.1436800808  delta_E= 6e-09  |g|= 3.32e-05  |ddm|= 0.000138
  HOMO = -0.0140986473645378  LUMO = 0.259523761041366
cycle= 145 E= -14191.1436800769  delta_E= 3.98e-09  |g|= 3.31e-05  |ddm|= 9.78e-05
  HOMO = -0.0140986760802069  LUMO = 0.25952376286841
cycle= 146 E= -14191.1436800701  delta_E= 6.8e-09  |g|= 3.31e-05  |ddm|= 0.000157
  HOMO = -0.0140987516299966  LUMO = 0.259523766079437
cycle= 147 E= -14191.1436800632  delta_E= 6.89e-09  |g|= 3.31e-05  |ddm|= 0.000181
  HOMO = -0.0140988530047833  LUMO = 0.259523761617524
cycle= 148 E= -14191.1436800566  delta_E= 6.57e-09  |g|= 3.31e-05  |ddm|= 0.000233
  HOMO = -0.0140989112055348  LUMO = 0.259523765941268
cycle= 149 E= -14191.1436800525  delta_E= 4.07e-09  |g|= 3.31e-05  |ddm|= 0.000142
  HOMO = -0.0140988513209788  LUMO = 0.259523749898677
cycle= 150 E= -14191.1436800499  delta_E= 2.62e-09  |g|= 3.3e-05  |ddm|= 0.000227
  HOMO = -0.0140989801852839  LUMO = 0.259523749458755
cycle= 151 E= -14191.1436800409  delta_E= 9.03e-09  |g|= 3.28e-05  |ddm|= 0.000678
  HOMO = -0.0140990508939952  LUMO = 0.259523745055039
cycle= 152 E= -14191.1436800401  delta_E= 7.86e-10  |g|= 3.27e-05  |ddm|= 0.000169
  HOMO = -0.0140991209779853  LUMO = 0.259523745533075
cycle= 153 E= -14191.1436800353  delta_E= 4.81e-09  |g|= 3.27e-05  |ddm|= 0.000188
  HOMO = -0.0140992539425065  LUMO = 0.259523742134424
cycle= 154 E= -14191.1436800336  delta_E= 1.73e-09  |g|= 3.26e-05  |ddm|= 0.000111
  HOMO = -0.0140993232437499  LUMO = 0.25952374096601
cycle= 155 E= -14191.1436800222  delta_E= 1.13e-08  |g|= 3.25e-05  |ddm|= 0.000403
  HOMO = -0.0140994398779431  LUMO = 0.259523739035201
cycle= 156 E= -14191.1436800163  delta_E= 5.89e-09  |g|= 3.25e-05  |ddm|= 0.000199
  HOMO = -0.0140994210296934  LUMO = 0.259523736475089
cycle= 157 E= -14191.1436800085  delta_E= 7.8e-09  |g|= 3.25e-05  |ddm|= 0.000257
  HOMO = -0.0140995374230527  LUMO = 0.259523746906684
cycle= 158 E= -14191.143679992  delta_E= 1.65e-08  |g|= 3.24e-05  |ddm|= 0.000566
  HOMO = -0.0140995463691021  LUMO = 0.259523733872922
cycle= 159 E= -14191.1436799848  delta_E= 7.15e-09  |g|= 3.24e-05  |ddm|= 0.000263
  HOMO = -0.0140996274482182  LUMO = 0.259523737259856
cycle= 160 E= -14191.1436799803  delta_E= 4.57e-09  |g|= 3.24e-05  |ddm|= 0.000179
  HOMO = -0.0140996583198668  LUMO = 0.259523736270361
cycle= 161 E= -14191.1436799768  delta_E= 3.48e-09  |g|= 3.24e-05  |ddm|= 0.000156
  HOMO = -0.0140996461036101  LUMO = 0.259523736654761
cycle= 162 E= -14191.1436799777  delta_E= -8.95e-10  |g|= 3.24e-05  |ddm|= 4.54e-05
  HOMO = -0.0140996340354602  LUMO = 0.259523736811723
cycle= 163 E= -14191.1436799784  delta_E= -7.49e-10  |g|= 3.24e-05  |ddm|= 2.7e-05
  HOMO = -0.0140996449622702  LUMO = 0.259523736741495
cycle= 164 E= -14191.1436799791  delta_E= -6.22e-10  |g|= 3.24e-05  |ddm|= 1.45e-05
  HOMO = -0.0140996749735115  LUMO = 0.259523735918418
cycle= 165 E= -14191.1436799778  delta_E= 1.3e-09  |g|= 3.24e-05  |ddm|= 5.08e-05
  HOMO = -0.014099672133131  LUMO = 0.259523736141509
cycle= 166 E= -14191.1436799785  delta_E= -7.13e-10  |g|= 3.24e-05  |ddm|= 2.17e-05
  HOMO = -0.0140996627617792  LUMO = 0.25952373557332
cycle= 167 E= -14191.1436799796  delta_E= -1.13e-09  |g|= 3.24e-05  |ddm|= 3.88e-05
  HOMO = -0.0140996739561526  LUMO = 0.259523735098607
cycle= 168 E= -14191.1436799776  delta_E= 1.96e-09  |g|= 3.24e-05  |ddm|= 6.51e-05
  HOMO = -0.014099708214947  LUMO = 0.259523735552084
cycle= 169 E= -14191.143679975  delta_E= 2.67e-09  |g|= 3.24e-05  |ddm|= 0.000107
  HOMO = -0.0140997167705493  LUMO = 0.259523736165085
cycle= 170 E= -14191.1436799755  delta_E= -5.35e-10  |g|= 3.24e-05  |ddm|= 2.1e-05
  HOMO = -0.0140997235415048  LUMO = 0.259523736258361
cycle= 171 E= -14191.1436799751  delta_E= 4.15e-10  |g|= 3.24e-05  |ddm|= 2.34e-05
  HOMO = -0.0140996882306387  LUMO = 0.259523736977111
cycle= 172 E= -14191.1436799778  delta_E= -2.71e-09  |g|= 3.24e-05  |ddm|= 7.94e-05
  HOMO = -0.0140996626140147  LUMO = 0.259523737617457
cycle= 173 E= -14191.1436799767  delta_E= 1.11e-09  |g|= 3.24e-05  |ddm|= 3.47e-05
  HOMO = -0.0140996598442307  LUMO = 0.259523737905348
cycle= 174 E= -14191.1436799769  delta_E= -2.4e-10  |g|= 3.24e-05  |ddm|= 1.72e-05
  HOMO = -0.014099663575682  LUMO = 0.259523736479474
cycle= 175 E= -14191.1436799763  delta_E= 6.15e-10  |g|= 3.24e-05  |ddm|= 2.46e-05
  HOMO = -0.014099633247884  LUMO = 0.259523736900124
cycle= 176 E= -14191.1436799797  delta_E= -3.4e-09  |g|= 3.24e-05  |ddm|= 0.00013
  HOMO = -0.0140996647586485  LUMO = 0.259523735686879
cycle= 177 E= -14191.1436799762  delta_E= 3.47e-09  |g|= 3.24e-05  |ddm|= 0.000141
  HOMO = -0.014099598685482  LUMO = 0.259523733959116
cycle= 178 E= -14191.1436799807  delta_E= -4.46e-09  |g|= 3.24e-05  |ddm|= 0.000182
  HOMO = -0.0140996119439119  LUMO = 0.259523735358719
cycle= 179 E= -14191.1436799809  delta_E= -1.49e-10  |g|= 3.24e-05  |ddm|= 3.93e-05
  HOMO = -0.0140995675952417  LUMO = 0.259523737823026
cycle= 180 E= -14191.1436799876  delta_E= -6.77e-09  |g|= 3.24e-05  |ddm|= 0.000228
  HOMO = -0.0140995958155906  LUMO = 0.259523737989545
cycle= 181 E= -14191.1436799851  delta_E= 2.52e-09  |g|= 3.24e-05  |ddm|= 9.86e-05
  HOMO = -0.0140996312678737  LUMO = 0.259523736933686
cycle= 182 E= -14191.143679984  delta_E= 1.15e-09  |g|= 3.24e-05  |ddm|= 5.32e-05
  HOMO = -0.0140996366587959  LUMO = 0.259523738008952
cycle= 183 E= -14191.1436799836  delta_E= 3.27e-10  |g|= 3.24e-05  |ddm|= 8.03e-06
  HOMO = -0.0140996402233149  LUMO = 0.25952373818961
cycle= 184 E= -14191.1436799831  delta_E= 5.49e-10  |g|= 3.24e-05  |ddm|= 1.6e-05
  HOMO = -0.0140997306938272  LUMO = 0.259523737501051
cycle= 185 E= -14191.1436799743  delta_E= 8.79e-09  |g|= 3.24e-05  |ddm|= 0.000291
  HOMO = -0.0140998509480699  LUMO = 0.259523736152591
cycle= 186 E= -14191.1436799619  delta_E= 1.24e-08  |g|= 3.24e-05  |ddm|= 0.000402
  HOMO = -0.0141001649215518  LUMO = 0.25952373751401
cycle= 187 E= -14191.1436799205  delta_E= 4.14e-08  |g|= 3.23e-05  |ddm|= 0.00126
  HOMO = -0.0141004498784397  LUMO = 0.25952374146679
cycle= 188 E= -14191.14367988  delta_E= 4.05e-08  |g|= 3.22e-05  |ddm|= 0.00112
  HOMO = -0.0141008642879524  LUMO = 0.259523728494361
cycle= 189 E= -14191.1436797887  delta_E= 9.13e-08  |g|= 3.19e-05  |ddm|= 0.00239
  HOMO = -0.0141022985034653  LUMO = 0.259523797984095
cycle= 190 E= -14191.1436795513  delta_E= 2.37e-07  |g|= 3.1e-05  |ddm|= 0.00575
  HOMO = -0.0141022138357918  LUMO = 0.259523832148888
cycle= 191 E= -14191.1436794973  delta_E= 5.4e-08  |g|= 3.03e-05  |ddm|= 0.00128
  HOMO = -0.0141038674795085  LUMO = 0.259523856582504
cycle= 192 E= -14191.1436792319  delta_E= 2.65e-07  |g|= 3.17e-05  |ddm|= 0.00689
  HOMO = -0.0141049568893634  LUMO = 0.259523886162857
cycle= 193 E= -14191.1436791061  delta_E= 1.26e-07  |g|= 3.07e-05  |ddm|= 0.00337
  HOMO = -0.0141069129085832  LUMO = 0.259523995757939
cycle= 194 E= -14191.1436787767  delta_E= 3.29e-07  |g|= 3.29e-05  |ddm|= 0.00922
  HOMO = -0.014108282881312  LUMO = 0.259524026516686
cycle= 195 E= -14191.1436786133  delta_E= 1.63e-07  |g|= 3.68e-05  |ddm|= 0.00528
  HOMO = -0.0141075201838161  LUMO = 0.259524003276486
cycle= 196 E= -14191.1436787115  delta_E= -9.82e-08  |g|= 2.6e-05  |ddm|= 0.00324
  HOMO = -0.0141103231466202  LUMO = 0.259524127824243
cycle= 197 E= -14191.1436783557  delta_E= 3.56e-07  |g|= 4.22e-05  |ddm|= 0.0117
  HOMO = -0.0141117260980572  LUMO = 0.259524238245261
cycle= 198 E= -14191.1436781631  delta_E= 1.93e-07  |g|= 3.17e-05  |ddm|= 0.00733
  HOMO = -0.0141147258943958  LUMO = 0.259524299756439
cycle= 199 E= -14191.1436778897  delta_E= 2.73e-07  |g|= 4.58e-05  |ddm|= 0.0116
  HOMO = -0.014114954909155  LUMO = 0.259524316998231
cycle= 200 E= -14191.1436778557  delta_E= 3.41e-08  |g|= 1.93e-05  |ddm|= 0.00177
  HOMO = -0.0141161456570144  LUMO = 0.259524368217736
cycle= 201 E= -14191.1436777605  delta_E= 9.51e-08  |g|= 2.27e-05  |ddm|= 0.00454
  HOMO = -0.0141162543631614  LUMO = 0.25952435074723
cycle= 202 E= -14191.1436777419  delta_E= 1.87e-08  |g|= 2.13e-05  |ddm|= 0.000968
  HOMO = -0.0141167765120966  LUMO = 0.259524373827431
cycle= 203 E= -14191.1436777176  delta_E= 2.43e-08  |g|= 2.27e-05  |ddm|= 0.00138
  HOMO = -0.0141167640791974  LUMO = 0.259524379719143
cycle= 204 E= -14191.1436777144  delta_E= 3.18e-09  |g|= 1.95e-05  |ddm|= 0.00056
  HOMO = -0.0141165710134817  LUMO = 0.25952437042246
cycle= 205 E= -14191.143677734  delta_E= -1.96e-08  |g|= 1.82e-05  |ddm|= 0.000961
  HOMO = -0.014116750062168  LUMO = 0.259524392307742
cycle= 206 E= -14191.1436777043  delta_E= 2.98e-08  |g|= 1.78e-05  |ddm|= 0.00158
  HOMO = -0.0141166277878282  LUMO = 0.259524381092192
cycle= 207 E= -14191.1436777154  delta_E= -1.11e-08  |g|= 1.55e-05  |ddm|= 0.000581
  HOMO = -0.0141165501577326  LUMO = 0.259524378114037
cycle= 208 E= -14191.1436777174  delta_E= -1.99e-09  |g|= 1.52e-05  |ddm|= 0.000168
  HOMO = -0.0141165245830667  LUMO = 0.259524373820718
cycle= 209 E= -14191.1436777258  delta_E= -8.45e-09  |g|= 1.5e-05  |ddm|= 0.000424
  HOMO = -0.0141164355045682  LUMO = 0.259524373957244
cycle= 210 E= -14191.1436777362  delta_E= -1.04e-08  |g|= 1.48e-05  |ddm|= 0.000503
  HOMO = -0.0141164175158411  LUMO = 0.259524372166761
cycle= 211 E= -14191.1436777419  delta_E= -5.68e-09  |g|= 1.47e-05  |ddm|= 0.000281
  HOMO = -0.0141162958545201  LUMO = 0.259524371680973
cycle= 212 E= -14191.1436777467  delta_E= -4.81e-09  |g|= 1.45e-05  |ddm|= 0.000227
  HOMO = -0.0141163221587895  LUMO = 0.259524368439401
cycle= 213 E= -14191.1436777533  delta_E= -6.58e-09  |g|= 1.43e-05  |ddm|= 0.000313
  HOMO = -0.014116146989319  LUMO = 0.259524370964978
cycle= 214 E= -14191.1436777566  delta_E= -3.35e-09  |g|= 1.41e-05  |ddm|= 0.000172
  HOMO = -0.0141161627178394  LUMO = 0.259524370666633
cycle= 215 E= -14191.143677759  delta_E= -2.35e-09  |g|= 1.4e-05  |ddm|= 0.000138
  HOMO = -0.0141161596838116  LUMO = 0.2595243771285
cycle= 216 E= -14191.1436777594  delta_E= -4.37e-10  |g|= 1.39e-05  |ddm|= 6.18e-05
  HOMO = -0.0141161262560096  LUMO = 0.259524371892151
Extra cycle  E= -14191.1436777597  delta_E= -2.73e-10  |g|= 1.39e-05  |ddm|= 1.49e-05
converged SCF energy = -14191.1436777597  <S^2> = 3.6982921  2S+1 = 3.974062
(3, 264, 264) 264
S vector [-1.0888-0.j  0.6791+0.j  0.6749+0.j]
(3, 264, 264) 264
L vector [-4.5307+0.j  2.8234+0.j  2.8065+0.j]
(3, 264, 264) 264
J vector [-5.6195+0.j  3.5025+0.j  3.4814-0.j]
Tue Apr 15 21:18:01 PDT 2025
