Currently Loaded Modulefiles:
 1) gmp/6.2.1-gcc-13.2.0-lcnhyse <aL>             
 2) mpfr/4.2.0-gcc-13.2.0-yy2fkq5 <aL>            
 3) mpc/1.3.1-gcc-13.2.0-5kgoftq <aL>             
 4) zlib-ng/2.1.3-gcc-13.2.0-jetnfwa <aL>         
 5) zstd/1.5.5-gcc-13.2.0-t2lua3l <aL>            
 6) gcc/13.2.0-gcc-13.2.0-w55nxkl                 
 7) cmake/3.20.2-gcc-13.2.0-rp74vpv               
 8) libfabric/1.18.1-gcc-13.2.0-bijxar4 <aL>      
 9) numactl/2.0.14-gcc-13.2.0-etkf74e <aL>        
10) openssh/8.7p1-gcc-13.2.0-g55xmkx <aL>         
11) slurm/22.05.6-gcc-13.2.0-tchsn6y <aL>         
12) openmpi/4.1.5-gcc-13.2.0-24q3ap2              
13) libpciaccess/0.17-gcc-13.2.0-r2cijnn <aL>     
14) libiconv/1.17-gcc-13.2.0-ntov4te <aL>         
15) xz/5.4.1-gcc-13.2.0-4xkm5xo <aL>              
16) libxml2/2.10.3-gcc-13.2.0-fr6jcjz <aL>        
17) ncurses/6.4-gcc-13.2.0-4o2yj6n <aL>           
18) hwloc/2.9.1-gcc-13.2.0-gzvfolk <aL>           
19) intel-tbb/2021.9.0-gcc-13.2.0-6nwk3ml <aL>    
20) intel-oneapi-mkl/2023.2.0-gcc-13.2.0-ohvyk7g  

Key:
<module-tag>  <aL>=auto-loaded  
/central/groups/changroup/members/lppeng/holmium/run/paper_final/run_Dy/conf7/GS/run_11
Tue Apr 15 10:54:09 PDT 2025
hpc-81-37.cm.cluster
--------------------------------------------------------------------------
WARNING: There was an error initializing an OpenFabrics device.

  Local host:   hpc-81-37
  Local device: mlx5_0
--------------------------------------------------------------------------
Apr 15 10:54:12 ####### 
                ####### libDMET   version 0.5
                ####### A periodic DMET library for lattice model and realistic solid.
                ####### 
#INFO: **** input file is /central/groups/changroup/members/lppeng/holmium/run/paper_final/run_Dy/conf7/GS/run_11/ground_state.py ****
'''
Example input to calculate the ground state of a molecular system
Include x2c relativistic effect
'''
import pyscf
from pyscf.scf.hf import RHF
from pyscf.dft.uks import UKS
from pyscf.dft.gks import GKS
from pyscf import lib
import os, sys
import numpy as np
import scipy.linalg as la
from scipy.linalg import sqrtm, eigh
from scipy.optimize import root
np.set_printoptions(precision=12, threshold=sys.maxsize, linewidth=190, suppress=True)
log = lib.logger.Logger(sys.stdout, 4)

if __name__ == "__main__":
    from pyscf import gto, scf, dft, lib
    from pyscf.lib import chkfile
    from stevens import cdft, project, utils
    from stevens.project import get_mj

    # system input
    geometry = 'DyCl6' # The name of geometry file minus ".xyz"
                       # Make sure first atom is the central magnetic atom 
    spin = 5 # number of unpaired electrons in a unit cell
    charge = -3 # charge of the molecule or a unit cell
    basis = {'default': '631g', 'Dy': 'sarc-dkh'} # specify basis for all elements here
    max_memory = 32000 # in the unit of MB. Recommend: memory available on a node - 10000 MB
    qmmm = True # add environment with classical charges

    # (c)HF/DFT parameters
    xc = 'HF' # functional
    smearing = None # To help HF/DFT converge, try e.g. 5e-2
    chkfname_guess = 'project' # initial guess. 'minao' for default PySCF guess; None for constrained HF; 
                # path to a checkpoint file to restart from a SCF solution.
                # 'project' to project from the SCF solution in a small basis to generate the initial guess
    chkfname_small = '../gs_small_%s.chk'%geometry # checkpoint file in a small basis. Used when chkfname_guess == 'project'
    basis_small = {'default': 'minao', 'Dy': 'cc-x2c-minao'}# the small basis associated with chkfname_small
    change_dm_mode = 'rotate' # None: no change
                          # 'positive_z': set the 4f block of dm so that J~(0,0,J)
                          # 'rotate': rotate the 4f block of dm by some angles
    atom_index = 0 # the index of central lanthanide atom
    occ_idx = 11
    noise = 0 # max noise on density matrix initial guess

    # constrained HF parameters for the initial guess
    ao_shell = 'f'
    lo_chkfname = '../../UHF/uhf_gs_%s_lo.h5'%geometry  
    multiplier0 = 0.1
    # END USER INPUT

    # set up system
    if os.path.isfile('../../' + geometry + ".xyz"):
        mol = gto.M(
            atom = '../../' + geometry + ".xyz",
            basis = basis,
            verbose = 4,
            spin = spin,
            charge = charge,
            max_memory = max_memory,
            )
        mol.set_common_origin(mol._atom[atom_index][1])
    else:
        raise ValueError("No .xyz file available!")
    log.info("N_elec %s, N_ao %s"%(mol.nelec, mol.nao))

    # generate HF/DFT initial guess
    if chkfname_guess == 'minao':
        mf = scf.GKS(mol).x2c()
        dm0 = mf.get_init_guess()
        print("Use PySCF default init guess")
    elif chkfname_guess is None:
        # run constrained DFT
        angles = cdft.sample_rotation('xyz', occ_idx, unit=20)
        from scipy.spatial.transform import Rotation
        direction = Rotation.from_euler('zyz', angles, degrees=False) @ [0,0,1]
        cmf = cdft.CGKS(mol, direction, multiplier_guess=multiplier0, max_cycle=300,
                atom_index=atom_index, ao_shell='f', lo_chkfname=lo_chkfname, xc=xc, smearing=smearing)
        cmf.kernel()
        dm0 = cmf._scf.make_rdm1()
        print("Contrained SCF solution as init guess")
    elif chkfname_guess == 'project':
        # project dm0 in a small basis to the larger basis 
        dm0 = utils.project_dm_from_small_basis(mol, basis_small, chkfname_small, change_dm_mode, atom_index=atom_index, occ_idx=occ_idx)
        print("Project wavefunction in a smaller basis to the target basis as init guess")
    else:
        mf = scf.GKS(mol).x2c()
        data = chkfile.load(chkfname_guess, 'scf')
        mf.__dict__.update(data)
        dm0 = mf.make_rdm1()
        mf.analyze(with_meta_lowdin=False)
        print("Load .chk file for init guess")
    if change_dm_mode is not None and not chkfname_guess == 'project': # when chkfname_guess == 'project', change in small basis
        dm0 = utils.change_dm_guess(mol, dm0, change_dm_mode, atom_index=atom_index, occ_idx=occ_idx)
    dm0 += (np.random.rand(*(dm0.shape)) - 0.5) * noise  
    print("J vector of initial guess", get_mj(mol, dm0, analyze=True))

    # run HF/DFT
    mf = scf.GKS(mol).x2c()
    mf.xc = xc
    if xc.upper() != 'HF':
        mf.collinear = 'mcol'
        mf.grids.level = 6 
    mf.chkfile = 'gs_' + geometry + '.chk' 
    mf.max_cycle = 1000 
    if smearing is not None:
        mf = scf.addons.smearing_(mf, sigma=smearing, method="fermi")
    if qmmm: # add the precomputed potential from environmental classical charges 
        get_hcore_original = mf.get_hcore
        hcore_mm = np.load('../../mm_hcore.npy')
        def get_hcore_mm(self, mol=None):
            return get_hcore_original(mol=mol) + la.block_diag(hcore_mm, hcore_mm)
        import types
        mf.get_hcore = types.MethodType(get_hcore_mm, mf)
    mf.kernel(dm0=dm0)
    dm = mf.make_rdm1()
    print("S vector", get_mj(mol, dm, include_L=False))
    print("L vector", get_mj(mol, dm, include_S=False))
    print("J vector", get_mj(mol, dm))
#INFO: ******************** input file end ********************


System: uname_result(system='Linux', node='hpc-81-37.cm.cluster', release='5.14.0-427.13.1.el9_4.x86_64', version='#1 SMP PREEMPT_DYNAMIC Wed Apr 10 10:29:16 EDT 2024', machine='x86_64')  Threads 8
Python 3.11.6 | packaged by conda-forge | (main, Oct  3 2023, 10:40:35) [GCC 12.3.0]
numpy 1.26.0  scipy 1.11.3
Date: Tue Apr 15 10:54:14 2025
PySCF version 2.5.0
PySCF path  /home/lppeng/anaconda3/envs/nerscV25/lib/python3.11/site-packages/pyscf

[CONFIG] conf_file None
[INPUT] verbose = 4
[INPUT] num. atoms = 7
[INPUT] num. electrons = 171
[INPUT] charge = -3
[INPUT] spin (= nelec alpha-beta = 2S) = 5
[INPUT] symmetry False subgroup None
[INPUT] Mole.unit = angstrom
[INPUT] Symbol           X                Y                Z      unit          X                Y                Z       unit  Magmom
[INPUT]  1 Dy     0.000000000000   0.000000000000   0.000000000000 AA    0.000000000000   0.000000000000   0.000000000000 Bohr   0.0
[INPUT]  2 Cl     2.724000000000   0.000000000000   0.000000000000 AA    5.147613963315   0.000000000000   0.000000000000 Bohr   0.0
[INPUT]  3 Cl    -2.724000000000   0.000000000000   0.000000000000 AA   -5.147613963315   0.000000000000   0.000000000000 Bohr   0.0
[INPUT]  4 Cl     0.000000000000   2.724000000000   0.000000000000 AA    0.000000000000   5.147613963315   0.000000000000 Bohr   0.0
[INPUT]  5 Cl     0.000000000000  -2.724000000000   0.000000000000 AA    0.000000000000  -5.147613963315   0.000000000000 Bohr   0.0
[INPUT]  6 Cl     0.000000000000   0.000000000000   2.724000000000 AA    0.000000000000   0.000000000000   5.147613963315 Bohr   0.0
[INPUT]  7 Cl     0.000000000000   0.000000000000  -2.724000000000 AA    0.000000000000   0.000000000000  -5.147613963315 Bohr   0.0

nuclear repulsion = 1868.38919656687
number of shells = 84
number of NR pGTOs = 449
number of NR cGTOs = 198
basis = {'default': '631g', 'Dy': 'sarc-dkh'}
ecp = {}
CPU time:         3.10
N_elec (88, 83), N_ao 198
#INFO: **** input file is /central/groups/changroup/members/lppeng/holmium/run/paper_final/run_Dy/conf7/GS/run_11/ground_state.py ****
'''
Example input to calculate the ground state of a molecular system
Include x2c relativistic effect
'''
import pyscf
from pyscf.scf.hf import RHF
from pyscf.dft.uks import UKS
from pyscf.dft.gks import GKS
from pyscf import lib
import os, sys
import numpy as np
import scipy.linalg as la
from scipy.linalg import sqrtm, eigh
from scipy.optimize import root
np.set_printoptions(precision=12, threshold=sys.maxsize, linewidth=190, suppress=True)
log = lib.logger.Logger(sys.stdout, 4)

if __name__ == "__main__":
    from pyscf import gto, scf, dft, lib
    from pyscf.lib import chkfile
    from stevens import cdft, project, utils
    from stevens.project import get_mj

    # system input
    geometry = 'DyCl6' # The name of geometry file minus ".xyz"
                       # Make sure first atom is the central magnetic atom 
    spin = 5 # number of unpaired electrons in a unit cell
    charge = -3 # charge of the molecule or a unit cell
    basis = {'default': '631g', 'Dy': 'sarc-dkh'} # specify basis for all elements here
    max_memory = 32000 # in the unit of MB. Recommend: memory available on a node - 10000 MB
    qmmm = True # add environment with classical charges

    # (c)HF/DFT parameters
    xc = 'HF' # functional
    smearing = None # To help HF/DFT converge, try e.g. 5e-2
    chkfname_guess = 'project' # initial guess. 'minao' for default PySCF guess; None for constrained HF; 
                # path to a checkpoint file to restart from a SCF solution.
                # 'project' to project from the SCF solution in a small basis to generate the initial guess
    chkfname_small = '../gs_small_%s.chk'%geometry # checkpoint file in a small basis. Used when chkfname_guess == 'project'
    basis_small = {'default': 'minao', 'Dy': 'cc-x2c-minao'}# the small basis associated with chkfname_small
    change_dm_mode = 'rotate' # None: no change
                          # 'positive_z': set the 4f block of dm so that J~(0,0,J)
                          # 'rotate': rotate the 4f block of dm by some angles
    atom_index = 0 # the index of central lanthanide atom
    occ_idx = 11
    noise = 0 # max noise on density matrix initial guess

    # constrained HF parameters for the initial guess
    ao_shell = 'f'
    lo_chkfname = '../../UHF/uhf_gs_%s_lo.h5'%geometry  
    multiplier0 = 0.1
    # END USER INPUT

    # set up system
    if os.path.isfile('../../' + geometry + ".xyz"):
        mol = gto.M(
            atom = '../../' + geometry + ".xyz",
            basis = basis,
            verbose = 4,
            spin = spin,
            charge = charge,
            max_memory = max_memory,
            )
        mol.set_common_origin(mol._atom[atom_index][1])
    else:
        raise ValueError("No .xyz file available!")
    log.info("N_elec %s, N_ao %s"%(mol.nelec, mol.nao))

    # generate HF/DFT initial guess
    if chkfname_guess == 'minao':
        mf = scf.GKS(mol).x2c()
        dm0 = mf.get_init_guess()
        print("Use PySCF default init guess")
    elif chkfname_guess is None:
        # run constrained DFT
        angles = cdft.sample_rotation('xyz', occ_idx, unit=20)
        from scipy.spatial.transform import Rotation
        direction = Rotation.from_euler('zyz', angles, degrees=False) @ [0,0,1]
        cmf = cdft.CGKS(mol, direction, multiplier_guess=multiplier0, max_cycle=300,
                atom_index=atom_index, ao_shell='f', lo_chkfname=lo_chkfname, xc=xc, smearing=smearing)
        cmf.kernel()
        dm0 = cmf._scf.make_rdm1()
        print("Contrained SCF solution as init guess")
    elif chkfname_guess == 'project':
        # project dm0 in a small basis to the larger basis 
        dm0 = utils.project_dm_from_small_basis(mol, basis_small, chkfname_small, change_dm_mode, atom_index=atom_index, occ_idx=occ_idx)
        print("Project wavefunction in a smaller basis to the target basis as init guess")
    else:
        mf = scf.GKS(mol).x2c()
        data = chkfile.load(chkfname_guess, 'scf')
        mf.__dict__.update(data)
        dm0 = mf.make_rdm1()
        mf.analyze(with_meta_lowdin=False)
        print("Load .chk file for init guess")
    if change_dm_mode is not None and not chkfname_guess == 'project': # when chkfname_guess == 'project', change in small basis
        dm0 = utils.change_dm_guess(mol, dm0, change_dm_mode, atom_index=atom_index, occ_idx=occ_idx)
    dm0 += (np.random.rand(*(dm0.shape)) - 0.5) * noise  
    print("J vector of initial guess", get_mj(mol, dm0, analyze=True))

    # run HF/DFT
    mf = scf.GKS(mol).x2c()
    mf.xc = xc
    if xc.upper() != 'HF':
        mf.collinear = 'mcol'
        mf.grids.level = 6 
    mf.chkfile = 'gs_' + geometry + '.chk' 
    mf.max_cycle = 1000 
    if smearing is not None:
        mf = scf.addons.smearing_(mf, sigma=smearing, method="fermi")
    if qmmm: # add the precomputed potential from environmental classical charges 
        get_hcore_original = mf.get_hcore
        hcore_mm = np.load('../../mm_hcore.npy')
        def get_hcore_mm(self, mol=None):
            return get_hcore_original(mol=mol) + la.block_diag(hcore_mm, hcore_mm)
        import types
        mf.get_hcore = types.MethodType(get_hcore_mm, mf)
    mf.kernel(dm0=dm0)
    dm = mf.make_rdm1()
    print("S vector", get_mj(mol, dm, include_L=False))
    print("L vector", get_mj(mol, dm, include_S=False))
    print("J vector", get_mj(mol, dm))
#INFO: ******************** input file end ********************


System: uname_result(system='Linux', node='hpc-81-37.cm.cluster', release='5.14.0-427.13.1.el9_4.x86_64', version='#1 SMP PREEMPT_DYNAMIC Wed Apr 10 10:29:16 EDT 2024', machine='x86_64')  Threads 8
Python 3.11.6 | packaged by conda-forge | (main, Oct  3 2023, 10:40:35) [GCC 12.3.0]
numpy 1.26.0  scipy 1.11.3
Date: Tue Apr 15 10:54:14 2025
PySCF version 2.5.0
PySCF path  /home/lppeng/anaconda3/envs/nerscV25/lib/python3.11/site-packages/pyscf

[CONFIG] conf_file None
[INPUT] verbose = 4
[INPUT] num. atoms = 7
[INPUT] num. electrons = 171
[INPUT] charge = -3
[INPUT] spin (= nelec alpha-beta = 2S) = 5
[INPUT] symmetry False subgroup None
[INPUT] Mole.unit = angstrom
[INPUT] Symbol           X                Y                Z      unit          X                Y                Z       unit  Magmom
[INPUT]  1 Dy     0.000000000000   0.000000000000   0.000000000000 AA    0.000000000000   0.000000000000   0.000000000000 Bohr   0.0
[INPUT]  2 Cl     2.724000000000   0.000000000000   0.000000000000 AA    5.147613963315   0.000000000000   0.000000000000 Bohr   0.0
[INPUT]  3 Cl    -2.724000000000   0.000000000000   0.000000000000 AA   -5.147613963315   0.000000000000   0.000000000000 Bohr   0.0
[INPUT]  4 Cl     0.000000000000   2.724000000000   0.000000000000 AA    0.000000000000   5.147613963315   0.000000000000 Bohr   0.0
[INPUT]  5 Cl     0.000000000000  -2.724000000000   0.000000000000 AA    0.000000000000  -5.147613963315   0.000000000000 Bohr   0.0
[INPUT]  6 Cl     0.000000000000   0.000000000000   2.724000000000 AA    0.000000000000   0.000000000000   5.147613963315 Bohr   0.0
[INPUT]  7 Cl     0.000000000000   0.000000000000  -2.724000000000 AA    0.000000000000   0.000000000000  -5.147613963315 Bohr   0.0

nuclear repulsion = 1868.38919656687
number of shells = 16
number of NR pGTOs = 511
number of NR cGTOs = 89
basis = {'default': 'minao', 'Dy': 'cc-x2c-minao'}
ecp = {}
CPU time:         3.23
basis {'default': '631g', 'Dy': 'sarc-dkh'} 198
basis {'default': 'minao', 'Dy': 'cc-x2c-minao'} 89
(3, 89, 89) 89
Haar random target direction [0.8090169943749475, 0.5877852522924731, 6.123233995736766e-17]
Haar random total rotation [0.     1.5708 0.6283]
Rotated f-block dm by angles from +z [0.     1.5708 0.6283]
Project wavefunction in a smaller basis to the target basis as init guess
(3, 198, 198) 198
elemental J of ['Cl' 'Dy']
  Cl -0.0005+0.0000j -0.0004+0.0000j 0.0310+0.0000j 
  Dy 6.0341-0.0000j 4.3840-0.0000j -0.0169-0.0000j 
J vector of initial guess [6.0334+0.j 4.3835-0.j 0.0141+0.j]


******** <class 'pyscf.x2c.x2c.X2C1eGKS'> ********
method = X2C1eGKS
initial guess = minao
damping factor = 0
level_shift factor = 0
DIIS = <class 'pyscf.scf.diis.CDIIS'>
diis_start_cycle = 1
diis_space = 8
diis_damp = 0
SCF conv_tol = 1e-09
SCF conv_tol_grad = None
SCF max_cycles = 1000
direct_scf = True
direct_scf_tol = 1e-13
chkfile to save SCF result = gs_DyCl6.chk
max_memory 32000 MB (current use 183 MB)
XC library pyscf.dft.libxc version 6.1.0
    S. Lehtola, C. Steigemann, M. J.T. Oliveira, and M. A.L. Marques.,  SoftwareX 7, 1–5 (2018)
XC functionals = HF

radial grids: 
    Treutler-Ahlrichs [JCP 102, 346 (1995); DOI:10.1063/1.469408] (M4) radial grids
    
becke partition: Becke, JCP 88, 2547 (1988); DOI:10.1063/1.454033
pruning grids: <function nwchem_prune at 0x7f3a08901e40>
grids dens level: 3
symmetrized grids: False
atomic radii adjust function: <function treutler_atomic_radii_adjust at 0x7f3a08902480>
small_rho_cutoff = 1e-07
collinear = col


******** <class 'pyscf.x2c.x2c.SpinOrbitalX2CHelper'> ********
approx = 1e
xuncontract = 1
Overwritten attributes  get_hcore  of <class 'pyscf.x2c.x2c.X2C1eGKS'>
Set gradient conv threshold to 3.16228e-05
tot grids = 134432
init E= -14971.0807413921
  HOMO = -0.283253885214765  LUMO = -0.0688358676323264
cycle= 1 E= -14978.6085437879  delta_E= -7.53  |g|= 1.62  |ddm|= 2.41
  HOMO = -0.29755971317497  LUMO = 0.124200531149313
cycle= 2 E= -14978.7105123024  delta_E= -0.102  |g|= 0.663  |ddm|= 1.11
  HOMO = -0.322305874201995  LUMO = 0.122282521098121
cycle= 3 E= -14978.7606845584  delta_E= -0.0502  |g|= 0.274  |ddm|= 0.508
  HOMO = -0.322528695365446  LUMO = 0.122623879632391
cycle= 4 E= -14978.76657321  delta_E= -0.00589  |g|= 0.0211  |ddm|= 0.091
  HOMO = -0.323749625800893  LUMO = 0.122820492344393
cycle= 5 E= -14978.7667736974  delta_E= -0.0002  |g|= 0.00612  |ddm|= 0.0246
  HOMO = -0.323627784843687  LUMO = 0.122827311990268
cycle= 6 E= -14978.7668345392  delta_E= -6.08e-05  |g|= 0.00491  |ddm|= 0.0106
  HOMO = -0.323684828079343  LUMO = 0.122834099987623
cycle= 7 E= -14978.7669217367  delta_E= -8.72e-05  |g|= 0.00361  |ddm|= 0.0148
  HOMO = -0.323544230490835  LUMO = 0.122831277698345
cycle= 8 E= -14978.7670060295  delta_E= -8.43e-05  |g|= 0.00163  |ddm|= 0.024
  HOMO = -0.323642679582732  LUMO = 0.122828361634422
cycle= 9 E= -14978.7670206847  delta_E= -1.47e-05  |g|= 0.000714  |ddm|= 0.0117
  HOMO = -0.323637168863242  LUMO = 0.122827540467863
cycle= 10 E= -14978.7670222224  delta_E= -1.54e-06  |g|= 0.000535  |ddm|= 0.00254
  HOMO = -0.323644663590292  LUMO = 0.122828035020007
cycle= 11 E= -14978.7670233202  delta_E= -1.1e-06  |g|= 0.000449  |ddm|= 0.00176
  HOMO = -0.323642323937137  LUMO = 0.122828426331817
cycle= 12 E= -14978.767024354  delta_E= -1.03e-06  |g|= 0.000402  |ddm|= 0.00172
  HOMO = -0.323647445377085  LUMO = 0.122827866326264
cycle= 13 E= -14978.7670255511  delta_E= -1.2e-06  |g|= 0.000369  |ddm|= 0.0022
  HOMO = -0.32363826922315  LUMO = 0.122827844513462
cycle= 14 E= -14978.7670265768  delta_E= -1.03e-06  |g|= 0.000347  |ddm|= 0.00203
  HOMO = -0.323640632586638  LUMO = 0.122828103764839
cycle= 15 E= -14978.7670279413  delta_E= -1.36e-06  |g|= 0.000317  |ddm|= 0.00293
  HOMO = -0.323640484259639  LUMO = 0.122827779395022
cycle= 16 E= -14978.7670307069  delta_E= -2.77e-06  |g|= 0.000252  |ddm|= 0.00733
  HOMO = -0.323637319551274  LUMO = 0.122827822004871
cycle= 17 E= -14978.7670320067  delta_E= -1.3e-06  |g|= 0.000226  |ddm|= 0.00464
  HOMO = -0.323641319216203  LUMO = 0.122827313586929
cycle= 18 E= -14978.7670325564  delta_E= -5.5e-07  |g|= 0.000213  |ddm|= 0.00212
  HOMO = -0.323637546643989  LUMO = 0.122827381614646
cycle= 19 E= -14978.7670330877  delta_E= -5.31e-07  |g|= 0.000202  |ddm|= 0.00208
  HOMO = -0.323638365569497  LUMO = 0.122827420045348
cycle= 20 E= -14978.7670334659  delta_E= -3.78e-07  |g|= 0.000196  |ddm|= 0.0015
  HOMO = -0.323636734054631  LUMO = 0.12282730481842
cycle= 21 E= -14978.7670337637  delta_E= -2.98e-07  |g|= 0.000192  |ddm|= 0.00114
  HOMO = -0.323636437245022  LUMO = 0.122827316897319
cycle= 22 E= -14978.7670342112  delta_E= -4.47e-07  |g|= 0.000187  |ddm|= 0.00171
  HOMO = -0.323635523190696  LUMO = 0.122827080803386
cycle= 23 E= -14978.7670346427  delta_E= -4.31e-07  |g|= 0.000184  |ddm|= 0.00168
  HOMO = -0.323636318165936  LUMO = 0.122827057662025
cycle= 24 E= -14978.7670348998  delta_E= -2.57e-07  |g|= 0.000183  |ddm|= 0.001
  HOMO = -0.323635095387834  LUMO = 0.122827049532688
cycle= 25 E= -14978.7670351467  delta_E= -2.47e-07  |g|= 0.000182  |ddm|= 0.000951
  HOMO = -0.32363497302192  LUMO = 0.122827089591128
cycle= 26 E= -14978.7670354394  delta_E= -2.93e-07  |g|= 0.000181  |ddm|= 0.00113
  HOMO = -0.3236348991492  LUMO = 0.122827045445009
cycle= 27 E= -14978.7670356112  delta_E= -1.72e-07  |g|= 0.000181  |ddm|= 0.000662
  HOMO = -0.323634711238206  LUMO = 0.122827038338859
cycle= 28 E= -14978.7670357339  delta_E= -1.23e-07  |g|= 0.000181  |ddm|= 0.000471
  HOMO = -0.323634679514715  LUMO = 0.122827028122444
cycle= 29 E= -14978.7670358315  delta_E= -9.76e-08  |g|= 0.000181  |ddm|= 0.000374
  HOMO = -0.323634690798829  LUMO = 0.122827028617732
cycle= 30 E= -14978.7670358265  delta_E= 4.94e-09  |g|= 0.000181  |ddm|= 1.93e-05
  HOMO = -0.323634745161571  LUMO = 0.122827026451286
cycle= 31 E= -14978.7670357741  delta_E= 5.24e-08  |g|= 0.000181  |ddm|= 0.000203
  HOMO = -0.323634794579127  LUMO = 0.122827034949658
cycle= 32 E= -14978.7670357533  delta_E= 2.08e-08  |g|= 0.000181  |ddm|= 8.23e-05
  HOMO = -0.323634781514845  LUMO = 0.122827033330832
cycle= 33 E= -14978.7670357377  delta_E= 1.56e-08  |g|= 0.000181  |ddm|= 6.18e-05
  HOMO = -0.323634785883297  LUMO = 0.122827038551879
cycle= 34 E= -14978.7670357271  delta_E= 1.06e-08  |g|= 0.000181  |ddm|= 4.45e-05
  HOMO = -0.323634784127271  LUMO = 0.122827040152276
cycle= 35 E= -14978.7670357291  delta_E= -1.99e-09  |g|= 0.000181  |ddm|= 8.43e-06
  HOMO = -0.323634796338011  LUMO = 0.122827043686176
cycle= 36 E= -14978.7670357169  delta_E= 1.22e-08  |g|= 0.000181  |ddm|= 4.69e-05
  HOMO = -0.323634752189532  LUMO = 0.122827044939272
cycle= 37 E= -14978.7670357663  delta_E= -4.93e-08  |g|= 0.000181  |ddm|= 0.000189
  HOMO = -0.323634841598355  LUMO = 0.122827045562253
cycle= 38 E= -14978.7670356757  delta_E= 9.06e-08  |g|= 0.000181  |ddm|= 0.000347
  HOMO = -0.323635073327851  LUMO = 0.122827021216944
cycle= 39 E= -14978.7670354214  delta_E= 2.54e-07  |g|= 0.000181  |ddm|= 0.000977
  HOMO = -0.323635645149946  LUMO = 0.122826985012353
cycle= 40 E= -14978.767034861  delta_E= 5.6e-07  |g|= 0.000181  |ddm|= 0.00216
  HOMO = -0.323636392482772  LUMO = 0.122827016913668
cycle= 41 E= -14978.7670342771  delta_E= 5.84e-07  |g|= 0.00018  |ddm|= 0.00225
  HOMO = -0.323636695623564  LUMO = 0.122827007123529
cycle= 42 E= -14978.7670339763  delta_E= 3.01e-07  |g|= 0.00018  |ddm|= 0.00116
  HOMO = -0.323637223241305  LUMO = 0.122826969866791
cycle= 43 E= -14978.7670334627  delta_E= 5.14e-07  |g|= 0.00018  |ddm|= 0.002
  HOMO = -0.323639438189117  LUMO = 0.122826932028023
cycle= 44 E= -14978.7670316216  delta_E= 1.84e-06  |g|= 0.000179  |ddm|= 0.00722
  HOMO = -0.323640460654316  LUMO = 0.122826869329045
cycle= 45 E= -14978.7670303518  delta_E= 1.27e-06  |g|= 0.000178  |ddm|= 0.00506
  HOMO = -0.323643251947636  LUMO = 0.122826903352363
cycle= 46 E= -14978.7670283655  delta_E= 1.99e-06  |g|= 0.000176  |ddm|= 0.00806
  HOMO = -0.323647678597171  LUMO = 0.12282671264546
cycle= 47 E= -14978.7670236201  delta_E= 4.75e-06  |g|= 0.000179  |ddm|= 0.0198
  HOMO = -0.323648601735193  LUMO = 0.122826702328311
cycle= 48 E= -14978.7670229019  delta_E= 7.18e-07  |g|= 0.000177  |ddm|= 0.0031
  HOMO = -0.323652581482854  LUMO = 0.122826558688824
cycle= 49 E= -14978.7670200202  delta_E= 2.88e-06  |g|= 0.000177  |ddm|= 0.0126
  HOMO = -0.323655295199401  LUMO = 0.122826506109319
cycle= 50 E= -14978.7670176956  delta_E= 2.32e-06  |g|= 0.000166  |ddm|= 0.0106
  HOMO = -0.323660466662787  LUMO = 0.122826335941386
cycle= 51 E= -14978.7670136271  delta_E= 4.07e-06  |g|= 0.000196  |ddm|= 0.0189
  HOMO = -0.323661935466208  LUMO = 0.122826214312632
cycle= 52 E= -14978.7670120044  delta_E= 1.62e-06  |g|= 0.000159  |ddm|= 0.00837
  HOMO = -0.323668486885179  LUMO = 0.12282620996574
cycle= 53 E= -14978.7670080099  delta_E= 3.99e-06  |g|= 0.000155  |ddm|= 0.0206
  HOMO = -0.323672160707332  LUMO = 0.122825842315459
cycle= 54 E= -14978.7670049292  delta_E= 3.08e-06  |g|= 0.00015  |ddm|= 0.0168
  HOMO = -0.32367379362011  LUMO = 0.122825730705345
cycle= 55 E= -14978.7670043814  delta_E= 5.48e-07  |g|= 0.000159  |ddm|= 0.0033
  HOMO = -0.323678944323797  LUMO = 0.122825356434831
cycle= 56 E= -14978.7670000097  delta_E= 4.37e-06  |g|= 0.000361  |ddm|= 0.0252
  HOMO = -0.32367933403645  LUMO = 0.122825335295526
cycle= 57 E= -14978.766999774  delta_E= 2.36e-07  |g|= 0.000278  |ddm|= 0.00177
  HOMO = -0.323680378682066  LUMO = 0.122825215286268
cycle= 58 E= -14978.7669989114  delta_E= 8.63e-07  |g|= 0.000201  |ddm|= 0.00554
  HOMO = -0.323684331583716  LUMO = 0.122825247420324
cycle= 59 E= -14978.7669971697  delta_E= 1.74e-06  |g|= 0.000125  |ddm|= 0.0112
  HOMO = -0.323685724843775  LUMO = 0.122825176491002
cycle= 60 E= -14978.7669963853  delta_E= 7.84e-07  |g|= 0.000118  |ddm|= 0.00518
  HOMO = -0.323689010195696  LUMO = 0.122824956852467
cycle= 61 E= -14978.7669945369  delta_E= 1.85e-06  |g|= 0.000106  |ddm|= 0.0126
  HOMO = -0.323695437256298  LUMO = 0.122824781620348
cycle= 62 E= -14978.7669913867  delta_E= 3.15e-06  |g|= 0.000134  |ddm|= 0.0233
  HOMO = -0.323695566122806  LUMO = 0.122824703240886
cycle= 63 E= -14978.766991146  delta_E= 2.41e-07  |g|= 0.00013  |ddm|= 0.00189
  HOMO = -0.323694775561205  LUMO = 0.122824740569273
cycle= 64 E= -14978.7669914925  delta_E= -3.46e-07  |g|= 0.000105  |ddm|= 0.00266
  HOMO = -0.323695154930435  LUMO = 0.122824847426344
cycle= 65 E= -14978.7669912004  delta_E= 2.92e-07  |g|= 0.000111  |ddm|= 0.00236
  HOMO = -0.323699337362565  LUMO = 0.122824680460145
cycle= 66 E= -14978.7669890831  delta_E= 2.12e-06  |g|= 0.00012  |ddm|= 0.0175
  HOMO = -0.323702223771494  LUMO = 0.122824662169075
cycle= 67 E= -14978.7669878223  delta_E= 1.26e-06  |g|= 0.000123  |ddm|= 0.0113
  HOMO = -0.323703604208683  LUMO = 0.122824716997761
cycle= 68 E= -14978.7669874445  delta_E= 3.78e-07  |g|= 8.47e-05  |ddm|= 0.00364
  HOMO = -0.323708974131319  LUMO = 0.122824400501529
cycle= 69 E= -14978.7669849773  delta_E= 2.47e-06  |g|= 0.000163  |ddm|= 0.0251
  HOMO = -0.323711516248183  LUMO = 0.122824511065469
cycle= 70 E= -14978.7669842334  delta_E= 7.44e-07  |g|= 7.37e-05  |ddm|= 0.00877
  HOMO = -0.323716346282438  LUMO = 0.122824565512106
cycle= 71 E= -14978.766982643  delta_E= 1.59e-06  |g|= 7.12e-05  |ddm|= 0.0206
  HOMO = -0.323718043232047  LUMO = 0.122824533469561
cycle= 72 E= -14978.7669819889  delta_E= 6.54e-07  |g|= 8.03e-05  |ddm|= 0.00969
  HOMO = -0.3237197253083  LUMO = 0.122824607135458
cycle= 73 E= -14978.7669817172  delta_E= 2.72e-07  |g|= 5.53e-05  |ddm|= 0.00442
  HOMO = -0.32372100103464  LUMO = 0.122824546037964
cycle= 74 E= -14978.7669812924  delta_E= 4.25e-07  |g|= 5.53e-05  |ddm|= 0.00722
  HOMO = -0.323721669284697  LUMO = 0.122824558587893
cycle= 75 E= -14978.7669811517  delta_E= 1.41e-07  |g|= 4.7e-05  |ddm|= 0.00258
  HOMO = -0.32372299064394  LUMO = 0.122824531452157
cycle= 76 E= -14978.7669808251  delta_E= 3.27e-07  |g|= 5.95e-05  |ddm|= 0.00618
  HOMO = -0.323724083378236  LUMO = 0.122824484780853
cycle= 77 E= -14978.766980513  delta_E= 3.12e-07  |g|= 3.94e-05  |ddm|= 0.00642
  HOMO = -0.323726375723666  LUMO = 0.122824455944683
cycle= 78 E= -14978.7669800526  delta_E= 4.6e-07  |g|= 3.88e-05  |ddm|= 0.0107
  HOMO = -0.323728752921185  LUMO = 0.122824393263073
cycle= 79 E= -14978.7669796071  delta_E= 4.46e-07  |g|= 2.79e-05  |ddm|= 0.0125
  HOMO = -0.323729819958193  LUMO = 0.12282437825777
cycle= 80 E= -14978.7669794112  delta_E= 1.96e-07  |g|= 2.51e-05  |ddm|= 0.00668
  HOMO = -0.32373059239748  LUMO = 0.122824381704011
cycle= 81 E= -14978.7669793069  delta_E= 1.04e-07  |g|= 2.44e-05  |ddm|= 0.00404
  HOMO = -0.323731011462525  LUMO = 0.122824378622558
cycle= 82 E= -14978.7669792415  delta_E= 6.54e-08  |g|= 2.07e-05  |ddm|= 0.00278
  HOMO = -0.323731533434712  LUMO = 0.122824363245643
cycle= 83 E= -14978.7669791682  delta_E= 7.33e-08  |g|= 1.95e-05  |ddm|= 0.0034
  HOMO = -0.323732122312189  LUMO = 0.122824364918514
cycle= 84 E= -14978.7669791072  delta_E= 6.1e-08  |g|= 1.71e-05  |ddm|= 0.00314
  HOMO = -0.323732411927517  LUMO = 0.122824358331871
cycle= 85 E= -14978.7669790677  delta_E= 3.95e-08  |g|= 1.57e-05  |ddm|= 0.00224
  HOMO = -0.323732915509876  LUMO = 0.122824370646321
cycle= 86 E= -14978.7669790202  delta_E= 4.75e-08  |g|= 1.44e-05  |ddm|= 0.00298
  HOMO = -0.323733435175019  LUMO = 0.122824389115835
cycle= 87 E= -14978.7669789812  delta_E= 3.9e-08  |g|= 1.25e-05  |ddm|= 0.0028
  HOMO = -0.323733632262518  LUMO = 0.122824386819377
cycle= 88 E= -14978.7669789599  delta_E= 2.13e-08  |g|= 1.15e-05  |ddm|= 0.00171
  HOMO = -0.323733826809267  LUMO = 0.122824395145471
cycle= 89 E= -14978.7669789485  delta_E= 1.14e-08  |g|= 1.08e-05  |ddm|= 0.000994
  HOMO = -0.323733856399107  LUMO = 0.12282439662719
cycle= 90 E= -14978.7669789453  delta_E= 3.2e-09  |g|= 1.03e-05  |ddm|= 0.000303
  HOMO = -0.323733903476162  LUMO = 0.122824397992244
cycle= 91 E= -14978.766978939  delta_E= 6.3e-09  |g|= 9.77e-06  |ddm|= 0.000596
  HOMO = -0.323733965098679  LUMO = 0.122824403764711
cycle= 92 E= -14978.7669789374  delta_E= 1.64e-09  |g|= 9.37e-06  |ddm|= 0.000181
  HOMO = -0.32373402133414  LUMO = 0.122824404384173
cycle= 93 E= -14978.7669789358  delta_E= 1.56e-09  |g|= 9.01e-06  |ddm|= 0.000174
  HOMO = -0.323734034417521  LUMO = 0.122824400585647
cycle= 94 E= -14978.7669789341  delta_E= 1.76e-09  |g|= 8.68e-06  |ddm|= 0.000187
  HOMO = -0.323734068314316  LUMO = 0.122824398782708
cycle= 95 E= -14978.7669789322  delta_E= 1.91e-09  |g|= 8.32e-06  |ddm|= 0.000212
  HOMO = -0.323734054204551  LUMO = 0.122824392141147
cycle= 96 E= -14978.7669789289  delta_E= 3.25e-09  |g|= 7.85e-06  |ddm|= 0.000351
  HOMO = -0.323734088644393  LUMO = 0.122824390118937
cycle= 97 E= -14978.7669789271  delta_E= 1.78e-09  |g|= 7.57e-06  |ddm|= 0.000198
  HOMO = -0.323734112431798  LUMO = 0.122824386611373
cycle= 98 E= -14978.766978926  delta_E= 1.15e-09  |g|= 7.43e-06  |ddm|= 0.000128
  HOMO = -0.323734138914091  LUMO = 0.12282438380953
cycle= 99 E= -14978.7669789253  delta_E= 7.02e-10  |g|= 7.28e-06  |ddm|= 8.42e-05
  HOMO = -0.323734136324169  LUMO = 0.122824383647498
Extra cycle  E= -14978.7669789253  delta_E= -8e-11  |g|= 7.25e-06  |ddm|= 7.99e-06
converged SCF energy = -14978.7669789253  <S^2> = 8.2685281  2S+1 = 5.8373035
(3, 198, 198) 198
S vector [1.6957+0.j 1.6744-0.j 0.0031-0.j]
(3, 198, 198) 198
L vector [3.6398-0.j 3.5925+0.j 0.0065-0.j]
(3, 198, 198) 198
J vector [5.3355+0.j 5.267 +0.j 0.0096-0.j]
Tue Apr 15 10:56:56 PDT 2025
