Currently Loaded Modulefiles:
 1) gmp/6.2.1-gcc-13.2.0-lcnhyse <aL>             
 2) mpfr/4.2.0-gcc-13.2.0-yy2fkq5 <aL>            
 3) mpc/1.3.1-gcc-13.2.0-5kgoftq <aL>             
 4) zlib-ng/2.1.3-gcc-13.2.0-jetnfwa <aL>         
 5) zstd/1.5.5-gcc-13.2.0-t2lua3l <aL>            
 6) gcc/13.2.0-gcc-13.2.0-w55nxkl                 
 7) cmake/3.20.2-gcc-13.2.0-rp74vpv               
 8) libfabric/1.18.1-gcc-13.2.0-bijxar4 <aL>      
 9) numactl/2.0.14-gcc-13.2.0-etkf74e <aL>        
10) openssh/8.7p1-gcc-13.2.0-g55xmkx <aL>         
11) slurm/22.05.6-gcc-13.2.0-tchsn6y <aL>         
12) openmpi/4.1.5-gcc-13.2.0-24q3ap2              
13) libpciaccess/0.17-gcc-13.2.0-r2cijnn <aL>     
14) libiconv/1.17-gcc-13.2.0-ntov4te <aL>         
15) xz/5.4.1-gcc-13.2.0-4xkm5xo <aL>              
16) libxml2/2.10.3-gcc-13.2.0-fr6jcjz <aL>        
17) ncurses/6.4-gcc-13.2.0-4o2yj6n <aL>           
18) hwloc/2.9.1-gcc-13.2.0-gzvfolk <aL>           
19) intel-tbb/2021.9.0-gcc-13.2.0-6nwk3ml <aL>    
20) intel-oneapi-mkl/2023.2.0-gcc-13.2.0-ohvyk7g  

Key:
<module-tag>  <aL>=auto-loaded  
/central/groups/changroup/members/lppeng/holmium/run/paper_final/run_ErCO34/conf2/GS/run_39
Tue Apr 15 21:08:12 PDT 2025
hpc-90-12.cm.cluster
--------------------------------------------------------------------------
WARNING: There is at least one non-excluded one OpenFabrics device found,
but there are no active ports detected (or Open MPI was unable to use
them).  This is most certainly not what you wanted.  Check your
cables, subnet manager configuration, etc.  The openib BTL will be
ignored for this job.

  Local host: hpc-90-12
--------------------------------------------------------------------------
Apr 15 21:08:14 ####### 
                ####### libDMET   version 0.5
                ####### A periodic DMET library for lattice model and realistic solid.
                ####### 
#INFO: **** input file is /central/groups/changroup/members/lppeng/holmium/run/paper_final/run_ErCO34/conf2/GS/run_39/ground_state.py ****
'''
Example input to calculate the ground state of a molecular system
Include x2c relativistic effect
'''
import pyscf
from pyscf.scf.hf import RHF
from pyscf.dft.uks import UKS
from pyscf.dft.gks import GKS
from pyscf import lib
import os, sys
import numpy as np
import scipy.linalg as la
from scipy.linalg import sqrtm, eigh
from scipy.optimize import root
np.set_printoptions(precision=12, threshold=sys.maxsize, linewidth=190, suppress=True)
log = lib.logger.Logger(sys.stdout, 4)

if __name__ == "__main__":
    from pyscf import gto, scf, dft, lib
    from pyscf.lib import chkfile
    from stevens import cdft, project, utils
    from stevens.project import get_mj

    # system input
    geometry = 'ErCO34' # The name of geometry file minus ".xyz"
                       # Make sure first atom is the central magnetic atom 
    spin = 3 # number of unpaired electrons in a unit cell
    charge = -5 # charge of the molecule or a unit cell
    basis = {'default': '631g', 'Er': 'sarc-dkh'} # specify basis for all elements here
    max_memory = 80000 # in the unit of MB. Recommend: memory available on a node - 10000 MB
    qmmm = True # add environment with classical charges

    # (c)HF/DFT parameters
    xc = 'HF' # functional
    smearing = None # To help HF/DFT converge, try e.g. 5e-2
    chkfname_guess = 'minao' # initial guess. 'minao' for default PySCF guess; None for constrained HF; 
                # path to a checkpoint file to restart from a SCF solution.
                # 'project' to project from the SCF solution in a small basis to generate the initial guess
    chkfname_small = '../gs_small_%s.chk'%geometry # checkpoint file in a small basis. Used when chkfname_guess == 'project'
    basis_small = {'default': 'minao', 'Er': 'cc-x2c-minao'}# the small basis associated with chkfname_small
    change_dm_mode = 'rotate' # None: no change
                          # 'positive_z': set the 4f block of dm so that J~(0,0,J)
                          # 'rotate': rotate the 4f block of dm by some angles
    atom_index = 0 # the index of central lanthanide atom
    occ_idx = 39
    noise = 0 # max noise on density matrix initial guess

    # constrained HF parameters for the initial guess
    ao_shell = 'f'
    lo_chkfname = '../../UHF/uhf_gs_%s_lo.h5'%geometry  
    multiplier0 = 0.1
    # END USER INPUT

    # set up system
    if os.path.isfile('../../' + geometry + ".xyz"):
        mol = gto.M(
            atom = '../../' + geometry + ".xyz",
            basis = basis,
            verbose = 4,
            spin = spin,
            charge = charge,
            max_memory = max_memory,
            )
        mol.set_common_origin(mol._atom[atom_index][1])
    else:
        raise ValueError("No .xyz file available!")
    log.info("N_elec %s, N_ao %s"%(mol.nelec, mol.nao))

    # generate HF/DFT initial guess
    if chkfname_guess == 'minao':
        mf = scf.GKS(mol).x2c()
        dm0 = mf.get_init_guess()
        print("Use PySCF default init guess")
        dm0 = utils.change_dm_guess(mol, dm0, 'positive_z', atom_index=atom_index, occ_idx=occ_idx) ###
    elif chkfname_guess is None:
        # run constrained DFT
        angles = cdft.sample_rotation('xyz', occ_idx, unit=20)
        from scipy.spatial.transform import Rotation
        direction = Rotation.from_euler('zyz', angles, degrees=False) @ [0,0,1]
        cmf = cdft.CGKS(mol, direction, multiplier_guess=multiplier0, max_cycle=300,
                atom_index=atom_index, ao_shell='f', lo_chkfname=lo_chkfname, xc=xc, smearing=smearing)
        cmf.kernel()
        dm0 = cmf._scf.make_rdm1()
        print("Contrained SCF solution as init guess")
    elif chkfname_guess == 'project':
        # project dm0 in a small basis to the larger basis 
        dm0 = utils.project_dm_from_small_basis(mol, basis_small, chkfname_small, change_dm_mode, atom_index=atom_index, occ_idx=occ_idx)
        print("Project wavefunction in a smaller basis to the target basis as init guess")
    else:
        mf = scf.GKS(mol).x2c()
        data = chkfile.load(chkfname_guess, 'scf')
        mf.__dict__.update(data)
        dm0 = mf.make_rdm1()
        mf.analyze(with_meta_lowdin=False)
        print("Load .chk file for init guess")
    if change_dm_mode is not None and not chkfname_guess == 'project': # when chkfname_guess == 'project', change in small basis
        dm0 = utils.change_dm_guess(mol, dm0, change_dm_mode, atom_index=atom_index, occ_idx=occ_idx)
    dm0 += (np.random.rand(*(dm0.shape)) - 0.5) * noise  
    print("J vector of initial guess", get_mj(mol, dm0, analyze=True))

    # run HF/DFT
    mf = scf.GKS(mol).x2c()
    mf.xc = xc
    if xc.upper() != 'HF':
        mf.collinear = 'mcol'
        mf.grids.level = 6 
    mf.chkfile = 'gs_' + geometry + '.chk' 
    mf.max_cycle = 3000 
    if smearing is not None:
        mf = scf.addons.smearing_(mf, sigma=smearing, method="fermi")
    if qmmm: # add the precomputed potential from environmental classical charges 
        get_hcore_original = mf.get_hcore
        hcore_mm = np.load('../../mm_hcore.npy')
        def get_hcore_mm(self, mol=None):
            return get_hcore_original(mol=mol) + la.block_diag(hcore_mm, hcore_mm)
        import types
        mf.get_hcore = types.MethodType(get_hcore_mm, mf)
    mf.kernel(dm0=dm0)
    dm = mf.make_rdm1()
    print("S vector", get_mj(mol, dm, include_L=False))
    print("L vector", get_mj(mol, dm, include_S=False))
    print("J vector", get_mj(mol, dm))
#INFO: ******************** input file end ********************


System: uname_result(system='Linux', node='hpc-90-12.cm.cluster', release='5.14.0-362.24.1.el9_3.x86_64', version='#1 SMP PREEMPT_DYNAMIC Thu Feb 15 07:18:13 EST 2024', machine='x86_64')  Threads 16
Python 3.11.6 | packaged by conda-forge | (main, Oct  3 2023, 10:40:35) [GCC 12.3.0]
numpy 1.26.0  scipy 1.11.3
Date: Tue Apr 15 21:08:15 2025
PySCF version 2.5.0
PySCF path  /home/lppeng/anaconda3/envs/nerscV25/lib/python3.11/site-packages/pyscf

[CONFIG] conf_file None
[INPUT] verbose = 4
[INPUT] num. atoms = 17
[INPUT] num. electrons = 193
[INPUT] charge = -5
[INPUT] spin (= nelec alpha-beta = 2S) = 3
[INPUT] symmetry False subgroup None
[INPUT] Mole.unit = angstrom
[INPUT] Symbol           X                Y                Z      unit          X                Y                Z       unit  Magmom
[INPUT]  1 Er     0.983621000000  15.502244000000  16.207915000000 AA    1.858774300371  29.294995476182  30.628520400230 Bohr   0.0
[INPUT]  2 O      1.999162000000  14.046589000000  17.748158000000 AA    3.777868658638  26.544206194328  33.539157835508 Bohr   0.0
[INPUT]  3 O      0.849859000000  13.239725000000  19.509454000000 AA    1.606000754497  25.019454214557  36.867524899800 Bohr   0.0
[INPUT]  4 O     -0.191063000000  14.330252000000  17.844156000000 AA   -0.361056742538  27.080251576001  33.720567764014 Bohr   0.0
[INPUT]  5 O      0.075398000000  13.922617000000  14.734947000000 AA    0.142481570340  26.309933067214  27.845014289982 Bohr   0.0
[INPUT]  6 O      1.310036000000  13.048514000000  13.067690000000 AA    2.475609253321  24.658117792553  24.694355180718 Bohr   0.0
[INPUT]  7 O      2.203594000000  14.429009000000  14.574295000000 AA    4.164189149735  27.266875258884  27.541426008618 Bohr   0.0
[INPUT]  8 O     -1.142155000000  16.458779000000  15.996655000000 AA   -2.158360141803  31.102584654743  30.229296859154 Bohr   0.0
[INPUT]  9 O      0.436800000000  17.108053000000  14.609560000000 AA    0.825432371210  32.329534694544  27.608067200401 Bohr   0.0
[INPUT] 10 O      1.479297000000  17.162683000000  17.755992000000 AA    2.795466186891  32.432770432729  33.553961949968 Bohr   0.0
[INPUT] 11 O      3.574079000000  17.921221000000  18.087093000000 AA    6.754030457559  33.866199507804  34.179652159538 Bohr   0.0
[INPUT] 12 O      3.086741000000  16.549131000000  16.376735000000 AA    5.833095107466  31.273325189550  30.947543964579 Bohr   0.0
[INPUT] 13 C      0.893280000000  13.851177000000  18.394684000000 AA    1.688054552551  26.174931032875  34.760914907919 Bohr   0.0
[INPUT] 14 C      1.209619000000  13.783938000000  14.098216000000 AA    2.285848625070  26.047867737985  26.641767084961 Bohr   0.0
[INPUT] 15 C     -0.820004000000  17.160582000000  14.960252000000 AA   -1.549582981048  32.428800118141  28.270779034477 Bohr   0.0
[INPUT] 16 C      2.757666000000  17.225719000000  17.422934000000 AA    5.211233483025  32.551891208717  32.924573546373 Bohr   0.0
[INPUT] 17 O     -1.665533000000  17.832969000000  14.307847000000 AA   -3.147401221425  33.699427397859  27.037912262180 Bohr   0.0

nuclear repulsion = 2660.00686642269
number of shells = 122
number of NR pGTOs = 525
number of NR cGTOs = 264
basis = {'default': '631g', 'Er': 'sarc-dkh'}
ecp = {}
CPU time:         4.75
N_elec (98, 95), N_ao 264
Initial guess from minao.
Use PySCF default init guess
Updated f-block dm with J~(0,0,J)
(3, 264, 264) 264
Haar random target direction [-1.0, 1.2246467991473532e-16, 6.123233995736766e-17]
Haar random total rotation [0.     1.5708 3.1416]
Rotated f-block dm by angles from +z [0.     1.5708 3.1416]
(3, 264, 264) 264
elemental J of ['C' 'Er' 'O']
   C 0.4607+0.0165j 0.0000+0.0000j 0.0000+0.0033j 
  Er -5.5642-0.0007j 0.0000+0.0000j 3.1744-0.0004j 
   O 1.8119-0.0159j 0.0000+0.0000j -0.0000-0.0029j 
J vector of initial guess [-3.2915-0.j  0.    +0.j  3.1744+0.j]


******** <class 'pyscf.x2c.x2c.X2C1eGKS'> ********
method = X2C1eGKS
initial guess = minao
damping factor = 0
level_shift factor = 0
DIIS = <class 'pyscf.scf.diis.CDIIS'>
diis_start_cycle = 1
diis_space = 8
diis_damp = 0
SCF conv_tol = 1e-09
SCF conv_tol_grad = None
SCF max_cycles = 3000
direct_scf = True
direct_scf_tol = 1e-13
chkfile to save SCF result = gs_ErCO34.chk
max_memory 80000 MB (current use 190 MB)
XC library pyscf.dft.libxc version 6.1.0
    S. Lehtola, C. Steigemann, M. J.T. Oliveira, and M. A.L. Marques.,  SoftwareX 7, 1–5 (2018)
XC functionals = HF

radial grids: 
    Treutler-Ahlrichs [JCP 102, 346 (1995); DOI:10.1063/1.469408] (M4) radial grids
    
becke partition: Becke, JCP 88, 2547 (1988); DOI:10.1063/1.454033
pruning grids: <function nwchem_prune at 0x7f96f89b9e40>
grids dens level: 3
symmetrized grids: False
atomic radii adjust function: <function treutler_atomic_radii_adjust at 0x7f96f89ba480>
small_rho_cutoff = 1e-07
collinear = col


******** <class 'pyscf.x2c.x2c.SpinOrbitalX2CHelper'> ********
approx = 1e
xuncontract = 1
Overwritten attributes  get_hcore  of <class 'pyscf.x2c.x2c.X2C1eGKS'>
Set gradient conv threshold to 3.16228e-05
tot grids = 247904
init E= -14183.4808868218
  HOMO = -0.895161539202024  LUMO = -0.579419040517379
cycle= 1 E= -14189.9084495992  delta_E= -6.43  |g|= 2.67  |ddm|= 3.82
  HOMO = 0.146296560146043  LUMO = 0.267077678729776
cycle= 2 E= -14190.6235338087  delta_E= -0.715  |g|= 1.63  |ddm|= 2.66
  HOMO = -0.0017884478910439  LUMO = 0.260564439819513
cycle= 3 E= -14191.1303879794  delta_E= -0.507  |g|= 0.242  |ddm|= 1.09
  HOMO = -0.0134389781801421  LUMO = 0.259835311788099
cycle= 4 E= -14191.1394835307  delta_E= -0.0091  |g|= 0.0549  |ddm|= 0.153
  HOMO = -0.0104937780539127  LUMO = 0.259574523758639
cycle= 5 E= -14191.1410105014  delta_E= -0.00153  |g|= 0.0264  |ddm|= 0.0588
  HOMO = -0.013387696643117  LUMO = 0.259599678783756
cycle= 6 E= -14191.1418888478  delta_E= -0.000878  |g|= 0.0198  |ddm|= 0.0382
  HOMO = -0.0139359401016554  LUMO = 0.259486862346312
cycle= 7 E= -14191.1426826017  delta_E= -0.000794  |g|= 0.0156  |ddm|= 0.036
  HOMO = -0.0144789930514119  LUMO = 0.259529843578509
cycle= 8 E= -14191.1435819554  delta_E= -0.000899  |g|= 0.00999  |ddm|= 0.0541
  HOMO = -0.0140123891556709  LUMO = 0.25953346062356
cycle= 9 E= -14191.1439761584  delta_E= -0.000394  |g|= 0.00444  |ddm|= 0.0468
  HOMO = -0.0140872394863599  LUMO = 0.259544001009838
cycle= 10 E= -14191.1440435186  delta_E= -6.74e-05  |g|= 0.00194  |ddm|= 0.0204
  HOMO = -0.0142782505637409  LUMO = 0.259544318434367
cycle= 11 E= -14191.1440527834  delta_E= -9.26e-06  |g|= 0.00109  |ddm|= 0.00646
  HOMO = -0.0142078696661728  LUMO = 0.259541034601972
cycle= 12 E= -14191.1440549917  delta_E= -2.21e-06  |g|= 0.000814  |ddm|= 0.00242
  HOMO = -0.0141797722553832  LUMO = 0.259539736866848
cycle= 13 E= -14191.1440562778  delta_E= -1.29e-06  |g|= 0.000647  |ddm|= 0.00164
  HOMO = -0.0141792126402891  LUMO = 0.259541032279607
cycle= 14 E= -14191.1440572026  delta_E= -9.25e-07  |g|= 0.000588  |ddm|= 0.00116
  HOMO = -0.0141783524980099  LUMO = 0.259541054871144
cycle= 15 E= -14191.1440582571  delta_E= -1.05e-06  |g|= 0.000541  |ddm|= 0.00136
  HOMO = -0.0141587844085939  LUMO = 0.259540301242749
cycle= 16 E= -14191.144059763  delta_E= -1.51e-06  |g|= 0.00048  |ddm|= 0.00214
  HOMO = -0.0141714600848612  LUMO = 0.25954229923931
cycle= 17 E= -14191.1440618343  delta_E= -2.07e-06  |g|= 0.000379  |ddm|= 0.00363
  HOMO = -0.0141744221432552  LUMO = 0.259541166598591
cycle= 18 E= -14191.1440635915  delta_E= -1.76e-06  |g|= 0.000256  |ddm|= 0.0046
  HOMO = -0.014169162661114  LUMO = 0.259541216138649
cycle= 19 E= -14191.1440641806  delta_E= -5.89e-07  |g|= 0.000189  |ddm|= 0.00264
  HOMO = -0.0141664920501145  LUMO = 0.259541134841718
cycle= 20 E= -14191.1440643737  delta_E= -1.93e-07  |g|= 0.000163  |ddm|= 0.00116
  HOMO = -0.0141715857009907  LUMO = 0.259541327287906
cycle= 21 E= -14191.144064473  delta_E= -9.93e-08  |g|= 0.00015  |ddm|= 0.000583
  HOMO = -0.0141711462050492  LUMO = 0.259541154732659
cycle= 22 E= -14191.1440645579  delta_E= -8.49e-08  |g|= 0.00014  |ddm|= 0.000488
  HOMO = -0.0141747507995368  LUMO = 0.25954140971101
cycle= 23 E= -14191.1440646469  delta_E= -8.9e-08  |g|= 0.000133  |ddm|= 0.000493
  HOMO = -0.0141793288257458  LUMO = 0.259541387803326
cycle= 24 E= -14191.1440647266  delta_E= -7.97e-08  |g|= 0.000128  |ddm|= 0.000441
  HOMO = -0.0141779934107644  LUMO = 0.259541314486105
cycle= 25 E= -14191.1440648178  delta_E= -9.11e-08  |g|= 0.000125  |ddm|= 0.000505
  HOMO = -0.0141796407326657  LUMO = 0.259541487840313
cycle= 26 E= -14191.1440649023  delta_E= -8.46e-08  |g|= 0.000122  |ddm|= 0.000487
  HOMO = -0.0141785736275735  LUMO = 0.259541409004835
cycle= 27 E= -14191.144065014  delta_E= -1.12e-07  |g|= 0.00012  |ddm|= 0.000648
  HOMO = -0.014176970805129  LUMO = 0.259541462686169
cycle= 28 E= -14191.1440651242  delta_E= -1.1e-07  |g|= 0.000118  |ddm|= 0.000658
  HOMO = -0.0141755564298778  LUMO = 0.259541436930209
cycle= 29 E= -14191.144065304  delta_E= -1.8e-07  |g|= 0.000115  |ddm|= 0.0011
  HOMO = -0.0141766644961108  LUMO = 0.259541614003868
cycle= 30 E= -14191.1440655779  delta_E= -2.74e-07  |g|= 0.00011  |ddm|= 0.00176
  HOMO = -0.0141764493581558  LUMO = 0.259541548858722
cycle= 31 E= -14191.1440658574  delta_E= -2.8e-07  |g|= 0.000107  |ddm|= 0.00192
  HOMO = -0.0141781885642269  LUMO = 0.259541727666839
cycle= 32 E= -14191.1440661133  delta_E= -2.56e-07  |g|= 0.000103  |ddm|= 0.00187
  HOMO = -0.0141803944812305  LUMO = 0.25954178810064
cycle= 33 E= -14191.1440663238  delta_E= -2.11e-07  |g|= 0.000101  |ddm|= 0.00161
  HOMO = -0.0141793998369698  LUMO = 0.25954181467827
cycle= 34 E= -14191.1440665  delta_E= -1.76e-07  |g|= 9.86e-05  |ddm|= 0.00138
  HOMO = -0.0141802406627545  LUMO = 0.259541868039613
cycle= 35 E= -14191.1440665984  delta_E= -9.84e-08  |g|= 9.75e-05  |ddm|= 0.000774
  HOMO = -0.0141797312841179  LUMO = 0.259541840458351
cycle= 36 E= -14191.1440666978  delta_E= -9.95e-08  |g|= 9.65e-05  |ddm|= 0.000776
  HOMO = -0.0141790819690416  LUMO = 0.259541909138418
cycle= 37 E= -14191.1440668133  delta_E= -1.15e-07  |g|= 9.53e-05  |ddm|= 0.000881
  HOMO = -0.0141788332399741  LUMO = 0.259541875936249
cycle= 38 E= -14191.1440669738  delta_E= -1.61e-07  |g|= 9.39e-05  |ddm|= 0.00124
  HOMO = -0.0141794513332118  LUMO = 0.259541998043301
cycle= 39 E= -14191.1440671339  delta_E= -1.6e-07  |g|= 9.28e-05  |ddm|= 0.00125
  HOMO = -0.0141793694850166  LUMO = 0.259541980051932
cycle= 40 E= -14191.1440672548  delta_E= -1.21e-07  |g|= 9.22e-05  |ddm|= 0.00096
  HOMO = -0.0141799826213234  LUMO = 0.259542042546642
cycle= 41 E= -14191.1440673793  delta_E= -1.24e-07  |g|= 9.16e-05  |ddm|= 0.000992
  HOMO = -0.0141808974828683  LUMO = 0.259542069233734
cycle= 42 E= -14191.1440675528  delta_E= -1.74e-07  |g|= 9.09e-05  |ddm|= 0.00139
  HOMO = -0.0141808975019323  LUMO = 0.259542118036893
cycle= 43 E= -14191.144067775  delta_E= -2.22e-07  |g|= 9.01e-05  |ddm|= 0.0018
  HOMO = -0.0141819712905827  LUMO = 0.259542153969649
cycle= 44 E= -14191.1440679609  delta_E= -1.86e-07  |g|= 8.95e-05  |ddm|= 0.00152
  HOMO = -0.0141820320067972  LUMO = 0.259542174484971
cycle= 45 E= -14191.1440681552  delta_E= -1.94e-07  |g|= 8.88e-05  |ddm|= 0.0016
  HOMO = -0.0141823554701824  LUMO = 0.259542325153351
cycle= 46 E= -14191.1440684737  delta_E= -3.18e-07  |g|= 8.77e-05  |ddm|= 0.00265
  HOMO = -0.0141827461603891  LUMO = 0.259542360884285
cycle= 47 E= -14191.144068927  delta_E= -4.53e-07  |g|= 8.62e-05  |ddm|= 0.00389
  HOMO = -0.0141835023090151  LUMO = 0.259542577746457
cycle= 48 E= -14191.1440694763  delta_E= -5.49e-07  |g|= 8.44e-05  |ddm|= 0.00488
  HOMO = -0.0141834824406082  LUMO = 0.259542615353662
cycle= 49 E= -14191.1440699092  delta_E= -4.33e-07  |g|= 8.28e-05  |ddm|= 0.00401
  HOMO = -0.0141847098415647  LUMO = 0.259542783703026
cycle= 50 E= -14191.1440704373  delta_E= -5.28e-07  |g|= 8.09e-05  |ddm|= 0.00511
  HOMO = -0.014187026238638  LUMO = 0.259542930629717
cycle= 51 E= -14191.1440712498  delta_E= -8.12e-07  |g|= 7.75e-05  |ddm|= 0.0084
  HOMO = -0.0141892480813001  LUMO = 0.259543255150385
cycle= 52 E= -14191.1440721038  delta_E= -8.54e-07  |g|= 7.48e-05  |ddm|= 0.00977
  HOMO = -0.0141914423866536  LUMO = 0.259543371566601
cycle= 53 E= -14191.1440724493  delta_E= -3.45e-07  |g|= 7.11e-05  |ddm|= 0.00427
  HOMO = -0.0141946449811667  LUMO = 0.259543780545148
cycle= 54 E= -14191.1440734824  delta_E= -1.03e-06  |g|= 8.37e-05  |ddm|= 0.0147
  HOMO = -0.0141947916891488  LUMO = 0.259543900346708
cycle= 55 E= -14191.1440736456  delta_E= -1.63e-07  |g|= 7.72e-05  |ddm|= 0.00262
  HOMO = -0.0141967591057301  LUMO = 0.259544192610653
cycle= 56 E= -14191.1440741881  delta_E= -5.42e-07  |g|= 8.19e-05  |ddm|= 0.00982
  HOMO = -0.0141963710737062  LUMO = 0.259544170965474
cycle= 57 E= -14191.1440743297  delta_E= -1.42e-07  |g|= 5.98e-05  |ddm|= 0.0027
  HOMO = -0.014198669121094  LUMO = 0.259544571482057
cycle= 58 E= -14191.1440748038  delta_E= -4.74e-07  |g|= 7.88e-05  |ddm|= 0.0115
  HOMO = -0.0141991693963116  LUMO = 0.259544709394457
cycle= 59 E= -14191.1440750544  delta_E= -2.51e-07  |g|= 5e-05  |ddm|= 0.00735
  HOMO = -0.0142011892540245  LUMO = 0.259544807408351
cycle= 60 E= -14191.144075181  delta_E= -1.27e-07  |g|= 5.27e-05  |ddm|= 0.00486
  HOMO = -0.014202872665659  LUMO = 0.259544953306392
cycle= 61 E= -14191.1440752656  delta_E= -8.45e-08  |g|= 4.66e-05  |ddm|= 0.00312
  HOMO = -0.0142038424818709  LUMO = 0.259545055950857
cycle= 62 E= -14191.1440753307  delta_E= -6.51e-08  |g|= 4.25e-05  |ddm|= 0.00336
  HOMO = -0.0142045164803689  LUMO = 0.259545097153138
cycle= 63 E= -14191.1440753495  delta_E= -1.89e-08  |g|= 3.99e-05  |ddm|= 0.000457
  HOMO = -0.0142031106827454  LUMO = 0.259544993637826
cycle= 64 E= -14191.1440753486  delta_E= 9.09e-10  |g|= 4.23e-05  |ddm|= 0.00116
  HOMO = -0.0142034149280301  LUMO = 0.25954508763254
cycle= 65 E= -14191.1440753998  delta_E= -5.11e-08  |g|= 4e-05  |ddm|= 0.00252
  HOMO = -0.0142028126917878  LUMO = 0.25954507914371
cycle= 66 E= -14191.1440754132  delta_E= -1.34e-08  |g|= 3.28e-05  |ddm|= 0.000401
  HOMO = -0.0142025680265934  LUMO = 0.25954502918592
cycle= 67 E= -14191.1440754309  delta_E= -1.77e-08  |g|= 3.03e-05  |ddm|= 0.000464
  HOMO = -0.0142027343035376  LUMO = 0.259545112681932
cycle= 68 E= -14191.144075453  delta_E= -2.21e-08  |g|= 2.8e-05  |ddm|= 0.000746
  HOMO = -0.0142036712307352  LUMO = 0.259545121455646
cycle= 69 E= -14191.1440754877  delta_E= -3.47e-08  |g|= 2.56e-05  |ddm|= 0.00171
  HOMO = -0.0142043521035299  LUMO = 0.259545190564801
cycle= 70 E= -14191.1440755107  delta_E= -2.3e-08  |g|= 2.24e-05  |ddm|= 0.00104
  HOMO = -0.0142041039804826  LUMO = 0.259545174714577
cycle= 71 E= -14191.1440755238  delta_E= -1.31e-08  |g|= 2.04e-05  |ddm|= 0.000661
  HOMO = -0.0142047511189436  LUMO = 0.259545185764054
cycle= 72 E= -14191.1440755307  delta_E= -6.84e-09  |g|= 1.91e-05  |ddm|= 0.000348
  HOMO = -0.0142040546712981  LUMO = 0.259545164857904
cycle= 73 E= -14191.1440755386  delta_E= -7.93e-09  |g|= 1.7e-05  |ddm|= 0.000458
  HOMO = -0.0142044080704214  LUMO = 0.259545173968982
cycle= 74 E= -14191.144075545  delta_E= -6.44e-09  |g|= 1.46e-05  |ddm|= 0.000372
  HOMO = -0.0142044382413688  LUMO = 0.259545213098773
cycle= 75 E= -14191.1440755481  delta_E= -3.04e-09  |g|= 1.3e-05  |ddm|= 0.000193
  HOMO = -0.0142045282766848  LUMO = 0.25954518361706
cycle= 76 E= -14191.1440755488  delta_E= -7.49e-10  |g|= 1.2e-05  |ddm|= 9.34e-05
  HOMO = -0.0142044909519817  LUMO = 0.259545206106925
Extra cycle  E= -14191.1440755491  delta_E= -2.55e-10  |g|= 1.18e-05  |ddm|= 1.3e-05
converged SCF energy = -14191.1440755491  <S^2> = 3.700118  2S+1 = 3.9749807
(3, 264, 264) 264
S vector [-1.2758-0.j -0.0252+0.j  0.6899-0.j]
(3, 264, 264) 264
L vector [-5.3058+0.j -0.105 -0.j  2.868 -0.j]
(3, 264, 264) 264
J vector [-6.5816+0.j -0.1302+0.j  3.5579-0.j]
Tue Apr 15 21:12:05 PDT 2025
