Currently Loaded Modulefiles:
 1) gmp/6.2.1-gcc-13.2.0-lcnhyse <aL>             
 2) mpfr/4.2.0-gcc-13.2.0-yy2fkq5 <aL>            
 3) mpc/1.3.1-gcc-13.2.0-5kgoftq <aL>             
 4) zlib-ng/2.1.3-gcc-13.2.0-jetnfwa <aL>         
 5) zstd/1.5.5-gcc-13.2.0-t2lua3l <aL>            
 6) gcc/13.2.0-gcc-13.2.0-w55nxkl                 
 7) cmake/3.20.2-gcc-13.2.0-rp74vpv               
 8) libfabric/1.18.1-gcc-13.2.0-bijxar4 <aL>      
 9) numactl/2.0.14-gcc-13.2.0-etkf74e <aL>        
10) openssh/8.7p1-gcc-13.2.0-g55xmkx <aL>         
11) slurm/22.05.6-gcc-13.2.0-tchsn6y <aL>         
12) openmpi/4.1.5-gcc-13.2.0-24q3ap2              
13) libpciaccess/0.17-gcc-13.2.0-r2cijnn <aL>     
14) libiconv/1.17-gcc-13.2.0-ntov4te <aL>         
15) xz/5.4.1-gcc-13.2.0-4xkm5xo <aL>              
16) libxml2/2.10.3-gcc-13.2.0-fr6jcjz <aL>        
17) ncurses/6.4-gcc-13.2.0-4o2yj6n <aL>           
18) hwloc/2.9.1-gcc-13.2.0-gzvfolk <aL>           
19) intel-tbb/2021.9.0-gcc-13.2.0-6nwk3ml <aL>    
20) intel-oneapi-mkl/2023.2.0-gcc-13.2.0-ohvyk7g  

Key:
<module-tag>  <aL>=auto-loaded  
/central/groups/changroup/members/lppeng/holmium/run/paper_final/run_Dy/conf7/GS/run_18
Tue Apr 15 10:54:09 PDT 2025
hpc-20-37.cm.cluster
--------------------------------------------------------------------------
WARNING: There is at least one non-excluded one OpenFabrics device found,
but there are no active ports detected (or Open MPI was unable to use
them).  This is most certainly not what you wanted.  Check your
cables, subnet manager configuration, etc.  The openib BTL will be
ignored for this job.

  Local host: hpc-20-37
--------------------------------------------------------------------------
Apr 15 10:54:18 ####### 
                ####### libDMET   version 0.5
                ####### A periodic DMET library for lattice model and realistic solid.
                ####### 
#INFO: **** input file is /central/groups/changroup/members/lppeng/holmium/run/paper_final/run_Dy/conf7/GS/run_18/ground_state.py ****
'''
Example input to calculate the ground state of a molecular system
Include x2c relativistic effect
'''
import pyscf
from pyscf.scf.hf import RHF
from pyscf.dft.uks import UKS
from pyscf.dft.gks import GKS
from pyscf import lib
import os, sys
import numpy as np
import scipy.linalg as la
from scipy.linalg import sqrtm, eigh
from scipy.optimize import root
np.set_printoptions(precision=12, threshold=sys.maxsize, linewidth=190, suppress=True)
log = lib.logger.Logger(sys.stdout, 4)

if __name__ == "__main__":
    from pyscf import gto, scf, dft, lib
    from pyscf.lib import chkfile
    from stevens import cdft, project, utils
    from stevens.project import get_mj

    # system input
    geometry = 'DyCl6' # The name of geometry file minus ".xyz"
                       # Make sure first atom is the central magnetic atom 
    spin = 5 # number of unpaired electrons in a unit cell
    charge = -3 # charge of the molecule or a unit cell
    basis = {'default': '631g', 'Dy': 'sarc-dkh'} # specify basis for all elements here
    max_memory = 32000 # in the unit of MB. Recommend: memory available on a node - 10000 MB
    qmmm = True # add environment with classical charges

    # (c)HF/DFT parameters
    xc = 'HF' # functional
    smearing = None # To help HF/DFT converge, try e.g. 5e-2
    chkfname_guess = 'project' # initial guess. 'minao' for default PySCF guess; None for constrained HF; 
                # path to a checkpoint file to restart from a SCF solution.
                # 'project' to project from the SCF solution in a small basis to generate the initial guess
    chkfname_small = '../gs_small_%s.chk'%geometry # checkpoint file in a small basis. Used when chkfname_guess == 'project'
    basis_small = {'default': 'minao', 'Dy': 'cc-x2c-minao'}# the small basis associated with chkfname_small
    change_dm_mode = 'rotate' # None: no change
                          # 'positive_z': set the 4f block of dm so that J~(0,0,J)
                          # 'rotate': rotate the 4f block of dm by some angles
    atom_index = 0 # the index of central lanthanide atom
    occ_idx = 18
    noise = 0 # max noise on density matrix initial guess

    # constrained HF parameters for the initial guess
    ao_shell = 'f'
    lo_chkfname = '../../UHF/uhf_gs_%s_lo.h5'%geometry  
    multiplier0 = 0.1
    # END USER INPUT

    # set up system
    if os.path.isfile('../../' + geometry + ".xyz"):
        mol = gto.M(
            atom = '../../' + geometry + ".xyz",
            basis = basis,
            verbose = 4,
            spin = spin,
            charge = charge,
            max_memory = max_memory,
            )
        mol.set_common_origin(mol._atom[atom_index][1])
    else:
        raise ValueError("No .xyz file available!")
    log.info("N_elec %s, N_ao %s"%(mol.nelec, mol.nao))

    # generate HF/DFT initial guess
    if chkfname_guess == 'minao':
        mf = scf.GKS(mol).x2c()
        dm0 = mf.get_init_guess()
        print("Use PySCF default init guess")
    elif chkfname_guess is None:
        # run constrained DFT
        angles = cdft.sample_rotation('xyz', occ_idx, unit=20)
        from scipy.spatial.transform import Rotation
        direction = Rotation.from_euler('zyz', angles, degrees=False) @ [0,0,1]
        cmf = cdft.CGKS(mol, direction, multiplier_guess=multiplier0, max_cycle=300,
                atom_index=atom_index, ao_shell='f', lo_chkfname=lo_chkfname, xc=xc, smearing=smearing)
        cmf.kernel()
        dm0 = cmf._scf.make_rdm1()
        print("Contrained SCF solution as init guess")
    elif chkfname_guess == 'project':
        # project dm0 in a small basis to the larger basis 
        dm0 = utils.project_dm_from_small_basis(mol, basis_small, chkfname_small, change_dm_mode, atom_index=atom_index, occ_idx=occ_idx)
        print("Project wavefunction in a smaller basis to the target basis as init guess")
    else:
        mf = scf.GKS(mol).x2c()
        data = chkfile.load(chkfname_guess, 'scf')
        mf.__dict__.update(data)
        dm0 = mf.make_rdm1()
        mf.analyze(with_meta_lowdin=False)
        print("Load .chk file for init guess")
    if change_dm_mode is not None and not chkfname_guess == 'project': # when chkfname_guess == 'project', change in small basis
        dm0 = utils.change_dm_guess(mol, dm0, change_dm_mode, atom_index=atom_index, occ_idx=occ_idx)
    dm0 += (np.random.rand(*(dm0.shape)) - 0.5) * noise  
    print("J vector of initial guess", get_mj(mol, dm0, analyze=True))

    # run HF/DFT
    mf = scf.GKS(mol).x2c()
    mf.xc = xc
    if xc.upper() != 'HF':
        mf.collinear = 'mcol'
        mf.grids.level = 6 
    mf.chkfile = 'gs_' + geometry + '.chk' 
    mf.max_cycle = 1000 
    if smearing is not None:
        mf = scf.addons.smearing_(mf, sigma=smearing, method="fermi")
    if qmmm: # add the precomputed potential from environmental classical charges 
        get_hcore_original = mf.get_hcore
        hcore_mm = np.load('../../mm_hcore.npy')
        def get_hcore_mm(self, mol=None):
            return get_hcore_original(mol=mol) + la.block_diag(hcore_mm, hcore_mm)
        import types
        mf.get_hcore = types.MethodType(get_hcore_mm, mf)
    mf.kernel(dm0=dm0)
    dm = mf.make_rdm1()
    print("S vector", get_mj(mol, dm, include_L=False))
    print("L vector", get_mj(mol, dm, include_S=False))
    print("J vector", get_mj(mol, dm))
#INFO: ******************** input file end ********************


System: uname_result(system='Linux', node='hpc-20-37.cm.cluster', release='5.14.0-362.24.1.el9_3.x86_64', version='#1 SMP PREEMPT_DYNAMIC Thu Feb 15 07:18:13 EST 2024', machine='x86_64')  Threads 8
Python 3.11.6 | packaged by conda-forge | (main, Oct  3 2023, 10:40:35) [GCC 12.3.0]
numpy 1.26.0  scipy 1.11.3
Date: Tue Apr 15 10:54:22 2025
PySCF version 2.5.0
PySCF path  /home/lppeng/anaconda3/envs/nerscV25/lib/python3.11/site-packages/pyscf

[CONFIG] conf_file None
[INPUT] verbose = 4
[INPUT] num. atoms = 7
[INPUT] num. electrons = 171
[INPUT] charge = -3
[INPUT] spin (= nelec alpha-beta = 2S) = 5
[INPUT] symmetry False subgroup None
[INPUT] Mole.unit = angstrom
[INPUT] Symbol           X                Y                Z      unit          X                Y                Z       unit  Magmom
[INPUT]  1 Dy     0.000000000000   0.000000000000   0.000000000000 AA    0.000000000000   0.000000000000   0.000000000000 Bohr   0.0
[INPUT]  2 Cl     2.724000000000   0.000000000000   0.000000000000 AA    5.147613963315   0.000000000000   0.000000000000 Bohr   0.0
[INPUT]  3 Cl    -2.724000000000   0.000000000000   0.000000000000 AA   -5.147613963315   0.000000000000   0.000000000000 Bohr   0.0
[INPUT]  4 Cl     0.000000000000   2.724000000000   0.000000000000 AA    0.000000000000   5.147613963315   0.000000000000 Bohr   0.0
[INPUT]  5 Cl     0.000000000000  -2.724000000000   0.000000000000 AA    0.000000000000  -5.147613963315   0.000000000000 Bohr   0.0
[INPUT]  6 Cl     0.000000000000   0.000000000000   2.724000000000 AA    0.000000000000   0.000000000000   5.147613963315 Bohr   0.0
[INPUT]  7 Cl     0.000000000000   0.000000000000  -2.724000000000 AA    0.000000000000   0.000000000000  -5.147613963315 Bohr   0.0

nuclear repulsion = 1868.38919656687
number of shells = 84
number of NR pGTOs = 449
number of NR cGTOs = 198
basis = {'default': '631g', 'Dy': 'sarc-dkh'}
ecp = {}
CPU time:         2.53
N_elec (88, 83), N_ao 198
#INFO: **** input file is /central/groups/changroup/members/lppeng/holmium/run/paper_final/run_Dy/conf7/GS/run_18/ground_state.py ****
'''
Example input to calculate the ground state of a molecular system
Include x2c relativistic effect
'''
import pyscf
from pyscf.scf.hf import RHF
from pyscf.dft.uks import UKS
from pyscf.dft.gks import GKS
from pyscf import lib
import os, sys
import numpy as np
import scipy.linalg as la
from scipy.linalg import sqrtm, eigh
from scipy.optimize import root
np.set_printoptions(precision=12, threshold=sys.maxsize, linewidth=190, suppress=True)
log = lib.logger.Logger(sys.stdout, 4)

if __name__ == "__main__":
    from pyscf import gto, scf, dft, lib
    from pyscf.lib import chkfile
    from stevens import cdft, project, utils
    from stevens.project import get_mj

    # system input
    geometry = 'DyCl6' # The name of geometry file minus ".xyz"
                       # Make sure first atom is the central magnetic atom 
    spin = 5 # number of unpaired electrons in a unit cell
    charge = -3 # charge of the molecule or a unit cell
    basis = {'default': '631g', 'Dy': 'sarc-dkh'} # specify basis for all elements here
    max_memory = 32000 # in the unit of MB. Recommend: memory available on a node - 10000 MB
    qmmm = True # add environment with classical charges

    # (c)HF/DFT parameters
    xc = 'HF' # functional
    smearing = None # To help HF/DFT converge, try e.g. 5e-2
    chkfname_guess = 'project' # initial guess. 'minao' for default PySCF guess; None for constrained HF; 
                # path to a checkpoint file to restart from a SCF solution.
                # 'project' to project from the SCF solution in a small basis to generate the initial guess
    chkfname_small = '../gs_small_%s.chk'%geometry # checkpoint file in a small basis. Used when chkfname_guess == 'project'
    basis_small = {'default': 'minao', 'Dy': 'cc-x2c-minao'}# the small basis associated with chkfname_small
    change_dm_mode = 'rotate' # None: no change
                          # 'positive_z': set the 4f block of dm so that J~(0,0,J)
                          # 'rotate': rotate the 4f block of dm by some angles
    atom_index = 0 # the index of central lanthanide atom
    occ_idx = 18
    noise = 0 # max noise on density matrix initial guess

    # constrained HF parameters for the initial guess
    ao_shell = 'f'
    lo_chkfname = '../../UHF/uhf_gs_%s_lo.h5'%geometry  
    multiplier0 = 0.1
    # END USER INPUT

    # set up system
    if os.path.isfile('../../' + geometry + ".xyz"):
        mol = gto.M(
            atom = '../../' + geometry + ".xyz",
            basis = basis,
            verbose = 4,
            spin = spin,
            charge = charge,
            max_memory = max_memory,
            )
        mol.set_common_origin(mol._atom[atom_index][1])
    else:
        raise ValueError("No .xyz file available!")
    log.info("N_elec %s, N_ao %s"%(mol.nelec, mol.nao))

    # generate HF/DFT initial guess
    if chkfname_guess == 'minao':
        mf = scf.GKS(mol).x2c()
        dm0 = mf.get_init_guess()
        print("Use PySCF default init guess")
    elif chkfname_guess is None:
        # run constrained DFT
        angles = cdft.sample_rotation('xyz', occ_idx, unit=20)
        from scipy.spatial.transform import Rotation
        direction = Rotation.from_euler('zyz', angles, degrees=False) @ [0,0,1]
        cmf = cdft.CGKS(mol, direction, multiplier_guess=multiplier0, max_cycle=300,
                atom_index=atom_index, ao_shell='f', lo_chkfname=lo_chkfname, xc=xc, smearing=smearing)
        cmf.kernel()
        dm0 = cmf._scf.make_rdm1()
        print("Contrained SCF solution as init guess")
    elif chkfname_guess == 'project':
        # project dm0 in a small basis to the larger basis 
        dm0 = utils.project_dm_from_small_basis(mol, basis_small, chkfname_small, change_dm_mode, atom_index=atom_index, occ_idx=occ_idx)
        print("Project wavefunction in a smaller basis to the target basis as init guess")
    else:
        mf = scf.GKS(mol).x2c()
        data = chkfile.load(chkfname_guess, 'scf')
        mf.__dict__.update(data)
        dm0 = mf.make_rdm1()
        mf.analyze(with_meta_lowdin=False)
        print("Load .chk file for init guess")
    if change_dm_mode is not None and not chkfname_guess == 'project': # when chkfname_guess == 'project', change in small basis
        dm0 = utils.change_dm_guess(mol, dm0, change_dm_mode, atom_index=atom_index, occ_idx=occ_idx)
    dm0 += (np.random.rand(*(dm0.shape)) - 0.5) * noise  
    print("J vector of initial guess", get_mj(mol, dm0, analyze=True))

    # run HF/DFT
    mf = scf.GKS(mol).x2c()
    mf.xc = xc
    if xc.upper() != 'HF':
        mf.collinear = 'mcol'
        mf.grids.level = 6 
    mf.chkfile = 'gs_' + geometry + '.chk' 
    mf.max_cycle = 1000 
    if smearing is not None:
        mf = scf.addons.smearing_(mf, sigma=smearing, method="fermi")
    if qmmm: # add the precomputed potential from environmental classical charges 
        get_hcore_original = mf.get_hcore
        hcore_mm = np.load('../../mm_hcore.npy')
        def get_hcore_mm(self, mol=None):
            return get_hcore_original(mol=mol) + la.block_diag(hcore_mm, hcore_mm)
        import types
        mf.get_hcore = types.MethodType(get_hcore_mm, mf)
    mf.kernel(dm0=dm0)
    dm = mf.make_rdm1()
    print("S vector", get_mj(mol, dm, include_L=False))
    print("L vector", get_mj(mol, dm, include_S=False))
    print("J vector", get_mj(mol, dm))
#INFO: ******************** input file end ********************


System: uname_result(system='Linux', node='hpc-20-37.cm.cluster', release='5.14.0-362.24.1.el9_3.x86_64', version='#1 SMP PREEMPT_DYNAMIC Thu Feb 15 07:18:13 EST 2024', machine='x86_64')  Threads 8
Python 3.11.6 | packaged by conda-forge | (main, Oct  3 2023, 10:40:35) [GCC 12.3.0]
numpy 1.26.0  scipy 1.11.3
Date: Tue Apr 15 10:54:24 2025
PySCF version 2.5.0
PySCF path  /home/lppeng/anaconda3/envs/nerscV25/lib/python3.11/site-packages/pyscf

[CONFIG] conf_file None
[INPUT] verbose = 4
[INPUT] num. atoms = 7
[INPUT] num. electrons = 171
[INPUT] charge = -3
[INPUT] spin (= nelec alpha-beta = 2S) = 5
[INPUT] symmetry False subgroup None
[INPUT] Mole.unit = angstrom
[INPUT] Symbol           X                Y                Z      unit          X                Y                Z       unit  Magmom
[INPUT]  1 Dy     0.000000000000   0.000000000000   0.000000000000 AA    0.000000000000   0.000000000000   0.000000000000 Bohr   0.0
[INPUT]  2 Cl     2.724000000000   0.000000000000   0.000000000000 AA    5.147613963315   0.000000000000   0.000000000000 Bohr   0.0
[INPUT]  3 Cl    -2.724000000000   0.000000000000   0.000000000000 AA   -5.147613963315   0.000000000000   0.000000000000 Bohr   0.0
[INPUT]  4 Cl     0.000000000000   2.724000000000   0.000000000000 AA    0.000000000000   5.147613963315   0.000000000000 Bohr   0.0
[INPUT]  5 Cl     0.000000000000  -2.724000000000   0.000000000000 AA    0.000000000000  -5.147613963315   0.000000000000 Bohr   0.0
[INPUT]  6 Cl     0.000000000000   0.000000000000   2.724000000000 AA    0.000000000000   0.000000000000   5.147613963315 Bohr   0.0
[INPUT]  7 Cl     0.000000000000   0.000000000000  -2.724000000000 AA    0.000000000000   0.000000000000  -5.147613963315 Bohr   0.0

nuclear repulsion = 1868.38919656687
number of shells = 16
number of NR pGTOs = 511
number of NR cGTOs = 89
basis = {'default': 'minao', 'Dy': 'cc-x2c-minao'}
ecp = {}
CPU time:         2.63
basis {'default': '631g', 'Dy': 'sarc-dkh'} 198
basis {'default': 'minao', 'Dy': 'cc-x2c-minao'} 89
(3, 89, 89) 89
Haar random target direction [-0.9510565162951535, 0.3090169943749475, 6.123233995736766e-17]
Haar random total rotation [0.     1.5708 2.8274]
Rotated f-block dm by angles from +z [0.     1.5708 2.8274]
Project wavefunction in a smaller basis to the target basis as init guess
(3, 198, 198) 198
elemental J of ['Cl' 'Dy']
  Cl 0.0007-0.0000j -0.0001-0.0000j 0.0310-0.0000j 
  Dy -7.0934+0.0000j 2.3048-0.0000j -0.0169+0.0000j 
J vector of initial guess [-7.0926-0.j  2.3045-0.j  0.0141+0.j]


******** <class 'pyscf.x2c.x2c.X2C1eGKS'> ********
method = X2C1eGKS
initial guess = minao
damping factor = 0
level_shift factor = 0
DIIS = <class 'pyscf.scf.diis.CDIIS'>
diis_start_cycle = 1
diis_space = 8
diis_damp = 0
SCF conv_tol = 1e-09
SCF conv_tol_grad = None
SCF max_cycles = 1000
direct_scf = True
direct_scf_tol = 1e-13
chkfile to save SCF result = gs_DyCl6.chk
max_memory 32000 MB (current use 147 MB)
XC library pyscf.dft.libxc version 6.1.0
    S. Lehtola, C. Steigemann, M. J.T. Oliveira, and M. A.L. Marques.,  SoftwareX 7, 1–5 (2018)
XC functionals = HF

radial grids: 
    Treutler-Ahlrichs [JCP 102, 346 (1995); DOI:10.1063/1.469408] (M4) radial grids
    
becke partition: Becke, JCP 88, 2547 (1988); DOI:10.1063/1.454033
pruning grids: <function nwchem_prune at 0x7f3af71a5e40>
grids dens level: 3
symmetrized grids: False
atomic radii adjust function: <function treutler_atomic_radii_adjust at 0x7f3af71a6480>
small_rho_cutoff = 1e-07
collinear = col


******** <class 'pyscf.x2c.x2c.SpinOrbitalX2CHelper'> ********
approx = 1e
xuncontract = 1
Overwritten attributes  get_hcore  of <class 'pyscf.x2c.x2c.X2C1eGKS'>
Set gradient conv threshold to 3.16228e-05
tot grids = 134432
init E= -14971.0805371064
  HOMO = -0.28305281888263  LUMO = -0.0671738923660664
cycle= 1 E= -14978.6066423729  delta_E= -7.53  |g|= 1.62  |ddm|= 2.41
  HOMO = -0.297069183470147  LUMO = 0.124194483874167
cycle= 2 E= -14978.709652424  delta_E= -0.103  |g|= 0.67  |ddm|= 1.11
  HOMO = -0.32220309350536  LUMO = 0.122303287935516
cycle= 3 E= -14978.7609648925  delta_E= -0.0513  |g|= 0.274  |ddm|= 0.511
  HOMO = -0.322373119526055  LUMO = 0.122631964614703
cycle= 4 E= -14978.7668761277  delta_E= -0.00591  |g|= 0.0215  |ddm|= 0.091
  HOMO = -0.323567790620994  LUMO = 0.122828365489929
cycle= 5 E= -14978.7670817256  delta_E= -0.000206  |g|= 0.00616  |ddm|= 0.0249
  HOMO = -0.323433105056836  LUMO = 0.122834932181453
cycle= 6 E= -14978.7671430901  delta_E= -6.14e-05  |g|= 0.00491  |ddm|= 0.0107
  HOMO = -0.323485772000786  LUMO = 0.122841498451245
cycle= 7 E= -14978.7672282957  delta_E= -8.52e-05  |g|= 0.00363  |ddm|= 0.0144
  HOMO = -0.323349339491034  LUMO = 0.122838609914121
cycle= 8 E= -14978.7673118891  delta_E= -8.36e-05  |g|= 0.00167  |ddm|= 0.0234
  HOMO = -0.323443739711416  LUMO = 0.122835654881195
cycle= 9 E= -14978.7673274625  delta_E= -1.56e-05  |g|= 0.000686  |ddm|= 0.0121
  HOMO = -0.323435755301618  LUMO = 0.122834877622766
cycle= 10 E= -14978.7673288712  delta_E= -1.41e-06  |g|= 0.000487  |ddm|= 0.00257
  HOMO = -0.323442262296886  LUMO = 0.122835349519686
cycle= 11 E= -14978.7673297235  delta_E= -8.52e-07  |g|= 0.000394  |ddm|= 0.00158
  HOMO = -0.323440460995999  LUMO = 0.122835743858036
cycle= 12 E= -14978.7673304478  delta_E= -7.24e-07  |g|= 0.000352  |ddm|= 0.00138
  HOMO = -0.323443877460429  LUMO = 0.122835251351461
cycle= 13 E= -14978.7673311678  delta_E= -7.2e-07  |g|= 0.000332  |ddm|= 0.00149
  HOMO = -0.323438644183644  LUMO = 0.122835276576307
cycle= 14 E= -14978.7673317225  delta_E= -5.55e-07  |g|= 0.000324  |ddm|= 0.00118
  HOMO = -0.323439426593441  LUMO = 0.122835406090415
cycle= 15 E= -14978.7673324338  delta_E= -7.11e-07  |g|= 0.000316  |ddm|= 0.00154
  HOMO = -0.3234387872878  LUMO = 0.122835277078491
cycle= 16 E= -14978.7673344747  delta_E= -2.04e-06  |g|= 0.000295  |ddm|= 0.00471
  HOMO = -0.323437130770293  LUMO = 0.122835382234203
cycle= 17 E= -14978.7673362832  delta_E= -1.81e-06  |g|= 0.000284  |ddm|= 0.00456
  HOMO = -0.323438643719662  LUMO = 0.122835041573601
cycle= 18 E= -14978.7673372139  delta_E= -9.31e-07  |g|= 0.000279  |ddm|= 0.00242
  HOMO = -0.323437313920239  LUMO = 0.122835168277275
cycle= 19 E= -14978.7673381487  delta_E= -9.35e-07  |g|= 0.000276  |ddm|= 0.00244
  HOMO = -0.323436847645262  LUMO = 0.12283519323414
cycle= 20 E= -14978.7673387559  delta_E= -6.07e-07  |g|= 0.000274  |ddm|= 0.00158
  HOMO = -0.323436269337405  LUMO = 0.122835175790481
cycle= 21 E= -14978.7673391598  delta_E= -4.04e-07  |g|= 0.000273  |ddm|= 0.00104
  HOMO = -0.323436148165512  LUMO = 0.122835207769194
cycle= 22 E= -14978.7673397863  delta_E= -6.26e-07  |g|= 0.000272  |ddm|= 0.0016
  HOMO = -0.323435339608005  LUMO = 0.122835123702594
cycle= 23 E= -14978.7673405879  delta_E= -8.02e-07  |g|= 0.000272  |ddm|= 0.00205
  HOMO = -0.323435641417949  LUMO = 0.122835112951698
cycle= 24 E= -14978.7673411877  delta_E= -6e-07  |g|= 0.000271  |ddm|= 0.00153
  HOMO = -0.323435002738637  LUMO = 0.122835134458775
cycle= 25 E= -14978.7673418518  delta_E= -6.64e-07  |g|= 0.000271  |ddm|= 0.0017
  HOMO = -0.323434335837267  LUMO = 0.122835169881962
cycle= 26 E= -14978.7673429654  delta_E= -1.11e-06  |g|= 0.00027  |ddm|= 0.00286
  HOMO = -0.323434001644876  LUMO = 0.122835126392357
cycle= 27 E= -14978.7673440518  delta_E= -1.09e-06  |g|= 0.00027  |ddm|= 0.0028
  HOMO = -0.323433192230779  LUMO = 0.122835100499148
cycle= 28 E= -14978.7673453302  delta_E= -1.28e-06  |g|= 0.000269  |ddm|= 0.0033
  HOMO = -0.323432635433665  LUMO = 0.122835030042724
cycle= 29 E= -14978.7673472916  delta_E= -1.96e-06  |g|= 0.000269  |ddm|= 0.00507
  HOMO = -0.323431536009717  LUMO = 0.122835113619083
cycle= 30 E= -14978.7673492447  delta_E= -1.95e-06  |g|= 0.000268  |ddm|= 0.00506
  HOMO = -0.323429995576391  LUMO = 0.12283508769596
cycle= 31 E= -14978.7673522997  delta_E= -3.06e-06  |g|= 0.000267  |ddm|= 0.00795
  HOMO = -0.323428221224937  LUMO = 0.122835113849491
cycle= 32 E= -14978.7673565966  delta_E= -4.3e-06  |g|= 0.000265  |ddm|= 0.0112
  HOMO = -0.32342540954325  LUMO = 0.122834996032286
cycle= 33 E= -14978.7673626115  delta_E= -6.01e-06  |g|= 0.000266  |ddm|= 0.0159
  HOMO = -0.32342545096893  LUMO = 0.122834993167845
cycle= 34 E= -14978.7673623804  delta_E= 2.31e-07  |g|= 0.000265  |ddm|= 0.000619
  HOMO = -0.323421763552332  LUMO = 0.122834979979885
cycle= 35 E= -14978.7673697297  delta_E= -7.35e-06  |g|= 0.000275  |ddm|= 0.0197
  HOMO = -0.323422213452723  LUMO = 0.122835002343101
cycle= 36 E= -14978.7673689554  delta_E= 7.74e-07  |g|= 0.000266  |ddm|= 0.00211
  HOMO = -0.323420470273904  LUMO = 0.12283501516205
cycle= 37 E= -14978.767371719  delta_E= -2.76e-06  |g|= 0.000267  |ddm|= 0.00748
  HOMO = -0.323419328971369  LUMO = 0.122835062040961
cycle= 38 E= -14978.7673756446  delta_E= -3.93e-06  |g|= 0.000272  |ddm|= 0.0107
  HOMO = -0.323419015603762  LUMO = 0.122835036684176
cycle= 39 E= -14978.767375545  delta_E= 9.96e-08  |g|= 0.000259  |ddm|= 0.0005
  HOMO = -0.323418208158262  LUMO = 0.122834979034999
cycle= 40 E= -14978.7673770639  delta_E= -1.52e-06  |g|= 0.000259  |ddm|= 0.00416
  HOMO = -0.323416383815295  LUMO = 0.122835046925673
cycle= 41 E= -14978.7673805517  delta_E= -3.49e-06  |g|= 0.000262  |ddm|= 0.00963
  HOMO = -0.323416238806822  LUMO = 0.122834966876592
cycle= 42 E= -14978.7673809417  delta_E= -3.9e-07  |g|= 0.000253  |ddm|= 0.00115
  HOMO = -0.323413998305469  LUMO = 0.122835020164523
cycle= 43 E= -14978.7673868743  delta_E= -5.93e-06  |g|= 0.000263  |ddm|= 0.0166
  HOMO = -0.32341381695129  LUMO = 0.122834998237983
cycle= 44 E= -14978.7673877641  delta_E= -8.9e-07  |g|= 0.00025  |ddm|= 0.00253
  HOMO = -0.32341052165327  LUMO = 0.122834893380283
cycle= 45 E= -14978.7673928361  delta_E= -5.07e-06  |g|= 0.000256  |ddm|= 0.0145
  HOMO = -0.323410540935317  LUMO = 0.122834991771231
cycle= 46 E= -14978.7673947502  delta_E= -1.91e-06  |g|= 0.000251  |ddm|= 0.00551
  HOMO = -0.323407905591409  LUMO = 0.122834908793316
cycle= 47 E= -14978.7673988851  delta_E= -4.13e-06  |g|= 0.000244  |ddm|= 0.012
  HOMO = -0.323406601476362  LUMO = 0.122834901170068
cycle= 48 E= -14978.7674018471  delta_E= -2.96e-06  |g|= 0.000242  |ddm|= 0.00869
  HOMO = -0.32340632242288  LUMO = 0.122834816470421
cycle= 49 E= -14978.7674050042  delta_E= -3.16e-06  |g|= 0.000241  |ddm|= 0.00933
  HOMO = -0.323403631844792  LUMO = 0.122834708470945
cycle= 50 E= -14978.767409736  delta_E= -4.73e-06  |g|= 0.000239  |ddm|= 0.0142
  HOMO = -0.323402171204361  LUMO = 0.122834690332668
cycle= 51 E= -14978.7674123517  delta_E= -2.62e-06  |g|= 0.000247  |ddm|= 0.00791
  HOMO = -0.323401713991963  LUMO = 0.122834697980419
cycle= 52 E= -14978.767413642  delta_E= -1.29e-06  |g|= 0.000237  |ddm|= 0.00395
  HOMO = -0.32339761760531  LUMO = 0.122834582128042
cycle= 53 E= -14978.7674198234  delta_E= -6.18e-06  |g|= 0.000237  |ddm|= 0.0192
  HOMO = -0.323396784862972  LUMO = 0.122834569544809
cycle= 54 E= -14978.7674275239  delta_E= -7.7e-06  |g|= 0.000321  |ddm|= 0.0245
  HOMO = -0.323393382380553  LUMO = 0.122834375828277
cycle= 55 E= -14978.767432733  delta_E= -5.21e-06  |g|= 0.000252  |ddm|= 0.0172
  HOMO = -0.323390462761755  LUMO = 0.122834280877902
cycle= 56 E= -14978.7674408875  delta_E= -8.15e-06  |g|= 0.000214  |ddm|= 0.0276
  HOMO = -0.323384358834445  LUMO = 0.122834004444834
cycle= 57 E= -14978.7674516729  delta_E= -1.08e-05  |g|= 0.000246  |ddm|= 0.0389
  HOMO = -0.323384031059442  LUMO = 0.1228340677886
cycle= 58 E= -14978.7674537969  delta_E= -2.12e-06  |g|= 0.000353  |ddm|= 0.00797
  HOMO = -0.323379008386729  LUMO = 0.122833704414828
cycle= 59 E= -14978.7674643077  delta_E= -1.05e-05  |g|= 0.000392  |ddm|= 0.0421
  HOMO = -0.323377282197826  LUMO = 0.122833583888794
cycle= 60 E= -14978.7674687397  delta_E= -4.43e-06  |g|= 0.000199  |ddm|= 0.0178
  HOMO = -0.323375710082695  LUMO = 0.122833458847036
cycle= 61 E= -14978.7674731835  delta_E= -4.44e-06  |g|= 0.000182  |ddm|= 0.0195
  HOMO = -0.323374229539185  LUMO = 0.122833355036148
cycle= 62 E= -14978.7674770548  delta_E= -3.87e-06  |g|= 0.000201  |ddm|= 0.0177
  HOMO = -0.323372287576552  LUMO = 0.12283325179961
cycle= 63 E= -14978.7674810348  delta_E= -3.98e-06  |g|= 0.000303  |ddm|= 0.0191
  HOMO = -0.323371428197051  LUMO = 0.12283326133937
cycle= 64 E= -14978.7674834095  delta_E= -2.37e-06  |g|= 0.000201  |ddm|= 0.0114
  HOMO = -0.323368867185034  LUMO = 0.122833035045189
cycle= 65 E= -14978.7674870473  delta_E= -3.64e-06  |g|= 0.00038  |ddm|= 0.0195
  HOMO = -0.323370632853944  LUMO = 0.122833208737617
cycle= 66 E= -14978.7674852232  delta_E= 1.82e-06  |g|= 0.00015  |ddm|= 0.0106
  HOMO = -0.323369798169429  LUMO = 0.122833157475173
cycle= 67 E= -14978.7674875205  delta_E= -2.3e-06  |g|= 0.000154  |ddm|= 0.012
  HOMO = -0.323368323668442  LUMO = 0.122833023663369
cycle= 68 E= -14978.7674912947  delta_E= -3.77e-06  |g|= 0.000189  |ddm|= 0.0209
  HOMO = -0.323366223878701  LUMO = 0.122832826543267
cycle= 69 E= -14978.7674945579  delta_E= -3.26e-06  |g|= 0.000207  |ddm|= 0.0197
  HOMO = -0.323367079359547  LUMO = 0.122832927213472
cycle= 70 E= -14978.7674950404  delta_E= -4.83e-07  |g|= 0.000176  |ddm|= 0.00309
  HOMO = -0.323365366594851  LUMO = 0.12283276106053
cycle= 71 E= -14978.767498134  delta_E= -3.09e-06  |g|= 0.000199  |ddm|= 0.0201
  HOMO = -0.323364886494409  LUMO = 0.122832732044002
cycle= 72 E= -14978.7674991391  delta_E= -1.01e-06  |g|= 0.000116  |ddm|= 0.00671
  HOMO = -0.323364842210986  LUMO = 0.122832764037799
cycle= 73 E= -14978.7675003003  delta_E= -1.16e-06  |g|= 0.000119  |ddm|= 0.00811
  HOMO = -0.323363265731781  LUMO = 0.122832609520839
cycle= 74 E= -14978.7675017512  delta_E= -1.45e-06  |g|= 0.000111  |ddm|= 0.0105
  HOMO = -0.32336337228792  LUMO = 0.122832669632721
cycle= 75 E= -14978.7675025405  delta_E= -7.89e-07  |g|= 0.000135  |ddm|= 0.00596
  HOMO = -0.323363107531775  LUMO = 0.122832640467318
cycle= 76 E= -14978.7675035423  delta_E= -1e-06  |g|= 9.79e-05  |ddm|= 0.00763
  HOMO = -0.323363196036879  LUMO = 0.122832630224096
cycle= 77 E= -14978.7675039971  delta_E= -4.55e-07  |g|= 9.53e-05  |ddm|= 0.00358
  HOMO = -0.323362937843498  LUMO = 0.122832609647405
cycle= 78 E= -14978.7675044486  delta_E= -4.51e-07  |g|= 9.38e-05  |ddm|= 0.00365
  HOMO = -0.323362611697246  LUMO = 0.122832581787423
cycle= 79 E= -14978.7675050353  delta_E= -5.87e-07  |g|= 8.99e-05  |ddm|= 0.00482
  HOMO = -0.323361853005339  LUMO = 0.122832531287548
cycle= 80 E= -14978.7675057237  delta_E= -6.88e-07  |g|= 8.68e-05  |ddm|= 0.00585
  HOMO = -0.323361693957716  LUMO = 0.122832538644602
cycle= 81 E= -14978.7675065775  delta_E= -8.54e-07  |g|= 8.33e-05  |ddm|= 0.00754
  HOMO = -0.323361474212042  LUMO = 0.122832487045503
cycle= 82 E= -14978.7675071959  delta_E= -6.18e-07  |g|= 8.08e-05  |ddm|= 0.00564
  HOMO = -0.323361581127749  LUMO = 0.122832497043122
cycle= 83 E= -14978.7675076466  delta_E= -4.51e-07  |g|= 7.87e-05  |ddm|= 0.00422
  HOMO = -0.32336118141259  LUMO = 0.122832465454597
cycle= 84 E= -14978.7675087236  delta_E= -1.08e-06  |g|= 8.09e-05  |ddm|= 0.0106
  HOMO = -0.323360685179741  LUMO = 0.122832407838263
cycle= 85 E= -14978.767509867  delta_E= -1.14e-06  |g|= 7.24e-05  |ddm|= 0.0121
  HOMO = -0.323360059930132  LUMO = 0.122832385755423
cycle= 86 E= -14978.7675108403  delta_E= -9.73e-07  |g|= 7.1e-05  |ddm|= 0.0112
  HOMO = -0.323359902525814  LUMO = 0.122832365183778
cycle= 87 E= -14978.7675114643  delta_E= -6.24e-07  |g|= 7.06e-05  |ddm|= 0.00772
  HOMO = -0.323359583354823  LUMO = 0.12283233746535
cycle= 88 E= -14978.7675119844  delta_E= -5.2e-07  |g|= 6.16e-05  |ddm|= 0.00676
  HOMO = -0.323359256743391  LUMO = 0.122832342694294
cycle= 89 E= -14978.7675127304  delta_E= -7.46e-07  |g|= 5.77e-05  |ddm|= 0.0104
  HOMO = -0.323359133650526  LUMO = 0.122832308068342
cycle= 90 E= -14978.7675133659  delta_E= -6.35e-07  |g|= 5.82e-05  |ddm|= 0.00978
  HOMO = -0.323358969810324  LUMO = 0.122832304052447
cycle= 91 E= -14978.7675136371  delta_E= -2.71e-07  |g|= 6.93e-05  |ddm|= 0.00444
  HOMO = -0.32335885610566  LUMO = 0.122832300099794
cycle= 92 E= -14978.7675138955  delta_E= -2.58e-07  |g|= 5.29e-05  |ddm|= 0.00443
  HOMO = -0.323358333751014  LUMO = 0.122832243672523
cycle= 93 E= -14978.7675145602  delta_E= -6.65e-07  |g|= 7.51e-05  |ddm|= 0.0129
  HOMO = -0.323358254944692  LUMO = 0.12283223495012
cycle= 94 E= -14978.7675151263  delta_E= -5.66e-07  |g|= 7.45e-05  |ddm|= 0.0129
  HOMO = -0.323358154020589  LUMO = 0.122832229564244
cycle= 95 E= -14978.7675152818  delta_E= -1.56e-07  |g|= 4.58e-05  |ddm|= 0.00389
  HOMO = -0.32335819946727  LUMO = 0.122832241707527
cycle= 96 E= -14978.7675155919  delta_E= -3.1e-07  |g|= 3.6e-05  |ddm|= 0.00888
  HOMO = -0.323358071354251  LUMO = 0.122832219652955
cycle= 97 E= -14978.7675158475  delta_E= -2.56e-07  |g|= 3.18e-05  |ddm|= 0.00872
  HOMO = -0.323358072102975  LUMO = 0.122832223326249
cycle= 98 E= -14978.7675160333  delta_E= -1.86e-07  |g|= 2.9e-05  |ddm|= 0.00775
  HOMO = -0.323358031348944  LUMO = 0.122832219474569
cycle= 99 E= -14978.7675161102  delta_E= -7.69e-08  |g|= 2.44e-05  |ddm|= 0.00373
  HOMO = -0.323357812820957  LUMO = 0.122832204548246
cycle= 100 E= -14978.7675162081  delta_E= -9.79e-08  |g|= 2.22e-05  |ddm|= 0.00567
  HOMO = -0.323357841420503  LUMO = 0.12283220538563
cycle= 101 E= -14978.7675162787  delta_E= -7.06e-08  |g|= 3.01e-05  |ddm|= 0.00531
  HOMO = -0.323357871993069  LUMO = 0.122832209316554
cycle= 102 E= -14978.767516307  delta_E= -2.83e-08  |g|= 2.07e-05  |ddm|= 0.00241
  HOMO = -0.323357896890831  LUMO = 0.12283221360724
cycle= 103 E= -14978.7675163244  delta_E= -1.74e-08  |g|= 1.94e-05  |ddm|= 0.00157
  HOMO = -0.323357974390298  LUMO = 0.122832212330257
cycle= 104 E= -14978.7675163322  delta_E= -7.75e-09  |g|= 1.51e-05  |ddm|= 0.000642
  HOMO = -0.323357939485511  LUMO = 0.122832211999332
cycle= 105 E= -14978.7675163438  delta_E= -1.17e-08  |g|= 1.27e-05  |ddm|= 0.00108
  HOMO = -0.323357925793481  LUMO = 0.122832210881723
cycle= 106 E= -14978.7675163584  delta_E= -1.46e-08  |g|= 1.16e-05  |ddm|= 0.00172
  HOMO = -0.32335786093716  LUMO = 0.122832207771236
cycle= 107 E= -14978.7675163686  delta_E= -1.02e-08  |g|= 9.75e-06  |ddm|= 0.00134
  HOMO = -0.323357814596174  LUMO = 0.122832207585524
cycle= 108 E= -14978.7675163825  delta_E= -1.39e-08  |g|= 8.79e-06  |ddm|= 0.00236
  HOMO = -0.323357832032358  LUMO = 0.122832206483157
cycle= 109 E= -14978.7675163922  delta_E= -9.66e-09  |g|= 7.82e-06  |ddm|= 0.00228
  HOMO = -0.32335786857828  LUMO = 0.122832210686336
cycle= 110 E= -14978.7675163964  delta_E= -4.2e-09  |g|= 6.97e-06  |ddm|= 0.00134
  HOMO = -0.323357856305973  LUMO = 0.122832206740057
cycle= 111 E= -14978.7675163983  delta_E= -1.89e-09  |g|= 6.24e-06  |ddm|= 0.000707
  HOMO = -0.323357892997811  LUMO = 0.122832211034147
cycle= 112 E= -14978.7675164001  delta_E= -1.83e-09  |g|= 4.82e-06  |ddm|= 0.000682
  HOMO = -0.323357870289706  LUMO = 0.122832209123739
cycle= 113 E= -14978.7675164003  delta_E= -1.93e-10  |g|= 4.16e-06  |ddm|= 4.42e-05
  HOMO = -0.323357874589146  LUMO = 0.122832209914998
Extra cycle  E= -14978.7675164003  delta_E= -1.82e-11  |g|= 3.94e-06  |ddm|= 4.68e-06
converged SCF energy = -14978.7675164003  <S^2> = 8.2691405  2S+1 = 5.8375133
(3, 198, 198) 198
S vector [-2.3832-0.j  0.0024-0.j -0.0004+0.j]
(3, 198, 198) 198
L vector [-5.1165+0.j  0.005 -0.j -0.0007-0.j]
(3, 198, 198) 198
J vector [-7.4997+0.j  0.0074+0.j -0.0011-0.j]
Tue Apr 15 10:58:13 PDT 2025
