Currently Loaded Modulefiles:
 1) gmp/6.2.1-gcc-13.2.0-lcnhyse <aL>             
 2) mpfr/4.2.0-gcc-13.2.0-yy2fkq5 <aL>            
 3) mpc/1.3.1-gcc-13.2.0-5kgoftq <aL>             
 4) zlib-ng/2.1.3-gcc-13.2.0-jetnfwa <aL>         
 5) zstd/1.5.5-gcc-13.2.0-t2lua3l <aL>            
 6) gcc/13.2.0-gcc-13.2.0-w55nxkl                 
 7) cmake/3.20.2-gcc-13.2.0-rp74vpv               
 8) libfabric/1.18.1-gcc-13.2.0-bijxar4 <aL>      
 9) numactl/2.0.14-gcc-13.2.0-etkf74e <aL>        
10) openssh/8.7p1-gcc-13.2.0-g55xmkx <aL>         
11) slurm/22.05.6-gcc-13.2.0-tchsn6y <aL>         
12) openmpi/4.1.5-gcc-13.2.0-24q3ap2              
13) libpciaccess/0.17-gcc-13.2.0-r2cijnn <aL>     
14) libiconv/1.17-gcc-13.2.0-ntov4te <aL>         
15) xz/5.4.1-gcc-13.2.0-4xkm5xo <aL>              
16) libxml2/2.10.3-gcc-13.2.0-fr6jcjz <aL>        
17) ncurses/6.4-gcc-13.2.0-4o2yj6n <aL>           
18) hwloc/2.9.1-gcc-13.2.0-gzvfolk <aL>           
19) intel-tbb/2021.9.0-gcc-13.2.0-6nwk3ml <aL>    
20) intel-oneapi-mkl/2023.2.0-gcc-13.2.0-ohvyk7g  

Key:
<module-tag>  <aL>=auto-loaded  
/central/groups/changroup/members/lppeng/holmium/run/paper_final/run_ErCO34/conf2/GS/run_33
Tue Apr 15 21:08:09 PDT 2025
hpc-23-12.cm.cluster
--------------------------------------------------------------------------
WARNING: There was an error initializing an OpenFabrics device.

  Local host:   hpc-23-12
  Local device: mlx5_0
--------------------------------------------------------------------------
Apr 15 21:08:13 ####### 
                ####### libDMET   version 0.5
                ####### A periodic DMET library for lattice model and realistic solid.
                ####### 
#INFO: **** input file is /central/groups/changroup/members/lppeng/holmium/run/paper_final/run_ErCO34/conf2/GS/run_33/ground_state.py ****
'''
Example input to calculate the ground state of a molecular system
Include x2c relativistic effect
'''
import pyscf
from pyscf.scf.hf import RHF
from pyscf.dft.uks import UKS
from pyscf.dft.gks import GKS
from pyscf import lib
import os, sys
import numpy as np
import scipy.linalg as la
from scipy.linalg import sqrtm, eigh
from scipy.optimize import root
np.set_printoptions(precision=12, threshold=sys.maxsize, linewidth=190, suppress=True)
log = lib.logger.Logger(sys.stdout, 4)

if __name__ == "__main__":
    from pyscf import gto, scf, dft, lib
    from pyscf.lib import chkfile
    from stevens import cdft, project, utils
    from stevens.project import get_mj

    # system input
    geometry = 'ErCO34' # The name of geometry file minus ".xyz"
                       # Make sure first atom is the central magnetic atom 
    spin = 3 # number of unpaired electrons in a unit cell
    charge = -5 # charge of the molecule or a unit cell
    basis = {'default': '631g', 'Er': 'sarc-dkh'} # specify basis for all elements here
    max_memory = 80000 # in the unit of MB. Recommend: memory available on a node - 10000 MB
    qmmm = True # add environment with classical charges

    # (c)HF/DFT parameters
    xc = 'HF' # functional
    smearing = None # To help HF/DFT converge, try e.g. 5e-2
    chkfname_guess = 'minao' # initial guess. 'minao' for default PySCF guess; None for constrained HF; 
                # path to a checkpoint file to restart from a SCF solution.
                # 'project' to project from the SCF solution in a small basis to generate the initial guess
    chkfname_small = '../gs_small_%s.chk'%geometry # checkpoint file in a small basis. Used when chkfname_guess == 'project'
    basis_small = {'default': 'minao', 'Er': 'cc-x2c-minao'}# the small basis associated with chkfname_small
    change_dm_mode = 'rotate' # None: no change
                          # 'positive_z': set the 4f block of dm so that J~(0,0,J)
                          # 'rotate': rotate the 4f block of dm by some angles
    atom_index = 0 # the index of central lanthanide atom
    occ_idx = 33
    noise = 0 # max noise on density matrix initial guess

    # constrained HF parameters for the initial guess
    ao_shell = 'f'
    lo_chkfname = '../../UHF/uhf_gs_%s_lo.h5'%geometry  
    multiplier0 = 0.1
    # END USER INPUT

    # set up system
    if os.path.isfile('../../' + geometry + ".xyz"):
        mol = gto.M(
            atom = '../../' + geometry + ".xyz",
            basis = basis,
            verbose = 4,
            spin = spin,
            charge = charge,
            max_memory = max_memory,
            )
        mol.set_common_origin(mol._atom[atom_index][1])
    else:
        raise ValueError("No .xyz file available!")
    log.info("N_elec %s, N_ao %s"%(mol.nelec, mol.nao))

    # generate HF/DFT initial guess
    if chkfname_guess == 'minao':
        mf = scf.GKS(mol).x2c()
        dm0 = mf.get_init_guess()
        print("Use PySCF default init guess")
        dm0 = utils.change_dm_guess(mol, dm0, 'positive_z', atom_index=atom_index, occ_idx=occ_idx) ###
    elif chkfname_guess is None:
        # run constrained DFT
        angles = cdft.sample_rotation('xyz', occ_idx, unit=20)
        from scipy.spatial.transform import Rotation
        direction = Rotation.from_euler('zyz', angles, degrees=False) @ [0,0,1]
        cmf = cdft.CGKS(mol, direction, multiplier_guess=multiplier0, max_cycle=300,
                atom_index=atom_index, ao_shell='f', lo_chkfname=lo_chkfname, xc=xc, smearing=smearing)
        cmf.kernel()
        dm0 = cmf._scf.make_rdm1()
        print("Contrained SCF solution as init guess")
    elif chkfname_guess == 'project':
        # project dm0 in a small basis to the larger basis 
        dm0 = utils.project_dm_from_small_basis(mol, basis_small, chkfname_small, change_dm_mode, atom_index=atom_index, occ_idx=occ_idx)
        print("Project wavefunction in a smaller basis to the target basis as init guess")
    else:
        mf = scf.GKS(mol).x2c()
        data = chkfile.load(chkfname_guess, 'scf')
        mf.__dict__.update(data)
        dm0 = mf.make_rdm1()
        mf.analyze(with_meta_lowdin=False)
        print("Load .chk file for init guess")
    if change_dm_mode is not None and not chkfname_guess == 'project': # when chkfname_guess == 'project', change in small basis
        dm0 = utils.change_dm_guess(mol, dm0, change_dm_mode, atom_index=atom_index, occ_idx=occ_idx)
    dm0 += (np.random.rand(*(dm0.shape)) - 0.5) * noise  
    print("J vector of initial guess", get_mj(mol, dm0, analyze=True))

    # run HF/DFT
    mf = scf.GKS(mol).x2c()
    mf.xc = xc
    if xc.upper() != 'HF':
        mf.collinear = 'mcol'
        mf.grids.level = 6 
    mf.chkfile = 'gs_' + geometry + '.chk' 
    mf.max_cycle = 3000 
    if smearing is not None:
        mf = scf.addons.smearing_(mf, sigma=smearing, method="fermi")
    if qmmm: # add the precomputed potential from environmental classical charges 
        get_hcore_original = mf.get_hcore
        hcore_mm = np.load('../../mm_hcore.npy')
        def get_hcore_mm(self, mol=None):
            return get_hcore_original(mol=mol) + la.block_diag(hcore_mm, hcore_mm)
        import types
        mf.get_hcore = types.MethodType(get_hcore_mm, mf)
    mf.kernel(dm0=dm0)
    dm = mf.make_rdm1()
    print("S vector", get_mj(mol, dm, include_L=False))
    print("L vector", get_mj(mol, dm, include_S=False))
    print("J vector", get_mj(mol, dm))
#INFO: ******************** input file end ********************


System: uname_result(system='Linux', node='hpc-23-12.cm.cluster', release='5.14.0-362.24.1.el9_3.x86_64', version='#1 SMP PREEMPT_DYNAMIC Thu Feb 15 07:18:13 EST 2024', machine='x86_64')  Threads 16
Python 3.11.6 | packaged by conda-forge | (main, Oct  3 2023, 10:40:35) [GCC 12.3.0]
numpy 1.26.0  scipy 1.11.3
Date: Tue Apr 15 21:08:15 2025
PySCF version 2.5.0
PySCF path  /home/lppeng/anaconda3/envs/nerscV25/lib/python3.11/site-packages/pyscf

[CONFIG] conf_file None
[INPUT] verbose = 4
[INPUT] num. atoms = 17
[INPUT] num. electrons = 193
[INPUT] charge = -5
[INPUT] spin (= nelec alpha-beta = 2S) = 3
[INPUT] symmetry False subgroup None
[INPUT] Mole.unit = angstrom
[INPUT] Symbol           X                Y                Z      unit          X                Y                Z       unit  Magmom
[INPUT]  1 Er     0.983621000000  15.502244000000  16.207915000000 AA    1.858774300371  29.294995476182  30.628520400230 Bohr   0.0
[INPUT]  2 O      1.999162000000  14.046589000000  17.748158000000 AA    3.777868658638  26.544206194328  33.539157835508 Bohr   0.0
[INPUT]  3 O      0.849859000000  13.239725000000  19.509454000000 AA    1.606000754497  25.019454214557  36.867524899800 Bohr   0.0
[INPUT]  4 O     -0.191063000000  14.330252000000  17.844156000000 AA   -0.361056742538  27.080251576001  33.720567764014 Bohr   0.0
[INPUT]  5 O      0.075398000000  13.922617000000  14.734947000000 AA    0.142481570340  26.309933067214  27.845014289982 Bohr   0.0
[INPUT]  6 O      1.310036000000  13.048514000000  13.067690000000 AA    2.475609253321  24.658117792553  24.694355180718 Bohr   0.0
[INPUT]  7 O      2.203594000000  14.429009000000  14.574295000000 AA    4.164189149735  27.266875258884  27.541426008618 Bohr   0.0
[INPUT]  8 O     -1.142155000000  16.458779000000  15.996655000000 AA   -2.158360141803  31.102584654743  30.229296859154 Bohr   0.0
[INPUT]  9 O      0.436800000000  17.108053000000  14.609560000000 AA    0.825432371210  32.329534694544  27.608067200401 Bohr   0.0
[INPUT] 10 O      1.479297000000  17.162683000000  17.755992000000 AA    2.795466186891  32.432770432729  33.553961949968 Bohr   0.0
[INPUT] 11 O      3.574079000000  17.921221000000  18.087093000000 AA    6.754030457559  33.866199507804  34.179652159538 Bohr   0.0
[INPUT] 12 O      3.086741000000  16.549131000000  16.376735000000 AA    5.833095107466  31.273325189550  30.947543964579 Bohr   0.0
[INPUT] 13 C      0.893280000000  13.851177000000  18.394684000000 AA    1.688054552551  26.174931032875  34.760914907919 Bohr   0.0
[INPUT] 14 C      1.209619000000  13.783938000000  14.098216000000 AA    2.285848625070  26.047867737985  26.641767084961 Bohr   0.0
[INPUT] 15 C     -0.820004000000  17.160582000000  14.960252000000 AA   -1.549582981048  32.428800118141  28.270779034477 Bohr   0.0
[INPUT] 16 C      2.757666000000  17.225719000000  17.422934000000 AA    5.211233483025  32.551891208717  32.924573546373 Bohr   0.0
[INPUT] 17 O     -1.665533000000  17.832969000000  14.307847000000 AA   -3.147401221425  33.699427397859  27.037912262180 Bohr   0.0

nuclear repulsion = 2660.00686642269
number of shells = 122
number of NR pGTOs = 525
number of NR cGTOs = 264
basis = {'default': '631g', 'Er': 'sarc-dkh'}
ecp = {}
CPU time:         5.18
N_elec (98, 95), N_ao 264
Initial guess from minao.
Use PySCF default init guess
Updated f-block dm with J~(0,0,J)
(3, 264, 264) 264
Haar random target direction [0.30901699437494745, 0.9510565162951535, 6.123233995736766e-17]
Haar random total rotation [0.     1.5708 1.2566]
Rotated f-block dm by angles from +z [0.     1.5708 1.2566]
(3, 264, 264) 264
elemental J of ['C' 'Er' 'O']
   C 0.4607+0.0165j 0.0000+0.0000j 0.0000+0.0033j 
  Er 3.3308-0.0007j 6.4625-0.0000j 3.1744-0.0004j 
   O 1.8119-0.0159j 0.0000+0.0000j -0.0000-0.0029j 
J vector of initial guess [5.6034-0.j 6.4625+0.j 3.1744+0.j]


******** <class 'pyscf.x2c.x2c.X2C1eGKS'> ********
method = X2C1eGKS
initial guess = minao
damping factor = 0
level_shift factor = 0
DIIS = <class 'pyscf.scf.diis.CDIIS'>
diis_start_cycle = 1
diis_space = 8
diis_damp = 0
SCF conv_tol = 1e-09
SCF conv_tol_grad = None
SCF max_cycles = 3000
direct_scf = True
direct_scf_tol = 1e-13
chkfile to save SCF result = gs_ErCO34.chk
max_memory 80000 MB (current use 196 MB)
XC library pyscf.dft.libxc version 6.1.0
    S. Lehtola, C. Steigemann, M. J.T. Oliveira, and M. A.L. Marques.,  SoftwareX 7, 1–5 (2018)
XC functionals = HF

radial grids: 
    Treutler-Ahlrichs [JCP 102, 346 (1995); DOI:10.1063/1.469408] (M4) radial grids
    
becke partition: Becke, JCP 88, 2547 (1988); DOI:10.1063/1.454033
pruning grids: <function nwchem_prune at 0x7efce4419e40>
grids dens level: 3
symmetrized grids: False
atomic radii adjust function: <function treutler_atomic_radii_adjust at 0x7efce441a480>
small_rho_cutoff = 1e-07
collinear = col


******** <class 'pyscf.x2c.x2c.SpinOrbitalX2CHelper'> ********
approx = 1e
xuncontract = 1
Overwritten attributes  get_hcore  of <class 'pyscf.x2c.x2c.X2C1eGKS'>
Set gradient conv threshold to 3.16228e-05
tot grids = 247904
init E= -14183.6689732648
  HOMO = -0.895305790936079  LUMO = -0.579503257816378
cycle= 1 E= -14189.9188225452  delta_E= -6.25  |g|= 2.65  |ddm|= 3.82
  HOMO = 0.14600845825815  LUMO = 0.267070635376965
cycle= 2 E= -14190.6308157582  delta_E= -0.712  |g|= 1.61  |ddm|= 2.65
  HOMO = -0.00292736650198  LUMO = 0.260500527721254
cycle= 3 E= -14191.1298245694  delta_E= -0.499  |g|= 0.244  |ddm|= 1.08
  HOMO = -0.01417341948965  LUMO = 0.259814321365476
cycle= 4 E= -14191.1392264644  delta_E= -0.0094  |g|= 0.0552  |ddm|= 0.153
  HOMO = -0.0112060780249479  LUMO = 0.259557122423575
cycle= 5 E= -14191.140772965  delta_E= -0.00155  |g|= 0.0268  |ddm|= 0.0584
  HOMO = -0.0141220322256384  LUMO = 0.259581130328957
cycle= 6 E= -14191.1416978691  delta_E= -0.000925  |g|= 0.0202  |ddm|= 0.0392
  HOMO = -0.0146189441106524  LUMO = 0.259466263870979
cycle= 7 E= -14191.1425448557  delta_E= -0.000847  |g|= 0.0159  |ddm|= 0.0374
  HOMO = -0.0146718866089747  LUMO = 0.259508574024659
cycle= 8 E= -14191.143496613  delta_E= -0.000952  |g|= 0.0102  |ddm|= 0.0561
  HOMO = -0.014217648179312  LUMO = 0.259512850726086
cycle= 9 E= -14191.1439101023  delta_E= -0.000413  |g|= 0.00481  |ddm|= 0.0473
  HOMO = -0.0143088253885822  LUMO = 0.259522423446484
cycle= 10 E= -14191.1439909801  delta_E= -8.09e-05  |g|= 0.00239  |ddm|= 0.0217
  HOMO = -0.0146152008248473  LUMO = 0.259522989956059
cycle= 11 E= -14191.1440059174  delta_E= -1.49e-05  |g|= 0.00161  |ddm|= 0.00762
  HOMO = -0.0146355513592266  LUMO = 0.259520027441512
cycle= 12 E= -14191.1440110223  delta_E= -5.1e-06  |g|= 0.00139  |ddm|= 0.00306
  HOMO = -0.0146587026767506  LUMO = 0.259518833644332
cycle= 13 E= -14191.1440153809  delta_E= -4.36e-06  |g|= 0.00125  |ddm|= 0.00265
  HOMO = -0.0146670152966545  LUMO = 0.259520685918265
cycle= 14 E= -14191.1440199905  delta_E= -4.61e-06  |g|= 0.00115  |ddm|= 0.00282
  HOMO = -0.0146711824499321  LUMO = 0.259520904741017
cycle= 15 E= -14191.1440269445  delta_E= -6.95e-06  |g|= 0.00102  |ddm|= 0.00463
  HOMO = -0.0146218778572559  LUMO = 0.259518970975323
cycle= 16 E= -14191.1440365503  delta_E= -9.61e-06  |g|= 0.000826  |ddm|= 0.00778
  HOMO = -0.0146526972757796  LUMO = 0.259522780794485
cycle= 17 E= -14191.1440443734  delta_E= -7.82e-06  |g|= 0.000608  |ddm|= 0.00896
  HOMO = -0.0146644564546614  LUMO = 0.259520460102586
cycle= 18 E= -14191.1440480667  delta_E= -3.69e-06  |g|= 0.000472  |ddm|= 0.00653
  HOMO = -0.0146623768799588  LUMO = 0.259520312302937
cycle= 19 E= -14191.1440491739  delta_E= -1.11e-06  |g|= 0.000431  |ddm|= 0.00249
  HOMO = -0.0146596013951599  LUMO = 0.259520194892427
cycle= 20 E= -14191.1440497776  delta_E= -6.04e-07  |g|= 0.000419  |ddm|= 0.00116
  HOMO = -0.0146614243437768  LUMO = 0.259520397647338
cycle= 21 E= -14191.1440503552  delta_E= -5.78e-07  |g|= 0.000411  |ddm|= 0.00101
  HOMO = -0.0146553709780058  LUMO = 0.259520140540369
cycle= 22 E= -14191.1440510145  delta_E= -6.59e-07  |g|= 0.000406  |ddm|= 0.00114
  HOMO = -0.0146532780870992  LUMO = 0.259520433283944
cycle= 23 E= -14191.1440518726  delta_E= -8.58e-07  |g|= 0.000401  |ddm|= 0.00148
  HOMO = -0.0146558242523307  LUMO = 0.259520398926752
cycle= 24 E= -14191.1440527675  delta_E= -8.95e-07  |g|= 0.000398  |ddm|= 0.00155
  HOMO = -0.0146528960081775  LUMO = 0.259520254842198
cycle= 25 E= -14191.1440537367  delta_E= -9.69e-07  |g|= 0.000396  |ddm|= 0.00168
  HOMO = -0.0146552777920538  LUMO = 0.259520462428519
cycle= 26 E= -14191.1440546258  delta_E= -8.89e-07  |g|= 0.000395  |ddm|= 0.00155
  HOMO = -0.0146554216152254  LUMO = 0.259520352134896
cycle= 27 E= -14191.1440557537  delta_E= -1.13e-06  |g|= 0.000393  |ddm|= 0.00197
  HOMO = -0.0146546692275122  LUMO = 0.25952040485936
cycle= 28 E= -14191.1440569186  delta_E= -1.16e-06  |g|= 0.000392  |ddm|= 0.00204
  HOMO = -0.0146538159965812  LUMO = 0.259520349570156
cycle= 29 E= -14191.1440589069  delta_E= -1.99e-06  |g|= 0.000391  |ddm|= 0.00349
  HOMO = -0.0146547387615484  LUMO = 0.259520533080523
cycle= 30 E= -14191.1440619852  delta_E= -3.08e-06  |g|= 0.000388  |ddm|= 0.00545
  HOMO = -0.0146530037323987  LUMO = 0.259520390363124
cycle= 31 E= -14191.1440648006  delta_E= -2.82e-06  |g|= 0.000387  |ddm|= 0.00502
  HOMO = -0.0146531293033425  LUMO = 0.259520559342074
cycle= 32 E= -14191.1440674381  delta_E= -2.64e-06  |g|= 0.000385  |ddm|= 0.00473
  HOMO = -0.0146541244466039  LUMO = 0.259520596507798
cycle= 33 E= -14191.1440698276  delta_E= -2.39e-06  |g|= 0.000384  |ddm|= 0.0043
  HOMO = -0.0146521998153511  LUMO = 0.259520597671969
cycle= 34 E= -14191.1440716631  delta_E= -1.84e-06  |g|= 0.000383  |ddm|= 0.00331
  HOMO = -0.0146529152850286  LUMO = 0.259520638929494
cycle= 35 E= -14191.144072987  delta_E= -1.32e-06  |g|= 0.000383  |ddm|= 0.00238
  HOMO = -0.0146519940295637  LUMO = 0.259520595702234
cycle= 36 E= -14191.1440745103  delta_E= -1.52e-06  |g|= 0.000382  |ddm|= 0.00274
  HOMO = -0.0146516211177835  LUMO = 0.259520665489081
cycle= 37 E= -14191.1440757518  delta_E= -1.24e-06  |g|= 0.000382  |ddm|= 0.00223
  HOMO = -0.0146516610493978  LUMO = 0.259520623932456
cycle= 38 E= -14191.144076564  delta_E= -8.12e-07  |g|= 0.000382  |ddm|= 0.00146
  HOMO = -0.0146518083790762  LUMO = 0.259520682286193
cycle= 39 E= -14191.1440773538  delta_E= -7.9e-07  |g|= 0.000382  |ddm|= 0.00142
  HOMO = -0.014651691597591  LUMO = 0.259520677108025
cycle= 40 E= -14191.1440776521  delta_E= -2.98e-07  |g|= 0.000382  |ddm|= 0.000535
  HOMO = -0.0146516837627289  LUMO = 0.259520675543695
cycle= 41 E= -14191.1440776558  delta_E= -3.64e-09  |g|= 0.000382  |ddm|= 1.89e-05
  HOMO = -0.0146516356892125  LUMO = 0.259520654783212
cycle= 42 E= -14191.144077801  delta_E= -1.45e-07  |g|= 0.000382  |ddm|= 0.000472
  HOMO = -0.0146514901786116  LUMO = 0.259520694756881
cycle= 43 E= -14191.1440777314  delta_E= 6.96e-08  |g|= 0.000382  |ddm|= 0.000412
  HOMO = -0.0146515504768536  LUMO = 0.259520651833461
cycle= 44 E= -14191.1440777401  delta_E= -8.72e-09  |g|= 0.000381  |ddm|= 0.000454
  HOMO = -0.0146514836625565  LUMO = 0.259520624816071
cycle= 45 E= -14191.1440774547  delta_E= 2.85e-07  |g|= 0.000381  |ddm|= 0.000604
  HOMO = -0.014652288368  LUMO = 0.259520676270914
cycle= 46 E= -14191.1440759277  delta_E= 1.53e-06  |g|= 0.000381  |ddm|= 0.00276
  HOMO = -0.0146529004730221  LUMO = 0.25952051073192
cycle= 47 E= -14191.1440739148  delta_E= 2.01e-06  |g|= 0.00038  |ddm|= 0.00369
  HOMO = -0.0146547692917299  LUMO = 0.259520562302453
cycle= 48 E= -14191.1440694269  delta_E= 4.49e-06  |g|= 0.000379  |ddm|= 0.00813
  HOMO = -0.0146540975106357  LUMO = 0.259520451684145
cycle= 49 E= -14191.1440681098  delta_E= 1.32e-06  |g|= 0.000379  |ddm|= 0.0024
  HOMO = -0.0146555879871264  LUMO = 0.259520411110267
cycle= 50 E= -14191.1440629151  delta_E= 5.19e-06  |g|= 0.000378  |ddm|= 0.00945
  HOMO = -0.0146559003712127  LUMO = 0.259520206439118
cycle= 51 E= -14191.1440553593  delta_E= 7.56e-06  |g|= 0.000377  |ddm|= 0.0138
  HOMO = -0.0146556841541137  LUMO = 0.259520202974812
cycle= 52 E= -14191.1440530782  delta_E= 2.28e-06  |g|= 0.000376  |ddm|= 0.0042
  HOMO = -0.0146568750145504  LUMO = 0.259520090269292
cycle= 53 E= -14191.1440477447  delta_E= 5.33e-06  |g|= 0.000377  |ddm|= 0.00978
  HOMO = -0.0146571301492215  LUMO = 0.259520078946349
cycle= 54 E= -14191.1440473357  delta_E= 4.09e-07  |g|= 0.000376  |ddm|= 0.000758
  HOMO = -0.0146575570992121  LUMO = 0.259520045371373
cycle= 55 E= -14191.1440405937  delta_E= 6.74e-06  |g|= 0.000378  |ddm|= 0.0124
  HOMO = -0.014660418182044  LUMO = 0.259520076869319
cycle= 56 E= -14191.1440351006  delta_E= 5.49e-06  |g|= 0.000373  |ddm|= 0.0102
  HOMO = -0.0146615011912067  LUMO = 0.259519720700953
cycle= 57 E= -14191.1440253857  delta_E= 9.71e-06  |g|= 0.000385  |ddm|= 0.0182
  HOMO = -0.0146613962992313  LUMO = 0.259519727684973
cycle= 58 E= -14191.1440252016  delta_E= 1.84e-07  |g|= 0.000382  |ddm|= 0.000371
  HOMO = -0.0146623594337608  LUMO = 0.259519766927244
cycle= 59 E= -14191.1440227975  delta_E= 2.4e-06  |g|= 0.000368  |ddm|= 0.00498
  HOMO = -0.014665784866623  LUMO = 0.259519046867445
cycle= 60 E= -14191.1439977041  delta_E= 2.51e-05  |g|= 0.000681  |ddm|= 0.0478
  HOMO = -0.0146632717309239  LUMO = 0.259519347912315
cycle= 61 E= -14191.1440152901  delta_E= -1.76e-05  |g|= 0.000379  |ddm|= 0.0333
  HOMO = -0.0146717057809338  LUMO = 0.25951928008062
cycle= 62 E= -14191.1439923754  delta_E= 2.29e-05  |g|= 0.000995  |ddm|= 0.0435
  HOMO = -0.0146621123628972  LUMO = 0.259519927050687
cycle= 63 E= -14191.1440211888  delta_E= -2.88e-05  |g|= 0.000363  |ddm|= 0.0546
  HOMO = -0.0146635595353167  LUMO = 0.259519791557411
cycle= 64 E= -14191.1440166516  delta_E= 4.54e-06  |g|= 0.000376  |ddm|= 0.00875
  HOMO = -0.0146610046506748  LUMO = 0.259519701213395
cycle= 65 E= -14191.144020642  delta_E= -3.99e-06  |g|= 0.000367  |ddm|= 0.00761
  HOMO = -0.0146610350110035  LUMO = 0.259519616218633
cycle= 66 E= -14191.1440199942  delta_E= 6.48e-07  |g|= 0.000369  |ddm|= 0.00129
  HOMO = -0.0146619795396292  LUMO = 0.259519633864709
cycle= 67 E= -14191.1440153084  delta_E= 4.69e-06  |g|= 0.00037  |ddm|= 0.00896
  HOMO = -0.0146620671259397  LUMO = 0.259519632858331
cycle= 68 E= -14191.1440150153  delta_E= 2.93e-07  |g|= 0.00037  |ddm|= 0.000562
  HOMO = -0.0146623244854978  LUMO = 0.259519698339759
cycle= 69 E= -14191.1440162776  delta_E= -1.26e-06  |g|= 0.000368  |ddm|= 0.00243
  HOMO = -0.0146619695124735  LUMO = 0.259519666277311
cycle= 70 E= -14191.1440153664  delta_E= 9.11e-07  |g|= 0.000367  |ddm|= 0.00178
  HOMO = -0.0146637384300967  LUMO = 0.259519472218055
cycle= 71 E= -14191.1440129186  delta_E= 2.45e-06  |g|= 0.00036  |ddm|= 0.00473
  HOMO = -0.0146632893018462  LUMO = 0.259519602313372
cycle= 72 E= -14191.1440114559  delta_E= 1.46e-06  |g|= 0.00036  |ddm|= 0.00285
  HOMO = -0.014663907892759  LUMO = 0.259519521171459
cycle= 73 E= -14191.1440081608  delta_E= 3.3e-06  |g|= 0.000358  |ddm|= 0.00637
  HOMO = -0.0146660839815128  LUMO = 0.259519563823736
cycle= 74 E= -14191.144002824  delta_E= 5.34e-06  |g|= 0.000357  |ddm|= 0.0103
  HOMO = -0.014664907286153  LUMO = 0.259519360003672
cycle= 75 E= -14191.1440004308  delta_E= 2.39e-06  |g|= 0.000355  |ddm|= 0.00469
  HOMO = -0.0146656671116413  LUMO = 0.259519457851994
cycle= 76 E= -14191.1439975394  delta_E= 2.89e-06  |g|= 0.000355  |ddm|= 0.00568
  HOMO = -0.0146656843551079  LUMO = 0.259519394852077
cycle= 77 E= -14191.1439976084  delta_E= -6.9e-08  |g|= 0.000355  |ddm|= 0.000308
  HOMO = -0.0146658385121763  LUMO = 0.259519372521824
cycle= 78 E= -14191.1439985092  delta_E= -9.01e-07  |g|= 0.000353  |ddm|= 0.00195
  HOMO = -0.0146665098316717  LUMO = 0.25951940358296
cycle= 79 E= -14191.1439982701  delta_E= 2.39e-07  |g|= 0.000353  |ddm|= 0.000546
  HOMO = -0.0146657414583472  LUMO = 0.25951945658628
cycle= 80 E= -14191.1439984886  delta_E= -2.18e-07  |g|= 0.000353  |ddm|= 0.000424
  HOMO = -0.0146663617275089  LUMO = 0.25951941911852
cycle= 81 E= -14191.1439984533  delta_E= 3.52e-08  |g|= 0.000353  |ddm|= 0.000145
  HOMO = -0.0146658306937376  LUMO = 0.2595194363354
cycle= 82 E= -14191.1439989436  delta_E= -4.9e-07  |g|= 0.000352  |ddm|= 0.00114
  HOMO = -0.0146653793760411  LUMO = 0.259519449983403
cycle= 83 E= -14191.1439986873  delta_E= 2.56e-07  |g|= 0.000352  |ddm|= 0.000811
  HOMO = -0.0146654429986347  LUMO = 0.25951944490977
cycle= 84 E= -14191.14399769  delta_E= 9.97e-07  |g|= 0.000351  |ddm|= 0.00225
  HOMO = -0.0146646763271062  LUMO = 0.259519355870181
cycle= 85 E= -14191.1439962043  delta_E= 1.49e-06  |g|= 0.00035  |ddm|= 0.00309
  HOMO = -0.0146668397802588  LUMO = 0.259519506643552
cycle= 86 E= -14191.1439942788  delta_E= 1.93e-06  |g|= 0.000349  |ddm|= 0.00422
  HOMO = -0.0146672399123054  LUMO = 0.259519315059883
cycle= 87 E= -14191.143992259  delta_E= 2.02e-06  |g|= 0.000347  |ddm|= 0.00434
  HOMO = -0.0146688022803191  LUMO = 0.259519405489169
cycle= 88 E= -14191.1439906885  delta_E= 1.57e-06  |g|= 0.000346  |ddm|= 0.00339
  HOMO = -0.0146671521133707  LUMO = 0.259519366093434
cycle= 89 E= -14191.1439859834  delta_E= 4.71e-06  |g|= 0.000343  |ddm|= 0.0101
  HOMO = -0.0146699254886035  LUMO = 0.259519198111946
cycle= 90 E= -14191.143984286  delta_E= 1.7e-06  |g|= 0.000342  |ddm|= 0.0039
  HOMO = -0.0146688698192278  LUMO = 0.259519204233748
cycle= 91 E= -14191.1439816776  delta_E= 2.61e-06  |g|= 0.00034  |ddm|= 0.00568
  HOMO = -0.0146685775610676  LUMO = 0.259519213907958
cycle= 92 E= -14191.1439805026  delta_E= 1.18e-06  |g|= 0.000339  |ddm|= 0.00273
  HOMO = -0.0146695476998426  LUMO = 0.259519206323243
cycle= 93 E= -14191.1439783153  delta_E= 2.19e-06  |g|= 0.000338  |ddm|= 0.00501
  HOMO = -0.014669637941408  LUMO = 0.259519149634183
cycle= 94 E= -14191.1439767026  delta_E= 1.61e-06  |g|= 0.000337  |ddm|= 0.00379
  HOMO = -0.0146712660256568  LUMO = 0.259519202468096
cycle= 95 E= -14191.1439743407  delta_E= 2.36e-06  |g|= 0.000336  |ddm|= 0.00562
  HOMO = -0.0146715133049466  LUMO = 0.259519132628726
cycle= 96 E= -14191.1439736927  delta_E= 6.48e-07  |g|= 0.000335  |ddm|= 0.00162
  HOMO = -0.0146716092529081  LUMO = 0.25951916377518
cycle= 97 E= -14191.143972937  delta_E= 7.56e-07  |g|= 0.000335  |ddm|= 0.00209
  HOMO = -0.0146716690691046  LUMO = 0.259519121532537
cycle= 98 E= -14191.1439716987  delta_E= 1.24e-06  |g|= 0.000334  |ddm|= 0.00317
  HOMO = -0.0146708689021171  LUMO = 0.259519116276991
cycle= 99 E= -14191.1439707387  delta_E= 9.6e-07  |g|= 0.000333  |ddm|= 0.00272
  HOMO = -0.0146715409112216  LUMO = 0.259519131900224
cycle= 100 E= -14191.1439706477  delta_E= 9.1e-08  |g|= 0.000333  |ddm|= 0.000942
  HOMO = -0.0146702696795643  LUMO = 0.259519116266625
cycle= 101 E= -14191.143970065  delta_E= 5.83e-07  |g|= 0.000333  |ddm|= 0.00194
  HOMO = -0.0146706783368606  LUMO = 0.259519136009702
cycle= 102 E= -14191.1439699683  delta_E= 9.66e-08  |g|= 0.000332  |ddm|= 0.000829
  HOMO = -0.0146707233043804  LUMO = 0.259519118372693
cycle= 103 E= -14191.1439699565  delta_E= 1.19e-08  |g|= 0.000332  |ddm|= 0.000707
  HOMO = -0.0146709460697018  LUMO = 0.259519186701006
cycle= 104 E= -14191.1439705144  delta_E= -5.58e-07  |g|= 0.000332  |ddm|= 0.00155
  HOMO = -0.0146709954735953  LUMO = 0.25951911098708
cycle= 105 E= -14191.143970421  delta_E= 9.34e-08  |g|= 0.000332  |ddm|= 0.00128
  HOMO = -0.0146707642427662  LUMO = 0.259519192453318
cycle= 106 E= -14191.1439713348  delta_E= -9.14e-07  |g|= 0.000332  |ddm|= 0.00205
  HOMO = -0.0146708228860764  LUMO = 0.259519186314612
cycle= 107 E= -14191.1439713297  delta_E= 5.03e-09  |g|= 0.000332  |ddm|= 0.000566
  HOMO = -0.0146707345937872  LUMO = 0.259519188309646
cycle= 108 E= -14191.1439714169  delta_E= -8.72e-08  |g|= 0.000332  |ddm|= 0.000604
  HOMO = -0.0146708844544738  LUMO = 0.259519199237128
cycle= 109 E= -14191.1439715429  delta_E= -1.26e-07  |g|= 0.000332  |ddm|= 0.00111
  HOMO = -0.0146708614894046  LUMO = 0.259519195396819
cycle= 110 E= -14191.1439716319  delta_E= -8.89e-08  |g|= 0.000332  |ddm|= 0.000698
  HOMO = -0.0146709418749805  LUMO = 0.259519203874044
cycle= 111 E= -14191.1439716938  delta_E= -6.2e-08  |g|= 0.000332  |ddm|= 0.000265
  HOMO = -0.0146709505672487  LUMO = 0.259519203996154
cycle= 112 E= -14191.1439716516  delta_E= 4.22e-08  |g|= 0.000332  |ddm|= 9.12e-05
  HOMO = -0.0146710599154148  LUMO = 0.259519168426237
cycle= 113 E= -14191.1439710921  delta_E= 5.59e-07  |g|= 0.000332  |ddm|= 0.00145
  HOMO = -0.0146710513545218  LUMO = 0.259519173379323
cycle= 114 E= -14191.1439709456  delta_E= 1.46e-07  |g|= 0.000332  |ddm|= 0.000456
  HOMO = -0.0146710730172577  LUMO = 0.259519172283746
cycle= 115 E= -14191.1439709237  delta_E= 2.19e-08  |g|= 0.000332  |ddm|= 0.000287
  HOMO = -0.0146712945050784  LUMO = 0.259519187343824
cycle= 116 E= -14191.143971062  delta_E= -1.38e-07  |g|= 0.000332  |ddm|= 0.00207
  HOMO = -0.0146712455509511  LUMO = 0.259519176396256
cycle= 117 E= -14191.143970841  delta_E= 2.21e-07  |g|= 0.000332  |ddm|= 0.0021
  HOMO = -0.0146713360756505  LUMO = 0.259519193989707
cycle= 118 E= -14191.1439703745  delta_E= 4.66e-07  |g|= 0.000332  |ddm|= 0.0011
  HOMO = -0.0146714346986377  LUMO = 0.259519175984069
cycle= 119 E= -14191.1439703657  delta_E= 8.77e-09  |g|= 0.000332  |ddm|= 0.000339
  HOMO = -0.0146713782680202  LUMO = 0.259519181577758
cycle= 120 E= -14191.1439702923  delta_E= 7.34e-08  |g|= 0.000332  |ddm|= 0.000186
  HOMO = -0.0146713189756746  LUMO = 0.259519173490045
cycle= 121 E= -14191.1439701882  delta_E= 1.04e-07  |g|= 0.000332  |ddm|= 0.000223
  HOMO = -0.0146712498815761  LUMO = 0.25951918721513
cycle= 122 E= -14191.1439702277  delta_E= -3.95e-08  |g|= 0.000332  |ddm|= 0.000142
  HOMO = -0.0146712374375758  LUMO = 0.259519179731246
cycle= 123 E= -14191.1439702495  delta_E= -2.18e-08  |g|= 0.000332  |ddm|= 0.000186
  HOMO = -0.0146711601969617  LUMO = 0.259519190745836
cycle= 124 E= -14191.1439704137  delta_E= -1.64e-07  |g|= 0.000332  |ddm|= 0.000875
  HOMO = -0.0146710011344958  LUMO = 0.259519186705679
cycle= 125 E= -14191.1439703506  delta_E= 6.3e-08  |g|= 0.000332  |ddm|= 0.00121
  HOMO = -0.0146709777795734  LUMO = 0.259519187819442
cycle= 126 E= -14191.1439703481  delta_E= 2.5e-09  |g|= 0.000332  |ddm|= 0.000672
  HOMO = -0.0146710214027137  LUMO = 0.259519191001426
cycle= 127 E= -14191.1439702533  delta_E= 9.48e-08  |g|= 0.000332  |ddm|= 0.000463
  HOMO = -0.014671017680074  LUMO = 0.259519186701709
cycle= 128 E= -14191.1439702307  delta_E= 2.26e-08  |g|= 0.000332  |ddm|= 8.58e-05
  HOMO = -0.0146710219924004  LUMO = 0.259519186099981
cycle= 129 E= -14191.1439702568  delta_E= -2.61e-08  |g|= 0.000332  |ddm|= 0.000144
  HOMO = -0.0146710015266244  LUMO = 0.259519194766879
cycle= 130 E= -14191.1439703712  delta_E= -1.14e-07  |g|= 0.000332  |ddm|= 0.000725
  HOMO = -0.0146710180885609  LUMO = 0.259519188242057
cycle= 131 E= -14191.1439703313  delta_E= 3.99e-08  |g|= 0.000332  |ddm|= 8.29e-05
  HOMO = -0.0146709899717395  LUMO = 0.259519197763422
cycle= 132 E= -14191.1439703609  delta_E= -2.96e-08  |g|= 0.000332  |ddm|= 0.000231
  HOMO = -0.014670955287664  LUMO = 0.259519180470373
cycle= 133 E= -14191.1439702275  delta_E= 1.33e-07  |g|= 0.000332  |ddm|= 0.000392
  HOMO = -0.0146708285303945  LUMO = 0.259519188613375
cycle= 134 E= -14191.1439703051  delta_E= -7.76e-08  |g|= 0.000332  |ddm|= 0.000167
  HOMO = -0.0146708978678573  LUMO = 0.259519201418873
cycle= 135 E= -14191.1439705404  delta_E= -2.35e-07  |g|= 0.000332  |ddm|= 0.000932
  HOMO = -0.0146708447139847  LUMO = 0.25951919736674
cycle= 136 E= -14191.143970786  delta_E= -2.46e-07  |g|= 0.000331  |ddm|= 0.000675
  HOMO = -0.014670830847724  LUMO = 0.259519201645629
cycle= 137 E= -14191.1439709296  delta_E= -1.44e-07  |g|= 0.000331  |ddm|= 0.000652
  HOMO = -0.0146708403025975  LUMO = 0.259519200336009
cycle= 138 E= -14191.1439709462  delta_E= -1.67e-08  |g|= 0.000331  |ddm|= 5.33e-05
  HOMO = -0.0146709157025072  LUMO = 0.259519196914743
cycle= 139 E= -14191.1439708943  delta_E= 5.19e-08  |g|= 0.000331  |ddm|= 0.000111
  HOMO = -0.0146708739398144  LUMO = 0.259519197371954
cycle= 140 E= -14191.1439707022  delta_E= 1.92e-07  |g|= 0.000331  |ddm|= 0.000556
  HOMO = -0.0146709000853029  LUMO = 0.259519158464201
cycle= 141 E= -14191.14397037  delta_E= 3.32e-07  |g|= 0.000331  |ddm|= 0.00131
  HOMO = -0.0146709521106951  LUMO = 0.259519197294856
cycle= 142 E= -14191.1439703841  delta_E= -1.41e-08  |g|= 0.000331  |ddm|= 6.98e-05
  HOMO = -0.0146710111532659  LUMO = 0.259519176276959
cycle= 143 E= -14191.1439701143  delta_E= 2.7e-07  |g|= 0.000331  |ddm|= 0.00122
  HOMO = -0.0146709944510948  LUMO = 0.259519173287304
cycle= 144 E= -14191.1439700604  delta_E= 5.39e-08  |g|= 0.000331  |ddm|= 0.000113
  HOMO = -0.0146709419279263  LUMO = 0.259519167223574
cycle= 145 E= -14191.1439703086  delta_E= -2.48e-07  |g|= 0.000331  |ddm|= 0.000714
  HOMO = -0.0146709510302755  LUMO = 0.259519163972291
cycle= 146 E= -14191.1439702424  delta_E= 6.62e-08  |g|= 0.000331  |ddm|= 0.000305
  HOMO = -0.0146708580439013  LUMO = 0.259519184468514
cycle= 147 E= -14191.1439701508  delta_E= 9.15e-08  |g|= 0.000331  |ddm|= 0.00115
  HOMO = -0.0146709567018641  LUMO = 0.259519184734502
cycle= 148 E= -14191.1439701696  delta_E= -1.88e-08  |g|= 0.000331  |ddm|= 0.00026
  HOMO = -0.0146710138107203  LUMO = 0.259519184864175
cycle= 149 E= -14191.1439702666  delta_E= -9.7e-08  |g|= 0.000331  |ddm|= 0.000274
  HOMO = -0.0146710425086113  LUMO = 0.259519172528368
cycle= 150 E= -14191.1439702064  delta_E= 6.02e-08  |g|= 0.000331  |ddm|= 0.000379
  HOMO = -0.0146709734601093  LUMO = 0.259519164153427
cycle= 151 E= -14191.1439702689  delta_E= -6.24e-08  |g|= 0.000331  |ddm|= 0.000386
  HOMO = -0.0146709265823232  LUMO = 0.259519175788658
cycle= 152 E= -14191.1439703523  delta_E= -8.35e-08  |g|= 0.000331  |ddm|= 0.000608
  HOMO = -0.0146709832862486  LUMO = 0.259519184365037
cycle= 153 E= -14191.1439705401  delta_E= -1.88e-07  |g|= 0.000331  |ddm|= 0.000395
  HOMO = -0.0146710649185869  LUMO = 0.25951918777875
cycle= 154 E= -14191.1439701532  delta_E= 3.87e-07  |g|= 0.000331  |ddm|= 0.000824
  HOMO = -0.0146710516190988  LUMO = 0.25951916765199
cycle= 155 E= -14191.1439697203  delta_E= 4.33e-07  |g|= 0.000331  |ddm|= 0.00129
  HOMO = -0.0146710349721603  LUMO = 0.2595191862486
cycle= 156 E= -14191.1439697601  delta_E= -3.97e-08  |g|= 0.000331  |ddm|= 0.00112
  HOMO = -0.0146710992176832  LUMO = 0.259519188979105
cycle= 157 E= -14191.1439699067  delta_E= -1.47e-07  |g|= 0.000331  |ddm|= 0.00131
  HOMO = -0.014671088023859  LUMO = 0.259519185194215
cycle= 158 E= -14191.1439698673  delta_E= 3.94e-08  |g|= 0.000331  |ddm|= 0.000272
  HOMO = -0.0146711329351719  LUMO = 0.259519188613069
cycle= 159 E= -14191.1439699207  delta_E= -5.34e-08  |g|= 0.000331  |ddm|= 0.000226
  HOMO = -0.0146710199061576  LUMO = 0.259519195769496
cycle= 160 E= -14191.1439700945  delta_E= -1.74e-07  |g|= 0.000331  |ddm|= 0.00077
  HOMO = -0.0146710604394402  LUMO = 0.259519193404302
cycle= 161 E= -14191.1439701089  delta_E= -1.44e-08  |g|= 0.000331  |ddm|= 3.2e-05
  HOMO = -0.0146710786541016  LUMO = 0.259519196490434
cycle= 162 E= -14191.1439702007  delta_E= -9.18e-08  |g|= 0.000331  |ddm|= 0.000193
  HOMO = -0.0146711354974133  LUMO = 0.259519196962734
cycle= 163 E= -14191.1439699029  delta_E= 2.98e-07  |g|= 0.000331  |ddm|= 0.000616
  HOMO = -0.0146711348861377  LUMO = 0.259519179481695
cycle= 164 E= -14191.1439695206  delta_E= 3.82e-07  |g|= 0.000331  |ddm|= 0.00095
  HOMO = -0.0146711612570655  LUMO = 0.259519231720515
cycle= 165 E= -14191.1439695823  delta_E= -6.17e-08  |g|= 0.000331  |ddm|= 0.00336
  HOMO = -0.0146713374850169  LUMO = 0.259519230919196
cycle= 166 E= -14191.1439698092  delta_E= -2.27e-07  |g|= 0.000331  |ddm|= 0.00453
  HOMO = -0.0146713165499536  LUMO = 0.259519231306331
cycle= 167 E= -14191.1439698479  delta_E= -3.86e-08  |g|= 0.000331  |ddm|= 0.000311
  HOMO = -0.0146714619072885  LUMO = 0.2595192479136
cycle= 168 E= -14191.1439698911  delta_E= -4.32e-08  |g|= 0.000331  |ddm|= 0.000981
  HOMO = -0.014671248080138  LUMO = 0.259519238137827
cycle= 169 E= -14191.1439697201  delta_E= 1.71e-07  |g|= 0.000331  |ddm|= 0.000628
  HOMO = -0.0146716380516653  LUMO = 0.259519232054039
cycle= 170 E= -14191.1439695365  delta_E= 1.84e-07  |g|= 0.000331  |ddm|= 0.000419
  HOMO = -0.0146713139734035  LUMO = 0.259519229317727
cycle= 171 E= -14191.1439689993  delta_E= 5.37e-07  |g|= 0.000331  |ddm|= 0.00142
  HOMO = -0.0146714911526038  LUMO = 0.259519227193093
cycle= 172 E= -14191.1439686873  delta_E= 3.12e-07  |g|= 0.000331  |ddm|= 0.000667
  HOMO = -0.0146715726065113  LUMO = 0.259519202825838
cycle= 173 E= -14191.1439684597  delta_E= 2.28e-07  |g|= 0.000331  |ddm|= 0.00054
  HOMO = -0.0146718457213125  LUMO = 0.259519232173388
cycle= 174 E= -14191.1439683395  delta_E= 1.2e-07  |g|= 0.000331  |ddm|= 0.000359
  HOMO = -0.0146718835546669  LUMO = 0.259519228317263
cycle= 175 E= -14191.1439683475  delta_E= -7.98e-09  |g|= 0.000331  |ddm|= 0.000164
  HOMO = -0.01467193241889  LUMO = 0.259519228819415
cycle= 176 E= -14191.1439684233  delta_E= -7.57e-08  |g|= 0.000331  |ddm|= 0.000215
  HOMO = -0.0146718944936322  LUMO = 0.259519238470555
cycle= 177 E= -14191.1439685395  delta_E= -1.16e-07  |g|= 0.000331  |ddm|= 0.000462
  HOMO = -0.0146718034470218  LUMO = 0.259519235280788
cycle= 178 E= -14191.1439686139  delta_E= -7.45e-08  |g|= 0.000331  |ddm|= 0.000475
  HOMO = -0.0146717984376369  LUMO = 0.259519244023903
cycle= 179 E= -14191.1439688197  delta_E= -2.06e-07  |g|= 0.000331  |ddm|= 0.000464
  HOMO = -0.0146717037236826  LUMO = 0.259519240549766
cycle= 180 E= -14191.1439681045  delta_E= 7.15e-07  |g|= 0.000331  |ddm|= 0.00178
  HOMO = -0.0146718366163378  LUMO = 0.259519222686434
cycle= 181 E= -14191.1439678252  delta_E= 2.79e-07  |g|= 0.000331  |ddm|= 0.000641
  HOMO = -0.0146718098365836  LUMO = 0.259519219277914
cycle= 182 E= -14191.1439676156  delta_E= 2.1e-07  |g|= 0.000331  |ddm|= 0.000459
  HOMO = -0.0146720270638684  LUMO = 0.259519227100399
cycle= 183 E= -14191.1439673808  delta_E= 2.35e-07  |g|= 0.000331  |ddm|= 0.000819
  HOMO = -0.014672110070548  LUMO = 0.259519208318242
cycle= 184 E= -14191.1439671991  delta_E= 1.82e-07  |g|= 0.000331  |ddm|= 0.00046
  HOMO = -0.0146721390464789  LUMO = 0.259519218267359
cycle= 185 E= -14191.1439671151  delta_E= 8.4e-08  |g|= 0.000331  |ddm|= 0.000434
  HOMO = -0.0146721579084575  LUMO = 0.259519187872787
cycle= 186 E= -14191.1439667395  delta_E= 3.76e-07  |g|= 0.000331  |ddm|= 0.00204
  HOMO = -0.0146722825078738  LUMO = 0.259519189296344
cycle= 187 E= -14191.1439662194  delta_E= 5.2e-07  |g|= 0.00033  |ddm|= 0.00301
  HOMO = -0.0146720019122932  LUMO = 0.259519128423919
cycle= 188 E= -14191.1439655388  delta_E= 6.81e-07  |g|= 0.00033  |ddm|= 0.00342
  HOMO = -0.0146719876007877  LUMO = 0.259519117186268
cycle= 189 E= -14191.1439648793  delta_E= 6.59e-07  |g|= 0.00033  |ddm|= 0.0029
  HOMO = -0.0146718040157104  LUMO = 0.259519119072504
cycle= 190 E= -14191.1439647194  delta_E= 1.6e-07  |g|= 0.00033  |ddm|= 0.00133
  HOMO = -0.0146720884499331  LUMO = 0.259519094453688
cycle= 191 E= -14191.1439644583  delta_E= 2.61e-07  |g|= 0.00033  |ddm|= 0.00198
  HOMO = -0.0146719078924307  LUMO = 0.259519125192184
cycle= 192 E= -14191.1439649049  delta_E= -4.47e-07  |g|= 0.00033  |ddm|= 0.00303
  HOMO = -0.0146719569390854  LUMO = 0.259519104528092
cycle= 193 E= -14191.1439650454  delta_E= -1.41e-07  |g|= 0.00033  |ddm|= 0.000469
  HOMO = -0.0146718479314478  LUMO = 0.25951909699214
cycle= 194 E= -14191.1439652794  delta_E= -2.34e-07  |g|= 0.00033  |ddm|= 0.00107
  HOMO = -0.0146718552601568  LUMO = 0.259519095436316
cycle= 195 E= -14191.14396521  delta_E= 6.93e-08  |g|= 0.00033  |ddm|= 0.000269
  HOMO = -0.0146718805856833  LUMO = 0.259519081858765
cycle= 196 E= -14191.143965092  delta_E= 1.18e-07  |g|= 0.00033  |ddm|= 0.000477
  HOMO = -0.014671950384542  LUMO = 0.259519081800463
cycle= 197 E= -14191.1439648975  delta_E= 1.95e-07  |g|= 0.00033  |ddm|= 0.000673
  HOMO = -0.0146720505954757  LUMO = 0.259519087955704
cycle= 198 E= -14191.1439649784  delta_E= -8.09e-08  |g|= 0.00033  |ddm|= 0.0005
  HOMO = -0.0146720508687419  LUMO = 0.259519087222236
cycle= 199 E= -14191.143964955  delta_E= 2.34e-08  |g|= 0.00033  |ddm|= 0.00039
  HOMO = -0.0146719521593952  LUMO = 0.259519087983406
cycle= 200 E= -14191.1439648459  delta_E= 1.09e-07  |g|= 0.00033  |ddm|= 0.00031
  HOMO = -0.0146719029841763  LUMO = 0.259519100032391
cycle= 201 E= -14191.1439651968  delta_E= -3.51e-07  |g|= 0.00033  |ddm|= 0.000788
  HOMO = -0.0146718756453121  LUMO = 0.259519097223119
cycle= 202 E= -14191.1439651393  delta_E= 5.75e-08  |g|= 0.00033  |ddm|= 0.000358
  HOMO = -0.0146717850872954  LUMO = 0.259519098305397
cycle= 203 E= -14191.1439650977  delta_E= 4.16e-08  |g|= 0.00033  |ddm|= 0.00028
  HOMO = -0.0146718684689599  LUMO = 0.259519071896762
cycle= 204 E= -14191.1439645139  delta_E= 5.84e-07  |g|= 0.00033  |ddm|= 0.00203
  HOMO = -0.0146718800087806  LUMO = 0.259519081047418
cycle= 205 E= -14191.1439643865  delta_E= 1.27e-07  |g|= 0.00033  |ddm|= 0.000268
  HOMO = -0.0146717263132547  LUMO = 0.259519048953551
cycle= 206 E= -14191.1439638984  delta_E= 4.88e-07  |g|= 0.00033  |ddm|= 0.00132
  HOMO = -0.014672509176666  LUMO = 0.259519078062988
cycle= 207 E= -14191.1439629704  delta_E= 9.28e-07  |g|= 0.000329  |ddm|= 0.00328
  HOMO = -0.0146727190418311  LUMO = 0.259518985312264
cycle= 208 E= -14191.1439612368  delta_E= 1.73e-06  |g|= 0.000329  |ddm|= 0.0037
  HOMO = -0.0146730243642969  LUMO = 0.259519012187036
cycle= 209 E= -14191.1439599295  delta_E= 1.31e-06  |g|= 0.000329  |ddm|= 0.00279
  HOMO = -0.0146728276247118  LUMO = 0.259518986478052
cycle= 210 E= -14191.1439585201  delta_E= 1.41e-06  |g|= 0.000328  |ddm|= 0.00353
  HOMO = -0.0146732061025821  LUMO = 0.259518894637252
cycle= 211 E= -14191.1439560694  delta_E= 2.45e-06  |g|= 0.000328  |ddm|= 0.00742
  HOMO = -0.0146723710679154  LUMO = 0.259518810156366
cycle= 212 E= -14191.1439534606  delta_E= 2.61e-06  |g|= 0.000327  |ddm|= 0.00823
  HOMO = -0.0146733465432016  LUMO = 0.25951867155006
cycle= 213 E= -14191.1439503821  delta_E= 3.08e-06  |g|= 0.000326  |ddm|= 0.00963
  HOMO = -0.0146728426744035  LUMO = 0.259518646858321
cycle= 214 E= -14191.1439473941  delta_E= 2.99e-06  |g|= 0.000324  |ddm|= 0.00925
  HOMO = -0.0146739767632013  LUMO = 0.259518407521493
cycle= 215 E= -14191.143942075  delta_E= 5.32e-06  |g|= 0.000323  |ddm|= 0.0138
  HOMO = -0.0146756153082384  LUMO = 0.259518388576997
cycle= 216 E= -14191.1439375888  delta_E= 4.49e-06  |g|= 0.000321  |ddm|= 0.0102
  HOMO = -0.0146757994106426  LUMO = 0.25951840427674
cycle= 217 E= -14191.1439350961  delta_E= 2.49e-06  |g|= 0.000321  |ddm|= 0.0066
  HOMO = -0.0146759515346002  LUMO = 0.25951823265939
cycle= 218 E= -14191.1439330939  delta_E= 2e-06  |g|= 0.00032  |ddm|= 0.0048
  HOMO = -0.0146765690566166  LUMO = 0.259518279287061
cycle= 219 E= -14191.1439273067  delta_E= 5.79e-06  |g|= 0.00032  |ddm|= 0.0151
  HOMO = -0.0146768691054769  LUMO = 0.259518068658088
cycle= 220 E= -14191.1439214446  delta_E= 5.86e-06  |g|= 0.000322  |ddm|= 0.0161
  HOMO = -0.014675743023681  LUMO = 0.25951799164788
cycle= 221 E= -14191.1439189177  delta_E= 2.53e-06  |g|= 0.000318  |ddm|= 0.00717
  HOMO = -0.0146771207012222  LUMO = 0.25951794382704
cycle= 222 E= -14191.1439172128  delta_E= 1.7e-06  |g|= 0.000311  |ddm|= 0.00419
  HOMO = -0.0146769278369932  LUMO = 0.259517873157007
cycle= 223 E= -14191.1439148717  delta_E= 2.34e-06  |g|= 0.000312  |ddm|= 0.00865
  HOMO = -0.0146784122052056  LUMO = 0.259517819564181
cycle= 224 E= -14191.1439107728  delta_E= 4.1e-06  |g|= 0.000322  |ddm|= 0.0116
  HOMO = -0.0146775409484606  LUMO = 0.259517885302371
cycle= 225 E= -14191.1439123335  delta_E= -1.56e-06  |g|= 0.000305  |ddm|= 0.00493
  HOMO = -0.0146795487210756  LUMO = 0.259517700822028
cycle= 226 E= -14191.1439121411  delta_E= 1.92e-07  |g|= 0.000306  |ddm|= 0.00319
  HOMO = -0.0146787932712858  LUMO = 0.259517965891975
cycle= 227 E= -14191.1439144816  delta_E= -2.34e-06  |g|= 0.000301  |ddm|= 0.00536
  HOMO = -0.0146781256254297  LUMO = 0.259517801950557
cycle= 228 E= -14191.1439158793  delta_E= -1.4e-06  |g|= 0.000299  |ddm|= 0.00326
  HOMO = -0.0146779020446528  LUMO = 0.25951789491891
cycle= 229 E= -14191.1439169016  delta_E= -1.02e-06  |g|= 0.000298  |ddm|= 0.00236
  HOMO = -0.0146775862733508  LUMO = 0.259517891247195
cycle= 230 E= -14191.1439175691  delta_E= -6.67e-07  |g|= 0.000298  |ddm|= 0.00164
  HOMO = -0.0146766479467196  LUMO = 0.259517899117346
cycle= 231 E= -14191.1439182275  delta_E= -6.58e-07  |g|= 0.000298  |ddm|= 0.00151
  HOMO = -0.0146771485473041  LUMO = 0.259517911827822
cycle= 232 E= -14191.1439179823  delta_E= 2.45e-07  |g|= 0.000297  |ddm|= 0.00208
  HOMO = -0.0146772505576137  LUMO = 0.259517860186846
cycle= 233 E= -14191.1439178016  delta_E= 1.81e-07  |g|= 0.000297  |ddm|= 0.00134
  HOMO = -0.0146772118471475  LUMO = 0.259517874483781
cycle= 234 E= -14191.1439176521  delta_E= 1.5e-07  |g|= 0.000297  |ddm|= 0.000757
  HOMO = -0.0146771663977427  LUMO = 0.259517878683815
cycle= 235 E= -14191.1439177014  delta_E= -4.94e-08  |g|= 0.000297  |ddm|= 0.000378
  HOMO = -0.0146771104550417  LUMO = 0.259517860689311
cycle= 236 E= -14191.1439176056  delta_E= 9.58e-08  |g|= 0.000297  |ddm|= 0.000314
  HOMO = -0.014676923543584  LUMO = 0.259517867393977
cycle= 237 E= -14191.1439177901  delta_E= -1.84e-07  |g|= 0.000297  |ddm|= 0.000487
  HOMO = -0.0146769049107174  LUMO = 0.259517874628986
cycle= 238 E= -14191.1439178918  delta_E= -1.02e-07  |g|= 0.000297  |ddm|= 0.000262
  HOMO = -0.0146769508181581  LUMO = 0.259517881062217
cycle= 239 E= -14191.1439179112  delta_E= -1.94e-08  |g|= 0.000297  |ddm|= 8.93e-05
  HOMO = -0.0146770712165043  LUMO = 0.259517874817671
cycle= 240 E= -14191.1439179567  delta_E= -4.55e-08  |g|= 0.000297  |ddm|= 0.000286
  HOMO = -0.0146771075825398  LUMO = 0.259517876674621
cycle= 241 E= -14191.1439179414  delta_E= 1.53e-08  |g|= 0.000297  |ddm|= 0.000195
  HOMO = -0.014677114098769  LUMO = 0.259517874989781
cycle= 242 E= -14191.1439178013  delta_E= 1.4e-07  |g|= 0.000297  |ddm|= 0.000597
  HOMO = -0.0146771186482809  LUMO = 0.259517871771848
cycle= 243 E= -14191.1439177144  delta_E= 8.7e-08  |g|= 0.000297  |ddm|= 0.000421
  HOMO = -0.0146771215884277  LUMO = 0.259517867164273
cycle= 244 E= -14191.1439176731  delta_E= 4.13e-08  |g|= 0.000297  |ddm|= 0.000262
  HOMO = -0.0146770713048168  LUMO = 0.259517860274951
cycle= 245 E= -14191.1439176603  delta_E= 1.28e-08  |g|= 0.000297  |ddm|= 0.000572
  HOMO = -0.0146769761717616  LUMO = 0.259517861648906
cycle= 246 E= -14191.1439177928  delta_E= -1.33e-07  |g|= 0.000297  |ddm|= 0.000458
  HOMO = -0.0146770032147142  LUMO = 0.259517865683737
cycle= 247 E= -14191.1439176983  delta_E= 9.45e-08  |g|= 0.000297  |ddm|= 0.000237
  HOMO = -0.0146769790244527  LUMO = 0.259517851820292
cycle= 248 E= -14191.1439173699  delta_E= 3.28e-07  |g|= 0.000297  |ddm|= 0.000879
  HOMO = -0.0146772608099897  LUMO = 0.259517841753561
cycle= 249 E= -14191.1439170562  delta_E= 3.14e-07  |g|= 0.000297  |ddm|= 0.000729
  HOMO = -0.0146770928586308  LUMO = 0.25951783596256
cycle= 250 E= -14191.1439166608  delta_E= 3.95e-07  |g|= 0.000297  |ddm|= 0.0013
  HOMO = -0.0146771123328363  LUMO = 0.25951783130832
cycle= 251 E= -14191.1439165714  delta_E= 8.94e-08  |g|= 0.000297  |ddm|= 0.000497
  HOMO = -0.0146771306941862  LUMO = 0.259517821185993
cycle= 252 E= -14191.1439164078  delta_E= 1.64e-07  |g|= 0.000297  |ddm|= 0.000491
  HOMO = -0.014677174835722  LUMO = 0.259517821549918
cycle= 253 E= -14191.1439159353  delta_E= 4.72e-07  |g|= 0.000296  |ddm|= 0.00133
  HOMO = -0.0146771571028539  LUMO = 0.259517805358993
cycle= 254 E= -14191.1439155681  delta_E= 3.67e-07  |g|= 0.000296  |ddm|= 0.000988
  HOMO = -0.0146776457787635  LUMO = 0.259517769391309
cycle= 255 E= -14191.1439140637  delta_E= 1.5e-06  |g|= 0.000296  |ddm|= 0.00379
  HOMO = -0.0146774274631282  LUMO = 0.259517760676645
cycle= 256 E= -14191.1439125724  delta_E= 1.49e-06  |g|= 0.000295  |ddm|= 0.00467
  HOMO = -0.0146774219757285  LUMO = 0.259517655930256
cycle= 257 E= -14191.143910375  delta_E= 2.2e-06  |g|= 0.000295  |ddm|= 0.00713
  HOMO = -0.0146782232906507  LUMO = 0.259517603963193
cycle= 258 E= -14191.1439086209  delta_E= 1.75e-06  |g|= 0.000295  |ddm|= 0.00728
  HOMO = -0.0146777609165027  LUMO = 0.259517588906594
cycle= 259 E= -14191.1439081565  delta_E= 4.64e-07  |g|= 0.000294  |ddm|= 0.00357
  HOMO = -0.014677884531369  LUMO = 0.259517412482934
cycle= 260 E= -14191.143904625  delta_E= 3.53e-06  |g|= 0.000298  |ddm|= 0.0173
  HOMO = -0.0146782302187459  LUMO = 0.259517407482568
cycle= 261 E= -14191.1439047811  delta_E= -1.56e-07  |g|= 0.000294  |ddm|= 0.00359
  HOMO = -0.0146779855727336  LUMO = 0.259517403240532
cycle= 262 E= -14191.1439044732  delta_E= 3.08e-07  |g|= 0.000294  |ddm|= 0.00272
  HOMO = -0.0146778785967212  LUMO = 0.259517404992302
cycle= 263 E= -14191.1439047433  delta_E= -2.7e-07  |g|= 0.000292  |ddm|= 0.000934
  HOMO = -0.0146773271385887  LUMO = 0.259517447070307
cycle= 264 E= -14191.1439050955  delta_E= -3.52e-07  |g|= 0.000291  |ddm|= 0.00191
  HOMO = -0.014677071734459  LUMO = 0.259517421344658
cycle= 265 E= -14191.1439066126  delta_E= -1.52e-06  |g|= 0.000292  |ddm|= 0.0036
  HOMO = -0.0146773202653601  LUMO = 0.259517429667296
cycle= 266 E= -14191.1439061327  delta_E= 4.8e-07  |g|= 0.00029  |ddm|= 0.00287
  HOMO = -0.0146775125002162  LUMO = 0.259517417345275
cycle= 267 E= -14191.1439067393  delta_E= -6.07e-07  |g|= 0.00029  |ddm|= 0.00143
  HOMO = -0.0146770480876104  LUMO = 0.259517406960728
cycle= 268 E= -14191.1439069232  delta_E= -1.84e-07  |g|= 0.00029  |ddm|= 0.00189
  HOMO = -0.0146770800308796  LUMO = 0.259517420047401
cycle= 269 E= -14191.1439071477  delta_E= -2.25e-07  |g|= 0.00029  |ddm|= 0.000699
  HOMO = -0.0146772171095613  LUMO = 0.259517419823652
cycle= 270 E= -14191.1439068748  delta_E= 2.73e-07  |g|= 0.00029  |ddm|= 0.000851
  HOMO = -0.0146773803424029  LUMO = 0.259517414959552
cycle= 271 E= -14191.1439068431  delta_E= 3.17e-08  |g|= 0.00029  |ddm|= 0.000473
  HOMO = -0.0146773097154052  LUMO = 0.259517418534029
cycle= 272 E= -14191.1439067881  delta_E= 5.5e-08  |g|= 0.00029  |ddm|= 0.000504
  HOMO = -0.0146776823933521  LUMO = 0.259517415423406
cycle= 273 E= -14191.143906596  delta_E= 1.92e-07  |g|= 0.00029  |ddm|= 0.000935
  HOMO = -0.0146776087600181  LUMO = 0.259517412017307
cycle= 274 E= -14191.143906457  delta_E= 1.39e-07  |g|= 0.00029  |ddm|= 0.00102
  HOMO = -0.0146773550958673  LUMO = 0.259517413389856
cycle= 275 E= -14191.1439061163  delta_E= 3.41e-07  |g|= 0.00029  |ddm|= 0.000825
  HOMO = -0.0146773507353372  LUMO = 0.25951737092462
cycle= 276 E= -14191.1439052354  delta_E= 8.81e-07  |g|= 0.00029  |ddm|= 0.0026
  HOMO = -0.0146773428213683  LUMO = 0.259517391875972
cycle= 277 E= -14191.1439047546  delta_E= 4.81e-07  |g|= 0.000289  |ddm|= 0.00167
  HOMO = -0.0146772313181656  LUMO = 0.259517319443629
cycle= 278 E= -14191.1439038774  delta_E= 8.77e-07  |g|= 0.000289  |ddm|= 0.003
  HOMO = -0.0146778373604293  LUMO = 0.259517335359322
cycle= 279 E= -14191.1439025092  delta_E= 1.37e-06  |g|= 0.000289  |ddm|= 0.00492
  HOMO = -0.0146776893904757  LUMO = 0.259517231617948
cycle= 280 E= -14191.1439009154  delta_E= 1.59e-06  |g|= 0.000289  |ddm|= 0.00535
  HOMO = -0.01467785011879  LUMO = 0.25951719520397
cycle= 281 E= -14191.1438985571  delta_E= 2.36e-06  |g|= 0.000288  |ddm|= 0.00692
  HOMO = -0.0146785698111441  LUMO = 0.259517177802836
cycle= 282 E= -14191.1438973386  delta_E= 1.22e-06  |g|= 0.000288  |ddm|= 0.00424
  HOMO = -0.0146784352301959  LUMO = 0.259517150186215
cycle= 283 E= -14191.1438969625  delta_E= 3.76e-07  |g|= 0.000288  |ddm|= 0.00101
  HOMO = -0.0146780381592293  LUMO = 0.259517145896682
cycle= 284 E= -14191.1438957143  delta_E= 1.25e-06  |g|= 0.000288  |ddm|= 0.00416
  HOMO = -0.0146780318224218  LUMO = 0.259517070421421
cycle= 285 E= -14191.143894197  delta_E= 1.52e-06  |g|= 0.000287  |ddm|= 0.00548
  HOMO = -0.0146781492409214  LUMO = 0.25951705788886
cycle= 286 E= -14191.1438928382  delta_E= 1.36e-06  |g|= 0.000287  |ddm|= 0.0054
  HOMO = -0.0146782167468679  LUMO = 0.259517024648987
cycle= 287 E= -14191.1438911083  delta_E= 1.73e-06  |g|= 0.000286  |ddm|= 0.00689
  HOMO = -0.014678219734464  LUMO = 0.259516810722424
cycle= 288 E= -14191.1438877894  delta_E= 3.32e-06  |g|= 0.000286  |ddm|= 0.0142
  HOMO = -0.0146791336286477  LUMO = 0.259516861622962
cycle= 289 E= -14191.1438853737  delta_E= 2.42e-06  |g|= 0.000285  |ddm|= 0.0103
  HOMO = -0.01467929681803  LUMO = 0.259516798323846
cycle= 290 E= -14191.1438849911  delta_E= 3.83e-07  |g|= 0.000282  |ddm|= 0.00191
  HOMO = -0.0146791156365768  LUMO = 0.259516728239658
cycle= 291 E= -14191.1438829053  delta_E= 2.09e-06  |g|= 0.000284  |ddm|= 0.00895
  HOMO = -0.0146793597194511  LUMO = 0.259516753605309
cycle= 292 E= -14191.1438824862  delta_E= 4.19e-07  |g|= 0.000281  |ddm|= 0.00253
  HOMO = -0.0146784660084978  LUMO = 0.259516605695071
cycle= 293 E= -14191.1438812775  delta_E= 1.21e-06  |g|= 0.000285  |ddm|= 0.00682
  HOMO = -0.0146775831553162  LUMO = 0.259516597713267
cycle= 294 E= -14191.1438812566  delta_E= 2.09e-08  |g|= 0.000278  |ddm|= 0.00587
  HOMO = -0.0146776826759858  LUMO = 0.259516528355467
cycle= 295 E= -14191.1438812999  delta_E= -4.33e-08  |g|= 0.000275  |ddm|= 0.00533
  HOMO = -0.0146777002364224  LUMO = 0.259516645805488
cycle= 296 E= -14191.1438815613  delta_E= -2.61e-07  |g|= 0.000273  |ddm|= 0.00562
  HOMO = -0.0146782399855448  LUMO = 0.259516466957294
cycle= 297 E= -14191.1438817518  delta_E= -1.91e-07  |g|= 0.000272  |ddm|= 0.00236
  HOMO = -0.0146784017868349  LUMO = 0.259516601251429
cycle= 298 E= -14191.1438824327  delta_E= -6.81e-07  |g|= 0.000271  |ddm|= 0.00184
  HOMO = -0.0146784141036595  LUMO = 0.259516591295202
cycle= 299 E= -14191.1438830875  delta_E= -6.55e-07  |g|= 0.00027  |ddm|= 0.00172
  HOMO = -0.0146779711995527  LUMO = 0.259516544375047
cycle= 300 E= -14191.143883411  delta_E= -3.23e-07  |g|= 0.00027  |ddm|= 0.0018
  HOMO = -0.0146778816683964  LUMO = 0.259516533954188
cycle= 301 E= -14191.1438842477  delta_E= -8.37e-07  |g|= 0.000269  |ddm|= 0.00214
  HOMO = -0.0146779286561174  LUMO = 0.259516584168552
cycle= 302 E= -14191.1438849057  delta_E= -6.58e-07  |g|= 0.000269  |ddm|= 0.00167
  HOMO = -0.0146776249151495  LUMO = 0.259516549474279
cycle= 303 E= -14191.1438851016  delta_E= -1.96e-07  |g|= 0.000269  |ddm|= 0.000769
  HOMO = -0.0146777819653832  LUMO = 0.259516554408933
cycle= 304 E= -14191.1438852974  delta_E= -1.96e-07  |g|= 0.000269  |ddm|= 0.000701
  HOMO = -0.0146777180878083  LUMO = 0.259516546908326
cycle= 305 E= -14191.1438853611  delta_E= -6.38e-08  |g|= 0.000269  |ddm|= 0.000355
  HOMO = -0.0146777032682403  LUMO = 0.259516547887114
cycle= 306 E= -14191.143885285  delta_E= 7.61e-08  |g|= 0.000269  |ddm|= 0.000496
  HOMO = -0.0146776218455606  LUMO = 0.259516557881784
cycle= 307 E= -14191.1438852393  delta_E= 4.56e-08  |g|= 0.000269  |ddm|= 0.000687
  HOMO = -0.0146776851870199  LUMO = 0.259516555026136
cycle= 308 E= -14191.1438852646  delta_E= -2.53e-08  |g|= 0.000269  |ddm|= 0.000363
  HOMO = -0.014677675886661  LUMO = 0.259516554640892
cycle= 309 E= -14191.1438852528  delta_E= 1.18e-08  |g|= 0.000269  |ddm|= 5.38e-05
  HOMO = -0.0146776432105285  LUMO = 0.259516552650106
cycle= 310 E= -14191.1438853529  delta_E= -1e-07  |g|= 0.000269  |ddm|= 0.000263
  HOMO = -0.0146776928734949  LUMO = 0.259516541145332
cycle= 311 E= -14191.143885328  delta_E= 2.48e-08  |g|= 0.000269  |ddm|= 8.47e-05
  HOMO = -0.0146776962360718  LUMO = 0.259516542207661
cycle= 312 E= -14191.1438853191  delta_E= 8.95e-09  |g|= 0.000269  |ddm|= 3.25e-05
  HOMO = -0.0146777130975197  LUMO = 0.259516542691111
cycle= 313 E= -14191.143885336  delta_E= -1.7e-08  |g|= 0.000269  |ddm|= 8.07e-05
  HOMO = -0.0146777437167816  LUMO = 0.259516546314834
cycle= 314 E= -14191.1438853027  delta_E= 3.34e-08  |g|= 0.000269  |ddm|= 0.000192
  HOMO = -0.0146776954853813  LUMO = 0.259516546084723
cycle= 315 E= -14191.143885243  delta_E= 5.97e-08  |g|= 0.000269  |ddm|= 0.000476
  HOMO = -0.014677682167491  LUMO = 0.259516551592695
cycle= 316 E= -14191.1438852715  delta_E= -2.86e-08  |g|= 0.000269  |ddm|= 0.000424
  HOMO = -0.0146777050161656  LUMO = 0.259516549426
cycle= 317 E= -14191.1438851452  delta_E= 1.26e-07  |g|= 0.000269  |ddm|= 0.000556
  HOMO = -0.0146777240003607  LUMO = 0.259516547095413
cycle= 318 E= -14191.143885146  delta_E= -7.71e-10  |g|= 0.000269  |ddm|= 0.000307
  HOMO = -0.0146777482869911  LUMO = 0.25951655499341
cycle= 319 E= -14191.1438851225  delta_E= 2.35e-08  |g|= 0.000269  |ddm|= 0.000257
  HOMO = -0.0146776444742917  LUMO = 0.25951656738471
cycle= 320 E= -14191.1438851676  delta_E= -4.51e-08  |g|= 0.000269  |ddm|= 0.000528
  HOMO = -0.0146776312581759  LUMO = 0.259516546371168
cycle= 321 E= -14191.1438851671  delta_E= 5.24e-10  |g|= 0.000269  |ddm|= 0.000528
  HOMO = -0.0146775448853255  LUMO = 0.259516533298046
cycle= 322 E= -14191.143884974  delta_E= 1.93e-07  |g|= 0.000269  |ddm|= 0.00215
  HOMO = -0.0146775231325388  LUMO = 0.259516521340348
cycle= 323 E= -14191.1438849253  delta_E= 4.88e-08  |g|= 0.000269  |ddm|= 0.00159
  HOMO = -0.0146775575217255  LUMO = 0.259516523876607
cycle= 324 E= -14191.1438850007  delta_E= -7.55e-08  |g|= 0.000269  |ddm|= 0.000306
  HOMO = -0.014677642512325  LUMO = 0.259516535574619
cycle= 325 E= -14191.1438848399  delta_E= 1.61e-07  |g|= 0.000269  |ddm|= 0.000645
  HOMO = -0.0146775766538474  LUMO = 0.259516522409255
cycle= 326 E= -14191.1438847526  delta_E= 8.73e-08  |g|= 0.000269  |ddm|= 0.000346
  HOMO = -0.0146775620078336  LUMO = 0.259516533627769
cycle= 327 E= -14191.1438846652  delta_E= 8.74e-08  |g|= 0.000269  |ddm|= 0.000297
  HOMO = -0.0146776086000171  LUMO = 0.259516542999749
cycle= 328 E= -14191.1438850496  delta_E= -3.84e-07  |g|= 0.000269  |ddm|= 0.00141
  HOMO = -0.0146776207612692  LUMO = 0.259516531073792
cycle= 329 E= -14191.1438852301  delta_E= -1.8e-07  |g|= 0.000269  |ddm|= 0.000956
  HOMO = -0.014677629017585  LUMO = 0.259516547091848
cycle= 330 E= -14191.1438852794  delta_E= -4.93e-08  |g|= 0.000269  |ddm|= 0.00064
  HOMO = -0.0146775748135989  LUMO = 0.259516539639882
cycle= 331 E= -14191.1438851865  delta_E= 9.29e-08  |g|= 0.000269  |ddm|= 0.00133
  HOMO = -0.0146775545655877  LUMO = 0.25951653259218
cycle= 332 E= -14191.1438851522  delta_E= 3.43e-08  |g|= 0.000269  |ddm|= 0.000757
  HOMO = -0.0146775820678717  LUMO = 0.259516534985662
cycle= 333 E= -14191.143885261  delta_E= -1.09e-07  |g|= 0.000269  |ddm|= 0.000393
  HOMO = -0.0146776746035341  LUMO = 0.259516549358774
cycle= 334 E= -14191.1438851075  delta_E= 1.53e-07  |g|= 0.000269  |ddm|= 0.000726
  HOMO = -0.014677628801295  LUMO = 0.259516536528569
cycle= 335 E= -14191.1438849314  delta_E= 1.76e-07  |g|= 0.000269  |ddm|= 0.000511
  HOMO = -0.0146775744233178  LUMO = 0.25951654543452
cycle= 336 E= -14191.143884799  delta_E= 1.32e-07  |g|= 0.000269  |ddm|= 0.000419
  HOMO = -0.0146776267068004  LUMO = 0.259516547074924
cycle= 337 E= -14191.1438846651  delta_E= 1.34e-07  |g|= 0.000269  |ddm|= 0.00116
  HOMO = -0.0146774520297884  LUMO = 0.259516481537947
cycle= 338 E= -14191.1438846118  delta_E= 5.33e-08  |g|= 0.000268  |ddm|= 0.00114
  HOMO = -0.0146776151285057  LUMO = 0.259516594755423
cycle= 339 E= -14191.1438847812  delta_E= -1.69e-07  |g|= 0.000268  |ddm|= 0.00518
  HOMO = -0.0146777333696521  LUMO = 0.259516569226817
cycle= 340 E= -14191.1438847511  delta_E= 3.01e-08  |g|= 0.000268  |ddm|= 0.000699
  HOMO = -0.0146782384982709  LUMO = 0.259516692840153
cycle= 341 E= -14191.1438846998  delta_E= 5.13e-08  |g|= 0.000268  |ddm|= 0.0112
  HOMO = -0.0146781172409439  LUMO = 0.25951677930933
cycle= 342 E= -14191.1438845309  delta_E= 1.69e-07  |g|= 0.000266  |ddm|= 0.00893
  HOMO = -0.0146789645673837  LUMO = 0.259516764190395
cycle= 343 E= -14191.1438839983  delta_E= 5.33e-07  |g|= 0.000267  |ddm|= 0.00409
  HOMO = -0.0146793483457621  LUMO = 0.259516751658618
cycle= 344 E= -14191.1438833483  delta_E= 6.5e-07  |g|= 0.000265  |ddm|= 0.00315
  HOMO = -0.0146779929554738  LUMO = 0.259516770448107
cycle= 345 E= -14191.1438819507  delta_E= 1.4e-06  |g|= 0.000265  |ddm|= 0.00385
  HOMO = -0.0146782755189464  LUMO = 0.259516737203463
cycle= 346 E= -14191.1438810128  delta_E= 9.38e-07  |g|= 0.000262  |ddm|= 0.00288
  HOMO = -0.0146781111965028  LUMO = 0.259516775858038
cycle= 347 E= -14191.1438801781  delta_E= 8.35e-07  |g|= 0.000261  |ddm|= 0.00237
  HOMO = -0.0146781602914802  LUMO = 0.259516635785751
cycle= 348 E= -14191.1438790243  delta_E= 1.15e-06  |g|= 0.00026  |ddm|= 0.00592
  HOMO = -0.0146784861884317  LUMO = 0.259516697526211
cycle= 349 E= -14191.1438777735  delta_E= 1.25e-06  |g|= 0.000259  |ddm|= 0.00755
  HOMO = -0.0146777568364817  LUMO = 0.259516546946282
cycle= 350 E= -14191.14387724  delta_E= 5.33e-07  |g|= 0.000258  |ddm|= 0.00619
  HOMO = -0.0146783732961525  LUMO = 0.259516545717
cycle= 351 E= -14191.1438770009  delta_E= 2.39e-07  |g|= 0.000257  |ddm|= 0.00509
  HOMO = -0.0146778426823609  LUMO = 0.259516453294892
cycle= 352 E= -14191.1438761723  delta_E= 8.29e-07  |g|= 0.000255  |ddm|= 0.00872
  HOMO = -0.0146782167001508  LUMO = 0.259516421855598
cycle= 353 E= -14191.1438757076  delta_E= 4.65e-07  |g|= 0.000255  |ddm|= 0.00563
  HOMO = -0.014677659966375  LUMO = 0.259516401288062
cycle= 354 E= -14191.1438753279  delta_E= 3.8e-07  |g|= 0.000254  |ddm|= 0.00169
  HOMO = -0.0146778444277969  LUMO = 0.259516387445168
cycle= 355 E= -14191.1438752242  delta_E= 1.04e-07  |g|= 0.000254  |ddm|= 0.00121
  HOMO = -0.0146776637278579  LUMO = 0.259516404923521
cycle= 356 E= -14191.1438751901  delta_E= 3.42e-08  |g|= 0.000254  |ddm|= 0.000357
  HOMO = -0.0146779099166804  LUMO = 0.259516395964848
cycle= 357 E= -14191.1438751711  delta_E= 1.9e-08  |g|= 0.000254  |ddm|= 0.00127
  HOMO = -0.0146779538128199  LUMO = 0.259516427662727
cycle= 358 E= -14191.1438750174  delta_E= 1.54e-07  |g|= 0.000254  |ddm|= 0.00102
  HOMO = -0.0146776245147875  LUMO = 0.259516329163605
cycle= 359 E= -14191.1438748568  delta_E= 1.61e-07  |g|= 0.000253  |ddm|= 0.0014
  HOMO = -0.014677781153221  LUMO = 0.259516381103503
cycle= 360 E= -14191.1438747602  delta_E= 9.66e-08  |g|= 0.000253  |ddm|= 0.000644
  HOMO = -0.0146778959089806  LUMO = 0.25951636063162
cycle= 361 E= -14191.1438747083  delta_E= 5.19e-08  |g|= 0.000253  |ddm|= 0.000466
  HOMO = -0.0146777479979937  LUMO = 0.259516378296974
cycle= 362 E= -14191.1438747529  delta_E= -4.46e-08  |g|= 0.000253  |ddm|= 0.00028
  HOMO = -0.0146778324334217  LUMO = 0.259516355446263
cycle= 363 E= -14191.1438747959  delta_E= -4.31e-08  |g|= 0.000253  |ddm|= 0.000879
  HOMO = -0.0146778209993037  LUMO = 0.259516358205413
cycle= 364 E= -14191.1438748627  delta_E= -6.67e-08  |g|= 0.000253  |ddm|= 0.000182
  HOMO = -0.0146779256212763  LUMO = 0.2595163556996
cycle= 365 E= -14191.143874721  delta_E= 1.42e-07  |g|= 0.000253  |ddm|= 0.000434
  HOMO = -0.0146779298769275  LUMO = 0.25951633998041
cycle= 366 E= -14191.1438743657  delta_E= 3.55e-07  |g|= 0.000253  |ddm|= 0.00137
  HOMO = -0.014677996688291  LUMO = 0.259516331720976
cycle= 367 E= -14191.1438740434  delta_E= 3.22e-07  |g|= 0.000253  |ddm|= 0.00159
  HOMO = -0.0146778410766005  LUMO = 0.259516326187976
cycle= 368 E= -14191.1438739477  delta_E= 9.57e-08  |g|= 0.000253  |ddm|= 0.00104
  HOMO = -0.01467787553053  LUMO = 0.259516319604285
cycle= 369 E= -14191.1438739219  delta_E= 2.57e-08  |g|= 0.000253  |ddm|= 0.000415
  HOMO = -0.0146778647768874  LUMO = 0.259516322940792
cycle= 370 E= -14191.1438739322  delta_E= -1.03e-08  |g|= 0.000253  |ddm|= 0.000114
  HOMO = -0.0146778457670106  LUMO = 0.259516323729219
cycle= 371 E= -14191.1438739283  delta_E= 3.86e-09  |g|= 0.000253  |ddm|= 7.28e-05
  HOMO = -0.0146778855030912  LUMO = 0.259516322643852
cycle= 372 E= -14191.1438739308  delta_E= -2.42e-09  |g|= 0.000253  |ddm|= 8.21e-05
  HOMO = -0.0146778689907103  LUMO = 0.259516320745979
cycle= 373 E= -14191.14387394  delta_E= -9.19e-09  |g|= 0.000253  |ddm|= 5.55e-05
  HOMO = -0.0146778351562103  LUMO = 0.25951631889669
cycle= 374 E= -14191.1438739341  delta_E= 5.86e-09  |g|= 0.000253  |ddm|= 3.78e-05
  HOMO = -0.0146778462155339  LUMO = 0.25951632227063
cycle= 375 E= -14191.1438740047  delta_E= -7.06e-08  |g|= 0.000253  |ddm|= 0.000204
  HOMO = -0.0146779143787184  LUMO = 0.25951632515725
cycle= 376 E= -14191.1438738561  delta_E= 1.49e-07  |g|= 0.000253  |ddm|= 0.000419
  HOMO = -0.0146779633513195  LUMO = 0.259516323866702
cycle= 377 E= -14191.143873732  delta_E= 1.24e-07  |g|= 0.000253  |ddm|= 0.000658
  HOMO = -0.0146779455490874  LUMO = 0.259516362539598
cycle= 378 E= -14191.1438736155  delta_E= 1.16e-07  |g|= 0.000253  |ddm|= 0.00253
  HOMO = -0.014678166476022  LUMO = 0.259516344123265
cycle= 379 E= -14191.1438736483  delta_E= -3.28e-08  |g|= 0.000253  |ddm|= 0.00373
  HOMO = -0.0146781149127331  LUMO = 0.259516419413702
cycle= 380 E= -14191.1438737328  delta_E= -8.45e-08  |g|= 0.000252  |ddm|= 0.00489
  HOMO = -0.0146781771988758  LUMO = 0.259516424921552
cycle= 381 E= -14191.1438737755  delta_E= -4.27e-08  |g|= 0.000252  |ddm|= 0.00176
  HOMO = -0.0146781208692438  LUMO = 0.259516439818107
cycle= 382 E= -14191.143873846  delta_E= -7.05e-08  |g|= 0.000252  |ddm|= 0.00147
  HOMO = -0.0146782807698314  LUMO = 0.259516441006676
cycle= 383 E= -14191.1438739455  delta_E= -9.95e-08  |g|= 0.000252  |ddm|= 0.000718
  HOMO = -0.0146783817433897  LUMO = 0.259516450899943
cycle= 384 E= -14191.1438739554  delta_E= -9.91e-09  |g|= 0.000252  |ddm|= 0.0013
  HOMO = -0.0146782915305158  LUMO = 0.259516447586864
cycle= 385 E= -14191.143874119  delta_E= -1.64e-07  |g|= 0.000252  |ddm|= 0.000472
  HOMO = -0.0146782817683426  LUMO = 0.259516447267831
cycle= 386 E= -14191.1438741834  delta_E= -6.44e-08  |g|= 0.000252  |ddm|= 0.000279
  HOMO = -0.0146782851169823  LUMO = 0.259516466662877
cycle= 387 E= -14191.1438740474  delta_E= 1.36e-07  |g|= 0.000252  |ddm|= 0.000928
  HOMO = -0.0146783835000723  LUMO = 0.259516453752697
cycle= 388 E= -14191.143874162  delta_E= -1.15e-07  |g|= 0.000252  |ddm|= 0.00382
  HOMO = -0.0146782302729174  LUMO = 0.259516491980024
cycle= 389 E= -14191.1438742549  delta_E= -9.29e-08  |g|= 0.000252  |ddm|= 0.00164
  HOMO = -0.0146782947698733  LUMO = 0.259516491712773
cycle= 390 E= -14191.1438743333  delta_E= -7.85e-08  |g|= 0.000252  |ddm|= 0.000644
  HOMO = -0.0146782749572494  LUMO = 0.259516485042848
cycle= 391 E= -14191.1438743497  delta_E= -1.64e-08  |g|= 0.000252  |ddm|= 0.000675
  HOMO = -0.014678353454005  LUMO = 0.259516499609348
cycle= 392 E= -14191.1438742652  delta_E= 8.46e-08  |g|= 0.000252  |ddm|= 0.000699
  HOMO = -0.0146784383418255  LUMO = 0.259516503575313
cycle= 393 E= -14191.1438742464  delta_E= 1.88e-08  |g|= 0.000252  |ddm|= 0.000104
  HOMO = -0.014678279368019  LUMO = 0.259516498210168
cycle= 394 E= -14191.1438743097  delta_E= -6.33e-08  |g|= 0.000252  |ddm|= 0.000381
  HOMO = -0.0146783371147458  LUMO = 0.259516499530985
cycle= 395 E= -14191.1438743734  delta_E= -6.38e-08  |g|= 0.000252  |ddm|= 0.000268
  HOMO = -0.0146783005285097  LUMO = 0.259516503840682
cycle= 396 E= -14191.1438744424  delta_E= -6.9e-08  |g|= 0.000252  |ddm|= 0.000705
  HOMO = -0.0146782555381154  LUMO = 0.259516503749711
cycle= 397 E= -14191.1438745332  delta_E= -9.08e-08  |g|= 0.000252  |ddm|= 0.000249
  HOMO = -0.0146783410757746  LUMO = 0.259516504426446
cycle= 398 E= -14191.1438743848  delta_E= 1.48e-07  |g|= 0.000252  |ddm|= 0.000601
  HOMO = -0.0146783229656334  LUMO = 0.259516520574194
cycle= 399 E= -14191.1438743083  delta_E= 7.65e-08  |g|= 0.000252  |ddm|= 0.0011
  HOMO = -0.014678491780861  LUMO = 0.259516517746807
cycle= 400 E= -14191.143874295  delta_E= 1.33e-08  |g|= 0.000252  |ddm|= 0.00206
  HOMO = -0.0146784631915961  LUMO = 0.259516555837279
cycle= 401 E= -14191.1438743903  delta_E= -9.53e-08  |g|= 0.000252  |ddm|= 0.0021
  HOMO = -0.0146784109804663  LUMO = 0.259516549599453
cycle= 402 E= -14191.1438744883  delta_E= -9.8e-08  |g|= 0.000252  |ddm|= 0.000969
  HOMO = -0.0146784648836092  LUMO = 0.259516554156961
cycle= 403 E= -14191.1438745045  delta_E= -1.62e-08  |g|= 0.000252  |ddm|= 6.1e-05
  HOMO = -0.014678524810762  LUMO = 0.259516555959713
cycle= 404 E= -14191.1438744966  delta_E= 7.85e-09  |g|= 0.000252  |ddm|= 0.000232
  HOMO = -0.014678608039104  LUMO = 0.25951656331879
cycle= 405 E= -14191.1438744854  delta_E= 1.12e-08  |g|= 0.000252  |ddm|= 0.0012
  HOMO = -0.0146784866066273  LUMO = 0.259516562196674
cycle= 406 E= -14191.1438747985  delta_E= -3.13e-07  |g|= 0.000252  |ddm|= 0.000867
  HOMO = -0.0146784954044574  LUMO = 0.25951656295687
cycle= 407 E= -14191.1438747688  delta_E= 2.97e-08  |g|= 0.000252  |ddm|= 0.000351
  HOMO = -0.0146784871563029  LUMO = 0.259516564498157
cycle= 408 E= -14191.1438747861  delta_E= -1.73e-08  |g|= 0.000252  |ddm|= 0.000131
  HOMO = -0.0146784186865598  LUMO = 0.259516565089624
cycle= 409 E= -14191.1438747642  delta_E= 2.18e-08  |g|= 0.000252  |ddm|= 0.000329
  HOMO = -0.0146784422919385  LUMO = 0.259516545750629
cycle= 410 E= -14191.1438746933  delta_E= 7.09e-08  |g|= 0.000252  |ddm|= 0.0011
  HOMO = -0.0146784066257986  LUMO = 0.259516565106063
cycle= 411 E= -14191.1438746663  delta_E= 2.7e-08  |g|= 0.000252  |ddm|= 0.00242
  HOMO = -0.014678059913028  LUMO = 0.259516509923622
cycle= 412 E= -14191.1438746687  delta_E= -2.47e-09  |g|= 0.000252  |ddm|= 0.00235
  HOMO = -0.0146783211810358  LUMO = 0.259516522828125
cycle= 413 E= -14191.1438746888  delta_E= -2.01e-08  |g|= 0.000252  |ddm|= 0.00192
  HOMO = -0.0146783123225412  LUMO = 0.259516512602578
cycle= 414 E= -14191.1438745216  delta_E= 1.67e-07  |g|= 0.000252  |ddm|= 0.000777
  HOMO = -0.0146782679495375  LUMO = 0.259516506625059
cycle= 415 E= -14191.1438744694  delta_E= 5.23e-08  |g|= 0.000252  |ddm|= 0.00134
  HOMO = -0.0146783292404462  LUMO = 0.259516498039012
cycle= 416 E= -14191.1438743638  delta_E= 1.06e-07  |g|= 0.000252  |ddm|= 0.000435
  HOMO = -0.0146783681099973  LUMO = 0.259516494060671
cycle= 417 E= -14191.1438742892  delta_E= 7.46e-08  |g|= 0.000252  |ddm|= 0.000804
  HOMO = -0.0146783479954231  LUMO = 0.259516476097694
cycle= 418 E= -14191.1438742696  delta_E= 1.96e-08  |g|= 0.000252  |ddm|= 0.00174
  HOMO = -0.0146783278359487  LUMO = 0.259516473406077
cycle= 419 E= -14191.143874289  delta_E= -1.94e-08  |g|= 0.000252  |ddm|= 0.000331
  HOMO = -0.0146782650415538  LUMO = 0.259516466367514
cycle= 420 E= -14191.1438742651  delta_E= 2.39e-08  |g|= 0.000252  |ddm|= 0.00169
  HOMO = -0.0146782190201917  LUMO = 0.259516457794435
cycle= 421 E= -14191.1438742737  delta_E= -8.63e-09  |g|= 0.000252  |ddm|= 0.000343
  HOMO = -0.014678267194366  LUMO = 0.25951646552247
cycle= 422 E= -14191.1438742898  delta_E= -1.61e-08  |g|= 0.000252  |ddm|= 0.000548
  HOMO = -0.0146782689137048  LUMO = 0.259516464317667
cycle= 423 E= -14191.1438742297  delta_E= 6e-08  |g|= 0.000252  |ddm|= 0.00024
  HOMO = -0.0146782692233515  LUMO = 0.259516463415927
cycle= 424 E= -14191.1438742261  delta_E= 3.69e-09  |g|= 0.000252  |ddm|= 3.55e-05
  HOMO = -0.0146782809945447  LUMO = 0.259516464411966
cycle= 425 E= -14191.1438742759  delta_E= -4.99e-08  |g|= 0.000252  |ddm|= 0.00015
  HOMO = -0.0146783114852907  LUMO = 0.259516461886089
cycle= 426 E= -14191.1438742491  delta_E= 2.68e-08  |g|= 0.000252  |ddm|= 0.000298
  HOMO = -0.0146782112660887  LUMO = 0.259516447194908
cycle= 427 E= -14191.1438741842  delta_E= 6.49e-08  |g|= 0.000252  |ddm|= 0.00192
  HOMO = -0.014678264615195  LUMO = 0.259516454421731
cycle= 428 E= -14191.1438741626  delta_E= 2.16e-08  |g|= 0.000252  |ddm|= 0.000807
  HOMO = -0.0146783316556562  LUMO = 0.259516458114515
cycle= 429 E= -14191.1438741816  delta_E= -1.9e-08  |g|= 0.000252  |ddm|= 0.00124
  HOMO = -0.0146781713875056  LUMO = 0.259516431589133
cycle= 430 E= -14191.1438741787  delta_E= 2.91e-09  |g|= 0.000252  |ddm|= 0.000737
  HOMO = -0.0146783387444799  LUMO = 0.259516439300982
cycle= 431 E= -14191.1438741901  delta_E= -1.15e-08  |g|= 0.000251  |ddm|= 0.00168
  HOMO = -0.0146783222102539  LUMO = 0.259516431923051
cycle= 432 E= -14191.1438741412  delta_E= 4.89e-08  |g|= 0.000251  |ddm|= 0.00063
  HOMO = -0.0146783035990947  LUMO = 0.259516409877555
cycle= 433 E= -14191.1438741872  delta_E= -4.59e-08  |g|= 0.000251  |ddm|= 0.00123
  HOMO = -0.0146781826593018  LUMO = 0.259516415531131
cycle= 434 E= -14191.1438742351  delta_E= -4.8e-08  |g|= 0.000251  |ddm|= 0.000391
  HOMO = -0.0146782259796011  LUMO = 0.25951641152843
cycle= 435 E= -14191.1438741483  delta_E= 8.68e-08  |g|= 0.000251  |ddm|= 0.000677
  HOMO = -0.014678346742171  LUMO = 0.259516421200627
cycle= 436 E= -14191.1438741392  delta_E= 9.12e-09  |g|= 0.000251  |ddm|= 0.000988
  HOMO = -0.0146782859836451  LUMO = 0.259516420379501
cycle= 437 E= -14191.1438741972  delta_E= -5.8e-08  |g|= 0.000251  |ddm|= 0.000548
  HOMO = -0.0146782932663528  LUMO = 0.259516411307178
cycle= 438 E= -14191.143874058  delta_E= 1.39e-07  |g|= 0.000251  |ddm|= 0.00133
  HOMO = -0.014678466183917  LUMO = 0.259516436197345
cycle= 439 E= -14191.1438739829  delta_E= 7.5e-08  |g|= 0.000251  |ddm|= 0.00107
  HOMO = -0.0146783666740767  LUMO = 0.259516435412392
cycle= 440 E= -14191.1438739854  delta_E= -2.49e-09  |g|= 0.000251  |ddm|= 0.000904
  HOMO = -0.0146782493020492  LUMO = 0.259516426919065
cycle= 441 E= -14191.1438739705  delta_E= 1.49e-08  |g|= 0.000251  |ddm|= 0.00137
  HOMO = -0.0146781433563097  LUMO = 0.259516425010925
cycle= 442 E= -14191.1438739383  delta_E= 3.22e-08  |g|= 0.000251  |ddm|= 0.000894
  HOMO = -0.0146781760023802  LUMO = 0.259516430637231
cycle= 443 E= -14191.1438738794  delta_E= 5.89e-08  |g|= 0.000251  |ddm|= 0.00132
  HOMO = -0.0146781728334917  LUMO = 0.259516430037504
cycle= 444 E= -14191.1438738942  delta_E= -1.48e-08  |g|= 0.000251  |ddm|= 4.3e-05
  HOMO = -0.0146781919395226  LUMO = 0.259516420979632
cycle= 445 E= -14191.1438738768  delta_E= 1.74e-08  |g|= 0.000251  |ddm|= 0.000306
  HOMO = -0.0146781495199548  LUMO = 0.259516426262878
cycle= 446 E= -14191.1438737472  delta_E= 1.3e-07  |g|= 0.000251  |ddm|= 0.000647
  HOMO = -0.0146781359626362  LUMO = 0.25951641764838
cycle= 447 E= -14191.1438736798  delta_E= 6.74e-08  |g|= 0.000251  |ddm|= 0.000297
  HOMO = -0.0146781532380077  LUMO = 0.259516412194574
cycle= 448 E= -14191.1438736988  delta_E= -1.9e-08  |g|= 0.000251  |ddm|= 0.000322
  HOMO = -0.0146781854551032  LUMO = 0.259516413197991
cycle= 449 E= -14191.1438737114  delta_E= -1.25e-08  |g|= 0.000251  |ddm|= 0.000234
  HOMO = -0.0146781856941748  LUMO = 0.259516415344575
cycle= 450 E= -14191.1438737324  delta_E= -2.1e-08  |g|= 0.000251  |ddm|= 0.000169
  HOMO = -0.0146781723890654  LUMO = 0.259516421710234
cycle= 451 E= -14191.1438736518  delta_E= 8.06e-08  |g|= 0.000251  |ddm|= 0.000578
  HOMO = -0.0146781407667227  LUMO = 0.259516417626704
cycle= 452 E= -14191.1438737466  delta_E= -9.48e-08  |g|= 0.000251  |ddm|= 0.00156
  HOMO = -0.0146781422817446  LUMO = 0.25951641044129
cycle= 453 E= -14191.1438737701  delta_E= -2.35e-08  |g|= 0.000251  |ddm|= 0.0003
  HOMO = -0.0146781350289803  LUMO = 0.259516414058611
cycle= 454 E= -14191.1438738043  delta_E= -3.42e-08  |g|= 0.000251  |ddm|= 0.000543
  HOMO = -0.0146781448300022  LUMO = 0.259516423595205
cycle= 455 E= -14191.1438739734  delta_E= -1.69e-07  |g|= 0.000251  |ddm|= 0.00109
  HOMO = -0.014678085381875  LUMO = 0.259516422023339
cycle= 456 E= -14191.1438740129  delta_E= -3.94e-08  |g|= 0.000251  |ddm|= 0.000354
  HOMO = -0.0146781088717509  LUMO = 0.259516427866949
cycle= 457 E= -14191.1438740257  delta_E= -1.28e-08  |g|= 0.000251  |ddm|= 0.000107
  HOMO = -0.0146781969167367  LUMO = 0.259516434327972
cycle= 458 E= -14191.1438740169  delta_E= 8.77e-09  |g|= 0.000251  |ddm|= 0.000356
  HOMO = -0.0146781747657724  LUMO = 0.25951643430194
cycle= 459 E= -14191.1438740081  delta_E= 8.82e-09  |g|= 0.000251  |ddm|= 9.32e-05
  HOMO = -0.0146781330489824  LUMO = 0.259516422188107
cycle= 460 E= -14191.1438741019  delta_E= -9.38e-08  |g|= 0.000251  |ddm|= 0.000908
  HOMO = -0.0146781050593906  LUMO = 0.259516423638382
cycle= 461 E= -14191.1438741015  delta_E= 4.07e-10  |g|= 0.000251  |ddm|= 0.000247
  HOMO = -0.014678521511014  LUMO = 0.259516444128442
cycle= 462 E= -14191.1438739292  delta_E= 1.72e-07  |g|= 0.000251  |ddm|= 0.00412
  HOMO = -0.0146784324261172  LUMO = 0.259516488887361
cycle= 463 E= -14191.1438739608  delta_E= -3.16e-08  |g|= 0.000251  |ddm|= 0.00397
  HOMO = -0.0146784591470066  LUMO = 0.259516489922742
cycle= 464 E= -14191.1438739953  delta_E= -3.46e-08  |g|= 0.000251  |ddm|= 0.00028
  HOMO = -0.0146784311465142  LUMO = 0.259516491924192
cycle= 465 E= -14191.1438742352  delta_E= -2.4e-07  |g|= 0.000251  |ddm|= 0.00131
  HOMO = -0.0146784003399562  LUMO = 0.259516494242405
cycle= 466 E= -14191.1438743208  delta_E= -8.56e-08  |g|= 0.000251  |ddm|= 0.000778
  HOMO = -0.0146783006907381  LUMO = 0.259516492496569
cycle= 467 E= -14191.1438743438  delta_E= -2.3e-08  |g|= 0.000251  |ddm|= 0.000459
  HOMO = -0.0146783025973965  LUMO = 0.259516490056336
cycle= 468 E= -14191.1438742941  delta_E= 4.97e-08  |g|= 0.000251  |ddm|= 0.000178
  HOMO = -0.0146783549914188  LUMO = 0.259516480233524
cycle= 469 E= -14191.143874275  delta_E= 1.91e-08  |g|= 0.000251  |ddm|= 0.00012
  HOMO = -0.0146782091058807  LUMO = 0.259516486545912
cycle= 470 E= -14191.1438738031  delta_E= 4.72e-07  |g|= 0.000251  |ddm|= 0.00197
  HOMO = -0.0146779647157833  LUMO = 0.259516474528014
cycle= 471 E= -14191.1438733265  delta_E= 4.77e-07  |g|= 0.000251  |ddm|= 0.00371
  HOMO = -0.0146784964157707  LUMO = 0.259516412040593
cycle= 472 E= -14191.1438733391  delta_E= -1.26e-08  |g|= 0.000251  |ddm|= 0.000673
  HOMO = -0.0146782716192706  LUMO = 0.259516467060954
cycle= 473 E= -14191.1438726051  delta_E= 7.34e-07  |g|= 0.00025  |ddm|= 0.0032
  HOMO = -0.014678498890502  LUMO = 0.259516520956621
cycle= 474 E= -14191.1438716648  delta_E= 9.4e-07  |g|= 0.00025  |ddm|= 0.00475
  HOMO = -0.0146787594178835  LUMO = 0.259516530673242
cycle= 475 E= -14191.1438710881  delta_E= 5.77e-07  |g|= 0.00025  |ddm|= 0.00516
  HOMO = -0.0146787871457211  LUMO = 0.259516564229219
cycle= 476 E= -14191.1438708525  delta_E= 2.36e-07  |g|= 0.000249  |ddm|= 0.00322
  HOMO = -0.0146793403146872  LUMO = 0.259516622188504
cycle= 477 E= -14191.1438700034  delta_E= 8.49e-07  |g|= 0.000257  |ddm|= 0.00331
  HOMO = -0.0146794672151899  LUMO = 0.259516594616056
cycle= 478 E= -14191.1438700654  delta_E= -6.21e-08  |g|= 0.000247  |ddm|= 0.00986
  HOMO = -0.0146789798895666  LUMO = 0.259516575967756
cycle= 479 E= -14191.1438675236  delta_E= 2.54e-06  |g|= 0.000246  |ddm|= 0.00727
  HOMO = -0.0146801123928107  LUMO = 0.259516483808545
cycle= 480 E= -14191.1438642787  delta_E= 3.24e-06  |g|= 0.000243  |ddm|= 0.01
  HOMO = -0.0146792699104827  LUMO = 0.259516456957489
cycle= 481 E= -14191.1438610828  delta_E= 3.2e-06  |g|= 0.000243  |ddm|= 0.0115
  HOMO = -0.0146799426050667  LUMO = 0.259516246136175
cycle= 482 E= -14191.1438561818  delta_E= 4.9e-06  |g|= 0.000255  |ddm|= 0.017
  HOMO = -0.0146800370463222  LUMO = 0.259516260265353
cycle= 483 E= -14191.1438535785  delta_E= 2.6e-06  |g|= 0.000235  |ddm|= 0.0115
  HOMO = -0.0146800443065425  LUMO = 0.259516205288352
cycle= 484 E= -14191.1438520004  delta_E= 1.58e-06  |g|= 0.000229  |ddm|= 0.00588
  HOMO = -0.0146824683096233  LUMO = 0.259516231610838
cycle= 485 E= -14191.1438469996  delta_E= 5e-06  |g|= 0.000236  |ddm|= 0.0175
  HOMO = -0.0146817047432019  LUMO = 0.259516131495002
cycle= 486 E= -14191.1438463213  delta_E= 6.78e-07  |g|= 0.00022  |ddm|= 0.0029
  HOMO = -0.0146844522583848  LUMO = 0.259516099888658
cycle= 487 E= -14191.1438391479  delta_E= 7.17e-06  |g|= 0.000409  |ddm|= 0.0271
  HOMO = -0.0146845347555331  LUMO = 0.259516116703191
cycle= 488 E= -14191.1438397708  delta_E= -6.23e-07  |g|= 0.00037  |ddm|= 0.00248
  HOMO = -0.0146815917502905  LUMO = 0.259516155353816
cycle= 489 E= -14191.1438433924  delta_E= -3.62e-06  |g|= 0.000215  |ddm|= 0.0154
  HOMO = -0.0146825339380115  LUMO = 0.259516090088432
cycle= 490 E= -14191.1438440478  delta_E= -6.55e-07  |g|= 0.000209  |ddm|= 0.00343
  HOMO = -0.0146823961011789  LUMO = 0.259516141659237
cycle= 491 E= -14191.1438433761  delta_E= 6.72e-07  |g|= 0.000212  |ddm|= 0.00245
  HOMO = -0.014682627553693  LUMO = 0.259516154527454
cycle= 492 E= -14191.1438431663  delta_E= 2.1e-07  |g|= 0.000209  |ddm|= 0.0015
  HOMO = -0.0146818915594822  LUMO = 0.259516160919644
cycle= 493 E= -14191.1438426723  delta_E= 4.94e-07  |g|= 0.000205  |ddm|= 0.00811
  HOMO = -0.0146831377831375  LUMO = 0.259516284689105
cycle= 494 E= -14191.1438408284  delta_E= 1.84e-06  |g|= 0.000202  |ddm|= 0.00979
  HOMO = -0.0146824001192313  LUMO = 0.259516224285488
cycle= 495 E= -14191.1438413371  delta_E= -5.09e-07  |g|= 0.000201  |ddm|= 0.00925
  HOMO = -0.0146829759937827  LUMO = 0.259516432595383
cycle= 496 E= -14191.1438424266  delta_E= -1.09e-06  |g|= 0.000197  |ddm|= 0.00834
  HOMO = -0.0146818823910491  LUMO = 0.259516311740924
cycle= 497 E= -14191.1438426189  delta_E= -1.92e-07  |g|= 0.000195  |ddm|= 0.00356
  HOMO = -0.0146831388354865  LUMO = 0.25951645329715
cycle= 498 E= -14191.1438436549  delta_E= -1.04e-06  |g|= 0.000194  |ddm|= 0.00743
  HOMO = -0.0146832436671115  LUMO = 0.259516486127879
cycle= 499 E= -14191.1438434635  delta_E= 1.91e-07  |g|= 0.000193  |ddm|= 0.00403
  HOMO = -0.0146840053349913  LUMO = 0.259516488446428
cycle= 500 E= -14191.1438432956  delta_E= 1.68e-07  |g|= 0.000191  |ddm|= 0.00549
  HOMO = -0.0146843607921487  LUMO = 0.259516569354247
cycle= 501 E= -14191.1438430638  delta_E= 2.32e-07  |g|= 0.00019  |ddm|= 0.00531
  HOMO = -0.0146842902951694  LUMO = 0.259516575530536
cycle= 502 E= -14191.143843053  delta_E= 1.07e-08  |g|= 0.00019  |ddm|= 0.00772
  HOMO = -0.0146845756253335  LUMO = 0.259516627939552
cycle= 503 E= -14191.1438433023  delta_E= -2.49e-07  |g|= 0.000189  |ddm|= 0.0037
  HOMO = -0.0146841288618946  LUMO = 0.259516607466926
cycle= 504 E= -14191.1438434631  delta_E= -1.61e-07  |g|= 0.000188  |ddm|= 0.0019
  HOMO = -0.0146842370614427  LUMO = 0.259516635866158
cycle= 505 E= -14191.1438428746  delta_E= 5.89e-07  |g|= 0.000187  |ddm|= 0.00444
  HOMO = -0.0146842908928195  LUMO = 0.25951664766047
cycle= 506 E= -14191.1438429206  delta_E= -4.6e-08  |g|= 0.000186  |ddm|= 0.00304
  HOMO = -0.0146843667217702  LUMO = 0.259516654827135
cycle= 507 E= -14191.143842495  delta_E= 4.26e-07  |g|= 0.000186  |ddm|= 0.00159
  HOMO = -0.0146841844495054  LUMO = 0.259516619462036
cycle= 508 E= -14191.1438421901  delta_E= 3.05e-07  |g|= 0.000186  |ddm|= 0.00134
  HOMO = -0.0146843085607334  LUMO = 0.259516625332197
cycle= 509 E= -14191.1438421209  delta_E= 6.92e-08  |g|= 0.000186  |ddm|= 0.000698
  HOMO = -0.0146846564068823  LUMO = 0.259516653197993
cycle= 510 E= -14191.1438422861  delta_E= -1.65e-07  |g|= 0.000185  |ddm|= 0.00201
  HOMO = -0.014684449524045  LUMO = 0.259516634189887
cycle= 511 E= -14191.1438424098  delta_E= -1.24e-07  |g|= 0.000185  |ddm|= 0.00114
  HOMO = -0.0146846717716947  LUMO = 0.259516670508094
cycle= 512 E= -14191.1438425463  delta_E= -1.37e-07  |g|= 0.000185  |ddm|= 0.00203
  HOMO = -0.0146847527998339  LUMO = 0.259516667133885
cycle= 513 E= -14191.1438425488  delta_E= -2.5e-09  |g|= 0.000185  |ddm|= 0.00113
  HOMO = -0.0146845961395468  LUMO = 0.259516689454199
cycle= 514 E= -14191.1438424932  delta_E= 5.56e-08  |g|= 0.000185  |ddm|= 0.00142
  HOMO = -0.0146846987861005  LUMO = 0.259516681494106
cycle= 515 E= -14191.1438422643  delta_E= 2.29e-07  |g|= 0.000184  |ddm|= 0.0013
  HOMO = -0.0146848469737366  LUMO = 0.259516700249174
cycle= 516 E= -14191.143842217  delta_E= 4.73e-08  |g|= 0.000184  |ddm|= 0.000388
  HOMO = -0.0146845217343349  LUMO = 0.259516684350388
cycle= 517 E= -14191.1438421141  delta_E= 1.03e-07  |g|= 0.000184  |ddm|= 0.000569
  HOMO = -0.0146848938534566  LUMO = 0.25951669965596
cycle= 518 E= -14191.1438420587  delta_E= 5.54e-08  |g|= 0.000184  |ddm|= 0.000984
  HOMO = -0.0146848297203891  LUMO = 0.259516721184828
cycle= 519 E= -14191.1438421636  delta_E= -1.05e-07  |g|= 0.000183  |ddm|= 0.00172
  HOMO = -0.0146846179903946  LUMO = 0.259516722149237
slurmstepd: error: *** JOB 48678933 ON hpc-23-12 CANCELLED AT 2025-04-15T21:33:13 ***
