Currently Loaded Modulefiles:
 1) gmp/6.2.1-gcc-13.2.0-lcnhyse <aL>             
 2) mpfr/4.2.0-gcc-13.2.0-yy2fkq5 <aL>            
 3) mpc/1.3.1-gcc-13.2.0-5kgoftq <aL>             
 4) zlib-ng/2.1.3-gcc-13.2.0-jetnfwa <aL>         
 5) zstd/1.5.5-gcc-13.2.0-t2lua3l <aL>            
 6) gcc/13.2.0-gcc-13.2.0-w55nxkl                 
 7) cmake/3.20.2-gcc-13.2.0-rp74vpv               
 8) libfabric/1.18.1-gcc-13.2.0-bijxar4 <aL>      
 9) numactl/2.0.14-gcc-13.2.0-etkf74e <aL>        
10) openssh/8.7p1-gcc-13.2.0-g55xmkx <aL>         
11) slurm/22.05.6-gcc-13.2.0-tchsn6y <aL>         
12) openmpi/4.1.5-gcc-13.2.0-24q3ap2              
13) libpciaccess/0.17-gcc-13.2.0-r2cijnn <aL>     
14) libiconv/1.17-gcc-13.2.0-ntov4te <aL>         
15) xz/5.4.1-gcc-13.2.0-4xkm5xo <aL>              
16) libxml2/2.10.3-gcc-13.2.0-fr6jcjz <aL>        
17) ncurses/6.4-gcc-13.2.0-4o2yj6n <aL>           
18) hwloc/2.9.1-gcc-13.2.0-gzvfolk <aL>           
19) intel-tbb/2021.9.0-gcc-13.2.0-6nwk3ml <aL>    
20) intel-oneapi-mkl/2023.2.0-gcc-13.2.0-ohvyk7g  

Key:
<module-tag>  <aL>=auto-loaded  
/central/groups/changroup/members/lppeng/holmium/run/paper_final/run_Dy/conf7/GS/run_10
Tue Apr 15 10:54:09 PDT 2025
hpc-81-37.cm.cluster
--------------------------------------------------------------------------
WARNING: There was an error initializing an OpenFabrics device.

  Local host:   hpc-81-37
  Local device: mlx5_0
--------------------------------------------------------------------------
Apr 15 10:54:12 ####### 
                ####### libDMET   version 0.5
                ####### A periodic DMET library for lattice model and realistic solid.
                ####### 
#INFO: **** input file is /central/groups/changroup/members/lppeng/holmium/run/paper_final/run_Dy/conf7/GS/run_10/ground_state.py ****
'''
Example input to calculate the ground state of a molecular system
Include x2c relativistic effect
'''
import pyscf
from pyscf.scf.hf import RHF
from pyscf.dft.uks import UKS
from pyscf.dft.gks import GKS
from pyscf import lib
import os, sys
import numpy as np
import scipy.linalg as la
from scipy.linalg import sqrtm, eigh
from scipy.optimize import root
np.set_printoptions(precision=12, threshold=sys.maxsize, linewidth=190, suppress=True)
log = lib.logger.Logger(sys.stdout, 4)

if __name__ == "__main__":
    from pyscf import gto, scf, dft, lib
    from pyscf.lib import chkfile
    from stevens import cdft, project, utils
    from stevens.project import get_mj

    # system input
    geometry = 'DyCl6' # The name of geometry file minus ".xyz"
                       # Make sure first atom is the central magnetic atom 
    spin = 5 # number of unpaired electrons in a unit cell
    charge = -3 # charge of the molecule or a unit cell
    basis = {'default': '631g', 'Dy': 'sarc-dkh'} # specify basis for all elements here
    max_memory = 32000 # in the unit of MB. Recommend: memory available on a node - 10000 MB
    qmmm = True # add environment with classical charges

    # (c)HF/DFT parameters
    xc = 'HF' # functional
    smearing = None # To help HF/DFT converge, try e.g. 5e-2
    chkfname_guess = 'project' # initial guess. 'minao' for default PySCF guess; None for constrained HF; 
                # path to a checkpoint file to restart from a SCF solution.
                # 'project' to project from the SCF solution in a small basis to generate the initial guess
    chkfname_small = '../gs_small_%s.chk'%geometry # checkpoint file in a small basis. Used when chkfname_guess == 'project'
    basis_small = {'default': 'minao', 'Dy': 'cc-x2c-minao'}# the small basis associated with chkfname_small
    change_dm_mode = 'rotate' # None: no change
                          # 'positive_z': set the 4f block of dm so that J~(0,0,J)
                          # 'rotate': rotate the 4f block of dm by some angles
    atom_index = 0 # the index of central lanthanide atom
    occ_idx = 10
    noise = 0 # max noise on density matrix initial guess

    # constrained HF parameters for the initial guess
    ao_shell = 'f'
    lo_chkfname = '../../UHF/uhf_gs_%s_lo.h5'%geometry  
    multiplier0 = 0.1
    # END USER INPUT

    # set up system
    if os.path.isfile('../../' + geometry + ".xyz"):
        mol = gto.M(
            atom = '../../' + geometry + ".xyz",
            basis = basis,
            verbose = 4,
            spin = spin,
            charge = charge,
            max_memory = max_memory,
            )
        mol.set_common_origin(mol._atom[atom_index][1])
    else:
        raise ValueError("No .xyz file available!")
    log.info("N_elec %s, N_ao %s"%(mol.nelec, mol.nao))

    # generate HF/DFT initial guess
    if chkfname_guess == 'minao':
        mf = scf.GKS(mol).x2c()
        dm0 = mf.get_init_guess()
        print("Use PySCF default init guess")
    elif chkfname_guess is None:
        # run constrained DFT
        angles = cdft.sample_rotation('xyz', occ_idx, unit=20)
        from scipy.spatial.transform import Rotation
        direction = Rotation.from_euler('zyz', angles, degrees=False) @ [0,0,1]
        cmf = cdft.CGKS(mol, direction, multiplier_guess=multiplier0, max_cycle=300,
                atom_index=atom_index, ao_shell='f', lo_chkfname=lo_chkfname, xc=xc, smearing=smearing)
        cmf.kernel()
        dm0 = cmf._scf.make_rdm1()
        print("Contrained SCF solution as init guess")
    elif chkfname_guess == 'project':
        # project dm0 in a small basis to the larger basis 
        dm0 = utils.project_dm_from_small_basis(mol, basis_small, chkfname_small, change_dm_mode, atom_index=atom_index, occ_idx=occ_idx)
        print("Project wavefunction in a smaller basis to the target basis as init guess")
    else:
        mf = scf.GKS(mol).x2c()
        data = chkfile.load(chkfname_guess, 'scf')
        mf.__dict__.update(data)
        dm0 = mf.make_rdm1()
        mf.analyze(with_meta_lowdin=False)
        print("Load .chk file for init guess")
    if change_dm_mode is not None and not chkfname_guess == 'project': # when chkfname_guess == 'project', change in small basis
        dm0 = utils.change_dm_guess(mol, dm0, change_dm_mode, atom_index=atom_index, occ_idx=occ_idx)
    dm0 += (np.random.rand(*(dm0.shape)) - 0.5) * noise  
    print("J vector of initial guess", get_mj(mol, dm0, analyze=True))

    # run HF/DFT
    mf = scf.GKS(mol).x2c()
    mf.xc = xc
    if xc.upper() != 'HF':
        mf.collinear = 'mcol'
        mf.grids.level = 6 
    mf.chkfile = 'gs_' + geometry + '.chk' 
    mf.max_cycle = 1000 
    if smearing is not None:
        mf = scf.addons.smearing_(mf, sigma=smearing, method="fermi")
    if qmmm: # add the precomputed potential from environmental classical charges 
        get_hcore_original = mf.get_hcore
        hcore_mm = np.load('../../mm_hcore.npy')
        def get_hcore_mm(self, mol=None):
            return get_hcore_original(mol=mol) + la.block_diag(hcore_mm, hcore_mm)
        import types
        mf.get_hcore = types.MethodType(get_hcore_mm, mf)
    mf.kernel(dm0=dm0)
    dm = mf.make_rdm1()
    print("S vector", get_mj(mol, dm, include_L=False))
    print("L vector", get_mj(mol, dm, include_S=False))
    print("J vector", get_mj(mol, dm))
#INFO: ******************** input file end ********************


System: uname_result(system='Linux', node='hpc-81-37.cm.cluster', release='5.14.0-427.13.1.el9_4.x86_64', version='#1 SMP PREEMPT_DYNAMIC Wed Apr 10 10:29:16 EDT 2024', machine='x86_64')  Threads 8
Python 3.11.6 | packaged by conda-forge | (main, Oct  3 2023, 10:40:35) [GCC 12.3.0]
numpy 1.26.0  scipy 1.11.3
Date: Tue Apr 15 10:54:14 2025
PySCF version 2.5.0
PySCF path  /home/lppeng/anaconda3/envs/nerscV25/lib/python3.11/site-packages/pyscf

[CONFIG] conf_file None
[INPUT] verbose = 4
[INPUT] num. atoms = 7
[INPUT] num. electrons = 171
[INPUT] charge = -3
[INPUT] spin (= nelec alpha-beta = 2S) = 5
[INPUT] symmetry False subgroup None
[INPUT] Mole.unit = angstrom
[INPUT] Symbol           X                Y                Z      unit          X                Y                Z       unit  Magmom
[INPUT]  1 Dy     0.000000000000   0.000000000000   0.000000000000 AA    0.000000000000   0.000000000000   0.000000000000 Bohr   0.0
[INPUT]  2 Cl     2.724000000000   0.000000000000   0.000000000000 AA    5.147613963315   0.000000000000   0.000000000000 Bohr   0.0
[INPUT]  3 Cl    -2.724000000000   0.000000000000   0.000000000000 AA   -5.147613963315   0.000000000000   0.000000000000 Bohr   0.0
[INPUT]  4 Cl     0.000000000000   2.724000000000   0.000000000000 AA    0.000000000000   5.147613963315   0.000000000000 Bohr   0.0
[INPUT]  5 Cl     0.000000000000  -2.724000000000   0.000000000000 AA    0.000000000000  -5.147613963315   0.000000000000 Bohr   0.0
[INPUT]  6 Cl     0.000000000000   0.000000000000   2.724000000000 AA    0.000000000000   0.000000000000   5.147613963315 Bohr   0.0
[INPUT]  7 Cl     0.000000000000   0.000000000000  -2.724000000000 AA    0.000000000000   0.000000000000  -5.147613963315 Bohr   0.0

nuclear repulsion = 1868.38919656687
number of shells = 84
number of NR pGTOs = 449
number of NR cGTOs = 198
basis = {'default': '631g', 'Dy': 'sarc-dkh'}
ecp = {}
CPU time:         3.09
N_elec (88, 83), N_ao 198
#INFO: **** input file is /central/groups/changroup/members/lppeng/holmium/run/paper_final/run_Dy/conf7/GS/run_10/ground_state.py ****
'''
Example input to calculate the ground state of a molecular system
Include x2c relativistic effect
'''
import pyscf
from pyscf.scf.hf import RHF
from pyscf.dft.uks import UKS
from pyscf.dft.gks import GKS
from pyscf import lib
import os, sys
import numpy as np
import scipy.linalg as la
from scipy.linalg import sqrtm, eigh
from scipy.optimize import root
np.set_printoptions(precision=12, threshold=sys.maxsize, linewidth=190, suppress=True)
log = lib.logger.Logger(sys.stdout, 4)

if __name__ == "__main__":
    from pyscf import gto, scf, dft, lib
    from pyscf.lib import chkfile
    from stevens import cdft, project, utils
    from stevens.project import get_mj

    # system input
    geometry = 'DyCl6' # The name of geometry file minus ".xyz"
                       # Make sure first atom is the central magnetic atom 
    spin = 5 # number of unpaired electrons in a unit cell
    charge = -3 # charge of the molecule or a unit cell
    basis = {'default': '631g', 'Dy': 'sarc-dkh'} # specify basis for all elements here
    max_memory = 32000 # in the unit of MB. Recommend: memory available on a node - 10000 MB
    qmmm = True # add environment with classical charges

    # (c)HF/DFT parameters
    xc = 'HF' # functional
    smearing = None # To help HF/DFT converge, try e.g. 5e-2
    chkfname_guess = 'project' # initial guess. 'minao' for default PySCF guess; None for constrained HF; 
                # path to a checkpoint file to restart from a SCF solution.
                # 'project' to project from the SCF solution in a small basis to generate the initial guess
    chkfname_small = '../gs_small_%s.chk'%geometry # checkpoint file in a small basis. Used when chkfname_guess == 'project'
    basis_small = {'default': 'minao', 'Dy': 'cc-x2c-minao'}# the small basis associated with chkfname_small
    change_dm_mode = 'rotate' # None: no change
                          # 'positive_z': set the 4f block of dm so that J~(0,0,J)
                          # 'rotate': rotate the 4f block of dm by some angles
    atom_index = 0 # the index of central lanthanide atom
    occ_idx = 10
    noise = 0 # max noise on density matrix initial guess

    # constrained HF parameters for the initial guess
    ao_shell = 'f'
    lo_chkfname = '../../UHF/uhf_gs_%s_lo.h5'%geometry  
    multiplier0 = 0.1
    # END USER INPUT

    # set up system
    if os.path.isfile('../../' + geometry + ".xyz"):
        mol = gto.M(
            atom = '../../' + geometry + ".xyz",
            basis = basis,
            verbose = 4,
            spin = spin,
            charge = charge,
            max_memory = max_memory,
            )
        mol.set_common_origin(mol._atom[atom_index][1])
    else:
        raise ValueError("No .xyz file available!")
    log.info("N_elec %s, N_ao %s"%(mol.nelec, mol.nao))

    # generate HF/DFT initial guess
    if chkfname_guess == 'minao':
        mf = scf.GKS(mol).x2c()
        dm0 = mf.get_init_guess()
        print("Use PySCF default init guess")
    elif chkfname_guess is None:
        # run constrained DFT
        angles = cdft.sample_rotation('xyz', occ_idx, unit=20)
        from scipy.spatial.transform import Rotation
        direction = Rotation.from_euler('zyz', angles, degrees=False) @ [0,0,1]
        cmf = cdft.CGKS(mol, direction, multiplier_guess=multiplier0, max_cycle=300,
                atom_index=atom_index, ao_shell='f', lo_chkfname=lo_chkfname, xc=xc, smearing=smearing)
        cmf.kernel()
        dm0 = cmf._scf.make_rdm1()
        print("Contrained SCF solution as init guess")
    elif chkfname_guess == 'project':
        # project dm0 in a small basis to the larger basis 
        dm0 = utils.project_dm_from_small_basis(mol, basis_small, chkfname_small, change_dm_mode, atom_index=atom_index, occ_idx=occ_idx)
        print("Project wavefunction in a smaller basis to the target basis as init guess")
    else:
        mf = scf.GKS(mol).x2c()
        data = chkfile.load(chkfname_guess, 'scf')
        mf.__dict__.update(data)
        dm0 = mf.make_rdm1()
        mf.analyze(with_meta_lowdin=False)
        print("Load .chk file for init guess")
    if change_dm_mode is not None and not chkfname_guess == 'project': # when chkfname_guess == 'project', change in small basis
        dm0 = utils.change_dm_guess(mol, dm0, change_dm_mode, atom_index=atom_index, occ_idx=occ_idx)
    dm0 += (np.random.rand(*(dm0.shape)) - 0.5) * noise  
    print("J vector of initial guess", get_mj(mol, dm0, analyze=True))

    # run HF/DFT
    mf = scf.GKS(mol).x2c()
    mf.xc = xc
    if xc.upper() != 'HF':
        mf.collinear = 'mcol'
        mf.grids.level = 6 
    mf.chkfile = 'gs_' + geometry + '.chk' 
    mf.max_cycle = 1000 
    if smearing is not None:
        mf = scf.addons.smearing_(mf, sigma=smearing, method="fermi")
    if qmmm: # add the precomputed potential from environmental classical charges 
        get_hcore_original = mf.get_hcore
        hcore_mm = np.load('../../mm_hcore.npy')
        def get_hcore_mm(self, mol=None):
            return get_hcore_original(mol=mol) + la.block_diag(hcore_mm, hcore_mm)
        import types
        mf.get_hcore = types.MethodType(get_hcore_mm, mf)
    mf.kernel(dm0=dm0)
    dm = mf.make_rdm1()
    print("S vector", get_mj(mol, dm, include_L=False))
    print("L vector", get_mj(mol, dm, include_S=False))
    print("J vector", get_mj(mol, dm))
#INFO: ******************** input file end ********************


System: uname_result(system='Linux', node='hpc-81-37.cm.cluster', release='5.14.0-427.13.1.el9_4.x86_64', version='#1 SMP PREEMPT_DYNAMIC Wed Apr 10 10:29:16 EDT 2024', machine='x86_64')  Threads 8
Python 3.11.6 | packaged by conda-forge | (main, Oct  3 2023, 10:40:35) [GCC 12.3.0]
numpy 1.26.0  scipy 1.11.3
Date: Tue Apr 15 10:54:14 2025
PySCF version 2.5.0
PySCF path  /home/lppeng/anaconda3/envs/nerscV25/lib/python3.11/site-packages/pyscf

[CONFIG] conf_file None
[INPUT] verbose = 4
[INPUT] num. atoms = 7
[INPUT] num. electrons = 171
[INPUT] charge = -3
[INPUT] spin (= nelec alpha-beta = 2S) = 5
[INPUT] symmetry False subgroup None
[INPUT] Mole.unit = angstrom
[INPUT] Symbol           X                Y                Z      unit          X                Y                Z       unit  Magmom
[INPUT]  1 Dy     0.000000000000   0.000000000000   0.000000000000 AA    0.000000000000   0.000000000000   0.000000000000 Bohr   0.0
[INPUT]  2 Cl     2.724000000000   0.000000000000   0.000000000000 AA    5.147613963315   0.000000000000   0.000000000000 Bohr   0.0
[INPUT]  3 Cl    -2.724000000000   0.000000000000   0.000000000000 AA   -5.147613963315   0.000000000000   0.000000000000 Bohr   0.0
[INPUT]  4 Cl     0.000000000000   2.724000000000   0.000000000000 AA    0.000000000000   5.147613963315   0.000000000000 Bohr   0.0
[INPUT]  5 Cl     0.000000000000  -2.724000000000   0.000000000000 AA    0.000000000000  -5.147613963315   0.000000000000 Bohr   0.0
[INPUT]  6 Cl     0.000000000000   0.000000000000   2.724000000000 AA    0.000000000000   0.000000000000   5.147613963315 Bohr   0.0
[INPUT]  7 Cl     0.000000000000   0.000000000000  -2.724000000000 AA    0.000000000000   0.000000000000  -5.147613963315 Bohr   0.0

nuclear repulsion = 1868.38919656687
number of shells = 16
number of NR pGTOs = 511
number of NR cGTOs = 89
basis = {'default': 'minao', 'Dy': 'cc-x2c-minao'}
ecp = {}
CPU time:         3.23
basis {'default': '631g', 'Dy': 'sarc-dkh'} 198
basis {'default': 'minao', 'Dy': 'cc-x2c-minao'} 89
(3, 89, 89) 89
Haar random target direction [0.9510565162951535, 0.3090169943749474, 6.123233995736766e-17]
Haar random total rotation [0.     1.5708 0.3142]
Rotated f-block dm by angles from +z [0.     1.5708 0.3142]
Project wavefunction in a smaller basis to the target basis as init guess
(3, 198, 198) 198
elemental J of ['Cl' 'Dy']
  Cl -0.0007+0.0000j -0.0001-0.0000j 0.0310+0.0000j 
  Dy 7.0934+0.0000j 2.3048-0.0000j -0.0169-0.0000j 
J vector of initial guess [7.0927+0.j 2.3045-0.j 0.0141+0.j]


******** <class 'pyscf.x2c.x2c.X2C1eGKS'> ********
method = X2C1eGKS
initial guess = minao
damping factor = 0
level_shift factor = 0
DIIS = <class 'pyscf.scf.diis.CDIIS'>
diis_start_cycle = 1
diis_space = 8
diis_damp = 0
SCF conv_tol = 1e-09
SCF conv_tol_grad = None
SCF max_cycles = 1000
direct_scf = True
direct_scf_tol = 1e-13
chkfile to save SCF result = gs_DyCl6.chk
max_memory 32000 MB (current use 166 MB)
XC library pyscf.dft.libxc version 6.1.0
    S. Lehtola, C. Steigemann, M. J.T. Oliveira, and M. A.L. Marques.,  SoftwareX 7, 1–5 (2018)
XC functionals = HF

radial grids: 
    Treutler-Ahlrichs [JCP 102, 346 (1995); DOI:10.1063/1.469408] (M4) radial grids
    
becke partition: Becke, JCP 88, 2547 (1988); DOI:10.1063/1.454033
pruning grids: <function nwchem_prune at 0x7f979c8a5e40>
grids dens level: 3
symmetrized grids: False
atomic radii adjust function: <function treutler_atomic_radii_adjust at 0x7f979c8a6480>
small_rho_cutoff = 1e-07
collinear = col


******** <class 'pyscf.x2c.x2c.SpinOrbitalX2CHelper'> ********
approx = 1e
xuncontract = 1
Overwritten attributes  get_hcore  of <class 'pyscf.x2c.x2c.X2C1eGKS'>
Set gradient conv threshold to 3.16228e-05
tot grids = 134432
init E= -14971.0805354041
  HOMO = -0.283052814562786  LUMO = -0.067172516336489
cycle= 1 E= -14978.6066347137  delta_E= -7.53  |g|= 1.62  |ddm|= 2.41
  HOMO = -0.297060431768162  LUMO = 0.124194504638114
cycle= 2 E= -14978.7096485326  delta_E= -0.103  |g|= 0.67  |ddm|= 1.11
  HOMO = -0.322203307976802  LUMO = 0.122303305216791
cycle= 3 E= -14978.7609648491  delta_E= -0.0513  |g|= 0.274  |ddm|= 0.511
  HOMO = -0.322373205884528  LUMO = 0.122631957475081
cycle= 4 E= -14978.7668761201  delta_E= -0.00591  |g|= 0.0215  |ddm|= 0.091
  HOMO = -0.323567842113168  LUMO = 0.122828366737079
cycle= 5 E= -14978.7670817323  delta_E= -0.000206  |g|= 0.00616  |ddm|= 0.0249
  HOMO = -0.323433124944943  LUMO = 0.122834932612249
cycle= 6 E= -14978.7671430958  delta_E= -6.14e-05  |g|= 0.00491  |ddm|= 0.0107
  HOMO = -0.323485774718342  LUMO = 0.122841498013435
cycle= 7 E= -14978.7672282939  delta_E= -8.52e-05  |g|= 0.00363  |ddm|= 0.0144
  HOMO = -0.323349314873134  LUMO = 0.122838609596847
cycle= 8 E= -14978.7673118857  delta_E= -8.36e-05  |g|= 0.00167  |ddm|= 0.0234
  HOMO = -0.323443720402847  LUMO = 0.122835654490404
cycle= 9 E= -14978.7673274627  delta_E= -1.56e-05  |g|= 0.000686  |ddm|= 0.0121
  HOMO = -0.32343574799511  LUMO = 0.122834877361168
cycle= 10 E= -14978.7673288715  delta_E= -1.41e-06  |g|= 0.000487  |ddm|= 0.00257
  HOMO = -0.323442263158791  LUMO = 0.122835349332182
cycle= 11 E= -14978.7673297236  delta_E= -8.52e-07  |g|= 0.000394  |ddm|= 0.00158
  HOMO = -0.323440463632921  LUMO = 0.12283574382118
cycle= 12 E= -14978.7673304479  delta_E= -7.24e-07  |g|= 0.000352  |ddm|= 0.00138
  HOMO = -0.323443879675432  LUMO = 0.122835251205842
cycle= 13 E= -14978.767331168  delta_E= -7.2e-07  |g|= 0.000332  |ddm|= 0.00149
  HOMO = -0.323438643834268  LUMO = 0.122835276433816
cycle= 14 E= -14978.7673317227  delta_E= -5.55e-07  |g|= 0.000324  |ddm|= 0.00118
  HOMO = -0.32343942572038  LUMO = 0.12283540586319
cycle= 15 E= -14978.7673324339  delta_E= -7.11e-07  |g|= 0.000316  |ddm|= 0.00154
  HOMO = -0.323438786237201  LUMO = 0.122835276815956
cycle= 16 E= -14978.7673344747  delta_E= -2.04e-06  |g|= 0.000295  |ddm|= 0.00471
  HOMO = -0.323437129820936  LUMO = 0.122835382006055
cycle= 17 E= -14978.7673362835  delta_E= -1.81e-06  |g|= 0.000284  |ddm|= 0.00456
  HOMO = -0.323438644333093  LUMO = 0.122835041324487
cycle= 18 E= -14978.7673372139  delta_E= -9.3e-07  |g|= 0.000279  |ddm|= 0.00242
  HOMO = -0.323437314099087  LUMO = 0.122835168137262
cycle= 19 E= -14978.7673381487  delta_E= -9.35e-07  |g|= 0.000276  |ddm|= 0.00244
  HOMO = -0.323436848084889  LUMO = 0.122835192921568
cycle= 20 E= -14978.767338756  delta_E= -6.07e-07  |g|= 0.000274  |ddm|= 0.00158
  HOMO = -0.323436269349841  LUMO = 0.122835175561261
cycle= 21 E= -14978.7673391599  delta_E= -4.04e-07  |g|= 0.000273  |ddm|= 0.00104
  HOMO = -0.323436148034315  LUMO = 0.122835207517733
cycle= 22 E= -14978.7673397862  delta_E= -6.26e-07  |g|= 0.000272  |ddm|= 0.0016
  HOMO = -0.323435339525573  LUMO = 0.122835123463264
cycle= 23 E= -14978.7673405878  delta_E= -8.02e-07  |g|= 0.000272  |ddm|= 0.00205
  HOMO = -0.323435641603258  LUMO = 0.122835112735311
cycle= 24 E= -14978.7673411877  delta_E= -6e-07  |g|= 0.000271  |ddm|= 0.00153
  HOMO = -0.323435002484765  LUMO = 0.122835134289113
cycle= 25 E= -14978.7673418518  delta_E= -6.64e-07  |g|= 0.000271  |ddm|= 0.0017
  HOMO = -0.323434336139398  LUMO = 0.12283516969947
cycle= 26 E= -14978.7673429652  delta_E= -1.11e-06  |g|= 0.00027  |ddm|= 0.00286
  HOMO = -0.323434001517919  LUMO = 0.122835126220353
cycle= 27 E= -14978.7673440519  delta_E= -1.09e-06  |g|= 0.00027  |ddm|= 0.0028
  HOMO = -0.323433191799065  LUMO = 0.122835100319375
cycle= 28 E= -14978.7673453306  delta_E= -1.28e-06  |g|= 0.000269  |ddm|= 0.0033
  HOMO = -0.32343263506238  LUMO = 0.122835029850667
cycle= 29 E= -14978.7673472932  delta_E= -1.96e-06  |g|= 0.000269  |ddm|= 0.00507
  HOMO = -0.32343153446941  LUMO = 0.122835113493372
cycle= 30 E= -14978.7673492475  delta_E= -1.95e-06  |g|= 0.000268  |ddm|= 0.00507
  HOMO = -0.323429994101511  LUMO = 0.122835087450109
cycle= 31 E= -14978.767352304  delta_E= -3.06e-06  |g|= 0.000267  |ddm|= 0.00795
  HOMO = -0.323428219319126  LUMO = 0.122835113613114
cycle= 32 E= -14978.767356601  delta_E= -4.3e-06  |g|= 0.000265  |ddm|= 0.0112
  HOMO = -0.32342540482472  LUMO = 0.122834995716246
cycle= 33 E= -14978.7673626207  delta_E= -6.02e-06  |g|= 0.000266  |ddm|= 0.0159
  HOMO = -0.323425446659214  LUMO = 0.122834992834468
cycle= 34 E= -14978.7673623897  delta_E= 2.31e-07  |g|= 0.000265  |ddm|= 0.000618
  HOMO = -0.323421768525816  LUMO = 0.122834979827588
cycle= 35 E= -14978.7673697173  delta_E= -7.33e-06  |g|= 0.000275  |ddm|= 0.0197
  HOMO = -0.323422216352553  LUMO = 0.122835002090649
cycle= 36 E= -14978.7673689452  delta_E= 7.72e-07  |g|= 0.000266  |ddm|= 0.0021
  HOMO = -0.32342047265476  LUMO = 0.122835014825055
cycle= 37 E= -14978.7673717118  delta_E= -2.77e-06  |g|= 0.000267  |ddm|= 0.00749
  HOMO = -0.323419339994081  LUMO = 0.122835061886392
cycle= 38 E= -14978.7673756182  delta_E= -3.91e-06  |g|= 0.000272  |ddm|= 0.0107
  HOMO = -0.323419034214044  LUMO = 0.12283503636409
cycle= 39 E= -14978.7673755022  delta_E= 1.16e-07  |g|= 0.000259  |ddm|= 0.000528
  HOMO = -0.32341823178701  LUMO = 0.122834978879069
cycle= 40 E= -14978.7673770128  delta_E= -1.51e-06  |g|= 0.000259  |ddm|= 0.00414
  HOMO = -0.323416395095896  LUMO = 0.122835046193285
cycle= 41 E= -14978.76738052  delta_E= -3.51e-06  |g|= 0.000262  |ddm|= 0.00968
  HOMO = -0.323416287360899  LUMO = 0.122834967544763
cycle= 42 E= -14978.767380849  delta_E= -3.29e-07  |g|= 0.000254  |ddm|= 0.000996
  HOMO = -0.323413967502004  LUMO = 0.122835019097867
cycle= 43 E= -14978.7673869333  delta_E= -6.08e-06  |g|= 0.000265  |ddm|= 0.017
  HOMO = -0.323413853970824  LUMO = 0.122834998993219
cycle= 44 E= -14978.7673876962  delta_E= -7.63e-07  |g|= 0.00025  |ddm|= 0.00217
  HOMO = -0.323410444459903  LUMO = 0.122834888828813
cycle= 45 E= -14978.7673929122  delta_E= -5.22e-06  |g|= 0.000258  |ddm|= 0.0149
  HOMO = -0.323410571644183  LUMO = 0.122834990331429
cycle= 46 E= -14978.7673946089  delta_E= -1.7e-06  |g|= 0.00025  |ddm|= 0.00489
  HOMO = -0.32340794277824  LUMO = 0.122834914109135
cycle= 47 E= -14978.7673988737  delta_E= -4.26e-06  |g|= 0.000244  |ddm|= 0.0124
  HOMO = -0.323406605571107  LUMO = 0.122834899893734
cycle= 48 E= -14978.7674018405  delta_E= -2.97e-06  |g|= 0.000242  |ddm|= 0.00871
  HOMO = -0.323406313163273  LUMO = 0.122834811263121
cycle= 49 E= -14978.7674051856  delta_E= -3.35e-06  |g|= 0.000242  |ddm|= 0.00988
  HOMO = -0.323403542119291  LUMO = 0.122834702834101
cycle= 50 E= -14978.7674100096  delta_E= -4.82e-06  |g|= 0.00024  |ddm|= 0.0145
  HOMO = -0.323402136003522  LUMO = 0.122834698658914
cycle= 51 E= -14978.7674124779  delta_E= -2.47e-06  |g|= 0.000261  |ddm|= 0.00747
  HOMO = -0.323401771610115  LUMO = 0.122834707478385
cycle= 52 E= -14978.767413434  delta_E= -9.56e-07  |g|= 0.00025  |ddm|= 0.00291
  HOMO = -0.323398495238355  LUMO = 0.12283459861519
cycle= 53 E= -14978.7674183362  delta_E= -4.9e-06  |g|= 0.000235  |ddm|= 0.0152
  HOMO = -0.323398320849513  LUMO = 0.122834626981353
cycle= 54 E= -14978.7674248098  delta_E= -6.47e-06  |g|= 0.000321  |ddm|= 0.0204
  HOMO = -0.323394272191657  LUMO = 0.122834365154155
cycle= 55 E= -14978.7674320646  delta_E= -7.25e-06  |g|= 0.000249  |ddm|= 0.0237
  HOMO = -0.323390336867374  LUMO = 0.12283423452552
cycle= 56 E= -14978.7674406808  delta_E= -8.62e-06  |g|= 0.000235  |ddm|= 0.0292
  HOMO = -0.323386500536805  LUMO = 0.122834115134346
cycle= 57 E= -14978.7674476156  delta_E= -6.93e-06  |g|= 0.000208  |ddm|= 0.0245
  HOMO = -0.323380847129629  LUMO = 0.122833815320822
cycle= 58 E= -14978.7674594122  delta_E= -1.18e-05  |g|= 0.00043  |ddm|= 0.0452
  HOMO = -0.323381967312979  LUMO = 0.122833976609082
cycle= 59 E= -14978.7674588544  delta_E= 5.58e-07  |g|= 0.000335  |ddm|= 0.00397
  HOMO = -0.323379038943845  LUMO = 0.122833723244962
cycle= 60 E= -14978.7674650381  delta_E= -6.18e-06  |g|= 0.00034  |ddm|= 0.0248
  HOMO = -0.323378963185306  LUMO = 0.122833745582283
cycle= 61 E= -14978.7674671736  delta_E= -2.14e-06  |g|= 0.000496  |ddm|= 0.00913
  HOMO = -0.323378188407614  LUMO = 0.122833713810863
cycle= 62 E= -14978.7674690052  delta_E= -1.83e-06  |g|= 0.000584  |ddm|= 0.00796
  HOMO = -0.323374029601838  LUMO = 0.12283335294711
cycle= 63 E= -14978.7674740582  delta_E= -5.05e-06  |g|= 0.000414  |ddm|= 0.0228
  HOMO = -0.32337553536016  LUMO = 0.122833544765302
cycle= 64 E= -14978.7674748629  delta_E= -8.05e-07  |g|= 0.000421  |ddm|= 0.0048
  HOMO = -0.323371389309445  LUMO = 0.122833228987431
cycle= 65 E= -14978.7674821783  delta_E= -7.32e-06  |g|= 0.000235  |ddm|= 0.0346
  HOMO = -0.323371051920398  LUMO = 0.122833204109105
cycle= 66 E= -14978.7674834478  delta_E= -1.27e-06  |g|= 0.000161  |ddm|= 0.00618
  HOMO = -0.323368617598366  LUMO = 0.122833003679238
cycle= 67 E= -14978.7674891507  delta_E= -5.7e-06  |g|= 0.00019  |ddm|= 0.0302
  HOMO = -0.323368137552446  LUMO = 0.12283296334994
cycle= 68 E= -14978.7674913098  delta_E= -2.16e-06  |g|= 0.00014  |ddm|= 0.0121
  HOMO = -0.323366240406625  LUMO = 0.122832839751464
cycle= 69 E= -14978.7674961089  delta_E= -4.8e-06  |g|= 0.000153  |ddm|= 0.0291
  HOMO = -0.323365331714104  LUMO = 0.122832778570827
cycle= 70 E= -14978.7674982278  delta_E= -2.12e-06  |g|= 0.000133  |ddm|= 0.0139
  HOMO = -0.323364543200297  LUMO = 0.122832713642628
cycle= 71 E= -14978.7674995813  delta_E= -1.35e-06  |g|= 0.000137  |ddm|= 0.00932
  HOMO = -0.323364692920836  LUMO = 0.122832757044888
cycle= 72 E= -14978.7674999772  delta_E= -3.96e-07  |g|= 0.000182  |ddm|= 0.00325
  HOMO = -0.32336315943727  LUMO = 0.122832617177028
cycle= 73 E= -14978.7675019996  delta_E= -2.02e-06  |g|= 0.000169  |ddm|= 0.0145
  HOMO = -0.323362774132289  LUMO = 0.122832599920429
cycle= 74 E= -14978.7675039767  delta_E= -1.98e-06  |g|= 0.000116  |ddm|= 0.0154
  HOMO = -0.323362500010204  LUMO = 0.122832570907274
cycle= 75 E= -14978.7675051453  delta_E= -1.17e-06  |g|= 0.00011  |ddm|= 0.00978
  HOMO = -0.323361343511435  LUMO = 0.122832472085925
cycle= 76 E= -14978.7675074667  delta_E= -2.32e-06  |g|= 0.000168  |ddm|= 0.0206
  HOMO = -0.323361960160686  LUMO = 0.122832535467004
cycle= 77 E= -14978.767507141  delta_E= 3.26e-07  |g|= 0.000191  |ddm|= 0.00295
  HOMO = -0.323360617872409  LUMO = 0.122832419683582
cycle= 78 E= -14978.7675090556  delta_E= -1.91e-06  |g|= 0.000128  |ddm|= 0.0179
  HOMO = -0.323360316637074  LUMO = 0.122832432193065
cycle= 79 E= -14978.7675095478  delta_E= -4.92e-07  |g|= 9.65e-05  |ddm|= 0.00513
  HOMO = -0.323359796844791  LUMO = 0.122832365866495
cycle= 80 E= -14978.7675107357  delta_E= -1.19e-06  |g|= 9.33e-05  |ddm|= 0.0131
  HOMO = -0.323360028790861  LUMO = 0.122832381432734
cycle= 81 E= -14978.7675112534  delta_E= -5.18e-07  |g|= 7.77e-05  |ddm|= 0.00623
  HOMO = -0.32335980399985  LUMO = 0.122832361579093
cycle= 82 E= -14978.7675116878  delta_E= -4.34e-07  |g|= 6.61e-05  |ddm|= 0.00537
  HOMO = -0.323359946026021  LUMO = 0.122832367167566
cycle= 83 E= -14978.7675119728  delta_E= -2.85e-07  |g|= 7.05e-05  |ddm|= 0.00365
  HOMO = -0.323359656272609  LUMO = 0.122832344550077
cycle= 84 E= -14978.7675123316  delta_E= -3.59e-07  |g|= 5.84e-05  |ddm|= 0.0048
  HOMO = -0.323359451997575  LUMO = 0.122832336394131
cycle= 85 E= -14978.7675124654  delta_E= -1.34e-07  |g|= 5.28e-05  |ddm|= 0.00186
  HOMO = -0.32335946548178  LUMO = 0.122832331616409
cycle= 86 E= -14978.7675125026  delta_E= -3.72e-08  |g|= 5.17e-05  |ddm|= 0.000521
  HOMO = -0.323359431848845  LUMO = 0.122832333263384
cycle= 87 E= -14978.7675125497  delta_E= -4.72e-08  |g|= 5.02e-05  |ddm|= 0.00067
  HOMO = -0.323359433676338  LUMO = 0.122832332437728
cycle= 88 E= -14978.767512595  delta_E= -4.53e-08  |g|= 4.94e-05  |ddm|= 0.000647
  HOMO = -0.323359453256133  LUMO = 0.122832333549461
cycle= 89 E= -14978.7675126241  delta_E= -2.92e-08  |g|= 4.88e-05  |ddm|= 0.000415
  HOMO = -0.323359411575955  LUMO = 0.122832329019401
cycle= 90 E= -14978.7675126813  delta_E= -5.72e-08  |g|= 4.81e-05  |ddm|= 0.000824
  HOMO = -0.323359389789203  LUMO = 0.122832330893343
cycle= 91 E= -14978.7675127064  delta_E= -2.51e-08  |g|= 4.78e-05  |ddm|= 0.000364
  HOMO = -0.323359335212545  LUMO = 0.122832324714484
cycle= 92 E= -14978.7675127572  delta_E= -5.07e-08  |g|= 4.74e-05  |ddm|= 0.000742
  HOMO = -0.323359296576507  LUMO = 0.122832327843278
cycle= 93 E= -14978.7675128563  delta_E= -9.92e-08  |g|= 4.67e-05  |ddm|= 0.00147
  HOMO = -0.323359239621817  LUMO = 0.122832319791511
cycle= 94 E= -14978.7675129871  delta_E= -1.31e-07  |g|= 4.61e-05  |ddm|= 0.00198
  HOMO = -0.323359208869508  LUMO = 0.12283231584602
cycle= 95 E= -14978.7675130896  delta_E= -1.02e-07  |g|= 4.56e-05  |ddm|= 0.00158
  HOMO = -0.323359154147305  LUMO = 0.122832312835774
cycle= 96 E= -14978.7675132324  delta_E= -1.43e-07  |g|= 4.48e-05  |ddm|= 0.00224
  HOMO = -0.323359048386904  LUMO = 0.122832304473312
cycle= 97 E= -14978.7675134094  delta_E= -1.77e-07  |g|= 4.41e-05  |ddm|= 0.00285
  HOMO = -0.323359015860951  LUMO = 0.122832301665087
cycle= 98 E= -14978.7675135754  delta_E= -1.66e-07  |g|= 4.34e-05  |ddm|= 0.00275
  HOMO = -0.323358964672615  LUMO = 0.122832298069723
cycle= 99 E= -14978.7675137595  delta_E= -1.84e-07  |g|= 4.25e-05  |ddm|= 0.00313
  HOMO = -0.323358858496676  LUMO = 0.122832284287897
cycle= 100 E= -14978.7675140072  delta_E= -2.48e-07  |g|= 4.13e-05  |ddm|= 0.00439
  HOMO = -0.32335878754673  LUMO = 0.122832280943941
cycle= 101 E= -14978.7675142288  delta_E= -2.22e-07  |g|= 3.99e-05  |ddm|= 0.00413
  HOMO = -0.323358650982145  LUMO = 0.122832265880173
cycle= 102 E= -14978.7675145073  delta_E= -2.79e-07  |g|= 3.87e-05  |ddm|= 0.00551
  HOMO = -0.323358456124295  LUMO = 0.122832253755498
cycle= 103 E= -14978.7675148409  delta_E= -3.34e-07  |g|= 3.71e-05  |ddm|= 0.0072
  HOMO = -0.323358415293989  LUMO = 0.122832248440599
cycle= 104 E= -14978.767515092  delta_E= -2.51e-07  |g|= 3.51e-05  |ddm|= 0.00598
  HOMO = -0.323358285203502  LUMO = 0.122832238993824
cycle= 105 E= -14978.7675153146  delta_E= -2.23e-07  |g|= 3.51e-05  |ddm|= 0.00585
  HOMO = -0.323358328450354  LUMO = 0.122832243314937
cycle= 106 E= -14978.7675153055  delta_E= 9.14e-09  |g|= 3.36e-05  |ddm|= 0.000288
  HOMO = -0.323358229051248  LUMO = 0.122832233496982
cycle= 107 E= -14978.7675154546  delta_E= -1.49e-07  |g|= 3.83e-05  |ddm|= 0.00428
  HOMO = -0.323358195828854  LUMO = 0.122832234721635
cycle= 108 E= -14978.7675155075  delta_E= -5.29e-08  |g|= 3.2e-05  |ddm|= 0.00151
  HOMO = -0.323358170101122  LUMO = 0.122832231115132
cycle= 109 E= -14978.7675156005  delta_E= -9.3e-08  |g|= 3.03e-05  |ddm|= 0.00276
  HOMO = -0.323358157448217  LUMO = 0.122832231071844
cycle= 110 E= -14978.7675156884  delta_E= -8.79e-08  |g|= 2.78e-05  |ddm|= 0.00281
  HOMO = -0.32335814317322  LUMO = 0.12283222935198
cycle= 111 E= -14978.7675157529  delta_E= -6.45e-08  |g|= 2.67e-05  |ddm|= 0.00208
  HOMO = -0.323358075111321  LUMO = 0.12283222279594
cycle= 112 E= -14978.7675159867  delta_E= -2.34e-07  |g|= 2.67e-05  |ddm|= 0.00901
  HOMO = -0.323357962000918  LUMO = 0.122832215124417
cycle= 113 E= -14978.7675161026  delta_E= -1.16e-07  |g|= 2.12e-05  |ddm|= 0.00544
  HOMO = -0.323357975301848  LUMO = 0.122832221637674
cycle= 114 E= -14978.7675161484  delta_E= -4.58e-08  |g|= 2.06e-05  |ddm|= 0.00239
  HOMO = -0.323357911906778  LUMO = 0.122832211820492
cycle= 115 E= -14978.7675161948  delta_E= -4.64e-08  |g|= 1.68e-05  |ddm|= 0.00271
  HOMO = -0.32335798592486  LUMO = 0.122832218274467
cycle= 116 E= -14978.7675162243  delta_E= -2.94e-08  |g|= 1.53e-05  |ddm|= 0.00183
  HOMO = -0.323357934567979  LUMO = 0.122832213323578
cycle= 117 E= -14978.7675162492  delta_E= -2.49e-08  |g|= 1.33e-05  |ddm|= 0.00166
  HOMO = -0.323357923565717  LUMO = 0.122832213616582
cycle= 118 E= -14978.7675162742  delta_E= -2.5e-08  |g|= 1.29e-05  |ddm|= 0.00185
  HOMO = -0.323357912598218  LUMO = 0.122832213035352
cycle= 119 E= -14978.7675162877  delta_E= -1.36e-08  |g|= 1.2e-05  |ddm|= 0.00107
  HOMO = -0.323357887980708  LUMO = 0.122832212983309
cycle= 120 E= -14978.7675162952  delta_E= -7.43e-09  |g|= 1.08e-05  |ddm|= 0.000598
  HOMO = -0.323357902188945  LUMO = 0.122832210626155
cycle= 121 E= -14978.7675163052  delta_E= -1e-08  |g|= 1.01e-05  |ddm|= 0.000861
  HOMO = -0.323357913294351  LUMO = 0.122832214101073
cycle= 122 E= -14978.7675163082  delta_E= -2.98e-09  |g|= 9.41e-06  |ddm|= 0.000242
  HOMO = -0.323357933342461  LUMO = 0.122832214205512
cycle= 123 E= -14978.7675163223  delta_E= -1.41e-08  |g|= 8.25e-06  |ddm|= 0.00132
  HOMO = -0.323357880094936  LUMO = 0.122832211985148
cycle= 124 E= -14978.7675163385  delta_E= -1.62e-08  |g|= 7.34e-06  |ddm|= 0.00167
  HOMO = -0.323357884140469  LUMO = 0.122832211911982
cycle= 125 E= -14978.7675163498  delta_E= -1.13e-08  |g|= 6.79e-06  |ddm|= 0.00131
  HOMO = -0.323357864845489  LUMO = 0.122832210455934
cycle= 126 E= -14978.7675163605  delta_E= -1.07e-08  |g|= 6.26e-06  |ddm|= 0.00138
  HOMO = -0.32335789052326  LUMO = 0.122832210330074
cycle= 127 E= -14978.767516369  delta_E= -8.42e-09  |g|= 5.66e-06  |ddm|= 0.0012
  HOMO = -0.323357892415132  LUMO = 0.122832212214695
cycle= 128 E= -14978.7675163799  delta_E= -1.1e-08  |g|= 4.97e-06  |ddm|= 0.00183
  HOMO = -0.323357885376978  LUMO = 0.122832210547415
cycle= 129 E= -14978.7675163842  delta_E= -4.3e-09  |g|= 4.43e-06  |ddm|= 0.000845
  HOMO = -0.323357869297489  LUMO = 0.122832210465067
cycle= 130 E= -14978.7675163888  delta_E= -4.62e-09  |g|= 4.05e-06  |ddm|= 0.00103
  HOMO = -0.323357872111731  LUMO = 0.122832209520011
cycle= 131 E= -14978.7675163914  delta_E= -2.6e-09  |g|= 3.81e-06  |ddm|= 0.000653
  HOMO = -0.323357880428968  LUMO = 0.122832210776126
cycle= 132 E= -14978.767516394  delta_E= -2.6e-09  |g|= 3.45e-06  |ddm|= 0.000707
  HOMO = -0.323357881665812  LUMO = 0.122832209961593
cycle= 133 E= -14978.7675163971  delta_E= -3.04e-09  |g|= 2.98e-06  |ddm|= 0.00101
  HOMO = -0.323357886099385  LUMO = 0.122832211423792
cycle= 134 E= -14978.7675163987  delta_E= -1.63e-09  |g|= 2.56e-06  |ddm|= 0.000639
  HOMO = -0.323357855382803  LUMO = 0.122832208978108
cycle= 135 E= -14978.7675163999  delta_E= -1.15e-09  |g|= 2.16e-06  |ddm|= 0.000522
  HOMO = -0.323357872027472  LUMO = 0.122832210632923
cycle= 136 E= -14978.7675164006  delta_E= -7.17e-10  |g|= 1.85e-06  |ddm|= 0.000382
  HOMO = -0.323357861344123  LUMO = 0.122832209149732
Extra cycle  E= -14978.7675164006  delta_E= -1.46e-11  |g|= 1.79e-06  |ddm|= 2.03e-06
converged SCF energy = -14978.7675164006  <S^2> = 8.2691439  2S+1 = 5.8375145
(3, 198, 198) 198
S vector [ 2.3832+0.j  0.0025-0.j -0.0002-0.j]
(3, 198, 198) 198
L vector [ 5.1165+0.j  0.0051+0.j -0.0004+0.j]
(3, 198, 198) 198
J vector [ 7.4997+0.j  0.0076-0.j -0.0006-0.j]
Tue Apr 15 10:57:39 PDT 2025
