Currently Loaded Modulefiles:
 1) gmp/6.2.1-gcc-13.2.0-lcnhyse <aL>             
 2) mpfr/4.2.0-gcc-13.2.0-yy2fkq5 <aL>            
 3) mpc/1.3.1-gcc-13.2.0-5kgoftq <aL>             
 4) zlib-ng/2.1.3-gcc-13.2.0-jetnfwa <aL>         
 5) zstd/1.5.5-gcc-13.2.0-t2lua3l <aL>            
 6) gcc/13.2.0-gcc-13.2.0-w55nxkl                 
 7) cmake/3.20.2-gcc-13.2.0-rp74vpv               
 8) libfabric/1.18.1-gcc-13.2.0-bijxar4 <aL>      
 9) numactl/2.0.14-gcc-13.2.0-etkf74e <aL>        
10) openssh/8.7p1-gcc-13.2.0-g55xmkx <aL>         
11) slurm/22.05.6-gcc-13.2.0-tchsn6y <aL>         
12) openmpi/4.1.5-gcc-13.2.0-24q3ap2              
13) libpciaccess/0.17-gcc-13.2.0-r2cijnn <aL>     
14) libiconv/1.17-gcc-13.2.0-ntov4te <aL>         
15) xz/5.4.1-gcc-13.2.0-4xkm5xo <aL>              
16) libxml2/2.10.3-gcc-13.2.0-fr6jcjz <aL>        
17) ncurses/6.4-gcc-13.2.0-4o2yj6n <aL>           
18) hwloc/2.9.1-gcc-13.2.0-gzvfolk <aL>           
19) intel-tbb/2021.9.0-gcc-13.2.0-6nwk3ml <aL>    
20) intel-oneapi-mkl/2023.2.0-gcc-13.2.0-ohvyk7g  

Key:
<module-tag>  <aL>=auto-loaded  
/central/groups/changroup/members/lppeng/holmium/run/paper_final/run_Dy/conf7/GS/run_16
Tue Apr 15 10:54:09 PDT 2025
hpc-23-07.cm.cluster
--------------------------------------------------------------------------
WARNING: There was an error initializing an OpenFabrics device.

  Local host:   hpc-23-07
  Local device: mlx5_0
--------------------------------------------------------------------------
Apr 15 10:54:12 ####### 
                ####### libDMET   version 0.5
                ####### A periodic DMET library for lattice model and realistic solid.
                ####### 
#INFO: **** input file is /central/groups/changroup/members/lppeng/holmium/run/paper_final/run_Dy/conf7/GS/run_16/ground_state.py ****
'''
Example input to calculate the ground state of a molecular system
Include x2c relativistic effect
'''
import pyscf
from pyscf.scf.hf import RHF
from pyscf.dft.uks import UKS
from pyscf.dft.gks import GKS
from pyscf import lib
import os, sys
import numpy as np
import scipy.linalg as la
from scipy.linalg import sqrtm, eigh
from scipy.optimize import root
np.set_printoptions(precision=12, threshold=sys.maxsize, linewidth=190, suppress=True)
log = lib.logger.Logger(sys.stdout, 4)

if __name__ == "__main__":
    from pyscf import gto, scf, dft, lib
    from pyscf.lib import chkfile
    from stevens import cdft, project, utils
    from stevens.project import get_mj

    # system input
    geometry = 'DyCl6' # The name of geometry file minus ".xyz"
                       # Make sure first atom is the central magnetic atom 
    spin = 5 # number of unpaired electrons in a unit cell
    charge = -3 # charge of the molecule or a unit cell
    basis = {'default': '631g', 'Dy': 'sarc-dkh'} # specify basis for all elements here
    max_memory = 32000 # in the unit of MB. Recommend: memory available on a node - 10000 MB
    qmmm = True # add environment with classical charges

    # (c)HF/DFT parameters
    xc = 'HF' # functional
    smearing = None # To help HF/DFT converge, try e.g. 5e-2
    chkfname_guess = 'project' # initial guess. 'minao' for default PySCF guess; None for constrained HF; 
                # path to a checkpoint file to restart from a SCF solution.
                # 'project' to project from the SCF solution in a small basis to generate the initial guess
    chkfname_small = '../gs_small_%s.chk'%geometry # checkpoint file in a small basis. Used when chkfname_guess == 'project'
    basis_small = {'default': 'minao', 'Dy': 'cc-x2c-minao'}# the small basis associated with chkfname_small
    change_dm_mode = 'rotate' # None: no change
                          # 'positive_z': set the 4f block of dm so that J~(0,0,J)
                          # 'rotate': rotate the 4f block of dm by some angles
    atom_index = 0 # the index of central lanthanide atom
    occ_idx = 16
    noise = 0 # max noise on density matrix initial guess

    # constrained HF parameters for the initial guess
    ao_shell = 'f'
    lo_chkfname = '../../UHF/uhf_gs_%s_lo.h5'%geometry  
    multiplier0 = 0.1
    # END USER INPUT

    # set up system
    if os.path.isfile('../../' + geometry + ".xyz"):
        mol = gto.M(
            atom = '../../' + geometry + ".xyz",
            basis = basis,
            verbose = 4,
            spin = spin,
            charge = charge,
            max_memory = max_memory,
            )
        mol.set_common_origin(mol._atom[atom_index][1])
    else:
        raise ValueError("No .xyz file available!")
    log.info("N_elec %s, N_ao %s"%(mol.nelec, mol.nao))

    # generate HF/DFT initial guess
    if chkfname_guess == 'minao':
        mf = scf.GKS(mol).x2c()
        dm0 = mf.get_init_guess()
        print("Use PySCF default init guess")
    elif chkfname_guess is None:
        # run constrained DFT
        angles = cdft.sample_rotation('xyz', occ_idx, unit=20)
        from scipy.spatial.transform import Rotation
        direction = Rotation.from_euler('zyz', angles, degrees=False) @ [0,0,1]
        cmf = cdft.CGKS(mol, direction, multiplier_guess=multiplier0, max_cycle=300,
                atom_index=atom_index, ao_shell='f', lo_chkfname=lo_chkfname, xc=xc, smearing=smearing)
        cmf.kernel()
        dm0 = cmf._scf.make_rdm1()
        print("Contrained SCF solution as init guess")
    elif chkfname_guess == 'project':
        # project dm0 in a small basis to the larger basis 
        dm0 = utils.project_dm_from_small_basis(mol, basis_small, chkfname_small, change_dm_mode, atom_index=atom_index, occ_idx=occ_idx)
        print("Project wavefunction in a smaller basis to the target basis as init guess")
    else:
        mf = scf.GKS(mol).x2c()
        data = chkfile.load(chkfname_guess, 'scf')
        mf.__dict__.update(data)
        dm0 = mf.make_rdm1()
        mf.analyze(with_meta_lowdin=False)
        print("Load .chk file for init guess")
    if change_dm_mode is not None and not chkfname_guess == 'project': # when chkfname_guess == 'project', change in small basis
        dm0 = utils.change_dm_guess(mol, dm0, change_dm_mode, atom_index=atom_index, occ_idx=occ_idx)
    dm0 += (np.random.rand(*(dm0.shape)) - 0.5) * noise  
    print("J vector of initial guess", get_mj(mol, dm0, analyze=True))

    # run HF/DFT
    mf = scf.GKS(mol).x2c()
    mf.xc = xc
    if xc.upper() != 'HF':
        mf.collinear = 'mcol'
        mf.grids.level = 6 
    mf.chkfile = 'gs_' + geometry + '.chk' 
    mf.max_cycle = 1000 
    if smearing is not None:
        mf = scf.addons.smearing_(mf, sigma=smearing, method="fermi")
    if qmmm: # add the precomputed potential from environmental classical charges 
        get_hcore_original = mf.get_hcore
        hcore_mm = np.load('../../mm_hcore.npy')
        def get_hcore_mm(self, mol=None):
            return get_hcore_original(mol=mol) + la.block_diag(hcore_mm, hcore_mm)
        import types
        mf.get_hcore = types.MethodType(get_hcore_mm, mf)
    mf.kernel(dm0=dm0)
    dm = mf.make_rdm1()
    print("S vector", get_mj(mol, dm, include_L=False))
    print("L vector", get_mj(mol, dm, include_S=False))
    print("J vector", get_mj(mol, dm))
#INFO: ******************** input file end ********************


System: uname_result(system='Linux', node='hpc-23-07.cm.cluster', release='5.14.0-362.24.1.el9_3.x86_64', version='#1 SMP PREEMPT_DYNAMIC Thu Feb 15 07:18:13 EST 2024', machine='x86_64')  Threads 8
Python 3.11.6 | packaged by conda-forge | (main, Oct  3 2023, 10:40:35) [GCC 12.3.0]
numpy 1.26.0  scipy 1.11.3
Date: Tue Apr 15 10:54:14 2025
PySCF version 2.5.0
PySCF path  /home/lppeng/anaconda3/envs/nerscV25/lib/python3.11/site-packages/pyscf

[CONFIG] conf_file None
[INPUT] verbose = 4
[INPUT] num. atoms = 7
[INPUT] num. electrons = 171
[INPUT] charge = -3
[INPUT] spin (= nelec alpha-beta = 2S) = 5
[INPUT] symmetry False subgroup None
[INPUT] Mole.unit = angstrom
[INPUT] Symbol           X                Y                Z      unit          X                Y                Z       unit  Magmom
[INPUT]  1 Dy     0.000000000000   0.000000000000   0.000000000000 AA    0.000000000000   0.000000000000   0.000000000000 Bohr   0.0
[INPUT]  2 Cl     2.724000000000   0.000000000000   0.000000000000 AA    5.147613963315   0.000000000000   0.000000000000 Bohr   0.0
[INPUT]  3 Cl    -2.724000000000   0.000000000000   0.000000000000 AA   -5.147613963315   0.000000000000   0.000000000000 Bohr   0.0
[INPUT]  4 Cl     0.000000000000   2.724000000000   0.000000000000 AA    0.000000000000   5.147613963315   0.000000000000 Bohr   0.0
[INPUT]  5 Cl     0.000000000000  -2.724000000000   0.000000000000 AA    0.000000000000  -5.147613963315   0.000000000000 Bohr   0.0
[INPUT]  6 Cl     0.000000000000   0.000000000000   2.724000000000 AA    0.000000000000   0.000000000000   5.147613963315 Bohr   0.0
[INPUT]  7 Cl     0.000000000000   0.000000000000  -2.724000000000 AA    0.000000000000   0.000000000000  -5.147613963315 Bohr   0.0

nuclear repulsion = 1868.38919656687
number of shells = 84
number of NR pGTOs = 449
number of NR cGTOs = 198
basis = {'default': '631g', 'Dy': 'sarc-dkh'}
ecp = {}
CPU time:         2.95
N_elec (88, 83), N_ao 198
#INFO: **** input file is /central/groups/changroup/members/lppeng/holmium/run/paper_final/run_Dy/conf7/GS/run_16/ground_state.py ****
'''
Example input to calculate the ground state of a molecular system
Include x2c relativistic effect
'''
import pyscf
from pyscf.scf.hf import RHF
from pyscf.dft.uks import UKS
from pyscf.dft.gks import GKS
from pyscf import lib
import os, sys
import numpy as np
import scipy.linalg as la
from scipy.linalg import sqrtm, eigh
from scipy.optimize import root
np.set_printoptions(precision=12, threshold=sys.maxsize, linewidth=190, suppress=True)
log = lib.logger.Logger(sys.stdout, 4)

if __name__ == "__main__":
    from pyscf import gto, scf, dft, lib
    from pyscf.lib import chkfile
    from stevens import cdft, project, utils
    from stevens.project import get_mj

    # system input
    geometry = 'DyCl6' # The name of geometry file minus ".xyz"
                       # Make sure first atom is the central magnetic atom 
    spin = 5 # number of unpaired electrons in a unit cell
    charge = -3 # charge of the molecule or a unit cell
    basis = {'default': '631g', 'Dy': 'sarc-dkh'} # specify basis for all elements here
    max_memory = 32000 # in the unit of MB. Recommend: memory available on a node - 10000 MB
    qmmm = True # add environment with classical charges

    # (c)HF/DFT parameters
    xc = 'HF' # functional
    smearing = None # To help HF/DFT converge, try e.g. 5e-2
    chkfname_guess = 'project' # initial guess. 'minao' for default PySCF guess; None for constrained HF; 
                # path to a checkpoint file to restart from a SCF solution.
                # 'project' to project from the SCF solution in a small basis to generate the initial guess
    chkfname_small = '../gs_small_%s.chk'%geometry # checkpoint file in a small basis. Used when chkfname_guess == 'project'
    basis_small = {'default': 'minao', 'Dy': 'cc-x2c-minao'}# the small basis associated with chkfname_small
    change_dm_mode = 'rotate' # None: no change
                          # 'positive_z': set the 4f block of dm so that J~(0,0,J)
                          # 'rotate': rotate the 4f block of dm by some angles
    atom_index = 0 # the index of central lanthanide atom
    occ_idx = 16
    noise = 0 # max noise on density matrix initial guess

    # constrained HF parameters for the initial guess
    ao_shell = 'f'
    lo_chkfname = '../../UHF/uhf_gs_%s_lo.h5'%geometry  
    multiplier0 = 0.1
    # END USER INPUT

    # set up system
    if os.path.isfile('../../' + geometry + ".xyz"):
        mol = gto.M(
            atom = '../../' + geometry + ".xyz",
            basis = basis,
            verbose = 4,
            spin = spin,
            charge = charge,
            max_memory = max_memory,
            )
        mol.set_common_origin(mol._atom[atom_index][1])
    else:
        raise ValueError("No .xyz file available!")
    log.info("N_elec %s, N_ao %s"%(mol.nelec, mol.nao))

    # generate HF/DFT initial guess
    if chkfname_guess == 'minao':
        mf = scf.GKS(mol).x2c()
        dm0 = mf.get_init_guess()
        print("Use PySCF default init guess")
    elif chkfname_guess is None:
        # run constrained DFT
        angles = cdft.sample_rotation('xyz', occ_idx, unit=20)
        from scipy.spatial.transform import Rotation
        direction = Rotation.from_euler('zyz', angles, degrees=False) @ [0,0,1]
        cmf = cdft.CGKS(mol, direction, multiplier_guess=multiplier0, max_cycle=300,
                atom_index=atom_index, ao_shell='f', lo_chkfname=lo_chkfname, xc=xc, smearing=smearing)
        cmf.kernel()
        dm0 = cmf._scf.make_rdm1()
        print("Contrained SCF solution as init guess")
    elif chkfname_guess == 'project':
        # project dm0 in a small basis to the larger basis 
        dm0 = utils.project_dm_from_small_basis(mol, basis_small, chkfname_small, change_dm_mode, atom_index=atom_index, occ_idx=occ_idx)
        print("Project wavefunction in a smaller basis to the target basis as init guess")
    else:
        mf = scf.GKS(mol).x2c()
        data = chkfile.load(chkfname_guess, 'scf')
        mf.__dict__.update(data)
        dm0 = mf.make_rdm1()
        mf.analyze(with_meta_lowdin=False)
        print("Load .chk file for init guess")
    if change_dm_mode is not None and not chkfname_guess == 'project': # when chkfname_guess == 'project', change in small basis
        dm0 = utils.change_dm_guess(mol, dm0, change_dm_mode, atom_index=atom_index, occ_idx=occ_idx)
    dm0 += (np.random.rand(*(dm0.shape)) - 0.5) * noise  
    print("J vector of initial guess", get_mj(mol, dm0, analyze=True))

    # run HF/DFT
    mf = scf.GKS(mol).x2c()
    mf.xc = xc
    if xc.upper() != 'HF':
        mf.collinear = 'mcol'
        mf.grids.level = 6 
    mf.chkfile = 'gs_' + geometry + '.chk' 
    mf.max_cycle = 1000 
    if smearing is not None:
        mf = scf.addons.smearing_(mf, sigma=smearing, method="fermi")
    if qmmm: # add the precomputed potential from environmental classical charges 
        get_hcore_original = mf.get_hcore
        hcore_mm = np.load('../../mm_hcore.npy')
        def get_hcore_mm(self, mol=None):
            return get_hcore_original(mol=mol) + la.block_diag(hcore_mm, hcore_mm)
        import types
        mf.get_hcore = types.MethodType(get_hcore_mm, mf)
    mf.kernel(dm0=dm0)
    dm = mf.make_rdm1()
    print("S vector", get_mj(mol, dm, include_L=False))
    print("L vector", get_mj(mol, dm, include_S=False))
    print("J vector", get_mj(mol, dm))
#INFO: ******************** input file end ********************


System: uname_result(system='Linux', node='hpc-23-07.cm.cluster', release='5.14.0-362.24.1.el9_3.x86_64', version='#1 SMP PREEMPT_DYNAMIC Thu Feb 15 07:18:13 EST 2024', machine='x86_64')  Threads 8
Python 3.11.6 | packaged by conda-forge | (main, Oct  3 2023, 10:40:35) [GCC 12.3.0]
numpy 1.26.0  scipy 1.11.3
Date: Tue Apr 15 10:54:14 2025
PySCF version 2.5.0
PySCF path  /home/lppeng/anaconda3/envs/nerscV25/lib/python3.11/site-packages/pyscf

[CONFIG] conf_file None
[INPUT] verbose = 4
[INPUT] num. atoms = 7
[INPUT] num. electrons = 171
[INPUT] charge = -3
[INPUT] spin (= nelec alpha-beta = 2S) = 5
[INPUT] symmetry False subgroup None
[INPUT] Mole.unit = angstrom
[INPUT] Symbol           X                Y                Z      unit          X                Y                Z       unit  Magmom
[INPUT]  1 Dy     0.000000000000   0.000000000000   0.000000000000 AA    0.000000000000   0.000000000000   0.000000000000 Bohr   0.0
[INPUT]  2 Cl     2.724000000000   0.000000000000   0.000000000000 AA    5.147613963315   0.000000000000   0.000000000000 Bohr   0.0
[INPUT]  3 Cl    -2.724000000000   0.000000000000   0.000000000000 AA   -5.147613963315   0.000000000000   0.000000000000 Bohr   0.0
[INPUT]  4 Cl     0.000000000000   2.724000000000   0.000000000000 AA    0.000000000000   5.147613963315   0.000000000000 Bohr   0.0
[INPUT]  5 Cl     0.000000000000  -2.724000000000   0.000000000000 AA    0.000000000000  -5.147613963315   0.000000000000 Bohr   0.0
[INPUT]  6 Cl     0.000000000000   0.000000000000   2.724000000000 AA    0.000000000000   0.000000000000   5.147613963315 Bohr   0.0
[INPUT]  7 Cl     0.000000000000   0.000000000000  -2.724000000000 AA    0.000000000000   0.000000000000  -5.147613963315 Bohr   0.0

nuclear repulsion = 1868.38919656687
number of shells = 16
number of NR pGTOs = 511
number of NR cGTOs = 89
basis = {'default': 'minao', 'Dy': 'cc-x2c-minao'}
ecp = {}
CPU time:         3.05
basis {'default': '631g', 'Dy': 'sarc-dkh'} 198
basis {'default': 'minao', 'Dy': 'cc-x2c-minao'} 89
(3, 89, 89) 89
Haar random target direction [-0.587785252292473, 0.8090169943749475, 6.123233995736766e-17]
Haar random total rotation [0.     1.5708 2.1991]
Rotated f-block dm by angles from +z [0.     1.5708 2.1991]
Project wavefunction in a smaller basis to the target basis as init guess
(3, 198, 198) 198
elemental J of ['Cl' 'Dy']
  Cl 0.0004+0.0000j -0.0005+0.0000j 0.0310+0.0000j 
  Dy -4.3840-0.0000j 6.0341-0.0000j -0.0169-0.0000j 
J vector of initial guess [-4.3835-0.j  6.0334-0.j  0.0141+0.j]


******** <class 'pyscf.x2c.x2c.X2C1eGKS'> ********
method = X2C1eGKS
initial guess = minao
damping factor = 0
level_shift factor = 0
DIIS = <class 'pyscf.scf.diis.CDIIS'>
diis_start_cycle = 1
diis_space = 8
diis_damp = 0
SCF conv_tol = 1e-09
SCF conv_tol_grad = None
SCF max_cycles = 1000
direct_scf = True
direct_scf_tol = 1e-13
chkfile to save SCF result = gs_DyCl6.chk
max_memory 32000 MB (current use 151 MB)
XC library pyscf.dft.libxc version 6.1.0
    S. Lehtola, C. Steigemann, M. J.T. Oliveira, and M. A.L. Marques.,  SoftwareX 7, 1–5 (2018)
XC functionals = HF

radial grids: 
    Treutler-Ahlrichs [JCP 102, 346 (1995); DOI:10.1063/1.469408] (M4) radial grids
    
becke partition: Becke, JCP 88, 2547 (1988); DOI:10.1063/1.454033
pruning grids: <function nwchem_prune at 0x7f0d0a381e40>
grids dens level: 3
symmetrized grids: False
atomic radii adjust function: <function treutler_atomic_radii_adjust at 0x7f0d0a382480>
small_rho_cutoff = 1e-07
collinear = col


******** <class 'pyscf.x2c.x2c.SpinOrbitalX2CHelper'> ********
approx = 1e
xuncontract = 1
Overwritten attributes  get_hcore  of <class 'pyscf.x2c.x2c.X2C1eGKS'>
Set gradient conv threshold to 3.16228e-05
tot grids = 134432
init E= -14971.0807427762
  HOMO = -0.283281135370439  LUMO = -0.0688350202575607
cycle= 1 E= -14978.608544977  delta_E= -7.53  |g|= 1.62  |ddm|= 2.41
  HOMO = -0.297563274360114  LUMO = 0.124200460340002
cycle= 2 E= -14978.7105132293  delta_E= -0.102  |g|= 0.663  |ddm|= 1.11
  HOMO = -0.322320891686454  LUMO = 0.122282493130283
cycle= 3 E= -14978.7606853305  delta_E= -0.0502  |g|= 0.274  |ddm|= 0.508
  HOMO = -0.322546877184406  LUMO = 0.12262385885984
cycle= 4 E= -14978.7665740081  delta_E= -0.00589  |g|= 0.0211  |ddm|= 0.091
  HOMO = -0.323770089226687  LUMO = 0.122820469752281
cycle= 5 E= -14978.7667744999  delta_E= -0.0002  |g|= 0.00612  |ddm|= 0.0246
  HOMO = -0.32365222919363  LUMO = 0.122827289408022
cycle= 6 E= -14978.7668353468  delta_E= -6.08e-05  |g|= 0.00491  |ddm|= 0.0106
  HOMO = -0.323711394364572  LUMO = 0.122834077557433
cycle= 7 E= -14978.7669225511  delta_E= -8.72e-05  |g|= 0.00361  |ddm|= 0.0148
  HOMO = -0.323568679221435  LUMO = 0.122831256227585
cycle= 8 E= -14978.7670068531  delta_E= -8.43e-05  |g|= 0.00163  |ddm|= 0.024
  HOMO = -0.323667938645117  LUMO = 0.122828340234624
cycle= 9 E= -14978.7670215128  delta_E= -1.47e-05  |g|= 0.000714  |ddm|= 0.0117
  HOMO = -0.323663938549497  LUMO = 0.122827519419778
cycle= 10 E= -14978.7670230523  delta_E= -1.54e-06  |g|= 0.000536  |ddm|= 0.00254
  HOMO = -0.3236715898993  LUMO = 0.122828013959916
cycle= 11 E= -14978.7670241523  delta_E= -1.1e-06  |g|= 0.000449  |ddm|= 0.00176
  HOMO = -0.32366930924522  LUMO = 0.122828405625591
cycle= 12 E= -14978.7670251885  delta_E= -1.04e-06  |g|= 0.000402  |ddm|= 0.00172
  HOMO = -0.323674248192809  LUMO = 0.122827846308869
cycle= 13 E= -14978.7670263878  delta_E= -1.2e-06  |g|= 0.000369  |ddm|= 0.0022
  HOMO = -0.323665511902442  LUMO = 0.122827824154307
cycle= 14 E= -14978.7670274156  delta_E= -1.03e-06  |g|= 0.000348  |ddm|= 0.00203
  HOMO = -0.323667559098372  LUMO = 0.122828083368034
cycle= 15 E= -14978.7670287893  delta_E= -1.37e-06  |g|= 0.000318  |ddm|= 0.00294
  HOMO = -0.323667318889989  LUMO = 0.122827760756215
cycle= 16 E= -14978.7670315656  delta_E= -2.78e-06  |g|= 0.000253  |ddm|= 0.00734
  HOMO = -0.323664578247024  LUMO = 0.1228278030648
cycle= 17 E= -14978.7670328719  delta_E= -1.31e-06  |g|= 0.000227  |ddm|= 0.00464
  HOMO = -0.323668036482992  LUMO = 0.122827304995738
cycle= 18 E= -14978.7670334213  delta_E= -5.49e-07  |g|= 0.000214  |ddm|= 0.0021
  HOMO = -0.323664943422834  LUMO = 0.122827353204508
cycle= 19 E= -14978.7670339571  delta_E= -5.36e-07  |g|= 0.000203  |ddm|= 0.00208
  HOMO = -0.323665174012222  LUMO = 0.122827410388298
cycle= 20 E= -14978.7670343415  delta_E= -3.84e-07  |g|= 0.000197  |ddm|= 0.00151
  HOMO = -0.323663942262964  LUMO = 0.122827285397506
cycle= 21 E= -14978.7670346425  delta_E= -3.01e-07  |g|= 0.000193  |ddm|= 0.00115
  HOMO = -0.323663580435303  LUMO = 0.122827300222398
cycle= 22 E= -14978.7670350921  delta_E= -4.5e-07  |g|= 0.000188  |ddm|= 0.0017
  HOMO = -0.323662627979598  LUMO = 0.122827069063893
cycle= 23 E= -14978.7670355345  delta_E= -4.42e-07  |g|= 0.000185  |ddm|= 0.00171
  HOMO = -0.323663344309077  LUMO = 0.122827039630568
cycle= 24 E= -14978.7670357946  delta_E= -2.6e-07  |g|= 0.000184  |ddm|= 0.001
  HOMO = -0.323662361857817  LUMO = 0.122827030603939
cycle= 25 E= -14978.7670360405  delta_E= -2.46e-07  |g|= 0.000183  |ddm|= 0.00094
  HOMO = -0.323662068172724  LUMO = 0.122827071972924
cycle= 26 E= -14978.7670363383  delta_E= -2.98e-07  |g|= 0.000183  |ddm|= 0.00114
  HOMO = -0.323662038160512  LUMO = 0.122827028653571
cycle= 27 E= -14978.7670365123  delta_E= -1.74e-07  |g|= 0.000182  |ddm|= 0.000665
  HOMO = -0.323661846995669  LUMO = 0.122827022329258
cycle= 28 E= -14978.7670366369  delta_E= -1.25e-07  |g|= 0.000182  |ddm|= 0.000474
  HOMO = -0.3236618219311  LUMO = 0.12282701123717
cycle= 29 E= -14978.7670367369  delta_E= -1e-07  |g|= 0.000182  |ddm|= 0.00038
  HOMO = -0.323661835098406  LUMO = 0.122827011693891
cycle= 30 E= -14978.7670367303  delta_E= 6.54e-09  |g|= 0.000182  |ddm|= 2.53e-05
  HOMO = -0.323661898190494  LUMO = 0.12282700979347
cycle= 31 E= -14978.7670366724  delta_E= 5.79e-08  |g|= 0.000182  |ddm|= 0.000223
  HOMO = -0.323661943061872  LUMO = 0.122827018152531
cycle= 32 E= -14978.7670366502  delta_E= 2.22e-08  |g|= 0.000182  |ddm|= 8.67e-05
  HOMO = -0.32366193315058  LUMO = 0.122827016847181
cycle= 33 E= -14978.7670366338  delta_E= 1.64e-08  |g|= 0.000182  |ddm|= 6.42e-05
  HOMO = -0.323661940385714  LUMO = 0.12282702287219
cycle= 34 E= -14978.7670366193  delta_E= 1.45e-08  |g|= 0.000182  |ddm|= 5.91e-05
  HOMO = -0.323661940812038  LUMO = 0.122827024968997
cycle= 35 E= -14978.7670366198  delta_E= -5.53e-10  |g|= 0.000182  |ddm|= 5.53e-06
  HOMO = -0.323661947911259  LUMO = 0.122827028361498
cycle= 36 E= -14978.7670366104  delta_E= 9.44e-09  |g|= 0.000182  |ddm|= 3.62e-05
  HOMO = -0.323661902844157  LUMO = 0.122827029398997
cycle= 37 E= -14978.7670366618  delta_E= -5.14e-08  |g|= 0.000182  |ddm|= 0.000195
  HOMO = -0.323661984326931  LUMO = 0.122827030194479
cycle= 38 E= -14978.7670365713  delta_E= 9.05e-08  |g|= 0.000182  |ddm|= 0.000344
  HOMO = -0.32366215295679  LUMO = 0.12282701000042
cycle= 39 E= -14978.7670363677  delta_E= 2.04e-07  |g|= 0.000182  |ddm|= 0.000776
  HOMO = -0.323662861131167  LUMO = 0.122826973960539
cycle= 40 E= -14978.7670356615  delta_E= 7.06e-07  |g|= 0.000182  |ddm|= 0.0027
  HOMO = -0.323663512091945  LUMO = 0.122826994561994
cycle= 41 E= -14978.7670350739  delta_E= 5.88e-07  |g|= 0.000182  |ddm|= 0.00225
  HOMO = -0.323663904789387  LUMO = 0.122826992517462
cycle= 42 E= -14978.7670347478  delta_E= 3.26e-07  |g|= 0.000182  |ddm|= 0.00125
  HOMO = -0.323664556766607  LUMO = 0.12282694340442
cycle= 43 E= -14978.7670340393  delta_E= 7.08e-07  |g|= 0.000181  |ddm|= 0.00273
  HOMO = -0.323666716407107  LUMO = 0.12282689029549
cycle= 44 E= -14978.7670321733  delta_E= 1.87e-06  |g|= 0.00018  |ddm|= 0.00731
  HOMO = -0.323668329222505  LUMO = 0.122826740610761
cycle= 45 E= -14978.7670301766  delta_E= 2e-06  |g|= 0.000178  |ddm|= 0.00799
  HOMO = -0.323670497245461  LUMO = 0.122826730024128
cycle= 46 E= -14978.7670286724  delta_E= 1.5e-06  |g|= 0.000176  |ddm|= 0.00615
  HOMO = -0.323674217476862  LUMO = 0.122826473588359
cycle= 47 E= -14978.7670246633  delta_E= 4.01e-06  |g|= 0.00018  |ddm|= 0.0167
  HOMO = -0.323676210218071  LUMO = 0.122826348421582
cycle= 48 E= -14978.7670225246  delta_E= 2.14e-06  |g|= 0.000176  |ddm|= 0.00922
  HOMO = -0.323680818223391  LUMO = 0.122826250903482
cycle= 49 E= -14978.7670193504  delta_E= 3.17e-06  |g|= 0.000173  |ddm|= 0.014
  HOMO = -0.323681796376873  LUMO = 0.122826182991488
cycle= 50 E= -14978.7670177641  delta_E= 1.59e-06  |g|= 0.000164  |ddm|= 0.00736
  HOMO = -0.323686746212773  LUMO = 0.122825943151453
cycle= 51 E= -14978.7670136521  delta_E= 4.11e-06  |g|= 0.0002  |ddm|= 0.0191
  HOMO = -0.32368634793948  LUMO = 0.12282595067891
cycle= 52 E= -14978.7670138393  delta_E= -1.87e-07  |g|= 0.000158  |ddm|= 0.00129
  HOMO = -0.32368852652579  LUMO = 0.122825921634794
cycle= 53 E= -14978.7670123519  delta_E= 1.49e-06  |g|= 0.000152  |ddm|= 0.00742
  HOMO = -0.323691223718857  LUMO = 0.122825586435793
cycle= 54 E= -14978.7670095953  delta_E= 2.76e-06  |g|= 0.000185  |ddm|= 0.0137
  HOMO = -0.323690766146321  LUMO = 0.122825737094266
cycle= 55 E= -14978.767010452  delta_E= -8.57e-07  |g|= 0.000149  |ddm|= 0.00441
  HOMO = -0.323693170556903  LUMO = 0.122825671964842
cycle= 56 E= -14978.767008676  delta_E= 1.78e-06  |g|= 0.000142  |ddm|= 0.00918
  HOMO = -0.323694491535395  LUMO = 0.122825559137864
cycle= 57 E= -14978.767006802  delta_E= 1.87e-06  |g|= 0.000146  |ddm|= 0.00992
  HOMO = -0.323696371956668  LUMO = 0.122825610869152
cycle= 58 E= -14978.7670061555  delta_E= 6.46e-07  |g|= 0.000136  |ddm|= 0.00349
  HOMO = -0.323698878204085  LUMO = 0.122825468806163
cycle= 59 E= -14978.7670039252  delta_E= 2.23e-06  |g|= 0.000134  |ddm|= 0.0123
  HOMO = -0.323702971159852  LUMO = 0.122825513252146
cycle= 60 E= -14978.7670019227  delta_E= 2e-06  |g|= 0.000126  |ddm|= 0.0115
  HOMO = -0.323704695266367  LUMO = 0.122825369834139
cycle= 61 E= -14978.7670003385  delta_E= 1.58e-06  |g|= 0.000126  |ddm|= 0.00941
  HOMO = -0.323707268800582  LUMO = 0.122825418401256
cycle= 62 E= -14978.7669988109  delta_E= 1.53e-06  |g|= 0.000119  |ddm|= 0.00936
  HOMO = -0.323710345075835  LUMO = 0.122825328807792
cycle= 63 E= -14978.7669967475  delta_E= 2.06e-06  |g|= 0.000123  |ddm|= 0.0132
  HOMO = -0.323711567848404  LUMO = 0.122825245966603
cycle= 64 E= -14978.7669956087  delta_E= 1.14e-06  |g|= 0.000114  |ddm|= 0.00758
  HOMO = -0.323714385057267  LUMO = 0.122825272542012
cycle= 65 E= -14978.7669944614  delta_E= 1.15e-06  |g|= 0.000109  |ddm|= 0.00791
  HOMO = -0.323715451758372  LUMO = 0.122825146733841
cycle= 66 E= -14978.7669934512  delta_E= 1.01e-06  |g|= 0.000109  |ddm|= 0.00721
  HOMO = -0.323717021307709  LUMO = 0.122825131521314
cycle= 67 E= -14978.7669927511  delta_E= 7e-07  |g|= 0.000105  |ddm|= 0.00518
  HOMO = -0.323717962333871  LUMO = 0.122825059354523
cycle= 68 E= -14978.7669919953  delta_E= 7.56e-07  |g|= 0.000102  |ddm|= 0.00585
  HOMO = -0.323720698156984  LUMO = 0.12282496452586
cycle= 69 E= -14978.7669904049  delta_E= 1.59e-06  |g|= 0.000114  |ddm|= 0.0125
  HOMO = -0.323721664133356  LUMO = 0.122824911422434
cycle= 70 E= -14978.7669897566  delta_E= 6.48e-07  |g|= 0.000109  |ddm|= 0.00536
  HOMO = -0.323722598726013  LUMO = 0.122824899537861
cycle= 71 E= -14978.7669892216  delta_E= 5.35e-07  |g|= 9.31e-05  |ddm|= 0.0046
  HOMO = -0.323725190575075  LUMO = 0.122824830012546
cycle= 72 E= -14978.7669878665  delta_E= 1.36e-06  |g|= 8.95e-05  |ddm|= 0.012
  HOMO = -0.323729340721837  LUMO = 0.122824647444086
cycle= 73 E= -14978.7669854402  delta_E= 2.43e-06  |g|= 0.000128  |ddm|= 0.0236
  HOMO = -0.323730302615106  LUMO = 0.122824673897988
cycle= 74 E= -14978.7669850884  delta_E= 3.52e-07  |g|= 0.000105  |ddm|= 0.00387
  HOMO = -0.323732515273313  LUMO = 0.122824654222952
cycle= 75 E= -14978.7669838154  delta_E= 1.27e-06  |g|= 7.71e-05  |ddm|= 0.0148
  HOMO = -0.323735213524005  LUMO = 0.122824679455434
cycle= 76 E= -14978.7669826326  delta_E= 1.18e-06  |g|= 9.29e-05  |ddm|= 0.0152
  HOMO = -0.323735836695007  LUMO = 0.122824687898596
cycle= 77 E= -14978.7669822336  delta_E= 3.99e-07  |g|= 6.98e-05  |ddm|= 0.00596
  HOMO = -0.323736464880362  LUMO = 0.122824733357661
cycle= 78 E= -14978.7669819511  delta_E= 2.83e-07  |g|= 9.91e-05  |ddm|= 0.00494
  HOMO = -0.323737090012198  LUMO = 0.12282468571833
cycle= 79 E= -14978.7669816744  delta_E= 2.77e-07  |g|= 7.14e-05  |ddm|= 0.00431
  HOMO = -0.323737413751971  LUMO = 0.122824697800723
cycle= 80 E= -14978.7669814912  delta_E= 1.83e-07  |g|= 5.97e-05  |ddm|= 0.00324
  HOMO = -0.323737710695557  LUMO = 0.122824716273289
cycle= 81 E= -14978.7669814476  delta_E= 4.37e-08  |g|= 5.48e-05  |ddm|= 0.00115
  HOMO = -0.323737723840168  LUMO = 0.122824688880398
cycle= 82 E= -14978.7669812802  delta_E= 1.67e-07  |g|= 5.48e-05  |ddm|= 0.00324
  HOMO = -0.323738593683934  LUMO = 0.122824664162278
cycle= 83 E= -14978.7669808045  delta_E= 4.76e-07  |g|= 5.79e-05  |ddm|= 0.0089
  HOMO = -0.323738662845271  LUMO = 0.122824625277559
cycle= 84 E= -14978.7669805639  delta_E= 2.41e-07  |g|= 4.57e-05  |ddm|= 0.00506
  HOMO = -0.32373904697033  LUMO = 0.12282458851933
cycle= 85 E= -14978.7669801407  delta_E= 4.23e-07  |g|= 3.94e-05  |ddm|= 0.00961
  HOMO = -0.323739490333369  LUMO = 0.122824548357689
cycle= 86 E= -14978.7669797079  delta_E= 4.33e-07  |g|= 3.76e-05  |ddm|= 0.0116
  HOMO = -0.32373951657699  LUMO = 0.122824527298763
cycle= 87 E= -14978.7669795544  delta_E= 1.53e-07  |g|= 3.2e-05  |ddm|= 0.00489
  HOMO = -0.323739175788896  LUMO = 0.122824437733982
cycle= 88 E= -14978.7669792902  delta_E= 2.64e-07  |g|= 2.6e-05  |ddm|= 0.00981
  HOMO = -0.323739033746081  LUMO = 0.122824423010102
cycle= 89 E= -14978.7669792124  delta_E= 7.78e-08  |g|= 2.38e-05  |ddm|= 0.00342
  HOMO = -0.323738789996088  LUMO = 0.122824395988576
cycle= 90 E= -14978.7669791706  delta_E= 4.18e-08  |g|= 2.17e-05  |ddm|= 0.00202
  HOMO = -0.32373848005237  LUMO = 0.122824364369185
cycle= 91 E= -14978.7669791087  delta_E= 6.19e-08  |g|= 1.67e-05  |ddm|= 0.00323
  HOMO = -0.323738435201635  LUMO = 0.122824352851055
cycle= 92 E= -14978.7669790748  delta_E= 3.4e-08  |g|= 1.53e-05  |ddm|= 0.00192
  HOMO = -0.323738360930525  LUMO = 0.122824345989318
cycle= 93 E= -14978.7669790469  delta_E= 2.78e-08  |g|= 1.43e-05  |ddm|= 0.00168
  HOMO = -0.323738277298887  LUMO = 0.122824346069119
cycle= 94 E= -14978.7669790105  delta_E= 3.64e-08  |g|= 1.26e-05  |ddm|= 0.00239
  HOMO = -0.323738083747245  LUMO = 0.122824344510751
cycle= 95 E= -14978.7669789823  delta_E= 2.82e-08  |g|= 1.16e-05  |ddm|= 0.00205
  HOMO = -0.32373786350576  LUMO = 0.122824342042789
cycle= 96 E= -14978.7669789606  delta_E= 2.17e-08  |g|= 1.1e-05  |ddm|= 0.00173
  HOMO = -0.323737634957735  LUMO = 0.122824341489322
cycle= 97 E= -14978.7669789306  delta_E= 2.99e-08  |g|= 9.95e-06  |ddm|= 0.00269
  HOMO = -0.323737375118289  LUMO = 0.122824339510578
cycle= 98 E= -14978.7669789048  delta_E= 2.58e-08  |g|= 9.19e-06  |ddm|= 0.00279
  HOMO = -0.323737288968447  LUMO = 0.122824347725594
cycle= 99 E= -14978.7669788917  delta_E= 1.31e-08  |g|= 8.48e-06  |ddm|= 0.00168
  HOMO = -0.323737150311064  LUMO = 0.122824354392415
cycle= 100 E= -14978.7669788833  delta_E= 8.34e-09  |g|= 7.84e-06  |ddm|= 0.00126
  HOMO = -0.323737077797238  LUMO = 0.122824363119451
cycle= 101 E= -14978.7669788786  delta_E= 4.77e-09  |g|= 7.16e-06  |ddm|= 0.000829
  HOMO = -0.32373696863967  LUMO = 0.122824361637097
cycle= 102 E= -14978.7669788771  delta_E= 1.52e-09  |g|= 6.46e-06  |ddm|= 0.000345
  HOMO = -0.323736990092816  LUMO = 0.122824370467285
cycle= 103 E= -14978.7669788739  delta_E= 3.13e-09  |g|= 5.5e-06  |ddm|= 0.000656
  HOMO = -0.323736854835447  LUMO = 0.122824366883447
cycle= 104 E= -14978.7669788702  delta_E= 3.75e-09  |g|= 4.82e-06  |ddm|= 0.000801
  HOMO = -0.323736827149603  LUMO = 0.122824371389844
cycle= 105 E= -14978.7669788664  delta_E= 3.8e-09  |g|= 4.15e-06  |ddm|= 0.000892
  HOMO = -0.323736636532786  LUMO = 0.122824374004297
cycle= 106 E= -14978.7669788598  delta_E= 6.56e-09  |g|= 3.37e-06  |ddm|= 0.00192
  HOMO = -0.323736399647153  LUMO = 0.122824368361605
cycle= 107 E= -14978.7669788563  delta_E= 3.5e-09  |g|= 2.86e-06  |ddm|= 0.00152
  HOMO = -0.323736365030425  LUMO = 0.122824371968485
cycle= 108 E= -14978.7669788553  delta_E= 1.01e-09  |g|= 2.61e-06  |ddm|= 0.000637
  HOMO = -0.323736308922386  LUMO = 0.122824369462288
cycle= 109 E= -14978.7669788552  delta_E= 1.38e-10  |g|= 2.49e-06  |ddm|= 0.000143
  HOMO = -0.32373632417819  LUMO = 0.122824370534322
Extra cycle  E= -14978.7669788551  delta_E= 7.28e-11  |g|= 2.44e-06  |ddm|= 2.73e-06
converged SCF energy = -14978.7669788551  <S^2> = 8.2685378  2S+1 = 5.8373069
(3, 198, 198) 198
S vector [-1.6848+0.j  1.6854-0.j  0.0027-0.j]
(3, 198, 198) 198
L vector [-3.6156-0.j  3.6168+0.j  0.0054+0.j]
(3, 198, 198) 198
J vector [-5.3004-0.j  5.3022-0.j  0.008 +0.j]
Tue Apr 15 10:57:28 PDT 2025
