Currently Loaded Modulefiles:
 1) gmp/6.2.1-gcc-13.2.0-lcnhyse <aL>             
 2) mpfr/4.2.0-gcc-13.2.0-yy2fkq5 <aL>            
 3) mpc/1.3.1-gcc-13.2.0-5kgoftq <aL>             
 4) zlib-ng/2.1.3-gcc-13.2.0-jetnfwa <aL>         
 5) zstd/1.5.5-gcc-13.2.0-t2lua3l <aL>            
 6) gcc/13.2.0-gcc-13.2.0-w55nxkl                 
 7) cmake/3.20.2-gcc-13.2.0-rp74vpv               
 8) libfabric/1.18.1-gcc-13.2.0-bijxar4 <aL>      
 9) numactl/2.0.14-gcc-13.2.0-etkf74e <aL>        
10) openssh/8.7p1-gcc-13.2.0-g55xmkx <aL>         
11) slurm/22.05.6-gcc-13.2.0-tchsn6y <aL>         
12) openmpi/4.1.5-gcc-13.2.0-24q3ap2              
13) libpciaccess/0.17-gcc-13.2.0-r2cijnn <aL>     
14) libiconv/1.17-gcc-13.2.0-ntov4te <aL>         
15) xz/5.4.1-gcc-13.2.0-4xkm5xo <aL>              
16) libxml2/2.10.3-gcc-13.2.0-fr6jcjz <aL>        
17) ncurses/6.4-gcc-13.2.0-4o2yj6n <aL>           
18) hwloc/2.9.1-gcc-13.2.0-gzvfolk <aL>           
19) intel-tbb/2021.9.0-gcc-13.2.0-6nwk3ml <aL>    
20) intel-oneapi-mkl/2023.2.0-gcc-13.2.0-ohvyk7g  

Key:
<module-tag>  <aL>=auto-loaded  
/central/groups/changroup/members/lppeng/holmium/run/paper_final/run_Dy/conf7/GS/run_17
Tue Apr 15 10:54:09 PDT 2025
hpc-89-25.cm.cluster
--------------------------------------------------------------------------
WARNING: There was an error initializing an OpenFabrics device.

  Local host:   hpc-89-25
  Local device: mlx5_0
--------------------------------------------------------------------------
Apr 15 10:54:12 ####### 
                ####### libDMET   version 0.5
                ####### A periodic DMET library for lattice model and realistic solid.
                ####### 
#INFO: **** input file is /central/groups/changroup/members/lppeng/holmium/run/paper_final/run_Dy/conf7/GS/run_17/ground_state.py ****
'''
Example input to calculate the ground state of a molecular system
Include x2c relativistic effect
'''
import pyscf
from pyscf.scf.hf import RHF
from pyscf.dft.uks import UKS
from pyscf.dft.gks import GKS
from pyscf import lib
import os, sys
import numpy as np
import scipy.linalg as la
from scipy.linalg import sqrtm, eigh
from scipy.optimize import root
np.set_printoptions(precision=12, threshold=sys.maxsize, linewidth=190, suppress=True)
log = lib.logger.Logger(sys.stdout, 4)

if __name__ == "__main__":
    from pyscf import gto, scf, dft, lib
    from pyscf.lib import chkfile
    from stevens import cdft, project, utils
    from stevens.project import get_mj

    # system input
    geometry = 'DyCl6' # The name of geometry file minus ".xyz"
                       # Make sure first atom is the central magnetic atom 
    spin = 5 # number of unpaired electrons in a unit cell
    charge = -3 # charge of the molecule or a unit cell
    basis = {'default': '631g', 'Dy': 'sarc-dkh'} # specify basis for all elements here
    max_memory = 32000 # in the unit of MB. Recommend: memory available on a node - 10000 MB
    qmmm = True # add environment with classical charges

    # (c)HF/DFT parameters
    xc = 'HF' # functional
    smearing = None # To help HF/DFT converge, try e.g. 5e-2
    chkfname_guess = 'project' # initial guess. 'minao' for default PySCF guess; None for constrained HF; 
                # path to a checkpoint file to restart from a SCF solution.
                # 'project' to project from the SCF solution in a small basis to generate the initial guess
    chkfname_small = '../gs_small_%s.chk'%geometry # checkpoint file in a small basis. Used when chkfname_guess == 'project'
    basis_small = {'default': 'minao', 'Dy': 'cc-x2c-minao'}# the small basis associated with chkfname_small
    change_dm_mode = 'rotate' # None: no change
                          # 'positive_z': set the 4f block of dm so that J~(0,0,J)
                          # 'rotate': rotate the 4f block of dm by some angles
    atom_index = 0 # the index of central lanthanide atom
    occ_idx = 17
    noise = 0 # max noise on density matrix initial guess

    # constrained HF parameters for the initial guess
    ao_shell = 'f'
    lo_chkfname = '../../UHF/uhf_gs_%s_lo.h5'%geometry  
    multiplier0 = 0.1
    # END USER INPUT

    # set up system
    if os.path.isfile('../../' + geometry + ".xyz"):
        mol = gto.M(
            atom = '../../' + geometry + ".xyz",
            basis = basis,
            verbose = 4,
            spin = spin,
            charge = charge,
            max_memory = max_memory,
            )
        mol.set_common_origin(mol._atom[atom_index][1])
    else:
        raise ValueError("No .xyz file available!")
    log.info("N_elec %s, N_ao %s"%(mol.nelec, mol.nao))

    # generate HF/DFT initial guess
    if chkfname_guess == 'minao':
        mf = scf.GKS(mol).x2c()
        dm0 = mf.get_init_guess()
        print("Use PySCF default init guess")
    elif chkfname_guess is None:
        # run constrained DFT
        angles = cdft.sample_rotation('xyz', occ_idx, unit=20)
        from scipy.spatial.transform import Rotation
        direction = Rotation.from_euler('zyz', angles, degrees=False) @ [0,0,1]
        cmf = cdft.CGKS(mol, direction, multiplier_guess=multiplier0, max_cycle=300,
                atom_index=atom_index, ao_shell='f', lo_chkfname=lo_chkfname, xc=xc, smearing=smearing)
        cmf.kernel()
        dm0 = cmf._scf.make_rdm1()
        print("Contrained SCF solution as init guess")
    elif chkfname_guess == 'project':
        # project dm0 in a small basis to the larger basis 
        dm0 = utils.project_dm_from_small_basis(mol, basis_small, chkfname_small, change_dm_mode, atom_index=atom_index, occ_idx=occ_idx)
        print("Project wavefunction in a smaller basis to the target basis as init guess")
    else:
        mf = scf.GKS(mol).x2c()
        data = chkfile.load(chkfname_guess, 'scf')
        mf.__dict__.update(data)
        dm0 = mf.make_rdm1()
        mf.analyze(with_meta_lowdin=False)
        print("Load .chk file for init guess")
    if change_dm_mode is not None and not chkfname_guess == 'project': # when chkfname_guess == 'project', change in small basis
        dm0 = utils.change_dm_guess(mol, dm0, change_dm_mode, atom_index=atom_index, occ_idx=occ_idx)
    dm0 += (np.random.rand(*(dm0.shape)) - 0.5) * noise  
    print("J vector of initial guess", get_mj(mol, dm0, analyze=True))

    # run HF/DFT
    mf = scf.GKS(mol).x2c()
    mf.xc = xc
    if xc.upper() != 'HF':
        mf.collinear = 'mcol'
        mf.grids.level = 6 
    mf.chkfile = 'gs_' + geometry + '.chk' 
    mf.max_cycle = 1000 
    if smearing is not None:
        mf = scf.addons.smearing_(mf, sigma=smearing, method="fermi")
    if qmmm: # add the precomputed potential from environmental classical charges 
        get_hcore_original = mf.get_hcore
        hcore_mm = np.load('../../mm_hcore.npy')
        def get_hcore_mm(self, mol=None):
            return get_hcore_original(mol=mol) + la.block_diag(hcore_mm, hcore_mm)
        import types
        mf.get_hcore = types.MethodType(get_hcore_mm, mf)
    mf.kernel(dm0=dm0)
    dm = mf.make_rdm1()
    print("S vector", get_mj(mol, dm, include_L=False))
    print("L vector", get_mj(mol, dm, include_S=False))
    print("J vector", get_mj(mol, dm))
#INFO: ******************** input file end ********************


System: uname_result(system='Linux', node='hpc-89-25.cm.cluster', release='5.14.0-362.24.1.el9_3.x86_64', version='#1 SMP PREEMPT_DYNAMIC Thu Feb 15 07:18:13 EST 2024', machine='x86_64')  Threads 8
Python 3.11.6 | packaged by conda-forge | (main, Oct  3 2023, 10:40:35) [GCC 12.3.0]
numpy 1.26.0  scipy 1.11.3
Date: Tue Apr 15 10:54:14 2025
PySCF version 2.5.0
PySCF path  /home/lppeng/anaconda3/envs/nerscV25/lib/python3.11/site-packages/pyscf

[CONFIG] conf_file None
[INPUT] verbose = 4
[INPUT] num. atoms = 7
[INPUT] num. electrons = 171
[INPUT] charge = -3
[INPUT] spin (= nelec alpha-beta = 2S) = 5
[INPUT] symmetry False subgroup None
[INPUT] Mole.unit = angstrom
[INPUT] Symbol           X                Y                Z      unit          X                Y                Z       unit  Magmom
[INPUT]  1 Dy     0.000000000000   0.000000000000   0.000000000000 AA    0.000000000000   0.000000000000   0.000000000000 Bohr   0.0
[INPUT]  2 Cl     2.724000000000   0.000000000000   0.000000000000 AA    5.147613963315   0.000000000000   0.000000000000 Bohr   0.0
[INPUT]  3 Cl    -2.724000000000   0.000000000000   0.000000000000 AA   -5.147613963315   0.000000000000   0.000000000000 Bohr   0.0
[INPUT]  4 Cl     0.000000000000   2.724000000000   0.000000000000 AA    0.000000000000   5.147613963315   0.000000000000 Bohr   0.0
[INPUT]  5 Cl     0.000000000000  -2.724000000000   0.000000000000 AA    0.000000000000  -5.147613963315   0.000000000000 Bohr   0.0
[INPUT]  6 Cl     0.000000000000   0.000000000000   2.724000000000 AA    0.000000000000   0.000000000000   5.147613963315 Bohr   0.0
[INPUT]  7 Cl     0.000000000000   0.000000000000  -2.724000000000 AA    0.000000000000   0.000000000000  -5.147613963315 Bohr   0.0

nuclear repulsion = 1868.38919656687
number of shells = 84
number of NR pGTOs = 449
number of NR cGTOs = 198
basis = {'default': '631g', 'Dy': 'sarc-dkh'}
ecp = {}
CPU time:         2.70
N_elec (88, 83), N_ao 198
#INFO: **** input file is /central/groups/changroup/members/lppeng/holmium/run/paper_final/run_Dy/conf7/GS/run_17/ground_state.py ****
'''
Example input to calculate the ground state of a molecular system
Include x2c relativistic effect
'''
import pyscf
from pyscf.scf.hf import RHF
from pyscf.dft.uks import UKS
from pyscf.dft.gks import GKS
from pyscf import lib
import os, sys
import numpy as np
import scipy.linalg as la
from scipy.linalg import sqrtm, eigh
from scipy.optimize import root
np.set_printoptions(precision=12, threshold=sys.maxsize, linewidth=190, suppress=True)
log = lib.logger.Logger(sys.stdout, 4)

if __name__ == "__main__":
    from pyscf import gto, scf, dft, lib
    from pyscf.lib import chkfile
    from stevens import cdft, project, utils
    from stevens.project import get_mj

    # system input
    geometry = 'DyCl6' # The name of geometry file minus ".xyz"
                       # Make sure first atom is the central magnetic atom 
    spin = 5 # number of unpaired electrons in a unit cell
    charge = -3 # charge of the molecule or a unit cell
    basis = {'default': '631g', 'Dy': 'sarc-dkh'} # specify basis for all elements here
    max_memory = 32000 # in the unit of MB. Recommend: memory available on a node - 10000 MB
    qmmm = True # add environment with classical charges

    # (c)HF/DFT parameters
    xc = 'HF' # functional
    smearing = None # To help HF/DFT converge, try e.g. 5e-2
    chkfname_guess = 'project' # initial guess. 'minao' for default PySCF guess; None for constrained HF; 
                # path to a checkpoint file to restart from a SCF solution.
                # 'project' to project from the SCF solution in a small basis to generate the initial guess
    chkfname_small = '../gs_small_%s.chk'%geometry # checkpoint file in a small basis. Used when chkfname_guess == 'project'
    basis_small = {'default': 'minao', 'Dy': 'cc-x2c-minao'}# the small basis associated with chkfname_small
    change_dm_mode = 'rotate' # None: no change
                          # 'positive_z': set the 4f block of dm so that J~(0,0,J)
                          # 'rotate': rotate the 4f block of dm by some angles
    atom_index = 0 # the index of central lanthanide atom
    occ_idx = 17
    noise = 0 # max noise on density matrix initial guess

    # constrained HF parameters for the initial guess
    ao_shell = 'f'
    lo_chkfname = '../../UHF/uhf_gs_%s_lo.h5'%geometry  
    multiplier0 = 0.1
    # END USER INPUT

    # set up system
    if os.path.isfile('../../' + geometry + ".xyz"):
        mol = gto.M(
            atom = '../../' + geometry + ".xyz",
            basis = basis,
            verbose = 4,
            spin = spin,
            charge = charge,
            max_memory = max_memory,
            )
        mol.set_common_origin(mol._atom[atom_index][1])
    else:
        raise ValueError("No .xyz file available!")
    log.info("N_elec %s, N_ao %s"%(mol.nelec, mol.nao))

    # generate HF/DFT initial guess
    if chkfname_guess == 'minao':
        mf = scf.GKS(mol).x2c()
        dm0 = mf.get_init_guess()
        print("Use PySCF default init guess")
    elif chkfname_guess is None:
        # run constrained DFT
        angles = cdft.sample_rotation('xyz', occ_idx, unit=20)
        from scipy.spatial.transform import Rotation
        direction = Rotation.from_euler('zyz', angles, degrees=False) @ [0,0,1]
        cmf = cdft.CGKS(mol, direction, multiplier_guess=multiplier0, max_cycle=300,
                atom_index=atom_index, ao_shell='f', lo_chkfname=lo_chkfname, xc=xc, smearing=smearing)
        cmf.kernel()
        dm0 = cmf._scf.make_rdm1()
        print("Contrained SCF solution as init guess")
    elif chkfname_guess == 'project':
        # project dm0 in a small basis to the larger basis 
        dm0 = utils.project_dm_from_small_basis(mol, basis_small, chkfname_small, change_dm_mode, atom_index=atom_index, occ_idx=occ_idx)
        print("Project wavefunction in a smaller basis to the target basis as init guess")
    else:
        mf = scf.GKS(mol).x2c()
        data = chkfile.load(chkfname_guess, 'scf')
        mf.__dict__.update(data)
        dm0 = mf.make_rdm1()
        mf.analyze(with_meta_lowdin=False)
        print("Load .chk file for init guess")
    if change_dm_mode is not None and not chkfname_guess == 'project': # when chkfname_guess == 'project', change in small basis
        dm0 = utils.change_dm_guess(mol, dm0, change_dm_mode, atom_index=atom_index, occ_idx=occ_idx)
    dm0 += (np.random.rand(*(dm0.shape)) - 0.5) * noise  
    print("J vector of initial guess", get_mj(mol, dm0, analyze=True))

    # run HF/DFT
    mf = scf.GKS(mol).x2c()
    mf.xc = xc
    if xc.upper() != 'HF':
        mf.collinear = 'mcol'
        mf.grids.level = 6 
    mf.chkfile = 'gs_' + geometry + '.chk' 
    mf.max_cycle = 1000 
    if smearing is not None:
        mf = scf.addons.smearing_(mf, sigma=smearing, method="fermi")
    if qmmm: # add the precomputed potential from environmental classical charges 
        get_hcore_original = mf.get_hcore
        hcore_mm = np.load('../../mm_hcore.npy')
        def get_hcore_mm(self, mol=None):
            return get_hcore_original(mol=mol) + la.block_diag(hcore_mm, hcore_mm)
        import types
        mf.get_hcore = types.MethodType(get_hcore_mm, mf)
    mf.kernel(dm0=dm0)
    dm = mf.make_rdm1()
    print("S vector", get_mj(mol, dm, include_L=False))
    print("L vector", get_mj(mol, dm, include_S=False))
    print("J vector", get_mj(mol, dm))
#INFO: ******************** input file end ********************


System: uname_result(system='Linux', node='hpc-89-25.cm.cluster', release='5.14.0-362.24.1.el9_3.x86_64', version='#1 SMP PREEMPT_DYNAMIC Thu Feb 15 07:18:13 EST 2024', machine='x86_64')  Threads 8
Python 3.11.6 | packaged by conda-forge | (main, Oct  3 2023, 10:40:35) [GCC 12.3.0]
numpy 1.26.0  scipy 1.11.3
Date: Tue Apr 15 10:54:14 2025
PySCF version 2.5.0
PySCF path  /home/lppeng/anaconda3/envs/nerscV25/lib/python3.11/site-packages/pyscf

[CONFIG] conf_file None
[INPUT] verbose = 4
[INPUT] num. atoms = 7
[INPUT] num. electrons = 171
[INPUT] charge = -3
[INPUT] spin (= nelec alpha-beta = 2S) = 5
[INPUT] symmetry False subgroup None
[INPUT] Mole.unit = angstrom
[INPUT] Symbol           X                Y                Z      unit          X                Y                Z       unit  Magmom
[INPUT]  1 Dy     0.000000000000   0.000000000000   0.000000000000 AA    0.000000000000   0.000000000000   0.000000000000 Bohr   0.0
[INPUT]  2 Cl     2.724000000000   0.000000000000   0.000000000000 AA    5.147613963315   0.000000000000   0.000000000000 Bohr   0.0
[INPUT]  3 Cl    -2.724000000000   0.000000000000   0.000000000000 AA   -5.147613963315   0.000000000000   0.000000000000 Bohr   0.0
[INPUT]  4 Cl     0.000000000000   2.724000000000   0.000000000000 AA    0.000000000000   5.147613963315   0.000000000000 Bohr   0.0
[INPUT]  5 Cl     0.000000000000  -2.724000000000   0.000000000000 AA    0.000000000000  -5.147613963315   0.000000000000 Bohr   0.0
[INPUT]  6 Cl     0.000000000000   0.000000000000   2.724000000000 AA    0.000000000000   0.000000000000   5.147613963315 Bohr   0.0
[INPUT]  7 Cl     0.000000000000   0.000000000000  -2.724000000000 AA    0.000000000000   0.000000000000  -5.147613963315 Bohr   0.0

nuclear repulsion = 1868.38919656687
number of shells = 16
number of NR pGTOs = 511
number of NR cGTOs = 89
basis = {'default': 'minao', 'Dy': 'cc-x2c-minao'}
ecp = {}
CPU time:         2.79
basis {'default': '631g', 'Dy': 'sarc-dkh'} 198
basis {'default': 'minao', 'Dy': 'cc-x2c-minao'} 89
(3, 89, 89) 89
Haar random target direction [-0.8090169943749473, 0.5877852522924732, 6.123233995736766e-17]
Haar random total rotation [0.     1.5708 2.5133]
Rotated f-block dm by angles from +z [0.     1.5708 2.5133]
Project wavefunction in a smaller basis to the target basis as init guess
(3, 198, 198) 198
elemental J of ['Cl' 'Dy']
  Cl 0.0006-0.0000j -0.0004+0.0000j 0.0310-0.0000j 
  Dy -6.0341-0.0000j 4.3840-0.0000j -0.0169+0.0000j 
J vector of initial guess [-6.0333+0.j  4.3835-0.j  0.0141-0.j]


******** <class 'pyscf.x2c.x2c.X2C1eGKS'> ********
method = X2C1eGKS
initial guess = minao
damping factor = 0
level_shift factor = 0
DIIS = <class 'pyscf.scf.diis.CDIIS'>
diis_start_cycle = 1
diis_space = 8
diis_damp = 0
SCF conv_tol = 1e-09
SCF conv_tol_grad = None
SCF max_cycles = 1000
direct_scf = True
direct_scf_tol = 1e-13
chkfile to save SCF result = gs_DyCl6.chk
max_memory 32000 MB (current use 144 MB)
XC library pyscf.dft.libxc version 6.1.0
    S. Lehtola, C. Steigemann, M. J.T. Oliveira, and M. A.L. Marques.,  SoftwareX 7, 1–5 (2018)
XC functionals = HF

radial grids: 
    Treutler-Ahlrichs [JCP 102, 346 (1995); DOI:10.1063/1.469408] (M4) radial grids
    
becke partition: Becke, JCP 88, 2547 (1988); DOI:10.1063/1.454033
pruning grids: <function nwchem_prune at 0x7fc44c405e40>
grids dens level: 3
symmetrized grids: False
atomic radii adjust function: <function treutler_atomic_radii_adjust at 0x7fc44c406480>
small_rho_cutoff = 1e-07
collinear = col


******** <class 'pyscf.x2c.x2c.SpinOrbitalX2CHelper'> ********
approx = 1e
xuncontract = 1
Overwritten attributes  get_hcore  of <class 'pyscf.x2c.x2c.X2C1eGKS'>
Set gradient conv threshold to 3.16228e-05
tot grids = 134432
init E= -14971.0807429161
  HOMO = -0.283253886324709  LUMO = -0.0688362781504611
cycle= 1 E= -14978.6085503206  delta_E= -7.53  |g|= 1.62  |ddm|= 2.41
  HOMO = -0.297567030520055  LUMO = 0.124200495255452
cycle= 2 E= -14978.7105155821  delta_E= -0.102  |g|= 0.663  |ddm|= 1.11
  HOMO = -0.32230571260007  LUMO = 0.122282504747908
cycle= 3 E= -14978.7606845984  delta_E= -0.0502  |g|= 0.274  |ddm|= 0.508
  HOMO = -0.322528637126977  LUMO = 0.122623885694136
cycle= 4 E= -14978.7665732158  delta_E= -0.00589  |g|= 0.0211  |ddm|= 0.091
  HOMO = -0.32374958743255  LUMO = 0.122820490949277
cycle= 5 E= -14978.7667736911  delta_E= -0.0002  |g|= 0.00612  |ddm|= 0.0246
  HOMO = -0.323627769926368  LUMO = 0.122827311270276
cycle= 6 E= -14978.7668345336  delta_E= -6.08e-05  |g|= 0.00491  |ddm|= 0.0106
  HOMO = -0.323684825795787  LUMO = 0.122834100009331
cycle= 7 E= -14978.7669217378  delta_E= -8.72e-05  |g|= 0.00361  |ddm|= 0.0148
  HOMO = -0.32354425044908  LUMO = 0.122831277523755
cycle= 8 E= -14978.7670060318  delta_E= -8.43e-05  |g|= 0.00163  |ddm|= 0.024
  HOMO = -0.323642694734395  LUMO = 0.122828361597402
cycle= 9 E= -14978.7670206839  delta_E= -1.47e-05  |g|= 0.000714  |ddm|= 0.0117
  HOMO = -0.323637174124891  LUMO = 0.12282754039172
cycle= 10 E= -14978.7670222216  delta_E= -1.54e-06  |g|= 0.000535  |ddm|= 0.00254
  HOMO = -0.323644662686903  LUMO = 0.12282803493832
cycle= 11 E= -14978.7670233197  delta_E= -1.1e-06  |g|= 0.000449  |ddm|= 0.00176
  HOMO = -0.323642321389785  LUMO = 0.122828426123402
cycle= 12 E= -14978.7670243535  delta_E= -1.03e-06  |g|= 0.000402  |ddm|= 0.00172
  HOMO = -0.323647443951855  LUMO = 0.122827866244515
cycle= 13 E= -14978.7670255505  delta_E= -1.2e-06  |g|= 0.000369  |ddm|= 0.0022
  HOMO = -0.323638269323715  LUMO = 0.122827844428831
cycle= 14 E= -14978.7670265764  delta_E= -1.03e-06  |g|= 0.000347  |ddm|= 0.00203
  HOMO = -0.323640634300784  LUMO = 0.122828103858616
cycle= 15 E= -14978.7670279411  delta_E= -1.36e-06  |g|= 0.000317  |ddm|= 0.00293
  HOMO = -0.323640486065809  LUMO = 0.122827779608789
cycle= 16 E= -14978.7670307066  delta_E= -2.77e-06  |g|= 0.000252  |ddm|= 0.00733
  HOMO = -0.323637320692277  LUMO = 0.122827822148446
cycle= 17 E= -14978.7670320062  delta_E= -1.3e-06  |g|= 0.000226  |ddm|= 0.00464
  HOMO = -0.323641319308978  LUMO = 0.122827313784198
cycle= 18 E= -14978.767032556  delta_E= -5.5e-07  |g|= 0.000213  |ddm|= 0.00212
  HOMO = -0.323637546966628  LUMO = 0.12282738164728
cycle= 19 E= -14978.7670330874  delta_E= -5.31e-07  |g|= 0.000202  |ddm|= 0.00208
  HOMO = -0.323638365242126  LUMO = 0.122827420300623
cycle= 20 E= -14978.7670334655  delta_E= -3.78e-07  |g|= 0.000196  |ddm|= 0.0015
  HOMO = -0.323636734826138  LUMO = 0.122827304953339
cycle= 21 E= -14978.7670337634  delta_E= -2.98e-07  |g|= 0.000192  |ddm|= 0.00114
  HOMO = -0.32363643738304  LUMO = 0.122827316995542
cycle= 22 E= -14978.7670342111  delta_E= -4.48e-07  |g|= 0.000187  |ddm|= 0.00171
  HOMO = -0.323635523492805  LUMO = 0.12282708087481
cycle= 23 E= -14978.7670346426  delta_E= -4.32e-07  |g|= 0.000184  |ddm|= 0.00168
  HOMO = -0.323636318202794  LUMO = 0.122827057686984
cycle= 24 E= -14978.7670348997  delta_E= -2.57e-07  |g|= 0.000183  |ddm|= 0.001
  HOMO = -0.323635096230135  LUMO = 0.122827049525139
cycle= 25 E= -14978.7670351465  delta_E= -2.47e-07  |g|= 0.000182  |ddm|= 0.000951
  HOMO = -0.323634972849961  LUMO = 0.122827089587595
cycle= 26 E= -14978.7670354392  delta_E= -2.93e-07  |g|= 0.000181  |ddm|= 0.00113
  HOMO = -0.323634899466761  LUMO = 0.122827045454083
cycle= 27 E= -14978.767035611  delta_E= -1.72e-07  |g|= 0.000181  |ddm|= 0.000661
  HOMO = -0.32363471146131  LUMO = 0.122827038339654
cycle= 28 E= -14978.7670357336  delta_E= -1.23e-07  |g|= 0.000181  |ddm|= 0.000471
  HOMO = -0.323634679794621  LUMO = 0.122827028134636
cycle= 29 E= -14978.7670358313  delta_E= -9.77e-08  |g|= 0.000181  |ddm|= 0.000374
  HOMO = -0.323634690966827  LUMO = 0.122827028638513
cycle= 30 E= -14978.7670358264  delta_E= 4.9e-09  |g|= 0.000181  |ddm|= 1.9e-05
  HOMO = -0.323634744159278  LUMO = 0.122827026514552
cycle= 31 E= -14978.767035775  delta_E= 5.14e-08  |g|= 0.000181  |ddm|= 0.000199
  HOMO = -0.323634792861139  LUMO = 0.122827034915727
cycle= 32 E= -14978.7670357547  delta_E= 2.03e-08  |g|= 0.000181  |ddm|= 8.02e-05
  HOMO = -0.323634779632537  LUMO = 0.122827033337705
cycle= 33 E= -14978.7670357397  delta_E= 1.5e-08  |g|= 0.000181  |ddm|= 5.95e-05
  HOMO = -0.323634783394381  LUMO = 0.122827038385056
cycle= 34 E= -14978.7670357297  delta_E= 9.94e-09  |g|= 0.000181  |ddm|= 4.22e-05
  HOMO = -0.323634780348825  LUMO = 0.122827039873462
cycle= 35 E= -14978.767035732  delta_E= -2.24e-09  |g|= 0.000181  |ddm|= 9.39e-06
  HOMO = -0.32363479311136  LUMO = 0.12282704337949
cycle= 36 E= -14978.7670357193  delta_E= 1.26e-08  |g|= 0.000181  |ddm|= 4.89e-05
  HOMO = -0.323634749336498  LUMO = 0.122827044652088
cycle= 37 E= -14978.767035768  delta_E= -4.87e-08  |g|= 0.000181  |ddm|= 0.000187
  HOMO = -0.323634838928536  LUMO = 0.122827045193669
cycle= 38 E= -14978.7670356769  delta_E= 9.11e-08  |g|= 0.000181  |ddm|= 0.000349
  HOMO = -0.323635068888144  LUMO = 0.122827018964916
cycle= 39 E= -14978.7670354186  delta_E= 2.58e-07  |g|= 0.000181  |ddm|= 0.000993
  HOMO = -0.323635550795418  LUMO = 0.122826991170377
cycle= 40 E= -14978.7670349894  delta_E= 4.29e-07  |g|= 0.000181  |ddm|= 0.00165
  HOMO = -0.323636211999005  LUMO = 0.122827025611896
cycle= 41 E= -14978.767034437  delta_E= 5.52e-07  |g|= 0.00018  |ddm|= 0.00213
  HOMO = -0.323636664960276  LUMO = 0.122826994860528
cycle= 42 E= -14978.7670339706  delta_E= 4.66e-07  |g|= 0.00018  |ddm|= 0.0018
  HOMO = -0.323637224443173  LUMO = 0.12282694688076
cycle= 43 E= -14978.7670334884  delta_E= 4.82e-07  |g|= 0.00018  |ddm|= 0.00188
  HOMO = -0.323639017198758  LUMO = 0.122826942929617
cycle= 44 E= -14978.76703199  delta_E= 1.5e-06  |g|= 0.000179  |ddm|= 0.00589
  HOMO = -0.323641147588133  LUMO = 0.122826756347642
cycle= 45 E= -14978.7670295415  delta_E= 2.45e-06  |g|= 0.000178  |ddm|= 0.00979
  HOMO = -0.323641914730921  LUMO = 0.122826775572445
cycle= 46 E= -14978.767029021  delta_E= 5.21e-07  |g|= 0.000176  |ddm|= 0.00212
  HOMO = -0.323647543598397  LUMO = 0.122826687505586
cycle= 47 E= -14978.7670241436  delta_E= 4.88e-06  |g|= 0.000178  |ddm|= 0.0202
  HOMO = -0.32364853582735  LUMO = 0.122826646231067
cycle= 48 E= -14978.7670230533  delta_E= 1.09e-06  |g|= 0.000174  |ddm|= 0.0047
  HOMO = -0.323653208693637  LUMO = 0.122826555788334
cycle= 49 E= -14978.7670197576  delta_E= 3.3e-06  |g|= 0.00018  |ddm|= 0.0144
  HOMO = -0.323653445236006  LUMO = 0.122826538192788
cycle= 50 E= -14978.7670195264  delta_E= 2.31e-07  |g|= 0.00017  |ddm|= 0.00119
  HOMO = -0.32365594812558  LUMO = 0.122826395593115
cycle= 51 E= -14978.7670165631  delta_E= 2.96e-06  |g|= 0.00018  |ddm|= 0.0135
  HOMO = -0.323657210426528  LUMO = 0.122826369285943
cycle= 52 E= -14978.7670158273  delta_E= 7.36e-07  |g|= 0.000163  |ddm|= 0.00377
  HOMO = -0.32366020722549  LUMO = 0.122826340563413
cycle= 53 E= -14978.7670137623  delta_E= 2.07e-06  |g|= 0.000158  |ddm|= 0.0101
  HOMO = -0.323664090500684  LUMO = 0.122825921096113
cycle= 54 E= -14978.7670099559  delta_E= 3.81e-06  |g|= 0.000235  |ddm|= 0.0188
  HOMO = -0.323661593850084  LUMO = 0.122826101383876
cycle= 55 E= -14978.767012422  delta_E= -2.47e-06  |g|= 0.000157  |ddm|= 0.0122
  HOMO = -0.32367309767087  LUMO = 0.122825572306206
cycle= 56 E= -14978.7670047989  delta_E= 7.62e-06  |g|= 0.000524  |ddm|= 0.0389
  HOMO = -0.323668611448511  LUMO = 0.122825741955288
cycle= 57 E= -14978.7670079272  delta_E= -3.13e-06  |g|= 0.000254  |ddm|= 0.0161
  HOMO = -0.32366879318845  LUMO = 0.122825679647486
cycle= 58 E= -14978.7670077059  delta_E= 2.21e-07  |g|= 0.000274  |ddm|= 0.00119
  HOMO = -0.323665295752681  LUMO = 0.122825826651707
cycle= 59 E= -14978.7670099049  delta_E= -2.2e-06  |g|= 0.000175  |ddm|= 0.0113
  HOMO = -0.323665847421314  LUMO = 0.122825785664721
cycle= 60 E= -14978.7670093092  delta_E= 5.96e-07  |g|= 0.000173  |ddm|= 0.00306
  HOMO = -0.323666253701376  LUMO = 0.122825798668256
cycle= 61 E= -14978.7670090968  delta_E= 2.12e-07  |g|= 0.000171  |ddm|= 0.00109
  HOMO = -0.323665372750403  LUMO = 0.122825826586738
cycle= 62 E= -14978.7670096401  delta_E= -5.43e-07  |g|= 0.000166  |ddm|= 0.00278
  HOMO = -0.323665335790148  LUMO = 0.122825715201626
cycle= 63 E= -14978.7670093154  delta_E= 3.25e-07  |g|= 0.000142  |ddm|= 0.0019
  HOMO = -0.323666400905221  LUMO = 0.122825703179062
cycle= 64 E= -14978.7670086645  delta_E= 6.51e-07  |g|= 0.000141  |ddm|= 0.00334
  HOMO = -0.323667577711717  LUMO = 0.122825668671624
cycle= 65 E= -14978.7670079137  delta_E= 7.51e-07  |g|= 0.000137  |ddm|= 0.00393
  HOMO = -0.323672400481396  LUMO = 0.122825495960874
cycle= 66 E= -14978.7670044685  delta_E= 3.45e-06  |g|= 0.000139  |ddm|= 0.0186
  HOMO = -0.323674911984952  LUMO = 0.122825454129388
cycle= 67 E= -14978.7670033246  delta_E= 1.14e-06  |g|= 0.000129  |ddm|= 0.00641
  HOMO = -0.32367674531083  LUMO = 0.122825221861289
cycle= 68 E= -14978.7670015156  delta_E= 1.81e-06  |g|= 0.000124  |ddm|= 0.0105
  HOMO = -0.323688092168133  LUMO = 0.122824717847987
cycle= 69 E= -14978.7669946461  delta_E= 6.87e-06  |g|= 0.000328  |ddm|= 0.0435
  HOMO = -0.323688573710942  LUMO = 0.122824688690014
cycle= 70 E= -14978.7669943442  delta_E= 3.02e-07  |g|= 0.000458  |ddm|= 0.00189
  HOMO = -0.323688964104445  LUMO = 0.122824796771427
cycle= 71 E= -14978.766994615  delta_E= -2.71e-07  |g|= 0.000276  |ddm|= 0.00206
  HOMO = -0.323688498728762  LUMO = 0.122824893195599
cycle= 72 E= -14978.7669949087  delta_E= -2.94e-07  |g|= 0.000144  |ddm|= 0.00228
  HOMO = -0.32369026730023  LUMO = 0.122824847108235
cycle= 73 E= -14978.7669939411  delta_E= 9.68e-07  |g|= 0.000155  |ddm|= 0.00678
  HOMO = -0.323691932996858  LUMO = 0.12282482613779
cycle= 74 E= -14978.7669929182  delta_E= 1.02e-06  |g|= 0.000121  |ddm|= 0.00747
  HOMO = -0.323695030410094  LUMO = 0.12282463174663
cycle= 75 E= -14978.7669910141  delta_E= 1.9e-06  |g|= 0.000132  |ddm|= 0.0149
  HOMO = -0.323696224895169  LUMO = 0.122824639881035
cycle= 76 E= -14978.7669904766  delta_E= 5.38e-07  |g|= 9.97e-05  |ddm|= 0.00439
  HOMO = -0.323701077063102  LUMO = 0.122824796399628
cycle= 77 E= -14978.7669888411  delta_E= 1.64e-06  |g|= 8.95e-05  |ddm|= 0.014
  HOMO = -0.323703886473027  LUMO = 0.122824570373141
cycle= 78 E= -14978.7669869687  delta_E= 1.87e-06  |g|= 0.000147  |ddm|= 0.0172
  HOMO = -0.323705120270135  LUMO = 0.122824580629177
cycle= 79 E= -14978.7669865121  delta_E= 4.57e-07  |g|= 0.000117  |ddm|= 0.00455
  HOMO = -0.323709597035131  LUMO = 0.122824525042417
cycle= 80 E= -14978.7669848078  delta_E= 1.7e-06  |g|= 0.0001  |ddm|= 0.0181
  HOMO = -0.323714632804404  LUMO = 0.122824442687078
cycle= 81 E= -14978.7669829438  delta_E= 1.86e-06  |g|= 0.000153  |ddm|= 0.0226
  HOMO = -0.323715875388996  LUMO = 0.122824466294136
cycle= 82 E= -14978.7669825862  delta_E= 3.58e-07  |g|= 0.000105  |ddm|= 0.0051
  HOMO = -0.323720461255142  LUMO = 0.122824611454866
cycle= 83 E= -14978.7669815844  delta_E= 1e-06  |g|= 6.3e-05  |ddm|= 0.0155
  HOMO = -0.32372331811967  LUMO = 0.122824545824649
cycle= 84 E= -14978.7669807654  delta_E= 8.19e-07  |g|= 9.84e-05  |ddm|= 0.0143
  HOMO = -0.323724680069364  LUMO = 0.122824548936288
cycle= 85 E= -14978.7669804442  delta_E= 3.21e-07  |g|= 7.03e-05  |ddm|= 0.00676
  HOMO = -0.323725697626109  LUMO = 0.122824566671023
cycle= 86 E= -14978.7669802406  delta_E= 2.04e-07  |g|= 5.25e-05  |ddm|= 0.005
  HOMO = -0.323728389043061  LUMO = 0.122824523386351
cycle= 87 E= -14978.7669796963  delta_E= 5.44e-07  |g|= 8.22e-05  |ddm|= 0.0139
  HOMO = -0.32372904460225  LUMO = 0.12282447341705
cycle= 88 E= -14978.7669794721  delta_E= 2.24e-07  |g|= 9.09e-05  |ddm|= 0.00714
  HOMO = -0.323729750727833  LUMO = 0.122824533942028
cycle= 89 E= -14978.7669794113  delta_E= 6.08e-08  |g|= 4.27e-05  |ddm|= 0.00297
  HOMO = -0.323731030466116  LUMO = 0.122824533072741
cycle= 90 E= -14978.7669792752  delta_E= 1.36e-07  |g|= 2.99e-05  |ddm|= 0.00548
  HOMO = -0.323732228527614  LUMO = 0.122824464396284
cycle= 91 E= -14978.7669790859  delta_E= 1.89e-07  |g|= 5.8e-05  |ddm|= 0.00893
  HOMO = -0.323732842034873  LUMO = 0.122824468345354
cycle= 92 E= -14978.7669790426  delta_E= 4.34e-08  |g|= 2.99e-05  |ddm|= 0.00289
  HOMO = -0.323733264654012  LUMO = 0.122824462841559
cycle= 93 E= -14978.7669790094  delta_E= 3.32e-08  |g|= 2.04e-05  |ddm|= 0.00236
  HOMO = -0.3237339182499  LUMO = 0.122824436888905
cycle= 94 E= -14978.766978948  delta_E= 6.14e-08  |g|= 2.31e-05  |ddm|= 0.00484
  HOMO = -0.323734005088165  LUMO = 0.122824422641607
cycle= 95 E= -14978.7669789278  delta_E= 2.02e-08  |g|= 1.48e-05  |ddm|= 0.00203
  HOMO = -0.323734278840358  LUMO = 0.122824429183151
cycle= 96 E= -14978.7669789222  delta_E= 5.6e-09  |g|= 1.34e-05  |ddm|= 0.000681
  HOMO = -0.323734339780475  LUMO = 0.122824394374422
cycle= 97 E= -14978.766978906  delta_E= 1.62e-08  |g|= 1.09e-05  |ddm|= 0.00187
  HOMO = -0.323734460508069  LUMO = 0.122824382899561
cycle= 98 E= -14978.766978903  delta_E= 2.95e-09  |g|= 8.98e-06  |ddm|= 0.000432
  HOMO = -0.323734583297338  LUMO = 0.122824388462684
cycle= 99 E= -14978.7669789016  delta_E= 1.39e-09  |g|= 8.19e-06  |ddm|= 0.000203
  HOMO = -0.323734487289807  LUMO = 0.122824375887016
cycle= 100 E= -14978.7669789011  delta_E= 4.95e-10  |g|= 7.28e-06  |ddm|= 0.000109
  HOMO = -0.323734510682161  LUMO = 0.122824378627462
Extra cycle  E= -14978.7669789012  delta_E= -6.18e-11  |g|= 7.11e-06  |ddm|= 8e-06
converged SCF energy = -14978.7669789012  <S^2> = 8.2685386  2S+1 = 5.8373071
(3, 198, 198) 198
S vector [-1.694 +0.j  1.6762+0.j  0.003 +0.j]
(3, 198, 198) 198
L vector [-3.6359-0.j  3.5964+0.j  0.0064-0.j]
(3, 198, 198) 198
J vector [-5.3299+0.j  5.2726+0.j  0.0094-0.j]
Tue Apr 15 10:57:26 PDT 2025
