J = 7.5, Symmetry = Oh, using 80 data points.
relative energy in cm^-1
0.0,
1.1368683772161603e-13,
27.60826950002709,
27.60826950002709,
27.67510579003914,
27.67510579003914,
119.43441041791863,
119.43441041791874,
244.52455894182796,
244.52455894182808,
245.46065600958116,
245.46065600958124,
297.64938517707134,
297.64938517707134,
298.1883441675243,
298.18834416752435,
relative energy (deviate most) in cm^-1
0.0,
1.1368683772161603e-13,
27.60826950002709,
27.60826950002709,
27.67510579003914,
27.67510579003914,
119.43441041791863,
119.43441041791874,
244.52455894182796,
244.52455894182808,
245.46065600958116,
245.46065600958124,
297.64938517707134,
297.64938517707134,
298.1883441675243,
298.18834416752435,
0.0
[0.00000000e+00 1.13686838e-13 2.76082695e+01 2.76082695e+01
 2.76751058e+01 2.76751058e+01 1.19434410e+02 1.19434410e+02
 2.44524559e+02 2.44524559e+02 2.45460656e+02 2.45460656e+02
 2.97649385e+02 2.97649385e+02 2.98188344e+02 2.98188344e+02]
0th ev c_JM**2
mj = -0.5, |c|^2 = 0.504691712035018
mj = 3.5, |c|^2 = 0.11031733815744385
mj = 7.5, |c|^2 = 0.3490276933694389
1th ev c_JM**2
mj = -7.5, |c|^2 = 0.3490276933694389
mj = -3.5, |c|^2 = 0.11031733815744403
mj = 0.5, |c|^2 = 0.5046917120350177
2th ev c_JM**2
mj = -2.5, |c|^2 = 0.23958139950141102
mj = 1.5, |c|^2 = 0.6428520879881798
3th ev c_JM**2
mj = -1.5, |c|^2 = 0.6428520879881812
mj = 2.5, |c|^2 = 0.2395813995014101
4th ev c_JM**2
mj = -7.5, |c|^2 = 0.606220239681723
mj = 0.5, |c|^2 = 0.36176366101852847
5th ev c_JM**2
mj = -0.5, |c|^2 = 0.3617636610185263
mj = 7.5, |c|^2 = 0.6062202396817257
6th ev c_JM**2
mj = -6.5, |c|^2 = 0.39781342943771975
mj = -2.5, |c|^2 = 0.3400224758763015
mj = 1.5, |c|^2 = 0.2042779722159696
7th ev c_JM**2
mj = -1.5, |c|^2 = 0.2042779722159685
mj = 2.5, |c|^2 = 0.3400224758763023
mj = 6.5, |c|^2 = 0.3978134294377203
8th ev c_JM**2
mj = -3.5, |c|^2 = 0.7833767610733764
mj = 4.5, |c|^2 = 0.15595975675854454
9th ev c_JM**2
mj = -4.5, |c|^2 = 0.15595975675854493
mj = 3.5, |c|^2 = 0.7833767610733763
10th ev c_JM**2
mj = -6.5, |c|^2 = 0.5337167155711454
mj = -2.5, |c|^2 = 0.37273134399685054
11th ev c_JM**2
mj = 2.5, |c|^2 = 0.3727313439968512
mj = 6.5, |c|^2 = 0.5337167155711445
12th ev c_JM**2
mj = -3.5, |c|^2 = 0.1062921587337217
mj = 0.5, |c|^2 = 0.11403241063114962
mj = 4.5, |c|^2 = 0.7760746295390657
13th ev c_JM**2
mj = -4.5, |c|^2 = 0.7760746295390654
mj = -0.5, |c|^2 = 0.11403241063114954
mj = 3.5, |c|^2 = 0.10629215873372214
14th ev c_JM**2
mj = -5.5, |c|^2 = 0.785630330907304
mj = -1.5, |c|^2 = 0.14741981776188515
15th ev c_JM**2
mj = 1.5, |c|^2 = 0.14741981776188515
mj = 5.5, |c|^2 = 0.7856303309073045
CF paramters in Phi format
1 2 2 0.0
1 2 1 0.0
1 2 0 0.0
1 2 -1 0.0
1 2 -2 0.0
1 4 4 -0.04287016702260309
1 4 3 0.0
1 4 2 0.0
1 4 1 0.0
1 4 0 -0.008546496535040181
1 4 -1 0.0
1 4 -2 0.0
1 4 -3 0.0
1 4 -4 0.0
1 6 6 0.0
1 6 5 0.0
1 6 4 -0.00025131119967116653
1 6 3 0.0
1 6 2 0.0
1 6 1 0.0
1 6 0 1.1472419384670937e-05
1 6 -1 0.0
1 6 -2 0.0
1 6 -3 0.0
1 6 -4 0.0
1 6 -5 0.0
1 6 -6 0.0
