******PBE0*******
J = 7.5, Symmetry = Oh, using 10 data points.
relative energy (deviate most) in cm^-1
Deviation: 192.33990020707225
0.0,
5.684341886080802e-14,
62.706755701428335,
62.706755701428506,
65.25112548687432,
65.25112548687443,
188.17536827745275,
188.1753682774529,
257.6084931752953,
257.6084931752954,
315.81150508574444,
315.8115050857445,
331.50261504252285,
331.50261504252285,
369.1901054503341,
369.1901054503341,
Note: no discard
relative energy in cm^-1
0.0,
2.220019723608857e-13,
26.867008688618434,
26.86700868861869,
28.42033247969037,
28.42033247969064,
120.67491203892948,
120.67491203892968,
242.76765812740877,
242.76765812740888,
246.02501412778824,
246.02501412778827,
296.514191680238,
296.5141916802381,
298.5826146336915,
298.58261463369155,
CF parameters
CF paramters in Phi format
1 2 2 0.0
1 2 1 0.0
1 2 0 0.0
1 2 -1 0.0
1 2 -2 0.0
1 4 4 -0.04269512511543297
1 4 3 0.0
1 4 2 0.0
1 4 1 0.0
1 4 0 -0.0085565648208257
1 4 -1 0.0
1 4 -2 0.0
1 4 -3 0.0
1 4 -4 0.0
1 6 6 0.0
1 6 5 0.0
1 6 4 -0.0002431479345453897
1 6 3 0.0
1 6 2 0.0
1 6 1 0.0
1 6 0 1.1177489940200674e-05
1 6 -1 0.0
1 6 -2 0.0
1 6 -3 0.0
1 6 -4 0.0
1 6 -5 0.0
1 6 -6 0.0
CF parameters in EasySpin format
B2 0.0 0.0 0.0 0.0 0.0
B4 -0.04269512511543297 0.0 0.0 0.0 -0.0085565648208257 0.0 0.0 0.0 0.0
B6 0.0 0.0 -0.0002431479345453897 0.0 0.0 0.0 1.1177489940200674e-05 0.0 0.0 0.0 0.0 0.0 0.0
ew std [0.00000000e+00 1.44747943e-13 1.47562987e+00 1.47562987e+00
 1.82909809e+00 1.82909809e+00 5.09222440e+00 5.09222440e+00
 3.55793443e+00 3.55793443e+00 4.35192745e+00 4.35192745e+00
 3.62121935e+00 3.62121935e+00 4.10427235e+00 4.10427235e+00]
H std avg over terms 0.4084731425703379
ew std avg over terms 3.004038240900485
H std max over terms (-3.464374861295461+0j)
ew std max over terms 199.12322448626537
ew sum max magnitude 2519703.463552731
relative energy in cm^-1
0.0,
3.694822225952521e-13,
27.21019311459679,
27.21019311459699,
27.534695417369335,
27.534695417369676,
120.6887057668761,
120.6887057668762,
243.60742985680162,
243.60742985680162,
244.27853504585252,
244.27853504585255,
296.9313423352647,
296.93134233526473,
297.3948307610573,
297.39483076105734,
0th ev c_JM**2
mj = -0.5, |c|^2 = 0.5033425352984731
mj = 3.5, |c|^2 = 0.10956723526186642
mj = 7.5, |c|^2 = 0.35151140138676745
1th ev c_JM**2
mj = -7.5, |c|^2 = 0.3515114013867722
mj = -3.5, |c|^2 = 0.10956723526186617
mj = 0.5, |c|^2 = 0.5033425352984688
2th ev c_JM**2
mj = -0.5, |c|^2 = 0.362725185642472
mj = 7.5, |c|^2 = 0.6055522427193472
3th ev c_JM**2
mj = -7.5, |c|^2 = 0.6055522427193434
mj = 0.5, |c|^2 = 0.3627251856424761
4th ev c_JM**2
mj = -1.5, |c|^2 = 0.6445984652428149
mj = 2.5, |c|^2 = 0.24101991389479036
5th ev c_JM**2
mj = -2.5, |c|^2 = 0.24101991389478944
mj = 1.5, |c|^2 = 0.6445984652428158
6th ev c_JM**2
mj = -1.5, |c|^2 = 0.20371092883544575
mj = 2.5, |c|^2 = 0.34105003549124513
mj = 6.5, |c|^2 = 0.39764869621654564
7th ev c_JM**2
mj = -6.5, |c|^2 = 0.3976486962165458
mj = -2.5, |c|^2 = 0.3410500354912458
mj = 1.5, |c|^2 = 0.20371092883544487
8th ev c_JM**2
mj = -3.5, |c|^2 = 0.7850189156674277
mj = 4.5, |c|^2 = 0.15514674877726434
9th ev c_JM**2
mj = -4.5, |c|^2 = 0.1551467487772648
mj = 3.5, |c|^2 = 0.785018915667427
10th ev c_JM**2
mj = 2.5, |c|^2 = 0.3706459157100741
mj = 6.5, |c|^2 = 0.5357101797520724
11th ev c_JM**2
mj = -6.5, |c|^2 = 0.5357101797520717
mj = -2.5, |c|^2 = 0.37064591571007427
12th ev c_JM**2
mj = -4.5, |c|^2 = 0.7775539865844188
mj = -0.5, |c|^2 = 0.11361788303459987
mj = 3.5, |c|^2 = 0.10541171401794963
13th ev c_JM**2
mj = -3.5, |c|^2 = 0.10541171401794909
mj = 0.5, |c|^2 = 0.11361788303459984
mj = 4.5, |c|^2 = 0.7775539865844191
14th ev c_JM**2
mj = -5.5, |c|^2 = 0.7727205041964399
mj = -1.5, |c|^2 = 0.14244790956140882
15th ev c_JM**2
mj = 1.5, |c|^2 = 0.1424479095614088
mj = 5.5, |c|^2 = 0.7727205041964406
J = 7.5, Symmetry = Oh, using 30 data points.
relative energy (deviate most) in cm^-1
Deviation: 16.85217584426238
0.0,
0.0,
28.061984985613606,
28.061984985613663,
29.138907387384847,
29.138907387384904,
116.33937129135651,
116.33937129135666,
249.83128104063456,
249.83128104063462,
249.9345550916354,
249.93455509163545,
302.0682132225367,
302.0682132225367,
302.3357190129609,
302.3357190129609,
Note: no discard
relative energy in cm^-1
0.0,
2.3553070604975803e-13,
27.12862834965409,
27.1286283496544,
27.758855880668413,
27.758855880668722,
120.23700405150566,
120.23700405150583,
243.21312257476202,
243.21312257476205,
244.7388074781605,
244.73880747816054,
296.5802249009371,
296.5802249009372,
297.52772079347716,
297.52772079347716,
CF parameters
CF paramters in Phi format
1 2 2 0.0
1 2 1 0.0
1 2 0 0.0
1 2 -1 0.0
1 2 -2 0.0
1 4 4 -0.042827282791245834
1 4 3 0.0
1 4 2 0.0
1 4 1 0.0
1 4 0 -0.008529107789570245
1 4 -1 0.0
1 4 -2 0.0
1 4 -3 0.0
1 4 -4 0.0
1 6 6 0.0
1 6 5 0.0
1 6 4 -0.00024529410137645363
1 6 3 0.0
1 6 2 0.0
1 6 1 0.0
1 6 0 1.1150070452437319e-05
1 6 -1 0.0
1 6 -2 0.0
1 6 -3 0.0
1 6 -4 0.0
1 6 -5 0.0
1 6 -6 0.0
CF parameters in EasySpin format
B2 0.0 0.0 0.0 0.0 0.0
B4 -0.042827282791245834 0.0 0.0 0.0 -0.008529107789570245 0.0 0.0 0.0 0.0
B6 0.0 0.0 -0.00024529410137645363 0.0 0.0 0.0 1.1150070452437319e-05 0.0 0.0 0.0 0.0 0.0 0.0
ew std [0.00000000e+00 1.33420571e-13 3.69625816e-01 3.69625816e-01
 3.80323729e-01 3.80323729e-01 1.65413841e+00 1.65413841e+00
 1.28646288e+00 1.28646288e+00 1.26056209e+00 1.26056209e+00
 1.22422739e+00 1.22422739e+00 1.15887318e+00 1.15887318e+00]
H std avg over terms 0.14381003232201245
ew std avg over terms 0.9167766860633861
H std max over terms (-5.537978245381363+0j)
ew std max over terms 161.07304516987728
ew sum max magnitude 2514368.728058329
relative energy in cm^-1
0.0,
0.0,
27.348986713313167,
27.348986713313167,
27.485996846017485,
27.485996846017485,
120.26845772681773,
120.26845772681776,
243.4922539294978,
243.49225392949788,
244.51289997410916,
244.51289997410925,
296.8183926006943,
296.8183926006943,
297.39029492166577,
297.39029492166577,
0th ev c_JM**2
mj = -7.5, |c|^2 = 0.34909712722976327
mj = -3.5, |c|^2 = 0.11045668741757414
mj = 0.5, |c|^2 = 0.5044392301636951
1th ev c_JM**2
mj = -0.5, |c|^2 = 0.5044392301636982
mj = 3.5, |c|^2 = 0.11045668741757399
mj = 7.5, |c|^2 = 0.34909712722975955
2th ev c_JM**2
mj = -2.5, |c|^2 = 0.24158826841001121
mj = 1.5, |c|^2 = 0.642815730441356
3th ev c_JM**2
mj = -1.5, |c|^2 = 0.6428157304413569
mj = 2.5, |c|^2 = 0.24158826841001024
4th ev c_JM**2
mj = -7.5, |c|^2 = 0.6072725925573795
mj = 0.5, |c|^2 = 0.3607832047251031
5th ev c_JM**2
mj = -0.5, |c|^2 = 0.36078320472509884
mj = 7.5, |c|^2 = 0.6072725925573841
6th ev c_JM**2
mj = -6.5, |c|^2 = 0.39764334190863476
mj = -2.5, |c|^2 = 0.33991556890350944
mj = 1.5, |c|^2 = 0.2044238254921838
7th ev c_JM**2
mj = -1.5, |c|^2 = 0.2044238254921832
mj = 2.5, |c|^2 = 0.3399155689035098
mj = 6.5, |c|^2 = 0.3976433419086354
8th ev c_JM**2
mj = -3.5, |c|^2 = 0.7826699253933479
mj = 4.5, |c|^2 = 0.15721592494643333
9th ev c_JM**2
mj = -4.5, |c|^2 = 0.15721592494643355
mj = 3.5, |c|^2 = 0.7826699253933476
10th ev c_JM**2
mj = -6.5, |c|^2 = 0.5349578955735463
mj = -2.5, |c|^2 = 0.37059734705079256
11th ev c_JM**2
mj = 2.5, |c|^2 = 0.37059734705079295
mj = 6.5, |c|^2 = 0.5349578955735457
12th ev c_JM**2
mj = -3.5, |c|^2 = 0.10687331398086329
mj = 0.5, |c|^2 = 0.11477111951589208
mj = 4.5, |c|^2 = 0.7748329903552962
13th ev c_JM**2
mj = -4.5, |c|^2 = 0.7748329903552958
mj = -0.5, |c|^2 = 0.11477111951589201
mj = 3.5, |c|^2 = 0.10687331398086374
14th ev c_JM**2
mj = 1.5, |c|^2 = 0.14690342400835305
mj = 5.5, |c|^2 = 0.7860115627725451
15th ev c_JM**2
mj = -5.5, |c|^2 = 0.7860115627725448
mj = -1.5, |c|^2 = 0.14690342400835305
J = 7.5, Symmetry = Oh, using 50 data points.
relative energy (deviate most) in cm^-1
Deviation: 7.7172279195453015
0.0,
1.7053025658242404e-13,
27.82541514183913,
27.825415141839272,
28.001326368750767,
28.00132636875091,
119.17027885102121,
119.17027885102127,
246.66873401750485,
246.66873401750493,
246.67229312072539,
246.6722931207255,
299.62076741682114,
299.62076741682114,
299.65441908787705,
299.6544190878771,
Note: no discard
relative energy in cm^-1
0.0,
2.2666313270747195e-13,
27.217099012168315,
27.217099012168614,
27.65771167465438,
27.65771167465474,
120.20398959981773,
120.20398959981797,
243.3864593834171,
243.38645938341716,
244.63220822858514,
244.6322082285852,
296.70300089863485,
296.70300089863485,
297.4698158511435,
297.4698158511435,
CF parameters
CF paramters in Phi format
1 2 2 0.0
1 2 1 0.0
1 2 0 0.0
1 2 -1 0.0
1 2 -2 0.0
1 4 4 -0.04279471966148057
1 4 3 0.0
1 4 2 0.0
1 4 1 0.0
1 4 0 -0.008532963426737832
1 4 -1 0.0
1 4 -2 0.0
1 4 -3 0.0
1 4 -4 0.0
1 6 6 0.0
1 6 5 0.0
1 6 4 -0.0002458324138592803
1 6 3 0.0
1 6 2 0.0
1 6 1 0.0
1 6 0 1.109807555587292e-05
1 6 -1 0.0
1 6 -2 0.0
1 6 -3 0.0
1 6 -4 0.0
1 6 -5 0.0
1 6 -6 0.0
CF parameters in EasySpin format
B2 0.0 0.0 0.0 0.0 0.0
B4 -0.04279471966148057 0.0 0.0 0.0 -0.008532963426737832 0.0 0.0 0.0 0.0
B6 0.0 0.0 -0.0002458324138592803 0.0 0.0 0.0 1.109807555587292e-05 0.0 0.0 0.0 0.0 0.0 0.0
ew std [0.00000000e+00 1.29966405e-13 2.52264804e-01 2.52264804e-01
 2.56833746e-01 2.56833746e-01 1.15820868e+00 1.15820868e+00
 9.17483304e-01 9.17483304e-01 9.44054613e-01 9.44054613e-01
 8.80450371e-01 8.80450371e-01 8.79089421e-01 8.79089421e-01]
H std avg over terms 0.10057255193006862
ew std avg over terms 0.6610481173297585
H std max over terms (-5.738153314598154+0j)
ew std max over terms 159.38565817556056
ew sum max magnitude 2514540.569296842
relative energy in cm^-1
0.0,
1.9895196601282805e-13,
27.42658348289268,
27.42658348289345,
27.435523197472293,
27.435523197472378,
120.20126915142347,
120.20126915142367,
243.4609346056941,
243.46093460569415,
244.59617072456726,
244.5961707245673,
296.77783371931247,
296.77783371931264,
297.44430895736446,
297.44430895736457,
0th ev c_JM**2
mj = -0.5, |c|^2 = 0.5014757860037604
mj = 3.5, |c|^2 = 0.11039793725888149
mj = 7.5, |c|^2 = 0.35237463475279357
1th ev c_JM**2
mj = -7.5, |c|^2 = 0.3523746347527977
mj = -3.5, |c|^2 = 0.11039793725888129
mj = 0.5, |c|^2 = 0.5014757860037573
2th ev c_JM**2
mj = -2.5, |c|^2 = 0.2413100204441598
mj = 1.5, |c|^2 = 0.642754340964825
3th ev c_JM**2
mj = -1.5, |c|^2 = 0.6427543409648244
mj = 2.5, |c|^2 = 0.24131002044416006
4th ev c_JM**2
mj = -7.5, |c|^2 = 0.6039230978229346
mj = 0.5, |c|^2 = 0.3639086906832889
5th ev c_JM**2
mj = -0.5, |c|^2 = 0.3639086906832856
mj = 7.5, |c|^2 = 0.6039230978229377
6th ev c_JM**2
mj = -1.5, |c|^2 = 0.20449600539224372
mj = 2.5, |c|^2 = 0.3406570469841244
mj = 6.5, |c|^2 = 0.3969128777244745
7th ev c_JM**2
mj = -6.5, |c|^2 = 0.39691287772447476
mj = -2.5, |c|^2 = 0.34065704698412363
mj = 1.5, |c|^2 = 0.20449600539224339
8th ev c_JM**2
mj = -4.5, |c|^2 = 0.15666095879125372
mj = 3.5, |c|^2 = 0.7831325646821575
9th ev c_JM**2
mj = -3.5, |c|^2 = 0.7831325646821582
mj = 4.5, |c|^2 = 0.1566609587912531
10th ev c_JM**2
mj = 2.5, |c|^2 = 0.37032262979145236
mj = 6.5, |c|^2 = 0.5357434469686699
11th ev c_JM**2
mj = -6.5, |c|^2 = 0.5357434469686687
mj = -2.5, |c|^2 = 0.3703226297914529
12th ev c_JM**2
mj = -4.5, |c|^2 = 0.7754195786683842
mj = -0.5, |c|^2 = 0.1145964382526173
mj = 3.5, |c|^2 = 0.10646910712098244
13th ev c_JM**2
mj = -3.5, |c|^2 = 0.10646910712098205
mj = 0.5, |c|^2 = 0.11459643825261734
mj = 4.5, |c|^2 = 0.7754195786683847
14th ev c_JM**2
mj = -5.5, |c|^2 = 0.7357864125992738
mj = -1.5, |c|^2 = 0.13724160332115323
15th ev c_JM**2
mj = 1.5, |c|^2 = 0.13724160332115318
mj = 5.5, |c|^2 = 0.7357864125992744
J = 7.5, Symmetry = Oh, using 70 data points.
relative energy (deviate most) in cm^-1
Deviation: 8.195845689355155
0.0,
3.126388037344441e-13,
27.80405977671313,
27.804059776713615,
28.226472252865022,
28.22647225286545,
118.44663593747336,
118.4466359374735,
246.4219287976379,
246.42192879763792,
247.34621606393688,
247.3462160639369,
299.32699244577503,
299.3269924457751,
299.9613197875549,
299.9613197875549,
Note: no discard
relative energy in cm^-1
0.0,
2.311253410880454e-13,
27.259190820246722,
27.259190820247042,
27.614258878278836,
27.614258878279202,
120.16278728728278,
120.162787287283,
243.42744895258394,
243.42744895258406,
244.571591721556,
244.57159172155605,
296.71405239379885,
296.7140523937989,
297.416486800564,
297.41648680056403,
CF parameters
CF paramters in Phi format
1 2 2 0.0
1 2 1 0.0
1 2 0 0.0
1 2 -1 0.0
1 2 -2 0.0
1 4 4 -0.042770572555112636
1 4 3 0.0
1 4 2 0.0
1 4 1 0.0
1 4 0 -0.008534743495925305
1 4 -1 0.0
1 4 -2 0.0
1 4 -3 0.0
1 4 -4 0.0
1 6 6 0.0
1 6 5 0.0
1 6 4 -0.00024573319589807347
1 6 3 0.0
1 6 2 0.0
1 6 1 0.0
1 6 0 1.1191940423258718e-05
1 6 -1 0.0
1 6 -2 0.0
1 6 -3 0.0
1 6 -4 0.0
1 6 -5 0.0
1 6 -6 0.0
CF parameters in EasySpin format
B2 0.0 0.0 0.0 0.0 0.0
B4 -0.042770572555112636 0.0 0.0 0.0 -0.008534743495925305 0.0 0.0 0.0 0.0
B6 0.0 0.0 -0.00024573319589807347 0.0 0.0 0.0 1.1191940423258718e-05 0.0 0.0 0.0 0.0 0.0 0.0
ew std [0.00000000e+00 1.30543780e-13 2.04202873e-01 2.04202873e-01
 2.11621488e-01 2.11621488e-01 9.12816243e-01 9.12816243e-01
 7.75954229e-01 7.75954229e-01 7.70413917e-01 7.70413917e-01
 7.05599250e-01 7.05599250e-01 7.04336574e-01 7.04336574e-01]
H std avg over terms 0.08103062576125229
ew std avg over terms 0.5356180718125971
H std max over terms (-5.759355689565338+0j)
ew std max over terms 159.17433677577947
ew sum max magnitude 2514331.6337086246
relative energy in cm^-1
0.0,
1.9895196601282805e-13,
27.42296547003403,
27.42296547003417,
27.439166777194743,
27.439166777195254,
120.1522986099439,
120.15229860994425,
243.54504563659754,
243.54504563659765,
244.49066767732435,
244.49066767732444,
296.80580705387007,
296.80580705387007,
297.36604017735226,
297.3660401773524,
0th ev c_JM**2
mj = -7.5, |c|^2 = 0.35039232076635846
mj = -3.5, |c|^2 = 0.11020295613763624
mj = 0.5, |c|^2 = 0.5035660254467463
1th ev c_JM**2
mj = -0.5, |c|^2 = 0.503566025446747
mj = 3.5, |c|^2 = 0.11020295613763616
mj = 7.5, |c|^2 = 0.3503923207663573
2th ev c_JM**2
mj = -7.5, |c|^2 = 0.6059494798986605
mj = 0.5, |c|^2 = 0.36210306576359386
3th ev c_JM**2
mj = -0.5, |c|^2 = 0.3621030657635928
mj = 7.5, |c|^2 = 0.6059494798986614
4th ev c_JM**2
mj = -1.5, |c|^2 = 0.6432979528807242
mj = 2.5, |c|^2 = 0.24107566080419776
5th ev c_JM**2
mj = -2.5, |c|^2 = 0.2410756608041977
mj = 1.5, |c|^2 = 0.6432979528807243
6th ev c_JM**2
mj = -6.5, |c|^2 = 0.3975434786904394
mj = -2.5, |c|^2 = 0.3403996285823781
mj = 1.5, |c|^2 = 0.20425531153729978
7th ev c_JM**2
mj = -1.5, |c|^2 = 0.20425531153730037
mj = 2.5, |c|^2 = 0.3403996285823778
mj = 6.5, |c|^2 = 0.39754347869043954
8th ev c_JM**2
mj = -4.5, |c|^2 = 0.15637660467319514
mj = 3.5, |c|^2 = 0.7834690315797314
9th ev c_JM**2
mj = -3.5, |c|^2 = 0.783469031579731
mj = 4.5, |c|^2 = 0.15637660467319553
10th ev c_JM**2
mj = 2.5, |c|^2 = 0.37095579909560544
mj = 6.5, |c|^2 = 0.5351901383965972
11th ev c_JM**2
mj = -6.5, |c|^2 = 0.5351901383965973
mj = -2.5, |c|^2 = 0.37095579909560505
12th ev c_JM**2
mj = -3.5, |c|^2 = 0.10632796611355903
mj = 0.5, |c|^2 = 0.11432747615457095
mj = 4.5, |c|^2 = 0.7758372895088737
13th ev c_JM**2
mj = -4.5, |c|^2 = 0.7758372895088742
mj = -0.5, |c|^2 = 0.11432747615457113
mj = 3.5, |c|^2 = 0.10632796611355881
14th ev c_JM**2
mj = -5.5, |c|^2 = 0.7865240364667885
mj = -1.5, |c|^2 = 0.1465370985665275
15th ev c_JM**2
mj = 1.5, |c|^2 = 0.14653709856652777
mj = 5.5, |c|^2 = 0.7865240364667897
J = 7.5, Symmetry = Oh, using 90 data points.
relative energy (deviate most) in cm^-1
Deviation: 6.850397075603125
0.0,
1.7053025658242404e-13,
27.776871485558843,
27.776871485559127,
28.009871882918958,
28.009871882919015,
118.93175959312114,
118.93175959312114,
246.24154046623636,
246.2415404662364,
246.55963963894743,
246.55963963894752,
299.15890093107487,
299.15890093107487,
299.3944055631507,
299.3944055631507,
Note: no discard
relative energy in cm^-1
0.0,
2.3581492314406207e-13,
27.2848656675297,
27.284865667530017,
27.58853821021705,
27.588538210217482,
120.15860916121977,
120.15860916121996,
243.46295196304447,
243.46295196304453,
244.55387019739928,
244.55387019739933,
296.7384103870042,
296.73841038700425,
297.41027381384794,
297.410273813848,
CF parameters
CF paramters in Phi format
1 2 2 0.0
1 2 1 0.0
1 2 0 0.0
1 2 -1 0.0
1 2 -2 0.0
1 4 4 -0.04273888605130596
1 4 3 0.0
1 4 2 0.0
1 4 1 0.0
1 4 0 -0.008542875782777612
1 4 -1 0.0
1 4 -2 0.0
1 4 -3 0.0
1 4 -4 0.0
1 6 6 0.0
1 6 5 0.0
1 6 4 -0.0002454830872837949
1 6 3 0.0
1 6 2 0.0
1 6 1 0.0
1 6 0 1.1129724027365946e-05
1 6 -1 0.0
1 6 -2 0.0
1 6 -3 0.0
1 6 -4 0.0
1 6 -5 0.0
1 6 -6 0.0
CF parameters in EasySpin format
B2 0.0 0.0 0.0 0.0 0.0
B4 -0.04273888605130596 0.0 0.0 0.0 -0.008542875782777612 0.0 0.0 0.0 0.0
B6 0.0 0.0 -0.0002454830872837949 0.0 0.0 0.0 1.1129724027365946e-05 0.0 0.0 0.0 0.0 0.0 0.0
ew std [0.00000000e+00 1.34866300e-13 1.78766797e-01 1.78766797e-01
 1.74525005e-01 1.74525005e-01 8.02083395e-01 8.02083395e-01
 6.88554835e-01 6.88554835e-01 6.58904253e-01 6.58904253e-01
 6.26934089e-01 6.26934089e-01 6.08856768e-01 6.08856768e-01]
H std avg over terms 0.06970733036377984
ew std avg over terms 0.4673281427370514
H std max over terms (-5.80962288646964+0j)
ew std max over terms 158.95097740652918
ew sum max magnitude 2514395.0388005273
relative energy in cm^-1
0.0,
2.842170943040401e-14,
27.341158349195297,
27.341158349195666,
27.513642049319003,
27.5136420493194,
120.26291134750252,
120.26291134750255,
243.53304593383433,
243.53304593383433,
244.535887002099,
244.53588700209903,
296.82176122616545,
296.82176122616556,
297.44857093435735,
297.44857093435746,
0th ev c_JM**2
mj = -7.5, |c|^2 = 0.35338907674330716
mj = -3.5, |c|^2 = 0.11005416974559679
mj = 0.5, |c|^2 = 0.5009765706938946
1th ev c_JM**2
mj = -0.5, |c|^2 = 0.5009765706938968
mj = 3.5, |c|^2 = 0.11005416974559719
mj = 7.5, |c|^2 = 0.3533890767433048
2th ev c_JM**2
mj = -0.5, |c|^2 = 0.3648264839646823
mj = 7.5, |c|^2 = 0.6030755677283627
3th ev c_JM**2
mj = -7.5, |c|^2 = 0.6030755677283598
mj = 0.5, |c|^2 = 0.36482648396468564
4th ev c_JM**2
mj = -1.5, |c|^2 = 0.6412228448594212
mj = 2.5, |c|^2 = 0.24010530118219278
5th ev c_JM**2
mj = -2.5, |c|^2 = 0.2401053011821917
mj = 1.5, |c|^2 = 0.6412228448594217
6th ev c_JM**2
mj = -1.5, |c|^2 = 0.17865643040882045
mj = 2.5, |c|^2 = 0.2984131024407734
mj = 6.5, |c|^2 = 0.3472185464350651
7th ev c_JM**2
mj = -6.5, |c|^2 = 0.3472185464350655
mj = -2.5, |c|^2 = 0.298413102440774
mj = 1.5, |c|^2 = 0.17865643040881965
8th ev c_JM**2
mj = -4.5, |c|^2 = 0.15577169135620558
mj = 3.5, |c|^2 = 0.7840799253814804
9th ev c_JM**2
mj = -3.5, |c|^2 = 0.7840799253814807
mj = 4.5, |c|^2 = 0.15577169135620497
10th ev c_JM**2
mj = -6.5, |c|^2 = 0.535577227129059
mj = -2.5, |c|^2 = 0.3702419331021428
11th ev c_JM**2
mj = 2.5, |c|^2 = 0.37024193310214265
mj = 6.5, |c|^2 = 0.5355772271290594
12th ev c_JM**2
mj = -4.5, |c|^2 = 0.7765512300862617
mj = -0.5, |c|^2 = 0.11410282733853377
mj = 3.5, |c|^2 = 0.10586485230629968
13th ev c_JM**2
mj = -3.5, |c|^2 = 0.10586485230629931
mj = 0.5, |c|^2 = 0.11410282733853391
mj = 4.5, |c|^2 = 0.7765512300862619
14th ev c_JM**2
mj = 1.5, |c|^2 = 0.14583616846900826
mj = 5.5, |c|^2 = 0.7856570634985758
15th ev c_JM**2
mj = -5.5, |c|^2 = 0.7856570634985763
mj = -1.5, |c|^2 = 0.14583616846900796
