******PBE0*******
J = 7.5, Symmetry = Oh, using 80 data points.
relative energy (deviate most) in cm^-1
Deviation: 0.0
0.0,
3.126388037344441e-13,
27.608269545915505,
27.608269545916727,
27.675106291838176,
27.67510629183849,
119.43440917423098,
119.43440917423122,
244.52456023524934,
244.52456023524945,
245.46065705402572,
245.46065705402583,
297.6493861822436,
297.6493861822436,
298.1883449339512,
298.18834493395127,
relative energy in cm^-1
0.0,
3.126388037344441e-13,
27.608269545915505,
27.608269545916727,
27.675106291838176,
27.67510629183849,
119.43440917423098,
119.43440917423122,
244.52456023524934,
244.52456023524945,
245.46065705402572,
245.46065705402583,
297.6493861822436,
297.6493861822436,
298.1883449339512,
298.18834493395127,
CF parameters
CF paramters in Phi format
1 2 2 0.0
1 2 1 0.0
1 2 0 0.0
1 2 -1 0.0
1 2 -2 0.0
1 4 4 -0.04287016720116841
1 4 3 0.0
1 4 2 0.0
1 4 1 0.0
1 4 0 -0.008546496530510629
1 4 -1 0.0
1 4 -2 0.0
1 4 -3 0.0
1 4 -4 0.0
1 6 6 0.0
1 6 5 0.0
1 6 4 -0.00025131120738674183
1 6 3 0.0
1 6 2 0.0
1 6 1 0.0
1 6 0 1.1472419941805445e-05
1 6 -1 0.0
1 6 -2 0.0
1 6 -3 0.0
1 6 -4 0.0
1 6 -5 0.0
1 6 -6 0.0
CF parameters in EasySpin format
B2 0.0 0.0 0.0 0.0 0.0
B4 -0.04287016720116841 0.0 0.0 0.0 -0.008546496530510629 0.0 0.0 0.0 0.0
B6 0.0 0.0 -0.00025131120738674183 0.0 0.0 0.0 1.1472419941805445e-05 0.0 0.0 0.0 0.0 0.0 0.0
ew std [0. 0. 0. 0. 0. 0. 0. 0. 0. 0. 0. 0. 0. 0. 0. 0.]
H std avg over terms 0.0
ew std avg over terms 0.0
H std max over terms (-6.100198831528757+0j)
ew std max over terms 157.56759167718195
ew sum max magnitude 2521.081466834911
relative energy in cm^-1
0.0,
3.126388037344441e-13,
27.608269545915505,
27.608269545916727,
27.675106291838176,
27.67510629183849,
119.43440917423098,
119.43440917423122,
244.52456023524934,
244.52456023524945,
245.46065705402572,
245.46065705402583,
297.6493861822436,
297.6493861822436,
298.1883449339512,
298.18834493395127,
0th ev c_JM**2
mj = -0.5, |c|^2 = 0.5046917204930829
mj = 3.5, |c|^2 = 0.11031733851394515
mj = 7.5, |c|^2 = 0.3490276837574209
1th ev c_JM**2
mj = -7.5, |c|^2 = 0.3490276837574252
mj = -3.5, |c|^2 = 0.11031733851394489
mj = 0.5, |c|^2 = 0.5046917204930789
2th ev c_JM**2
mj = -2.5, |c|^2 = 0.23958005744089267
mj = 1.5, |c|^2 = 0.6428484909629731
3th ev c_JM**2
mj = -1.5, |c|^2 = 0.642848490962972
mj = 2.5, |c|^2 = 0.23958005744089228
4th ev c_JM**2
mj = -0.5, |c|^2 = 0.3617636534254943
mj = 7.5, |c|^2 = 0.6062202476051615
5th ev c_JM**2
mj = -7.5, |c|^2 = 0.6062202476051559
mj = 0.5, |c|^2 = 0.3617636534254987
6th ev c_JM**2
mj = -1.5, |c|^2 = 0.20427794516972525
mj = 2.5, |c|^2 = 0.3400224286073141
mj = 6.5, |c|^2 = 0.3978133789086255
7th ev c_JM**2
mj = -6.5, |c|^2 = 0.3978133789086266
mj = -2.5, |c|^2 = 0.3400224286073136
mj = 1.5, |c|^2 = 0.20427794516972542
8th ev c_JM**2
mj = -4.5, |c|^2 = 0.15595975746787788
mj = 3.5, |c|^2 = 0.7833767597051239
9th ev c_JM**2
mj = -3.5, |c|^2 = 0.7833767597051243
mj = 4.5, |c|^2 = 0.1559597574678777
10th ev c_JM**2
mj = 2.5, |c|^2 = 0.3727299254129089
mj = 6.5, |c|^2 = 0.5337146750835656
11th ev c_JM**2
mj = -6.5, |c|^2 = 0.5337146750835646
mj = -2.5, |c|^2 = 0.37272992541290956
12th ev c_JM**2
mj = -3.5, |c|^2 = 0.106292159687605
mj = 0.5, |c|^2 = 0.11403241061559129
mj = 4.5, |c|^2 = 0.7760746284205519
13th ev c_JM**2
mj = -4.5, |c|^2 = 0.7760746284205513
mj = -0.5, |c|^2 = 0.11403241061559136
mj = 3.5, |c|^2 = 0.10629215968760532
14th ev c_JM**2
mj = 1.5, |c|^2 = 0.14656241896006686
mj = 5.5, |c|^2 = 0.7810610642095427
15th ev c_JM**2
mj = -5.5, |c|^2 = 0.7810610642095429
mj = -1.5, |c|^2 = 0.14656241896006678
******PBE*******
J = 7.5, Symmetry = Oh, using 80 data points.
relative energy (deviate most) in cm^-1
Deviation: 0.0
0.0,
5.400124791776761e-13,
29.911801100077753,
29.91180110007815,
30.017693358220782,
30.017693358221095,
124.16536983682317,
124.16536983682354,
262.2909924924715,
262.29099249247156,
263.4467140249902,
263.44671402499023,
318.1185044067802,
318.1185044067802,
318.7861814926346,
318.7861814926347,
relative energy in cm^-1
0.0,
5.400124791776761e-13,
29.911801100077753,
29.91180110007815,
30.017693358220782,
30.017693358221095,
124.16536983682317,
124.16536983682354,
262.2909924924715,
262.29099249247156,
263.4467140249902,
263.44671402499023,
318.1185044067802,
318.1185044067802,
318.7861814926346,
318.7861814926347,
CF parameters
CF paramters in Phi format
1 2 2 0.0
1 2 1 0.0
1 2 0 0.0
1 2 -1 0.0
1 2 -2 0.0
1 4 4 -0.0456982748656682
1 4 3 0.0
1 4 2 0.0
1 4 1 0.0
1 4 0 -0.009103202510301821
1 4 -1 0.0
1 4 -2 0.0
1 4 -3 0.0
1 4 -4 0.0
1 6 6 0.0
1 6 5 0.0
1 6 4 -0.0002852084976442217
1 6 3 0.0
1 6 2 0.0
1 6 1 0.0
1 6 0 1.297072935254355e-05
1 6 -1 0.0
1 6 -2 0.0
1 6 -3 0.0
1 6 -4 0.0
1 6 -5 0.0
1 6 -6 0.0
CF parameters in EasySpin format
B2 0.0 0.0 0.0 0.0 0.0
B4 -0.0456982748656682 0.0 0.0 0.0 -0.009103202510301821 0.0 0.0 0.0 0.0
B6 0.0 0.0 -0.0002852084976442217 0.0 0.0 0.0 1.297072935254355e-05 0.0 0.0 0.0 0.0 0.0 0.0
ew std [0. 0. 0. 0. 0. 0. 0. 0. 0. 0. 0. 0. 0. 0. 0. 0.]
H std avg over terms 0.0
ew std avg over terms 0.0
H std max over terms (-6.55877838355312+0j)
ew std max over terms 168.34215708899987
ew sum max magnitude 2693.474513423998
relative energy in cm^-1
0.0,
5.400124791776761e-13,
29.911801100077753,
29.91180110007815,
30.017693358220782,
30.017693358221095,
124.16536983682317,
124.16536983682354,
262.2909924924715,
262.29099249247156,
263.4467140249902,
263.44671402499023,
318.1185044067802,
318.1185044067802,
318.7861814926346,
318.7861814926347,
0th ev c_JM**2
mj = -0.5, |c|^2 = 0.5031974109678098
mj = 3.5, |c|^2 = 0.1105641254399519
mj = 7.5, |c|^2 = 0.35032540576842724
1th ev c_JM**2
mj = -7.5, |c|^2 = 0.3503254057684336
mj = -3.5, |c|^2 = 0.11056412543995178
mj = 0.5, |c|^2 = 0.5031974109678045
2th ev c_JM**2
mj = -2.5, |c|^2 = 0.23319347787947428
mj = 1.5, |c|^2 = 0.637324253166212
3th ev c_JM**2
mj = -1.5, |c|^2 = 0.6373242531662118
mj = 2.5, |c|^2 = 0.233193477879474
4th ev c_JM**2
mj = -7.5, |c|^2 = 0.6014603865511527
mj = 0.5, |c|^2 = 0.365857231769275
5th ev c_JM**2
mj = -0.5, |c|^2 = 0.3658572317692735
mj = 7.5, |c|^2 = 0.6014603865511542
6th ev c_JM**2
mj = -1.5, |c|^2 = 0.20445300736136793
mj = 2.5, |c|^2 = 0.3401128019634286
mj = 6.5, |c|^2 = 0.3974383465553379
7th ev c_JM**2
mj = -6.5, |c|^2 = 0.39743834655533844
mj = -2.5, |c|^2 = 0.3401128019634281
mj = 1.5, |c|^2 = 0.20445300736136776
8th ev c_JM**2
mj = -4.5, |c|^2 = 0.15388266951632792
mj = 3.5, |c|^2 = 0.7836961536655416
9th ev c_JM**2
mj = -3.5, |c|^2 = 0.7836961536655422
mj = 4.5, |c|^2 = 0.15388266951632742
10th ev c_JM**2
mj = 2.5, |c|^2 = 0.377612169876136
mj = 6.5, |c|^2 = 0.5305456770002135
11th ev c_JM**2
mj = -6.5, |c|^2 = 0.5305456770002128
mj = -2.5, |c|^2 = 0.3776121698761364
12th ev c_JM**2
mj = -3.5, |c|^2 = 0.10557910123037953
mj = 0.5, |c|^2 = 0.11286172944569535
mj = 4.5, |c|^2 = 0.777682510644416
13th ev c_JM**2
mj = -4.5, |c|^2 = 0.7776825106444151
mj = -0.5, |c|^2 = 0.11286172944569535
mj = 3.5, |c|^2 = 0.10557910123037989
14th ev c_JM**2
mj = -5.5, |c|^2 = 0.1263433599786817
mj = 1.5, |c|^2 = 0.12544046051309124
mj = 5.5, |c|^2 = 0.6567722114612321
15th ev c_JM**2
mj = -5.5, |c|^2 = 0.6567722114612315
mj = -1.5, |c|^2 = 0.1254404605130918
mj = 5.5, |c|^2 = 0.1263433599786818
******TPSS*******
J = 7.5, Symmetry = Oh, using 80 data points.
relative energy (deviate most) in cm^-1
Deviation: 0.0
0.0,
1.4210854715202004e-13,
31.259328578084478,
31.259328578084705,
31.31562295482871,
31.31562295482928,
125.1765396730807,
125.17653967308077,
271.6409231182013,
271.6409231182013,
273.2053968406675,
273.2053968406676,
328.4584910647999,
328.45849106479994,
329.40863054624947,
329.40863054624947,
relative energy in cm^-1
0.0,
1.4210854715202004e-13,
31.259328578084478,
31.259328578084705,
31.31562295482871,
31.31562295482928,
125.1765396730807,
125.17653967308077,
271.6409231182013,
271.6409231182013,
273.2053968406675,
273.2053968406676,
328.4584910647999,
328.45849106479994,
329.40863054624947,
329.40863054624947,
CF parameters
CF paramters in Phi format
1 2 2 0.0
1 2 1 0.0
1 2 0 0.0
1 2 -1 0.0
1 2 -2 0.0
1 4 4 -0.04704753439175017
1 4 3 0.0
1 4 2 0.0
1 4 1 0.0
1 4 0 -0.009380098414284966
1 4 -1 0.0
1 4 -2 0.0
1 4 -3 0.0
1 4 -4 0.0
1 6 6 0.0
1 6 5 0.0
1 6 4 -0.00030954719000826517
1 6 3 0.0
1 6 2 0.0
1 6 1 0.0
1 6 0 1.3886353636292112e-05
1 6 -1 0.0
1 6 -2 0.0
1 6 -3 0.0
1 6 -4 0.0
1 6 -5 0.0
1 6 -6 0.0
CF parameters in EasySpin format
B2 0.0 0.0 0.0 0.0 0.0
B4 -0.04704753439175017 0.0 0.0 0.0 -0.009380098414284966 0.0 0.0 0.0 0.0
B6 0.0 0.0 -0.00030954719000826517 0.0 0.0 0.0 1.3886353636292112e-05 0.0 0.0 0.0 0.0 0.0 0.0
ew std [0. 0. 0. 0. 0. 0. 0. 0. 0. 0. 0. 0. 0. 0. 0. 0.]
H std avg over terms 0.0
ew std avg over terms 0.0
H std max over terms (-6.804041874551094+0j)
ew std max over terms 173.80811659698907
ew sum max magnitude 2780.929865551825
relative energy in cm^-1
0.0,
1.4210854715202004e-13,
31.259328578084478,
31.259328578084705,
31.31562295482871,
31.31562295482928,
125.1765396730807,
125.17653967308077,
271.6409231182013,
271.6409231182013,
273.2053968406675,
273.2053968406676,
328.4584910647999,
328.45849106479994,
329.40863054624947,
329.40863054624947,
0th ev c_JM**2
mj = -7.5, |c|^2 = 0.3564698480665821
mj = -3.5, |c|^2 = 0.11081589259498206
mj = 0.5, |c|^2 = 0.49722592577057234
1th ev c_JM**2
mj = -0.5, |c|^2 = 0.49722592577056873
mj = 3.5, |c|^2 = 0.11081589259498188
mj = 7.5, |c|^2 = 0.3564698480665865
2th ev c_JM**2
mj = -7.5, |c|^2 = 0.5922663883793966
mj = 0.5, |c|^2 = 0.37407384265450666
3th ev c_JM**2
mj = -0.5, |c|^2 = 0.37407384265451005
mj = 7.5, |c|^2 = 0.5922663883793932
4th ev c_JM**2
mj = -2.5, |c|^2 = 0.23002585387614777
mj = 1.5, |c|^2 = 0.6389835383318815
5th ev c_JM**2
mj = -1.5, |c|^2 = 0.6389835383318815
mj = 2.5, |c|^2 = 0.230025853876148
6th ev c_JM**2
mj = -6.5, |c|^2 = 0.3953697440917129
mj = -2.5, |c|^2 = 0.34070324261057894
mj = 1.5, |c|^2 = 0.20436926992625568
7th ev c_JM**2
mj = -1.5, |c|^2 = 0.20436926992625554
mj = 2.5, |c|^2 = 0.3407032426105783
mj = 6.5, |c|^2 = 0.3953697440917129
8th ev c_JM**2
mj = -3.5, |c|^2 = 0.7842956263620945
mj = 4.5, |c|^2 = 0.15159405209843121
9th ev c_JM**2
mj = -4.5, |c|^2 = 0.1515940520984318
mj = 3.5, |c|^2 = 0.7842956263620945
10th ev c_JM**2
mj = 2.5, |c|^2 = 0.38021933143078407
mj = 6.5, |c|^2 = 0.5278346715487849
11th ev c_JM**2
mj = -6.5, |c|^2 = 0.5278346715487856
mj = -2.5, |c|^2 = 0.38021933143078407
12th ev c_JM**2
mj = -4.5, |c|^2 = 0.7796022078007945
mj = -0.5, |c|^2 = 0.11175045558968111
mj = 3.5, |c|^2 = 0.10454411860973693
13th ev c_JM**2
mj = -3.5, |c|^2 = 0.10454411860973646
mj = 0.5, |c|^2 = 0.11175045558968104
mj = 4.5, |c|^2 = 0.7796022078007953
14th ev c_JM**2
mj = -5.5, |c|^2 = 0.107148573735737
mj = 1.5, |c|^2 = 0.1303947850750763
mj = 5.5, |c|^2 = 0.674656588708529
15th ev c_JM**2
mj = -5.5, |c|^2 = 0.6746565887085286
mj = -1.5, |c|^2 = 0.13039478507507637
mj = 5.5, |c|^2 = 0.10714857373573702
******M06*******
J = 7.5, Symmetry = Oh, using 80 data points.
relative energy (deviate most) in cm^-1
Deviation: 0.0
0.0,
3.410605131648481e-13,
26.032316044073198,
26.032316044073724,
26.31795579789292,
26.31795579789349,
119.53658290741527,
119.53658290741555,
235.53003821637571,
235.53003821637577,
235.98951180333069,
235.98951180333077,
287.86656361482255,
287.86656361482267,
288.1967424579654,
288.1967424579654,
relative energy in cm^-1
0.0,
3.410605131648481e-13,
26.032316044073198,
26.032316044073724,
26.31795579789292,
26.31795579789349,
119.53658290741527,
119.53658290741555,
235.53003821637571,
235.53003821637577,
235.98951180333069,
235.98951180333077,
287.86656361482255,
287.86656361482267,
288.1967424579654,
288.1967424579654,
CF parameters
CF paramters in Phi format
1 2 2 0.0
1 2 1 0.0
1 2 0 0.0
1 2 -1 0.0
1 2 -2 0.0
1 4 4 -0.041591286853039436
1 4 3 0.0
1 4 2 0.0
1 4 1 0.0
1 4 0 -0.008300517194321639
1 4 -1 0.0
1 4 -2 0.0
1 4 -3 0.0
1 4 -4 0.0
1 6 6 0.0
1 6 5 0.0
1 6 4 -0.00022195000303916186
1 6 3 0.0
1 6 2 0.0
1 6 1 0.0
1 6 0 1.0851328252980791e-05
1 6 -1 0.0
1 6 -2 0.0
1 6 -3 0.0
1 6 -4 0.0
1 6 -5 0.0
1 6 -6 0.0
CF parameters in EasySpin format
B2 0.0 0.0 0.0 0.0 0.0
B4 -0.041591286853039436 0.0 0.0 0.0 -0.008300517194321639 0.0 0.0 0.0 0.0
B6 0.0 0.0 -0.00022195000303916186 0.0 0.0 0.0 1.0851328252980791e-05 0.0 0.0 0.0 0.0 0.0 0.0
ew std [0. 0. 0. 0. 0. 0. 0. 0. 0. 0. 0. 0. 0. 0. 0. 0.]
H std avg over terms 0.0
ew std avg over terms 0.0
H std max over terms (-5.8473268282646575+0j)
ew std max over terms 152.4337138552346
ew sum max magnitude 2438.9394216837536
relative energy in cm^-1
0.0,
3.410605131648481e-13,
26.032316044073198,
26.032316044073724,
26.31795579789292,
26.31795579789349,
119.53658290741527,
119.53658290741555,
235.53003821637571,
235.53003821637577,
235.98951180333069,
235.98951180333077,
287.86656361482255,
287.86656361482267,
288.1967424579654,
288.1967424579654,
0th ev c_JM**2
mj = -0.5, |c|^2 = 0.5249505859976842
mj = 3.5, |c|^2 = 0.1093337611989462
mj = 7.5, |c|^2 = 0.3285573313101579
1th ev c_JM**2
mj = -7.5, |c|^2 = 0.3285573313101663
mj = -3.5, |c|^2 = 0.10933376119894608
mj = 0.5, |c|^2 = 0.5249505859976769
2th ev c_JM**2
mj = -2.5, |c|^2 = 0.24465305482593586
mj = 1.5, |c|^2 = 0.6447029543850803
3th ev c_JM**2
mj = -1.5, |c|^2 = 0.6447029543850801
mj = 2.5, |c|^2 = 0.24465305482593586
4th ev c_JM**2
mj = -0.5, |c|^2 = 0.33898092984680406
mj = 7.5, |c|^2 = 0.6313500473697196
5th ev c_JM**2
mj = -7.5, |c|^2 = 0.6313500473697153
mj = 0.5, |c|^2 = 0.33898092984680805
6th ev c_JM**2
mj = -1.5, |c|^2 = 0.2026533212113572
mj = 2.5, |c|^2 = 0.33641093151837625
mj = 6.5, |c|^2 = 0.4035948133829419
7th ev c_JM**2
mj = -6.5, |c|^2 = 0.40359481338294234
mj = -2.5, |c|^2 = 0.3364109315183755
mj = 1.5, |c|^2 = 0.20265332121135726
8th ev c_JM**2
mj = 2.5, |c|^2 = 0.370375549108762
mj = 6.5, |c|^2 = 0.5325778934177277
9th ev c_JM**2
mj = -6.5, |c|^2 = 0.5325778934177269
mj = -2.5, |c|^2 = 0.3703755491087628
10th ev c_JM**2
mj = -3.5, |c|^2 = 0.7827864389139877
mj = 4.5, |c|^2 = 0.15911648358275796
11th ev c_JM**2
mj = -4.5, |c|^2 = 0.15911648358275796
mj = 3.5, |c|^2 = 0.7827864389139871
12th ev c_JM**2
mj = -5.5, |c|^2 = 0.7634921424734742
mj = -1.5, |c|^2 = 0.14005109723548578
13th ev c_JM**2
mj = 1.5, |c|^2 = 0.14005109723548576
mj = 5.5, |c|^2 = 0.7634921424734746
14th ev c_JM**2
mj = -3.5, |c|^2 = 0.10787827329065373
mj = 0.5, |c|^2 = 0.11480924771875796
mj = 4.5, |c|^2 = 0.7740576987369672
15th ev c_JM**2
mj = -4.5, |c|^2 = 0.7740576987369664
mj = -0.5, |c|^2 = 0.1148092477187578
mj = 3.5, |c|^2 = 0.10787827329065366
******B3LYP*******
J = 7.5, Symmetry = Oh, using 80 data points.
relative energy (deviate most) in cm^-1
Deviation: 0.0
0.0,
4.547473508864641e-13,
27.06668328726923,
27.066683287269342,
27.12205114018802,
27.12205114018809,
115.29215257717038,
115.29215257717051,
238.76155282955574,
238.76155282955585,
239.64015565510266,
239.64015565510272,
290.22680193942904,
290.22680193942904,
290.736095277063,
290.736095277063,
relative energy in cm^-1
0.0,
4.547473508864641e-13,
27.06668328726923,
27.066683287269342,
27.12205114018802,
27.12205114018809,
115.29215257717038,
115.29215257717051,
238.76155282955574,
238.76155282955585,
239.64015565510266,
239.64015565510272,
290.22680193942904,
290.22680193942904,
290.736095277063,
290.736095277063,
CF parameters
CF paramters in Phi format
1 2 2 0.0
1 2 1 0.0
1 2 0 0.0
1 2 -1 0.0
1 2 -2 0.0
1 4 4 -0.04174651580028262
1 4 3 0.0
1 4 2 0.0
1 4 1 0.0
1 4 0 -0.00832412319914887
1 4 -1 0.0
1 4 -2 0.0
1 4 -3 0.0
1 4 -4 0.0
1 6 6 0.0
1 6 5 0.0
1 6 4 -0.0002504199250115222
1 6 3 0.0
1 6 2 0.0
1 6 1 0.0
1 6 0 1.1458727117876815e-05
1 6 -1 0.0
1 6 -2 0.0
1 6 -3 0.0
1 6 -4 0.0
1 6 -5 0.0
1 6 -6 0.0
CF parameters in EasySpin format
B2 0.0 0.0 0.0 0.0 0.0
B4 -0.04174651580028262 0.0 0.0 0.0 -0.00832412319914887 0.0 0.0 0.0 0.0
B6 0.0 0.0 -0.0002504199250115222 0.0 0.0 0.0 1.1458727117876815e-05 0.0 0.0 0.0 0.0 0.0 0.0
ew std [0. 0. 0. 0. 0. 0. 0. 0. 0. 0. 0. 0. 0. 0. 0. 0.]
H std avg over terms 0.0
ew std avg over terms 0.0
H std max over terms (-5.95877738148225+0j)
ew std max over terms 153.6056865882223
ew sum max magnitude 2457.690985411557
relative energy in cm^-1
0.0,
4.547473508864641e-13,
27.06668328726923,
27.066683287269342,
27.12205114018802,
27.12205114018809,
115.29215257717038,
115.29215257717051,
238.76155282955574,
238.76155282955585,
239.64015565510266,
239.64015565510272,
290.22680193942904,
290.22680193942904,
290.736095277063,
290.736095277063,
0th ev c_JM**2
mj = -0.5, |c|^2 = 0.5050026848527477
mj = 3.5, |c|^2 = 0.11029784627547988
mj = 7.5, |c|^2 = 0.3487281879912896
1th ev c_JM**2
mj = -7.5, |c|^2 = 0.3487281879912961
mj = -3.5, |c|^2 = 0.11029784627547966
mj = 0.5, |c|^2 = 0.5050026848527417
2th ev c_JM**2
mj = -2.5, |c|^2 = 0.2157277837454064
mj = 1.5, |c|^2 = 0.5832322666048142
3th ev c_JM**2
mj = -1.5, |c|^2 = 0.5832322666048148
mj = 2.5, |c|^2 = 0.21572778374540613
4th ev c_JM**2
mj = -0.5, |c|^2 = 0.36253700007760314
mj = 7.5, |c|^2 = 0.6053170806436277
5th ev c_JM**2
mj = -7.5, |c|^2 = 0.6053170806436213
mj = 0.5, |c|^2 = 0.3625370000776088
6th ev c_JM**2
mj = -1.5, |c|^2 = 0.1909509557603289
mj = 2.5, |c|^2 = 0.31788400694458074
mj = 6.5, |c|^2 = 0.3720749943056714
7th ev c_JM**2
mj = -6.5, |c|^2 = 0.3720749943056714
mj = -2.5, |c|^2 = 0.31788400694458085
mj = 1.5, |c|^2 = 0.19095095576032883
8th ev c_JM**2
mj = -4.5, |c|^2 = 0.15502163639679534
mj = 3.5, |c|^2 = 0.7837230941696982
9th ev c_JM**2
mj = -3.5, |c|^2 = 0.7837230941696982
mj = 4.5, |c|^2 = 0.1550216363967948
10th ev c_JM**2
mj = 2.5, |c|^2 = 0.3205103810949161
mj = 6.5, |c|^2 = 0.4553046442208404
11th ev c_JM**2
mj = -6.5, |c|^2 = 0.4553046442208402
mj = -2.5, |c|^2 = 0.3205103810949164
12th ev c_JM**2
mj = -4.5, |c|^2 = 0.7769138837810073
mj = -0.5, |c|^2 = 0.11346695491043522
mj = 3.5, |c|^2 = 0.10592633921776681
13th ev c_JM**2
mj = -3.5, |c|^2 = 0.10592633921776645
mj = 0.5, |c|^2 = 0.11346695491043526
mj = 4.5, |c|^2 = 0.7769138837810085
14th ev c_JM**2
mj = -5.5, |c|^2 = 0.7251181897810774
mj = -1.5, |c|^2 = 0.13683446584996223
15th ev c_JM**2
mj = 1.5, |c|^2 = 0.13683446584996264
mj = 5.5, |c|^2 = 0.7251181897810769
******B97D*******
J = 7.5, Symmetry = Oh, using 80 data points.
relative energy (deviate most) in cm^-1
Deviation: 0.0
0.0,
5.400124791776761e-13,
30.7784173227148,
30.7784173227152,
30.91160151466235,
30.911601514662806,
126.97131451281862,
126.97131451281894,
269.16536768405047,
269.1653676840505,
271.0457617696857,
271.0457617696858,
326.4792908212372,
326.4792908212372,
327.5746712622645,
327.5746712622646,
relative energy in cm^-1
0.0,
5.400124791776761e-13,
30.7784173227148,
30.7784173227152,
30.91160151466235,
30.911601514662806,
126.97131451281862,
126.97131451281894,
269.16536768405047,
269.1653676840505,
271.0457617696857,
271.0457617696858,
326.4792908212372,
326.4792908212372,
327.5746712622645,
327.5746712622646,
CF parameters
CF paramters in Phi format
1 2 2 0.0
1 2 1 0.0
1 2 0 0.0
1 2 -1 0.0
1 2 -2 0.0
1 4 4 -0.04695517123955983
1 4 3 0.0
1 4 2 0.0
1 4 1 0.0
1 4 0 -0.009336152831066393
1 4 -1 0.0
1 4 -2 0.0
1 4 -3 0.0
1 4 -4 0.0
1 6 6 0.0
1 6 5 0.0
1 6 4 -0.0002963807098054124
1 6 3 0.0
1 6 2 0.0
1 6 1 0.0
1 6 0 1.3114397522743298e-05
1 6 -1 0.0
1 6 -2 0.0
1 6 -3 0.0
1 6 -4 0.0
1 6 -5 0.0
1 6 -6 0.0
CF parameters in EasySpin format
B2 0.0 0.0 0.0 0.0 0.0
B4 -0.04695517123955983 0.0 0.0 0.0 -0.009336152831066393 0.0 0.0 0.0 0.0
B6 0.0 0.0 -0.0002963807098054124 0.0 0.0 0.0 1.3114397522743298e-05 0.0 0.0 0.0 0.0 0.0 0.0
ew std [0. 0. 0. 0. 0. 0. 0. 0. 0. 0. 0. 0. 0. 0. 0. 0.]
H std avg over terms 0.0
ew std avg over terms 0.0
H std max over terms (-6.749962795650056+0j)
ew std max over terms 172.86580311092933
ew sum max magnitude 2765.8528497748694
relative energy in cm^-1
0.0,
5.400124791776761e-13,
30.7784173227148,
30.7784173227152,
30.91160151466235,
30.911601514662806,
126.97131451281862,
126.97131451281894,
269.16536768405047,
269.1653676840505,
271.0457617696857,
271.0457617696858,
326.4792908212372,
326.4792908212372,
327.5746712622645,
327.5746712622646,
0th ev c_JM**2
mj = -0.5, |c|^2 = 0.495492097783446
mj = 3.5, |c|^2 = 0.11121625813613674
mj = 7.5, |c|^2 = 0.35775941104131
1th ev c_JM**2
mj = -7.5, |c|^2 = 0.3577594110413158
mj = -3.5, |c|^2 = 0.1112162581361366
mj = 0.5, |c|^2 = 0.4954920977834405
2th ev c_JM**2
mj = -2.5, |c|^2 = 0.23473733355549511
mj = 1.5, |c|^2 = 0.6404186038085075
3th ev c_JM**2
mj = -1.5, |c|^2 = 0.6404186038085066
mj = 2.5, |c|^2 = 0.23473733355549603
4th ev c_JM**2
mj = -7.5, |c|^2 = 0.593236152520004
mj = 0.5, |c|^2 = 0.3732650239734638
5th ev c_JM**2
mj = -0.5, |c|^2 = 0.37326502397345956
mj = 7.5, |c|^2 = 0.5932361525200084
6th ev c_JM**2
mj = -1.5, |c|^2 = 0.20519713417459542
mj = 2.5, |c|^2 = 0.34116489605559147
mj = 6.5, |c|^2 = 0.39528093772751904
7th ev c_JM**2
mj = -6.5, |c|^2 = 0.3952809377275203
mj = -2.5, |c|^2 = 0.34116489605559147
mj = 1.5, |c|^2 = 0.20519713417459448
8th ev c_JM**2
mj = -4.5, |c|^2 = 0.15409876320573968
mj = 3.5, |c|^2 = 0.7829615485744094
9th ev c_JM**2
mj = -3.5, |c|^2 = 0.7829615485744104
mj = 4.5, |c|^2 = 0.15409876320573948
10th ev c_JM**2
mj = 2.5, |c|^2 = 0.37655145922676087
mj = 6.5, |c|^2 = 0.5319030681516119
11th ev c_JM**2
mj = -6.5, |c|^2 = 0.5319030681516105
mj = -2.5, |c|^2 = 0.3765514592267614
12th ev c_JM**2
mj = -4.5, |c|^2 = 0.777000084957818
mj = -0.5, |c|^2 = 0.11336087581283086
mj = 3.5, |c|^2 = 0.1056922885802569
13th ev c_JM**2
mj = -3.5, |c|^2 = 0.10569228858025671
mj = 0.5, |c|^2 = 0.11336087581283086
mj = 4.5, |c|^2 = 0.7770000849578178
14th ev c_JM**2
mj = -5.5, |c|^2 = 0.7727544337708452
mj = -1.5, |c|^2 = 0.14840155293644613
15th ev c_JM**2
mj = 1.5, |c|^2 = 0.1484015529364458
mj = 5.5, |c|^2 = 0.7727544337708467
******R2SCAN*******
J = 7.5, Symmetry = Oh, using 80 data points.
relative energy (deviate most) in cm^-1
Deviation: 0.0
0.0,
2.5579538487363607e-13,
33.443862944177965,
33.443862944179045,
33.60209731287395,
33.60209731287418,
132.9974133445709,
132.99741334457119,
289.67287005401545,
289.67287005401556,
292.69774961094834,
292.69774961094845,
350.43093216269705,
350.4309321626971,
352.2189065378508,
352.2189065378508,
relative energy in cm^-1
0.0,
2.5579538487363607e-13,
33.443862944177965,
33.443862944179045,
33.60209731287395,
33.60209731287418,
132.9974133445709,
132.99741334457119,
289.67287005401545,
289.67287005401556,
292.69774961094834,
292.69774961094845,
350.43093216269705,
350.4309321626971,
352.2189065378508,
352.2189065378508,
CF parameters
CF paramters in Phi format
1 2 2 0.0
1 2 1 0.0
1 2 0 0.0
1 2 -1 0.0
1 2 -2 0.0
1 4 4 -0.05036271165256365
1 4 3 0.0
1 4 2 0.0
1 4 1 0.0
1 4 0 -0.009990676370092042
1 4 -1 0.0
1 4 -2 0.0
1 4 -3 0.0
1 4 -4 0.0
1 6 6 0.0
1 6 5 0.0
1 6 4 -0.0003357634478345589
1 6 3 0.0
1 6 2 0.0
1 6 1 0.0
1 6 0 1.4368727558623262e-05
1 6 -1 0.0
1 6 -2 0.0
1 6 -3 0.0
1 6 -4 0.0
1 6 -5 0.0
1 6 -6 0.0
CF parameters in EasySpin format
B2 0.0 0.0 0.0 0.0 0.0
B4 -0.05036271165256365 0.0 0.0 0.0 -0.009990676370092042 0.0 0.0 0.0 0.0
B6 0.0 0.0 -0.0003357634478345589 0.0 0.0 0.0 1.4368727558623262e-05 0.0 0.0 0.0 0.0 0.0 0.0
ew std [0. 0. 0. 0. 0. 0. 0. 0. 0. 0. 0. 0. 0. 0. 0. 0.]
H std avg over terms 0.0
ew std avg over terms 0.0
H std max over terms (-7.297765210923411+0j)
ew std max over terms 185.63297899589193
ew sum max magnitude 2970.127663934271
relative energy in cm^-1
0.0,
2.5579538487363607e-13,
33.443862944177965,
33.443862944179045,
33.60209731287395,
33.60209731287418,
132.9974133445709,
132.99741334457119,
289.67287005401545,
289.67287005401556,
292.69774961094834,
292.69774961094845,
350.43093216269705,
350.4309321626971,
352.2189065378508,
352.2189065378508,
0th ev c_JM**2
mj = -0.5, |c|^2 = 0.48476003835194753
mj = 3.5, |c|^2 = 0.11220249523019521
mj = 7.5, |c|^2 = 0.3680629362119411
1th ev c_JM**2
mj = -7.5, |c|^2 = 0.3680629362119439
mj = -3.5, |c|^2 = 0.11220249523019495
mj = 0.5, |c|^2 = 0.48476003835194537
2th ev c_JM**2
mj = -2.5, |c|^2 = 0.23140488456427305
mj = 1.5, |c|^2 = 0.6384374617299114
3th ev c_JM**2
mj = -1.5, |c|^2 = 0.6384374617299112
mj = 2.5, |c|^2 = 0.23140488456427255
4th ev c_JM**2
mj = -0.5, |c|^2 = 0.38551046758388147
mj = 7.5, |c|^2 = 0.5794560650924235
5th ev c_JM**2
mj = -7.5, |c|^2 = 0.5794560650924206
mj = 0.5, |c|^2 = 0.3855104675838845
6th ev c_JM**2
mj = -1.5, |c|^2 = 0.20614914408232063
mj = 2.5, |c|^2 = 0.3425634517979167
mj = 6.5, |c|^2 = 0.39248404490927824
7th ev c_JM**2
mj = -6.5, |c|^2 = 0.3924840449092791
mj = -2.5, |c|^2 = 0.34256345179791603
mj = 1.5, |c|^2 = 0.20614914408232066
8th ev c_JM**2
mj = -4.5, |c|^2 = 0.1528304793200343
mj = 3.5, |c|^2 = 0.7822532173581718
9th ev c_JM**2
mj = -3.5, |c|^2 = 0.7822532173581722
mj = 4.5, |c|^2 = 0.15283047932003377
10th ev c_JM**2
mj = 2.5, |c|^2 = 0.3788045709062515
mj = 6.5, |c|^2 = 0.5312877435407002
11th ev c_JM**2
mj = -6.5, |c|^2 = 0.5312877435406993
mj = -2.5, |c|^2 = 0.37880457090625136
12th ev c_JM**2
mj = -4.5, |c|^2 = 0.7774169946571864
mj = -0.5, |c|^2 = 0.11306057665998352
mj = 3.5, |c|^2 = 0.10528881590480191
13th ev c_JM**2
mj = -3.5, |c|^2 = 0.10528881590480163
mj = 0.5, |c|^2 = 0.11306057665998363
mj = 4.5, |c|^2 = 0.7774169946571867
14th ev c_JM**2
mj = 1.5, |c|^2 = 0.14960417236381934
mj = 5.5, |c|^2 = 0.7653536355950662
15th ev c_JM**2
mj = -5.5, |c|^2 = 0.7653536355950662
mj = -1.5, |c|^2 = 0.14960417236381987
