Currently Loaded Modulefiles:
 1) gmp/6.2.1-gcc-13.2.0-lcnhyse <aL>             
 2) mpfr/4.2.0-gcc-13.2.0-yy2fkq5 <aL>            
 3) mpc/1.3.1-gcc-13.2.0-5kgoftq <aL>             
 4) zlib-ng/2.1.3-gcc-13.2.0-jetnfwa <aL>         
 5) zstd/1.5.5-gcc-13.2.0-t2lua3l <aL>            
 6) gcc/13.2.0-gcc-13.2.0-w55nxkl                 
 7) cmake/3.20.2-gcc-13.2.0-rp74vpv               
 8) libfabric/1.18.1-gcc-13.2.0-bijxar4 <aL>      
 9) numactl/2.0.14-gcc-13.2.0-etkf74e <aL>        
10) openssh/8.7p1-gcc-13.2.0-g55xmkx <aL>         
11) slurm/22.05.6-gcc-13.2.0-tchsn6y <aL>         
12) openmpi/4.1.5-gcc-13.2.0-24q3ap2              
13) libpciaccess/0.17-gcc-13.2.0-r2cijnn <aL>     
14) libiconv/1.17-gcc-13.2.0-ntov4te <aL>         
15) xz/5.4.1-gcc-13.2.0-4xkm5xo <aL>              
16) libxml2/2.10.3-gcc-13.2.0-fr6jcjz <aL>        
17) ncurses/6.4-gcc-13.2.0-4o2yj6n <aL>           
18) hwloc/2.9.1-gcc-13.2.0-gzvfolk <aL>           
19) intel-tbb/2021.9.0-gcc-13.2.0-6nwk3ml <aL>    
20) intel-oneapi-mkl/2023.2.0-gcc-13.2.0-ohvyk7g  

Key:
<module-tag>  <aL>=auto-loaded  
/central/groups/changroup/members/lppeng/holmium/run/paper_final/run_ErCO34/conf2/GS/run_30
Tue Apr 15 21:08:09 PDT 2025
hpc-23-07.cm.cluster
--------------------------------------------------------------------------
WARNING: There was an error initializing an OpenFabrics device.

  Local host:   hpc-23-07
  Local device: mlx5_0
--------------------------------------------------------------------------
Apr 15 21:08:12 ####### 
                ####### libDMET   version 0.5
                ####### A periodic DMET library for lattice model and realistic solid.
                ####### 
#INFO: **** input file is /central/groups/changroup/members/lppeng/holmium/run/paper_final/run_ErCO34/conf2/GS/run_30/ground_state.py ****
'''
Example input to calculate the ground state of a molecular system
Include x2c relativistic effect
'''
import pyscf
from pyscf.scf.hf import RHF
from pyscf.dft.uks import UKS
from pyscf.dft.gks import GKS
from pyscf import lib
import os, sys
import numpy as np
import scipy.linalg as la
from scipy.linalg import sqrtm, eigh
from scipy.optimize import root
np.set_printoptions(precision=12, threshold=sys.maxsize, linewidth=190, suppress=True)
log = lib.logger.Logger(sys.stdout, 4)

if __name__ == "__main__":
    from pyscf import gto, scf, dft, lib
    from pyscf.lib import chkfile
    from stevens import cdft, project, utils
    from stevens.project import get_mj

    # system input
    geometry = 'ErCO34' # The name of geometry file minus ".xyz"
                       # Make sure first atom is the central magnetic atom 
    spin = 3 # number of unpaired electrons in a unit cell
    charge = -5 # charge of the molecule or a unit cell
    basis = {'default': '631g', 'Er': 'sarc-dkh'} # specify basis for all elements here
    max_memory = 80000 # in the unit of MB. Recommend: memory available on a node - 10000 MB
    qmmm = True # add environment with classical charges

    # (c)HF/DFT parameters
    xc = 'HF' # functional
    smearing = None # To help HF/DFT converge, try e.g. 5e-2
    chkfname_guess = 'minao' # initial guess. 'minao' for default PySCF guess; None for constrained HF; 
                # path to a checkpoint file to restart from a SCF solution.
                # 'project' to project from the SCF solution in a small basis to generate the initial guess
    chkfname_small = '../gs_small_%s.chk'%geometry # checkpoint file in a small basis. Used when chkfname_guess == 'project'
    basis_small = {'default': 'minao', 'Er': 'cc-x2c-minao'}# the small basis associated with chkfname_small
    change_dm_mode = 'rotate' # None: no change
                          # 'positive_z': set the 4f block of dm so that J~(0,0,J)
                          # 'rotate': rotate the 4f block of dm by some angles
    atom_index = 0 # the index of central lanthanide atom
    occ_idx = 30
    noise = 0 # max noise on density matrix initial guess

    # constrained HF parameters for the initial guess
    ao_shell = 'f'
    lo_chkfname = '../../UHF/uhf_gs_%s_lo.h5'%geometry  
    multiplier0 = 0.1
    # END USER INPUT

    # set up system
    if os.path.isfile('../../' + geometry + ".xyz"):
        mol = gto.M(
            atom = '../../' + geometry + ".xyz",
            basis = basis,
            verbose = 4,
            spin = spin,
            charge = charge,
            max_memory = max_memory,
            )
        mol.set_common_origin(mol._atom[atom_index][1])
    else:
        raise ValueError("No .xyz file available!")
    log.info("N_elec %s, N_ao %s"%(mol.nelec, mol.nao))

    # generate HF/DFT initial guess
    if chkfname_guess == 'minao':
        mf = scf.GKS(mol).x2c()
        dm0 = mf.get_init_guess()
        print("Use PySCF default init guess")
        dm0 = utils.change_dm_guess(mol, dm0, 'positive_z', atom_index=atom_index, occ_idx=occ_idx) ###
    elif chkfname_guess is None:
        # run constrained DFT
        angles = cdft.sample_rotation('xyz', occ_idx, unit=20)
        from scipy.spatial.transform import Rotation
        direction = Rotation.from_euler('zyz', angles, degrees=False) @ [0,0,1]
        cmf = cdft.CGKS(mol, direction, multiplier_guess=multiplier0, max_cycle=300,
                atom_index=atom_index, ao_shell='f', lo_chkfname=lo_chkfname, xc=xc, smearing=smearing)
        cmf.kernel()
        dm0 = cmf._scf.make_rdm1()
        print("Contrained SCF solution as init guess")
    elif chkfname_guess == 'project':
        # project dm0 in a small basis to the larger basis 
        dm0 = utils.project_dm_from_small_basis(mol, basis_small, chkfname_small, change_dm_mode, atom_index=atom_index, occ_idx=occ_idx)
        print("Project wavefunction in a smaller basis to the target basis as init guess")
    else:
        mf = scf.GKS(mol).x2c()
        data = chkfile.load(chkfname_guess, 'scf')
        mf.__dict__.update(data)
        dm0 = mf.make_rdm1()
        mf.analyze(with_meta_lowdin=False)
        print("Load .chk file for init guess")
    if change_dm_mode is not None and not chkfname_guess == 'project': # when chkfname_guess == 'project', change in small basis
        dm0 = utils.change_dm_guess(mol, dm0, change_dm_mode, atom_index=atom_index, occ_idx=occ_idx)
    dm0 += (np.random.rand(*(dm0.shape)) - 0.5) * noise  
    print("J vector of initial guess", get_mj(mol, dm0, analyze=True))

    # run HF/DFT
    mf = scf.GKS(mol).x2c()
    mf.xc = xc
    if xc.upper() != 'HF':
        mf.collinear = 'mcol'
        mf.grids.level = 6 
    mf.chkfile = 'gs_' + geometry + '.chk' 
    mf.max_cycle = 3000 
    if smearing is not None:
        mf = scf.addons.smearing_(mf, sigma=smearing, method="fermi")
    if qmmm: # add the precomputed potential from environmental classical charges 
        get_hcore_original = mf.get_hcore
        hcore_mm = np.load('../../mm_hcore.npy')
        def get_hcore_mm(self, mol=None):
            return get_hcore_original(mol=mol) + la.block_diag(hcore_mm, hcore_mm)
        import types
        mf.get_hcore = types.MethodType(get_hcore_mm, mf)
    mf.kernel(dm0=dm0)
    dm = mf.make_rdm1()
    print("S vector", get_mj(mol, dm, include_L=False))
    print("L vector", get_mj(mol, dm, include_S=False))
    print("J vector", get_mj(mol, dm))
#INFO: ******************** input file end ********************


System: uname_result(system='Linux', node='hpc-23-07.cm.cluster', release='5.14.0-362.24.1.el9_3.x86_64', version='#1 SMP PREEMPT_DYNAMIC Thu Feb 15 07:18:13 EST 2024', machine='x86_64')  Threads 16
Python 3.11.6 | packaged by conda-forge | (main, Oct  3 2023, 10:40:35) [GCC 12.3.0]
numpy 1.26.0  scipy 1.11.3
Date: Tue Apr 15 21:08:13 2025
PySCF version 2.5.0
PySCF path  /home/lppeng/anaconda3/envs/nerscV25/lib/python3.11/site-packages/pyscf

[CONFIG] conf_file None
[INPUT] verbose = 4
[INPUT] num. atoms = 17
[INPUT] num. electrons = 193
[INPUT] charge = -5
[INPUT] spin (= nelec alpha-beta = 2S) = 3
[INPUT] symmetry False subgroup None
[INPUT] Mole.unit = angstrom
[INPUT] Symbol           X                Y                Z      unit          X                Y                Z       unit  Magmom
[INPUT]  1 Er     0.983621000000  15.502244000000  16.207915000000 AA    1.858774300371  29.294995476182  30.628520400230 Bohr   0.0
[INPUT]  2 O      1.999162000000  14.046589000000  17.748158000000 AA    3.777868658638  26.544206194328  33.539157835508 Bohr   0.0
[INPUT]  3 O      0.849859000000  13.239725000000  19.509454000000 AA    1.606000754497  25.019454214557  36.867524899800 Bohr   0.0
[INPUT]  4 O     -0.191063000000  14.330252000000  17.844156000000 AA   -0.361056742538  27.080251576001  33.720567764014 Bohr   0.0
[INPUT]  5 O      0.075398000000  13.922617000000  14.734947000000 AA    0.142481570340  26.309933067214  27.845014289982 Bohr   0.0
[INPUT]  6 O      1.310036000000  13.048514000000  13.067690000000 AA    2.475609253321  24.658117792553  24.694355180718 Bohr   0.0
[INPUT]  7 O      2.203594000000  14.429009000000  14.574295000000 AA    4.164189149735  27.266875258884  27.541426008618 Bohr   0.0
[INPUT]  8 O     -1.142155000000  16.458779000000  15.996655000000 AA   -2.158360141803  31.102584654743  30.229296859154 Bohr   0.0
[INPUT]  9 O      0.436800000000  17.108053000000  14.609560000000 AA    0.825432371210  32.329534694544  27.608067200401 Bohr   0.0
[INPUT] 10 O      1.479297000000  17.162683000000  17.755992000000 AA    2.795466186891  32.432770432729  33.553961949968 Bohr   0.0
[INPUT] 11 O      3.574079000000  17.921221000000  18.087093000000 AA    6.754030457559  33.866199507804  34.179652159538 Bohr   0.0
[INPUT] 12 O      3.086741000000  16.549131000000  16.376735000000 AA    5.833095107466  31.273325189550  30.947543964579 Bohr   0.0
[INPUT] 13 C      0.893280000000  13.851177000000  18.394684000000 AA    1.688054552551  26.174931032875  34.760914907919 Bohr   0.0
[INPUT] 14 C      1.209619000000  13.783938000000  14.098216000000 AA    2.285848625070  26.047867737985  26.641767084961 Bohr   0.0
[INPUT] 15 C     -0.820004000000  17.160582000000  14.960252000000 AA   -1.549582981048  32.428800118141  28.270779034477 Bohr   0.0
[INPUT] 16 C      2.757666000000  17.225719000000  17.422934000000 AA    5.211233483025  32.551891208717  32.924573546373 Bohr   0.0
[INPUT] 17 O     -1.665533000000  17.832969000000  14.307847000000 AA   -3.147401221425  33.699427397859  27.037912262180 Bohr   0.0

nuclear repulsion = 2660.00686642269
number of shells = 122
number of NR pGTOs = 525
number of NR cGTOs = 264
basis = {'default': '631g', 'Er': 'sarc-dkh'}
ecp = {}
CPU time:         4.58
N_elec (98, 95), N_ao 264
Initial guess from minao.
Use PySCF default init guess
Updated f-block dm with J~(0,0,J)
(3, 264, 264) 264
Haar random target direction [0.9510565162951535, 0.3090169943749474, 6.123233995736766e-17]
Haar random total rotation [0.     1.5708 0.3142]
Rotated f-block dm by angles from +z [0.     1.5708 0.3142]
(3, 264, 264) 264
elemental J of ['C' 'Er' 'O']
   C 0.4607+0.0165j 0.0000+0.0000j 0.0000+0.0033j 
  Er 7.6935-0.0007j 2.0998-0.0000j 3.1744-0.0004j 
   O 1.8119-0.0159j 0.0000+0.0000j -0.0000-0.0029j 
J vector of initial guess [9.9662+0.j 2.0998-0.j 3.1744+0.j]


******** <class 'pyscf.x2c.x2c.X2C1eGKS'> ********
method = X2C1eGKS
initial guess = minao
damping factor = 0
level_shift factor = 0
DIIS = <class 'pyscf.scf.diis.CDIIS'>
diis_start_cycle = 1
diis_space = 8
diis_damp = 0
SCF conv_tol = 1e-09
SCF conv_tol_grad = None
SCF max_cycles = 3000
direct_scf = True
direct_scf_tol = 1e-13
chkfile to save SCF result = gs_ErCO34.chk
max_memory 80000 MB (current use 197 MB)
XC library pyscf.dft.libxc version 6.1.0
    S. Lehtola, C. Steigemann, M. J.T. Oliveira, and M. A.L. Marques.,  SoftwareX 7, 1–5 (2018)
XC functionals = HF

radial grids: 
    Treutler-Ahlrichs [JCP 102, 346 (1995); DOI:10.1063/1.469408] (M4) radial grids
    
becke partition: Becke, JCP 88, 2547 (1988); DOI:10.1063/1.454033
pruning grids: <function nwchem_prune at 0x7f2df0c31e40>
grids dens level: 3
symmetrized grids: False
atomic radii adjust function: <function treutler_atomic_radii_adjust at 0x7f2df0c32480>
small_rho_cutoff = 1e-07
collinear = col


******** <class 'pyscf.x2c.x2c.SpinOrbitalX2CHelper'> ********
approx = 1e
xuncontract = 1
Overwritten attributes  get_hcore  of <class 'pyscf.x2c.x2c.X2C1eGKS'>
Set gradient conv threshold to 3.16228e-05
tot grids = 247904
init E= -14183.7613264053
  HOMO = -0.895151263633961  LUMO = -0.579516496009336
cycle= 1 E= -14189.9228360445  delta_E= -6.16  |g|= 2.65  |ddm|= 3.82
  HOMO = 0.146482594311541  LUMO = 0.267049660474433
cycle= 2 E= -14190.6330151538  delta_E= -0.71  |g|=  1.6  |ddm|= 2.65
  HOMO = -0.00275104527242338  LUMO = 0.260479608588663
cycle= 3 E= -14191.1298732092  delta_E= -0.497  |g|= 0.245  |ddm|= 1.08
  HOMO = -0.0139347999836254  LUMO = 0.259804230464741
cycle= 4 E= -14191.1393976508  delta_E= -0.00952  |g|= 0.0554  |ddm|= 0.153
  HOMO = -0.0109755761178936  LUMO = 0.259549459554053
cycle= 5 E= -14191.1409503621  delta_E= -0.00155  |g|= 0.0268  |ddm|= 0.0583
  HOMO = -0.0139080105609267  LUMO = 0.259572299164724
cycle= 6 E= -14191.1418835716  delta_E= -0.000933  |g|= 0.0202  |ddm|= 0.0396
  HOMO = -0.0144217042553824  LUMO = 0.259457291705107
cycle= 7 E= -14191.1427288993  delta_E= -0.000845  |g|= 0.0158  |ddm|= 0.0375
  HOMO = -0.0142393465723534  LUMO = 0.259499429887346
cycle= 8 E= -14191.1436652676  delta_E= -0.000936  |g|= 0.0101  |ddm|= 0.0558
  HOMO = -0.0137705248336916  LUMO = 0.259503840939132
cycle= 9 E= -14191.1440618639  delta_E= -0.000397  |g|= 0.00467  |ddm|= 0.0462
  HOMO = -0.0138768718697237  LUMO = 0.259513148000189
cycle= 10 E= -14191.1441371414  delta_E= -7.53e-05  |g|= 0.00213  |ddm|= 0.0212
  HOMO = -0.0142190368765165  LUMO = 0.259513807969618
cycle= 11 E= -14191.1441489395  delta_E= -1.18e-05  |g|= 0.00125  |ddm|= 0.00732
  HOMO = -0.014257435654066  LUMO = 0.259511197243067
cycle= 12 E= -14191.1441518868  delta_E= -2.95e-06  |g|= 0.00102  |ddm|= 0.00253
  HOMO = -0.0142921809152482  LUMO = 0.259510346934258
cycle= 13 E= -14191.144154032  delta_E= -2.15e-06  |g|= 0.000889  |ddm|= 0.00191
  HOMO = -0.0143019869951577  LUMO = 0.259511635384745
cycle= 14 E= -14191.1441558284  delta_E= -1.8e-06  |g|= 0.000845  |ddm|= 0.00153
  HOMO = -0.0143041698141036  LUMO = 0.259511746887617
cycle= 15 E= -14191.1441579631  delta_E= -2.13e-06  |g|= 0.000814  |ddm|= 0.00182
  HOMO = -0.0142810604875349  LUMO = 0.25951088778139
cycle= 16 E= -14191.1441615696  delta_E= -3.61e-06  |g|= 0.000771  |ddm|= 0.0032
  HOMO = -0.014293611649187  LUMO = 0.25951297338879
cycle= 17 E= -14191.1441674676  delta_E= -5.9e-06  |g|= 0.000704  |ddm|= 0.00571
  HOMO = -0.0143066620942711  LUMO = 0.259511731299826
cycle= 18 E= -14191.1441752596  delta_E= -7.79e-06  |g|= 0.000625  |ddm|= 0.00871
  HOMO = -0.0143102425478851  LUMO = 0.259511641866672
cycle= 19 E= -14191.1441798772  delta_E= -4.62e-06  |g|= 0.000586  |ddm|= 0.00596
  HOMO = -0.0143081868421812  LUMO = 0.259511511981294
cycle= 20 E= -14191.1441821914  delta_E= -2.31e-06  |g|= 0.000572  |ddm|= 0.00306
  HOMO = -0.0143095772834304  LUMO = 0.259511760217199
cycle= 21 E= -14191.1441841184  delta_E= -1.93e-06  |g|= 0.000562  |ddm|= 0.00247
  HOMO = -0.0142991324845695  LUMO = 0.259511418825517
cycle= 22 E= -14191.1441862723  delta_E= -2.15e-06  |g|= 0.000552  |ddm|= 0.00276
  HOMO = -0.0142926177323275  LUMO = 0.259511879936698
cycle= 23 E= -14191.144189236  delta_E= -2.96e-06  |g|= 0.000542  |ddm|= 0.00382
  HOMO = -0.0142954119099906  LUMO = 0.259511765936166
cycle= 24 E= -14191.1441925599  delta_E= -3.32e-06  |g|= 0.000531  |ddm|= 0.00436
  HOMO = -0.0142895214648591  LUMO = 0.259511446142012
cycle= 25 E= -14191.144196819  delta_E= -4.26e-06  |g|= 0.000521  |ddm|= 0.00569
  HOMO = -0.0142980462496357  LUMO = 0.259512076799927
cycle= 26 E= -14191.1442009943  delta_E= -4.18e-06  |g|= 0.000511  |ddm|= 0.00577
  HOMO = -0.0143027378772098  LUMO = 0.259511696910309
cycle= 27 E= -14191.1442063553  delta_E= -5.36e-06  |g|= 0.0005  |ddm|= 0.00759
  HOMO = -0.0143038330647759  LUMO = 0.259511854567569
cycle= 28 E= -14191.1442108195  delta_E= -4.46e-06  |g|= 0.000491  |ddm|= 0.00653
  HOMO = -0.0143054364375678  LUMO = 0.259511664595389
cycle= 29 E= -14191.1442171923  delta_E= -6.37e-06  |g|= 0.00048  |ddm|= 0.00962
  HOMO = -0.0143102828250583  LUMO = 0.259512106986826
cycle= 30 E= -14191.1442240923  delta_E= -6.9e-06  |g|= 0.000469  |ddm|= 0.0109
  HOMO = -0.0143070293566652  LUMO = 0.259511730505557
cycle= 31 E= -14191.1442285015  delta_E= -4.41e-06  |g|= 0.000463  |ddm|= 0.00719
  HOMO = -0.0143077442293639  LUMO = 0.259512018085303
cycle= 32 E= -14191.1442319637  delta_E= -3.46e-06  |g|= 0.000458  |ddm|= 0.00571
  HOMO = -0.0143095086306985  LUMO = 0.259512047979795
cycle= 33 E= -14191.1442353425  delta_E= -3.38e-06  |g|= 0.000454  |ddm|= 0.00554
  HOMO = -0.0143063697427569  LUMO = 0.259511973741678
cycle= 34 E= -14191.1442376755  delta_E= -2.33e-06  |g|= 0.000451  |ddm|= 0.00378
  HOMO = -0.0143091597746018  LUMO = 0.25951202402973
cycle= 35 E= -14191.1442400671  delta_E= -2.39e-06  |g|= 0.000449  |ddm|= 0.0038
  HOMO = -0.0143088552071827  LUMO = 0.259511874127568
cycle= 36 E= -14191.1442425808  delta_E= -2.51e-06  |g|= 0.000446  |ddm|= 0.00399
  HOMO = -0.0143100936649512  LUMO = 0.259512012449719
cycle= 37 E= -14191.1442455927  delta_E= -3.01e-06  |g|= 0.000444  |ddm|= 0.00469
  HOMO = -0.0143124129302867  LUMO = 0.259511797614365
cycle= 38 E= -14191.1442483939  delta_E= -2.8e-06  |g|= 0.000442  |ddm|= 0.00442
  HOMO = -0.0143146715463039  LUMO = 0.259511971270512
cycle= 39 E= -14191.1442513743  delta_E= -2.98e-06  |g|= 0.00044  |ddm|= 0.00469
  HOMO = -0.0143142941792946  LUMO = 0.259511910554274
cycle= 40 E= -14191.1442537559  delta_E= -2.38e-06  |g|= 0.000439  |ddm|= 0.00379
  HOMO = -0.0143155084684989  LUMO = 0.259512008601346
cycle= 41 E= -14191.1442569166  delta_E= -3.16e-06  |g|= 0.000437  |ddm|= 0.00506
  HOMO = -0.0143155091559604  LUMO = 0.259511894146433
cycle= 42 E= -14191.1442616131  delta_E= -4.7e-06  |g|= 0.000435  |ddm|= 0.00755
  HOMO = -0.0143137251522861  LUMO = 0.25951189121367
cycle= 43 E= -14191.1442680853  delta_E= -6.47e-06  |g|= 0.000433  |ddm|= 0.0105
  HOMO = -0.01431714103022  LUMO = 0.259511760913935
cycle= 44 E= -14191.144274025  delta_E= -5.94e-06  |g|= 0.00043  |ddm|= 0.00971
  HOMO = -0.0143174769313497  LUMO = 0.259511652848936
cycle= 45 E= -14191.144279758  delta_E= -5.73e-06  |g|= 0.000428  |ddm|= 0.00945
  HOMO = -0.0143232892733712  LUMO = 0.259512017599373
cycle= 46 E= -14191.1442914633  delta_E= -1.17e-05  |g|= 0.000423  |ddm|= 0.0196
  HOMO = -0.014327402900412  LUMO = 0.259511645640598
cycle= 47 E= -14191.1442996305  delta_E= -8.17e-06  |g|= 0.000418  |ddm|= 0.0139
  HOMO = -0.0143333420022021  LUMO = 0.259512011340037
cycle= 48 E= -14191.1443102158  delta_E= -1.06e-05  |g|= 0.000414  |ddm|= 0.0184
  HOMO = -0.014331882894415  LUMO = 0.259511702622987
cycle= 49 E= -14191.1443169229  delta_E= -6.71e-06  |g|= 0.00041  |ddm|= 0.0118
  HOMO = -0.0143364510357446  LUMO = 0.25951149615979
cycle= 50 E= -14191.144332154  delta_E= -1.52e-05  |g|= 0.000485  |ddm|= 0.0282
  HOMO = -0.0143374402387723  LUMO = 0.259511599096427
cycle= 51 E= -14191.1443345695  delta_E= -2.42e-06  |g|= 0.00041  |ddm|= 0.00429
  HOMO = -0.0143378566212283  LUMO = 0.259511179880674
cycle= 52 E= -14191.1443486597  delta_E= -1.41e-05  |g|= 0.00045  |ddm|= 0.0271
  HOMO = -0.0143343567469392  LUMO = 0.259511329630812
cycle= 53 E= -14191.144357273  delta_E= -8.61e-06  |g|= 0.000384  |ddm|= 0.0168
  HOMO = -0.014339951767038  LUMO = 0.259511283989364
cycle= 54 E= -14191.1443629386  delta_E= -5.67e-06  |g|= 0.000377  |ddm|= 0.0115
  HOMO = -0.0143407244079853  LUMO = 0.259511160459717
cycle= 55 E= -14191.1443668882  delta_E= -3.95e-06  |g|= 0.00037  |ddm|= 0.00805
  HOMO = -0.0143439769779665  LUMO = 0.259511385899222
cycle= 56 E= -14191.1443707004  delta_E= -3.81e-06  |g|= 0.000366  |ddm|= 0.00782
  HOMO = -0.0143469619898687  LUMO = 0.259511002693147
cycle= 57 E= -14191.1443753362  delta_E= -4.64e-06  |g|= 0.000364  |ddm|= 0.00967
  HOMO = -0.0143489848792001  LUMO = 0.259511129390814
cycle= 58 E= -14191.1443800075  delta_E= -4.67e-06  |g|= 0.000367  |ddm|= 0.00997
  HOMO = -0.0143481191881642  LUMO = 0.259510927511133
cycle= 59 E= -14191.144381027  delta_E= -1.02e-06  |g|= 0.0004  |ddm|= 0.00251
  HOMO = -0.0143491604155637  LUMO = 0.259511060071187
cycle= 60 E= -14191.1443838476  delta_E= -2.82e-06  |g|= 0.000356  |ddm|= 0.00634
  HOMO = -0.0143479954267667  LUMO = 0.259510837361404
cycle= 61 E= -14191.1443886069  delta_E= -4.76e-06  |g|= 0.000352  |ddm|= 0.0101
  HOMO = -0.0143494265468797  LUMO = 0.259510970058109
cycle= 62 E= -14191.144394835  delta_E= -6.23e-06  |g|= 0.000349  |ddm|= 0.0135
  HOMO = -0.0143463285088733  LUMO = 0.259510971863146
cycle= 63 E= -14191.1443987192  delta_E= -3.88e-06  |g|= 0.000344  |ddm|= 0.00837
  HOMO = -0.0143498803726884  LUMO = 0.259510966202337
cycle= 64 E= -14191.14440234  delta_E= -3.62e-06  |g|= 0.000342  |ddm|= 0.00796
  HOMO = -0.0143500682972127  LUMO = 0.259510865045429
cycle= 65 E= -14191.1444059863  delta_E= -3.65e-06  |g|= 0.00034  |ddm|= 0.00805
  HOMO = -0.0143525758893127  LUMO = 0.259511058982061
cycle= 66 E= -14191.1444103102  delta_E= -4.32e-06  |g|= 0.000337  |ddm|= 0.00963
  HOMO = -0.0143541455833767  LUMO = 0.259510761587173
cycle= 67 E= -14191.1444127317  delta_E= -2.42e-06  |g|= 0.000335  |ddm|= 0.00534
  HOMO = -0.0143556252773451  LUMO = 0.259510889389489
cycle= 68 E= -14191.1444178717  delta_E= -5.14e-06  |g|= 0.000337  |ddm|= 0.0118
  HOMO = -0.0143565575944234  LUMO = 0.259511013928141
cycle= 69 E= -14191.1444197929  delta_E= -1.92e-06  |g|= 0.000332  |ddm|= 0.00432
  HOMO = -0.0143561705641085  LUMO = 0.259510942367747
cycle= 70 E= -14191.1444247443  delta_E= -4.95e-06  |g|= 0.000329  |ddm|= 0.0114
  HOMO = -0.0143556896178916  LUMO = 0.259510884800943
cycle= 71 E= -14191.1444285468  delta_E= -3.8e-06  |g|= 0.000326  |ddm|= 0.00882
  HOMO = -0.014355566875547  LUMO = 0.259511018737422
cycle= 72 E= -14191.1444318081  delta_E= -3.26e-06  |g|= 0.000324  |ddm|= 0.00756
  HOMO = -0.0143545941812549  LUMO = 0.259510959415919
cycle= 73 E= -14191.1444364177  delta_E= -4.61e-06  |g|= 0.000322  |ddm|= 0.0109
  HOMO = -0.0143556519579196  LUMO = 0.259510941837795
cycle= 74 E= -14191.1444395557  delta_E= -3.14e-06  |g|= 0.000319  |ddm|= 0.00733
  HOMO = -0.0143565145507753  LUMO = 0.259511060422107
cycle= 75 E= -14191.1444429635  delta_E= -3.41e-06  |g|= 0.000317  |ddm|= 0.00804
  HOMO = -0.0143545256282407  LUMO = 0.259511220757956
cycle= 76 E= -14191.1444474883  delta_E= -4.52e-06  |g|= 0.000325  |ddm|= 0.0104
  HOMO = -0.0143583488011673  LUMO = 0.259511056190635
cycle= 77 E= -14191.1444468368  delta_E= 6.51e-07  |g|= 0.000312  |ddm|= 0.00167
  HOMO = -0.0143562664112244  LUMO = 0.25951128360635
cycle= 78 E= -14191.144455269  delta_E= -8.43e-06  |g|= 0.000311  |ddm|= 0.0198
  HOMO = -0.014357288625342  LUMO = 0.259511272105075
cycle= 79 E= -14191.1444565583  delta_E= -1.29e-06  |g|= 0.000304  |ddm|= 0.00312
  HOMO = -0.0143557111090857  LUMO = 0.259511348864455
cycle= 80 E= -14191.1444565956  delta_E= -3.73e-08  |g|= 0.000302  |ddm|= 0.000979
  HOMO = -0.0143554959727903  LUMO = 0.259511233868599
cycle= 81 E= -14191.1444585484  delta_E= -1.95e-06  |g|= 0.000299  |ddm|= 0.00456
  HOMO = -0.0143563619702945  LUMO = 0.259511365902011
cycle= 82 E= -14191.1444624484  delta_E= -3.9e-06  |g|= 0.000307  |ddm|= 0.00931
  HOMO = -0.0143555684956575  LUMO = 0.259511373596844
cycle= 83 E= -14191.1444627771  delta_E= -3.29e-07  |g|= 0.000295  |ddm|= 0.00143
  HOMO = -0.0143559871099972  LUMO = 0.259511511983438
cycle= 84 E= -14191.1444661724  delta_E= -3.4e-06  |g|= 0.000295  |ddm|= 0.00807
  HOMO = -0.014354944123232  LUMO = 0.259511492623189
cycle= 85 E= -14191.144467873  delta_E= -1.7e-06  |g|= 0.00029  |ddm|= 0.00414
  HOMO = -0.0143556521439941  LUMO = 0.259511633305988
cycle= 86 E= -14191.1444694784  delta_E= -1.61e-06  |g|= 0.000289  |ddm|= 0.00388
  HOMO = -0.014353669075234  LUMO = 0.259511490549685
cycle= 87 E= -14191.1444716613  delta_E= -2.18e-06  |g|= 0.000288  |ddm|= 0.00528
  HOMO = -0.0143548406849469  LUMO = 0.259511553186866
cycle= 88 E= -14191.14447375  delta_E= -2.09e-06  |g|= 0.000287  |ddm|= 0.0051
  HOMO = -0.0143535692676938  LUMO = 0.259511634645684
cycle= 89 E= -14191.1444751163  delta_E= -1.37e-06  |g|= 0.000286  |ddm|= 0.00336
  HOMO = -0.014353516290804  LUMO = 0.259511586045659
cycle= 90 E= -14191.1444761923  delta_E= -1.08e-06  |g|= 0.000286  |ddm|= 0.00264
  HOMO = -0.0143533559244981  LUMO = 0.25951164740496
cycle= 91 E= -14191.1444773333  delta_E= -1.14e-06  |g|= 0.000285  |ddm|= 0.0028
  HOMO = -0.0143528037682527  LUMO = 0.259511718083278
cycle= 92 E= -14191.1444807796  delta_E= -3.45e-06  |g|= 0.000284  |ddm|= 0.00845
  HOMO = -0.0143527029970588  LUMO = 0.259511716012918
cycle= 93 E= -14191.1444818878  delta_E= -1.11e-06  |g|= 0.000283  |ddm|= 0.00271
  HOMO = -0.0143522113050853  LUMO = 0.259511790209501
cycle= 94 E= -14191.1444863254  delta_E= -4.44e-06  |g|= 0.000283  |ddm|= 0.0109
  HOMO = -0.0143513620939941  LUMO = 0.259511784894517
cycle= 95 E= -14191.1444922397  delta_E= -5.91e-06  |g|= 0.000281  |ddm|= 0.0147
  HOMO = -0.0143504669574792  LUMO = 0.259511830137396
cycle= 96 E= -14191.14449558  delta_E= -3.34e-06  |g|= 0.000278  |ddm|= 0.00835
  HOMO = -0.0143495629529796  LUMO = 0.259511721813283
cycle= 97 E= -14191.1444984976  delta_E= -2.92e-06  |g|= 0.000276  |ddm|= 0.00733
  HOMO = -0.0143478953935168  LUMO = 0.25951200610269
cycle= 98 E= -14191.1445027576  delta_E= -4.26e-06  |g|= 0.000275  |ddm|= 0.0108
  HOMO = -0.01434640544513  LUMO = 0.259511851585032
cycle= 99 E= -14191.1445066859  delta_E= -3.93e-06  |g|= 0.000273  |ddm|= 0.0101
  HOMO = -0.0143457548731714  LUMO = 0.259512078583712
cycle= 100 E= -14191.1445115168  delta_E= -4.83e-06  |g|= 0.000283  |ddm|= 0.0125
  HOMO = -0.0143459224593048  LUMO = 0.259512026089864
cycle= 101 E= -14191.1445083446  delta_E= 3.17e-06  |g|= 0.000312  |ddm|= 0.00842
  HOMO = -0.0143450113452097  LUMO = 0.259512049125347
cycle= 102 E= -14191.1445197999  delta_E= -1.15e-05  |g|= 0.000265  |ddm|= 0.0301
  HOMO = -0.0143443338026231  LUMO = 0.259512117658726
cycle= 103 E= -14191.1445255274  delta_E= -5.73e-06  |g|= 0.000267  |ddm|= 0.0154
  HOMO = -0.0143421021682707  LUMO = 0.25951208831938
cycle= 104 E= -14191.1445306653  delta_E= -5.14e-06  |g|= 0.000259  |ddm|= 0.0141
  HOMO = -0.0143404949525625  LUMO = 0.259512247001134
cycle= 105 E= -14191.1445343062  delta_E= -3.64e-06  |g|= 0.000254  |ddm|= 0.0102
  HOMO = -0.0143386874955525  LUMO = 0.259512150897021
cycle= 106 E= -14191.144535929  delta_E= -1.62e-06  |g|= 0.000253  |ddm|= 0.00458
  HOMO = -0.0143376612836888  LUMO = 0.259512377887241
cycle= 107 E= -14191.1445384397  delta_E= -2.51e-06  |g|= 0.000254  |ddm|= 0.00716
  HOMO = -0.0143366880646201  LUMO = 0.259512168618169
cycle= 108 E= -14191.1445396911  delta_E= -1.25e-06  |g|= 0.000264  |ddm|= 0.0036
  HOMO = -0.0143359414923303  LUMO = 0.259512276665187
cycle= 109 E= -14191.1445421005  delta_E= -2.41e-06  |g|= 0.000263  |ddm|= 0.00685
  HOMO = -0.0143364309485475  LUMO = 0.259512268115791
cycle= 110 E= -14191.1445451065  delta_E= -3.01e-06  |g|= 0.000245  |ddm|= 0.00867
  HOMO = -0.014335114244743  LUMO = 0.259512469852443
cycle= 111 E= -14191.1445472654  delta_E= -2.16e-06  |g|= 0.000244  |ddm|= 0.0063
  HOMO = -0.0143342505746028  LUMO = 0.259512459581512
cycle= 112 E= -14191.1445491883  delta_E= -1.92e-06  |g|= 0.000277  |ddm|= 0.00563
  HOMO = -0.0143321741802892  LUMO = 0.259512475897839
cycle= 113 E= -14191.1445523102  delta_E= -3.12e-06  |g|= 0.000239  |ddm|= 0.00933
  HOMO = -0.0143317109325857  LUMO = 0.259512585470048
cycle= 114 E= -14191.1445543137  delta_E= -2e-06  |g|= 0.000238  |ddm|= 0.00598
  HOMO = -0.014329350168403  LUMO = 0.259512574864775
cycle= 115 E= -14191.1445569467  delta_E= -2.63e-06  |g|= 0.000236  |ddm|= 0.00792
  HOMO = -0.0143278260688378  LUMO = 0.25951273490553
cycle= 116 E= -14191.1445611593  delta_E= -4.21e-06  |g|= 0.000233  |ddm|= 0.0128
  HOMO = -0.0143264048051047  LUMO = 0.25951277271005
cycle= 117 E= -14191.1445659415  delta_E= -4.78e-06  |g|= 0.000235  |ddm|= 0.0149
  HOMO = -0.0143253795078256  LUMO = 0.259512944783337
cycle= 118 E= -14191.1445697986  delta_E= -3.86e-06  |g|= 0.000226  |ddm|= 0.0122
  HOMO = -0.014325151241823  LUMO = 0.25951296373848
cycle= 119 E= -14191.1445723811  delta_E= -2.58e-06  |g|= 0.000225  |ddm|= 0.00836
  HOMO = -0.0143227409790241  LUMO = 0.259513127770177
cycle= 120 E= -14191.1445759183  delta_E= -3.54e-06  |g|= 0.000223  |ddm|= 0.0117
  HOMO = -0.0143210700964536  LUMO = 0.259513234839144
cycle= 121 E= -14191.1445798454  delta_E= -3.93e-06  |g|= 0.000219  |ddm|= 0.0133
  HOMO = -0.0143174932692309  LUMO = 0.259513209375452
cycle= 122 E= -14191.1445822884  delta_E= -2.44e-06  |g|= 0.000221  |ddm|= 0.00847
  HOMO = -0.0143167731000536  LUMO = 0.259513372093198
cycle= 123 E= -14191.1445843084  delta_E= -2.02e-06  |g|= 0.000216  |ddm|= 0.00712
  HOMO = -0.0143146218299889  LUMO = 0.259513432360303
cycle= 124 E= -14191.1445866482  delta_E= -2.34e-06  |g|= 0.000218  |ddm|= 0.00837
  HOMO = -0.0143119182763951  LUMO = 0.259513433905984
cycle= 125 E= -14191.1445898786  delta_E= -3.23e-06  |g|= 0.000213  |ddm|= 0.0117
  HOMO = -0.0143113455432218  LUMO = 0.259513615686829
cycle= 126 E= -14191.144593173  delta_E= -3.29e-06  |g|= 0.00022  |ddm|= 0.0124
  HOMO = -0.0143105239148887  LUMO = 0.259513654010536
cycle= 127 E= -14191.1445946154  delta_E= -1.44e-06  |g|= 0.000205  |ddm|= 0.00549
  HOMO = -0.0143111776570071  LUMO = 0.259513792673832
cycle= 128 E= -14191.1445964164  delta_E= -1.8e-06  |g|= 0.000202  |ddm|= 0.00691
  HOMO = -0.0143084945859599  LUMO = 0.259513807432947
cycle= 129 E= -14191.1446001036  delta_E= -3.69e-06  |g|= 0.00022  |ddm|= 0.0146
  HOMO = -0.0143071663724095  LUMO = 0.259513946048546
cycle= 130 E= -14191.1446009057  delta_E= -8.02e-07  |g|= 0.000202  |ddm|= 0.00325
  HOMO = -0.0143063420941735  LUMO = 0.259513974820008
cycle= 131 E= -14191.1446029482  delta_E= -2.04e-06  |g|= 0.000195  |ddm|= 0.00826
  HOMO = -0.0143021566040612  LUMO = 0.259514045149925
cycle= 132 E= -14191.1446052659  delta_E= -2.32e-06  |g|= 0.000195  |ddm|= 0.00955
  HOMO = -0.0143003957729129  LUMO = 0.259514177074456
cycle= 133 E= -14191.1446084575  delta_E= -3.19e-06  |g|= 0.00019  |ddm|= 0.0135
  HOMO = -0.0142979360660915  LUMO = 0.25951422946166
cycle= 134 E= -14191.1446113892  delta_E= -2.93e-06  |g|= 0.000184  |ddm|= 0.0129
  HOMO = -0.0142970714064867  LUMO = 0.259514504157592
cycle= 135 E= -14191.1446140706  delta_E= -2.68e-06  |g|= 0.00018  |ddm|= 0.0122
  HOMO = -0.0142936025197672  LUMO = 0.259514418801324
cycle= 136 E= -14191.1446178346  delta_E= -3.76e-06  |g|= 0.000172  |ddm|= 0.0179
  HOMO = -0.014293758456899  LUMO = 0.259514794284026
cycle= 137 E= -14191.144620986  delta_E= -3.15e-06  |g|= 0.000176  |ddm|= 0.0159
  HOMO = -0.0142922381052789  LUMO = 0.259514727633323
cycle= 138 E= -14191.1446217624  delta_E= -7.76e-07  |g|= 0.00022  |ddm|= 0.00426
  HOMO = -0.0142895323382479  LUMO = 0.259514842069217
cycle= 139 E= -14191.1446238816  delta_E= -2.12e-06  |g|= 0.000171  |ddm|= 0.0114
  HOMO = -0.0142877875965525  LUMO = 0.259514938328798
cycle= 140 E= -14191.144625699  delta_E= -1.82e-06  |g|= 0.000154  |ddm|= 0.0102
  HOMO = -0.0142840058821131  LUMO = 0.259514968004519
cycle= 141 E= -14191.1446270314  delta_E= -1.33e-06  |g|= 0.000151  |ddm|= 0.00772
  HOMO = -0.0142838666693023  LUMO = 0.259515046959027
cycle= 142 E= -14191.1446282614  delta_E= -1.23e-06  |g|= 0.00015  |ddm|= 0.0074
  HOMO = -0.014282219183561  LUMO = 0.259515080262408
cycle= 143 E= -14191.1446294207  delta_E= -1.16e-06  |g|= 0.000141  |ddm|= 0.0072
  HOMO = -0.0142824411988867  LUMO = 0.259515238608256
cycle= 144 E= -14191.1446306341  delta_E= -1.21e-06  |g|= 0.000141  |ddm|= 0.00783
  HOMO = -0.0142812117541955  LUMO = 0.25951519410962
cycle= 145 E= -14191.1446314472  delta_E= -8.13e-07  |g|= 0.000137  |ddm|= 0.00544
  HOMO = -0.0142813501545583  LUMO = 0.259515329736322
cycle= 146 E= -14191.1446321837  delta_E= -7.36e-07  |g|= 0.000133  |ddm|= 0.00501
  HOMO = -0.0142787100332392  LUMO = 0.259515247688905
cycle= 147 E= -14191.1446337187  delta_E= -1.54e-06  |g|= 0.000154  |ddm|= 0.0102
  HOMO = -0.014278932328644  LUMO = 0.259515391115543
cycle= 148 E= -14191.1446332756  delta_E= 4.43e-07  |g|= 0.000126  |ddm|= 0.00307
  HOMO = -0.0142757716036822  LUMO = 0.259515466660846
cycle= 149 E= -14191.1446355802  delta_E= -2.3e-06  |g|= 0.000116  |ddm|= 0.0164
  HOMO = -0.014274429194281  LUMO = 0.259515497925338
cycle= 150 E= -14191.1446360561  delta_E= -4.76e-07  |g|= 0.000107  |ddm|= 0.00363
  HOMO = -0.0142745762388013  LUMO = 0.259515473193159
cycle= 151 E= -14191.1446362334  delta_E= -1.77e-07  |g|= 0.000112  |ddm|= 0.00136
  HOMO = -0.0142736132191332  LUMO = 0.25951550551303
cycle= 152 E= -14191.1446364085  delta_E= -1.75e-07  |g|= 0.0001  |ddm|= 0.00132
  HOMO = -0.0142747778201201  LUMO = 0.259515485939784
cycle= 153 E= -14191.1446366926  delta_E= -2.84e-07  |g|= 9.78e-05  |ddm|= 0.0022
  HOMO = -0.0142746528756682  LUMO = 0.259515582206194
cycle= 154 E= -14191.1446366272  delta_E= 6.54e-08  |g|= 9.23e-05  |ddm|= 0.000793
  HOMO = -0.0142740052783515  LUMO = 0.259515484747549
cycle= 155 E= -14191.1446370018  delta_E= -3.75e-07  |g|= 8.94e-05  |ddm|= 0.00306
  HOMO = -0.0142747885392181  LUMO = 0.259515602174764
cycle= 156 E= -14191.1446373132  delta_E= -3.11e-07  |g|= 8.7e-05  |ddm|= 0.0026
  HOMO = -0.0142732868534233  LUMO = 0.259515575329646
cycle= 157 E= -14191.1446376954  delta_E= -3.82e-07  |g|= 8.44e-05  |ddm|= 0.00328
  HOMO = -0.0142724680345494  LUMO = 0.259515599894764
cycle= 158 E= -14191.1446381108  delta_E= -4.15e-07  |g|= 8.29e-05  |ddm|= 0.00371
  HOMO = -0.0142715645686938  LUMO = 0.259515644734606
cycle= 159 E= -14191.1446383366  delta_E= -2.26e-07  |g|= 8.15e-05  |ddm|= 0.00203
  HOMO = -0.0142712902034197  LUMO = 0.259515640791262
cycle= 160 E= -14191.1446386616  delta_E= -3.25e-07  |g|= 8.02e-05  |ddm|= 0.00298
  HOMO = -0.0142701739711685  LUMO = 0.259515700287064
cycle= 161 E= -14191.1446390596  delta_E= -3.98e-07  |g|= 7.86e-05  |ddm|= 0.00374
  HOMO = -0.0142705706935653  LUMO = 0.259515702363243
cycle= 162 E= -14191.144639454  delta_E= -3.94e-07  |g|= 7.7e-05  |ddm|= 0.00379
  HOMO = -0.0142698222423252  LUMO = 0.259515774043248
cycle= 163 E= -14191.1446396907  delta_E= -2.37e-07  |g|= 7.62e-05  |ddm|= 0.00232
  HOMO = -0.0142694402165693  LUMO = 0.259515729824684
cycle= 164 E= -14191.1446399589  delta_E= -2.68e-07  |g|= 7.53e-05  |ddm|= 0.00268
  HOMO = -0.0142691702933973  LUMO = 0.259515819507542
cycle= 165 E= -14191.1446403468  delta_E= -3.88e-07  |g|= 7.42e-05  |ddm|= 0.00399
  HOMO = -0.0142679112935557  LUMO = 0.259515805688859
cycle= 166 E= -14191.1446406772  delta_E= -3.3e-07  |g|= 7.29e-05  |ddm|= 0.00347
  HOMO = -0.0142671812997053  LUMO = 0.259515889282306
cycle= 167 E= -14191.1446411666  delta_E= -4.89e-07  |g|= 7.1e-05  |ddm|= 0.00529
  HOMO = -0.0142655104932276  LUMO = 0.259515943632331
cycle= 168 E= -14191.1446418317  delta_E= -6.65e-07  |g|= 6.92e-05  |ddm|= 0.00765
  HOMO = -0.0142645380807074  LUMO = 0.259516029696257
cycle= 169 E= -14191.1446424351  delta_E= -6.03e-07  |g|= 6.76e-05  |ddm|= 0.00741
  HOMO = -0.0142643007681875  LUMO = 0.259516029237697
cycle= 170 E= -14191.1446426898  delta_E= -2.55e-07  |g|= 6.48e-05  |ddm|= 0.00322
  HOMO = -0.0142632444601075  LUMO = 0.259516106057961
cycle= 171 E= -14191.1446431217  delta_E= -4.32e-07  |g|= 6.35e-05  |ddm|= 0.00582
  HOMO = -0.0142633181370296  LUMO = 0.259516160517037
cycle= 172 E= -14191.144643625  delta_E= -5.03e-07  |g|= 5.97e-05  |ddm|= 0.00719
  HOMO = -0.0142619481536477  LUMO = 0.25951624706339
cycle= 173 E= -14191.1446440557  delta_E= -4.31e-07  |g|= 5.62e-05  |ddm|= 0.00668
  HOMO = -0.0142606696689324  LUMO = 0.259516239886955
cycle= 174 E= -14191.1446444002  delta_E= -3.44e-07  |g|= 5.98e-05  |ddm|= 0.00591
  HOMO = -0.0142607807415992  LUMO = 0.259516271906365
cycle= 175 E= -14191.1446443448  delta_E= 5.54e-08  |g|= 5.65e-05  |ddm|= 0.00125
  HOMO = -0.0142600602032425  LUMO = 0.259516331421692
cycle= 176 E= -14191.1446446556  delta_E= -3.11e-07  |g|= 5.18e-05  |ddm|= 0.00561
  HOMO = -0.0142590872235306  LUMO = 0.25951629642439
cycle= 177 E= -14191.1446446717  delta_E= -1.6e-08  |g|= 5.07e-05  |ddm|= 0.000294
  HOMO = -0.0142588097075426  LUMO = 0.259516384444737
cycle= 178 E= -14191.1446449303  delta_E= -2.59e-07  |g|= 5.64e-05  |ddm|= 0.0051
  HOMO = -0.0142592548452095  LUMO = 0.259516340881822
cycle= 179 E= -14191.1446448977  delta_E= 3.27e-08  |g|= 4.76e-05  |ddm|= 0.000959
  HOMO = -0.0142593649874206  LUMO = 0.259516396776656
cycle= 180 E= -14191.1446449668  delta_E= -6.92e-08  |g|= 4.66e-05  |ddm|= 0.00123
  HOMO = -0.0142591681433443  LUMO = 0.259516379324186
cycle= 181 E= -14191.1446450209  delta_E= -5.4e-08  |g|= 4.54e-05  |ddm|= 0.000881
  HOMO = -0.0142593839067893  LUMO = 0.259516368215893
cycle= 182 E= -14191.1446450442  delta_E= -2.33e-08  |g|= 4.4e-05  |ddm|= 0.000412
  HOMO = -0.0142592813459329  LUMO = 0.25951638455496
cycle= 183 E= -14191.1446450468  delta_E= -2.61e-09  |g|= 4.32e-05  |ddm|= 0.000275
  HOMO = -0.0142588792028749  LUMO = 0.259516369479712
cycle= 184 E= -14191.1446450853  delta_E= -3.85e-08  |g|= 4.22e-05  |ddm|= 0.000657
  HOMO = -0.0142586729884785  LUMO = 0.259516370590437
cycle= 185 E= -14191.1446451434  delta_E= -5.81e-08  |g|= 4.09e-05  |ddm|= 0.00103
  HOMO = -0.0142587803557733  LUMO = 0.25951640696849
cycle= 186 E= -14191.1446452067  delta_E= -6.33e-08  |g|= 4.02e-05  |ddm|= 0.0012
  HOMO = -0.0142583555641841  LUMO = 0.259516393707716
cycle= 187 E= -14191.1446452788  delta_E= -7.21e-08  |g|= 3.92e-05  |ddm|= 0.00137
  HOMO = -0.0142591270121552  LUMO = 0.259516437119198
cycle= 188 E= -14191.1446453997  delta_E= -1.21e-07  |g|= 3.8e-05  |ddm|= 0.00246
  HOMO = -0.0142587338826539  LUMO = 0.259516478878908
cycle= 189 E= -14191.1446455134  delta_E= -1.14e-07  |g|= 3.67e-05  |ddm|= 0.00236
  HOMO = -0.0142583247228656  LUMO = 0.259516453185069
cycle= 190 E= -14191.1446456083  delta_E= -9.5e-08  |g|= 3.55e-05  |ddm|= 0.00205
  HOMO = -0.0142580872117509  LUMO = 0.259516477219963
cycle= 191 E= -14191.144645696  delta_E= -8.76e-08  |g|= 3.45e-05  |ddm|= 0.00196
  HOMO = -0.014257705506143  LUMO = 0.259516513707761
cycle= 192 E= -14191.1446457669  delta_E= -7.1e-08  |g|= 3.39e-05  |ddm|= 0.00165
  HOMO = -0.0142573945078713  LUMO = 0.259516507136964
cycle= 193 E= -14191.144645839  delta_E= -7.21e-08  |g|= 3.33e-05  |ddm|= 0.00173
  HOMO = -0.0142573606904825  LUMO = 0.259516518357521
cycle= 194 E= -14191.1446458826  delta_E= -4.36e-08  |g|= 3.3e-05  |ddm|= 0.00107
  HOMO = -0.0142574464880952  LUMO = 0.259516547425541
cycle= 195 E= -14191.1446459486  delta_E= -6.61e-08  |g|= 3.25e-05  |ddm|= 0.00165
  HOMO = -0.0142571266248822  LUMO = 0.259516539668953
cycle= 196 E= -14191.1446460234  delta_E= -7.48e-08  |g|= 3.19e-05  |ddm|= 0.0019
  HOMO = -0.0142574448139631  LUMO = 0.259516572075148
cycle= 197 E= -14191.1446460953  delta_E= -7.19e-08  |g|= 3.14e-05  |ddm|= 0.00189
  HOMO = -0.0142570126183654  LUMO = 0.259516600442985
cycle= 198 E= -14191.1446461843  delta_E= -8.9e-08  |g|= 3.08e-05  |ddm|= 0.00242
  HOMO = -0.0142566062013116  LUMO = 0.259516591282102
cycle= 199 E= -14191.1446462728  delta_E= -8.85e-08  |g|= 3e-05  |ddm|= 0.00248
  HOMO = -0.0142563176814783  LUMO = 0.259516635877114
cycle= 200 E= -14191.1446463866  delta_E= -1.14e-07  |g|= 2.92e-05  |ddm|= 0.00337
  HOMO = -0.0142558831718981  LUMO = 0.259516675723782
cycle= 201 E= -14191.1446464771  delta_E= -9.04e-08  |g|= 2.85e-05  |ddm|= 0.00286
  HOMO = -0.0142557044024452  LUMO = 0.259516683681158
cycle= 202 E= -14191.1446465546  delta_E= -7.76e-08  |g|= 2.78e-05  |ddm|= 0.00258
  HOMO = -0.0142554890126233  LUMO = 0.259516713351779
cycle= 203 E= -14191.1446466302  delta_E= -7.56e-08  |g|= 2.7e-05  |ddm|= 0.00266
  HOMO = -0.0142554222586048  LUMO = 0.259516766742416
cycle= 204 E= -14191.144646783  delta_E= -1.53e-07  |g|= 2.6e-05  |ddm|= 0.00597
  HOMO = -0.014255185604522  LUMO = 0.259516789697756
cycle= 205 E= -14191.1446468535  delta_E= -7.05e-08  |g|= 2.53e-05  |ddm|= 0.00312
  HOMO = -0.0142550426920862  LUMO = 0.259516820190649
cycle= 206 E= -14191.1446469084  delta_E= -5.49e-08  |g|= 2.45e-05  |ddm|= 0.00261
  HOMO = -0.0142546376143251  LUMO = 0.259516831511883
cycle= 207 E= -14191.1446469903  delta_E= -8.18e-08  |g|= 2.32e-05  |ddm|= 0.00435
  HOMO = -0.0142541479673802  LUMO = 0.2595169019886
cycle= 208 E= -14191.1446470593  delta_E= -6.9e-08  |g|= 2.26e-05  |ddm|= 0.00431
  HOMO = -0.0142538703495038  LUMO = 0.259516901477905
cycle= 209 E= -14191.1446470977  delta_E= -3.85e-08  |g|= 2.13e-05  |ddm|= 0.00274
  HOMO = -0.0142535231253255  LUMO = 0.259516931895627
cycle= 210 E= -14191.1446471312  delta_E= -3.35e-08  |g|= 2.09e-05  |ddm|= 0.00273
  HOMO = -0.0142536412807013  LUMO = 0.259516954315819
cycle= 211 E= -14191.1446471594  delta_E= -2.82e-08  |g|= 1.98e-05  |ddm|= 0.00251
  HOMO = -0.0142533583482495  LUMO = 0.259516947287762
cycle= 212 E= -14191.1446471718  delta_E= -1.24e-08  |g|= 1.93e-05  |ddm|= 0.00129
  HOMO = -0.0142533405183082  LUMO = 0.259516974817018
cycle= 213 E= -14191.1446471904  delta_E= -1.86e-08  |g|= 1.88e-05  |ddm|= 0.00207
  HOMO = -0.0142533179384469  LUMO = 0.259516979997235
cycle= 214 E= -14191.1446471954  delta_E= -4.95e-09  |g|= 1.85e-05  |ddm|= 0.000413
  HOMO = -0.014253490148191  LUMO = 0.259516984094736
cycle= 215 E= -14191.1446471998  delta_E= -4.48e-09  |g|= 1.82e-05  |ddm|= 0.000303
  HOMO = -0.0142533456821491  LUMO = 0.259516987409108
cycle= 216 E= -14191.1446472047  delta_E= -4.9e-09  |g|= 1.8e-05  |ddm|= 0.000452
  HOMO = -0.0142533242514866  LUMO = 0.259516994638677
cycle= 217 E= -14191.1446472111  delta_E= -6.4e-09  |g|= 1.79e-05  |ddm|= 0.000609
  HOMO = -0.0142533493537091  LUMO = 0.259516988993436
cycle= 218 E= -14191.1446472152  delta_E= -4.07e-09  |g|= 1.77e-05  |ddm|= 0.000183
  HOMO = -0.0142533799998093  LUMO = 0.259516999519543
cycle= 219 E= -14191.1446472186  delta_E= -3.39e-09  |g|= 1.76e-05  |ddm|= 0.000192
  HOMO = -0.0142533728728817  LUMO = 0.259516987741861
cycle= 220 E= -14191.1446472198  delta_E= -1.22e-09  |g|= 1.75e-05  |ddm|= 0.000326
  HOMO = -0.0142536510625944  LUMO = 0.259516987271292
cycle= 221 E= -14191.1446472195  delta_E= 3.53e-10  |g|= 1.73e-05  |ddm|= 0.00112
  HOMO = -0.0142536141417725  LUMO = 0.259516982837198
Extra cycle  E= -14191.1446472199  delta_E= -4.4e-10  |g|= 1.72e-05  |ddm|= 1.83e-05
converged SCF energy = -14191.1446472199  <S^2> = 3.6975515  2S+1 = 3.9736892
(3, 264, 264) 264
S vector [0.9509-0.j 0.0253-0.j 1.0938+0.j]
(3, 264, 264) 264
L vector [3.9571+0.j 0.1062+0.j 4.5501+0.j]
(3, 264, 264) 264
J vector [4.908 -0.j 0.1315+0.j 5.6439+0.j]
Tue Apr 15 21:18:47 PDT 2025
