Currently Loaded Modulefiles:
 1) gmp/6.2.1-gcc-13.2.0-lcnhyse <aL>             
 2) mpfr/4.2.0-gcc-13.2.0-yy2fkq5 <aL>            
 3) mpc/1.3.1-gcc-13.2.0-5kgoftq <aL>             
 4) zlib-ng/2.1.3-gcc-13.2.0-jetnfwa <aL>         
 5) zstd/1.5.5-gcc-13.2.0-t2lua3l <aL>            
 6) gcc/13.2.0-gcc-13.2.0-w55nxkl                 
 7) cmake/3.20.2-gcc-13.2.0-rp74vpv               
 8) libfabric/1.18.1-gcc-13.2.0-bijxar4 <aL>      
 9) numactl/2.0.14-gcc-13.2.0-etkf74e <aL>        
10) openssh/8.7p1-gcc-13.2.0-g55xmkx <aL>         
11) slurm/22.05.6-gcc-13.2.0-tchsn6y <aL>         
12) openmpi/4.1.5-gcc-13.2.0-24q3ap2              
13) libpciaccess/0.17-gcc-13.2.0-r2cijnn <aL>     
14) libiconv/1.17-gcc-13.2.0-ntov4te <aL>         
15) xz/5.4.1-gcc-13.2.0-4xkm5xo <aL>              
16) libxml2/2.10.3-gcc-13.2.0-fr6jcjz <aL>        
17) ncurses/6.4-gcc-13.2.0-4o2yj6n <aL>           
18) hwloc/2.9.1-gcc-13.2.0-gzvfolk <aL>           
19) intel-tbb/2021.9.0-gcc-13.2.0-6nwk3ml <aL>    
20) intel-oneapi-mkl/2023.2.0-gcc-13.2.0-ohvyk7g  

Key:
<module-tag>  <aL>=auto-loaded  
/central/groups/changroup/members/lppeng/holmium/run/paper_final/run_ErCO34/conf2/GS/run_28
Tue Apr 15 21:08:08 PDT 2025
hpc-91-16.cm.cluster
--------------------------------------------------------------------------
WARNING: There is at least one non-excluded one OpenFabrics device found,
but there are no active ports detected (or Open MPI was unable to use
them).  This is most certainly not what you wanted.  Check your
cables, subnet manager configuration, etc.  The openib BTL will be
ignored for this job.

  Local host: hpc-91-16
--------------------------------------------------------------------------
Apr 15 21:08:13 ####### 
                ####### libDMET   version 0.5
                ####### A periodic DMET library for lattice model and realistic solid.
                ####### 
#INFO: **** input file is /central/groups/changroup/members/lppeng/holmium/run/paper_final/run_ErCO34/conf2/GS/run_28/ground_state.py ****
'''
Example input to calculate the ground state of a molecular system
Include x2c relativistic effect
'''
import pyscf
from pyscf.scf.hf import RHF
from pyscf.dft.uks import UKS
from pyscf.dft.gks import GKS
from pyscf import lib
import os, sys
import numpy as np
import scipy.linalg as la
from scipy.linalg import sqrtm, eigh
from scipy.optimize import root
np.set_printoptions(precision=12, threshold=sys.maxsize, linewidth=190, suppress=True)
log = lib.logger.Logger(sys.stdout, 4)

if __name__ == "__main__":
    from pyscf import gto, scf, dft, lib
    from pyscf.lib import chkfile
    from stevens import cdft, project, utils
    from stevens.project import get_mj

    # system input
    geometry = 'ErCO34' # The name of geometry file minus ".xyz"
                       # Make sure first atom is the central magnetic atom 
    spin = 3 # number of unpaired electrons in a unit cell
    charge = -5 # charge of the molecule or a unit cell
    basis = {'default': '631g', 'Er': 'sarc-dkh'} # specify basis for all elements here
    max_memory = 80000 # in the unit of MB. Recommend: memory available on a node - 10000 MB
    qmmm = True # add environment with classical charges

    # (c)HF/DFT parameters
    xc = 'HF' # functional
    smearing = None # To help HF/DFT converge, try e.g. 5e-2
    chkfname_guess = 'minao' # initial guess. 'minao' for default PySCF guess; None for constrained HF; 
                # path to a checkpoint file to restart from a SCF solution.
                # 'project' to project from the SCF solution in a small basis to generate the initial guess
    chkfname_small = '../gs_small_%s.chk'%geometry # checkpoint file in a small basis. Used when chkfname_guess == 'project'
    basis_small = {'default': 'minao', 'Er': 'cc-x2c-minao'}# the small basis associated with chkfname_small
    change_dm_mode = 'rotate' # None: no change
                          # 'positive_z': set the 4f block of dm so that J~(0,0,J)
                          # 'rotate': rotate the 4f block of dm by some angles
    atom_index = 0 # the index of central lanthanide atom
    occ_idx = 28
    noise = 0 # max noise on density matrix initial guess

    # constrained HF parameters for the initial guess
    ao_shell = 'f'
    lo_chkfname = '../../UHF/uhf_gs_%s_lo.h5'%geometry  
    multiplier0 = 0.1
    # END USER INPUT

    # set up system
    if os.path.isfile('../../' + geometry + ".xyz"):
        mol = gto.M(
            atom = '../../' + geometry + ".xyz",
            basis = basis,
            verbose = 4,
            spin = spin,
            charge = charge,
            max_memory = max_memory,
            )
        mol.set_common_origin(mol._atom[atom_index][1])
    else:
        raise ValueError("No .xyz file available!")
    log.info("N_elec %s, N_ao %s"%(mol.nelec, mol.nao))

    # generate HF/DFT initial guess
    if chkfname_guess == 'minao':
        mf = scf.GKS(mol).x2c()
        dm0 = mf.get_init_guess()
        print("Use PySCF default init guess")
        dm0 = utils.change_dm_guess(mol, dm0, 'positive_z', atom_index=atom_index, occ_idx=occ_idx) ###
    elif chkfname_guess is None:
        # run constrained DFT
        angles = cdft.sample_rotation('xyz', occ_idx, unit=20)
        from scipy.spatial.transform import Rotation
        direction = Rotation.from_euler('zyz', angles, degrees=False) @ [0,0,1]
        cmf = cdft.CGKS(mol, direction, multiplier_guess=multiplier0, max_cycle=300,
                atom_index=atom_index, ao_shell='f', lo_chkfname=lo_chkfname, xc=xc, smearing=smearing)
        cmf.kernel()
        dm0 = cmf._scf.make_rdm1()
        print("Contrained SCF solution as init guess")
    elif chkfname_guess == 'project':
        # project dm0 in a small basis to the larger basis 
        dm0 = utils.project_dm_from_small_basis(mol, basis_small, chkfname_small, change_dm_mode, atom_index=atom_index, occ_idx=occ_idx)
        print("Project wavefunction in a smaller basis to the target basis as init guess")
    else:
        mf = scf.GKS(mol).x2c()
        data = chkfile.load(chkfname_guess, 'scf')
        mf.__dict__.update(data)
        dm0 = mf.make_rdm1()
        mf.analyze(with_meta_lowdin=False)
        print("Load .chk file for init guess")
    if change_dm_mode is not None and not chkfname_guess == 'project': # when chkfname_guess == 'project', change in small basis
        dm0 = utils.change_dm_guess(mol, dm0, change_dm_mode, atom_index=atom_index, occ_idx=occ_idx)
    dm0 += (np.random.rand(*(dm0.shape)) - 0.5) * noise  
    print("J vector of initial guess", get_mj(mol, dm0, analyze=True))

    # run HF/DFT
    mf = scf.GKS(mol).x2c()
    mf.xc = xc
    if xc.upper() != 'HF':
        mf.collinear = 'mcol'
        mf.grids.level = 6 
    mf.chkfile = 'gs_' + geometry + '.chk' 
    mf.max_cycle = 3000 
    if smearing is not None:
        mf = scf.addons.smearing_(mf, sigma=smearing, method="fermi")
    if qmmm: # add the precomputed potential from environmental classical charges 
        get_hcore_original = mf.get_hcore
        hcore_mm = np.load('../../mm_hcore.npy')
        def get_hcore_mm(self, mol=None):
            return get_hcore_original(mol=mol) + la.block_diag(hcore_mm, hcore_mm)
        import types
        mf.get_hcore = types.MethodType(get_hcore_mm, mf)
    mf.kernel(dm0=dm0)
    dm = mf.make_rdm1()
    print("S vector", get_mj(mol, dm, include_L=False))
    print("L vector", get_mj(mol, dm, include_S=False))
    print("J vector", get_mj(mol, dm))
#INFO: ******************** input file end ********************


System: uname_result(system='Linux', node='hpc-91-16.cm.cluster', release='5.14.0-362.24.1.el9_3.x86_64', version='#1 SMP PREEMPT_DYNAMIC Thu Feb 15 07:18:13 EST 2024', machine='x86_64')  Threads 16
Python 3.11.6 | packaged by conda-forge | (main, Oct  3 2023, 10:40:35) [GCC 12.3.0]
numpy 1.26.0  scipy 1.11.3
Date: Tue Apr 15 21:08:15 2025
PySCF version 2.5.0
PySCF path  /home/lppeng/anaconda3/envs/nerscV25/lib/python3.11/site-packages/pyscf

[CONFIG] conf_file None
[INPUT] verbose = 4
[INPUT] num. atoms = 17
[INPUT] num. electrons = 193
[INPUT] charge = -5
[INPUT] spin (= nelec alpha-beta = 2S) = 3
[INPUT] symmetry False subgroup None
[INPUT] Mole.unit = angstrom
[INPUT] Symbol           X                Y                Z      unit          X                Y                Z       unit  Magmom
[INPUT]  1 Er     0.983621000000  15.502244000000  16.207915000000 AA    1.858774300371  29.294995476182  30.628520400230 Bohr   0.0
[INPUT]  2 O      1.999162000000  14.046589000000  17.748158000000 AA    3.777868658638  26.544206194328  33.539157835508 Bohr   0.0
[INPUT]  3 O      0.849859000000  13.239725000000  19.509454000000 AA    1.606000754497  25.019454214557  36.867524899800 Bohr   0.0
[INPUT]  4 O     -0.191063000000  14.330252000000  17.844156000000 AA   -0.361056742538  27.080251576001  33.720567764014 Bohr   0.0
[INPUT]  5 O      0.075398000000  13.922617000000  14.734947000000 AA    0.142481570340  26.309933067214  27.845014289982 Bohr   0.0
[INPUT]  6 O      1.310036000000  13.048514000000  13.067690000000 AA    2.475609253321  24.658117792553  24.694355180718 Bohr   0.0
[INPUT]  7 O      2.203594000000  14.429009000000  14.574295000000 AA    4.164189149735  27.266875258884  27.541426008618 Bohr   0.0
[INPUT]  8 O     -1.142155000000  16.458779000000  15.996655000000 AA   -2.158360141803  31.102584654743  30.229296859154 Bohr   0.0
[INPUT]  9 O      0.436800000000  17.108053000000  14.609560000000 AA    0.825432371210  32.329534694544  27.608067200401 Bohr   0.0
[INPUT] 10 O      1.479297000000  17.162683000000  17.755992000000 AA    2.795466186891  32.432770432729  33.553961949968 Bohr   0.0
[INPUT] 11 O      3.574079000000  17.921221000000  18.087093000000 AA    6.754030457559  33.866199507804  34.179652159538 Bohr   0.0
[INPUT] 12 O      3.086741000000  16.549131000000  16.376735000000 AA    5.833095107466  31.273325189550  30.947543964579 Bohr   0.0
[INPUT] 13 C      0.893280000000  13.851177000000  18.394684000000 AA    1.688054552551  26.174931032875  34.760914907919 Bohr   0.0
[INPUT] 14 C      1.209619000000  13.783938000000  14.098216000000 AA    2.285848625070  26.047867737985  26.641767084961 Bohr   0.0
[INPUT] 15 C     -0.820004000000  17.160582000000  14.960252000000 AA   -1.549582981048  32.428800118141  28.270779034477 Bohr   0.0
[INPUT] 16 C      2.757666000000  17.225719000000  17.422934000000 AA    5.211233483025  32.551891208717  32.924573546373 Bohr   0.0
[INPUT] 17 O     -1.665533000000  17.832969000000  14.307847000000 AA   -3.147401221425  33.699427397859  27.037912262180 Bohr   0.0

nuclear repulsion = 2660.00686642269
number of shells = 122
number of NR pGTOs = 525
number of NR cGTOs = 264
basis = {'default': '631g', 'Er': 'sarc-dkh'}
ecp = {}
CPU time:         4.63
N_elec (98, 95), N_ao 264
Initial guess from minao.
Use PySCF default init guess
Updated f-block dm with J~(0,0,J)
(3, 264, 264) 264
Haar random target direction [0.5877852522924732, 0.0, -0.8090169943749473]
Haar random total rotation [0.     2.5133 0.    ]
Rotated f-block dm by angles from +z [0.     2.5133 0.    ]
(3, 264, 264) 264
elemental J of ['C' 'Er' 'O']
   C 0.4607+0.0165j 0.0000+0.0000j 0.0000+0.0033j 
  Er 7.7931-0.0007j 0.0000+0.0000j -3.6315-0.0004j 
   O 1.8119-0.0159j 0.0000+0.0000j -0.0000-0.0029j 
J vector of initial guess [10.0658-0.j  0.    -0.j -3.6315+0.j]


******** <class 'pyscf.x2c.x2c.X2C1eGKS'> ********
method = X2C1eGKS
initial guess = minao
damping factor = 0
level_shift factor = 0
DIIS = <class 'pyscf.scf.diis.CDIIS'>
diis_start_cycle = 1
diis_space = 8
diis_damp = 0
SCF conv_tol = 1e-09
SCF conv_tol_grad = None
SCF max_cycles = 3000
direct_scf = True
direct_scf_tol = 1e-13
chkfile to save SCF result = gs_ErCO34.chk
max_memory 80000 MB (current use 229 MB)
XC library pyscf.dft.libxc version 6.1.0
    S. Lehtola, C. Steigemann, M. J.T. Oliveira, and M. A.L. Marques.,  SoftwareX 7, 1–5 (2018)
XC functionals = HF

radial grids: 
    Treutler-Ahlrichs [JCP 102, 346 (1995); DOI:10.1063/1.469408] (M4) radial grids
    
becke partition: Becke, JCP 88, 2547 (1988); DOI:10.1063/1.454033
pruning grids: <function nwchem_prune at 0x7f6416d09e40>
grids dens level: 3
symmetrized grids: False
atomic radii adjust function: <function treutler_atomic_radii_adjust at 0x7f6416d0a480>
small_rho_cutoff = 1e-07
collinear = col


******** <class 'pyscf.x2c.x2c.SpinOrbitalX2CHelper'> ********
approx = 1e
xuncontract = 1
Overwritten attributes  get_hcore  of <class 'pyscf.x2c.x2c.X2C1eGKS'>
Set gradient conv threshold to 3.16228e-05
tot grids = 247904
init E= -14183.7632337722
  HOMO = -0.895155756139876  LUMO = -0.579429428496525
cycle= 1 E= -14189.9230156733  delta_E= -6.16  |g|= 2.64  |ddm|= 3.82
  HOMO = 0.146404832230803  LUMO = 0.267080312954411
cycle= 2 E= -14190.63261879  delta_E= -0.71  |g|=  1.6  |ddm|= 2.65
  HOMO = -0.00257338258347469  LUMO = 0.260519953436106
cycle= 3 E= -14191.1298154519  delta_E= -0.497  |g|= 0.246  |ddm|= 1.08
  HOMO = -0.0138130943650401  LUMO = 0.259834952735681
cycle= 4 E= -14191.1393521272  delta_E= -0.00954  |g|= 0.0555  |ddm|= 0.153
  HOMO = -0.0108615205881881  LUMO = 0.259581834416801
cycle= 5 E= -14191.1409048374  delta_E= -0.00155  |g|= 0.0267  |ddm|= 0.0583
  HOMO = -0.0137891733122831  LUMO = 0.259603909829672
cycle= 6 E= -14191.1418337967  delta_E= -0.000929  |g|= 0.0201  |ddm|= 0.0396
  HOMO = -0.0143189077244977  LUMO = 0.259489295918406
cycle= 7 E= -14191.1426706649  delta_E= -0.000837  |g|= 0.0157  |ddm|= 0.0373
  HOMO = -0.0141320022976483  LUMO = 0.259531087351666
cycle= 8 E= -14191.1435925217  delta_E= -0.000922  |g|= 0.00999  |ddm|= 0.0553
  HOMO = -0.0136633688335891  LUMO = 0.259536361223878
cycle= 9 E= -14191.1439806366  delta_E= -0.000388  |g|= 0.00459  |ddm|= 0.0457
  HOMO = -0.0137706703303605  LUMO = 0.259546036627078
cycle= 10 E= -14191.144052761  delta_E= -7.21e-05  |g|= 0.00202  |ddm|= 0.0209
  HOMO = -0.0141186905675039  LUMO = 0.25954698576823
cycle= 11 E= -14191.1440631517  delta_E= -1.04e-05  |g|= 0.00108  |ddm|= 0.00711
  HOMO = -0.0141604448082192  LUMO = 0.259544246425497
cycle= 12 E= -14191.1440652407  delta_E= -2.09e-06  |g|= 0.000804  |ddm|= 0.00233
  HOMO = -0.0141974220357737  LUMO = 0.259543379171476
cycle= 13 E= -14191.1440664695  delta_E= -1.23e-06  |g|= 0.000635  |ddm|= 0.00162
  HOMO = -0.0142063378774529  LUMO = 0.259544694953354
cycle= 14 E= -14191.1440673191  delta_E= -8.5e-07  |g|= 0.000574  |ddm|= 0.00111
  HOMO = -0.0142073850364669  LUMO = 0.259544807512173
cycle= 15 E= -14191.1440682238  delta_E= -9.05e-07  |g|= 0.00053  |ddm|= 0.0012
  HOMO = -0.0141842594239641  LUMO = 0.259543964382887
cycle= 16 E= -14191.1440695724  delta_E= -1.35e-06  |g|= 0.000471  |ddm|= 0.00196
  HOMO = -0.0141945126756027  LUMO = 0.259545846309611
cycle= 17 E= -14191.1440714073  delta_E= -1.83e-06  |g|= 0.000373  |ddm|= 0.00328
  HOMO = -0.0142060345687332  LUMO = 0.259544707855218
cycle= 18 E= -14191.1440730755  delta_E= -1.67e-06  |g|= 0.000244  |ddm|= 0.00452
  HOMO = -0.014209895737687  LUMO = 0.259544616567675
cycle= 19 E= -14191.1440736113  delta_E= -5.36e-07  |g|= 0.000165  |ddm|= 0.00275
  HOMO = -0.0142085401464368  LUMO = 0.259544507996289
cycle= 20 E= -14191.1440737414  delta_E= -1.3e-07  |g|= 0.000136  |ddm|= 0.00104
  HOMO = -0.0142092615441321  LUMO = 0.259544684213906
cycle= 21 E= -14191.1440738075  delta_E= -6.61e-08  |g|= 0.000118  |ddm|= 0.000546
  HOMO = -0.0142020633155935  LUMO = 0.259544461538958
cycle= 22 E= -14191.1440738586  delta_E= -5.11e-08  |g|= 0.000103  |ddm|= 0.000439
  HOMO = -0.0141983044458602  LUMO = 0.259544691667084
cycle= 23 E= -14191.1440739048  delta_E= -4.62e-08  |g|= 9.18e-05  |ddm|= 0.000394
  HOMO = -0.0141988534320188  LUMO = 0.259544644963665
cycle= 24 E= -14191.1440739417  delta_E= -3.7e-08  |g|= 8.45e-05  |ddm|= 0.000325
  HOMO = -0.0141967376530286  LUMO = 0.259544545303853
cycle= 25 E= -14191.1440739765  delta_E= -3.47e-08  |g|= 7.97e-05  |ddm|= 0.000307
  HOMO = -0.0141986580713528  LUMO = 0.259544701183375
cycle= 26 E= -14191.1440740058  delta_E= -2.93e-08  |g|= 7.65e-05  |ddm|= 0.000281
  HOMO = -0.0141994991902228  LUMO = 0.259544619846116
cycle= 27 E= -14191.1440740423  delta_E= -3.65e-08  |g|= 7.31e-05  |ddm|= 0.000351
  HOMO = -0.0141996797646739  LUMO = 0.25954465527902
cycle= 28 E= -14191.1440740761  delta_E= -3.38e-08  |g|= 7.07e-05  |ddm|= 0.000343
  HOMO = -0.014199799561473  LUMO = 0.25954461957771
cycle= 29 E= -14191.144074132  delta_E= -5.59e-08  |g|= 6.69e-05  |ddm|= 0.000592
  HOMO = -0.0142008892262114  LUMO = 0.259544744924926
cycle= 30 E= -14191.144074217  delta_E= -8.5e-08  |g|= 6.1e-05  |ddm|= 0.001
  HOMO = -0.0141998442934474  LUMO = 0.259544649584328
cycle= 31 E= -14191.1440742978  delta_E= -8.07e-08  |g|= 5.51e-05  |ddm|= 0.00112
  HOMO = -0.0141999438397671  LUMO = 0.259544776050393
cycle= 32 E= -14191.1440743648  delta_E= -6.7e-08  |g|= 4.98e-05  |ddm|= 0.00112
  HOMO = -0.0142004379088858  LUMO = 0.259544800097187
cycle= 33 E= -14191.1440744106  delta_E= -4.58e-08  |g|= 4.52e-05  |ddm|= 0.000914
  HOMO = -0.0141991376457188  LUMO = 0.259544794789688
cycle= 34 E= -14191.1440744411  delta_E= -3.05e-08  |g|= 4.21e-05  |ddm|= 0.000698
  HOMO = -0.0141999255928684  LUMO = 0.259544828774861
cycle= 35 E= -14191.1440744556  delta_E= -1.45e-08  |g|= 4.06e-05  |ddm|= 0.000347
  HOMO = -0.01419968624297  LUMO = 0.259544794098422
cycle= 36 E= -14191.144074468  delta_E= -1.24e-08  |g|= 3.92e-05  |ddm|= 0.000292
  HOMO = -0.0141997933458663  LUMO = 0.259544825260243
cycle= 37 E= -14191.1440744805  delta_E= -1.25e-08  |g|= 3.8e-05  |ddm|= 0.000267
  HOMO = -0.014200074063137  LUMO = 0.259544789968591
cycle= 38 E= -14191.1440744952  delta_E= -1.47e-08  |g|= 3.68e-05  |ddm|= 0.000319
  HOMO = -0.0142005506987902  LUMO = 0.259544844861274
cycle= 39 E= -14191.1440745077  delta_E= -1.25e-08  |g|= 3.6e-05  |ddm|= 0.000265
  HOMO = -0.0142003813049578  LUMO = 0.259544825461123
cycle= 40 E= -14191.1440745167  delta_E= -9.05e-09  |g|= 3.56e-05  |ddm|= 0.0002
  HOMO = -0.0142004460061153  LUMO = 0.259544847141682
cycle= 41 E= -14191.1440745257  delta_E= -8.96e-09  |g|= 3.53e-05  |ddm|= 0.000194
  HOMO = -0.0142004162030027  LUMO = 0.259544845499765
cycle= 42 E= -14191.1440745381  delta_E= -1.24e-08  |g|= 3.5e-05  |ddm|= 0.000265
  HOMO = -0.0141999319912807  LUMO = 0.259544846617717
cycle= 43 E= -14191.144074554  delta_E= -1.59e-08  |g|= 3.46e-05  |ddm|= 0.000341
  HOMO = -0.0142001256480685  LUMO = 0.259544845829945
cycle= 44 E= -14191.1440745665  delta_E= -1.25e-08  |g|= 3.43e-05  |ddm|= 0.000265
  HOMO = -0.0142000102355267  LUMO = 0.259544838346541
cycle= 45 E= -14191.1440745778  delta_E= -1.13e-08  |g|= 3.41e-05  |ddm|= 0.000241
  HOMO = -0.0142001250944304  LUMO = 0.259544865811012
cycle= 46 E= -14191.1440745946  delta_E= -1.68e-08  |g|= 3.38e-05  |ddm|= 0.000354
  HOMO = -0.0142004016421312  LUMO = 0.259544852242361
cycle= 47 E= -14191.1440746165  delta_E= -2.19e-08  |g|= 3.35e-05  |ddm|= 0.000465
  HOMO = -0.0142008256648302  LUMO = 0.259544888971105
cycle= 48 E= -14191.1440746434  delta_E= -2.69e-08  |g|= 3.31e-05  |ddm|= 0.000577
  HOMO = -0.0142008211238462  LUMO = 0.259544872392755
cycle= 49 E= -14191.1440746694  delta_E= -2.6e-08  |g|= 3.27e-05  |ddm|= 0.000565
  HOMO = -0.0142009731160498  LUMO = 0.259544888505747
cycle= 50 E= -14191.1440746977  delta_E= -2.84e-08  |g|= 3.23e-05  |ddm|= 0.000629
  HOMO = -0.01420099405322  LUMO = 0.25954487947942
cycle= 51 E= -14191.1440747452  delta_E= -4.74e-08  |g|= 3.16e-05  |ddm|= 0.00108
  HOMO = -0.0142004821001992  LUMO = 0.259544904971221
cycle= 52 E= -14191.1440748128  delta_E= -6.76e-08  |g|= 3.07e-05  |ddm|= 0.0016
  HOMO = -0.0142008212000078  LUMO = 0.259544916398785
cycle= 53 E= -14191.1440748624  delta_E= -4.96e-08  |g|= 3.01e-05  |ddm|= 0.00123
  HOMO = -0.0142007103745571  LUMO = 0.259544915111881
cycle= 54 E= -14191.1440748994  delta_E= -3.7e-08  |g|= 2.96e-05  |ddm|= 0.00095
  HOMO = -0.0142009717101033  LUMO = 0.259544972636936
cycle= 55 E= -14191.1440749447  delta_E= -4.53e-08  |g|= 2.9e-05  |ddm|= 0.0012
  HOMO = -0.0142014751618005  LUMO = 0.259544955463433
cycle= 56 E= -14191.144074996  delta_E= -5.13e-08  |g|= 2.83e-05  |ddm|= 0.00142
  HOMO = -0.0142020346146177  LUMO = 0.259544996400093
cycle= 57 E= -14191.1440750498  delta_E= -5.38e-08  |g|= 2.75e-05  |ddm|= 0.00156
  HOMO = -0.0142021891996944  LUMO = 0.259544980475915
cycle= 58 E= -14191.1440750999  delta_E= -5.01e-08  |g|= 2.69e-05  |ddm|= 0.00153
  HOMO = -0.0142024352930857  LUMO = 0.259545011228196
cycle= 59 E= -14191.1440751375  delta_E= -3.76e-08  |g|= 2.63e-05  |ddm|= 0.00121
  HOMO = -0.0142024725663991  LUMO = 0.259545012792488
cycle= 60 E= -14191.1440751769  delta_E= -3.94e-08  |g|= 2.57e-05  |ddm|= 0.00132
  HOMO = -0.0142022206783076  LUMO = 0.259545044104992
cycle= 61 E= -14191.1440752125  delta_E= -3.55e-08  |g|= 2.52e-05  |ddm|= 0.00124
  HOMO = -0.0142024950992671  LUMO = 0.259545060474077
cycle= 62 E= -14191.1440752429  delta_E= -3.04e-08  |g|= 2.48e-05  |ddm|= 0.00109
  HOMO = -0.0142023472908066  LUMO = 0.259545059472294
cycle= 63 E= -14191.1440752689  delta_E= -2.6e-08  |g|= 2.43e-05  |ddm|= 0.000957
  HOMO = -0.0142026176342967  LUMO = 0.259545115200877
cycle= 64 E= -14191.1440753038  delta_E= -3.49e-08  |g|= 2.37e-05  |ddm|= 0.00134
  HOMO = -0.01420300574237  LUMO = 0.259545102548974
cycle= 65 E= -14191.1440753379  delta_E= -3.41e-08  |g|= 2.3e-05  |ddm|= 0.00136
  HOMO = -0.0142035642382678  LUMO = 0.259545149726327
cycle= 66 E= -14191.1440753796  delta_E= -4.17e-08  |g|= 2.21e-05  |ddm|= 0.00178
  HOMO = -0.0142039281313827  LUMO = 0.259545158734778
cycle= 67 E= -14191.1440754294  delta_E= -4.97e-08  |g|= 2.11e-05  |ddm|= 0.00233
  HOMO = -0.0142043799180369  LUMO = 0.259545215222555
cycle= 68 E= -14191.1440754635  delta_E= -3.42e-08  |g|= 2.03e-05  |ddm|= 0.00181
  HOMO = -0.014204596679166  LUMO = 0.259545229718048
cycle= 69 E= -14191.1440754956  delta_E= -3.21e-08  |g|= 1.94e-05  |ddm|= 0.0019
  HOMO = -0.0142045300101442  LUMO = 0.259545269773406
cycle= 70 E= -14191.1440755252  delta_E= -2.96e-08  |g|= 1.85e-05  |ddm|= 0.00198
  HOMO = -0.0142050957091153  LUMO = 0.259545308935567
cycle= 71 E= -14191.1440755584  delta_E= -3.32e-08  |g|= 1.73e-05  |ddm|= 0.00266
  HOMO = -0.0142050167880133  LUMO = 0.259545329887699
cycle= 72 E= -14191.1440755835  delta_E= -2.51e-08  |g|= 1.6e-05  |ddm|= 0.00261
  HOMO = -0.0142055843304142  LUMO = 0.259545405714179
cycle= 73 E= -14191.1440756024  delta_E= -1.89e-08  |g|= 1.46e-05  |ddm|= 0.00289
  HOMO = -0.0142059607315131  LUMO = 0.259545404733794
cycle= 74 E= -14191.1440756091  delta_E= -6.76e-09  |g|= 1.34e-05  |ddm|= 0.00159
  HOMO = -0.0142066460260551  LUMO = 0.259545474058249
cycle= 75 E= -14191.1440756142  delta_E= -5.05e-09  |g|= 1.15e-05  |ddm|= 0.00287
  HOMO = -0.0142069248614895  LUMO = 0.259545495505557
cycle= 76 E= -14191.1440756133  delta_E= 9.31e-10  |g|= 1.01e-05  |ddm|= 0.00153
  HOMO = -0.0142069202166783  LUMO = 0.259545494153965
Extra cycle  E= -14191.1440756134  delta_E= -1.49e-10  |g|= 9.75e-06  |ddm|= 1.09e-05
converged SCF energy = -14191.1440756134  <S^2> = 3.7001099  2S+1 = 3.9749767
(3, 264, 264) 264
S vector [ 1.2736+0.j  0.0301+0.j -0.6938-0.j]
(3, 264, 264) 264
L vector [ 5.297 +0.j  0.1249+0.j -2.8834-0.j]
(3, 264, 264) 264
J vector [ 6.5706+0.j  0.1551-0.j -3.5772-0.j]
Tue Apr 15 21:12:07 PDT 2025
