Currently Loaded Modulefiles:
 1) gmp/6.2.1-gcc-13.2.0-lcnhyse <aL>             
 2) mpfr/4.2.0-gcc-13.2.0-yy2fkq5 <aL>            
 3) mpc/1.3.1-gcc-13.2.0-5kgoftq <aL>             
 4) zlib-ng/2.1.3-gcc-13.2.0-jetnfwa <aL>         
 5) zstd/1.5.5-gcc-13.2.0-t2lua3l <aL>            
 6) gcc/13.2.0-gcc-13.2.0-w55nxkl                 
 7) cmake/3.20.2-gcc-13.2.0-rp74vpv               
 8) libfabric/1.18.1-gcc-13.2.0-bijxar4 <aL>      
 9) numactl/2.0.14-gcc-13.2.0-etkf74e <aL>        
10) openssh/8.7p1-gcc-13.2.0-g55xmkx <aL>         
11) slurm/22.05.6-gcc-13.2.0-tchsn6y <aL>         
12) openmpi/4.1.5-gcc-13.2.0-24q3ap2              
13) libpciaccess/0.17-gcc-13.2.0-r2cijnn <aL>     
14) libiconv/1.17-gcc-13.2.0-ntov4te <aL>         
15) xz/5.4.1-gcc-13.2.0-4xkm5xo <aL>              
16) libxml2/2.10.3-gcc-13.2.0-fr6jcjz <aL>        
17) ncurses/6.4-gcc-13.2.0-4o2yj6n <aL>           
18) hwloc/2.9.1-gcc-13.2.0-gzvfolk <aL>           
19) intel-tbb/2021.9.0-gcc-13.2.0-6nwk3ml <aL>    
20) intel-oneapi-mkl/2023.2.0-gcc-13.2.0-ohvyk7g  

Key:
<module-tag>  <aL>=auto-loaded  
/central/groups/changroup/members/lppeng/holmium/run/paper_final/run_ErCO34/conf2/GS/run_24
Tue Apr 15 21:08:08 PDT 2025
hpc-91-10.cm.cluster
--------------------------------------------------------------------------
WARNING: There is at least one non-excluded one OpenFabrics device found,
but there are no active ports detected (or Open MPI was unable to use
them).  This is most certainly not what you wanted.  Check your
cables, subnet manager configuration, etc.  The openib BTL will be
ignored for this job.

  Local host: hpc-91-10
--------------------------------------------------------------------------
Apr 15 21:08:13 ####### 
                ####### libDMET   version 0.5
                ####### A periodic DMET library for lattice model and realistic solid.
                ####### 
#INFO: **** input file is /central/groups/changroup/members/lppeng/holmium/run/paper_final/run_ErCO34/conf2/GS/run_24/ground_state.py ****
'''
Example input to calculate the ground state of a molecular system
Include x2c relativistic effect
'''
import pyscf
from pyscf.scf.hf import RHF
from pyscf.dft.uks import UKS
from pyscf.dft.gks import GKS
from pyscf import lib
import os, sys
import numpy as np
import scipy.linalg as la
from scipy.linalg import sqrtm, eigh
from scipy.optimize import root
np.set_printoptions(precision=12, threshold=sys.maxsize, linewidth=190, suppress=True)
log = lib.logger.Logger(sys.stdout, 4)

if __name__ == "__main__":
    from pyscf import gto, scf, dft, lib
    from pyscf.lib import chkfile
    from stevens import cdft, project, utils
    from stevens.project import get_mj

    # system input
    geometry = 'ErCO34' # The name of geometry file minus ".xyz"
                       # Make sure first atom is the central magnetic atom 
    spin = 3 # number of unpaired electrons in a unit cell
    charge = -5 # charge of the molecule or a unit cell
    basis = {'default': '631g', 'Er': 'sarc-dkh'} # specify basis for all elements here
    max_memory = 80000 # in the unit of MB. Recommend: memory available on a node - 10000 MB
    qmmm = True # add environment with classical charges

    # (c)HF/DFT parameters
    xc = 'HF' # functional
    smearing = None # To help HF/DFT converge, try e.g. 5e-2
    chkfname_guess = 'minao' # initial guess. 'minao' for default PySCF guess; None for constrained HF; 
                # path to a checkpoint file to restart from a SCF solution.
                # 'project' to project from the SCF solution in a small basis to generate the initial guess
    chkfname_small = '../gs_small_%s.chk'%geometry # checkpoint file in a small basis. Used when chkfname_guess == 'project'
    basis_small = {'default': 'minao', 'Er': 'cc-x2c-minao'}# the small basis associated with chkfname_small
    change_dm_mode = 'rotate' # None: no change
                          # 'positive_z': set the 4f block of dm so that J~(0,0,J)
                          # 'rotate': rotate the 4f block of dm by some angles
    atom_index = 0 # the index of central lanthanide atom
    occ_idx = 24
    noise = 0 # max noise on density matrix initial guess

    # constrained HF parameters for the initial guess
    ao_shell = 'f'
    lo_chkfname = '../../UHF/uhf_gs_%s_lo.h5'%geometry  
    multiplier0 = 0.1
    # END USER INPUT

    # set up system
    if os.path.isfile('../../' + geometry + ".xyz"):
        mol = gto.M(
            atom = '../../' + geometry + ".xyz",
            basis = basis,
            verbose = 4,
            spin = spin,
            charge = charge,
            max_memory = max_memory,
            )
        mol.set_common_origin(mol._atom[atom_index][1])
    else:
        raise ValueError("No .xyz file available!")
    log.info("N_elec %s, N_ao %s"%(mol.nelec, mol.nao))

    # generate HF/DFT initial guess
    if chkfname_guess == 'minao':
        mf = scf.GKS(mol).x2c()
        dm0 = mf.get_init_guess()
        print("Use PySCF default init guess")
        dm0 = utils.change_dm_guess(mol, dm0, 'positive_z', atom_index=atom_index, occ_idx=occ_idx) ###
    elif chkfname_guess is None:
        # run constrained DFT
        angles = cdft.sample_rotation('xyz', occ_idx, unit=20)
        from scipy.spatial.transform import Rotation
        direction = Rotation.from_euler('zyz', angles, degrees=False) @ [0,0,1]
        cmf = cdft.CGKS(mol, direction, multiplier_guess=multiplier0, max_cycle=300,
                atom_index=atom_index, ao_shell='f', lo_chkfname=lo_chkfname, xc=xc, smearing=smearing)
        cmf.kernel()
        dm0 = cmf._scf.make_rdm1()
        print("Contrained SCF solution as init guess")
    elif chkfname_guess == 'project':
        # project dm0 in a small basis to the larger basis 
        dm0 = utils.project_dm_from_small_basis(mol, basis_small, chkfname_small, change_dm_mode, atom_index=atom_index, occ_idx=occ_idx)
        print("Project wavefunction in a smaller basis to the target basis as init guess")
    else:
        mf = scf.GKS(mol).x2c()
        data = chkfile.load(chkfname_guess, 'scf')
        mf.__dict__.update(data)
        dm0 = mf.make_rdm1()
        mf.analyze(with_meta_lowdin=False)
        print("Load .chk file for init guess")
    if change_dm_mode is not None and not chkfname_guess == 'project': # when chkfname_guess == 'project', change in small basis
        dm0 = utils.change_dm_guess(mol, dm0, change_dm_mode, atom_index=atom_index, occ_idx=occ_idx)
    dm0 += (np.random.rand(*(dm0.shape)) - 0.5) * noise  
    print("J vector of initial guess", get_mj(mol, dm0, analyze=True))

    # run HF/DFT
    mf = scf.GKS(mol).x2c()
    mf.xc = xc
    if xc.upper() != 'HF':
        mf.collinear = 'mcol'
        mf.grids.level = 6 
    mf.chkfile = 'gs_' + geometry + '.chk' 
    mf.max_cycle = 3000 
    if smearing is not None:
        mf = scf.addons.smearing_(mf, sigma=smearing, method="fermi")
    if qmmm: # add the precomputed potential from environmental classical charges 
        get_hcore_original = mf.get_hcore
        hcore_mm = np.load('../../mm_hcore.npy')
        def get_hcore_mm(self, mol=None):
            return get_hcore_original(mol=mol) + la.block_diag(hcore_mm, hcore_mm)
        import types
        mf.get_hcore = types.MethodType(get_hcore_mm, mf)
    mf.kernel(dm0=dm0)
    dm = mf.make_rdm1()
    print("S vector", get_mj(mol, dm, include_L=False))
    print("L vector", get_mj(mol, dm, include_S=False))
    print("J vector", get_mj(mol, dm))
#INFO: ******************** input file end ********************


System: uname_result(system='Linux', node='hpc-91-10.cm.cluster', release='5.14.0-362.24.1.el9_3.x86_64', version='#1 SMP PREEMPT_DYNAMIC Thu Feb 15 07:18:13 EST 2024', machine='x86_64')  Threads 16
Python 3.11.6 | packaged by conda-forge | (main, Oct  3 2023, 10:40:35) [GCC 12.3.0]
numpy 1.26.0  scipy 1.11.3
Date: Tue Apr 15 21:08:15 2025
PySCF version 2.5.0
PySCF path  /home/lppeng/anaconda3/envs/nerscV25/lib/python3.11/site-packages/pyscf

[CONFIG] conf_file None
[INPUT] verbose = 4
[INPUT] num. atoms = 17
[INPUT] num. electrons = 193
[INPUT] charge = -5
[INPUT] spin (= nelec alpha-beta = 2S) = 3
[INPUT] symmetry False subgroup None
[INPUT] Mole.unit = angstrom
[INPUT] Symbol           X                Y                Z      unit          X                Y                Z       unit  Magmom
[INPUT]  1 Er     0.983621000000  15.502244000000  16.207915000000 AA    1.858774300371  29.294995476182  30.628520400230 Bohr   0.0
[INPUT]  2 O      1.999162000000  14.046589000000  17.748158000000 AA    3.777868658638  26.544206194328  33.539157835508 Bohr   0.0
[INPUT]  3 O      0.849859000000  13.239725000000  19.509454000000 AA    1.606000754497  25.019454214557  36.867524899800 Bohr   0.0
[INPUT]  4 O     -0.191063000000  14.330252000000  17.844156000000 AA   -0.361056742538  27.080251576001  33.720567764014 Bohr   0.0
[INPUT]  5 O      0.075398000000  13.922617000000  14.734947000000 AA    0.142481570340  26.309933067214  27.845014289982 Bohr   0.0
[INPUT]  6 O      1.310036000000  13.048514000000  13.067690000000 AA    2.475609253321  24.658117792553  24.694355180718 Bohr   0.0
[INPUT]  7 O      2.203594000000  14.429009000000  14.574295000000 AA    4.164189149735  27.266875258884  27.541426008618 Bohr   0.0
[INPUT]  8 O     -1.142155000000  16.458779000000  15.996655000000 AA   -2.158360141803  31.102584654743  30.229296859154 Bohr   0.0
[INPUT]  9 O      0.436800000000  17.108053000000  14.609560000000 AA    0.825432371210  32.329534694544  27.608067200401 Bohr   0.0
[INPUT] 10 O      1.479297000000  17.162683000000  17.755992000000 AA    2.795466186891  32.432770432729  33.553961949968 Bohr   0.0
[INPUT] 11 O      3.574079000000  17.921221000000  18.087093000000 AA    6.754030457559  33.866199507804  34.179652159538 Bohr   0.0
[INPUT] 12 O      3.086741000000  16.549131000000  16.376735000000 AA    5.833095107466  31.273325189550  30.947543964579 Bohr   0.0
[INPUT] 13 C      0.893280000000  13.851177000000  18.394684000000 AA    1.688054552551  26.174931032875  34.760914907919 Bohr   0.0
[INPUT] 14 C      1.209619000000  13.783938000000  14.098216000000 AA    2.285848625070  26.047867737985  26.641767084961 Bohr   0.0
[INPUT] 15 C     -0.820004000000  17.160582000000  14.960252000000 AA   -1.549582981048  32.428800118141  28.270779034477 Bohr   0.0
[INPUT] 16 C      2.757666000000  17.225719000000  17.422934000000 AA    5.211233483025  32.551891208717  32.924573546373 Bohr   0.0
[INPUT] 17 O     -1.665533000000  17.832969000000  14.307847000000 AA   -3.147401221425  33.699427397859  27.037912262180 Bohr   0.0

nuclear repulsion = 2660.00686642269
number of shells = 122
number of NR pGTOs = 525
number of NR cGTOs = 264
basis = {'default': '631g', 'Er': 'sarc-dkh'}
ecp = {}
CPU time:         4.75
N_elec (98, 95), N_ao 264
Initial guess from minao.
Use PySCF default init guess
Updated f-block dm with J~(0,0,J)
(3, 264, 264) 264
Haar random target direction [0.9510565162951535, 0.0, 0.30901699437494745]
Haar random total rotation [0.     1.2566 0.    ]
Rotated f-block dm by angles from +z [0.     1.2566 0.    ]
(3, 264, 264) 264
elemental J of ['C' 'Er' 'O']
   C 0.4607+0.0165j 0.0000+0.0000j 0.0000+0.0033j 
  Er 6.7126-0.0007j 0.0000+0.0000j 5.1188-0.0004j 
   O 1.8119-0.0159j 0.0000+0.0000j -0.0000-0.0029j 
J vector of initial guess [8.9852-0.j 0.    -0.j 5.1188+0.j]


******** <class 'pyscf.x2c.x2c.X2C1eGKS'> ********
method = X2C1eGKS
initial guess = minao
damping factor = 0
level_shift factor = 0
DIIS = <class 'pyscf.scf.diis.CDIIS'>
diis_start_cycle = 1
diis_space = 8
diis_damp = 0
SCF conv_tol = 1e-09
SCF conv_tol_grad = None
SCF max_cycles = 3000
direct_scf = True
direct_scf_tol = 1e-13
chkfile to save SCF result = gs_ErCO34.chk
max_memory 80000 MB (current use 232 MB)
XC library pyscf.dft.libxc version 6.1.0
    S. Lehtola, C. Steigemann, M. J.T. Oliveira, and M. A.L. Marques.,  SoftwareX 7, 1–5 (2018)
XC functionals = HF

radial grids: 
    Treutler-Ahlrichs [JCP 102, 346 (1995); DOI:10.1063/1.469408] (M4) radial grids
    
becke partition: Becke, JCP 88, 2547 (1988); DOI:10.1063/1.454033
pruning grids: <function nwchem_prune at 0x7fb4d62b9e40>
grids dens level: 3
symmetrized grids: False
atomic radii adjust function: <function treutler_atomic_radii_adjust at 0x7fb4d62ba480>
small_rho_cutoff = 1e-07
collinear = col


******** <class 'pyscf.x2c.x2c.SpinOrbitalX2CHelper'> ********
approx = 1e
xuncontract = 1
Overwritten attributes  get_hcore  of <class 'pyscf.x2c.x2c.X2C1eGKS'>
Set gradient conv threshold to 3.16228e-05
tot grids = 247904
init E= -14183.7406213099
  HOMO = -0.895068354435826  LUMO = -0.579360875307572
cycle= 1 E= -14189.9223050415  delta_E= -6.18  |g|= 2.65  |ddm|= 3.82
  HOMO = 0.146321069936459  LUMO = 0.267052812112158
cycle= 2 E= -14190.6326417904  delta_E= -0.71  |g|=  1.6  |ddm|= 2.65
  HOMO = -0.00260442016823912  LUMO = 0.260498115847043
cycle= 3 E= -14191.1303154249  delta_E= -0.498  |g|= 0.245  |ddm|= 1.08
  HOMO = -0.0138491040113925  LUMO = 0.259806529250622
cycle= 4 E= -14191.1398164537  delta_E= -0.0095  |g|= 0.0554  |ddm|= 0.153
  HOMO = -0.0108604124193184  LUMO = 0.259553994158769
cycle= 5 E= -14191.141370498  delta_E= -0.00155  |g|= 0.0268  |ddm|= 0.0583
  HOMO = -0.0138038712190842  LUMO = 0.2595755119513
cycle= 6 E= -14191.1423034228  delta_E= -0.000933  |g|= 0.0202  |ddm|= 0.0396
  HOMO = -0.0143039706019665  LUMO = 0.259460755644683
cycle= 7 E= -14191.1431507346  delta_E= -0.000847  |g|= 0.0158  |ddm|= 0.0376
  HOMO = -0.0141562298478742  LUMO = 0.259502559806078
cycle= 8 E= -14191.1440925574  delta_E= -0.000942  |g|= 0.0101  |ddm|= 0.0559
  HOMO = -0.013683282608844  LUMO = 0.259506929691559
cycle= 9 E= -14191.14449355  delta_E= -0.000401  |g|= 0.0047  |ddm|= 0.0466
  HOMO = -0.0137831618843152  LUMO = 0.259515975837848
cycle= 10 E= -14191.1445702353  delta_E= -7.67e-05  |g|= 0.00219  |ddm|= 0.0214
  HOMO = -0.0141245902301364  LUMO = 0.259517045921479
cycle= 11 E= -14191.1445826752  delta_E= -1.24e-05  |g|= 0.00133  |ddm|= 0.00741
  HOMO = -0.0141613782312795  LUMO = 0.259513987211424
cycle= 12 E= -14191.144586  delta_E= -3.32e-06  |g|= 0.00109  |ddm|= 0.00266
  HOMO = -0.0141967139777601  LUMO = 0.259513170570675
cycle= 13 E= -14191.1445884624  delta_E= -2.46e-06  |g|= 0.000946  |ddm|= 0.00205
  HOMO = -0.0142075361183482  LUMO = 0.259514639700393
cycle= 14 E= -14191.1445906633  delta_E= -2.2e-06  |g|= 0.000879  |ddm|= 0.00179
  HOMO = -0.0142097360131161  LUMO = 0.259514802318526
cycle= 15 E= -14191.1445935935  delta_E= -2.93e-06  |g|= 0.000811  |ddm|= 0.00249
  HOMO = -0.0141755277474013  LUMO = 0.259513539639305
cycle= 16 E= -14191.144598301  delta_E= -4.71e-06  |g|= 0.000705  |ddm|= 0.00452
  HOMO = -0.0141957042883987  LUMO = 0.259516462437166
cycle= 17 E= -14191.1446038772  delta_E= -5.58e-06  |g|= 0.000548  |ddm|= 0.00684
  HOMO = -0.0142099330948031  LUMO = 0.259514676316765
cycle= 18 E= -14191.1446078078  delta_E= -3.93e-06  |g|= 0.000403  |ddm|= 0.00718
  HOMO = -0.01421187932734  LUMO = 0.259514557786265
cycle= 19 E= -14191.1446090805  delta_E= -1.27e-06  |g|= 0.000342  |ddm|= 0.00346
  HOMO = -0.0142094466954644  LUMO = 0.259514461576014
cycle= 20 E= -14191.1446096054  delta_E= -5.25e-07  |g|= 0.000321  |ddm|= 0.00148
  HOMO = -0.0142107518660212  LUMO = 0.25951467962129
cycle= 21 E= -14191.1446100474  delta_E= -4.42e-07  |g|= 0.000305  |ddm|= 0.00113
  HOMO = -0.0142008368941203  LUMO = 0.259514386678004
cycle= 22 E= -14191.1446105405  delta_E= -4.93e-07  |g|= 0.000289  |ddm|= 0.00127
  HOMO = -0.0141954742520679  LUMO = 0.259514820450891
cycle= 23 E= -14191.1446111804  delta_E= -6.4e-07  |g|= 0.000273  |ddm|= 0.00168
  HOMO = -0.0141980950705549  LUMO = 0.259514757755462
cycle= 24 E= -14191.1446118668  delta_E= -6.86e-07  |g|= 0.000256  |ddm|= 0.00192
  HOMO = -0.0141929595741588  LUMO = 0.259514496450524
cycle= 25 E= -14191.1446126308  delta_E= -7.64e-07  |g|= 0.00024  |ddm|= 0.00228
  HOMO = -0.0141997286518462  LUMO = 0.259515003185926
cycle= 26 E= -14191.144613294  delta_E= -6.63e-07  |g|= 0.000227  |ddm|= 0.0022
  HOMO = -0.0142028718299008  LUMO = 0.259514739873092
cycle= 27 E= -14191.1446140262  delta_E= -7.32e-07  |g|= 0.000212  |ddm|= 0.00261
  HOMO = -0.0142034223567711  LUMO = 0.259514875114424
cycle= 28 E= -14191.1446145868  delta_E= -5.61e-07  |g|= 0.000202  |ddm|= 0.00221
  HOMO = -0.0142036734340337  LUMO = 0.259514769218001
cycle= 29 E= -14191.1446152857  delta_E= -6.99e-07  |g|= 0.000187  |ddm|= 0.00301
  HOMO = -0.0142065510548873  LUMO = 0.259515073527898
cycle= 30 E= -14191.1446159206  delta_E= -6.35e-07  |g|= 0.000174  |ddm|= 0.0031
  HOMO = -0.0142042074547362  LUMO = 0.259514861386886
cycle= 31 E= -14191.1446162949  delta_E= -3.74e-07  |g|= 0.000167  |ddm|= 0.00201
  HOMO = -0.0142045660078592  LUMO = 0.259515048134157
cycle= 32 E= -14191.1446165555  delta_E= -2.61e-07  |g|= 0.000163  |ddm|= 0.00143
  HOMO = -0.0142055873977245  LUMO = 0.259515059244962
cycle= 33 E= -14191.1446167715  delta_E= -2.16e-07  |g|= 0.00016  |ddm|= 0.0011
  HOMO = -0.0142035396241501  LUMO = 0.259515026660608
cycle= 34 E= -14191.1446169837  delta_E= -2.12e-07  |g|= 0.000157  |ddm|= 0.00103
  HOMO = -0.0142051330866948  LUMO = 0.259515078465656
cycle= 35 E= -14191.144617136  delta_E= -1.52e-07  |g|= 0.000155  |ddm|= 0.000717
  HOMO = -0.0142049131225098  LUMO = 0.259515000755345
cycle= 36 E= -14191.1446173204  delta_E= -1.84e-07  |g|= 0.000153  |ddm|= 0.000858
  HOMO = -0.0142054476772682  LUMO = 0.259515073551032
cycle= 37 E= -14191.1446175467  delta_E= -2.26e-07  |g|= 0.000152  |ddm|= 0.00104
  HOMO = -0.014206176050366  LUMO = 0.259514995860627
cycle= 38 E= -14191.1446177967  delta_E= -2.5e-07  |g|= 0.00015  |ddm|= 0.00117
  HOMO = -0.0142072112615357  LUMO = 0.25951510008835
cycle= 39 E= -14191.1446179971  delta_E= -2e-07  |g|= 0.00015  |ddm|= 0.000934
  HOMO = -0.0142068398265676  LUMO = 0.259515064107949
cycle= 40 E= -14191.1446181361  delta_E= -1.39e-07  |g|= 0.000149  |ddm|= 0.000652
  HOMO = -0.014206999390687  LUMO = 0.259515105164748
cycle= 41 E= -14191.1446182863  delta_E= -1.5e-07  |g|= 0.000149  |ddm|= 0.000702
  HOMO = -0.0142070001501045  LUMO = 0.259515096119702
cycle= 42 E= -14191.1446185449  delta_E= -2.59e-07  |g|= 0.000148  |ddm|= 0.00121
  HOMO = -0.0142058943970263  LUMO = 0.259515103544197
cycle= 43 E= -14191.1446189659  delta_E= -4.21e-07  |g|= 0.000147  |ddm|= 0.00198
  HOMO = -0.0142069630932659  LUMO = 0.25951510400568
cycle= 44 E= -14191.1446194418  delta_E= -4.76e-07  |g|= 0.000146  |ddm|= 0.00226
  HOMO = -0.0142069467907044  LUMO = 0.259515075019004
cycle= 45 E= -14191.1446200093  delta_E= -5.68e-07  |g|= 0.000145  |ddm|= 0.00272
  HOMO = -0.0142084108971606  LUMO = 0.259515227704445
cycle= 46 E= -14191.1446209435  delta_E= -9.34e-07  |g|= 0.000143  |ddm|= 0.00456
  HOMO = -0.0142105669752648  LUMO = 0.259515169296266
cycle= 47 E= -14191.1446220965  delta_E= -1.15e-06  |g|= 0.000141  |ddm|= 0.00577
  HOMO = -0.0142131553826424  LUMO = 0.259515329357777
cycle= 48 E= -14191.1446231908  delta_E= -1.09e-06  |g|= 0.000139  |ddm|= 0.00563
  HOMO = -0.0142136152842996  LUMO = 0.259515281652817
cycle= 49 E= -14191.1446241954  delta_E= -1e-06  |g|= 0.000137  |ddm|= 0.00531
  HOMO = -0.0142151571932735  LUMO = 0.259515366630203
cycle= 50 E= -14191.1446253212  delta_E= -1.13e-06  |g|= 0.000135  |ddm|= 0.00613
  HOMO = -0.0142162322134322  LUMO = 0.259515309606518
cycle= 51 E= -14191.144626893  delta_E= -1.57e-06  |g|= 0.000131  |ddm|= 0.00887
  HOMO = -0.0142164479428267  LUMO = 0.259515493123983
cycle= 52 E= -14191.1446290029  delta_E= -2.11e-06  |g|= 0.000129  |ddm|= 0.0126
  HOMO = -0.0142182941548998  LUMO = 0.259515497934794
cycle= 53 E= -14191.1446299386  delta_E= -9.36e-07  |g|= 0.000124  |ddm|= 0.00588
  HOMO = -0.0142210686347149  LUMO = 0.259515583818013
cycle= 54 E= -14191.1446321248  delta_E= -2.19e-06  |g|= 0.000129  |ddm|= 0.0147
  HOMO = -0.0142221814530806  LUMO = 0.2595157359051
cycle= 55 E= -14191.1446326113  delta_E= -4.87e-07  |g|= 0.000123  |ddm|= 0.00345
  HOMO = -0.0142250655738966  LUMO = 0.259515742193585
cycle= 56 E= -14191.1446336411  delta_E= -1.03e-06  |g|= 0.000121  |ddm|= 0.00761
  HOMO = -0.0142263421260243  LUMO = 0.25951574631211
cycle= 57 E= -14191.1446342718  delta_E= -6.31e-07  |g|= 0.000113  |ddm|= 0.00478
  HOMO = -0.0142275980006976  LUMO = 0.259515822963493
cycle= 58 E= -14191.1446350579  delta_E= -7.86e-07  |g|= 0.000115  |ddm|= 0.00627
  HOMO = -0.0142284149249769  LUMO = 0.259515825222041
cycle= 59 E= -14191.1446356443  delta_E= -5.86e-07  |g|= 0.000109  |ddm|= 0.00465
  HOMO = -0.0142290230382344  LUMO = 0.259515813017542
cycle= 60 E= -14191.1446363678  delta_E= -7.23e-07  |g|= 0.000108  |ddm|= 0.00602
  HOMO = -0.0142288682048139  LUMO = 0.259515959323347
cycle= 61 E= -14191.144636967  delta_E= -5.99e-07  |g|= 0.000104  |ddm|= 0.00479
  HOMO = -0.0142299541709672  LUMO = 0.259515980952882
cycle= 62 E= -14191.1446372566  delta_E= -2.9e-07  |g|= 0.000101  |ddm|= 0.00241
  HOMO = -0.0142301547613376  LUMO = 0.259515928386849
cycle= 63 E= -14191.1446376001  delta_E= -3.43e-07  |g|= 9.88e-05  |ddm|= 0.00278
  HOMO = -0.0142326018835183  LUMO = 0.25951609175307
cycle= 64 E= -14191.1446383159  delta_E= -7.16e-07  |g|= 9.56e-05  |ddm|= 0.00609
  HOMO = -0.0142343309334267  LUMO = 0.25951599210742
cycle= 65 E= -14191.1446388941  delta_E= -5.78e-07  |g|= 9.35e-05  |ddm|= 0.00523
  HOMO = -0.0142354866441384  LUMO = 0.259516051448395
cycle= 66 E= -14191.1446392806  delta_E= -3.86e-07  |g|= 8.96e-05  |ddm|= 0.00347
  HOMO = -0.0142366568186557  LUMO = 0.25951614740053
cycle= 67 E= -14191.1446399485  delta_E= -6.68e-07  |g|= 8.78e-05  |ddm|= 0.00647
  HOMO = -0.0142390707006133  LUMO = 0.25951623259646
cycle= 68 E= -14191.1446411041  delta_E= -1.16e-06  |g|= 8.21e-05  |ddm|= 0.0119
  HOMO = -0.0142390229185811  LUMO = 0.259516210923233
cycle= 69 E= -14191.1446414629  delta_E= -3.59e-07  |g|= 7.74e-05  |ddm|= 0.00384
  HOMO = -0.01423977625568  LUMO = 0.259516308398544
cycle= 70 E= -14191.1446421693  delta_E= -7.06e-07  |g|= 7.45e-05  |ddm|= 0.00812
  HOMO = -0.014240155780664  LUMO = 0.259516308955462
cycle= 71 E= -14191.1446425027  delta_E= -3.33e-07  |g|= 7.01e-05  |ddm|= 0.00403
  HOMO = -0.0142405767713824  LUMO = 0.259516275960711
cycle= 72 E= -14191.1446427961  delta_E= -2.93e-07  |g|= 6.72e-05  |ddm|= 0.00369
  HOMO = -0.0142426110885245  LUMO = 0.259516435743687
cycle= 73 E= -14191.1446432485  delta_E= -4.52e-07  |g|= 6.38e-05  |ddm|= 0.00603
  HOMO = -0.0142431240782709  LUMO = 0.259516360771908
cycle= 74 E= -14191.144643431  delta_E= -1.83e-07  |g|= 6.08e-05  |ddm|= 0.00256
  HOMO = -0.0142439468791937  LUMO = 0.25951640352616
cycle= 75 E= -14191.1446435788  delta_E= -1.48e-07  |g|= 5.9e-05  |ddm|= 0.00212
  HOMO = -0.0142441019972595  LUMO = 0.259516393128998
cycle= 76 E= -14191.144643713  delta_E= -1.34e-07  |g|= 5.74e-05  |ddm|= 0.00194
  HOMO = -0.0142446647501776  LUMO = 0.259516438967765
cycle= 77 E= -14191.1446438291  delta_E= -1.16e-07  |g|= 5.59e-05  |ddm|= 0.00171
  HOMO = -0.0142446064228549  LUMO = 0.259516395573712
cycle= 78 E= -14191.1446439352  delta_E= -1.06e-07  |g|= 5.5e-05  |ddm|= 0.00159
  HOMO = -0.0142446667694224  LUMO = 0.259516434568521
cycle= 79 E= -14191.1446440384  delta_E= -1.03e-07  |g|= 5.39e-05  |ddm|= 0.00154
  HOMO = -0.0142451306260845  LUMO = 0.259516423027184
cycle= 80 E= -14191.1446441924  delta_E= -1.54e-07  |g|= 5.24e-05  |ddm|= 0.00234
  HOMO = -0.0142447694438801  LUMO = 0.259516413694949
cycle= 81 E= -14191.1446443679  delta_E= -1.75e-07  |g|= 5.08e-05  |ddm|= 0.00272
  HOMO = -0.0142460479195614  LUMO = 0.259516494991593
cycle= 82 E= -14191.1446445499  delta_E= -1.82e-07  |g|= 4.92e-05  |ddm|= 0.00291
  HOMO = -0.0142463188151523  LUMO = 0.259516454547809
cycle= 83 E= -14191.1446446474  delta_E= -9.75e-08  |g|= 4.81e-05  |ddm|= 0.00158
  HOMO = -0.0142468076748041  LUMO = 0.259516508502788
cycle= 84 E= -14191.1446447561  delta_E= -1.09e-07  |g|= 4.71e-05  |ddm|= 0.00181
  HOMO = -0.0142476721688287  LUMO = 0.259516475567021
cycle= 85 E= -14191.1446449254  delta_E= -1.69e-07  |g|= 4.52e-05  |ddm|= 0.00287
  HOMO = -0.0142482863971967  LUMO = 0.259516509681861
cycle= 86 E= -14191.1446450364  delta_E= -1.11e-07  |g|= 4.4e-05  |ddm|= 0.00195
  HOMO = -0.0142485395149198  LUMO = 0.259516486228584
cycle= 87 E= -14191.144645159  delta_E= -1.23e-07  |g|= 4.28e-05  |ddm|= 0.00221
  HOMO = -0.014248707932049  LUMO = 0.259516550395281
cycle= 88 E= -14191.1446452674  delta_E= -1.08e-07  |g|= 4.15e-05  |ddm|= 0.00201
  HOMO = -0.0142492453840577  LUMO = 0.259516524711421
cycle= 89 E= -14191.1446454252  delta_E= -1.58e-07  |g|= 3.99e-05  |ddm|= 0.00304
  HOMO = -0.0142491586344887  LUMO = 0.259516543895672
cycle= 90 E= -14191.1446455877  delta_E= -1.62e-07  |g|= 3.83e-05  |ddm|= 0.00328
  HOMO = -0.0142498716348088  LUMO = 0.259516586112372
cycle= 91 E= -14191.1446456807  delta_E= -9.3e-08  |g|= 3.74e-05  |ddm|= 0.00196
  HOMO = -0.0142501301901539  LUMO = 0.259516557337773
cycle= 92 E= -14191.144645748  delta_E= -6.73e-08  |g|= 3.67e-05  |ddm|= 0.00144
  HOMO = -0.014250551545142  LUMO = 0.259516606308862
cycle= 93 E= -14191.1446458167  delta_E= -6.88e-08  |g|= 3.61e-05  |ddm|= 0.00151
  HOMO = -0.0142511039683167  LUMO = 0.259516578973216
cycle= 94 E= -14191.1446458954  delta_E= -7.86e-08  |g|= 3.49e-05  |ddm|= 0.00173
  HOMO = -0.0142515217056958  LUMO = 0.259516622586912
cycle= 95 E= -14191.1446459702  delta_E= -7.49e-08  |g|= 3.4e-05  |ddm|= 0.00171
  HOMO = -0.0142518070048195  LUMO = 0.259516611077835
cycle= 96 E= -14191.1446460498  delta_E= -7.96e-08  |g|= 3.29e-05  |ddm|= 0.00185
  HOMO = -0.0142518594143555  LUMO = 0.25951665144504
cycle= 97 E= -14191.1446460958  delta_E= -4.6e-08  |g|= 3.24e-05  |ddm|= 0.00109
  HOMO = -0.0142520292259082  LUMO = 0.259516635063941
cycle= 98 E= -14191.1446461346  delta_E= -3.88e-08  |g|= 3.18e-05  |ddm|= 0.000923
  HOMO = -0.014251921820242  LUMO = 0.259516643126515
cycle= 99 E= -14191.1446461635  delta_E= -2.89e-08  |g|= 3.13e-05  |ddm|= 0.000688
  HOMO = -0.0142523277030813  LUMO = 0.259516663781341
cycle= 100 E= -14191.144646198  delta_E= -3.45e-08  |g|= 3.08e-05  |ddm|= 0.000831
  HOMO = -0.0142524641093834  LUMO = 0.259516646253156
cycle= 101 E= -14191.1446462459  delta_E= -4.78e-08  |g|= 2.99e-05  |ddm|= 0.00116
  HOMO = -0.0142527659121916  LUMO = 0.259516681320418
cycle= 102 E= -14191.1446462816  delta_E= -3.57e-08  |g|= 2.93e-05  |ddm|= 0.000888
  HOMO = -0.0142530900957506  LUMO = 0.259516661659917
cycle= 103 E= -14191.1446463274  delta_E= -4.58e-08  |g|= 2.85e-05  |ddm|= 0.00116
  HOMO = -0.0142534458670923  LUMO = 0.259516701979536
cycle= 104 E= -14191.1446464067  delta_E= -7.93e-08  |g|= 2.74e-05  |ddm|= 0.0021
  HOMO = -0.0142536542288795  LUMO = 0.25951670040611
cycle= 105 E= -14191.1446464401  delta_E= -3.34e-08  |g|= 2.69e-05  |ddm|= 0.000909
  HOMO = -0.0142536309733808  LUMO = 0.259516714099613
cycle= 106 E= -14191.1446464773  delta_E= -3.72e-08  |g|= 2.65e-05  |ddm|= 0.00103
  HOMO = -0.0142539476463158  LUMO = 0.259516714350135
cycle= 107 E= -14191.1446465165  delta_E= -3.92e-08  |g|= 2.6e-05  |ddm|= 0.00111
  HOMO = -0.0142540367272639  LUMO = 0.259516720715952
cycle= 108 E= -14191.1446465522  delta_E= -3.56e-08  |g|= 2.56e-05  |ddm|= 0.00102
  HOMO = -0.0142546240430505  LUMO = 0.25951673744223
cycle= 109 E= -14191.1446466184  delta_E= -6.62e-08  |g|= 2.49e-05  |ddm|= 0.00195
  HOMO = -0.0142547656431379  LUMO = 0.259516736109843
cycle= 110 E= -14191.1446466695  delta_E= -5.11e-08  |g|= 2.43e-05  |ddm|= 0.00155
  HOMO = -0.014255068150502  LUMO = 0.259516763955591
cycle= 111 E= -14191.144646707  delta_E= -3.75e-08  |g|= 2.4e-05  |ddm|= 0.00117
  HOMO = -0.0142553172102211  LUMO = 0.259516750267641
cycle= 112 E= -14191.1446467462  delta_E= -3.92e-08  |g|= 2.36e-05  |ddm|= 0.00125
  HOMO = -0.0142553603648519  LUMO = 0.259516768957067
cycle= 113 E= -14191.144646777  delta_E= -3.09e-08  |g|= 2.33e-05  |ddm|= 0.000998
  HOMO = -0.0142555733832461  LUMO = 0.259516766326262
cycle= 114 E= -14191.1446468069  delta_E= -2.99e-08  |g|= 2.3e-05  |ddm|= 0.000985
  HOMO = -0.0142557459570332  LUMO = 0.259516787707734
cycle= 115 E= -14191.1446468421  delta_E= -3.52e-08  |g|= 2.27e-05  |ddm|= 0.00117
  HOMO = -0.0142560555299419  LUMO = 0.259516776063357
cycle= 116 E= -14191.1446468735  delta_E= -3.14e-08  |g|= 2.25e-05  |ddm|= 0.00107
  HOMO = -0.0142563774490327  LUMO = 0.259516792689647
cycle= 117 E= -14191.1446469271  delta_E= -5.36e-08  |g|= 2.21e-05  |ddm|= 0.00188
  HOMO = -0.0142570082727156  LUMO = 0.259516816245226
cycle= 118 E= -14191.1446469914  delta_E= -6.43e-08  |g|= 2.15e-05  |ddm|= 0.00234
  HOMO = -0.0142572388836019  LUMO = 0.259516809699904
cycle= 119 E= -14191.1446470576  delta_E= -6.63e-08  |g|= 2.11e-05  |ddm|= 0.00254
  HOMO = -0.0142577632127021  LUMO = 0.259516849487853
cycle= 120 E= -14191.1446471329  delta_E= -7.53e-08  |g|= 2.04e-05  |ddm|= 0.00306
  HOMO = -0.0142582689856767  LUMO = 0.259516837849966
cycle= 121 E= -14191.1446472115  delta_E= -7.86e-08  |g|= 1.98e-05  |ddm|= 0.00343
  HOMO = -0.0142585736598405  LUMO = 0.259516883965202
cycle= 122 E= -14191.1446472824  delta_E= -7.09e-08  |g|= 1.91e-05  |ddm|= 0.00336
  HOMO = -0.0142592968013026  LUMO = 0.25951689061283
cycle= 123 E= -14191.1446473562  delta_E= -7.38e-08  |g|= 1.83e-05  |ddm|= 0.00383
  HOMO = -0.0142601027897951  LUMO = 0.259516936977604
cycle= 124 E= -14191.1446474335  delta_E= -7.73e-08  |g|= 1.76e-05  |ddm|= 0.00452
  HOMO = -0.0142606936761976  LUMO = 0.259516936651536
cycle= 125 E= -14191.1446474676  delta_E= -3.4e-08  |g|= 1.69e-05  |ddm|= 0.00221
  HOMO = -0.0142613952985044  LUMO = 0.259516957397774
cycle= 126 E= -14191.1446475196  delta_E= -5.21e-08  |g|= 1.66e-05  |ddm|= 0.00376
  HOMO = -0.0142619465826729  LUMO = 0.259516980626938
cycle= 127 E= -14191.1446475458  delta_E= -2.62e-08  |g|= 1.55e-05  |ddm|= 0.0021
  HOMO = -0.0142626133332538  LUMO = 0.2595169877382
cycle= 128 E= -14191.1446475918  delta_E= -4.6e-08  |g|= 1.63e-05  |ddm|= 0.00427
  HOMO = -0.0142628330003215  LUMO = 0.259517008939687
cycle= 129 E= -14191.144647615  delta_E= -2.32e-08  |g|= 1.61e-05  |ddm|= 0.00255
  HOMO = -0.0142630935418452  LUMO = 0.259517017857573
cycle= 130 E= -14191.1446476288  delta_E= -1.38e-08  |g|= 1.46e-05  |ddm|= 0.00167
  HOMO = -0.0142633787035289  LUMO = 0.25951703795055
cycle= 131 E= -14191.1446476436  delta_E= -1.48e-08  |g|= 1.33e-05  |ddm|= 0.00196
  HOMO = -0.0142634873852525  LUMO = 0.259517045197018
cycle= 132 E= -14191.144647653  delta_E= -9.36e-09  |g|= 1.28e-05  |ddm|= 0.00136
  HOMO = -0.0142639473588424  LUMO = 0.259517052559186
cycle= 133 E= -14191.1446476644  delta_E= -1.14e-08  |g|= 1.25e-05  |ddm|= 0.00181
  HOMO = -0.0142640228349543  LUMO = 0.259517063341273
cycle= 134 E= -14191.1446476692  delta_E= -4.79e-09  |g|= 1.18e-05  |ddm|= 0.00072
  HOMO = -0.0142643516615042  LUMO = 0.259517064690671
cycle= 135 E= -14191.1446476719  delta_E= -2.78e-09  |g|= 1.12e-05  |ddm|= 0.000278
  HOMO = -0.0142642858277387  LUMO = 0.259517056923792
cycle= 136 E= -14191.1446476719  delta_E= -1.46e-11  |g|= 1.05e-05  |ddm|= 0.000305
  HOMO = -0.0142642734887724  LUMO = 0.259517066131254
Extra cycle  E= -14191.1446476721  delta_E= -1.67e-10  |g|= 1.03e-05  |ddm|= 1.15e-05
converged SCF energy = -14191.1446476721  <S^2> = 3.6975169  2S+1 = 3.9736718
(3, 264, 264) 264
S vector [0.939 -0.j 0.0378+0.j 1.1037+0.j]
(3, 264, 264) 264
L vector [3.9081+0.j 0.1571+0.j 4.5908-0.j]
(3, 264, 264) 264
J vector [4.8471+0.j 0.1949+0.j 5.6945+0.j]
Tue Apr 15 21:14:29 PDT 2025
