Currently Loaded Modulefiles:
 1) gmp/6.2.1-gcc-13.2.0-lcnhyse <aL>             
 2) mpfr/4.2.0-gcc-13.2.0-yy2fkq5 <aL>            
 3) mpc/1.3.1-gcc-13.2.0-5kgoftq <aL>             
 4) zlib-ng/2.1.3-gcc-13.2.0-jetnfwa <aL>         
 5) zstd/1.5.5-gcc-13.2.0-t2lua3l <aL>            
 6) gcc/13.2.0-gcc-13.2.0-w55nxkl                 
 7) cmake/3.20.2-gcc-13.2.0-rp74vpv               
 8) libfabric/1.18.1-gcc-13.2.0-bijxar4 <aL>      
 9) numactl/2.0.14-gcc-13.2.0-etkf74e <aL>        
10) openssh/8.7p1-gcc-13.2.0-g55xmkx <aL>         
11) slurm/22.05.6-gcc-13.2.0-tchsn6y <aL>         
12) openmpi/4.1.5-gcc-13.2.0-24q3ap2              
13) libpciaccess/0.17-gcc-13.2.0-r2cijnn <aL>     
14) libiconv/1.17-gcc-13.2.0-ntov4te <aL>         
15) xz/5.4.1-gcc-13.2.0-4xkm5xo <aL>              
16) libxml2/2.10.3-gcc-13.2.0-fr6jcjz <aL>        
17) ncurses/6.4-gcc-13.2.0-4o2yj6n <aL>           
18) hwloc/2.9.1-gcc-13.2.0-gzvfolk <aL>           
19) intel-tbb/2021.9.0-gcc-13.2.0-6nwk3ml <aL>    
20) intel-oneapi-mkl/2023.2.0-gcc-13.2.0-ohvyk7g  

Key:
<module-tag>  <aL>=auto-loaded  
/central/groups/changroup/members/lppeng/holmium/run/paper_final/run_Dy/conf7/GS/run_15
Tue Apr 15 10:54:09 PDT 2025
hpc-81-37.cm.cluster
--------------------------------------------------------------------------
WARNING: There was an error initializing an OpenFabrics device.

  Local host:   hpc-81-37
  Local device: mlx5_0
--------------------------------------------------------------------------
Apr 15 10:54:12 ####### 
                ####### libDMET   version 0.5
                ####### A periodic DMET library for lattice model and realistic solid.
                ####### 
#INFO: **** input file is /central/groups/changroup/members/lppeng/holmium/run/paper_final/run_Dy/conf7/GS/run_15/ground_state.py ****
'''
Example input to calculate the ground state of a molecular system
Include x2c relativistic effect
'''
import pyscf
from pyscf.scf.hf import RHF
from pyscf.dft.uks import UKS
from pyscf.dft.gks import GKS
from pyscf import lib
import os, sys
import numpy as np
import scipy.linalg as la
from scipy.linalg import sqrtm, eigh
from scipy.optimize import root
np.set_printoptions(precision=12, threshold=sys.maxsize, linewidth=190, suppress=True)
log = lib.logger.Logger(sys.stdout, 4)

if __name__ == "__main__":
    from pyscf import gto, scf, dft, lib
    from pyscf.lib import chkfile
    from stevens import cdft, project, utils
    from stevens.project import get_mj

    # system input
    geometry = 'DyCl6' # The name of geometry file minus ".xyz"
                       # Make sure first atom is the central magnetic atom 
    spin = 5 # number of unpaired electrons in a unit cell
    charge = -3 # charge of the molecule or a unit cell
    basis = {'default': '631g', 'Dy': 'sarc-dkh'} # specify basis for all elements here
    max_memory = 32000 # in the unit of MB. Recommend: memory available on a node - 10000 MB
    qmmm = True # add environment with classical charges

    # (c)HF/DFT parameters
    xc = 'HF' # functional
    smearing = None # To help HF/DFT converge, try e.g. 5e-2
    chkfname_guess = 'project' # initial guess. 'minao' for default PySCF guess; None for constrained HF; 
                # path to a checkpoint file to restart from a SCF solution.
                # 'project' to project from the SCF solution in a small basis to generate the initial guess
    chkfname_small = '../gs_small_%s.chk'%geometry # checkpoint file in a small basis. Used when chkfname_guess == 'project'
    basis_small = {'default': 'minao', 'Dy': 'cc-x2c-minao'}# the small basis associated with chkfname_small
    change_dm_mode = 'rotate' # None: no change
                          # 'positive_z': set the 4f block of dm so that J~(0,0,J)
                          # 'rotate': rotate the 4f block of dm by some angles
    atom_index = 0 # the index of central lanthanide atom
    occ_idx = 15
    noise = 0 # max noise on density matrix initial guess

    # constrained HF parameters for the initial guess
    ao_shell = 'f'
    lo_chkfname = '../../UHF/uhf_gs_%s_lo.h5'%geometry  
    multiplier0 = 0.1
    # END USER INPUT

    # set up system
    if os.path.isfile('../../' + geometry + ".xyz"):
        mol = gto.M(
            atom = '../../' + geometry + ".xyz",
            basis = basis,
            verbose = 4,
            spin = spin,
            charge = charge,
            max_memory = max_memory,
            )
        mol.set_common_origin(mol._atom[atom_index][1])
    else:
        raise ValueError("No .xyz file available!")
    log.info("N_elec %s, N_ao %s"%(mol.nelec, mol.nao))

    # generate HF/DFT initial guess
    if chkfname_guess == 'minao':
        mf = scf.GKS(mol).x2c()
        dm0 = mf.get_init_guess()
        print("Use PySCF default init guess")
    elif chkfname_guess is None:
        # run constrained DFT
        angles = cdft.sample_rotation('xyz', occ_idx, unit=20)
        from scipy.spatial.transform import Rotation
        direction = Rotation.from_euler('zyz', angles, degrees=False) @ [0,0,1]
        cmf = cdft.CGKS(mol, direction, multiplier_guess=multiplier0, max_cycle=300,
                atom_index=atom_index, ao_shell='f', lo_chkfname=lo_chkfname, xc=xc, smearing=smearing)
        cmf.kernel()
        dm0 = cmf._scf.make_rdm1()
        print("Contrained SCF solution as init guess")
    elif chkfname_guess == 'project':
        # project dm0 in a small basis to the larger basis 
        dm0 = utils.project_dm_from_small_basis(mol, basis_small, chkfname_small, change_dm_mode, atom_index=atom_index, occ_idx=occ_idx)
        print("Project wavefunction in a smaller basis to the target basis as init guess")
    else:
        mf = scf.GKS(mol).x2c()
        data = chkfile.load(chkfname_guess, 'scf')
        mf.__dict__.update(data)
        dm0 = mf.make_rdm1()
        mf.analyze(with_meta_lowdin=False)
        print("Load .chk file for init guess")
    if change_dm_mode is not None and not chkfname_guess == 'project': # when chkfname_guess == 'project', change in small basis
        dm0 = utils.change_dm_guess(mol, dm0, change_dm_mode, atom_index=atom_index, occ_idx=occ_idx)
    dm0 += (np.random.rand(*(dm0.shape)) - 0.5) * noise  
    print("J vector of initial guess", get_mj(mol, dm0, analyze=True))

    # run HF/DFT
    mf = scf.GKS(mol).x2c()
    mf.xc = xc
    if xc.upper() != 'HF':
        mf.collinear = 'mcol'
        mf.grids.level = 6 
    mf.chkfile = 'gs_' + geometry + '.chk' 
    mf.max_cycle = 1000 
    if smearing is not None:
        mf = scf.addons.smearing_(mf, sigma=smearing, method="fermi")
    if qmmm: # add the precomputed potential from environmental classical charges 
        get_hcore_original = mf.get_hcore
        hcore_mm = np.load('../../mm_hcore.npy')
        def get_hcore_mm(self, mol=None):
            return get_hcore_original(mol=mol) + la.block_diag(hcore_mm, hcore_mm)
        import types
        mf.get_hcore = types.MethodType(get_hcore_mm, mf)
    mf.kernel(dm0=dm0)
    dm = mf.make_rdm1()
    print("S vector", get_mj(mol, dm, include_L=False))
    print("L vector", get_mj(mol, dm, include_S=False))
    print("J vector", get_mj(mol, dm))
#INFO: ******************** input file end ********************


System: uname_result(system='Linux', node='hpc-81-37.cm.cluster', release='5.14.0-427.13.1.el9_4.x86_64', version='#1 SMP PREEMPT_DYNAMIC Wed Apr 10 10:29:16 EDT 2024', machine='x86_64')  Threads 8
Python 3.11.6 | packaged by conda-forge | (main, Oct  3 2023, 10:40:35) [GCC 12.3.0]
numpy 1.26.0  scipy 1.11.3
Date: Tue Apr 15 10:54:14 2025
PySCF version 2.5.0
PySCF path  /home/lppeng/anaconda3/envs/nerscV25/lib/python3.11/site-packages/pyscf

[CONFIG] conf_file None
[INPUT] verbose = 4
[INPUT] num. atoms = 7
[INPUT] num. electrons = 171
[INPUT] charge = -3
[INPUT] spin (= nelec alpha-beta = 2S) = 5
[INPUT] symmetry False subgroup None
[INPUT] Mole.unit = angstrom
[INPUT] Symbol           X                Y                Z      unit          X                Y                Z       unit  Magmom
[INPUT]  1 Dy     0.000000000000   0.000000000000   0.000000000000 AA    0.000000000000   0.000000000000   0.000000000000 Bohr   0.0
[INPUT]  2 Cl     2.724000000000   0.000000000000   0.000000000000 AA    5.147613963315   0.000000000000   0.000000000000 Bohr   0.0
[INPUT]  3 Cl    -2.724000000000   0.000000000000   0.000000000000 AA   -5.147613963315   0.000000000000   0.000000000000 Bohr   0.0
[INPUT]  4 Cl     0.000000000000   2.724000000000   0.000000000000 AA    0.000000000000   5.147613963315   0.000000000000 Bohr   0.0
[INPUT]  5 Cl     0.000000000000  -2.724000000000   0.000000000000 AA    0.000000000000  -5.147613963315   0.000000000000 Bohr   0.0
[INPUT]  6 Cl     0.000000000000   0.000000000000   2.724000000000 AA    0.000000000000   0.000000000000   5.147613963315 Bohr   0.0
[INPUT]  7 Cl     0.000000000000   0.000000000000  -2.724000000000 AA    0.000000000000   0.000000000000  -5.147613963315 Bohr   0.0

nuclear repulsion = 1868.38919656687
number of shells = 84
number of NR pGTOs = 449
number of NR cGTOs = 198
basis = {'default': '631g', 'Dy': 'sarc-dkh'}
ecp = {}
CPU time:         3.13
N_elec (88, 83), N_ao 198
#INFO: **** input file is /central/groups/changroup/members/lppeng/holmium/run/paper_final/run_Dy/conf7/GS/run_15/ground_state.py ****
'''
Example input to calculate the ground state of a molecular system
Include x2c relativistic effect
'''
import pyscf
from pyscf.scf.hf import RHF
from pyscf.dft.uks import UKS
from pyscf.dft.gks import GKS
from pyscf import lib
import os, sys
import numpy as np
import scipy.linalg as la
from scipy.linalg import sqrtm, eigh
from scipy.optimize import root
np.set_printoptions(precision=12, threshold=sys.maxsize, linewidth=190, suppress=True)
log = lib.logger.Logger(sys.stdout, 4)

if __name__ == "__main__":
    from pyscf import gto, scf, dft, lib
    from pyscf.lib import chkfile
    from stevens import cdft, project, utils
    from stevens.project import get_mj

    # system input
    geometry = 'DyCl6' # The name of geometry file minus ".xyz"
                       # Make sure first atom is the central magnetic atom 
    spin = 5 # number of unpaired electrons in a unit cell
    charge = -3 # charge of the molecule or a unit cell
    basis = {'default': '631g', 'Dy': 'sarc-dkh'} # specify basis for all elements here
    max_memory = 32000 # in the unit of MB. Recommend: memory available on a node - 10000 MB
    qmmm = True # add environment with classical charges

    # (c)HF/DFT parameters
    xc = 'HF' # functional
    smearing = None # To help HF/DFT converge, try e.g. 5e-2
    chkfname_guess = 'project' # initial guess. 'minao' for default PySCF guess; None for constrained HF; 
                # path to a checkpoint file to restart from a SCF solution.
                # 'project' to project from the SCF solution in a small basis to generate the initial guess
    chkfname_small = '../gs_small_%s.chk'%geometry # checkpoint file in a small basis. Used when chkfname_guess == 'project'
    basis_small = {'default': 'minao', 'Dy': 'cc-x2c-minao'}# the small basis associated with chkfname_small
    change_dm_mode = 'rotate' # None: no change
                          # 'positive_z': set the 4f block of dm so that J~(0,0,J)
                          # 'rotate': rotate the 4f block of dm by some angles
    atom_index = 0 # the index of central lanthanide atom
    occ_idx = 15
    noise = 0 # max noise on density matrix initial guess

    # constrained HF parameters for the initial guess
    ao_shell = 'f'
    lo_chkfname = '../../UHF/uhf_gs_%s_lo.h5'%geometry  
    multiplier0 = 0.1
    # END USER INPUT

    # set up system
    if os.path.isfile('../../' + geometry + ".xyz"):
        mol = gto.M(
            atom = '../../' + geometry + ".xyz",
            basis = basis,
            verbose = 4,
            spin = spin,
            charge = charge,
            max_memory = max_memory,
            )
        mol.set_common_origin(mol._atom[atom_index][1])
    else:
        raise ValueError("No .xyz file available!")
    log.info("N_elec %s, N_ao %s"%(mol.nelec, mol.nao))

    # generate HF/DFT initial guess
    if chkfname_guess == 'minao':
        mf = scf.GKS(mol).x2c()
        dm0 = mf.get_init_guess()
        print("Use PySCF default init guess")
    elif chkfname_guess is None:
        # run constrained DFT
        angles = cdft.sample_rotation('xyz', occ_idx, unit=20)
        from scipy.spatial.transform import Rotation
        direction = Rotation.from_euler('zyz', angles, degrees=False) @ [0,0,1]
        cmf = cdft.CGKS(mol, direction, multiplier_guess=multiplier0, max_cycle=300,
                atom_index=atom_index, ao_shell='f', lo_chkfname=lo_chkfname, xc=xc, smearing=smearing)
        cmf.kernel()
        dm0 = cmf._scf.make_rdm1()
        print("Contrained SCF solution as init guess")
    elif chkfname_guess == 'project':
        # project dm0 in a small basis to the larger basis 
        dm0 = utils.project_dm_from_small_basis(mol, basis_small, chkfname_small, change_dm_mode, atom_index=atom_index, occ_idx=occ_idx)
        print("Project wavefunction in a smaller basis to the target basis as init guess")
    else:
        mf = scf.GKS(mol).x2c()
        data = chkfile.load(chkfname_guess, 'scf')
        mf.__dict__.update(data)
        dm0 = mf.make_rdm1()
        mf.analyze(with_meta_lowdin=False)
        print("Load .chk file for init guess")
    if change_dm_mode is not None and not chkfname_guess == 'project': # when chkfname_guess == 'project', change in small basis
        dm0 = utils.change_dm_guess(mol, dm0, change_dm_mode, atom_index=atom_index, occ_idx=occ_idx)
    dm0 += (np.random.rand(*(dm0.shape)) - 0.5) * noise  
    print("J vector of initial guess", get_mj(mol, dm0, analyze=True))

    # run HF/DFT
    mf = scf.GKS(mol).x2c()
    mf.xc = xc
    if xc.upper() != 'HF':
        mf.collinear = 'mcol'
        mf.grids.level = 6 
    mf.chkfile = 'gs_' + geometry + '.chk' 
    mf.max_cycle = 1000 
    if smearing is not None:
        mf = scf.addons.smearing_(mf, sigma=smearing, method="fermi")
    if qmmm: # add the precomputed potential from environmental classical charges 
        get_hcore_original = mf.get_hcore
        hcore_mm = np.load('../../mm_hcore.npy')
        def get_hcore_mm(self, mol=None):
            return get_hcore_original(mol=mol) + la.block_diag(hcore_mm, hcore_mm)
        import types
        mf.get_hcore = types.MethodType(get_hcore_mm, mf)
    mf.kernel(dm0=dm0)
    dm = mf.make_rdm1()
    print("S vector", get_mj(mol, dm, include_L=False))
    print("L vector", get_mj(mol, dm, include_S=False))
    print("J vector", get_mj(mol, dm))
#INFO: ******************** input file end ********************


System: uname_result(system='Linux', node='hpc-81-37.cm.cluster', release='5.14.0-427.13.1.el9_4.x86_64', version='#1 SMP PREEMPT_DYNAMIC Wed Apr 10 10:29:16 EDT 2024', machine='x86_64')  Threads 8
Python 3.11.6 | packaged by conda-forge | (main, Oct  3 2023, 10:40:35) [GCC 12.3.0]
numpy 1.26.0  scipy 1.11.3
Date: Tue Apr 15 10:54:14 2025
PySCF version 2.5.0
PySCF path  /home/lppeng/anaconda3/envs/nerscV25/lib/python3.11/site-packages/pyscf

[CONFIG] conf_file None
[INPUT] verbose = 4
[INPUT] num. atoms = 7
[INPUT] num. electrons = 171
[INPUT] charge = -3
[INPUT] spin (= nelec alpha-beta = 2S) = 5
[INPUT] symmetry False subgroup None
[INPUT] Mole.unit = angstrom
[INPUT] Symbol           X                Y                Z      unit          X                Y                Z       unit  Magmom
[INPUT]  1 Dy     0.000000000000   0.000000000000   0.000000000000 AA    0.000000000000   0.000000000000   0.000000000000 Bohr   0.0
[INPUT]  2 Cl     2.724000000000   0.000000000000   0.000000000000 AA    5.147613963315   0.000000000000   0.000000000000 Bohr   0.0
[INPUT]  3 Cl    -2.724000000000   0.000000000000   0.000000000000 AA   -5.147613963315   0.000000000000   0.000000000000 Bohr   0.0
[INPUT]  4 Cl     0.000000000000   2.724000000000   0.000000000000 AA    0.000000000000   5.147613963315   0.000000000000 Bohr   0.0
[INPUT]  5 Cl     0.000000000000  -2.724000000000   0.000000000000 AA    0.000000000000  -5.147613963315   0.000000000000 Bohr   0.0
[INPUT]  6 Cl     0.000000000000   0.000000000000   2.724000000000 AA    0.000000000000   0.000000000000   5.147613963315 Bohr   0.0
[INPUT]  7 Cl     0.000000000000   0.000000000000  -2.724000000000 AA    0.000000000000   0.000000000000  -5.147613963315 Bohr   0.0

nuclear repulsion = 1868.38919656687
number of shells = 16
number of NR pGTOs = 511
number of NR cGTOs = 89
basis = {'default': 'minao', 'Dy': 'cc-x2c-minao'}
ecp = {}
CPU time:         3.26
basis {'default': '631g', 'Dy': 'sarc-dkh'} 198
basis {'default': 'minao', 'Dy': 'cc-x2c-minao'} 89
(3, 89, 89) 89
Haar random target direction [-0.30901699437494734, 0.9510565162951536, 6.123233995736766e-17]
Haar random total rotation [0.     1.5708 1.885 ]
Rotated f-block dm by angles from +z [0.     1.5708 1.885 ]
Project wavefunction in a smaller basis to the target basis as init guess
(3, 198, 198) 198
elemental J of ['Cl' 'Dy']
  Cl 0.0001-0.0000j -0.0007+0.0000j 0.0310+0.0000j 
  Dy -2.3048-0.0000j 7.0934-0.0000j -0.0169-0.0000j 
J vector of initial guess [-2.3045-0.j  7.0927+0.j  0.0141-0.j]


******** <class 'pyscf.x2c.x2c.X2C1eGKS'> ********
method = X2C1eGKS
initial guess = minao
damping factor = 0
level_shift factor = 0
DIIS = <class 'pyscf.scf.diis.CDIIS'>
diis_start_cycle = 1
diis_space = 8
diis_damp = 0
SCF conv_tol = 1e-09
SCF conv_tol_grad = None
SCF max_cycles = 1000
direct_scf = True
direct_scf_tol = 1e-13
chkfile to save SCF result = gs_DyCl6.chk
max_memory 32000 MB (current use 165 MB)
XC library pyscf.dft.libxc version 6.1.0
    S. Lehtola, C. Steigemann, M. J.T. Oliveira, and M. A.L. Marques.,  SoftwareX 7, 1–5 (2018)
XC functionals = HF

radial grids: 
    Treutler-Ahlrichs [JCP 102, 346 (1995); DOI:10.1063/1.469408] (M4) radial grids
    
becke partition: Becke, JCP 88, 2547 (1988); DOI:10.1063/1.454033
pruning grids: <function nwchem_prune at 0x7fab45299e40>
grids dens level: 3
symmetrized grids: False
atomic radii adjust function: <function treutler_atomic_radii_adjust at 0x7fab4529a480>
small_rho_cutoff = 1e-07
collinear = col


******** <class 'pyscf.x2c.x2c.SpinOrbitalX2CHelper'> ********
approx = 1e
xuncontract = 1
Overwritten attributes  get_hcore  of <class 'pyscf.x2c.x2c.X2C1eGKS'>
Set gradient conv threshold to 3.16228e-05
tot grids = 134432
init E= -14971.0805367524
  HOMO = -0.283095677248073  LUMO = -0.0671704692205666
cycle= 1 E= -14978.6066285765  delta_E= -7.53  |g|= 1.62  |ddm|= 2.41
  HOMO = -0.29705615831763  LUMO = 0.124193617678022
cycle= 2 E= -14978.7096462663  delta_E= -0.103  |g|= 0.67  |ddm|= 1.11
  HOMO = -0.322232346988689  LUMO = 0.122303065789904
cycle= 3 E= -14978.7609668067  delta_E= -0.0513  |g|= 0.274  |ddm|= 0.511
  HOMO = -0.322403032468192  LUMO = 0.122631673372946
cycle= 4 E= -14978.7668781864  delta_E= -0.00591  |g|= 0.0215  |ddm|= 0.091
  HOMO = -0.323598157155543  LUMO = 0.122828064784722
cycle= 5 E= -14978.7670838257  delta_E= -0.000206  |g|= 0.00616  |ddm|= 0.0249
  HOMO = -0.32346463999208  LUMO = 0.122834617396204
cycle= 6 E= -14978.7671451989  delta_E= -6.14e-05  |g|= 0.00491  |ddm|= 0.0107
  HOMO = -0.323517562137238  LUMO = 0.122841174634168
cycle= 7 E= -14978.7672304  delta_E= -8.52e-05  |g|= 0.00364  |ddm|= 0.0144
  HOMO = -0.323381237232587  LUMO = 0.122838293206801
cycle= 8 E= -14978.767314004  delta_E= -8.36e-05  |g|= 0.00167  |ddm|= 0.0234
  HOMO = -0.323475479584285  LUMO = 0.122835334820166
cycle= 9 E= -14978.7673295914  delta_E= -1.56e-05  |g|= 0.000687  |ddm|= 0.0122
  HOMO = -0.323467851428885  LUMO = 0.122834561259635
cycle= 10 E= -14978.7673310021  delta_E= -1.41e-06  |g|= 0.000487  |ddm|= 0.00257
  HOMO = -0.323474226354017  LUMO = 0.122835031007796
cycle= 11 E= -14978.767331856  delta_E= -8.54e-07  |g|= 0.000395  |ddm|= 0.00159
  HOMO = -0.323472580043059  LUMO = 0.122835428475263
cycle= 12 E= -14978.7673325822  delta_E= -7.26e-07  |g|= 0.000353  |ddm|= 0.00138
  HOMO = -0.323475738317619  LUMO = 0.122834933095841
cycle= 13 E= -14978.7673333031  delta_E= -7.21e-07  |g|= 0.000333  |ddm|= 0.00149
  HOMO = -0.323470874084867  LUMO = 0.122834960551564
cycle= 14 E= -14978.7673338589  delta_E= -5.56e-07  |g|= 0.000325  |ddm|= 0.00118
  HOMO = -0.323471423049815  LUMO = 0.122835087371004
cycle= 15 E= -14978.7673345783  delta_E= -7.19e-07  |g|= 0.000316  |ddm|= 0.00156
  HOMO = -0.323470731429565  LUMO = 0.122834959635221
cycle= 16 E= -14978.7673366298  delta_E= -2.05e-06  |g|= 0.000296  |ddm|= 0.00472
  HOMO = -0.323469331142328  LUMO = 0.122835064056961
cycle= 17 E= -14978.7673384395  delta_E= -1.81e-06  |g|= 0.000285  |ddm|= 0.00455
  HOMO = -0.323470515534225  LUMO = 0.122834728586784
cycle= 18 E= -14978.7673393647  delta_E= -9.25e-07  |g|= 0.00028  |ddm|= 0.0024
  HOMO = -0.323469531024206  LUMO = 0.122834840932622
cycle= 19 E= -14978.7673402997  delta_E= -9.35e-07  |g|= 0.000276  |ddm|= 0.00243
  HOMO = -0.323468851505556  LUMO = 0.122834879290684
cycle= 20 E= -14978.7673409105  delta_E= -6.11e-07  |g|= 0.000275  |ddm|= 0.00159
  HOMO = -0.32346835261711  LUMO = 0.122834853333515
cycle= 21 E= -14978.7673413206  delta_E= -4.1e-07  |g|= 0.000274  |ddm|= 0.00105
  HOMO = -0.323468271176186  LUMO = 0.12283488762233
cycle= 22 E= -14978.7673419379  delta_E= -6.17e-07  |g|= 0.000273  |ddm|= 0.00157
  HOMO = -0.323467443999652  LUMO = 0.122834805234587
cycle= 23 E= -14978.7673427526  delta_E= -8.15e-07  |g|= 0.000272  |ddm|= 0.00208
  HOMO = -0.323467689070693  LUMO = 0.122834789170789
cycle= 24 E= -14978.7673433593  delta_E= -6.07e-07  |g|= 0.000272  |ddm|= 0.00155
  HOMO = -0.323467181111793  LUMO = 0.122834808626998
cycle= 25 E= -14978.7673440128  delta_E= -6.53e-07  |g|= 0.000272  |ddm|= 0.00167
  HOMO = -0.323466414666112  LUMO = 0.122834843172235
cycle= 26 E= -14978.7673451275  delta_E= -1.11e-06  |g|= 0.000271  |ddm|= 0.00285
  HOMO = -0.323466117358732  LUMO = 0.122834799523576
cycle= 27 E= -14978.7673462244  delta_E= -1.1e-06  |g|= 0.00027  |ddm|= 0.00281
  HOMO = -0.323465312969101  LUMO = 0.122834773655872
cycle= 28 E= -14978.7673474955  delta_E= -1.27e-06  |g|= 0.00027  |ddm|= 0.00327
  HOMO = -0.323464777887721  LUMO = 0.12283469717864
cycle= 29 E= -14978.7673494357  delta_E= -1.94e-06  |g|= 0.000269  |ddm|= 0.005
  HOMO = -0.323463729731072  LUMO = 0.122834778000744
cycle= 30 E= -14978.7673513989  delta_E= -1.96e-06  |g|= 0.000269  |ddm|= 0.00508
  HOMO = -0.323462177124531  LUMO = 0.122834746423943
cycle= 31 E= -14978.7673543964  delta_E= -3e-06  |g|= 0.000268  |ddm|= 0.00778
  HOMO = -0.323460586010836  LUMO = 0.122834763569104
cycle= 32 E= -14978.7673584362  delta_E= -4.04e-06  |g|= 0.000266  |ddm|= 0.0105
  HOMO = -0.323457822805979  LUMO = 0.12283464548456
cycle= 33 E= -14978.7673646083  delta_E= -6.17e-06  |g|= 0.000266  |ddm|= 0.0163
  HOMO = -0.323457795148473  LUMO = 0.12283464031499
cycle= 34 E= -14978.7673643829  delta_E= 2.25e-07  |g|= 0.000265  |ddm|= 0.000603
  HOMO = -0.323453764971185  LUMO = 0.12283460021182
cycle= 35 E= -14978.767372665  delta_E= -8.28e-06  |g|= 0.000278  |ddm|= 0.0222
  HOMO = -0.323454303987964  LUMO = 0.122834627332763
cycle= 36 E= -14978.7673719373  delta_E= 7.28e-07  |g|= 0.000265  |ddm|= 0.00199
  HOMO = -0.323452482026002  LUMO = 0.122834634458543
cycle= 37 E= -14978.7673745937  delta_E= -2.66e-06  |g|= 0.000265  |ddm|= 0.00718
  HOMO = -0.323450876491571  LUMO = 0.122834657495844
cycle= 38 E= -14978.7673799047  delta_E= -5.31e-06  |g|= 0.000271  |ddm|= 0.0145
  HOMO = -0.32345011817736  LUMO = 0.12283464250677
cycle= 39 E= -14978.7673806404  delta_E= -7.36e-07  |g|= 0.000257  |ddm|= 0.00205
  HOMO = -0.323448781627253  LUMO = 0.12283455880109
cycle= 40 E= -14978.7673831496  delta_E= -2.51e-06  |g|= 0.000262  |ddm|= 0.00693
  HOMO = -0.32344801022414  LUMO = 0.122834662063442
cycle= 41 E= -14978.7673849909  delta_E= -1.84e-06  |g|= 0.000254  |ddm|= 0.0051
  HOMO = -0.323444746451222  LUMO = 0.122834463459267
cycle= 42 E= -14978.7673906872  delta_E= -5.7e-06  |g|= 0.000274  |ddm|= 0.016
  HOMO = -0.323446289701484  LUMO = 0.122834603437438
cycle= 43 E= -14978.7673894591  delta_E= 1.23e-06  |g|= 0.000253  |ddm|= 0.00356
  HOMO = -0.323444147617684  LUMO = 0.122834569304691
cycle= 44 E= -14978.7673944189  delta_E= -4.96e-06  |g|= 0.000258  |ddm|= 0.0141
  HOMO = -0.323444215023113  LUMO = 0.122834506519194
cycle= 45 E= -14978.7673942611  delta_E= 1.58e-07  |g|= 0.000251  |ddm|= 0.000659
  HOMO = -0.323441318508233  LUMO = 0.122834435573219
cycle= 46 E= -14978.767399051  delta_E= -4.79e-06  |g|= 0.000246  |ddm|= 0.0138
  HOMO = -0.323440780548144  LUMO = 0.12283449288761
cycle= 47 E= -14978.7674009939  delta_E= -1.94e-06  |g|= 0.000258  |ddm|= 0.00563
  HOMO = -0.323438429949705  LUMO = 0.122834391642364
cycle= 48 E= -14978.7674052714  delta_E= -4.28e-06  |g|= 0.000248  |ddm|= 0.0126
  HOMO = -0.323440916030299  LUMO = 0.122834462341913
cycle= 49 E= -14978.7674032801  delta_E= 1.99e-06  |g|= 0.000369  |ddm|= 0.00606
  HOMO = -0.323436787532756  LUMO = 0.122834236163731
cycle= 50 E= -14978.7674121258  delta_E= -8.85e-06  |g|= 0.000246  |ddm|= 0.0263
  HOMO = -0.323435588463559  LUMO = 0.122834232685066
cycle= 51 E= -14978.7674134061  delta_E= -1.28e-06  |g|= 0.000244  |ddm|= 0.00387
  HOMO = -0.323433977282652  LUMO = 0.122834210795358
cycle= 52 E= -14978.7674172936  delta_E= -3.89e-06  |g|= 0.000234  |ddm|= 0.0119
  HOMO = -0.323429338413144  LUMO = 0.122834073406826
cycle= 53 E= -14978.7674253395  delta_E= -8.05e-06  |g|= 0.000229  |ddm|= 0.0251
  HOMO = -0.323425307282691  LUMO = 0.122833874741294
cycle= 54 E= -14978.7674348492  delta_E= -9.51e-06  |g|= 0.000237  |ddm|= 0.0308
  HOMO = -0.3234237359842  LUMO = 0.122833739113274
cycle= 55 E= -14978.7674405514  delta_E= -5.7e-06  |g|= 0.000219  |ddm|= 0.0191
  HOMO = -0.32341614558621  LUMO = 0.122833231118529
cycle= 56 E= -14978.767454461  delta_E= -1.39e-05  |g|= 0.000518  |ddm|= 0.0501
  HOMO = -0.323414543597716  LUMO = 0.122833230318643
cycle= 57 E= -14978.767458487  delta_E= -4.03e-06  |g|= 0.000304  |ddm|= 0.0148
  HOMO = -0.323412655188782  LUMO = 0.12283310044782
cycle= 58 E= -14978.7674628439  delta_E= -4.36e-06  |g|= 0.00041  |ddm|= 0.0172
  HOMO = -0.323412329218594  LUMO = 0.122833119825569
cycle= 59 E= -14978.7674646813  delta_E= -1.84e-06  |g|= 0.000216  |ddm|= 0.0071
  HOMO = -0.323406822891449  LUMO = 0.122832599756251
cycle= 60 E= -14978.7674769436  delta_E= -1.23e-05  |g|= 0.000716  |ddm|= 0.0535
  HOMO = -0.323406821964734  LUMO = 0.122832625249432
cycle= 61 E= -14978.7674776968  delta_E= -7.53e-07  |g|= 0.000676  |ddm|= 0.00326
  HOMO = -0.32340509308118  LUMO = 0.122832450039671
cycle= 62 E= -14978.7674801266  delta_E= -2.43e-06  |g|= 0.000935  |ddm|= 0.0126
  HOMO = -0.323406446701223  LUMO = 0.122832598679926
cycle= 63 E= -14978.767478835  delta_E= 1.29e-06  |g|= 0.000683  |ddm|= 0.00745
  HOMO = -0.323408442284086  LUMO = 0.122832866760554
cycle= 64 E= -14978.7674752131  delta_E= 3.62e-06  |g|= 0.000196  |ddm|= 0.0179
  HOMO = -0.323406735053439  LUMO = 0.122832639013746
cycle= 65 E= -14978.7674829535  delta_E= -7.74e-06  |g|= 0.000232  |ddm|= 0.0357
  HOMO = -0.32340515099667  LUMO = 0.122832590372591
cycle= 66 E= -14978.7674868184  delta_E= -3.86e-06  |g|= 0.000366  |ddm|= 0.0195
  HOMO = -0.323400848502393  LUMO = 0.122832146684072
cycle= 67 E= -14978.7674945522  delta_E= -7.73e-06  |g|= 0.000563  |ddm|= 0.0427
  HOMO = -0.323403396790521  LUMO = 0.12283254083944
cycle= 68 E= -14978.7674904328  delta_E= 4.12e-06  |g|= 0.000376  |ddm|= 0.024
  HOMO = -0.323400860630099  LUMO = 0.122832352410973
cycle= 69 E= -14978.7674940959  delta_E= -3.66e-06  |g|= 0.000181  |ddm|= 0.0198
  HOMO = -0.323396684559221  LUMO = 0.122831859894275
cycle= 70 E= -14978.767501447  delta_E= -7.35e-06  |g|= 0.000814  |ddm|= 0.049
  HOMO = -0.323396712244168  LUMO = 0.122831843680329
cycle= 71 E= -14978.7675021616  delta_E= -7.15e-07  |g|= 0.000585  |ddm|= 0.00351
  HOMO = -0.32339701264372  LUMO = 0.122831924844411
cycle= 72 E= -14978.767502427  delta_E= -2.65e-07  |g|= 0.000403  |ddm|= 0.00126
  HOMO = -0.323398555732978  LUMO = 0.122832120884495
cycle= 73 E= -14978.7675010721  delta_E= 1.35e-06  |g|= 0.000138  |ddm|= 0.0102
  HOMO = -0.323396656121498  LUMO = 0.12283197566735
cycle= 74 E= -14978.7675031999  delta_E= -2.13e-06  |g|= 0.000141  |ddm|= 0.0147
  HOMO = -0.323397052158303  LUMO = 0.122832006630562
cycle= 75 E= -14978.7675045192  delta_E= -1.32e-06  |g|= 0.000108  |ddm|= 0.00959
  HOMO = -0.323397017891833  LUMO = 0.122832001308516
cycle= 76 E= -14978.7675046831  delta_E= -1.64e-07  |g|= 0.000134  |ddm|= 0.0013
  HOMO = -0.323396348500636  LUMO = 0.122831934045263
cycle= 77 E= -14978.7675059797  delta_E= -1.3e-06  |g|= 0.000114  |ddm|= 0.00988
  HOMO = -0.323396181827566  LUMO = 0.122831935215998
cycle= 78 E= -14978.767506797  delta_E= -8.17e-07  |g|= 0.000105  |ddm|= 0.0064
  HOMO = -0.323395134867439  LUMO = 0.122831859260823
cycle= 79 E= -14978.7675081819  delta_E= -1.38e-06  |g|= 8.98e-05  |ddm|= 0.0114
  HOMO = -0.323394944131168  LUMO = 0.122831845418972
cycle= 80 E= -14978.7675089646  delta_E= -7.83e-07  |g|= 8.58e-05  |ddm|= 0.00678
  HOMO = -0.32339466088124  LUMO = 0.122831808858232
cycle= 81 E= -14978.7675096789  delta_E= -7.14e-07  |g|= 8.26e-05  |ddm|= 0.00646
  HOMO = -0.323394330143834  LUMO = 0.122831771759114
cycle= 82 E= -14978.767510703  delta_E= -1.02e-06  |g|= 9.21e-05  |ddm|= 0.00977
  HOMO = -0.323394525290005  LUMO = 0.12283180678599
cycle= 83 E= -14978.7675109253  delta_E= -2.22e-07  |g|= 9.92e-05  |ddm|= 0.00224
  HOMO = -0.323393730186638  LUMO = 0.122831740885562
cycle= 84 E= -14978.7675118369  delta_E= -9.12e-07  |g|= 7.29e-05  |ddm|= 0.00927
  HOMO = -0.323393631478895  LUMO = 0.122831739831219
cycle= 85 E= -14978.7675125757  delta_E= -7.39e-07  |g|= 6.79e-05  |ddm|= 0.00796
  HOMO = -0.323393350071619  LUMO = 0.122831702331393
cycle= 86 E= -14978.7675128581  delta_E= -2.82e-07  |g|= 6.73e-05  |ddm|= 0.00314
  HOMO = -0.323393269386279  LUMO = 0.122831683189892
cycle= 87 E= -14978.7675132582  delta_E= -4e-07  |g|= 6.38e-05  |ddm|= 0.0046
  HOMO = -0.323393352437267  LUMO = 0.122831693885366
cycle= 88 E= -14978.7675136123  delta_E= -3.54e-07  |g|= 6.09e-05  |ddm|= 0.00419
  HOMO = -0.323393081024464  LUMO = 0.122831674815936
cycle= 89 E= -14978.7675138877  delta_E= -2.75e-07  |g|= 5.94e-05  |ddm|= 0.00337
  HOMO = -0.323392923597388  LUMO = 0.122831673620648
cycle= 90 E= -14978.7675141807  delta_E= -2.93e-07  |g|= 5.76e-05  |ddm|= 0.00369
  HOMO = -0.323392809675117  LUMO = 0.122831656794955
cycle= 91 E= -14978.7675143927  delta_E= -2.12e-07  |g|= 5.64e-05  |ddm|= 0.00273
  HOMO = -0.323392482408853  LUMO = 0.122831622953009
cycle= 92 E= -14978.7675147189  delta_E= -3.26e-07  |g|= 5.65e-05  |ddm|= 0.00437
  HOMO = -0.323392695535399  LUMO = 0.122831649193406
cycle= 93 E= -14978.7675147199  delta_E= -1.04e-09  |g|= 5.39e-05  |ddm|= 0.00019
  HOMO = -0.323392702446757  LUMO = 0.122831646198669
cycle= 94 E= -14978.7675149136  delta_E= -1.94e-07  |g|= 5.24e-05  |ddm|= 0.00266
  HOMO = -0.323392554347983  LUMO = 0.12283164100617
cycle= 95 E= -14978.7675150915  delta_E= -1.78e-07  |g|= 5.13e-05  |ddm|= 0.00249
  HOMO = -0.32339252634513  LUMO = 0.122831634892332
cycle= 96 E= -14978.7675153443  delta_E= -2.53e-07  |g|= 4.97e-05  |ddm|= 0.00364
  HOMO = -0.323392241117705  LUMO = 0.122831605014939
cycle= 97 E= -14978.7675156836  delta_E= -3.39e-07  |g|= 4.79e-05  |ddm|= 0.0051
  HOMO = -0.323392142494222  LUMO = 0.122831600219522
cycle= 98 E= -14978.7675159476  delta_E= -2.64e-07  |g|= 4.6e-05  |ddm|= 0.00414
  HOMO = -0.323392216707386  LUMO = 0.122831601551038
cycle= 99 E= -14978.7675162231  delta_E= -2.76e-07  |g|= 4.44e-05  |ddm|= 0.00453
  HOMO = -0.323391950674392  LUMO = 0.122831582455212
cycle= 100 E= -14978.7675164176  delta_E= -1.95e-07  |g|= 4.3e-05  |ddm|= 0.00333
  HOMO = -0.323392203633451  LUMO = 0.122831604510652
cycle= 101 E= -14978.7675166359  delta_E= -2.18e-07  |g|= 4.15e-05  |ddm|= 0.00389
  HOMO = -0.323391862318363  LUMO = 0.122831566971774
cycle= 102 E= -14978.7675170095  delta_E= -3.74e-07  |g|= 4.01e-05  |ddm|= 0.0071
  HOMO = -0.323391717751201  LUMO = 0.122831559871266
cycle= 103 E= -14978.7675171557  delta_E= -1.46e-07  |g|= 3.74e-05  |ddm|= 0.00294
  HOMO = -0.323391573952587  LUMO = 0.122831549284769
cycle= 104 E= -14978.7675174148  delta_E= -2.59e-07  |g|= 3.62e-05  |ddm|= 0.00555
  HOMO = -0.323391497879988  LUMO = 0.122831543914281
cycle= 105 E= -14978.7675176458  delta_E= -2.31e-07  |g|= 3.33e-05  |ddm|= 0.00532
  HOMO = -0.323391532581889  LUMO = 0.122831541111617
cycle= 106 E= -14978.7675179151  delta_E= -2.69e-07  |g|= 3.21e-05  |ddm|= 0.00684
  HOMO = -0.323391608568642  LUMO = 0.122831547835964
cycle= 107 E= -14978.7675179923  delta_E= -7.73e-08  |g|= 2.91e-05  |ddm|= 0.00211
  HOMO = -0.323391422590998  LUMO = 0.12283153206662
cycle= 108 E= -14978.7675182066  delta_E= -2.14e-07  |g|= 2.66e-05  |ddm|= 0.00632
  HOMO = -0.323391265680809  LUMO = 0.122831522750736
cycle= 109 E= -14978.7675183106  delta_E= -1.04e-07  |g|= 2.48e-05  |ddm|= 0.00338
  HOMO = -0.323391237979433  LUMO = 0.122831522929224
cycle= 110 E= -14978.7675184045  delta_E= -9.39e-08  |g|= 2.3e-05  |ddm|= 0.00326
  HOMO = -0.323391082020797  LUMO = 0.122831514732193
cycle= 111 E= -14978.7675184967  delta_E= -9.23e-08  |g|= 2.1e-05  |ddm|= 0.00345
  HOMO = -0.323391281982519  LUMO = 0.122831522961377
cycle= 112 E= -14978.7675185792  delta_E= -8.25e-08  |g|= 1.91e-05  |ddm|= 0.00336
  HOMO = -0.323391241343857  LUMO = 0.122831517225845
cycle= 113 E= -14978.7675186116  delta_E= -3.24e-08  |g|= 1.83e-05  |ddm|= 0.00141
  HOMO = -0.323391153328708  LUMO = 0.122831519126295
cycle= 114 E= -14978.7675187009  delta_E= -8.93e-08  |g|= 1.61e-05  |ddm|= 0.00422
  HOMO = -0.32339104460496  LUMO = 0.122831503863269
cycle= 115 E= -14978.7675187604  delta_E= -5.95e-08  |g|= 1.51e-05  |ddm|= 0.00318
  HOMO = -0.323391071542711  LUMO = 0.122831511385666
cycle= 116 E= -14978.7675187915  delta_E= -3.11e-08  |g|= 1.37e-05  |ddm|= 0.00181
  HOMO = -0.323391074740786  LUMO = 0.12283150926076
cycle= 117 E= -14978.7675188218  delta_E= -3.03e-08  |g|= 1.26e-05  |ddm|= 0.00191
  HOMO = -0.323391116189152  LUMO = 0.122831509935916
cycle= 118 E= -14978.7675188655  delta_E= -4.37e-08  |g|= 1.12e-05  |ddm|= 0.00306
  HOMO = -0.323391120461105  LUMO = 0.122831506156089
cycle= 119 E= -14978.7675188955  delta_E= -3e-08  |g|= 1.02e-05  |ddm|= 0.0024
  HOMO = -0.3233910724283  LUMO = 0.122831506716593
cycle= 120 E= -14978.7675189284  delta_E= -3.29e-08  |g|= 9.03e-06  |ddm|= 0.00305
  HOMO = -0.323391022495618  LUMO = 0.122831504236585
cycle= 121 E= -14978.7675189456  delta_E= -1.71e-08  |g|= 7.98e-06  |ddm|= 0.00185
  HOMO = -0.323391013520759  LUMO = 0.122831503672125
cycle= 122 E= -14978.7675189653  delta_E= -1.98e-08  |g|= 6.94e-06  |ddm|= 0.00252
  HOMO = -0.323391023780883  LUMO = 0.122831503765797
cycle= 123 E= -14978.7675189735  delta_E= -8.2e-09  |g|= 6.09e-06  |ddm|= 0.00123
  HOMO = -0.323391042073921  LUMO = 0.122831504347856
cycle= 124 E= -14978.7675189803  delta_E= -6.79e-09  |g|= 5.39e-06  |ddm|= 0.00116
  HOMO = -0.323391063367563  LUMO = 0.122831504694241
cycle= 125 E= -14978.7675189842  delta_E= -3.88e-09  |g|= 4.9e-06  |ddm|= 0.000735
  HOMO = -0.323391035439141  LUMO = 0.122831504680662
cycle= 126 E= -14978.7675189885  delta_E= -4.33e-09  |g|= 4.18e-06  |ddm|= 0.000904
  HOMO = -0.32339101422984  LUMO = 0.122831502631185
cycle= 127 E= -14978.7675189917  delta_E= -3.25e-09  |g|= 3.75e-06  |ddm|= 0.000766
  HOMO = -0.32339103800022  LUMO = 0.122831504223181
cycle= 128 E= -14978.767518995  delta_E= -3.24e-09  |g|= 3.26e-06  |ddm|= 0.000892
  HOMO = -0.323391013790481  LUMO = 0.122831501549864
cycle= 129 E= -14978.7675189989  delta_E= -3.91e-09  |g|= 2.69e-06  |ddm|= 0.00132
  HOMO = -0.323391050721416  LUMO = 0.12283150434919
cycle= 130 E= -14978.7675190002  delta_E= -1.31e-09  |g|= 2.43e-06  |ddm|= 0.000559
  HOMO = -0.323391032514109  LUMO = 0.122831502467953
cycle= 131 E= -14978.7675190011  delta_E= -8.73e-10  |g|= 2.13e-06  |ddm|= 0.000429
  HOMO = -0.323391035637908  LUMO = 0.122831503583413
Extra cycle  E= -14978.7675190011  delta_E=    0  |g|= 2.05e-06  |ddm|= 2.27e-06
converged SCF energy = -14978.7675190011  <S^2> = 8.2691565  2S+1 = 5.8375188
(3, 198, 198) 198
S vector [-0.0028-0.j  2.3832+0.j -0.0003+0.j]
(3, 198, 198) 198
L vector [-0.0056+0.j  5.1165-0.j -0.0006+0.j]
(3, 198, 198) 198
J vector [-0.0084-0.j  7.4997-0.j -0.0009+0.j]
Tue Apr 15 10:58:06 PDT 2025
